[2024-05-16T00:57:58.654+0000] {processor.py:161} INFO - Started process (PID=83) to work on /home/airflow/.local/lib/python3.8/site-packages/airflow/example_dags/example_setup_teardown.py
[2024-05-16T00:57:58.656+0000] {processor.py:830} INFO - Processing file /home/airflow/.local/lib/python3.8/site-packages/airflow/example_dags/example_setup_teardown.py for tasks to queue
[2024-05-16T00:57:58.658+0000] {logging_mixin.py:188} INFO - [2024-05-16T00:57:58.658+0000] {dagbag.py:540} INFO - Filling up the DagBag from /home/airflow/.local/lib/python3.8/site-packages/airflow/example_dags/example_setup_teardown.py
[2024-05-16T00:57:58.665+0000] {processor.py:840} INFO - DAG(s) 'example_setup_teardown' retrieved from /home/airflow/.local/lib/python3.8/site-packages/airflow/example_dags/example_setup_teardown.py
[2024-05-16T00:57:58.688+0000] {logging_mixin.py:188} INFO - [2024-05-16T00:57:58.688+0000] {dag.py:3047} INFO - Sync 1 DAGs
[2024-05-16T00:57:58.715+0000] {logging_mixin.py:188} INFO - [2024-05-16T00:57:58.714+0000] {dag.py:3834} INFO - Setting next_dagrun for example_setup_teardown to 2024-05-15 00:00:00+00:00, run_after=2024-05-16 00:00:00+00:00
[2024-05-16T00:57:58.749+0000] {processor.py:183} INFO - Processing /home/airflow/.local/lib/python3.8/site-packages/airflow/example_dags/example_setup_teardown.py took 0.098 seconds
[2024-05-16T00:58:30.603+0000] {processor.py:161} INFO - Started process (PID=142) to work on /home/airflow/.local/lib/python3.8/site-packages/airflow/example_dags/example_setup_teardown.py
[2024-05-16T00:58:30.606+0000] {processor.py:830} INFO - Processing file /home/airflow/.local/lib/python3.8/site-packages/airflow/example_dags/example_setup_teardown.py for tasks to queue
[2024-05-16T00:58:30.611+0000] {logging_mixin.py:188} INFO - [2024-05-16T00:58:30.610+0000] {dagbag.py:540} INFO - Filling up the DagBag from /home/airflow/.local/lib/python3.8/site-packages/airflow/example_dags/example_setup_teardown.py
[2024-05-16T00:58:30.626+0000] {processor.py:840} INFO - DAG(s) 'example_setup_teardown' retrieved from /home/airflow/.local/lib/python3.8/site-packages/airflow/example_dags/example_setup_teardown.py
[2024-05-16T00:58:30.668+0000] {logging_mixin.py:188} INFO - [2024-05-16T00:58:30.667+0000] {dag.py:3047} INFO - Sync 1 DAGs
[2024-05-16T00:58:30.710+0000] {logging_mixin.py:188} INFO - [2024-05-16T00:58:30.710+0000] {dag.py:3834} INFO - Setting next_dagrun for example_setup_teardown to 2024-05-15 00:00:00+00:00, run_after=2024-05-16 00:00:00+00:00
[2024-05-16T00:58:30.754+0000] {processor.py:183} INFO - Processing /home/airflow/.local/lib/python3.8/site-packages/airflow/example_dags/example_setup_teardown.py took 0.157 seconds
[2024-05-16T00:59:01.419+0000] {processor.py:161} INFO - Started process (PID=201) to work on /home/airflow/.local/lib/python3.8/site-packages/airflow/example_dags/example_setup_teardown.py
[2024-05-16T00:59:01.421+0000] {processor.py:830} INFO - Processing file /home/airflow/.local/lib/python3.8/site-packages/airflow/example_dags/example_setup_teardown.py for tasks to queue
[2024-05-16T00:59:01.423+0000] {logging_mixin.py:188} INFO - [2024-05-16T00:59:01.423+0000] {dagbag.py:540} INFO - Filling up the DagBag from /home/airflow/.local/lib/python3.8/site-packages/airflow/example_dags/example_setup_teardown.py
[2024-05-16T00:59:01.428+0000] {processor.py:840} INFO - DAG(s) 'example_setup_teardown' retrieved from /home/airflow/.local/lib/python3.8/site-packages/airflow/example_dags/example_setup_teardown.py
[2024-05-16T00:59:01.447+0000] {logging_mixin.py:188} INFO - [2024-05-16T00:59:01.447+0000] {dag.py:3047} INFO - Sync 1 DAGs
[2024-05-16T00:59:01.472+0000] {logging_mixin.py:188} INFO - [2024-05-16T00:59:01.471+0000] {dag.py:3834} INFO - Setting next_dagrun for example_setup_teardown to 2024-05-15 00:00:00+00:00, run_after=2024-05-16 00:00:00+00:00
[2024-05-16T00:59:01.610+0000] {processor.py:183} INFO - Processing /home/airflow/.local/lib/python3.8/site-packages/airflow/example_dags/example_setup_teardown.py took 0.194 seconds
[2024-05-16T00:59:32.097+0000] {processor.py:161} INFO - Started process (PID=260) to work on /home/airflow/.local/lib/python3.8/site-packages/airflow/example_dags/example_setup_teardown.py
[2024-05-16T00:59:32.098+0000] {processor.py:830} INFO - Processing file /home/airflow/.local/lib/python3.8/site-packages/airflow/example_dags/example_setup_teardown.py for tasks to queue
[2024-05-16T00:59:32.101+0000] {logging_mixin.py:188} INFO - [2024-05-16T00:59:32.100+0000] {dagbag.py:540} INFO - Filling up the DagBag from /home/airflow/.local/lib/python3.8/site-packages/airflow/example_dags/example_setup_teardown.py
[2024-05-16T00:59:32.107+0000] {processor.py:840} INFO - DAG(s) 'example_setup_teardown' retrieved from /home/airflow/.local/lib/python3.8/site-packages/airflow/example_dags/example_setup_teardown.py
[2024-05-16T00:59:32.126+0000] {logging_mixin.py:188} INFO - [2024-05-16T00:59:32.126+0000] {dag.py:3047} INFO - Sync 1 DAGs
[2024-05-16T00:59:32.146+0000] {logging_mixin.py:188} INFO - [2024-05-16T00:59:32.146+0000] {dag.py:3834} INFO - Setting next_dagrun for example_setup_teardown to 2024-05-15 00:00:00+00:00, run_after=2024-05-16 00:00:00+00:00
[2024-05-16T00:59:32.175+0000] {processor.py:183} INFO - Processing /home/airflow/.local/lib/python3.8/site-packages/airflow/example_dags/example_setup_teardown.py took 0.081 seconds
[2024-05-16T01:00:02.481+0000] {processor.py:161} INFO - Started process (PID=319) to work on /home/airflow/.local/lib/python3.8/site-packages/airflow/example_dags/example_setup_teardown.py
[2024-05-16T01:00:02.483+0000] {processor.py:830} INFO - Processing file /home/airflow/.local/lib/python3.8/site-packages/airflow/example_dags/example_setup_teardown.py for tasks to queue
[2024-05-16T01:00:02.485+0000] {logging_mixin.py:188} INFO - [2024-05-16T01:00:02.485+0000] {dagbag.py:540} INFO - Filling up the DagBag from /home/airflow/.local/lib/python3.8/site-packages/airflow/example_dags/example_setup_teardown.py
[2024-05-16T01:00:02.492+0000] {processor.py:840} INFO - DAG(s) 'example_setup_teardown' retrieved from /home/airflow/.local/lib/python3.8/site-packages/airflow/example_dags/example_setup_teardown.py
[2024-05-16T01:00:02.510+0000] {logging_mixin.py:188} INFO - [2024-05-16T01:00:02.510+0000] {dag.py:3047} INFO - Sync 1 DAGs
[2024-05-16T01:00:02.529+0000] {logging_mixin.py:188} INFO - [2024-05-16T01:00:02.529+0000] {dag.py:3834} INFO - Setting next_dagrun for example_setup_teardown to 2024-05-15 00:00:00+00:00, run_after=2024-05-16 00:00:00+00:00
[2024-05-16T01:00:02.552+0000] {processor.py:183} INFO - Processing /home/airflow/.local/lib/python3.8/site-packages/airflow/example_dags/example_setup_teardown.py took 0.073 seconds
[2024-05-16T01:00:33.205+0000] {processor.py:161} INFO - Started process (PID=378) to work on /home/airflow/.local/lib/python3.8/site-packages/airflow/example_dags/example_setup_teardown.py
[2024-05-16T01:00:33.206+0000] {processor.py:830} INFO - Processing file /home/airflow/.local/lib/python3.8/site-packages/airflow/example_dags/example_setup_teardown.py for tasks to queue
[2024-05-16T01:00:33.208+0000] {logging_mixin.py:188} INFO - [2024-05-16T01:00:33.208+0000] {dagbag.py:540} INFO - Filling up the DagBag from /home/airflow/.local/lib/python3.8/site-packages/airflow/example_dags/example_setup_teardown.py
[2024-05-16T01:00:33.214+0000] {processor.py:840} INFO - DAG(s) 'example_setup_teardown' retrieved from /home/airflow/.local/lib/python3.8/site-packages/airflow/example_dags/example_setup_teardown.py
[2024-05-16T01:00:33.233+0000] {logging_mixin.py:188} INFO - [2024-05-16T01:00:33.233+0000] {dag.py:3047} INFO - Sync 1 DAGs
[2024-05-16T01:00:33.257+0000] {logging_mixin.py:188} INFO - [2024-05-16T01:00:33.257+0000] {dag.py:3834} INFO - Setting next_dagrun for example_setup_teardown to 2024-05-15 00:00:00+00:00, run_after=2024-05-16 00:00:00+00:00
[2024-05-16T01:00:33.280+0000] {processor.py:183} INFO - Processing /home/airflow/.local/lib/python3.8/site-packages/airflow/example_dags/example_setup_teardown.py took 0.078 seconds
[2024-05-16T01:01:04.366+0000] {processor.py:161} INFO - Started process (PID=437) to work on /home/airflow/.local/lib/python3.8/site-packages/airflow/example_dags/example_setup_teardown.py
[2024-05-16T01:01:04.368+0000] {processor.py:830} INFO - Processing file /home/airflow/.local/lib/python3.8/site-packages/airflow/example_dags/example_setup_teardown.py for tasks to queue
[2024-05-16T01:01:04.370+0000] {logging_mixin.py:188} INFO - [2024-05-16T01:01:04.369+0000] {dagbag.py:540} INFO - Filling up the DagBag from /home/airflow/.local/lib/python3.8/site-packages/airflow/example_dags/example_setup_teardown.py
[2024-05-16T01:01:04.377+0000] {processor.py:840} INFO - DAG(s) 'example_setup_teardown' retrieved from /home/airflow/.local/lib/python3.8/site-packages/airflow/example_dags/example_setup_teardown.py
[2024-05-16T01:01:04.398+0000] {logging_mixin.py:188} INFO - [2024-05-16T01:01:04.397+0000] {dag.py:3047} INFO - Sync 1 DAGs
[2024-05-16T01:01:04.418+0000] {logging_mixin.py:188} INFO - [2024-05-16T01:01:04.418+0000] {dag.py:3834} INFO - Setting next_dagrun for example_setup_teardown to 2024-05-15 00:00:00+00:00, run_after=2024-05-16 00:00:00+00:00
[2024-05-16T01:01:04.441+0000] {processor.py:183} INFO - Processing /home/airflow/.local/lib/python3.8/site-packages/airflow/example_dags/example_setup_teardown.py took 0.077 seconds
[2024-05-16T01:01:35.058+0000] {processor.py:161} INFO - Started process (PID=496) to work on /home/airflow/.local/lib/python3.8/site-packages/airflow/example_dags/example_setup_teardown.py
[2024-05-16T01:01:35.061+0000] {processor.py:830} INFO - Processing file /home/airflow/.local/lib/python3.8/site-packages/airflow/example_dags/example_setup_teardown.py for tasks to queue
[2024-05-16T01:01:35.064+0000] {logging_mixin.py:188} INFO - [2024-05-16T01:01:35.064+0000] {dagbag.py:540} INFO - Filling up the DagBag from /home/airflow/.local/lib/python3.8/site-packages/airflow/example_dags/example_setup_teardown.py
[2024-05-16T01:01:35.072+0000] {processor.py:840} INFO - DAG(s) 'example_setup_teardown' retrieved from /home/airflow/.local/lib/python3.8/site-packages/airflow/example_dags/example_setup_teardown.py
[2024-05-16T01:01:35.100+0000] {logging_mixin.py:188} INFO - [2024-05-16T01:01:35.100+0000] {dag.py:3047} INFO - Sync 1 DAGs
[2024-05-16T01:01:35.130+0000] {logging_mixin.py:188} INFO - [2024-05-16T01:01:35.130+0000] {dag.py:3834} INFO - Setting next_dagrun for example_setup_teardown to 2024-05-15 00:00:00+00:00, run_after=2024-05-16 00:00:00+00:00
[2024-05-16T01:01:35.164+0000] {processor.py:183} INFO - Processing /home/airflow/.local/lib/python3.8/site-packages/airflow/example_dags/example_setup_teardown.py took 0.110 seconds
[2024-05-16T01:02:05.314+0000] {processor.py:161} INFO - Started process (PID=554) to work on /home/airflow/.local/lib/python3.8/site-packages/airflow/example_dags/example_setup_teardown.py
[2024-05-16T01:02:05.316+0000] {processor.py:830} INFO - Processing file /home/airflow/.local/lib/python3.8/site-packages/airflow/example_dags/example_setup_teardown.py for tasks to queue
[2024-05-16T01:02:05.318+0000] {logging_mixin.py:188} INFO - [2024-05-16T01:02:05.318+0000] {dagbag.py:540} INFO - Filling up the DagBag from /home/airflow/.local/lib/python3.8/site-packages/airflow/example_dags/example_setup_teardown.py
[2024-05-16T01:02:05.325+0000] {processor.py:840} INFO - DAG(s) 'example_setup_teardown' retrieved from /home/airflow/.local/lib/python3.8/site-packages/airflow/example_dags/example_setup_teardown.py
[2024-05-16T01:02:05.347+0000] {logging_mixin.py:188} INFO - [2024-05-16T01:02:05.347+0000] {dag.py:3047} INFO - Sync 1 DAGs
[2024-05-16T01:02:05.367+0000] {logging_mixin.py:188} INFO - [2024-05-16T01:02:05.367+0000] {dag.py:3834} INFO - Setting next_dagrun for example_setup_teardown to 2024-05-15 00:00:00+00:00, run_after=2024-05-16 00:00:00+00:00
[2024-05-16T01:02:05.389+0000] {processor.py:183} INFO - Processing /home/airflow/.local/lib/python3.8/site-packages/airflow/example_dags/example_setup_teardown.py took 0.078 seconds
[2024-05-16T01:02:36.218+0000] {processor.py:161} INFO - Started process (PID=613) to work on /home/airflow/.local/lib/python3.8/site-packages/airflow/example_dags/example_setup_teardown.py
[2024-05-16T01:02:36.220+0000] {processor.py:830} INFO - Processing file /home/airflow/.local/lib/python3.8/site-packages/airflow/example_dags/example_setup_teardown.py for tasks to queue
[2024-05-16T01:02:36.222+0000] {logging_mixin.py:188} INFO - [2024-05-16T01:02:36.221+0000] {dagbag.py:540} INFO - Filling up the DagBag from /home/airflow/.local/lib/python3.8/site-packages/airflow/example_dags/example_setup_teardown.py
[2024-05-16T01:02:36.227+0000] {processor.py:840} INFO - DAG(s) 'example_setup_teardown' retrieved from /home/airflow/.local/lib/python3.8/site-packages/airflow/example_dags/example_setup_teardown.py
[2024-05-16T01:02:36.243+0000] {logging_mixin.py:188} INFO - [2024-05-16T01:02:36.243+0000] {dag.py:3047} INFO - Sync 1 DAGs
[2024-05-16T01:02:36.264+0000] {logging_mixin.py:188} INFO - [2024-05-16T01:02:36.264+0000] {dag.py:3834} INFO - Setting next_dagrun for example_setup_teardown to 2024-05-15 00:00:00+00:00, run_after=2024-05-16 00:00:00+00:00
[2024-05-16T01:02:36.293+0000] {processor.py:183} INFO - Processing /home/airflow/.local/lib/python3.8/site-packages/airflow/example_dags/example_setup_teardown.py took 0.085 seconds
[2024-05-16T01:03:06.511+0000] {processor.py:161} INFO - Started process (PID=671) to work on /home/airflow/.local/lib/python3.8/site-packages/airflow/example_dags/example_setup_teardown.py
[2024-05-16T01:03:06.513+0000] {processor.py:830} INFO - Processing file /home/airflow/.local/lib/python3.8/site-packages/airflow/example_dags/example_setup_teardown.py for tasks to queue
[2024-05-16T01:03:06.515+0000] {logging_mixin.py:188} INFO - [2024-05-16T01:03:06.515+0000] {dagbag.py:540} INFO - Filling up the DagBag from /home/airflow/.local/lib/python3.8/site-packages/airflow/example_dags/example_setup_teardown.py
[2024-05-16T01:03:06.522+0000] {processor.py:840} INFO - DAG(s) 'example_setup_teardown' retrieved from /home/airflow/.local/lib/python3.8/site-packages/airflow/example_dags/example_setup_teardown.py
[2024-05-16T01:03:06.549+0000] {logging_mixin.py:188} INFO - [2024-05-16T01:03:06.549+0000] {dag.py:3047} INFO - Sync 1 DAGs
[2024-05-16T01:03:06.567+0000] {logging_mixin.py:188} INFO - [2024-05-16T01:03:06.567+0000] {dag.py:3834} INFO - Setting next_dagrun for example_setup_teardown to 2024-05-15 00:00:00+00:00, run_after=2024-05-16 00:00:00+00:00
[2024-05-16T01:03:06.588+0000] {processor.py:183} INFO - Processing /home/airflow/.local/lib/python3.8/site-packages/airflow/example_dags/example_setup_teardown.py took 0.079 seconds
[2024-05-16T01:03:37.411+0000] {processor.py:161} INFO - Started process (PID=730) to work on /home/airflow/.local/lib/python3.8/site-packages/airflow/example_dags/example_setup_teardown.py
[2024-05-16T01:03:37.412+0000] {processor.py:830} INFO - Processing file /home/airflow/.local/lib/python3.8/site-packages/airflow/example_dags/example_setup_teardown.py for tasks to queue
[2024-05-16T01:03:37.414+0000] {logging_mixin.py:188} INFO - [2024-05-16T01:03:37.413+0000] {dagbag.py:540} INFO - Filling up the DagBag from /home/airflow/.local/lib/python3.8/site-packages/airflow/example_dags/example_setup_teardown.py
[2024-05-16T01:03:37.419+0000] {processor.py:840} INFO - DAG(s) 'example_setup_teardown' retrieved from /home/airflow/.local/lib/python3.8/site-packages/airflow/example_dags/example_setup_teardown.py
[2024-05-16T01:03:37.438+0000] {logging_mixin.py:188} INFO - [2024-05-16T01:03:37.438+0000] {dag.py:3047} INFO - Sync 1 DAGs
[2024-05-16T01:03:37.457+0000] {logging_mixin.py:188} INFO - [2024-05-16T01:03:37.457+0000] {dag.py:3834} INFO - Setting next_dagrun for example_setup_teardown to 2024-05-15 00:00:00+00:00, run_after=2024-05-16 00:00:00+00:00
[2024-05-16T01:03:37.505+0000] {processor.py:183} INFO - Processing /home/airflow/.local/lib/python3.8/site-packages/airflow/example_dags/example_setup_teardown.py took 0.097 seconds
[2024-05-16T01:04:08.579+0000] {processor.py:161} INFO - Started process (PID=789) to work on /home/airflow/.local/lib/python3.8/site-packages/airflow/example_dags/example_setup_teardown.py
[2024-05-16T01:04:08.581+0000] {processor.py:830} INFO - Processing file /home/airflow/.local/lib/python3.8/site-packages/airflow/example_dags/example_setup_teardown.py for tasks to queue
[2024-05-16T01:04:08.582+0000] {logging_mixin.py:188} INFO - [2024-05-16T01:04:08.582+0000] {dagbag.py:540} INFO - Filling up the DagBag from /home/airflow/.local/lib/python3.8/site-packages/airflow/example_dags/example_setup_teardown.py
[2024-05-16T01:04:08.589+0000] {processor.py:840} INFO - DAG(s) 'example_setup_teardown' retrieved from /home/airflow/.local/lib/python3.8/site-packages/airflow/example_dags/example_setup_teardown.py
[2024-05-16T01:04:08.610+0000] {logging_mixin.py:188} INFO - [2024-05-16T01:04:08.610+0000] {dag.py:3047} INFO - Sync 1 DAGs
[2024-05-16T01:04:08.632+0000] {logging_mixin.py:188} INFO - [2024-05-16T01:04:08.632+0000] {dag.py:3834} INFO - Setting next_dagrun for example_setup_teardown to 2024-05-15 00:00:00+00:00, run_after=2024-05-16 00:00:00+00:00
[2024-05-16T01:04:08.659+0000] {processor.py:183} INFO - Processing /home/airflow/.local/lib/python3.8/site-packages/airflow/example_dags/example_setup_teardown.py took 0.084 seconds
[2024-05-16T01:04:39.970+0000] {processor.py:161} INFO - Started process (PID=848) to work on /home/airflow/.local/lib/python3.8/site-packages/airflow/example_dags/example_setup_teardown.py
[2024-05-16T01:04:39.975+0000] {processor.py:830} INFO - Processing file /home/airflow/.local/lib/python3.8/site-packages/airflow/example_dags/example_setup_teardown.py for tasks to queue
[2024-05-16T01:04:39.977+0000] {logging_mixin.py:188} INFO - [2024-05-16T01:04:39.977+0000] {dagbag.py:540} INFO - Filling up the DagBag from /home/airflow/.local/lib/python3.8/site-packages/airflow/example_dags/example_setup_teardown.py
[2024-05-16T01:04:39.987+0000] {processor.py:840} INFO - DAG(s) 'example_setup_teardown' retrieved from /home/airflow/.local/lib/python3.8/site-packages/airflow/example_dags/example_setup_teardown.py
[2024-05-16T01:04:40.024+0000] {logging_mixin.py:188} INFO - [2024-05-16T01:04:40.023+0000] {dag.py:3047} INFO - Sync 1 DAGs
[2024-05-16T01:04:40.066+0000] {logging_mixin.py:188} INFO - [2024-05-16T01:04:40.065+0000] {dag.py:3834} INFO - Setting next_dagrun for example_setup_teardown to 2024-05-15 00:00:00+00:00, run_after=2024-05-16 00:00:00+00:00
[2024-05-16T01:04:40.101+0000] {processor.py:183} INFO - Processing /home/airflow/.local/lib/python3.8/site-packages/airflow/example_dags/example_setup_teardown.py took 0.135 seconds
[2024-05-16T01:05:10.390+0000] {processor.py:161} INFO - Started process (PID=908) to work on /home/airflow/.local/lib/python3.8/site-packages/airflow/example_dags/example_setup_teardown.py
[2024-05-16T01:05:10.392+0000] {processor.py:830} INFO - Processing file /home/airflow/.local/lib/python3.8/site-packages/airflow/example_dags/example_setup_teardown.py for tasks to queue
[2024-05-16T01:05:10.394+0000] {logging_mixin.py:188} INFO - [2024-05-16T01:05:10.394+0000] {dagbag.py:540} INFO - Filling up the DagBag from /home/airflow/.local/lib/python3.8/site-packages/airflow/example_dags/example_setup_teardown.py
[2024-05-16T01:05:10.403+0000] {processor.py:840} INFO - DAG(s) 'example_setup_teardown' retrieved from /home/airflow/.local/lib/python3.8/site-packages/airflow/example_dags/example_setup_teardown.py
[2024-05-16T01:05:10.432+0000] {logging_mixin.py:188} INFO - [2024-05-16T01:05:10.432+0000] {dag.py:3047} INFO - Sync 1 DAGs
[2024-05-16T01:05:10.461+0000] {logging_mixin.py:188} INFO - [2024-05-16T01:05:10.460+0000] {dag.py:3834} INFO - Setting next_dagrun for example_setup_teardown to 2024-05-15 00:00:00+00:00, run_after=2024-05-16 00:00:00+00:00
[2024-05-16T01:05:10.491+0000] {processor.py:183} INFO - Processing /home/airflow/.local/lib/python3.8/site-packages/airflow/example_dags/example_setup_teardown.py took 0.106 seconds
[2024-05-16T01:05:40.884+0000] {processor.py:161} INFO - Started process (PID=973) to work on /home/airflow/.local/lib/python3.8/site-packages/airflow/example_dags/example_setup_teardown.py
[2024-05-16T01:05:40.885+0000] {processor.py:830} INFO - Processing file /home/airflow/.local/lib/python3.8/site-packages/airflow/example_dags/example_setup_teardown.py for tasks to queue
[2024-05-16T01:05:40.887+0000] {logging_mixin.py:188} INFO - [2024-05-16T01:05:40.887+0000] {dagbag.py:540} INFO - Filling up the DagBag from /home/airflow/.local/lib/python3.8/site-packages/airflow/example_dags/example_setup_teardown.py
[2024-05-16T01:05:40.892+0000] {processor.py:840} INFO - DAG(s) 'example_setup_teardown' retrieved from /home/airflow/.local/lib/python3.8/site-packages/airflow/example_dags/example_setup_teardown.py
[2024-05-16T01:05:40.910+0000] {logging_mixin.py:188} INFO - [2024-05-16T01:05:40.909+0000] {dag.py:3047} INFO - Sync 1 DAGs
[2024-05-16T01:05:40.928+0000] {logging_mixin.py:188} INFO - [2024-05-16T01:05:40.928+0000] {dag.py:3834} INFO - Setting next_dagrun for example_setup_teardown to 2024-05-15 00:00:00+00:00, run_after=2024-05-16 00:00:00+00:00
[2024-05-16T01:05:40.947+0000] {processor.py:183} INFO - Processing /home/airflow/.local/lib/python3.8/site-packages/airflow/example_dags/example_setup_teardown.py took 0.066 seconds
[2024-05-16T01:06:11.721+0000] {processor.py:161} INFO - Started process (PID=1032) to work on /home/airflow/.local/lib/python3.8/site-packages/airflow/example_dags/example_setup_teardown.py
[2024-05-16T01:06:11.723+0000] {processor.py:830} INFO - Processing file /home/airflow/.local/lib/python3.8/site-packages/airflow/example_dags/example_setup_teardown.py for tasks to queue
[2024-05-16T01:06:11.725+0000] {logging_mixin.py:188} INFO - [2024-05-16T01:06:11.725+0000] {dagbag.py:540} INFO - Filling up the DagBag from /home/airflow/.local/lib/python3.8/site-packages/airflow/example_dags/example_setup_teardown.py
[2024-05-16T01:06:11.733+0000] {processor.py:840} INFO - DAG(s) 'example_setup_teardown' retrieved from /home/airflow/.local/lib/python3.8/site-packages/airflow/example_dags/example_setup_teardown.py
[2024-05-16T01:06:11.755+0000] {logging_mixin.py:188} INFO - [2024-05-16T01:06:11.755+0000] {dag.py:3047} INFO - Sync 1 DAGs
[2024-05-16T01:06:11.788+0000] {logging_mixin.py:188} INFO - [2024-05-16T01:06:11.788+0000] {dag.py:3834} INFO - Setting next_dagrun for example_setup_teardown to 2024-05-15 00:00:00+00:00, run_after=2024-05-16 00:00:00+00:00
[2024-05-16T01:06:11.817+0000] {processor.py:183} INFO - Processing /home/airflow/.local/lib/python3.8/site-packages/airflow/example_dags/example_setup_teardown.py took 0.101 seconds
[2024-05-16T01:06:42.340+0000] {processor.py:161} INFO - Started process (PID=1091) to work on /home/airflow/.local/lib/python3.8/site-packages/airflow/example_dags/example_setup_teardown.py
[2024-05-16T01:06:42.342+0000] {processor.py:830} INFO - Processing file /home/airflow/.local/lib/python3.8/site-packages/airflow/example_dags/example_setup_teardown.py for tasks to queue
[2024-05-16T01:06:42.345+0000] {logging_mixin.py:188} INFO - [2024-05-16T01:06:42.344+0000] {dagbag.py:540} INFO - Filling up the DagBag from /home/airflow/.local/lib/python3.8/site-packages/airflow/example_dags/example_setup_teardown.py
[2024-05-16T01:06:42.352+0000] {processor.py:840} INFO - DAG(s) 'example_setup_teardown' retrieved from /home/airflow/.local/lib/python3.8/site-packages/airflow/example_dags/example_setup_teardown.py
[2024-05-16T01:06:42.372+0000] {logging_mixin.py:188} INFO - [2024-05-16T01:06:42.372+0000] {dag.py:3047} INFO - Sync 1 DAGs
[2024-05-16T01:06:42.391+0000] {logging_mixin.py:188} INFO - [2024-05-16T01:06:42.391+0000] {dag.py:3834} INFO - Setting next_dagrun for example_setup_teardown to 2024-05-15 00:00:00+00:00, run_after=2024-05-16 00:00:00+00:00
[2024-05-16T01:06:42.415+0000] {processor.py:183} INFO - Processing /home/airflow/.local/lib/python3.8/site-packages/airflow/example_dags/example_setup_teardown.py took 0.078 seconds
[2024-05-16T01:07:13.192+0000] {processor.py:161} INFO - Started process (PID=1150) to work on /home/airflow/.local/lib/python3.8/site-packages/airflow/example_dags/example_setup_teardown.py
[2024-05-16T01:07:13.193+0000] {processor.py:830} INFO - Processing file /home/airflow/.local/lib/python3.8/site-packages/airflow/example_dags/example_setup_teardown.py for tasks to queue
[2024-05-16T01:07:13.195+0000] {logging_mixin.py:188} INFO - [2024-05-16T01:07:13.194+0000] {dagbag.py:540} INFO - Filling up the DagBag from /home/airflow/.local/lib/python3.8/site-packages/airflow/example_dags/example_setup_teardown.py
[2024-05-16T01:07:13.201+0000] {processor.py:840} INFO - DAG(s) 'example_setup_teardown' retrieved from /home/airflow/.local/lib/python3.8/site-packages/airflow/example_dags/example_setup_teardown.py
[2024-05-16T01:07:13.219+0000] {logging_mixin.py:188} INFO - [2024-05-16T01:07:13.219+0000] {dag.py:3047} INFO - Sync 1 DAGs
[2024-05-16T01:07:13.237+0000] {logging_mixin.py:188} INFO - [2024-05-16T01:07:13.237+0000] {dag.py:3834} INFO - Setting next_dagrun for example_setup_teardown to 2024-05-15 00:00:00+00:00, run_after=2024-05-16 00:00:00+00:00
[2024-05-16T01:07:13.261+0000] {processor.py:183} INFO - Processing /home/airflow/.local/lib/python3.8/site-packages/airflow/example_dags/example_setup_teardown.py took 0.071 seconds
[2024-05-16T01:07:44.158+0000] {processor.py:161} INFO - Started process (PID=1208) to work on /home/airflow/.local/lib/python3.8/site-packages/airflow/example_dags/example_setup_teardown.py
[2024-05-16T01:07:44.160+0000] {processor.py:830} INFO - Processing file /home/airflow/.local/lib/python3.8/site-packages/airflow/example_dags/example_setup_teardown.py for tasks to queue
[2024-05-16T01:07:44.163+0000] {logging_mixin.py:188} INFO - [2024-05-16T01:07:44.162+0000] {dagbag.py:540} INFO - Filling up the DagBag from /home/airflow/.local/lib/python3.8/site-packages/airflow/example_dags/example_setup_teardown.py
[2024-05-16T01:07:44.171+0000] {processor.py:840} INFO - DAG(s) 'example_setup_teardown' retrieved from /home/airflow/.local/lib/python3.8/site-packages/airflow/example_dags/example_setup_teardown.py
[2024-05-16T01:07:44.204+0000] {logging_mixin.py:188} INFO - [2024-05-16T01:07:44.203+0000] {dag.py:3047} INFO - Sync 1 DAGs
[2024-05-16T01:07:44.230+0000] {logging_mixin.py:188} INFO - [2024-05-16T01:07:44.230+0000] {dag.py:3834} INFO - Setting next_dagrun for example_setup_teardown to 2024-05-15 00:00:00+00:00, run_after=2024-05-16 00:00:00+00:00
[2024-05-16T01:07:44.262+0000] {processor.py:183} INFO - Processing /home/airflow/.local/lib/python3.8/site-packages/airflow/example_dags/example_setup_teardown.py took 0.109 seconds
[2024-05-16T01:08:14.607+0000] {processor.py:161} INFO - Started process (PID=1267) to work on /home/airflow/.local/lib/python3.8/site-packages/airflow/example_dags/example_setup_teardown.py
[2024-05-16T01:08:14.608+0000] {processor.py:830} INFO - Processing file /home/airflow/.local/lib/python3.8/site-packages/airflow/example_dags/example_setup_teardown.py for tasks to queue
[2024-05-16T01:08:14.610+0000] {logging_mixin.py:188} INFO - [2024-05-16T01:08:14.610+0000] {dagbag.py:540} INFO - Filling up the DagBag from /home/airflow/.local/lib/python3.8/site-packages/airflow/example_dags/example_setup_teardown.py
[2024-05-16T01:08:14.617+0000] {processor.py:840} INFO - DAG(s) 'example_setup_teardown' retrieved from /home/airflow/.local/lib/python3.8/site-packages/airflow/example_dags/example_setup_teardown.py
[2024-05-16T01:08:14.639+0000] {logging_mixin.py:188} INFO - [2024-05-16T01:08:14.639+0000] {dag.py:3047} INFO - Sync 1 DAGs
[2024-05-16T01:08:14.659+0000] {logging_mixin.py:188} INFO - [2024-05-16T01:08:14.659+0000] {dag.py:3834} INFO - Setting next_dagrun for example_setup_teardown to 2024-05-15 00:00:00+00:00, run_after=2024-05-16 00:00:00+00:00
[2024-05-16T01:08:14.678+0000] {processor.py:183} INFO - Processing /home/airflow/.local/lib/python3.8/site-packages/airflow/example_dags/example_setup_teardown.py took 0.074 seconds
[2024-05-16T01:08:46.018+0000] {processor.py:161} INFO - Started process (PID=1326) to work on /home/airflow/.local/lib/python3.8/site-packages/airflow/example_dags/example_setup_teardown.py
[2024-05-16T01:08:46.020+0000] {processor.py:830} INFO - Processing file /home/airflow/.local/lib/python3.8/site-packages/airflow/example_dags/example_setup_teardown.py for tasks to queue
[2024-05-16T01:08:46.024+0000] {logging_mixin.py:188} INFO - [2024-05-16T01:08:46.023+0000] {dagbag.py:540} INFO - Filling up the DagBag from /home/airflow/.local/lib/python3.8/site-packages/airflow/example_dags/example_setup_teardown.py
[2024-05-16T01:08:46.038+0000] {processor.py:840} INFO - DAG(s) 'example_setup_teardown' retrieved from /home/airflow/.local/lib/python3.8/site-packages/airflow/example_dags/example_setup_teardown.py
[2024-05-16T01:08:46.076+0000] {logging_mixin.py:188} INFO - [2024-05-16T01:08:46.075+0000] {dag.py:3047} INFO - Sync 1 DAGs
[2024-05-16T01:08:46.115+0000] {logging_mixin.py:188} INFO - [2024-05-16T01:08:46.115+0000] {dag.py:3834} INFO - Setting next_dagrun for example_setup_teardown to 2024-05-15 00:00:00+00:00, run_after=2024-05-16 00:00:00+00:00
[2024-05-16T01:08:46.158+0000] {processor.py:183} INFO - Processing /home/airflow/.local/lib/python3.8/site-packages/airflow/example_dags/example_setup_teardown.py took 0.145 seconds
[2024-05-16T01:09:16.594+0000] {processor.py:161} INFO - Started process (PID=1385) to work on /home/airflow/.local/lib/python3.8/site-packages/airflow/example_dags/example_setup_teardown.py
[2024-05-16T01:09:16.596+0000] {processor.py:830} INFO - Processing file /home/airflow/.local/lib/python3.8/site-packages/airflow/example_dags/example_setup_teardown.py for tasks to queue
[2024-05-16T01:09:16.599+0000] {logging_mixin.py:188} INFO - [2024-05-16T01:09:16.599+0000] {dagbag.py:540} INFO - Filling up the DagBag from /home/airflow/.local/lib/python3.8/site-packages/airflow/example_dags/example_setup_teardown.py
[2024-05-16T01:09:16.607+0000] {processor.py:840} INFO - DAG(s) 'example_setup_teardown' retrieved from /home/airflow/.local/lib/python3.8/site-packages/airflow/example_dags/example_setup_teardown.py
[2024-05-16T01:09:16.635+0000] {logging_mixin.py:188} INFO - [2024-05-16T01:09:16.634+0000] {dag.py:3047} INFO - Sync 1 DAGs
[2024-05-16T01:09:16.662+0000] {logging_mixin.py:188} INFO - [2024-05-16T01:09:16.662+0000] {dag.py:3834} INFO - Setting next_dagrun for example_setup_teardown to 2024-05-15 00:00:00+00:00, run_after=2024-05-16 00:00:00+00:00
[2024-05-16T01:09:16.691+0000] {processor.py:183} INFO - Processing /home/airflow/.local/lib/python3.8/site-packages/airflow/example_dags/example_setup_teardown.py took 0.101 seconds
[2024-05-16T01:09:47.314+0000] {processor.py:161} INFO - Started process (PID=1444) to work on /home/airflow/.local/lib/python3.8/site-packages/airflow/example_dags/example_setup_teardown.py
[2024-05-16T01:09:47.315+0000] {processor.py:830} INFO - Processing file /home/airflow/.local/lib/python3.8/site-packages/airflow/example_dags/example_setup_teardown.py for tasks to queue
[2024-05-16T01:09:47.317+0000] {logging_mixin.py:188} INFO - [2024-05-16T01:09:47.317+0000] {dagbag.py:540} INFO - Filling up the DagBag from /home/airflow/.local/lib/python3.8/site-packages/airflow/example_dags/example_setup_teardown.py
[2024-05-16T01:09:47.324+0000] {processor.py:840} INFO - DAG(s) 'example_setup_teardown' retrieved from /home/airflow/.local/lib/python3.8/site-packages/airflow/example_dags/example_setup_teardown.py
[2024-05-16T01:09:47.346+0000] {logging_mixin.py:188} INFO - [2024-05-16T01:09:47.345+0000] {dag.py:3047} INFO - Sync 1 DAGs
[2024-05-16T01:09:47.363+0000] {logging_mixin.py:188} INFO - [2024-05-16T01:09:47.363+0000] {dag.py:3834} INFO - Setting next_dagrun for example_setup_teardown to 2024-05-15 00:00:00+00:00, run_after=2024-05-16 00:00:00+00:00
[2024-05-16T01:09:47.419+0000] {processor.py:183} INFO - Processing /home/airflow/.local/lib/python3.8/site-packages/airflow/example_dags/example_setup_teardown.py took 0.108 seconds
[2024-05-16T01:10:18.018+0000] {processor.py:161} INFO - Started process (PID=1503) to work on /home/airflow/.local/lib/python3.8/site-packages/airflow/example_dags/example_setup_teardown.py
[2024-05-16T01:10:18.019+0000] {processor.py:830} INFO - Processing file /home/airflow/.local/lib/python3.8/site-packages/airflow/example_dags/example_setup_teardown.py for tasks to queue
[2024-05-16T01:10:18.021+0000] {logging_mixin.py:188} INFO - [2024-05-16T01:10:18.021+0000] {dagbag.py:540} INFO - Filling up the DagBag from /home/airflow/.local/lib/python3.8/site-packages/airflow/example_dags/example_setup_teardown.py
[2024-05-16T01:10:18.028+0000] {processor.py:840} INFO - DAG(s) 'example_setup_teardown' retrieved from /home/airflow/.local/lib/python3.8/site-packages/airflow/example_dags/example_setup_teardown.py
[2024-05-16T01:10:18.049+0000] {logging_mixin.py:188} INFO - [2024-05-16T01:10:18.049+0000] {dag.py:3047} INFO - Sync 1 DAGs
[2024-05-16T01:10:18.071+0000] {logging_mixin.py:188} INFO - [2024-05-16T01:10:18.071+0000] {dag.py:3834} INFO - Setting next_dagrun for example_setup_teardown to 2024-05-15 00:00:00+00:00, run_after=2024-05-16 00:00:00+00:00
[2024-05-16T01:10:18.092+0000] {processor.py:183} INFO - Processing /home/airflow/.local/lib/python3.8/site-packages/airflow/example_dags/example_setup_teardown.py took 0.077 seconds
[2024-05-16T01:10:48.653+0000] {processor.py:161} INFO - Started process (PID=1562) to work on /home/airflow/.local/lib/python3.8/site-packages/airflow/example_dags/example_setup_teardown.py
[2024-05-16T01:10:48.655+0000] {processor.py:830} INFO - Processing file /home/airflow/.local/lib/python3.8/site-packages/airflow/example_dags/example_setup_teardown.py for tasks to queue
[2024-05-16T01:10:48.656+0000] {logging_mixin.py:188} INFO - [2024-05-16T01:10:48.656+0000] {dagbag.py:540} INFO - Filling up the DagBag from /home/airflow/.local/lib/python3.8/site-packages/airflow/example_dags/example_setup_teardown.py
[2024-05-16T01:10:48.662+0000] {processor.py:840} INFO - DAG(s) 'example_setup_teardown' retrieved from /home/airflow/.local/lib/python3.8/site-packages/airflow/example_dags/example_setup_teardown.py
[2024-05-16T01:10:48.684+0000] {logging_mixin.py:188} INFO - [2024-05-16T01:10:48.684+0000] {dag.py:3047} INFO - Sync 1 DAGs
[2024-05-16T01:10:48.704+0000] {logging_mixin.py:188} INFO - [2024-05-16T01:10:48.703+0000] {dag.py:3834} INFO - Setting next_dagrun for example_setup_teardown to 2024-05-15 00:00:00+00:00, run_after=2024-05-16 00:00:00+00:00
[2024-05-16T01:10:48.723+0000] {processor.py:183} INFO - Processing /home/airflow/.local/lib/python3.8/site-packages/airflow/example_dags/example_setup_teardown.py took 0.072 seconds
[2024-05-16T01:11:18.790+0000] {processor.py:161} INFO - Started process (PID=1619) to work on /home/airflow/.local/lib/python3.8/site-packages/airflow/example_dags/example_setup_teardown.py
[2024-05-16T01:11:18.791+0000] {processor.py:830} INFO - Processing file /home/airflow/.local/lib/python3.8/site-packages/airflow/example_dags/example_setup_teardown.py for tasks to queue
[2024-05-16T01:11:18.792+0000] {logging_mixin.py:188} INFO - [2024-05-16T01:11:18.792+0000] {dagbag.py:540} INFO - Filling up the DagBag from /home/airflow/.local/lib/python3.8/site-packages/airflow/example_dags/example_setup_teardown.py
[2024-05-16T01:11:18.797+0000] {processor.py:840} INFO - DAG(s) 'example_setup_teardown' retrieved from /home/airflow/.local/lib/python3.8/site-packages/airflow/example_dags/example_setup_teardown.py
[2024-05-16T01:11:18.814+0000] {logging_mixin.py:188} INFO - [2024-05-16T01:11:18.814+0000] {dag.py:3047} INFO - Sync 1 DAGs
[2024-05-16T01:11:18.833+0000] {logging_mixin.py:188} INFO - [2024-05-16T01:11:18.833+0000] {dag.py:3834} INFO - Setting next_dagrun for example_setup_teardown to 2024-05-15 00:00:00+00:00, run_after=2024-05-16 00:00:00+00:00
[2024-05-16T01:11:18.941+0000] {processor.py:183} INFO - Processing /home/airflow/.local/lib/python3.8/site-packages/airflow/example_dags/example_setup_teardown.py took 0.153 seconds
[2024-05-16T01:11:49.814+0000] {processor.py:161} INFO - Started process (PID=1679) to work on /home/airflow/.local/lib/python3.8/site-packages/airflow/example_dags/example_setup_teardown.py
[2024-05-16T01:11:49.815+0000] {processor.py:830} INFO - Processing file /home/airflow/.local/lib/python3.8/site-packages/airflow/example_dags/example_setup_teardown.py for tasks to queue
[2024-05-16T01:11:49.817+0000] {logging_mixin.py:188} INFO - [2024-05-16T01:11:49.816+0000] {dagbag.py:540} INFO - Filling up the DagBag from /home/airflow/.local/lib/python3.8/site-packages/airflow/example_dags/example_setup_teardown.py
[2024-05-16T01:11:49.823+0000] {processor.py:840} INFO - DAG(s) 'example_setup_teardown' retrieved from /home/airflow/.local/lib/python3.8/site-packages/airflow/example_dags/example_setup_teardown.py
[2024-05-16T01:11:49.843+0000] {logging_mixin.py:188} INFO - [2024-05-16T01:11:49.842+0000] {dag.py:3047} INFO - Sync 1 DAGs
[2024-05-16T01:11:49.860+0000] {logging_mixin.py:188} INFO - [2024-05-16T01:11:49.860+0000] {dag.py:3834} INFO - Setting next_dagrun for example_setup_teardown to 2024-05-15 00:00:00+00:00, run_after=2024-05-16 00:00:00+00:00
[2024-05-16T01:11:49.880+0000] {processor.py:183} INFO - Processing /home/airflow/.local/lib/python3.8/site-packages/airflow/example_dags/example_setup_teardown.py took 0.069 seconds
[2024-05-16T01:12:20.087+0000] {processor.py:161} INFO - Started process (PID=1737) to work on /home/airflow/.local/lib/python3.8/site-packages/airflow/example_dags/example_setup_teardown.py
[2024-05-16T01:12:20.088+0000] {processor.py:830} INFO - Processing file /home/airflow/.local/lib/python3.8/site-packages/airflow/example_dags/example_setup_teardown.py for tasks to queue
[2024-05-16T01:12:20.090+0000] {logging_mixin.py:188} INFO - [2024-05-16T01:12:20.090+0000] {dagbag.py:540} INFO - Filling up the DagBag from /home/airflow/.local/lib/python3.8/site-packages/airflow/example_dags/example_setup_teardown.py
[2024-05-16T01:12:20.095+0000] {processor.py:840} INFO - DAG(s) 'example_setup_teardown' retrieved from /home/airflow/.local/lib/python3.8/site-packages/airflow/example_dags/example_setup_teardown.py
[2024-05-16T01:12:20.114+0000] {logging_mixin.py:188} INFO - [2024-05-16T01:12:20.114+0000] {dag.py:3047} INFO - Sync 1 DAGs
[2024-05-16T01:12:20.134+0000] {logging_mixin.py:188} INFO - [2024-05-16T01:12:20.134+0000] {dag.py:3834} INFO - Setting next_dagrun for example_setup_teardown to 2024-05-15 00:00:00+00:00, run_after=2024-05-16 00:00:00+00:00
[2024-05-16T01:12:20.155+0000] {processor.py:183} INFO - Processing /home/airflow/.local/lib/python3.8/site-packages/airflow/example_dags/example_setup_teardown.py took 0.071 seconds
[2024-05-16T01:12:50.852+0000] {processor.py:161} INFO - Started process (PID=1797) to work on /home/airflow/.local/lib/python3.8/site-packages/airflow/example_dags/example_setup_teardown.py
[2024-05-16T01:12:50.855+0000] {processor.py:830} INFO - Processing file /home/airflow/.local/lib/python3.8/site-packages/airflow/example_dags/example_setup_teardown.py for tasks to queue
[2024-05-16T01:12:50.858+0000] {logging_mixin.py:188} INFO - [2024-05-16T01:12:50.857+0000] {dagbag.py:540} INFO - Filling up the DagBag from /home/airflow/.local/lib/python3.8/site-packages/airflow/example_dags/example_setup_teardown.py
[2024-05-16T01:12:50.869+0000] {processor.py:840} INFO - DAG(s) 'example_setup_teardown' retrieved from /home/airflow/.local/lib/python3.8/site-packages/airflow/example_dags/example_setup_teardown.py
[2024-05-16T01:12:50.908+0000] {logging_mixin.py:188} INFO - [2024-05-16T01:12:50.908+0000] {dag.py:3047} INFO - Sync 1 DAGs
[2024-05-16T01:12:50.945+0000] {logging_mixin.py:188} INFO - [2024-05-16T01:12:50.945+0000] {dag.py:3834} INFO - Setting next_dagrun for example_setup_teardown to 2024-05-15 00:00:00+00:00, run_after=2024-05-16 00:00:00+00:00
[2024-05-16T01:12:50.985+0000] {processor.py:183} INFO - Processing /home/airflow/.local/lib/python3.8/site-packages/airflow/example_dags/example_setup_teardown.py took 0.138 seconds
[2024-05-16T01:13:21.840+0000] {processor.py:161} INFO - Started process (PID=1856) to work on /home/airflow/.local/lib/python3.8/site-packages/airflow/example_dags/example_setup_teardown.py
[2024-05-16T01:13:21.842+0000] {processor.py:830} INFO - Processing file /home/airflow/.local/lib/python3.8/site-packages/airflow/example_dags/example_setup_teardown.py for tasks to queue
[2024-05-16T01:13:21.846+0000] {logging_mixin.py:188} INFO - [2024-05-16T01:13:21.846+0000] {dagbag.py:540} INFO - Filling up the DagBag from /home/airflow/.local/lib/python3.8/site-packages/airflow/example_dags/example_setup_teardown.py
[2024-05-16T01:13:21.853+0000] {processor.py:840} INFO - DAG(s) 'example_setup_teardown' retrieved from /home/airflow/.local/lib/python3.8/site-packages/airflow/example_dags/example_setup_teardown.py
[2024-05-16T01:13:21.881+0000] {logging_mixin.py:188} INFO - [2024-05-16T01:13:21.881+0000] {dag.py:3047} INFO - Sync 1 DAGs
[2024-05-16T01:13:21.904+0000] {logging_mixin.py:188} INFO - [2024-05-16T01:13:21.904+0000] {dag.py:3834} INFO - Setting next_dagrun for example_setup_teardown to 2024-05-15 00:00:00+00:00, run_after=2024-05-16 00:00:00+00:00
[2024-05-16T01:13:21.929+0000] {processor.py:183} INFO - Processing /home/airflow/.local/lib/python3.8/site-packages/airflow/example_dags/example_setup_teardown.py took 0.092 seconds
[2024-05-16T01:13:51.983+0000] {processor.py:161} INFO - Started process (PID=1914) to work on /home/airflow/.local/lib/python3.8/site-packages/airflow/example_dags/example_setup_teardown.py
[2024-05-16T01:13:51.985+0000] {processor.py:830} INFO - Processing file /home/airflow/.local/lib/python3.8/site-packages/airflow/example_dags/example_setup_teardown.py for tasks to queue
[2024-05-16T01:13:51.987+0000] {logging_mixin.py:188} INFO - [2024-05-16T01:13:51.987+0000] {dagbag.py:540} INFO - Filling up the DagBag from /home/airflow/.local/lib/python3.8/site-packages/airflow/example_dags/example_setup_teardown.py
[2024-05-16T01:13:51.994+0000] {processor.py:840} INFO - DAG(s) 'example_setup_teardown' retrieved from /home/airflow/.local/lib/python3.8/site-packages/airflow/example_dags/example_setup_teardown.py
[2024-05-16T01:13:52.015+0000] {logging_mixin.py:188} INFO - [2024-05-16T01:13:52.014+0000] {dag.py:3047} INFO - Sync 1 DAGs
[2024-05-16T01:13:52.031+0000] {logging_mixin.py:188} INFO - [2024-05-16T01:13:52.031+0000] {dag.py:3834} INFO - Setting next_dagrun for example_setup_teardown to 2024-05-15 00:00:00+00:00, run_after=2024-05-16 00:00:00+00:00
[2024-05-16T01:13:52.050+0000] {processor.py:183} INFO - Processing /home/airflow/.local/lib/python3.8/site-packages/airflow/example_dags/example_setup_teardown.py took 0.070 seconds
[2024-05-16T01:14:22.716+0000] {processor.py:161} INFO - Started process (PID=1973) to work on /home/airflow/.local/lib/python3.8/site-packages/airflow/example_dags/example_setup_teardown.py
[2024-05-16T01:14:22.718+0000] {processor.py:830} INFO - Processing file /home/airflow/.local/lib/python3.8/site-packages/airflow/example_dags/example_setup_teardown.py for tasks to queue
[2024-05-16T01:14:22.721+0000] {logging_mixin.py:188} INFO - [2024-05-16T01:14:22.720+0000] {dagbag.py:540} INFO - Filling up the DagBag from /home/airflow/.local/lib/python3.8/site-packages/airflow/example_dags/example_setup_teardown.py
[2024-05-16T01:14:22.729+0000] {processor.py:840} INFO - DAG(s) 'example_setup_teardown' retrieved from /home/airflow/.local/lib/python3.8/site-packages/airflow/example_dags/example_setup_teardown.py
[2024-05-16T01:14:22.758+0000] {logging_mixin.py:188} INFO - [2024-05-16T01:14:22.758+0000] {dag.py:3047} INFO - Sync 1 DAGs
[2024-05-16T01:14:22.787+0000] {logging_mixin.py:188} INFO - [2024-05-16T01:14:22.787+0000] {dag.py:3834} INFO - Setting next_dagrun for example_setup_teardown to 2024-05-15 00:00:00+00:00, run_after=2024-05-16 00:00:00+00:00
[2024-05-16T01:14:22.819+0000] {processor.py:183} INFO - Processing /home/airflow/.local/lib/python3.8/site-packages/airflow/example_dags/example_setup_teardown.py took 0.108 seconds
[2024-05-16T01:14:53.456+0000] {processor.py:161} INFO - Started process (PID=2032) to work on /home/airflow/.local/lib/python3.8/site-packages/airflow/example_dags/example_setup_teardown.py
[2024-05-16T01:14:53.457+0000] {processor.py:830} INFO - Processing file /home/airflow/.local/lib/python3.8/site-packages/airflow/example_dags/example_setup_teardown.py for tasks to queue
[2024-05-16T01:14:53.460+0000] {logging_mixin.py:188} INFO - [2024-05-16T01:14:53.459+0000] {dagbag.py:540} INFO - Filling up the DagBag from /home/airflow/.local/lib/python3.8/site-packages/airflow/example_dags/example_setup_teardown.py
[2024-05-16T01:14:53.467+0000] {processor.py:840} INFO - DAG(s) 'example_setup_teardown' retrieved from /home/airflow/.local/lib/python3.8/site-packages/airflow/example_dags/example_setup_teardown.py
[2024-05-16T01:14:53.491+0000] {logging_mixin.py:188} INFO - [2024-05-16T01:14:53.491+0000] {dag.py:3047} INFO - Sync 1 DAGs
[2024-05-16T01:14:53.515+0000] {logging_mixin.py:188} INFO - [2024-05-16T01:14:53.515+0000] {dag.py:3834} INFO - Setting next_dagrun for example_setup_teardown to 2024-05-15 00:00:00+00:00, run_after=2024-05-16 00:00:00+00:00
[2024-05-16T01:14:53.542+0000] {processor.py:183} INFO - Processing /home/airflow/.local/lib/python3.8/site-packages/airflow/example_dags/example_setup_teardown.py took 0.090 seconds
[2024-05-16T01:15:24.358+0000] {processor.py:161} INFO - Started process (PID=2091) to work on /home/airflow/.local/lib/python3.8/site-packages/airflow/example_dags/example_setup_teardown.py
[2024-05-16T01:15:24.360+0000] {processor.py:830} INFO - Processing file /home/airflow/.local/lib/python3.8/site-packages/airflow/example_dags/example_setup_teardown.py for tasks to queue
[2024-05-16T01:15:24.363+0000] {logging_mixin.py:188} INFO - [2024-05-16T01:15:24.362+0000] {dagbag.py:540} INFO - Filling up the DagBag from /home/airflow/.local/lib/python3.8/site-packages/airflow/example_dags/example_setup_teardown.py
[2024-05-16T01:15:24.372+0000] {processor.py:840} INFO - DAG(s) 'example_setup_teardown' retrieved from /home/airflow/.local/lib/python3.8/site-packages/airflow/example_dags/example_setup_teardown.py
[2024-05-16T01:15:24.397+0000] {logging_mixin.py:188} INFO - [2024-05-16T01:15:24.397+0000] {dag.py:3047} INFO - Sync 1 DAGs
[2024-05-16T01:15:24.424+0000] {logging_mixin.py:188} INFO - [2024-05-16T01:15:24.424+0000] {dag.py:3834} INFO - Setting next_dagrun for example_setup_teardown to 2024-05-15 00:00:00+00:00, run_after=2024-05-16 00:00:00+00:00
[2024-05-16T01:15:24.465+0000] {processor.py:183} INFO - Processing /home/airflow/.local/lib/python3.8/site-packages/airflow/example_dags/example_setup_teardown.py took 0.110 seconds
[2024-05-16T01:15:54.701+0000] {processor.py:161} INFO - Started process (PID=2150) to work on /home/airflow/.local/lib/python3.8/site-packages/airflow/example_dags/example_setup_teardown.py
[2024-05-16T01:15:54.703+0000] {processor.py:830} INFO - Processing file /home/airflow/.local/lib/python3.8/site-packages/airflow/example_dags/example_setup_teardown.py for tasks to queue
[2024-05-16T01:15:54.706+0000] {logging_mixin.py:188} INFO - [2024-05-16T01:15:54.706+0000] {dagbag.py:540} INFO - Filling up the DagBag from /home/airflow/.local/lib/python3.8/site-packages/airflow/example_dags/example_setup_teardown.py
[2024-05-16T01:15:54.721+0000] {processor.py:840} INFO - DAG(s) 'example_setup_teardown' retrieved from /home/airflow/.local/lib/python3.8/site-packages/airflow/example_dags/example_setup_teardown.py
[2024-05-16T01:15:54.754+0000] {logging_mixin.py:188} INFO - [2024-05-16T01:15:54.753+0000] {dag.py:3047} INFO - Sync 1 DAGs
[2024-05-16T01:15:54.777+0000] {logging_mixin.py:188} INFO - [2024-05-16T01:15:54.777+0000] {dag.py:3834} INFO - Setting next_dagrun for example_setup_teardown to 2024-05-15 00:00:00+00:00, run_after=2024-05-16 00:00:00+00:00
[2024-05-16T01:15:54.805+0000] {processor.py:183} INFO - Processing /home/airflow/.local/lib/python3.8/site-packages/airflow/example_dags/example_setup_teardown.py took 0.109 seconds
[2024-05-16T01:16:25.263+0000] {processor.py:161} INFO - Started process (PID=2209) to work on /home/airflow/.local/lib/python3.8/site-packages/airflow/example_dags/example_setup_teardown.py
[2024-05-16T01:16:25.265+0000] {processor.py:830} INFO - Processing file /home/airflow/.local/lib/python3.8/site-packages/airflow/example_dags/example_setup_teardown.py for tasks to queue
[2024-05-16T01:16:25.268+0000] {logging_mixin.py:188} INFO - [2024-05-16T01:16:25.267+0000] {dagbag.py:540} INFO - Filling up the DagBag from /home/airflow/.local/lib/python3.8/site-packages/airflow/example_dags/example_setup_teardown.py
[2024-05-16T01:16:25.276+0000] {processor.py:840} INFO - DAG(s) 'example_setup_teardown' retrieved from /home/airflow/.local/lib/python3.8/site-packages/airflow/example_dags/example_setup_teardown.py
[2024-05-16T01:16:25.303+0000] {logging_mixin.py:188} INFO - [2024-05-16T01:16:25.303+0000] {dag.py:3047} INFO - Sync 1 DAGs
[2024-05-16T01:16:25.327+0000] {logging_mixin.py:188} INFO - [2024-05-16T01:16:25.327+0000] {dag.py:3834} INFO - Setting next_dagrun for example_setup_teardown to 2024-05-15 00:00:00+00:00, run_after=2024-05-16 00:00:00+00:00
[2024-05-16T01:16:25.353+0000] {processor.py:183} INFO - Processing /home/airflow/.local/lib/python3.8/site-packages/airflow/example_dags/example_setup_teardown.py took 0.094 seconds
[2024-05-16T01:16:55.914+0000] {processor.py:161} INFO - Started process (PID=2268) to work on /home/airflow/.local/lib/python3.8/site-packages/airflow/example_dags/example_setup_teardown.py
[2024-05-16T01:16:55.916+0000] {processor.py:830} INFO - Processing file /home/airflow/.local/lib/python3.8/site-packages/airflow/example_dags/example_setup_teardown.py for tasks to queue
[2024-05-16T01:16:55.923+0000] {logging_mixin.py:188} INFO - [2024-05-16T01:16:55.923+0000] {dagbag.py:540} INFO - Filling up the DagBag from /home/airflow/.local/lib/python3.8/site-packages/airflow/example_dags/example_setup_teardown.py
[2024-05-16T01:16:55.930+0000] {processor.py:840} INFO - DAG(s) 'example_setup_teardown' retrieved from /home/airflow/.local/lib/python3.8/site-packages/airflow/example_dags/example_setup_teardown.py
[2024-05-16T01:16:55.959+0000] {logging_mixin.py:188} INFO - [2024-05-16T01:16:55.958+0000] {dag.py:3047} INFO - Sync 1 DAGs
[2024-05-16T01:16:55.984+0000] {logging_mixin.py:188} INFO - [2024-05-16T01:16:55.984+0000] {dag.py:3834} INFO - Setting next_dagrun for example_setup_teardown to 2024-05-15 00:00:00+00:00, run_after=2024-05-16 00:00:00+00:00
[2024-05-16T01:16:56.014+0000] {processor.py:183} INFO - Processing /home/airflow/.local/lib/python3.8/site-packages/airflow/example_dags/example_setup_teardown.py took 0.104 seconds
[2024-05-16T01:17:26.941+0000] {processor.py:161} INFO - Started process (PID=2327) to work on /home/airflow/.local/lib/python3.8/site-packages/airflow/example_dags/example_setup_teardown.py
[2024-05-16T01:17:26.943+0000] {processor.py:830} INFO - Processing file /home/airflow/.local/lib/python3.8/site-packages/airflow/example_dags/example_setup_teardown.py for tasks to queue
[2024-05-16T01:17:26.946+0000] {logging_mixin.py:188} INFO - [2024-05-16T01:17:26.946+0000] {dagbag.py:540} INFO - Filling up the DagBag from /home/airflow/.local/lib/python3.8/site-packages/airflow/example_dags/example_setup_teardown.py
[2024-05-16T01:17:26.953+0000] {processor.py:840} INFO - DAG(s) 'example_setup_teardown' retrieved from /home/airflow/.local/lib/python3.8/site-packages/airflow/example_dags/example_setup_teardown.py
[2024-05-16T01:17:26.979+0000] {logging_mixin.py:188} INFO - [2024-05-16T01:17:26.978+0000] {dag.py:3047} INFO - Sync 1 DAGs
[2024-05-16T01:17:27.002+0000] {logging_mixin.py:188} INFO - [2024-05-16T01:17:27.002+0000] {dag.py:3834} INFO - Setting next_dagrun for example_setup_teardown to 2024-05-15 00:00:00+00:00, run_after=2024-05-16 00:00:00+00:00
[2024-05-16T01:17:27.040+0000] {processor.py:183} INFO - Processing /home/airflow/.local/lib/python3.8/site-packages/airflow/example_dags/example_setup_teardown.py took 0.102 seconds
[2024-05-16T01:17:57.836+0000] {processor.py:161} INFO - Started process (PID=2386) to work on /home/airflow/.local/lib/python3.8/site-packages/airflow/example_dags/example_setup_teardown.py
[2024-05-16T01:17:57.839+0000] {processor.py:830} INFO - Processing file /home/airflow/.local/lib/python3.8/site-packages/airflow/example_dags/example_setup_teardown.py for tasks to queue
[2024-05-16T01:17:57.842+0000] {logging_mixin.py:188} INFO - [2024-05-16T01:17:57.841+0000] {dagbag.py:540} INFO - Filling up the DagBag from /home/airflow/.local/lib/python3.8/site-packages/airflow/example_dags/example_setup_teardown.py
[2024-05-16T01:17:57.851+0000] {processor.py:840} INFO - DAG(s) 'example_setup_teardown' retrieved from /home/airflow/.local/lib/python3.8/site-packages/airflow/example_dags/example_setup_teardown.py
[2024-05-16T01:17:57.882+0000] {logging_mixin.py:188} INFO - [2024-05-16T01:17:57.882+0000] {dag.py:3047} INFO - Sync 1 DAGs
[2024-05-16T01:17:57.914+0000] {logging_mixin.py:188} INFO - [2024-05-16T01:17:57.913+0000] {dag.py:3834} INFO - Setting next_dagrun for example_setup_teardown to 2024-05-15 00:00:00+00:00, run_after=2024-05-16 00:00:00+00:00
[2024-05-16T01:17:57.945+0000] {processor.py:183} INFO - Processing /home/airflow/.local/lib/python3.8/site-packages/airflow/example_dags/example_setup_teardown.py took 0.113 seconds
[2024-05-16T01:18:28.486+0000] {processor.py:161} INFO - Started process (PID=2445) to work on /home/airflow/.local/lib/python3.8/site-packages/airflow/example_dags/example_setup_teardown.py
[2024-05-16T01:18:28.489+0000] {processor.py:830} INFO - Processing file /home/airflow/.local/lib/python3.8/site-packages/airflow/example_dags/example_setup_teardown.py for tasks to queue
[2024-05-16T01:18:28.492+0000] {logging_mixin.py:188} INFO - [2024-05-16T01:18:28.492+0000] {dagbag.py:540} INFO - Filling up the DagBag from /home/airflow/.local/lib/python3.8/site-packages/airflow/example_dags/example_setup_teardown.py
[2024-05-16T01:18:28.504+0000] {processor.py:840} INFO - DAG(s) 'example_setup_teardown' retrieved from /home/airflow/.local/lib/python3.8/site-packages/airflow/example_dags/example_setup_teardown.py
[2024-05-16T01:18:28.537+0000] {logging_mixin.py:188} INFO - [2024-05-16T01:18:28.536+0000] {dag.py:3047} INFO - Sync 1 DAGs
[2024-05-16T01:18:28.572+0000] {logging_mixin.py:188} INFO - [2024-05-16T01:18:28.572+0000] {dag.py:3834} INFO - Setting next_dagrun for example_setup_teardown to 2024-05-15 00:00:00+00:00, run_after=2024-05-16 00:00:00+00:00
[2024-05-16T01:18:28.618+0000] {processor.py:183} INFO - Processing /home/airflow/.local/lib/python3.8/site-packages/airflow/example_dags/example_setup_teardown.py took 0.137 seconds
[2024-05-16T01:18:59.524+0000] {processor.py:161} INFO - Started process (PID=2504) to work on /home/airflow/.local/lib/python3.8/site-packages/airflow/example_dags/example_setup_teardown.py
[2024-05-16T01:18:59.526+0000] {processor.py:830} INFO - Processing file /home/airflow/.local/lib/python3.8/site-packages/airflow/example_dags/example_setup_teardown.py for tasks to queue
[2024-05-16T01:18:59.528+0000] {logging_mixin.py:188} INFO - [2024-05-16T01:18:59.528+0000] {dagbag.py:540} INFO - Filling up the DagBag from /home/airflow/.local/lib/python3.8/site-packages/airflow/example_dags/example_setup_teardown.py
[2024-05-16T01:18:59.536+0000] {processor.py:840} INFO - DAG(s) 'example_setup_teardown' retrieved from /home/airflow/.local/lib/python3.8/site-packages/airflow/example_dags/example_setup_teardown.py
[2024-05-16T01:18:59.565+0000] {logging_mixin.py:188} INFO - [2024-05-16T01:18:59.564+0000] {dag.py:3047} INFO - Sync 1 DAGs
[2024-05-16T01:18:59.593+0000] {logging_mixin.py:188} INFO - [2024-05-16T01:18:59.592+0000] {dag.py:3834} INFO - Setting next_dagrun for example_setup_teardown to 2024-05-15 00:00:00+00:00, run_after=2024-05-16 00:00:00+00:00
[2024-05-16T01:18:59.623+0000] {processor.py:183} INFO - Processing /home/airflow/.local/lib/python3.8/site-packages/airflow/example_dags/example_setup_teardown.py took 0.103 seconds
[2024-05-16T01:19:29.871+0000] {processor.py:161} INFO - Started process (PID=2563) to work on /home/airflow/.local/lib/python3.8/site-packages/airflow/example_dags/example_setup_teardown.py
[2024-05-16T01:19:29.873+0000] {processor.py:830} INFO - Processing file /home/airflow/.local/lib/python3.8/site-packages/airflow/example_dags/example_setup_teardown.py for tasks to queue
[2024-05-16T01:19:29.882+0000] {logging_mixin.py:188} INFO - [2024-05-16T01:19:29.882+0000] {dagbag.py:540} INFO - Filling up the DagBag from /home/airflow/.local/lib/python3.8/site-packages/airflow/example_dags/example_setup_teardown.py
[2024-05-16T01:19:29.893+0000] {processor.py:840} INFO - DAG(s) 'example_setup_teardown' retrieved from /home/airflow/.local/lib/python3.8/site-packages/airflow/example_dags/example_setup_teardown.py
[2024-05-16T01:19:29.923+0000] {logging_mixin.py:188} INFO - [2024-05-16T01:19:29.923+0000] {dag.py:3047} INFO - Sync 1 DAGs
[2024-05-16T01:19:29.952+0000] {logging_mixin.py:188} INFO - [2024-05-16T01:19:29.951+0000] {dag.py:3834} INFO - Setting next_dagrun for example_setup_teardown to 2024-05-15 00:00:00+00:00, run_after=2024-05-16 00:00:00+00:00
[2024-05-16T01:19:29.991+0000] {processor.py:183} INFO - Processing /home/airflow/.local/lib/python3.8/site-packages/airflow/example_dags/example_setup_teardown.py took 0.124 seconds
[2024-05-16T01:20:00.752+0000] {processor.py:161} INFO - Started process (PID=2622) to work on /home/airflow/.local/lib/python3.8/site-packages/airflow/example_dags/example_setup_teardown.py
[2024-05-16T01:20:00.754+0000] {processor.py:830} INFO - Processing file /home/airflow/.local/lib/python3.8/site-packages/airflow/example_dags/example_setup_teardown.py for tasks to queue
[2024-05-16T01:20:00.757+0000] {logging_mixin.py:188} INFO - [2024-05-16T01:20:00.757+0000] {dagbag.py:540} INFO - Filling up the DagBag from /home/airflow/.local/lib/python3.8/site-packages/airflow/example_dags/example_setup_teardown.py
[2024-05-16T01:20:00.767+0000] {processor.py:840} INFO - DAG(s) 'example_setup_teardown' retrieved from /home/airflow/.local/lib/python3.8/site-packages/airflow/example_dags/example_setup_teardown.py
[2024-05-16T01:20:00.797+0000] {logging_mixin.py:188} INFO - [2024-05-16T01:20:00.796+0000] {dag.py:3047} INFO - Sync 1 DAGs
[2024-05-16T01:20:00.829+0000] {logging_mixin.py:188} INFO - [2024-05-16T01:20:00.828+0000] {dag.py:3834} INFO - Setting next_dagrun for example_setup_teardown to 2024-05-15 00:00:00+00:00, run_after=2024-05-16 00:00:00+00:00
[2024-05-16T01:20:00.866+0000] {processor.py:183} INFO - Processing /home/airflow/.local/lib/python3.8/site-packages/airflow/example_dags/example_setup_teardown.py took 0.118 seconds
[2024-05-16T01:20:31.203+0000] {processor.py:161} INFO - Started process (PID=2681) to work on /home/airflow/.local/lib/python3.8/site-packages/airflow/example_dags/example_setup_teardown.py
[2024-05-16T01:20:31.205+0000] {processor.py:830} INFO - Processing file /home/airflow/.local/lib/python3.8/site-packages/airflow/example_dags/example_setup_teardown.py for tasks to queue
[2024-05-16T01:20:31.215+0000] {logging_mixin.py:188} INFO - [2024-05-16T01:20:31.214+0000] {dagbag.py:540} INFO - Filling up the DagBag from /home/airflow/.local/lib/python3.8/site-packages/airflow/example_dags/example_setup_teardown.py
[2024-05-16T01:20:31.227+0000] {processor.py:840} INFO - DAG(s) 'example_setup_teardown' retrieved from /home/airflow/.local/lib/python3.8/site-packages/airflow/example_dags/example_setup_teardown.py
[2024-05-16T01:20:31.261+0000] {logging_mixin.py:188} INFO - [2024-05-16T01:20:31.261+0000] {dag.py:3047} INFO - Sync 1 DAGs
[2024-05-16T01:20:31.287+0000] {logging_mixin.py:188} INFO - [2024-05-16T01:20:31.287+0000] {dag.py:3834} INFO - Setting next_dagrun for example_setup_teardown to 2024-05-15 00:00:00+00:00, run_after=2024-05-16 00:00:00+00:00
[2024-05-16T01:20:31.322+0000] {processor.py:183} INFO - Processing /home/airflow/.local/lib/python3.8/site-packages/airflow/example_dags/example_setup_teardown.py took 0.124 seconds
[2024-05-16T01:21:02.089+0000] {processor.py:161} INFO - Started process (PID=2740) to work on /home/airflow/.local/lib/python3.8/site-packages/airflow/example_dags/example_setup_teardown.py
[2024-05-16T01:21:02.091+0000] {processor.py:830} INFO - Processing file /home/airflow/.local/lib/python3.8/site-packages/airflow/example_dags/example_setup_teardown.py for tasks to queue
[2024-05-16T01:21:02.094+0000] {logging_mixin.py:188} INFO - [2024-05-16T01:21:02.094+0000] {dagbag.py:540} INFO - Filling up the DagBag from /home/airflow/.local/lib/python3.8/site-packages/airflow/example_dags/example_setup_teardown.py
[2024-05-16T01:21:02.105+0000] {processor.py:840} INFO - DAG(s) 'example_setup_teardown' retrieved from /home/airflow/.local/lib/python3.8/site-packages/airflow/example_dags/example_setup_teardown.py
[2024-05-16T01:21:02.140+0000] {logging_mixin.py:188} INFO - [2024-05-16T01:21:02.139+0000] {dag.py:3047} INFO - Sync 1 DAGs
[2024-05-16T01:21:02.174+0000] {logging_mixin.py:188} INFO - [2024-05-16T01:21:02.173+0000] {dag.py:3834} INFO - Setting next_dagrun for example_setup_teardown to 2024-05-15 00:00:00+00:00, run_after=2024-05-16 00:00:00+00:00
[2024-05-16T01:21:02.210+0000] {processor.py:183} INFO - Processing /home/airflow/.local/lib/python3.8/site-packages/airflow/example_dags/example_setup_teardown.py took 0.125 seconds
[2024-05-16T01:21:32.579+0000] {processor.py:161} INFO - Started process (PID=2799) to work on /home/airflow/.local/lib/python3.8/site-packages/airflow/example_dags/example_setup_teardown.py
[2024-05-16T01:21:32.581+0000] {processor.py:830} INFO - Processing file /home/airflow/.local/lib/python3.8/site-packages/airflow/example_dags/example_setup_teardown.py for tasks to queue
[2024-05-16T01:21:32.585+0000] {logging_mixin.py:188} INFO - [2024-05-16T01:21:32.584+0000] {dagbag.py:540} INFO - Filling up the DagBag from /home/airflow/.local/lib/python3.8/site-packages/airflow/example_dags/example_setup_teardown.py
[2024-05-16T01:21:32.595+0000] {processor.py:840} INFO - DAG(s) 'example_setup_teardown' retrieved from /home/airflow/.local/lib/python3.8/site-packages/airflow/example_dags/example_setup_teardown.py
[2024-05-16T01:21:32.628+0000] {logging_mixin.py:188} INFO - [2024-05-16T01:21:32.628+0000] {dag.py:3047} INFO - Sync 1 DAGs
[2024-05-16T01:21:32.661+0000] {logging_mixin.py:188} INFO - [2024-05-16T01:21:32.661+0000] {dag.py:3834} INFO - Setting next_dagrun for example_setup_teardown to 2024-05-15 00:00:00+00:00, run_after=2024-05-16 00:00:00+00:00
[2024-05-16T01:21:32.703+0000] {processor.py:183} INFO - Processing /home/airflow/.local/lib/python3.8/site-packages/airflow/example_dags/example_setup_teardown.py took 0.128 seconds
[2024-05-16T01:22:03.887+0000] {processor.py:161} INFO - Started process (PID=2858) to work on /home/airflow/.local/lib/python3.8/site-packages/airflow/example_dags/example_setup_teardown.py
[2024-05-16T01:22:03.889+0000] {processor.py:830} INFO - Processing file /home/airflow/.local/lib/python3.8/site-packages/airflow/example_dags/example_setup_teardown.py for tasks to queue
[2024-05-16T01:22:03.893+0000] {logging_mixin.py:188} INFO - [2024-05-16T01:22:03.892+0000] {dagbag.py:540} INFO - Filling up the DagBag from /home/airflow/.local/lib/python3.8/site-packages/airflow/example_dags/example_setup_teardown.py
[2024-05-16T01:22:03.909+0000] {processor.py:840} INFO - DAG(s) 'example_setup_teardown' retrieved from /home/airflow/.local/lib/python3.8/site-packages/airflow/example_dags/example_setup_teardown.py
[2024-05-16T01:22:03.956+0000] {logging_mixin.py:188} INFO - [2024-05-16T01:22:03.956+0000] {dag.py:3047} INFO - Sync 1 DAGs
[2024-05-16T01:22:04.012+0000] {logging_mixin.py:188} INFO - [2024-05-16T01:22:04.011+0000] {dag.py:3834} INFO - Setting next_dagrun for example_setup_teardown to 2024-05-15 00:00:00+00:00, run_after=2024-05-16 00:00:00+00:00
[2024-05-16T01:22:04.065+0000] {processor.py:183} INFO - Processing /home/airflow/.local/lib/python3.8/site-packages/airflow/example_dags/example_setup_teardown.py took 0.183 seconds
[2024-05-16T01:22:34.206+0000] {processor.py:161} INFO - Started process (PID=2917) to work on /home/airflow/.local/lib/python3.8/site-packages/airflow/example_dags/example_setup_teardown.py
[2024-05-16T01:22:34.208+0000] {processor.py:830} INFO - Processing file /home/airflow/.local/lib/python3.8/site-packages/airflow/example_dags/example_setup_teardown.py for tasks to queue
[2024-05-16T01:22:34.211+0000] {logging_mixin.py:188} INFO - [2024-05-16T01:22:34.211+0000] {dagbag.py:540} INFO - Filling up the DagBag from /home/airflow/.local/lib/python3.8/site-packages/airflow/example_dags/example_setup_teardown.py
[2024-05-16T01:22:34.221+0000] {processor.py:840} INFO - DAG(s) 'example_setup_teardown' retrieved from /home/airflow/.local/lib/python3.8/site-packages/airflow/example_dags/example_setup_teardown.py
[2024-05-16T01:22:34.255+0000] {logging_mixin.py:188} INFO - [2024-05-16T01:22:34.254+0000] {dag.py:3047} INFO - Sync 1 DAGs
[2024-05-16T01:22:34.288+0000] {logging_mixin.py:188} INFO - [2024-05-16T01:22:34.288+0000] {dag.py:3834} INFO - Setting next_dagrun for example_setup_teardown to 2024-05-15 00:00:00+00:00, run_after=2024-05-16 00:00:00+00:00
[2024-05-16T01:22:34.329+0000] {processor.py:183} INFO - Processing /home/airflow/.local/lib/python3.8/site-packages/airflow/example_dags/example_setup_teardown.py took 0.128 seconds
[2024-05-16T01:23:04.883+0000] {processor.py:161} INFO - Started process (PID=2976) to work on /home/airflow/.local/lib/python3.8/site-packages/airflow/example_dags/example_setup_teardown.py
[2024-05-16T01:23:04.886+0000] {processor.py:830} INFO - Processing file /home/airflow/.local/lib/python3.8/site-packages/airflow/example_dags/example_setup_teardown.py for tasks to queue
[2024-05-16T01:23:04.890+0000] {logging_mixin.py:188} INFO - [2024-05-16T01:23:04.889+0000] {dagbag.py:540} INFO - Filling up the DagBag from /home/airflow/.local/lib/python3.8/site-packages/airflow/example_dags/example_setup_teardown.py
[2024-05-16T01:23:04.902+0000] {processor.py:840} INFO - DAG(s) 'example_setup_teardown' retrieved from /home/airflow/.local/lib/python3.8/site-packages/airflow/example_dags/example_setup_teardown.py
[2024-05-16T01:23:04.938+0000] {logging_mixin.py:188} INFO - [2024-05-16T01:23:04.938+0000] {dag.py:3047} INFO - Sync 1 DAGs
[2024-05-16T01:23:04.988+0000] {logging_mixin.py:188} INFO - [2024-05-16T01:23:04.988+0000] {dag.py:3834} INFO - Setting next_dagrun for example_setup_teardown to 2024-05-15 00:00:00+00:00, run_after=2024-05-16 00:00:00+00:00
[2024-05-16T01:23:05.033+0000] {processor.py:183} INFO - Processing /home/airflow/.local/lib/python3.8/site-packages/airflow/example_dags/example_setup_teardown.py took 0.156 seconds
