[2024-05-16T00:57:56.312+0000] {processor.py:161} INFO - Started process (PID=58) to work on /home/airflow/.local/lib/python3.8/site-packages/airflow/example_dags/example_xcomargs.py
[2024-05-16T00:57:56.314+0000] {processor.py:830} INFO - Processing file /home/airflow/.local/lib/python3.8/site-packages/airflow/example_dags/example_xcomargs.py for tasks to queue
[2024-05-16T00:57:56.319+0000] {logging_mixin.py:188} INFO - [2024-05-16T00:57:56.318+0000] {dagbag.py:540} INFO - Filling up the DagBag from /home/airflow/.local/lib/python3.8/site-packages/airflow/example_dags/example_xcomargs.py
[2024-05-16T00:57:56.334+0000] {processor.py:840} INFO - DAG(s) 'example_xcom_args', 'example_xcom_args_with_operators' retrieved from /home/airflow/.local/lib/python3.8/site-packages/airflow/example_dags/example_xcomargs.py
[2024-05-16T00:57:56.385+0000] {logging_mixin.py:188} INFO - [2024-05-16T00:57:56.385+0000] {dag.py:3047} INFO - Sync 2 DAGs
[2024-05-16T00:57:56.412+0000] {logging_mixin.py:188} INFO - [2024-05-16T00:57:56.412+0000] {dag.py:3834} INFO - Setting next_dagrun for example_xcom_args to None, run_after=None
[2024-05-16T00:57:56.420+0000] {logging_mixin.py:188} INFO - [2024-05-16T00:57:56.419+0000] {dag.py:3834} INFO - Setting next_dagrun for example_xcom_args_with_operators to None, run_after=None
[2024-05-16T00:57:56.455+0000] {processor.py:183} INFO - Processing /home/airflow/.local/lib/python3.8/site-packages/airflow/example_dags/example_xcomargs.py took 0.150 seconds
[2024-05-16T00:58:27.788+0000] {processor.py:161} INFO - Started process (PID=117) to work on /home/airflow/.local/lib/python3.8/site-packages/airflow/example_dags/example_xcomargs.py
[2024-05-16T00:58:27.794+0000] {processor.py:830} INFO - Processing file /home/airflow/.local/lib/python3.8/site-packages/airflow/example_dags/example_xcomargs.py for tasks to queue
[2024-05-16T00:58:27.804+0000] {logging_mixin.py:188} INFO - [2024-05-16T00:58:27.803+0000] {dagbag.py:540} INFO - Filling up the DagBag from /home/airflow/.local/lib/python3.8/site-packages/airflow/example_dags/example_xcomargs.py
[2024-05-16T00:58:27.818+0000] {processor.py:840} INFO - DAG(s) 'example_xcom_args_with_operators', 'example_xcom_args' retrieved from /home/airflow/.local/lib/python3.8/site-packages/airflow/example_dags/example_xcomargs.py
[2024-05-16T00:58:27.882+0000] {logging_mixin.py:188} INFO - [2024-05-16T00:58:27.881+0000] {dag.py:3047} INFO - Sync 2 DAGs
[2024-05-16T00:58:27.906+0000] {logging_mixin.py:188} INFO - [2024-05-16T00:58:27.906+0000] {dag.py:3834} INFO - Setting next_dagrun for example_xcom_args to None, run_after=None
[2024-05-16T00:58:27.914+0000] {logging_mixin.py:188} INFO - [2024-05-16T00:58:27.913+0000] {dag.py:3834} INFO - Setting next_dagrun for example_xcom_args_with_operators to None, run_after=None
[2024-05-16T00:58:27.949+0000] {processor.py:183} INFO - Processing /home/airflow/.local/lib/python3.8/site-packages/airflow/example_dags/example_xcomargs.py took 0.176 seconds
[2024-05-16T00:58:58.495+0000] {processor.py:161} INFO - Started process (PID=176) to work on /home/airflow/.local/lib/python3.8/site-packages/airflow/example_dags/example_xcomargs.py
[2024-05-16T00:58:58.499+0000] {processor.py:830} INFO - Processing file /home/airflow/.local/lib/python3.8/site-packages/airflow/example_dags/example_xcomargs.py for tasks to queue
[2024-05-16T00:58:58.531+0000] {logging_mixin.py:188} INFO - [2024-05-16T00:58:58.531+0000] {dagbag.py:540} INFO - Filling up the DagBag from /home/airflow/.local/lib/python3.8/site-packages/airflow/example_dags/example_xcomargs.py
[2024-05-16T00:58:58.539+0000] {processor.py:840} INFO - DAG(s) 'example_xcom_args_with_operators', 'example_xcom_args' retrieved from /home/airflow/.local/lib/python3.8/site-packages/airflow/example_dags/example_xcomargs.py
[2024-05-16T00:58:58.565+0000] {logging_mixin.py:188} INFO - [2024-05-16T00:58:58.565+0000] {dag.py:3047} INFO - Sync 2 DAGs
[2024-05-16T00:58:58.578+0000] {logging_mixin.py:188} INFO - [2024-05-16T00:58:58.578+0000] {dag.py:3834} INFO - Setting next_dagrun for example_xcom_args to None, run_after=None
[2024-05-16T00:58:58.584+0000] {logging_mixin.py:188} INFO - [2024-05-16T00:58:58.584+0000] {dag.py:3834} INFO - Setting next_dagrun for example_xcom_args_with_operators to None, run_after=None
[2024-05-16T00:58:58.609+0000] {processor.py:183} INFO - Processing /home/airflow/.local/lib/python3.8/site-packages/airflow/example_dags/example_xcomargs.py took 0.117 seconds
[2024-05-16T00:59:28.931+0000] {processor.py:161} INFO - Started process (PID=235) to work on /home/airflow/.local/lib/python3.8/site-packages/airflow/example_dags/example_xcomargs.py
[2024-05-16T00:59:28.932+0000] {processor.py:830} INFO - Processing file /home/airflow/.local/lib/python3.8/site-packages/airflow/example_dags/example_xcomargs.py for tasks to queue
[2024-05-16T00:59:28.936+0000] {logging_mixin.py:188} INFO - [2024-05-16T00:59:28.935+0000] {dagbag.py:540} INFO - Filling up the DagBag from /home/airflow/.local/lib/python3.8/site-packages/airflow/example_dags/example_xcomargs.py
[2024-05-16T00:59:28.943+0000] {processor.py:840} INFO - DAG(s) 'example_xcom_args_with_operators', 'example_xcom_args' retrieved from /home/airflow/.local/lib/python3.8/site-packages/airflow/example_dags/example_xcomargs.py
[2024-05-16T00:59:28.964+0000] {logging_mixin.py:188} INFO - [2024-05-16T00:59:28.964+0000] {dag.py:3047} INFO - Sync 2 DAGs
[2024-05-16T00:59:28.974+0000] {logging_mixin.py:188} INFO - [2024-05-16T00:59:28.974+0000] {dag.py:3834} INFO - Setting next_dagrun for example_xcom_args to None, run_after=None
[2024-05-16T00:59:28.977+0000] {logging_mixin.py:188} INFO - [2024-05-16T00:59:28.977+0000] {dag.py:3834} INFO - Setting next_dagrun for example_xcom_args_with_operators to None, run_after=None
[2024-05-16T00:59:28.998+0000] {processor.py:183} INFO - Processing /home/airflow/.local/lib/python3.8/site-packages/airflow/example_dags/example_xcomargs.py took 0.070 seconds
[2024-05-16T00:59:59.378+0000] {processor.py:161} INFO - Started process (PID=294) to work on /home/airflow/.local/lib/python3.8/site-packages/airflow/example_dags/example_xcomargs.py
[2024-05-16T00:59:59.379+0000] {processor.py:830} INFO - Processing file /home/airflow/.local/lib/python3.8/site-packages/airflow/example_dags/example_xcomargs.py for tasks to queue
[2024-05-16T00:59:59.382+0000] {logging_mixin.py:188} INFO - [2024-05-16T00:59:59.382+0000] {dagbag.py:540} INFO - Filling up the DagBag from /home/airflow/.local/lib/python3.8/site-packages/airflow/example_dags/example_xcomargs.py
[2024-05-16T00:59:59.392+0000] {processor.py:840} INFO - DAG(s) 'example_xcom_args', 'example_xcom_args_with_operators' retrieved from /home/airflow/.local/lib/python3.8/site-packages/airflow/example_dags/example_xcomargs.py
[2024-05-16T00:59:59.428+0000] {logging_mixin.py:188} INFO - [2024-05-16T00:59:59.427+0000] {dag.py:3047} INFO - Sync 2 DAGs
[2024-05-16T00:59:59.452+0000] {logging_mixin.py:188} INFO - [2024-05-16T00:59:59.451+0000] {dag.py:3834} INFO - Setting next_dagrun for example_xcom_args to None, run_after=None
[2024-05-16T00:59:59.460+0000] {logging_mixin.py:188} INFO - [2024-05-16T00:59:59.459+0000] {dag.py:3834} INFO - Setting next_dagrun for example_xcom_args_with_operators to None, run_after=None
[2024-05-16T00:59:59.499+0000] {processor.py:183} INFO - Processing /home/airflow/.local/lib/python3.8/site-packages/airflow/example_dags/example_xcomargs.py took 0.125 seconds
[2024-05-16T01:00:30.498+0000] {processor.py:161} INFO - Started process (PID=352) to work on /home/airflow/.local/lib/python3.8/site-packages/airflow/example_dags/example_xcomargs.py
[2024-05-16T01:00:30.499+0000] {processor.py:830} INFO - Processing file /home/airflow/.local/lib/python3.8/site-packages/airflow/example_dags/example_xcomargs.py for tasks to queue
[2024-05-16T01:00:30.500+0000] {logging_mixin.py:188} INFO - [2024-05-16T01:00:30.500+0000] {dagbag.py:540} INFO - Filling up the DagBag from /home/airflow/.local/lib/python3.8/site-packages/airflow/example_dags/example_xcomargs.py
[2024-05-16T01:00:30.508+0000] {processor.py:840} INFO - DAG(s) 'example_xcom_args', 'example_xcom_args_with_operators' retrieved from /home/airflow/.local/lib/python3.8/site-packages/airflow/example_dags/example_xcomargs.py
[2024-05-16T01:00:30.530+0000] {logging_mixin.py:188} INFO - [2024-05-16T01:00:30.530+0000] {dag.py:3047} INFO - Sync 2 DAGs
[2024-05-16T01:00:30.541+0000] {logging_mixin.py:188} INFO - [2024-05-16T01:00:30.541+0000] {dag.py:3834} INFO - Setting next_dagrun for example_xcom_args to None, run_after=None
[2024-05-16T01:00:30.546+0000] {logging_mixin.py:188} INFO - [2024-05-16T01:00:30.545+0000] {dag.py:3834} INFO - Setting next_dagrun for example_xcom_args_with_operators to None, run_after=None
[2024-05-16T01:00:30.577+0000] {processor.py:183} INFO - Processing /home/airflow/.local/lib/python3.8/site-packages/airflow/example_dags/example_xcomargs.py took 0.083 seconds
[2024-05-16T01:01:01.239+0000] {processor.py:161} INFO - Started process (PID=411) to work on /home/airflow/.local/lib/python3.8/site-packages/airflow/example_dags/example_xcomargs.py
[2024-05-16T01:01:01.240+0000] {processor.py:830} INFO - Processing file /home/airflow/.local/lib/python3.8/site-packages/airflow/example_dags/example_xcomargs.py for tasks to queue
[2024-05-16T01:01:01.241+0000] {logging_mixin.py:188} INFO - [2024-05-16T01:01:01.241+0000] {dagbag.py:540} INFO - Filling up the DagBag from /home/airflow/.local/lib/python3.8/site-packages/airflow/example_dags/example_xcomargs.py
[2024-05-16T01:01:01.248+0000] {processor.py:840} INFO - DAG(s) 'example_xcom_args', 'example_xcom_args_with_operators' retrieved from /home/airflow/.local/lib/python3.8/site-packages/airflow/example_dags/example_xcomargs.py
[2024-05-16T01:01:01.267+0000] {logging_mixin.py:188} INFO - [2024-05-16T01:01:01.267+0000] {dag.py:3047} INFO - Sync 2 DAGs
[2024-05-16T01:01:01.277+0000] {logging_mixin.py:188} INFO - [2024-05-16T01:01:01.277+0000] {dag.py:3834} INFO - Setting next_dagrun for example_xcom_args to None, run_after=None
[2024-05-16T01:01:01.281+0000] {logging_mixin.py:188} INFO - [2024-05-16T01:01:01.280+0000] {dag.py:3834} INFO - Setting next_dagrun for example_xcom_args_with_operators to None, run_after=None
[2024-05-16T01:01:01.308+0000] {processor.py:183} INFO - Processing /home/airflow/.local/lib/python3.8/site-packages/airflow/example_dags/example_xcomargs.py took 0.072 seconds
[2024-05-16T01:01:31.784+0000] {processor.py:161} INFO - Started process (PID=470) to work on /home/airflow/.local/lib/python3.8/site-packages/airflow/example_dags/example_xcomargs.py
[2024-05-16T01:01:31.790+0000] {processor.py:830} INFO - Processing file /home/airflow/.local/lib/python3.8/site-packages/airflow/example_dags/example_xcomargs.py for tasks to queue
[2024-05-16T01:01:31.794+0000] {logging_mixin.py:188} INFO - [2024-05-16T01:01:31.794+0000] {dagbag.py:540} INFO - Filling up the DagBag from /home/airflow/.local/lib/python3.8/site-packages/airflow/example_dags/example_xcomargs.py
[2024-05-16T01:01:31.806+0000] {processor.py:840} INFO - DAG(s) 'example_xcom_args_with_operators', 'example_xcom_args' retrieved from /home/airflow/.local/lib/python3.8/site-packages/airflow/example_dags/example_xcomargs.py
[2024-05-16T01:01:31.851+0000] {logging_mixin.py:188} INFO - [2024-05-16T01:01:31.850+0000] {dag.py:3047} INFO - Sync 2 DAGs
[2024-05-16T01:01:31.874+0000] {logging_mixin.py:188} INFO - [2024-05-16T01:01:31.873+0000] {dag.py:3834} INFO - Setting next_dagrun for example_xcom_args to None, run_after=None
[2024-05-16T01:01:31.881+0000] {logging_mixin.py:188} INFO - [2024-05-16T01:01:31.881+0000] {dag.py:3834} INFO - Setting next_dagrun for example_xcom_args_with_operators to None, run_after=None
[2024-05-16T01:01:31.922+0000] {processor.py:183} INFO - Processing /home/airflow/.local/lib/python3.8/site-packages/airflow/example_dags/example_xcomargs.py took 0.143 seconds
[2024-05-16T01:02:02.326+0000] {processor.py:161} INFO - Started process (PID=527) to work on /home/airflow/.local/lib/python3.8/site-packages/airflow/example_dags/example_xcomargs.py
[2024-05-16T01:02:02.328+0000] {processor.py:830} INFO - Processing file /home/airflow/.local/lib/python3.8/site-packages/airflow/example_dags/example_xcomargs.py for tasks to queue
[2024-05-16T01:02:02.331+0000] {logging_mixin.py:188} INFO - [2024-05-16T01:02:02.330+0000] {dagbag.py:540} INFO - Filling up the DagBag from /home/airflow/.local/lib/python3.8/site-packages/airflow/example_dags/example_xcomargs.py
[2024-05-16T01:02:02.340+0000] {processor.py:840} INFO - DAG(s) 'example_xcom_args_with_operators', 'example_xcom_args' retrieved from /home/airflow/.local/lib/python3.8/site-packages/airflow/example_dags/example_xcomargs.py
[2024-05-16T01:02:02.372+0000] {logging_mixin.py:188} INFO - [2024-05-16T01:02:02.372+0000] {dag.py:3047} INFO - Sync 2 DAGs
[2024-05-16T01:02:02.386+0000] {logging_mixin.py:188} INFO - [2024-05-16T01:02:02.385+0000] {dag.py:3834} INFO - Setting next_dagrun for example_xcom_args to None, run_after=None
[2024-05-16T01:02:02.390+0000] {logging_mixin.py:188} INFO - [2024-05-16T01:02:02.390+0000] {dag.py:3834} INFO - Setting next_dagrun for example_xcom_args_with_operators to None, run_after=None
[2024-05-16T01:02:02.413+0000] {processor.py:183} INFO - Processing /home/airflow/.local/lib/python3.8/site-packages/airflow/example_dags/example_xcomargs.py took 0.092 seconds
[2024-05-16T01:02:32.932+0000] {processor.py:161} INFO - Started process (PID=586) to work on /home/airflow/.local/lib/python3.8/site-packages/airflow/example_dags/example_xcomargs.py
[2024-05-16T01:02:32.934+0000] {processor.py:830} INFO - Processing file /home/airflow/.local/lib/python3.8/site-packages/airflow/example_dags/example_xcomargs.py for tasks to queue
[2024-05-16T01:02:32.936+0000] {logging_mixin.py:188} INFO - [2024-05-16T01:02:32.936+0000] {dagbag.py:540} INFO - Filling up the DagBag from /home/airflow/.local/lib/python3.8/site-packages/airflow/example_dags/example_xcomargs.py
[2024-05-16T01:02:32.946+0000] {processor.py:840} INFO - DAG(s) 'example_xcom_args', 'example_xcom_args_with_operators' retrieved from /home/airflow/.local/lib/python3.8/site-packages/airflow/example_dags/example_xcomargs.py
[2024-05-16T01:02:32.976+0000] {logging_mixin.py:188} INFO - [2024-05-16T01:02:32.976+0000] {dag.py:3047} INFO - Sync 2 DAGs
[2024-05-16T01:02:32.990+0000] {logging_mixin.py:188} INFO - [2024-05-16T01:02:32.990+0000] {dag.py:3834} INFO - Setting next_dagrun for example_xcom_args to None, run_after=None
[2024-05-16T01:02:32.996+0000] {logging_mixin.py:188} INFO - [2024-05-16T01:02:32.996+0000] {dag.py:3834} INFO - Setting next_dagrun for example_xcom_args_with_operators to None, run_after=None
[2024-05-16T01:02:33.024+0000] {processor.py:183} INFO - Processing /home/airflow/.local/lib/python3.8/site-packages/airflow/example_dags/example_xcomargs.py took 0.097 seconds
[2024-05-16T01:03:03.625+0000] {processor.py:161} INFO - Started process (PID=644) to work on /home/airflow/.local/lib/python3.8/site-packages/airflow/example_dags/example_xcomargs.py
[2024-05-16T01:03:03.627+0000] {processor.py:830} INFO - Processing file /home/airflow/.local/lib/python3.8/site-packages/airflow/example_dags/example_xcomargs.py for tasks to queue
[2024-05-16T01:03:03.629+0000] {logging_mixin.py:188} INFO - [2024-05-16T01:03:03.629+0000] {dagbag.py:540} INFO - Filling up the DagBag from /home/airflow/.local/lib/python3.8/site-packages/airflow/example_dags/example_xcomargs.py
[2024-05-16T01:03:03.639+0000] {processor.py:840} INFO - DAG(s) 'example_xcom_args_with_operators', 'example_xcom_args' retrieved from /home/airflow/.local/lib/python3.8/site-packages/airflow/example_dags/example_xcomargs.py
[2024-05-16T01:03:03.672+0000] {logging_mixin.py:188} INFO - [2024-05-16T01:03:03.672+0000] {dag.py:3047} INFO - Sync 2 DAGs
[2024-05-16T01:03:03.691+0000] {logging_mixin.py:188} INFO - [2024-05-16T01:03:03.691+0000] {dag.py:3834} INFO - Setting next_dagrun for example_xcom_args to None, run_after=None
[2024-05-16T01:03:03.698+0000] {logging_mixin.py:188} INFO - [2024-05-16T01:03:03.698+0000] {dag.py:3834} INFO - Setting next_dagrun for example_xcom_args_with_operators to None, run_after=None
[2024-05-16T01:03:03.731+0000] {processor.py:183} INFO - Processing /home/airflow/.local/lib/python3.8/site-packages/airflow/example_dags/example_xcomargs.py took 0.110 seconds
[2024-05-16T01:03:34.049+0000] {processor.py:161} INFO - Started process (PID=703) to work on /home/airflow/.local/lib/python3.8/site-packages/airflow/example_dags/example_xcomargs.py
[2024-05-16T01:03:34.050+0000] {processor.py:830} INFO - Processing file /home/airflow/.local/lib/python3.8/site-packages/airflow/example_dags/example_xcomargs.py for tasks to queue
[2024-05-16T01:03:34.057+0000] {logging_mixin.py:188} INFO - [2024-05-16T01:03:34.056+0000] {dagbag.py:540} INFO - Filling up the DagBag from /home/airflow/.local/lib/python3.8/site-packages/airflow/example_dags/example_xcomargs.py
[2024-05-16T01:03:34.078+0000] {processor.py:840} INFO - DAG(s) 'example_xcom_args_with_operators', 'example_xcom_args' retrieved from /home/airflow/.local/lib/python3.8/site-packages/airflow/example_dags/example_xcomargs.py
[2024-05-16T01:03:34.110+0000] {logging_mixin.py:188} INFO - [2024-05-16T01:03:34.110+0000] {dag.py:3047} INFO - Sync 2 DAGs
[2024-05-16T01:03:34.128+0000] {logging_mixin.py:188} INFO - [2024-05-16T01:03:34.128+0000] {dag.py:3834} INFO - Setting next_dagrun for example_xcom_args to None, run_after=None
[2024-05-16T01:03:34.133+0000] {logging_mixin.py:188} INFO - [2024-05-16T01:03:34.133+0000] {dag.py:3834} INFO - Setting next_dagrun for example_xcom_args_with_operators to None, run_after=None
[2024-05-16T01:03:34.157+0000] {processor.py:183} INFO - Processing /home/airflow/.local/lib/python3.8/site-packages/airflow/example_dags/example_xcomargs.py took 0.115 seconds
[2024-05-16T01:04:05.029+0000] {processor.py:161} INFO - Started process (PID=762) to work on /home/airflow/.local/lib/python3.8/site-packages/airflow/example_dags/example_xcomargs.py
[2024-05-16T01:04:05.030+0000] {processor.py:830} INFO - Processing file /home/airflow/.local/lib/python3.8/site-packages/airflow/example_dags/example_xcomargs.py for tasks to queue
[2024-05-16T01:04:05.033+0000] {logging_mixin.py:188} INFO - [2024-05-16T01:04:05.032+0000] {dagbag.py:540} INFO - Filling up the DagBag from /home/airflow/.local/lib/python3.8/site-packages/airflow/example_dags/example_xcomargs.py
[2024-05-16T01:04:05.042+0000] {processor.py:840} INFO - DAG(s) 'example_xcom_args', 'example_xcom_args_with_operators' retrieved from /home/airflow/.local/lib/python3.8/site-packages/airflow/example_dags/example_xcomargs.py
[2024-05-16T01:04:05.068+0000] {logging_mixin.py:188} INFO - [2024-05-16T01:04:05.068+0000] {dag.py:3047} INFO - Sync 2 DAGs
[2024-05-16T01:04:05.083+0000] {logging_mixin.py:188} INFO - [2024-05-16T01:04:05.082+0000] {dag.py:3834} INFO - Setting next_dagrun for example_xcom_args to None, run_after=None
[2024-05-16T01:04:05.087+0000] {logging_mixin.py:188} INFO - [2024-05-16T01:04:05.087+0000] {dag.py:3834} INFO - Setting next_dagrun for example_xcom_args_with_operators to None, run_after=None
[2024-05-16T01:04:05.114+0000] {processor.py:183} INFO - Processing /home/airflow/.local/lib/python3.8/site-packages/airflow/example_dags/example_xcomargs.py took 0.089 seconds
[2024-05-16T01:04:35.525+0000] {processor.py:161} INFO - Started process (PID=821) to work on /home/airflow/.local/lib/python3.8/site-packages/airflow/example_dags/example_xcomargs.py
[2024-05-16T01:04:35.527+0000] {processor.py:830} INFO - Processing file /home/airflow/.local/lib/python3.8/site-packages/airflow/example_dags/example_xcomargs.py for tasks to queue
[2024-05-16T01:04:35.530+0000] {logging_mixin.py:188} INFO - [2024-05-16T01:04:35.529+0000] {dagbag.py:540} INFO - Filling up the DagBag from /home/airflow/.local/lib/python3.8/site-packages/airflow/example_dags/example_xcomargs.py
[2024-05-16T01:04:35.539+0000] {processor.py:840} INFO - DAG(s) 'example_xcom_args_with_operators', 'example_xcom_args' retrieved from /home/airflow/.local/lib/python3.8/site-packages/airflow/example_dags/example_xcomargs.py
[2024-05-16T01:04:35.567+0000] {logging_mixin.py:188} INFO - [2024-05-16T01:04:35.567+0000] {dag.py:3047} INFO - Sync 2 DAGs
[2024-05-16T01:04:35.579+0000] {logging_mixin.py:188} INFO - [2024-05-16T01:04:35.579+0000] {dag.py:3834} INFO - Setting next_dagrun for example_xcom_args to None, run_after=None
[2024-05-16T01:04:35.583+0000] {logging_mixin.py:188} INFO - [2024-05-16T01:04:35.583+0000] {dag.py:3834} INFO - Setting next_dagrun for example_xcom_args_with_operators to None, run_after=None
[2024-05-16T01:04:35.605+0000] {processor.py:183} INFO - Processing /home/airflow/.local/lib/python3.8/site-packages/airflow/example_dags/example_xcomargs.py took 0.083 seconds
[2024-05-16T01:05:06.352+0000] {processor.py:161} INFO - Started process (PID=881) to work on /home/airflow/.local/lib/python3.8/site-packages/airflow/example_dags/example_xcomargs.py
[2024-05-16T01:05:06.353+0000] {processor.py:830} INFO - Processing file /home/airflow/.local/lib/python3.8/site-packages/airflow/example_dags/example_xcomargs.py for tasks to queue
[2024-05-16T01:05:06.356+0000] {logging_mixin.py:188} INFO - [2024-05-16T01:05:06.356+0000] {dagbag.py:540} INFO - Filling up the DagBag from /home/airflow/.local/lib/python3.8/site-packages/airflow/example_dags/example_xcomargs.py
[2024-05-16T01:05:06.364+0000] {processor.py:840} INFO - DAG(s) 'example_xcom_args_with_operators', 'example_xcom_args' retrieved from /home/airflow/.local/lib/python3.8/site-packages/airflow/example_dags/example_xcomargs.py
[2024-05-16T01:05:06.384+0000] {logging_mixin.py:188} INFO - [2024-05-16T01:05:06.384+0000] {dag.py:3047} INFO - Sync 2 DAGs
[2024-05-16T01:05:06.394+0000] {logging_mixin.py:188} INFO - [2024-05-16T01:05:06.393+0000] {dag.py:3834} INFO - Setting next_dagrun for example_xcom_args to None, run_after=None
[2024-05-16T01:05:06.398+0000] {logging_mixin.py:188} INFO - [2024-05-16T01:05:06.398+0000] {dag.py:3834} INFO - Setting next_dagrun for example_xcom_args_with_operators to None, run_after=None
[2024-05-16T01:05:06.418+0000] {processor.py:183} INFO - Processing /home/airflow/.local/lib/python3.8/site-packages/airflow/example_dags/example_xcomargs.py took 0.070 seconds
[2024-05-16T01:05:36.943+0000] {processor.py:161} INFO - Started process (PID=940) to work on /home/airflow/.local/lib/python3.8/site-packages/airflow/example_dags/example_xcomargs.py
[2024-05-16T01:05:36.945+0000] {processor.py:830} INFO - Processing file /home/airflow/.local/lib/python3.8/site-packages/airflow/example_dags/example_xcomargs.py for tasks to queue
[2024-05-16T01:05:36.948+0000] {logging_mixin.py:188} INFO - [2024-05-16T01:05:36.947+0000] {dagbag.py:540} INFO - Filling up the DagBag from /home/airflow/.local/lib/python3.8/site-packages/airflow/example_dags/example_xcomargs.py
[2024-05-16T01:05:36.956+0000] {processor.py:840} INFO - DAG(s) 'example_xcom_args', 'example_xcom_args_with_operators' retrieved from /home/airflow/.local/lib/python3.8/site-packages/airflow/example_dags/example_xcomargs.py
[2024-05-16T01:05:36.980+0000] {logging_mixin.py:188} INFO - [2024-05-16T01:05:36.980+0000] {dag.py:3047} INFO - Sync 2 DAGs
[2024-05-16T01:05:36.994+0000] {logging_mixin.py:188} INFO - [2024-05-16T01:05:36.994+0000] {dag.py:3834} INFO - Setting next_dagrun for example_xcom_args to None, run_after=None
[2024-05-16T01:05:36.999+0000] {logging_mixin.py:188} INFO - [2024-05-16T01:05:36.999+0000] {dag.py:3834} INFO - Setting next_dagrun for example_xcom_args_with_operators to None, run_after=None
[2024-05-16T01:05:37.023+0000] {processor.py:183} INFO - Processing /home/airflow/.local/lib/python3.8/site-packages/airflow/example_dags/example_xcomargs.py took 0.084 seconds
[2024-05-16T01:06:07.634+0000] {processor.py:161} INFO - Started process (PID=999) to work on /home/airflow/.local/lib/python3.8/site-packages/airflow/example_dags/example_xcomargs.py
[2024-05-16T01:06:07.636+0000] {processor.py:830} INFO - Processing file /home/airflow/.local/lib/python3.8/site-packages/airflow/example_dags/example_xcomargs.py for tasks to queue
[2024-05-16T01:06:07.638+0000] {logging_mixin.py:188} INFO - [2024-05-16T01:06:07.638+0000] {dagbag.py:540} INFO - Filling up the DagBag from /home/airflow/.local/lib/python3.8/site-packages/airflow/example_dags/example_xcomargs.py
[2024-05-16T01:06:07.648+0000] {processor.py:840} INFO - DAG(s) 'example_xcom_args', 'example_xcom_args_with_operators' retrieved from /home/airflow/.local/lib/python3.8/site-packages/airflow/example_dags/example_xcomargs.py
[2024-05-16T01:06:07.675+0000] {logging_mixin.py:188} INFO - [2024-05-16T01:06:07.675+0000] {dag.py:3047} INFO - Sync 2 DAGs
[2024-05-16T01:06:07.688+0000] {logging_mixin.py:188} INFO - [2024-05-16T01:06:07.688+0000] {dag.py:3834} INFO - Setting next_dagrun for example_xcom_args to None, run_after=None
[2024-05-16T01:06:07.692+0000] {logging_mixin.py:188} INFO - [2024-05-16T01:06:07.692+0000] {dag.py:3834} INFO - Setting next_dagrun for example_xcom_args_with_operators to None, run_after=None
[2024-05-16T01:06:07.720+0000] {processor.py:183} INFO - Processing /home/airflow/.local/lib/python3.8/site-packages/airflow/example_dags/example_xcomargs.py took 0.089 seconds
[2024-05-16T01:06:38.075+0000] {processor.py:161} INFO - Started process (PID=1058) to work on /home/airflow/.local/lib/python3.8/site-packages/airflow/example_dags/example_xcomargs.py
[2024-05-16T01:06:38.076+0000] {processor.py:830} INFO - Processing file /home/airflow/.local/lib/python3.8/site-packages/airflow/example_dags/example_xcomargs.py for tasks to queue
[2024-05-16T01:06:38.078+0000] {logging_mixin.py:188} INFO - [2024-05-16T01:06:38.078+0000] {dagbag.py:540} INFO - Filling up the DagBag from /home/airflow/.local/lib/python3.8/site-packages/airflow/example_dags/example_xcomargs.py
[2024-05-16T01:06:38.086+0000] {processor.py:840} INFO - DAG(s) 'example_xcom_args_with_operators', 'example_xcom_args' retrieved from /home/airflow/.local/lib/python3.8/site-packages/airflow/example_dags/example_xcomargs.py
[2024-05-16T01:06:38.110+0000] {logging_mixin.py:188} INFO - [2024-05-16T01:06:38.110+0000] {dag.py:3047} INFO - Sync 2 DAGs
[2024-05-16T01:06:38.120+0000] {logging_mixin.py:188} INFO - [2024-05-16T01:06:38.120+0000] {dag.py:3834} INFO - Setting next_dagrun for example_xcom_args to None, run_after=None
[2024-05-16T01:06:38.124+0000] {logging_mixin.py:188} INFO - [2024-05-16T01:06:38.124+0000] {dag.py:3834} INFO - Setting next_dagrun for example_xcom_args_with_operators to None, run_after=None
[2024-05-16T01:06:38.143+0000] {processor.py:183} INFO - Processing /home/airflow/.local/lib/python3.8/site-packages/airflow/example_dags/example_xcomargs.py took 0.072 seconds
[2024-05-16T01:07:08.260+0000] {processor.py:161} INFO - Started process (PID=1117) to work on /home/airflow/.local/lib/python3.8/site-packages/airflow/example_dags/example_xcomargs.py
[2024-05-16T01:07:08.262+0000] {processor.py:830} INFO - Processing file /home/airflow/.local/lib/python3.8/site-packages/airflow/example_dags/example_xcomargs.py for tasks to queue
[2024-05-16T01:07:08.265+0000] {logging_mixin.py:188} INFO - [2024-05-16T01:07:08.264+0000] {dagbag.py:540} INFO - Filling up the DagBag from /home/airflow/.local/lib/python3.8/site-packages/airflow/example_dags/example_xcomargs.py
[2024-05-16T01:07:08.275+0000] {processor.py:840} INFO - DAG(s) 'example_xcom_args_with_operators', 'example_xcom_args' retrieved from /home/airflow/.local/lib/python3.8/site-packages/airflow/example_dags/example_xcomargs.py
[2024-05-16T01:07:08.308+0000] {logging_mixin.py:188} INFO - [2024-05-16T01:07:08.308+0000] {dag.py:3047} INFO - Sync 2 DAGs
[2024-05-16T01:07:08.325+0000] {logging_mixin.py:188} INFO - [2024-05-16T01:07:08.325+0000] {dag.py:3834} INFO - Setting next_dagrun for example_xcom_args to None, run_after=None
[2024-05-16T01:07:08.329+0000] {logging_mixin.py:188} INFO - [2024-05-16T01:07:08.329+0000] {dag.py:3834} INFO - Setting next_dagrun for example_xcom_args_with_operators to None, run_after=None
[2024-05-16T01:07:08.353+0000] {processor.py:183} INFO - Processing /home/airflow/.local/lib/python3.8/site-packages/airflow/example_dags/example_xcomargs.py took 0.096 seconds
[2024-05-16T01:07:38.744+0000] {processor.py:161} INFO - Started process (PID=1176) to work on /home/airflow/.local/lib/python3.8/site-packages/airflow/example_dags/example_xcomargs.py
[2024-05-16T01:07:38.746+0000] {processor.py:830} INFO - Processing file /home/airflow/.local/lib/python3.8/site-packages/airflow/example_dags/example_xcomargs.py for tasks to queue
[2024-05-16T01:07:38.751+0000] {logging_mixin.py:188} INFO - [2024-05-16T01:07:38.750+0000] {dagbag.py:540} INFO - Filling up the DagBag from /home/airflow/.local/lib/python3.8/site-packages/airflow/example_dags/example_xcomargs.py
[2024-05-16T01:07:38.763+0000] {processor.py:840} INFO - DAG(s) 'example_xcom_args_with_operators', 'example_xcom_args' retrieved from /home/airflow/.local/lib/python3.8/site-packages/airflow/example_dags/example_xcomargs.py
[2024-05-16T01:07:38.804+0000] {logging_mixin.py:188} INFO - [2024-05-16T01:07:38.804+0000] {dag.py:3047} INFO - Sync 2 DAGs
[2024-05-16T01:07:38.823+0000] {logging_mixin.py:188} INFO - [2024-05-16T01:07:38.822+0000] {dag.py:3834} INFO - Setting next_dagrun for example_xcom_args to None, run_after=None
[2024-05-16T01:07:38.830+0000] {logging_mixin.py:188} INFO - [2024-05-16T01:07:38.829+0000] {dag.py:3834} INFO - Setting next_dagrun for example_xcom_args_with_operators to None, run_after=None
[2024-05-16T01:07:38.868+0000] {processor.py:183} INFO - Processing /home/airflow/.local/lib/python3.8/site-packages/airflow/example_dags/example_xcomargs.py took 0.130 seconds
[2024-05-16T01:08:09.665+0000] {processor.py:161} INFO - Started process (PID=1234) to work on /home/airflow/.local/lib/python3.8/site-packages/airflow/example_dags/example_xcomargs.py
[2024-05-16T01:08:09.667+0000] {processor.py:830} INFO - Processing file /home/airflow/.local/lib/python3.8/site-packages/airflow/example_dags/example_xcomargs.py for tasks to queue
[2024-05-16T01:08:09.669+0000] {logging_mixin.py:188} INFO - [2024-05-16T01:08:09.669+0000] {dagbag.py:540} INFO - Filling up the DagBag from /home/airflow/.local/lib/python3.8/site-packages/airflow/example_dags/example_xcomargs.py
[2024-05-16T01:08:09.679+0000] {processor.py:840} INFO - DAG(s) 'example_xcom_args_with_operators', 'example_xcom_args' retrieved from /home/airflow/.local/lib/python3.8/site-packages/airflow/example_dags/example_xcomargs.py
[2024-05-16T01:08:09.714+0000] {logging_mixin.py:188} INFO - [2024-05-16T01:08:09.714+0000] {dag.py:3047} INFO - Sync 2 DAGs
[2024-05-16T01:08:09.733+0000] {logging_mixin.py:188} INFO - [2024-05-16T01:08:09.733+0000] {dag.py:3834} INFO - Setting next_dagrun for example_xcom_args to None, run_after=None
[2024-05-16T01:08:09.740+0000] {logging_mixin.py:188} INFO - [2024-05-16T01:08:09.740+0000] {dag.py:3834} INFO - Setting next_dagrun for example_xcom_args_with_operators to None, run_after=None
[2024-05-16T01:08:09.767+0000] {processor.py:183} INFO - Processing /home/airflow/.local/lib/python3.8/site-packages/airflow/example_dags/example_xcomargs.py took 0.106 seconds
[2024-05-16T01:08:40.193+0000] {processor.py:161} INFO - Started process (PID=1293) to work on /home/airflow/.local/lib/python3.8/site-packages/airflow/example_dags/example_xcomargs.py
[2024-05-16T01:08:40.195+0000] {processor.py:830} INFO - Processing file /home/airflow/.local/lib/python3.8/site-packages/airflow/example_dags/example_xcomargs.py for tasks to queue
[2024-05-16T01:08:40.200+0000] {logging_mixin.py:188} INFO - [2024-05-16T01:08:40.198+0000] {dagbag.py:540} INFO - Filling up the DagBag from /home/airflow/.local/lib/python3.8/site-packages/airflow/example_dags/example_xcomargs.py
[2024-05-16T01:08:40.214+0000] {processor.py:840} INFO - DAG(s) 'example_xcom_args', 'example_xcom_args_with_operators' retrieved from /home/airflow/.local/lib/python3.8/site-packages/airflow/example_dags/example_xcomargs.py
[2024-05-16T01:08:40.255+0000] {logging_mixin.py:188} INFO - [2024-05-16T01:08:40.254+0000] {dag.py:3047} INFO - Sync 2 DAGs
[2024-05-16T01:08:40.275+0000] {logging_mixin.py:188} INFO - [2024-05-16T01:08:40.275+0000] {dag.py:3834} INFO - Setting next_dagrun for example_xcom_args to None, run_after=None
[2024-05-16T01:08:40.281+0000] {logging_mixin.py:188} INFO - [2024-05-16T01:08:40.281+0000] {dag.py:3834} INFO - Setting next_dagrun for example_xcom_args_with_operators to None, run_after=None
[2024-05-16T01:08:40.316+0000] {processor.py:183} INFO - Processing /home/airflow/.local/lib/python3.8/site-packages/airflow/example_dags/example_xcomargs.py took 0.127 seconds
[2024-05-16T01:09:10.849+0000] {processor.py:161} INFO - Started process (PID=1358) to work on /home/airflow/.local/lib/python3.8/site-packages/airflow/example_dags/example_xcomargs.py
[2024-05-16T01:09:10.850+0000] {processor.py:830} INFO - Processing file /home/airflow/.local/lib/python3.8/site-packages/airflow/example_dags/example_xcomargs.py for tasks to queue
[2024-05-16T01:09:10.853+0000] {logging_mixin.py:188} INFO - [2024-05-16T01:09:10.853+0000] {dagbag.py:540} INFO - Filling up the DagBag from /home/airflow/.local/lib/python3.8/site-packages/airflow/example_dags/example_xcomargs.py
[2024-05-16T01:09:10.861+0000] {processor.py:840} INFO - DAG(s) 'example_xcom_args', 'example_xcom_args_with_operators' retrieved from /home/airflow/.local/lib/python3.8/site-packages/airflow/example_dags/example_xcomargs.py
[2024-05-16T01:09:10.887+0000] {logging_mixin.py:188} INFO - [2024-05-16T01:09:10.887+0000] {dag.py:3047} INFO - Sync 2 DAGs
[2024-05-16T01:09:10.899+0000] {logging_mixin.py:188} INFO - [2024-05-16T01:09:10.898+0000] {dag.py:3834} INFO - Setting next_dagrun for example_xcom_args to None, run_after=None
[2024-05-16T01:09:10.903+0000] {logging_mixin.py:188} INFO - [2024-05-16T01:09:10.903+0000] {dag.py:3834} INFO - Setting next_dagrun for example_xcom_args_with_operators to None, run_after=None
[2024-05-16T01:09:10.926+0000] {processor.py:183} INFO - Processing /home/airflow/.local/lib/python3.8/site-packages/airflow/example_dags/example_xcomargs.py took 0.081 seconds
[2024-05-16T01:09:41.149+0000] {processor.py:161} INFO - Started process (PID=1417) to work on /home/airflow/.local/lib/python3.8/site-packages/airflow/example_dags/example_xcomargs.py
[2024-05-16T01:09:41.151+0000] {processor.py:830} INFO - Processing file /home/airflow/.local/lib/python3.8/site-packages/airflow/example_dags/example_xcomargs.py for tasks to queue
[2024-05-16T01:09:41.156+0000] {logging_mixin.py:188} INFO - [2024-05-16T01:09:41.155+0000] {dagbag.py:540} INFO - Filling up the DagBag from /home/airflow/.local/lib/python3.8/site-packages/airflow/example_dags/example_xcomargs.py
[2024-05-16T01:09:41.172+0000] {processor.py:840} INFO - DAG(s) 'example_xcom_args', 'example_xcom_args_with_operators' retrieved from /home/airflow/.local/lib/python3.8/site-packages/airflow/example_dags/example_xcomargs.py
[2024-05-16T01:09:41.219+0000] {logging_mixin.py:188} INFO - [2024-05-16T01:09:41.218+0000] {dag.py:3047} INFO - Sync 2 DAGs
[2024-05-16T01:09:41.239+0000] {logging_mixin.py:188} INFO - [2024-05-16T01:09:41.239+0000] {dag.py:3834} INFO - Setting next_dagrun for example_xcom_args to None, run_after=None
[2024-05-16T01:09:41.247+0000] {logging_mixin.py:188} INFO - [2024-05-16T01:09:41.247+0000] {dag.py:3834} INFO - Setting next_dagrun for example_xcom_args_with_operators to None, run_after=None
[2024-05-16T01:09:41.283+0000] {processor.py:183} INFO - Processing /home/airflow/.local/lib/python3.8/site-packages/airflow/example_dags/example_xcomargs.py took 0.140 seconds
[2024-05-16T01:10:11.623+0000] {processor.py:161} INFO - Started process (PID=1476) to work on /home/airflow/.local/lib/python3.8/site-packages/airflow/example_dags/example_xcomargs.py
[2024-05-16T01:10:11.625+0000] {processor.py:830} INFO - Processing file /home/airflow/.local/lib/python3.8/site-packages/airflow/example_dags/example_xcomargs.py for tasks to queue
[2024-05-16T01:10:11.629+0000] {logging_mixin.py:188} INFO - [2024-05-16T01:10:11.628+0000] {dagbag.py:540} INFO - Filling up the DagBag from /home/airflow/.local/lib/python3.8/site-packages/airflow/example_dags/example_xcomargs.py
[2024-05-16T01:10:11.643+0000] {processor.py:840} INFO - DAG(s) 'example_xcom_args_with_operators', 'example_xcom_args' retrieved from /home/airflow/.local/lib/python3.8/site-packages/airflow/example_dags/example_xcomargs.py
[2024-05-16T01:10:11.683+0000] {logging_mixin.py:188} INFO - [2024-05-16T01:10:11.683+0000] {dag.py:3047} INFO - Sync 2 DAGs
[2024-05-16T01:10:11.704+0000] {logging_mixin.py:188} INFO - [2024-05-16T01:10:11.704+0000] {dag.py:3834} INFO - Setting next_dagrun for example_xcom_args to None, run_after=None
[2024-05-16T01:10:11.712+0000] {logging_mixin.py:188} INFO - [2024-05-16T01:10:11.711+0000] {dag.py:3834} INFO - Setting next_dagrun for example_xcom_args_with_operators to None, run_after=None
[2024-05-16T01:10:11.746+0000] {processor.py:183} INFO - Processing /home/airflow/.local/lib/python3.8/site-packages/airflow/example_dags/example_xcomargs.py took 0.128 seconds
[2024-05-16T01:10:41.909+0000] {processor.py:161} INFO - Started process (PID=1535) to work on /home/airflow/.local/lib/python3.8/site-packages/airflow/example_dags/example_xcomargs.py
[2024-05-16T01:10:41.910+0000] {processor.py:830} INFO - Processing file /home/airflow/.local/lib/python3.8/site-packages/airflow/example_dags/example_xcomargs.py for tasks to queue
[2024-05-16T01:10:41.913+0000] {logging_mixin.py:188} INFO - [2024-05-16T01:10:41.912+0000] {dagbag.py:540} INFO - Filling up the DagBag from /home/airflow/.local/lib/python3.8/site-packages/airflow/example_dags/example_xcomargs.py
[2024-05-16T01:10:41.923+0000] {processor.py:840} INFO - DAG(s) 'example_xcom_args_with_operators', 'example_xcom_args' retrieved from /home/airflow/.local/lib/python3.8/site-packages/airflow/example_dags/example_xcomargs.py
[2024-05-16T01:10:41.952+0000] {logging_mixin.py:188} INFO - [2024-05-16T01:10:41.952+0000] {dag.py:3047} INFO - Sync 2 DAGs
[2024-05-16T01:10:41.967+0000] {logging_mixin.py:188} INFO - [2024-05-16T01:10:41.966+0000] {dag.py:3834} INFO - Setting next_dagrun for example_xcom_args to None, run_after=None
[2024-05-16T01:10:41.971+0000] {logging_mixin.py:188} INFO - [2024-05-16T01:10:41.971+0000] {dag.py:3834} INFO - Setting next_dagrun for example_xcom_args_with_operators to None, run_after=None
[2024-05-16T01:10:41.997+0000] {processor.py:183} INFO - Processing /home/airflow/.local/lib/python3.8/site-packages/airflow/example_dags/example_xcomargs.py took 0.092 seconds
[2024-05-16T01:11:12.777+0000] {processor.py:161} INFO - Started process (PID=1594) to work on /home/airflow/.local/lib/python3.8/site-packages/airflow/example_dags/example_xcomargs.py
[2024-05-16T01:11:12.778+0000] {processor.py:830} INFO - Processing file /home/airflow/.local/lib/python3.8/site-packages/airflow/example_dags/example_xcomargs.py for tasks to queue
[2024-05-16T01:11:12.780+0000] {logging_mixin.py:188} INFO - [2024-05-16T01:11:12.780+0000] {dagbag.py:540} INFO - Filling up the DagBag from /home/airflow/.local/lib/python3.8/site-packages/airflow/example_dags/example_xcomargs.py
[2024-05-16T01:11:12.789+0000] {processor.py:840} INFO - DAG(s) 'example_xcom_args', 'example_xcom_args_with_operators' retrieved from /home/airflow/.local/lib/python3.8/site-packages/airflow/example_dags/example_xcomargs.py
[2024-05-16T01:11:12.812+0000] {logging_mixin.py:188} INFO - [2024-05-16T01:11:12.812+0000] {dag.py:3047} INFO - Sync 2 DAGs
[2024-05-16T01:11:12.823+0000] {logging_mixin.py:188} INFO - [2024-05-16T01:11:12.822+0000] {dag.py:3834} INFO - Setting next_dagrun for example_xcom_args to None, run_after=None
[2024-05-16T01:11:12.827+0000] {logging_mixin.py:188} INFO - [2024-05-16T01:11:12.826+0000] {dag.py:3834} INFO - Setting next_dagrun for example_xcom_args_with_operators to None, run_after=None
[2024-05-16T01:11:12.847+0000] {processor.py:183} INFO - Processing /home/airflow/.local/lib/python3.8/site-packages/airflow/example_dags/example_xcomargs.py took 0.073 seconds
[2024-05-16T01:11:43.042+0000] {processor.py:161} INFO - Started process (PID=1653) to work on /home/airflow/.local/lib/python3.8/site-packages/airflow/example_dags/example_xcomargs.py
[2024-05-16T01:11:43.044+0000] {processor.py:830} INFO - Processing file /home/airflow/.local/lib/python3.8/site-packages/airflow/example_dags/example_xcomargs.py for tasks to queue
[2024-05-16T01:11:43.046+0000] {logging_mixin.py:188} INFO - [2024-05-16T01:11:43.045+0000] {dagbag.py:540} INFO - Filling up the DagBag from /home/airflow/.local/lib/python3.8/site-packages/airflow/example_dags/example_xcomargs.py
[2024-05-16T01:11:43.052+0000] {processor.py:840} INFO - DAG(s) 'example_xcom_args', 'example_xcom_args_with_operators' retrieved from /home/airflow/.local/lib/python3.8/site-packages/airflow/example_dags/example_xcomargs.py
[2024-05-16T01:11:43.075+0000] {logging_mixin.py:188} INFO - [2024-05-16T01:11:43.075+0000] {dag.py:3047} INFO - Sync 2 DAGs
[2024-05-16T01:11:43.086+0000] {logging_mixin.py:188} INFO - [2024-05-16T01:11:43.086+0000] {dag.py:3834} INFO - Setting next_dagrun for example_xcom_args to None, run_after=None
[2024-05-16T01:11:43.090+0000] {logging_mixin.py:188} INFO - [2024-05-16T01:11:43.090+0000] {dag.py:3834} INFO - Setting next_dagrun for example_xcom_args_with_operators to None, run_after=None
[2024-05-16T01:11:43.114+0000] {processor.py:183} INFO - Processing /home/airflow/.local/lib/python3.8/site-packages/airflow/example_dags/example_xcomargs.py took 0.074 seconds
[2024-05-16T01:12:13.640+0000] {processor.py:161} INFO - Started process (PID=1712) to work on /home/airflow/.local/lib/python3.8/site-packages/airflow/example_dags/example_xcomargs.py
[2024-05-16T01:12:13.642+0000] {processor.py:830} INFO - Processing file /home/airflow/.local/lib/python3.8/site-packages/airflow/example_dags/example_xcomargs.py for tasks to queue
[2024-05-16T01:12:13.648+0000] {logging_mixin.py:188} INFO - [2024-05-16T01:12:13.648+0000] {dagbag.py:540} INFO - Filling up the DagBag from /home/airflow/.local/lib/python3.8/site-packages/airflow/example_dags/example_xcomargs.py
[2024-05-16T01:12:13.657+0000] {processor.py:840} INFO - DAG(s) 'example_xcom_args', 'example_xcom_args_with_operators' retrieved from /home/airflow/.local/lib/python3.8/site-packages/airflow/example_dags/example_xcomargs.py
[2024-05-16T01:12:13.683+0000] {logging_mixin.py:188} INFO - [2024-05-16T01:12:13.683+0000] {dag.py:3047} INFO - Sync 2 DAGs
[2024-05-16T01:12:13.698+0000] {logging_mixin.py:188} INFO - [2024-05-16T01:12:13.698+0000] {dag.py:3834} INFO - Setting next_dagrun for example_xcom_args to None, run_after=None
[2024-05-16T01:12:13.704+0000] {logging_mixin.py:188} INFO - [2024-05-16T01:12:13.704+0000] {dag.py:3834} INFO - Setting next_dagrun for example_xcom_args_with_operators to None, run_after=None
[2024-05-16T01:12:13.730+0000] {processor.py:183} INFO - Processing /home/airflow/.local/lib/python3.8/site-packages/airflow/example_dags/example_xcomargs.py took 0.094 seconds
[2024-05-16T01:12:44.232+0000] {processor.py:161} INFO - Started process (PID=1771) to work on /home/airflow/.local/lib/python3.8/site-packages/airflow/example_dags/example_xcomargs.py
[2024-05-16T01:12:44.234+0000] {processor.py:830} INFO - Processing file /home/airflow/.local/lib/python3.8/site-packages/airflow/example_dags/example_xcomargs.py for tasks to queue
[2024-05-16T01:12:44.235+0000] {logging_mixin.py:188} INFO - [2024-05-16T01:12:44.235+0000] {dagbag.py:540} INFO - Filling up the DagBag from /home/airflow/.local/lib/python3.8/site-packages/airflow/example_dags/example_xcomargs.py
[2024-05-16T01:12:44.244+0000] {processor.py:840} INFO - DAG(s) 'example_xcom_args', 'example_xcom_args_with_operators' retrieved from /home/airflow/.local/lib/python3.8/site-packages/airflow/example_dags/example_xcomargs.py
[2024-05-16T01:12:44.268+0000] {logging_mixin.py:188} INFO - [2024-05-16T01:12:44.267+0000] {dag.py:3047} INFO - Sync 2 DAGs
[2024-05-16T01:12:44.277+0000] {logging_mixin.py:188} INFO - [2024-05-16T01:12:44.277+0000] {dag.py:3834} INFO - Setting next_dagrun for example_xcom_args to None, run_after=None
[2024-05-16T01:12:44.282+0000] {logging_mixin.py:188} INFO - [2024-05-16T01:12:44.281+0000] {dag.py:3834} INFO - Setting next_dagrun for example_xcom_args_with_operators to None, run_after=None
[2024-05-16T01:12:44.311+0000] {processor.py:183} INFO - Processing /home/airflow/.local/lib/python3.8/site-packages/airflow/example_dags/example_xcomargs.py took 0.082 seconds
[2024-05-16T01:13:14.830+0000] {processor.py:161} INFO - Started process (PID=1830) to work on /home/airflow/.local/lib/python3.8/site-packages/airflow/example_dags/example_xcomargs.py
[2024-05-16T01:13:14.832+0000] {processor.py:830} INFO - Processing file /home/airflow/.local/lib/python3.8/site-packages/airflow/example_dags/example_xcomargs.py for tasks to queue
[2024-05-16T01:13:14.834+0000] {logging_mixin.py:188} INFO - [2024-05-16T01:13:14.834+0000] {dagbag.py:540} INFO - Filling up the DagBag from /home/airflow/.local/lib/python3.8/site-packages/airflow/example_dags/example_xcomargs.py
[2024-05-16T01:13:14.844+0000] {processor.py:840} INFO - DAG(s) 'example_xcom_args_with_operators', 'example_xcom_args' retrieved from /home/airflow/.local/lib/python3.8/site-packages/airflow/example_dags/example_xcomargs.py
[2024-05-16T01:13:14.871+0000] {logging_mixin.py:188} INFO - [2024-05-16T01:13:14.871+0000] {dag.py:3047} INFO - Sync 2 DAGs
[2024-05-16T01:13:14.884+0000] {logging_mixin.py:188} INFO - [2024-05-16T01:13:14.884+0000] {dag.py:3834} INFO - Setting next_dagrun for example_xcom_args to None, run_after=None
[2024-05-16T01:13:14.890+0000] {logging_mixin.py:188} INFO - [2024-05-16T01:13:14.890+0000] {dag.py:3834} INFO - Setting next_dagrun for example_xcom_args_with_operators to None, run_after=None
[2024-05-16T01:13:14.913+0000] {processor.py:183} INFO - Processing /home/airflow/.local/lib/python3.8/site-packages/airflow/example_dags/example_xcomargs.py took 0.087 seconds
[2024-05-16T01:13:45.920+0000] {processor.py:161} INFO - Started process (PID=1889) to work on /home/airflow/.local/lib/python3.8/site-packages/airflow/example_dags/example_xcomargs.py
[2024-05-16T01:13:45.922+0000] {processor.py:830} INFO - Processing file /home/airflow/.local/lib/python3.8/site-packages/airflow/example_dags/example_xcomargs.py for tasks to queue
[2024-05-16T01:13:45.925+0000] {logging_mixin.py:188} INFO - [2024-05-16T01:13:45.924+0000] {dagbag.py:540} INFO - Filling up the DagBag from /home/airflow/.local/lib/python3.8/site-packages/airflow/example_dags/example_xcomargs.py
[2024-05-16T01:13:45.934+0000] {processor.py:840} INFO - DAG(s) 'example_xcom_args_with_operators', 'example_xcom_args' retrieved from /home/airflow/.local/lib/python3.8/site-packages/airflow/example_dags/example_xcomargs.py
[2024-05-16T01:13:45.964+0000] {logging_mixin.py:188} INFO - [2024-05-16T01:13:45.964+0000] {dag.py:3047} INFO - Sync 2 DAGs
[2024-05-16T01:13:45.980+0000] {logging_mixin.py:188} INFO - [2024-05-16T01:13:45.979+0000] {dag.py:3834} INFO - Setting next_dagrun for example_xcom_args to None, run_after=None
[2024-05-16T01:13:45.986+0000] {logging_mixin.py:188} INFO - [2024-05-16T01:13:45.986+0000] {dag.py:3834} INFO - Setting next_dagrun for example_xcom_args_with_operators to None, run_after=None
[2024-05-16T01:13:46.011+0000] {processor.py:183} INFO - Processing /home/airflow/.local/lib/python3.8/site-packages/airflow/example_dags/example_xcomargs.py took 0.094 seconds
[2024-05-16T01:14:16.156+0000] {processor.py:161} INFO - Started process (PID=1948) to work on /home/airflow/.local/lib/python3.8/site-packages/airflow/example_dags/example_xcomargs.py
[2024-05-16T01:14:16.157+0000] {processor.py:830} INFO - Processing file /home/airflow/.local/lib/python3.8/site-packages/airflow/example_dags/example_xcomargs.py for tasks to queue
[2024-05-16T01:14:16.160+0000] {logging_mixin.py:188} INFO - [2024-05-16T01:14:16.159+0000] {dagbag.py:540} INFO - Filling up the DagBag from /home/airflow/.local/lib/python3.8/site-packages/airflow/example_dags/example_xcomargs.py
[2024-05-16T01:14:16.169+0000] {processor.py:840} INFO - DAG(s) 'example_xcom_args_with_operators', 'example_xcom_args' retrieved from /home/airflow/.local/lib/python3.8/site-packages/airflow/example_dags/example_xcomargs.py
[2024-05-16T01:14:16.196+0000] {logging_mixin.py:188} INFO - [2024-05-16T01:14:16.195+0000] {dag.py:3047} INFO - Sync 2 DAGs
[2024-05-16T01:14:16.211+0000] {logging_mixin.py:188} INFO - [2024-05-16T01:14:16.211+0000] {dag.py:3834} INFO - Setting next_dagrun for example_xcom_args to None, run_after=None
[2024-05-16T01:14:16.216+0000] {logging_mixin.py:188} INFO - [2024-05-16T01:14:16.215+0000] {dag.py:3834} INFO - Setting next_dagrun for example_xcom_args_with_operators to None, run_after=None
[2024-05-16T01:14:16.240+0000] {processor.py:183} INFO - Processing /home/airflow/.local/lib/python3.8/site-packages/airflow/example_dags/example_xcomargs.py took 0.087 seconds
[2024-05-16T01:14:46.950+0000] {processor.py:161} INFO - Started process (PID=2007) to work on /home/airflow/.local/lib/python3.8/site-packages/airflow/example_dags/example_xcomargs.py
[2024-05-16T01:14:46.952+0000] {processor.py:830} INFO - Processing file /home/airflow/.local/lib/python3.8/site-packages/airflow/example_dags/example_xcomargs.py for tasks to queue
[2024-05-16T01:14:46.955+0000] {logging_mixin.py:188} INFO - [2024-05-16T01:14:46.954+0000] {dagbag.py:540} INFO - Filling up the DagBag from /home/airflow/.local/lib/python3.8/site-packages/airflow/example_dags/example_xcomargs.py
[2024-05-16T01:14:46.965+0000] {processor.py:840} INFO - DAG(s) 'example_xcom_args', 'example_xcom_args_with_operators' retrieved from /home/airflow/.local/lib/python3.8/site-packages/airflow/example_dags/example_xcomargs.py
[2024-05-16T01:14:46.994+0000] {logging_mixin.py:188} INFO - [2024-05-16T01:14:46.993+0000] {dag.py:3047} INFO - Sync 2 DAGs
[2024-05-16T01:14:47.010+0000] {logging_mixin.py:188} INFO - [2024-05-16T01:14:47.009+0000] {dag.py:3834} INFO - Setting next_dagrun for example_xcom_args to None, run_after=None
[2024-05-16T01:14:47.015+0000] {logging_mixin.py:188} INFO - [2024-05-16T01:14:47.015+0000] {dag.py:3834} INFO - Setting next_dagrun for example_xcom_args_with_operators to None, run_after=None
[2024-05-16T01:14:47.040+0000] {processor.py:183} INFO - Processing /home/airflow/.local/lib/python3.8/site-packages/airflow/example_dags/example_xcomargs.py took 0.094 seconds
[2024-05-16T01:15:18.297+0000] {processor.py:161} INFO - Started process (PID=2066) to work on /home/airflow/.local/lib/python3.8/site-packages/airflow/example_dags/example_xcomargs.py
[2024-05-16T01:15:18.299+0000] {processor.py:830} INFO - Processing file /home/airflow/.local/lib/python3.8/site-packages/airflow/example_dags/example_xcomargs.py for tasks to queue
[2024-05-16T01:15:18.301+0000] {logging_mixin.py:188} INFO - [2024-05-16T01:15:18.301+0000] {dagbag.py:540} INFO - Filling up the DagBag from /home/airflow/.local/lib/python3.8/site-packages/airflow/example_dags/example_xcomargs.py
[2024-05-16T01:15:18.310+0000] {processor.py:840} INFO - DAG(s) 'example_xcom_args_with_operators', 'example_xcom_args' retrieved from /home/airflow/.local/lib/python3.8/site-packages/airflow/example_dags/example_xcomargs.py
[2024-05-16T01:15:18.336+0000] {logging_mixin.py:188} INFO - [2024-05-16T01:15:18.336+0000] {dag.py:3047} INFO - Sync 2 DAGs
[2024-05-16T01:15:18.350+0000] {logging_mixin.py:188} INFO - [2024-05-16T01:15:18.350+0000] {dag.py:3834} INFO - Setting next_dagrun for example_xcom_args to None, run_after=None
[2024-05-16T01:15:18.355+0000] {logging_mixin.py:188} INFO - [2024-05-16T01:15:18.355+0000] {dag.py:3834} INFO - Setting next_dagrun for example_xcom_args_with_operators to None, run_after=None
[2024-05-16T01:15:18.382+0000] {processor.py:183} INFO - Processing /home/airflow/.local/lib/python3.8/site-packages/airflow/example_dags/example_xcomargs.py took 0.088 seconds
[2024-05-16T01:15:49.518+0000] {processor.py:161} INFO - Started process (PID=2125) to work on /home/airflow/.local/lib/python3.8/site-packages/airflow/example_dags/example_xcomargs.py
[2024-05-16T01:15:49.525+0000] {processor.py:830} INFO - Processing file /home/airflow/.local/lib/python3.8/site-packages/airflow/example_dags/example_xcomargs.py for tasks to queue
[2024-05-16T01:15:49.528+0000] {logging_mixin.py:188} INFO - [2024-05-16T01:15:49.527+0000] {dagbag.py:540} INFO - Filling up the DagBag from /home/airflow/.local/lib/python3.8/site-packages/airflow/example_dags/example_xcomargs.py
[2024-05-16T01:15:49.536+0000] {processor.py:840} INFO - DAG(s) 'example_xcom_args', 'example_xcom_args_with_operators' retrieved from /home/airflow/.local/lib/python3.8/site-packages/airflow/example_dags/example_xcomargs.py
[2024-05-16T01:15:49.567+0000] {logging_mixin.py:188} INFO - [2024-05-16T01:15:49.566+0000] {dag.py:3047} INFO - Sync 2 DAGs
[2024-05-16T01:15:49.581+0000] {logging_mixin.py:188} INFO - [2024-05-16T01:15:49.581+0000] {dag.py:3834} INFO - Setting next_dagrun for example_xcom_args to None, run_after=None
[2024-05-16T01:15:49.587+0000] {logging_mixin.py:188} INFO - [2024-05-16T01:15:49.587+0000] {dag.py:3834} INFO - Setting next_dagrun for example_xcom_args_with_operators to None, run_after=None
[2024-05-16T01:15:49.613+0000] {processor.py:183} INFO - Processing /home/airflow/.local/lib/python3.8/site-packages/airflow/example_dags/example_xcomargs.py took 0.097 seconds
[2024-05-16T01:16:20.111+0000] {processor.py:161} INFO - Started process (PID=2184) to work on /home/airflow/.local/lib/python3.8/site-packages/airflow/example_dags/example_xcomargs.py
[2024-05-16T01:16:20.113+0000] {processor.py:830} INFO - Processing file /home/airflow/.local/lib/python3.8/site-packages/airflow/example_dags/example_xcomargs.py for tasks to queue
[2024-05-16T01:16:20.116+0000] {logging_mixin.py:188} INFO - [2024-05-16T01:16:20.116+0000] {dagbag.py:540} INFO - Filling up the DagBag from /home/airflow/.local/lib/python3.8/site-packages/airflow/example_dags/example_xcomargs.py
[2024-05-16T01:16:20.132+0000] {processor.py:840} INFO - DAG(s) 'example_xcom_args_with_operators', 'example_xcom_args' retrieved from /home/airflow/.local/lib/python3.8/site-packages/airflow/example_dags/example_xcomargs.py
[2024-05-16T01:16:20.163+0000] {logging_mixin.py:188} INFO - [2024-05-16T01:16:20.163+0000] {dag.py:3047} INFO - Sync 2 DAGs
[2024-05-16T01:16:20.183+0000] {logging_mixin.py:188} INFO - [2024-05-16T01:16:20.183+0000] {dag.py:3834} INFO - Setting next_dagrun for example_xcom_args to None, run_after=None
[2024-05-16T01:16:20.189+0000] {logging_mixin.py:188} INFO - [2024-05-16T01:16:20.188+0000] {dag.py:3834} INFO - Setting next_dagrun for example_xcom_args_with_operators to None, run_after=None
[2024-05-16T01:16:20.219+0000] {processor.py:183} INFO - Processing /home/airflow/.local/lib/python3.8/site-packages/airflow/example_dags/example_xcomargs.py took 0.111 seconds
[2024-05-16T01:16:51.290+0000] {processor.py:161} INFO - Started process (PID=2243) to work on /home/airflow/.local/lib/python3.8/site-packages/airflow/example_dags/example_xcomargs.py
[2024-05-16T01:16:51.291+0000] {processor.py:830} INFO - Processing file /home/airflow/.local/lib/python3.8/site-packages/airflow/example_dags/example_xcomargs.py for tasks to queue
[2024-05-16T01:16:51.294+0000] {logging_mixin.py:188} INFO - [2024-05-16T01:16:51.294+0000] {dagbag.py:540} INFO - Filling up the DagBag from /home/airflow/.local/lib/python3.8/site-packages/airflow/example_dags/example_xcomargs.py
[2024-05-16T01:16:51.304+0000] {processor.py:840} INFO - DAG(s) 'example_xcom_args_with_operators', 'example_xcom_args' retrieved from /home/airflow/.local/lib/python3.8/site-packages/airflow/example_dags/example_xcomargs.py
[2024-05-16T01:16:51.336+0000] {logging_mixin.py:188} INFO - [2024-05-16T01:16:51.336+0000] {dag.py:3047} INFO - Sync 2 DAGs
[2024-05-16T01:16:51.352+0000] {logging_mixin.py:188} INFO - [2024-05-16T01:16:51.352+0000] {dag.py:3834} INFO - Setting next_dagrun for example_xcom_args to None, run_after=None
[2024-05-16T01:16:51.357+0000] {logging_mixin.py:188} INFO - [2024-05-16T01:16:51.356+0000] {dag.py:3834} INFO - Setting next_dagrun for example_xcom_args_with_operators to None, run_after=None
[2024-05-16T01:16:51.383+0000] {processor.py:183} INFO - Processing /home/airflow/.local/lib/python3.8/site-packages/airflow/example_dags/example_xcomargs.py took 0.098 seconds
[2024-05-16T01:17:21.780+0000] {processor.py:161} INFO - Started process (PID=2302) to work on /home/airflow/.local/lib/python3.8/site-packages/airflow/example_dags/example_xcomargs.py
[2024-05-16T01:17:21.782+0000] {processor.py:830} INFO - Processing file /home/airflow/.local/lib/python3.8/site-packages/airflow/example_dags/example_xcomargs.py for tasks to queue
[2024-05-16T01:17:21.786+0000] {logging_mixin.py:188} INFO - [2024-05-16T01:17:21.785+0000] {dagbag.py:540} INFO - Filling up the DagBag from /home/airflow/.local/lib/python3.8/site-packages/airflow/example_dags/example_xcomargs.py
[2024-05-16T01:17:21.795+0000] {processor.py:840} INFO - DAG(s) 'example_xcom_args', 'example_xcom_args_with_operators' retrieved from /home/airflow/.local/lib/python3.8/site-packages/airflow/example_dags/example_xcomargs.py
[2024-05-16T01:17:21.822+0000] {logging_mixin.py:188} INFO - [2024-05-16T01:17:21.822+0000] {dag.py:3047} INFO - Sync 2 DAGs
[2024-05-16T01:17:21.836+0000] {logging_mixin.py:188} INFO - [2024-05-16T01:17:21.836+0000] {dag.py:3834} INFO - Setting next_dagrun for example_xcom_args to None, run_after=None
[2024-05-16T01:17:21.841+0000] {logging_mixin.py:188} INFO - [2024-05-16T01:17:21.840+0000] {dag.py:3834} INFO - Setting next_dagrun for example_xcom_args_with_operators to None, run_after=None
[2024-05-16T01:17:21.867+0000] {processor.py:183} INFO - Processing /home/airflow/.local/lib/python3.8/site-packages/airflow/example_dags/example_xcomargs.py took 0.090 seconds
[2024-05-16T01:17:52.727+0000] {processor.py:161} INFO - Started process (PID=2361) to work on /home/airflow/.local/lib/python3.8/site-packages/airflow/example_dags/example_xcomargs.py
[2024-05-16T01:17:52.733+0000] {processor.py:830} INFO - Processing file /home/airflow/.local/lib/python3.8/site-packages/airflow/example_dags/example_xcomargs.py for tasks to queue
[2024-05-16T01:17:52.736+0000] {logging_mixin.py:188} INFO - [2024-05-16T01:17:52.735+0000] {dagbag.py:540} INFO - Filling up the DagBag from /home/airflow/.local/lib/python3.8/site-packages/airflow/example_dags/example_xcomargs.py
[2024-05-16T01:17:52.747+0000] {processor.py:840} INFO - DAG(s) 'example_xcom_args', 'example_xcom_args_with_operators' retrieved from /home/airflow/.local/lib/python3.8/site-packages/airflow/example_dags/example_xcomargs.py
[2024-05-16T01:17:52.779+0000] {logging_mixin.py:188} INFO - [2024-05-16T01:17:52.779+0000] {dag.py:3047} INFO - Sync 2 DAGs
[2024-05-16T01:17:52.795+0000] {logging_mixin.py:188} INFO - [2024-05-16T01:17:52.795+0000] {dag.py:3834} INFO - Setting next_dagrun for example_xcom_args to None, run_after=None
[2024-05-16T01:17:52.805+0000] {logging_mixin.py:188} INFO - [2024-05-16T01:17:52.805+0000] {dag.py:3834} INFO - Setting next_dagrun for example_xcom_args_with_operators to None, run_after=None
[2024-05-16T01:17:52.834+0000] {processor.py:183} INFO - Processing /home/airflow/.local/lib/python3.8/site-packages/airflow/example_dags/example_xcomargs.py took 0.111 seconds
[2024-05-16T01:18:23.557+0000] {processor.py:161} INFO - Started process (PID=2420) to work on /home/airflow/.local/lib/python3.8/site-packages/airflow/example_dags/example_xcomargs.py
[2024-05-16T01:18:23.561+0000] {processor.py:830} INFO - Processing file /home/airflow/.local/lib/python3.8/site-packages/airflow/example_dags/example_xcomargs.py for tasks to queue
[2024-05-16T01:18:23.568+0000] {logging_mixin.py:188} INFO - [2024-05-16T01:18:23.566+0000] {dagbag.py:540} INFO - Filling up the DagBag from /home/airflow/.local/lib/python3.8/site-packages/airflow/example_dags/example_xcomargs.py
[2024-05-16T01:18:23.589+0000] {processor.py:840} INFO - DAG(s) 'example_xcom_args', 'example_xcom_args_with_operators' retrieved from /home/airflow/.local/lib/python3.8/site-packages/airflow/example_dags/example_xcomargs.py
[2024-05-16T01:18:23.644+0000] {logging_mixin.py:188} INFO - [2024-05-16T01:18:23.643+0000] {dag.py:3047} INFO - Sync 2 DAGs
[2024-05-16T01:18:23.674+0000] {logging_mixin.py:188} INFO - [2024-05-16T01:18:23.674+0000] {dag.py:3834} INFO - Setting next_dagrun for example_xcom_args to None, run_after=None
[2024-05-16T01:18:23.685+0000] {logging_mixin.py:188} INFO - [2024-05-16T01:18:23.684+0000] {dag.py:3834} INFO - Setting next_dagrun for example_xcom_args_with_operators to None, run_after=None
[2024-05-16T01:18:23.742+0000] {processor.py:183} INFO - Processing /home/airflow/.local/lib/python3.8/site-packages/airflow/example_dags/example_xcomargs.py took 0.191 seconds
[2024-05-16T01:18:54.686+0000] {processor.py:161} INFO - Started process (PID=2479) to work on /home/airflow/.local/lib/python3.8/site-packages/airflow/example_dags/example_xcomargs.py
[2024-05-16T01:18:54.689+0000] {processor.py:830} INFO - Processing file /home/airflow/.local/lib/python3.8/site-packages/airflow/example_dags/example_xcomargs.py for tasks to queue
[2024-05-16T01:18:54.692+0000] {logging_mixin.py:188} INFO - [2024-05-16T01:18:54.692+0000] {dagbag.py:540} INFO - Filling up the DagBag from /home/airflow/.local/lib/python3.8/site-packages/airflow/example_dags/example_xcomargs.py
[2024-05-16T01:18:54.705+0000] {processor.py:840} INFO - DAG(s) 'example_xcom_args_with_operators', 'example_xcom_args' retrieved from /home/airflow/.local/lib/python3.8/site-packages/airflow/example_dags/example_xcomargs.py
[2024-05-16T01:18:54.742+0000] {logging_mixin.py:188} INFO - [2024-05-16T01:18:54.741+0000] {dag.py:3047} INFO - Sync 2 DAGs
[2024-05-16T01:18:54.761+0000] {logging_mixin.py:188} INFO - [2024-05-16T01:18:54.760+0000] {dag.py:3834} INFO - Setting next_dagrun for example_xcom_args to None, run_after=None
[2024-05-16T01:18:54.767+0000] {logging_mixin.py:188} INFO - [2024-05-16T01:18:54.767+0000] {dag.py:3834} INFO - Setting next_dagrun for example_xcom_args_with_operators to None, run_after=None
[2024-05-16T01:18:54.796+0000] {processor.py:183} INFO - Processing /home/airflow/.local/lib/python3.8/site-packages/airflow/example_dags/example_xcomargs.py took 0.115 seconds
[2024-05-16T01:19:25.490+0000] {processor.py:161} INFO - Started process (PID=2538) to work on /home/airflow/.local/lib/python3.8/site-packages/airflow/example_dags/example_xcomargs.py
[2024-05-16T01:19:25.493+0000] {processor.py:830} INFO - Processing file /home/airflow/.local/lib/python3.8/site-packages/airflow/example_dags/example_xcomargs.py for tasks to queue
[2024-05-16T01:19:25.496+0000] {logging_mixin.py:188} INFO - [2024-05-16T01:19:25.496+0000] {dagbag.py:540} INFO - Filling up the DagBag from /home/airflow/.local/lib/python3.8/site-packages/airflow/example_dags/example_xcomargs.py
[2024-05-16T01:19:25.509+0000] {processor.py:840} INFO - DAG(s) 'example_xcom_args_with_operators', 'example_xcom_args' retrieved from /home/airflow/.local/lib/python3.8/site-packages/airflow/example_dags/example_xcomargs.py
[2024-05-16T01:19:25.546+0000] {logging_mixin.py:188} INFO - [2024-05-16T01:19:25.545+0000] {dag.py:3047} INFO - Sync 2 DAGs
[2024-05-16T01:19:25.565+0000] {logging_mixin.py:188} INFO - [2024-05-16T01:19:25.564+0000] {dag.py:3834} INFO - Setting next_dagrun for example_xcom_args to None, run_after=None
[2024-05-16T01:19:25.573+0000] {logging_mixin.py:188} INFO - [2024-05-16T01:19:25.572+0000] {dag.py:3834} INFO - Setting next_dagrun for example_xcom_args_with_operators to None, run_after=None
[2024-05-16T01:19:25.608+0000] {processor.py:183} INFO - Processing /home/airflow/.local/lib/python3.8/site-packages/airflow/example_dags/example_xcomargs.py took 0.122 seconds
[2024-05-16T01:19:56.269+0000] {processor.py:161} INFO - Started process (PID=2597) to work on /home/airflow/.local/lib/python3.8/site-packages/airflow/example_dags/example_xcomargs.py
[2024-05-16T01:19:56.277+0000] {processor.py:830} INFO - Processing file /home/airflow/.local/lib/python3.8/site-packages/airflow/example_dags/example_xcomargs.py for tasks to queue
[2024-05-16T01:19:56.280+0000] {logging_mixin.py:188} INFO - [2024-05-16T01:19:56.279+0000] {dagbag.py:540} INFO - Filling up the DagBag from /home/airflow/.local/lib/python3.8/site-packages/airflow/example_dags/example_xcomargs.py
[2024-05-16T01:19:56.291+0000] {processor.py:840} INFO - DAG(s) 'example_xcom_args', 'example_xcom_args_with_operators' retrieved from /home/airflow/.local/lib/python3.8/site-packages/airflow/example_dags/example_xcomargs.py
[2024-05-16T01:19:56.325+0000] {logging_mixin.py:188} INFO - [2024-05-16T01:19:56.324+0000] {dag.py:3047} INFO - Sync 2 DAGs
[2024-05-16T01:19:56.341+0000] {logging_mixin.py:188} INFO - [2024-05-16T01:19:56.341+0000] {dag.py:3834} INFO - Setting next_dagrun for example_xcom_args to None, run_after=None
[2024-05-16T01:19:56.347+0000] {logging_mixin.py:188} INFO - [2024-05-16T01:19:56.347+0000] {dag.py:3834} INFO - Setting next_dagrun for example_xcom_args_with_operators to None, run_after=None
[2024-05-16T01:19:56.376+0000] {processor.py:183} INFO - Processing /home/airflow/.local/lib/python3.8/site-packages/airflow/example_dags/example_xcomargs.py took 0.111 seconds
[2024-05-16T01:20:26.940+0000] {processor.py:161} INFO - Started process (PID=2656) to work on /home/airflow/.local/lib/python3.8/site-packages/airflow/example_dags/example_xcomargs.py
[2024-05-16T01:20:26.944+0000] {processor.py:830} INFO - Processing file /home/airflow/.local/lib/python3.8/site-packages/airflow/example_dags/example_xcomargs.py for tasks to queue
[2024-05-16T01:20:26.948+0000] {logging_mixin.py:188} INFO - [2024-05-16T01:20:26.947+0000] {dagbag.py:540} INFO - Filling up the DagBag from /home/airflow/.local/lib/python3.8/site-packages/airflow/example_dags/example_xcomargs.py
[2024-05-16T01:20:26.961+0000] {processor.py:840} INFO - DAG(s) 'example_xcom_args', 'example_xcom_args_with_operators' retrieved from /home/airflow/.local/lib/python3.8/site-packages/airflow/example_dags/example_xcomargs.py
[2024-05-16T01:20:26.997+0000] {logging_mixin.py:188} INFO - [2024-05-16T01:20:26.997+0000] {dag.py:3047} INFO - Sync 2 DAGs
[2024-05-16T01:20:27.019+0000] {logging_mixin.py:188} INFO - [2024-05-16T01:20:27.019+0000] {dag.py:3834} INFO - Setting next_dagrun for example_xcom_args to None, run_after=None
[2024-05-16T01:20:27.024+0000] {logging_mixin.py:188} INFO - [2024-05-16T01:20:27.024+0000] {dag.py:3834} INFO - Setting next_dagrun for example_xcom_args_with_operators to None, run_after=None
[2024-05-16T01:20:27.055+0000] {processor.py:183} INFO - Processing /home/airflow/.local/lib/python3.8/site-packages/airflow/example_dags/example_xcomargs.py took 0.120 seconds
[2024-05-16T01:20:58.618+0000] {processor.py:161} INFO - Started process (PID=2715) to work on /home/airflow/.local/lib/python3.8/site-packages/airflow/example_dags/example_xcomargs.py
[2024-05-16T01:20:58.620+0000] {processor.py:830} INFO - Processing file /home/airflow/.local/lib/python3.8/site-packages/airflow/example_dags/example_xcomargs.py for tasks to queue
[2024-05-16T01:20:58.623+0000] {logging_mixin.py:188} INFO - [2024-05-16T01:20:58.623+0000] {dagbag.py:540} INFO - Filling up the DagBag from /home/airflow/.local/lib/python3.8/site-packages/airflow/example_dags/example_xcomargs.py
[2024-05-16T01:20:58.636+0000] {processor.py:840} INFO - DAG(s) 'example_xcom_args', 'example_xcom_args_with_operators' retrieved from /home/airflow/.local/lib/python3.8/site-packages/airflow/example_dags/example_xcomargs.py
[2024-05-16T01:20:58.669+0000] {logging_mixin.py:188} INFO - [2024-05-16T01:20:58.669+0000] {dag.py:3047} INFO - Sync 2 DAGs
[2024-05-16T01:20:58.684+0000] {logging_mixin.py:188} INFO - [2024-05-16T01:20:58.684+0000] {dag.py:3834} INFO - Setting next_dagrun for example_xcom_args to None, run_after=None
[2024-05-16T01:20:58.692+0000] {logging_mixin.py:188} INFO - [2024-05-16T01:20:58.691+0000] {dag.py:3834} INFO - Setting next_dagrun for example_xcom_args_with_operators to None, run_after=None
[2024-05-16T01:20:58.719+0000] {processor.py:183} INFO - Processing /home/airflow/.local/lib/python3.8/site-packages/airflow/example_dags/example_xcomargs.py took 0.105 seconds
[2024-05-16T01:21:28.782+0000] {processor.py:161} INFO - Started process (PID=2774) to work on /home/airflow/.local/lib/python3.8/site-packages/airflow/example_dags/example_xcomargs.py
[2024-05-16T01:21:28.785+0000] {processor.py:830} INFO - Processing file /home/airflow/.local/lib/python3.8/site-packages/airflow/example_dags/example_xcomargs.py for tasks to queue
[2024-05-16T01:21:28.792+0000] {logging_mixin.py:188} INFO - [2024-05-16T01:21:28.791+0000] {dagbag.py:540} INFO - Filling up the DagBag from /home/airflow/.local/lib/python3.8/site-packages/airflow/example_dags/example_xcomargs.py
[2024-05-16T01:21:28.807+0000] {processor.py:840} INFO - DAG(s) 'example_xcom_args_with_operators', 'example_xcom_args' retrieved from /home/airflow/.local/lib/python3.8/site-packages/airflow/example_dags/example_xcomargs.py
[2024-05-16T01:21:28.848+0000] {logging_mixin.py:188} INFO - [2024-05-16T01:21:28.848+0000] {dag.py:3047} INFO - Sync 2 DAGs
[2024-05-16T01:21:28.871+0000] {logging_mixin.py:188} INFO - [2024-05-16T01:21:28.871+0000] {dag.py:3834} INFO - Setting next_dagrun for example_xcom_args to None, run_after=None
[2024-05-16T01:21:28.878+0000] {logging_mixin.py:188} INFO - [2024-05-16T01:21:28.878+0000] {dag.py:3834} INFO - Setting next_dagrun for example_xcom_args_with_operators to None, run_after=None
[2024-05-16T01:21:28.910+0000] {processor.py:183} INFO - Processing /home/airflow/.local/lib/python3.8/site-packages/airflow/example_dags/example_xcomargs.py took 0.135 seconds
[2024-05-16T01:22:00.053+0000] {processor.py:161} INFO - Started process (PID=2833) to work on /home/airflow/.local/lib/python3.8/site-packages/airflow/example_dags/example_xcomargs.py
[2024-05-16T01:22:00.055+0000] {processor.py:830} INFO - Processing file /home/airflow/.local/lib/python3.8/site-packages/airflow/example_dags/example_xcomargs.py for tasks to queue
[2024-05-16T01:22:00.059+0000] {logging_mixin.py:188} INFO - [2024-05-16T01:22:00.058+0000] {dagbag.py:540} INFO - Filling up the DagBag from /home/airflow/.local/lib/python3.8/site-packages/airflow/example_dags/example_xcomargs.py
[2024-05-16T01:22:00.072+0000] {processor.py:840} INFO - DAG(s) 'example_xcom_args', 'example_xcom_args_with_operators' retrieved from /home/airflow/.local/lib/python3.8/site-packages/airflow/example_dags/example_xcomargs.py
[2024-05-16T01:22:00.108+0000] {logging_mixin.py:188} INFO - [2024-05-16T01:22:00.107+0000] {dag.py:3047} INFO - Sync 2 DAGs
[2024-05-16T01:22:00.128+0000] {logging_mixin.py:188} INFO - [2024-05-16T01:22:00.128+0000] {dag.py:3834} INFO - Setting next_dagrun for example_xcom_args to None, run_after=None
[2024-05-16T01:22:00.134+0000] {logging_mixin.py:188} INFO - [2024-05-16T01:22:00.134+0000] {dag.py:3834} INFO - Setting next_dagrun for example_xcom_args_with_operators to None, run_after=None
[2024-05-16T01:22:00.170+0000] {processor.py:183} INFO - Processing /home/airflow/.local/lib/python3.8/site-packages/airflow/example_dags/example_xcomargs.py took 0.122 seconds
[2024-05-16T01:22:30.972+0000] {processor.py:161} INFO - Started process (PID=2892) to work on /home/airflow/.local/lib/python3.8/site-packages/airflow/example_dags/example_xcomargs.py
[2024-05-16T01:22:30.975+0000] {processor.py:830} INFO - Processing file /home/airflow/.local/lib/python3.8/site-packages/airflow/example_dags/example_xcomargs.py for tasks to queue
[2024-05-16T01:22:30.980+0000] {logging_mixin.py:188} INFO - [2024-05-16T01:22:30.979+0000] {dagbag.py:540} INFO - Filling up the DagBag from /home/airflow/.local/lib/python3.8/site-packages/airflow/example_dags/example_xcomargs.py
[2024-05-16T01:22:30.995+0000] {processor.py:840} INFO - DAG(s) 'example_xcom_args', 'example_xcom_args_with_operators' retrieved from /home/airflow/.local/lib/python3.8/site-packages/airflow/example_dags/example_xcomargs.py
[2024-05-16T01:22:31.041+0000] {logging_mixin.py:188} INFO - [2024-05-16T01:22:31.041+0000] {dag.py:3047} INFO - Sync 2 DAGs
[2024-05-16T01:22:31.065+0000] {logging_mixin.py:188} INFO - [2024-05-16T01:22:31.065+0000] {dag.py:3834} INFO - Setting next_dagrun for example_xcom_args to None, run_after=None
[2024-05-16T01:22:31.074+0000] {logging_mixin.py:188} INFO - [2024-05-16T01:22:31.073+0000] {dag.py:3834} INFO - Setting next_dagrun for example_xcom_args_with_operators to None, run_after=None
[2024-05-16T01:22:31.113+0000] {processor.py:183} INFO - Processing /home/airflow/.local/lib/python3.8/site-packages/airflow/example_dags/example_xcomargs.py took 0.147 seconds
[2024-05-16T01:23:01.912+0000] {processor.py:161} INFO - Started process (PID=2951) to work on /home/airflow/.local/lib/python3.8/site-packages/airflow/example_dags/example_xcomargs.py
[2024-05-16T01:23:01.914+0000] {processor.py:830} INFO - Processing file /home/airflow/.local/lib/python3.8/site-packages/airflow/example_dags/example_xcomargs.py for tasks to queue
[2024-05-16T01:23:01.918+0000] {logging_mixin.py:188} INFO - [2024-05-16T01:23:01.917+0000] {dagbag.py:540} INFO - Filling up the DagBag from /home/airflow/.local/lib/python3.8/site-packages/airflow/example_dags/example_xcomargs.py
[2024-05-16T01:23:01.930+0000] {processor.py:840} INFO - DAG(s) 'example_xcom_args', 'example_xcom_args_with_operators' retrieved from /home/airflow/.local/lib/python3.8/site-packages/airflow/example_dags/example_xcomargs.py
[2024-05-16T01:23:01.968+0000] {logging_mixin.py:188} INFO - [2024-05-16T01:23:01.968+0000] {dag.py:3047} INFO - Sync 2 DAGs
[2024-05-16T01:23:01.986+0000] {logging_mixin.py:188} INFO - [2024-05-16T01:23:01.986+0000] {dag.py:3834} INFO - Setting next_dagrun for example_xcom_args to None, run_after=None
[2024-05-16T01:23:01.992+0000] {logging_mixin.py:188} INFO - [2024-05-16T01:23:01.992+0000] {dag.py:3834} INFO - Setting next_dagrun for example_xcom_args_with_operators to None, run_after=None
[2024-05-16T01:23:02.024+0000] {processor.py:183} INFO - Processing /home/airflow/.local/lib/python3.8/site-packages/airflow/example_dags/example_xcomargs.py took 0.117 seconds
