[2024-05-16T00:57:56.307+0000] {processor.py:161} INFO - Started process (PID=57) to work on /home/airflow/.local/lib/python3.8/site-packages/airflow/example_dags/example_latest_only_with_trigger.py
[2024-05-16T00:57:56.310+0000] {processor.py:830} INFO - Processing file /home/airflow/.local/lib/python3.8/site-packages/airflow/example_dags/example_latest_only_with_trigger.py for tasks to queue
[2024-05-16T00:57:56.317+0000] {logging_mixin.py:188} INFO - [2024-05-16T00:57:56.314+0000] {dagbag.py:540} INFO - Filling up the DagBag from /home/airflow/.local/lib/python3.8/site-packages/airflow/example_dags/example_latest_only_with_trigger.py
[2024-05-16T00:57:56.328+0000] {processor.py:840} INFO - DAG(s) 'latest_only_with_trigger' retrieved from /home/airflow/.local/lib/python3.8/site-packages/airflow/example_dags/example_latest_only_with_trigger.py
[2024-05-16T00:57:56.377+0000] {logging_mixin.py:188} INFO - [2024-05-16T00:57:56.377+0000] {dag.py:3047} INFO - Sync 1 DAGs
[2024-05-16T00:57:56.417+0000] {logging_mixin.py:188} INFO - [2024-05-16T00:57:56.416+0000] {dag.py:3834} INFO - Setting next_dagrun for latest_only_with_trigger to 2024-05-15 20:00:00+00:00, run_after=2024-05-16 00:00:00+00:00
[2024-05-16T00:57:56.452+0000] {processor.py:183} INFO - Processing /home/airflow/.local/lib/python3.8/site-packages/airflow/example_dags/example_latest_only_with_trigger.py took 0.149 seconds
[2024-05-16T00:58:27.741+0000] {processor.py:161} INFO - Started process (PID=116) to work on /home/airflow/.local/lib/python3.8/site-packages/airflow/example_dags/example_latest_only_with_trigger.py
[2024-05-16T00:58:27.744+0000] {processor.py:830} INFO - Processing file /home/airflow/.local/lib/python3.8/site-packages/airflow/example_dags/example_latest_only_with_trigger.py for tasks to queue
[2024-05-16T00:58:27.749+0000] {logging_mixin.py:188} INFO - [2024-05-16T00:58:27.748+0000] {dagbag.py:540} INFO - Filling up the DagBag from /home/airflow/.local/lib/python3.8/site-packages/airflow/example_dags/example_latest_only_with_trigger.py
[2024-05-16T00:58:27.767+0000] {processor.py:840} INFO - DAG(s) 'latest_only_with_trigger' retrieved from /home/airflow/.local/lib/python3.8/site-packages/airflow/example_dags/example_latest_only_with_trigger.py
[2024-05-16T00:58:27.837+0000] {logging_mixin.py:188} INFO - [2024-05-16T00:58:27.836+0000] {dag.py:3047} INFO - Sync 1 DAGs
[2024-05-16T00:58:27.884+0000] {logging_mixin.py:188} INFO - [2024-05-16T00:58:27.883+0000] {dag.py:3834} INFO - Setting next_dagrun for latest_only_with_trigger to 2024-05-15 20:00:00+00:00, run_after=2024-05-16 00:00:00+00:00
[2024-05-16T00:58:27.926+0000] {processor.py:183} INFO - Processing /home/airflow/.local/lib/python3.8/site-packages/airflow/example_dags/example_latest_only_with_trigger.py took 0.192 seconds
[2024-05-16T00:58:58.469+0000] {processor.py:161} INFO - Started process (PID=175) to work on /home/airflow/.local/lib/python3.8/site-packages/airflow/example_dags/example_latest_only_with_trigger.py
[2024-05-16T00:58:58.470+0000] {processor.py:830} INFO - Processing file /home/airflow/.local/lib/python3.8/site-packages/airflow/example_dags/example_latest_only_with_trigger.py for tasks to queue
[2024-05-16T00:58:58.473+0000] {logging_mixin.py:188} INFO - [2024-05-16T00:58:58.472+0000] {dagbag.py:540} INFO - Filling up the DagBag from /home/airflow/.local/lib/python3.8/site-packages/airflow/example_dags/example_latest_only_with_trigger.py
[2024-05-16T00:58:58.479+0000] {processor.py:840} INFO - DAG(s) 'latest_only_with_trigger' retrieved from /home/airflow/.local/lib/python3.8/site-packages/airflow/example_dags/example_latest_only_with_trigger.py
[2024-05-16T00:58:58.500+0000] {logging_mixin.py:188} INFO - [2024-05-16T00:58:58.499+0000] {dag.py:3047} INFO - Sync 1 DAGs
[2024-05-16T00:58:58.554+0000] {logging_mixin.py:188} INFO - [2024-05-16T00:58:58.554+0000] {dag.py:3834} INFO - Setting next_dagrun for latest_only_with_trigger to 2024-05-15 20:00:00+00:00, run_after=2024-05-16 00:00:00+00:00
[2024-05-16T00:58:58.579+0000] {processor.py:183} INFO - Processing /home/airflow/.local/lib/python3.8/site-packages/airflow/example_dags/example_latest_only_with_trigger.py took 0.114 seconds
[2024-05-16T00:59:28.834+0000] {processor.py:161} INFO - Started process (PID=234) to work on /home/airflow/.local/lib/python3.8/site-packages/airflow/example_dags/example_latest_only_with_trigger.py
[2024-05-16T00:59:28.835+0000] {processor.py:830} INFO - Processing file /home/airflow/.local/lib/python3.8/site-packages/airflow/example_dags/example_latest_only_with_trigger.py for tasks to queue
[2024-05-16T00:59:28.837+0000] {logging_mixin.py:188} INFO - [2024-05-16T00:59:28.837+0000] {dagbag.py:540} INFO - Filling up the DagBag from /home/airflow/.local/lib/python3.8/site-packages/airflow/example_dags/example_latest_only_with_trigger.py
[2024-05-16T00:59:28.842+0000] {processor.py:840} INFO - DAG(s) 'latest_only_with_trigger' retrieved from /home/airflow/.local/lib/python3.8/site-packages/airflow/example_dags/example_latest_only_with_trigger.py
[2024-05-16T00:59:28.859+0000] {logging_mixin.py:188} INFO - [2024-05-16T00:59:28.859+0000] {dag.py:3047} INFO - Sync 1 DAGs
[2024-05-16T00:59:28.876+0000] {logging_mixin.py:188} INFO - [2024-05-16T00:59:28.876+0000] {dag.py:3834} INFO - Setting next_dagrun for latest_only_with_trigger to 2024-05-15 20:00:00+00:00, run_after=2024-05-16 00:00:00+00:00
[2024-05-16T00:59:28.895+0000] {processor.py:183} INFO - Processing /home/airflow/.local/lib/python3.8/site-packages/airflow/example_dags/example_latest_only_with_trigger.py took 0.064 seconds
[2024-05-16T00:59:59.214+0000] {processor.py:161} INFO - Started process (PID=293) to work on /home/airflow/.local/lib/python3.8/site-packages/airflow/example_dags/example_latest_only_with_trigger.py
[2024-05-16T00:59:59.216+0000] {processor.py:830} INFO - Processing file /home/airflow/.local/lib/python3.8/site-packages/airflow/example_dags/example_latest_only_with_trigger.py for tasks to queue
[2024-05-16T00:59:59.218+0000] {logging_mixin.py:188} INFO - [2024-05-16T00:59:59.218+0000] {dagbag.py:540} INFO - Filling up the DagBag from /home/airflow/.local/lib/python3.8/site-packages/airflow/example_dags/example_latest_only_with_trigger.py
[2024-05-16T00:59:59.225+0000] {processor.py:840} INFO - DAG(s) 'latest_only_with_trigger' retrieved from /home/airflow/.local/lib/python3.8/site-packages/airflow/example_dags/example_latest_only_with_trigger.py
[2024-05-16T00:59:59.254+0000] {logging_mixin.py:188} INFO - [2024-05-16T00:59:59.254+0000] {dag.py:3047} INFO - Sync 1 DAGs
[2024-05-16T00:59:59.278+0000] {logging_mixin.py:188} INFO - [2024-05-16T00:59:59.278+0000] {dag.py:3834} INFO - Setting next_dagrun for latest_only_with_trigger to 2024-05-15 20:00:00+00:00, run_after=2024-05-16 00:00:00+00:00
[2024-05-16T00:59:59.306+0000] {processor.py:183} INFO - Processing /home/airflow/.local/lib/python3.8/site-packages/airflow/example_dags/example_latest_only_with_trigger.py took 0.095 seconds
[2024-05-16T01:00:29.367+0000] {processor.py:161} INFO - Started process (PID=350) to work on /home/airflow/.local/lib/python3.8/site-packages/airflow/example_dags/example_latest_only_with_trigger.py
[2024-05-16T01:00:29.368+0000] {processor.py:830} INFO - Processing file /home/airflow/.local/lib/python3.8/site-packages/airflow/example_dags/example_latest_only_with_trigger.py for tasks to queue
[2024-05-16T01:00:29.370+0000] {logging_mixin.py:188} INFO - [2024-05-16T01:00:29.370+0000] {dagbag.py:540} INFO - Filling up the DagBag from /home/airflow/.local/lib/python3.8/site-packages/airflow/example_dags/example_latest_only_with_trigger.py
[2024-05-16T01:00:29.376+0000] {processor.py:840} INFO - DAG(s) 'latest_only_with_trigger' retrieved from /home/airflow/.local/lib/python3.8/site-packages/airflow/example_dags/example_latest_only_with_trigger.py
[2024-05-16T01:00:29.395+0000] {logging_mixin.py:188} INFO - [2024-05-16T01:00:29.394+0000] {dag.py:3047} INFO - Sync 1 DAGs
[2024-05-16T01:00:29.411+0000] {logging_mixin.py:188} INFO - [2024-05-16T01:00:29.411+0000] {dag.py:3834} INFO - Setting next_dagrun for latest_only_with_trigger to 2024-05-15 20:00:00+00:00, run_after=2024-05-16 00:00:00+00:00
[2024-05-16T01:00:29.431+0000] {processor.py:183} INFO - Processing /home/airflow/.local/lib/python3.8/site-packages/airflow/example_dags/example_latest_only_with_trigger.py took 0.067 seconds
[2024-05-16T01:01:00.123+0000] {processor.py:161} INFO - Started process (PID=409) to work on /home/airflow/.local/lib/python3.8/site-packages/airflow/example_dags/example_latest_only_with_trigger.py
[2024-05-16T01:01:00.125+0000] {processor.py:830} INFO - Processing file /home/airflow/.local/lib/python3.8/site-packages/airflow/example_dags/example_latest_only_with_trigger.py for tasks to queue
[2024-05-16T01:01:00.127+0000] {logging_mixin.py:188} INFO - [2024-05-16T01:01:00.127+0000] {dagbag.py:540} INFO - Filling up the DagBag from /home/airflow/.local/lib/python3.8/site-packages/airflow/example_dags/example_latest_only_with_trigger.py
[2024-05-16T01:01:00.134+0000] {processor.py:840} INFO - DAG(s) 'latest_only_with_trigger' retrieved from /home/airflow/.local/lib/python3.8/site-packages/airflow/example_dags/example_latest_only_with_trigger.py
[2024-05-16T01:01:00.164+0000] {logging_mixin.py:188} INFO - [2024-05-16T01:01:00.164+0000] {dag.py:3047} INFO - Sync 1 DAGs
[2024-05-16T01:01:00.192+0000] {logging_mixin.py:188} INFO - [2024-05-16T01:01:00.192+0000] {dag.py:3834} INFO - Setting next_dagrun for latest_only_with_trigger to 2024-05-15 20:00:00+00:00, run_after=2024-05-16 00:00:00+00:00
[2024-05-16T01:01:00.221+0000] {processor.py:183} INFO - Processing /home/airflow/.local/lib/python3.8/site-packages/airflow/example_dags/example_latest_only_with_trigger.py took 0.102 seconds
[2024-05-16T01:01:30.577+0000] {processor.py:161} INFO - Started process (PID=468) to work on /home/airflow/.local/lib/python3.8/site-packages/airflow/example_dags/example_latest_only_with_trigger.py
[2024-05-16T01:01:30.579+0000] {processor.py:830} INFO - Processing file /home/airflow/.local/lib/python3.8/site-packages/airflow/example_dags/example_latest_only_with_trigger.py for tasks to queue
[2024-05-16T01:01:30.583+0000] {logging_mixin.py:188} INFO - [2024-05-16T01:01:30.582+0000] {dagbag.py:540} INFO - Filling up the DagBag from /home/airflow/.local/lib/python3.8/site-packages/airflow/example_dags/example_latest_only_with_trigger.py
[2024-05-16T01:01:30.589+0000] {processor.py:840} INFO - DAG(s) 'latest_only_with_trigger' retrieved from /home/airflow/.local/lib/python3.8/site-packages/airflow/example_dags/example_latest_only_with_trigger.py
[2024-05-16T01:01:30.615+0000] {logging_mixin.py:188} INFO - [2024-05-16T01:01:30.614+0000] {dag.py:3047} INFO - Sync 1 DAGs
[2024-05-16T01:01:30.647+0000] {logging_mixin.py:188} INFO - [2024-05-16T01:01:30.646+0000] {dag.py:3834} INFO - Setting next_dagrun for latest_only_with_trigger to 2024-05-15 20:00:00+00:00, run_after=2024-05-16 00:00:00+00:00
[2024-05-16T01:01:30.682+0000] {processor.py:183} INFO - Processing /home/airflow/.local/lib/python3.8/site-packages/airflow/example_dags/example_latest_only_with_trigger.py took 0.108 seconds
[2024-05-16T01:02:01.190+0000] {processor.py:161} INFO - Started process (PID=526) to work on /home/airflow/.local/lib/python3.8/site-packages/airflow/example_dags/example_latest_only_with_trigger.py
[2024-05-16T01:02:01.192+0000] {processor.py:830} INFO - Processing file /home/airflow/.local/lib/python3.8/site-packages/airflow/example_dags/example_latest_only_with_trigger.py for tasks to queue
[2024-05-16T01:02:01.195+0000] {logging_mixin.py:188} INFO - [2024-05-16T01:02:01.195+0000] {dagbag.py:540} INFO - Filling up the DagBag from /home/airflow/.local/lib/python3.8/site-packages/airflow/example_dags/example_latest_only_with_trigger.py
[2024-05-16T01:02:01.203+0000] {processor.py:840} INFO - DAG(s) 'latest_only_with_trigger' retrieved from /home/airflow/.local/lib/python3.8/site-packages/airflow/example_dags/example_latest_only_with_trigger.py
[2024-05-16T01:02:01.232+0000] {logging_mixin.py:188} INFO - [2024-05-16T01:02:01.231+0000] {dag.py:3047} INFO - Sync 1 DAGs
[2024-05-16T01:02:01.260+0000] {logging_mixin.py:188} INFO - [2024-05-16T01:02:01.259+0000] {dag.py:3834} INFO - Setting next_dagrun for latest_only_with_trigger to 2024-05-15 20:00:00+00:00, run_after=2024-05-16 00:00:00+00:00
[2024-05-16T01:02:01.289+0000] {processor.py:183} INFO - Processing /home/airflow/.local/lib/python3.8/site-packages/airflow/example_dags/example_latest_only_with_trigger.py took 0.102 seconds
[2024-05-16T01:02:31.805+0000] {processor.py:161} INFO - Started process (PID=585) to work on /home/airflow/.local/lib/python3.8/site-packages/airflow/example_dags/example_latest_only_with_trigger.py
[2024-05-16T01:02:31.808+0000] {processor.py:830} INFO - Processing file /home/airflow/.local/lib/python3.8/site-packages/airflow/example_dags/example_latest_only_with_trigger.py for tasks to queue
[2024-05-16T01:02:31.812+0000] {logging_mixin.py:188} INFO - [2024-05-16T01:02:31.811+0000] {dagbag.py:540} INFO - Filling up the DagBag from /home/airflow/.local/lib/python3.8/site-packages/airflow/example_dags/example_latest_only_with_trigger.py
[2024-05-16T01:02:31.821+0000] {processor.py:840} INFO - DAG(s) 'latest_only_with_trigger' retrieved from /home/airflow/.local/lib/python3.8/site-packages/airflow/example_dags/example_latest_only_with_trigger.py
[2024-05-16T01:02:31.855+0000] {logging_mixin.py:188} INFO - [2024-05-16T01:02:31.855+0000] {dag.py:3047} INFO - Sync 1 DAGs
[2024-05-16T01:02:31.893+0000] {logging_mixin.py:188} INFO - [2024-05-16T01:02:31.893+0000] {dag.py:3834} INFO - Setting next_dagrun for latest_only_with_trigger to 2024-05-15 20:00:00+00:00, run_after=2024-05-16 00:00:00+00:00
[2024-05-16T01:02:31.928+0000] {processor.py:183} INFO - Processing /home/airflow/.local/lib/python3.8/site-packages/airflow/example_dags/example_latest_only_with_trigger.py took 0.127 seconds
[2024-05-16T01:03:02.487+0000] {processor.py:161} INFO - Started process (PID=643) to work on /home/airflow/.local/lib/python3.8/site-packages/airflow/example_dags/example_latest_only_with_trigger.py
[2024-05-16T01:03:02.489+0000] {processor.py:830} INFO - Processing file /home/airflow/.local/lib/python3.8/site-packages/airflow/example_dags/example_latest_only_with_trigger.py for tasks to queue
[2024-05-16T01:03:02.491+0000] {logging_mixin.py:188} INFO - [2024-05-16T01:03:02.491+0000] {dagbag.py:540} INFO - Filling up the DagBag from /home/airflow/.local/lib/python3.8/site-packages/airflow/example_dags/example_latest_only_with_trigger.py
[2024-05-16T01:03:02.497+0000] {processor.py:840} INFO - DAG(s) 'latest_only_with_trigger' retrieved from /home/airflow/.local/lib/python3.8/site-packages/airflow/example_dags/example_latest_only_with_trigger.py
[2024-05-16T01:03:02.526+0000] {logging_mixin.py:188} INFO - [2024-05-16T01:03:02.526+0000] {dag.py:3047} INFO - Sync 1 DAGs
[2024-05-16T01:03:02.555+0000] {logging_mixin.py:188} INFO - [2024-05-16T01:03:02.555+0000] {dag.py:3834} INFO - Setting next_dagrun for latest_only_with_trigger to 2024-05-15 20:00:00+00:00, run_after=2024-05-16 00:00:00+00:00
[2024-05-16T01:03:02.586+0000] {processor.py:183} INFO - Processing /home/airflow/.local/lib/python3.8/site-packages/airflow/example_dags/example_latest_only_with_trigger.py took 0.102 seconds
[2024-05-16T01:03:32.952+0000] {processor.py:161} INFO - Started process (PID=702) to work on /home/airflow/.local/lib/python3.8/site-packages/airflow/example_dags/example_latest_only_with_trigger.py
[2024-05-16T01:03:32.953+0000] {processor.py:830} INFO - Processing file /home/airflow/.local/lib/python3.8/site-packages/airflow/example_dags/example_latest_only_with_trigger.py for tasks to queue
[2024-05-16T01:03:32.955+0000] {logging_mixin.py:188} INFO - [2024-05-16T01:03:32.955+0000] {dagbag.py:540} INFO - Filling up the DagBag from /home/airflow/.local/lib/python3.8/site-packages/airflow/example_dags/example_latest_only_with_trigger.py
[2024-05-16T01:03:32.962+0000] {processor.py:840} INFO - DAG(s) 'latest_only_with_trigger' retrieved from /home/airflow/.local/lib/python3.8/site-packages/airflow/example_dags/example_latest_only_with_trigger.py
[2024-05-16T01:03:32.983+0000] {logging_mixin.py:188} INFO - [2024-05-16T01:03:32.983+0000] {dag.py:3047} INFO - Sync 1 DAGs
[2024-05-16T01:03:33.009+0000] {logging_mixin.py:188} INFO - [2024-05-16T01:03:33.009+0000] {dag.py:3834} INFO - Setting next_dagrun for latest_only_with_trigger to 2024-05-15 20:00:00+00:00, run_after=2024-05-16 00:00:00+00:00
[2024-05-16T01:03:33.030+0000] {processor.py:183} INFO - Processing /home/airflow/.local/lib/python3.8/site-packages/airflow/example_dags/example_latest_only_with_trigger.py took 0.081 seconds
[2024-05-16T01:04:03.959+0000] {processor.py:161} INFO - Started process (PID=761) to work on /home/airflow/.local/lib/python3.8/site-packages/airflow/example_dags/example_latest_only_with_trigger.py
[2024-05-16T01:04:03.962+0000] {processor.py:830} INFO - Processing file /home/airflow/.local/lib/python3.8/site-packages/airflow/example_dags/example_latest_only_with_trigger.py for tasks to queue
[2024-05-16T01:04:03.964+0000] {logging_mixin.py:188} INFO - [2024-05-16T01:04:03.964+0000] {dagbag.py:540} INFO - Filling up the DagBag from /home/airflow/.local/lib/python3.8/site-packages/airflow/example_dags/example_latest_only_with_trigger.py
[2024-05-16T01:04:03.970+0000] {processor.py:840} INFO - DAG(s) 'latest_only_with_trigger' retrieved from /home/airflow/.local/lib/python3.8/site-packages/airflow/example_dags/example_latest_only_with_trigger.py
[2024-05-16T01:04:03.991+0000] {logging_mixin.py:188} INFO - [2024-05-16T01:04:03.991+0000] {dag.py:3047} INFO - Sync 1 DAGs
[2024-05-16T01:04:04.007+0000] {logging_mixin.py:188} INFO - [2024-05-16T01:04:04.007+0000] {dag.py:3834} INFO - Setting next_dagrun for latest_only_with_trigger to 2024-05-15 20:00:00+00:00, run_after=2024-05-16 00:00:00+00:00
[2024-05-16T01:04:04.028+0000] {processor.py:183} INFO - Processing /home/airflow/.local/lib/python3.8/site-packages/airflow/example_dags/example_latest_only_with_trigger.py took 0.072 seconds
[2024-05-16T01:04:34.405+0000] {processor.py:161} INFO - Started process (PID=820) to work on /home/airflow/.local/lib/python3.8/site-packages/airflow/example_dags/example_latest_only_with_trigger.py
[2024-05-16T01:04:34.407+0000] {processor.py:830} INFO - Processing file /home/airflow/.local/lib/python3.8/site-packages/airflow/example_dags/example_latest_only_with_trigger.py for tasks to queue
[2024-05-16T01:04:34.408+0000] {logging_mixin.py:188} INFO - [2024-05-16T01:04:34.408+0000] {dagbag.py:540} INFO - Filling up the DagBag from /home/airflow/.local/lib/python3.8/site-packages/airflow/example_dags/example_latest_only_with_trigger.py
[2024-05-16T01:04:34.414+0000] {processor.py:840} INFO - DAG(s) 'latest_only_with_trigger' retrieved from /home/airflow/.local/lib/python3.8/site-packages/airflow/example_dags/example_latest_only_with_trigger.py
[2024-05-16T01:04:34.431+0000] {logging_mixin.py:188} INFO - [2024-05-16T01:04:34.430+0000] {dag.py:3047} INFO - Sync 1 DAGs
[2024-05-16T01:04:34.447+0000] {logging_mixin.py:188} INFO - [2024-05-16T01:04:34.447+0000] {dag.py:3834} INFO - Setting next_dagrun for latest_only_with_trigger to 2024-05-15 20:00:00+00:00, run_after=2024-05-16 00:00:00+00:00
[2024-05-16T01:04:34.471+0000] {processor.py:183} INFO - Processing /home/airflow/.local/lib/python3.8/site-packages/airflow/example_dags/example_latest_only_with_trigger.py took 0.069 seconds
[2024-05-16T01:05:05.237+0000] {processor.py:161} INFO - Started process (PID=880) to work on /home/airflow/.local/lib/python3.8/site-packages/airflow/example_dags/example_latest_only_with_trigger.py
[2024-05-16T01:05:05.240+0000] {processor.py:830} INFO - Processing file /home/airflow/.local/lib/python3.8/site-packages/airflow/example_dags/example_latest_only_with_trigger.py for tasks to queue
[2024-05-16T01:05:05.242+0000] {logging_mixin.py:188} INFO - [2024-05-16T01:05:05.242+0000] {dagbag.py:540} INFO - Filling up the DagBag from /home/airflow/.local/lib/python3.8/site-packages/airflow/example_dags/example_latest_only_with_trigger.py
[2024-05-16T01:05:05.248+0000] {processor.py:840} INFO - DAG(s) 'latest_only_with_trigger' retrieved from /home/airflow/.local/lib/python3.8/site-packages/airflow/example_dags/example_latest_only_with_trigger.py
[2024-05-16T01:05:05.272+0000] {logging_mixin.py:188} INFO - [2024-05-16T01:05:05.272+0000] {dag.py:3047} INFO - Sync 1 DAGs
[2024-05-16T01:05:05.298+0000] {logging_mixin.py:188} INFO - [2024-05-16T01:05:05.298+0000] {dag.py:3834} INFO - Setting next_dagrun for latest_only_with_trigger to 2024-05-15 20:00:00+00:00, run_after=2024-05-16 00:00:00+00:00
[2024-05-16T01:05:05.329+0000] {processor.py:183} INFO - Processing /home/airflow/.local/lib/python3.8/site-packages/airflow/example_dags/example_latest_only_with_trigger.py took 0.096 seconds
[2024-05-16T01:05:35.848+0000] {processor.py:161} INFO - Started process (PID=939) to work on /home/airflow/.local/lib/python3.8/site-packages/airflow/example_dags/example_latest_only_with_trigger.py
[2024-05-16T01:05:35.850+0000] {processor.py:830} INFO - Processing file /home/airflow/.local/lib/python3.8/site-packages/airflow/example_dags/example_latest_only_with_trigger.py for tasks to queue
[2024-05-16T01:05:35.852+0000] {logging_mixin.py:188} INFO - [2024-05-16T01:05:35.852+0000] {dagbag.py:540} INFO - Filling up the DagBag from /home/airflow/.local/lib/python3.8/site-packages/airflow/example_dags/example_latest_only_with_trigger.py
[2024-05-16T01:05:35.858+0000] {processor.py:840} INFO - DAG(s) 'latest_only_with_trigger' retrieved from /home/airflow/.local/lib/python3.8/site-packages/airflow/example_dags/example_latest_only_with_trigger.py
[2024-05-16T01:05:35.877+0000] {logging_mixin.py:188} INFO - [2024-05-16T01:05:35.877+0000] {dag.py:3047} INFO - Sync 1 DAGs
[2024-05-16T01:05:35.895+0000] {logging_mixin.py:188} INFO - [2024-05-16T01:05:35.895+0000] {dag.py:3834} INFO - Setting next_dagrun for latest_only_with_trigger to 2024-05-15 20:00:00+00:00, run_after=2024-05-16 00:00:00+00:00
[2024-05-16T01:05:35.915+0000] {processor.py:183} INFO - Processing /home/airflow/.local/lib/python3.8/site-packages/airflow/example_dags/example_latest_only_with_trigger.py took 0.069 seconds
[2024-05-16T01:06:06.532+0000] {processor.py:161} INFO - Started process (PID=998) to work on /home/airflow/.local/lib/python3.8/site-packages/airflow/example_dags/example_latest_only_with_trigger.py
[2024-05-16T01:06:06.534+0000] {processor.py:830} INFO - Processing file /home/airflow/.local/lib/python3.8/site-packages/airflow/example_dags/example_latest_only_with_trigger.py for tasks to queue
[2024-05-16T01:06:06.536+0000] {logging_mixin.py:188} INFO - [2024-05-16T01:06:06.536+0000] {dagbag.py:540} INFO - Filling up the DagBag from /home/airflow/.local/lib/python3.8/site-packages/airflow/example_dags/example_latest_only_with_trigger.py
[2024-05-16T01:06:06.541+0000] {processor.py:840} INFO - DAG(s) 'latest_only_with_trigger' retrieved from /home/airflow/.local/lib/python3.8/site-packages/airflow/example_dags/example_latest_only_with_trigger.py
[2024-05-16T01:06:06.560+0000] {logging_mixin.py:188} INFO - [2024-05-16T01:06:06.559+0000] {dag.py:3047} INFO - Sync 1 DAGs
[2024-05-16T01:06:06.577+0000] {logging_mixin.py:188} INFO - [2024-05-16T01:06:06.577+0000] {dag.py:3834} INFO - Setting next_dagrun for latest_only_with_trigger to 2024-05-15 20:00:00+00:00, run_after=2024-05-16 00:00:00+00:00
[2024-05-16T01:06:06.597+0000] {processor.py:183} INFO - Processing /home/airflow/.local/lib/python3.8/site-packages/airflow/example_dags/example_latest_only_with_trigger.py took 0.067 seconds
[2024-05-16T01:06:36.974+0000] {processor.py:161} INFO - Started process (PID=1057) to work on /home/airflow/.local/lib/python3.8/site-packages/airflow/example_dags/example_latest_only_with_trigger.py
[2024-05-16T01:06:36.976+0000] {processor.py:830} INFO - Processing file /home/airflow/.local/lib/python3.8/site-packages/airflow/example_dags/example_latest_only_with_trigger.py for tasks to queue
[2024-05-16T01:06:36.980+0000] {logging_mixin.py:188} INFO - [2024-05-16T01:06:36.980+0000] {dagbag.py:540} INFO - Filling up the DagBag from /home/airflow/.local/lib/python3.8/site-packages/airflow/example_dags/example_latest_only_with_trigger.py
[2024-05-16T01:06:36.990+0000] {processor.py:840} INFO - DAG(s) 'latest_only_with_trigger' retrieved from /home/airflow/.local/lib/python3.8/site-packages/airflow/example_dags/example_latest_only_with_trigger.py
[2024-05-16T01:06:37.016+0000] {logging_mixin.py:188} INFO - [2024-05-16T01:06:37.015+0000] {dag.py:3047} INFO - Sync 1 DAGs
[2024-05-16T01:06:37.041+0000] {logging_mixin.py:188} INFO - [2024-05-16T01:06:37.040+0000] {dag.py:3834} INFO - Setting next_dagrun for latest_only_with_trigger to 2024-05-15 20:00:00+00:00, run_after=2024-05-16 00:00:00+00:00
[2024-05-16T01:06:37.071+0000] {processor.py:183} INFO - Processing /home/airflow/.local/lib/python3.8/site-packages/airflow/example_dags/example_latest_only_with_trigger.py took 0.101 seconds
[2024-05-16T01:07:07.143+0000] {processor.py:161} INFO - Started process (PID=1116) to work on /home/airflow/.local/lib/python3.8/site-packages/airflow/example_dags/example_latest_only_with_trigger.py
[2024-05-16T01:07:07.144+0000] {processor.py:830} INFO - Processing file /home/airflow/.local/lib/python3.8/site-packages/airflow/example_dags/example_latest_only_with_trigger.py for tasks to queue
[2024-05-16T01:07:07.147+0000] {logging_mixin.py:188} INFO - [2024-05-16T01:07:07.146+0000] {dagbag.py:540} INFO - Filling up the DagBag from /home/airflow/.local/lib/python3.8/site-packages/airflow/example_dags/example_latest_only_with_trigger.py
[2024-05-16T01:07:07.153+0000] {processor.py:840} INFO - DAG(s) 'latest_only_with_trigger' retrieved from /home/airflow/.local/lib/python3.8/site-packages/airflow/example_dags/example_latest_only_with_trigger.py
[2024-05-16T01:07:07.178+0000] {logging_mixin.py:188} INFO - [2024-05-16T01:07:07.178+0000] {dag.py:3047} INFO - Sync 1 DAGs
[2024-05-16T01:07:07.204+0000] {logging_mixin.py:188} INFO - [2024-05-16T01:07:07.204+0000] {dag.py:3834} INFO - Setting next_dagrun for latest_only_with_trigger to 2024-05-15 20:00:00+00:00, run_after=2024-05-16 00:00:00+00:00
[2024-05-16T01:07:07.223+0000] {processor.py:183} INFO - Processing /home/airflow/.local/lib/python3.8/site-packages/airflow/example_dags/example_latest_only_with_trigger.py took 0.084 seconds
[2024-05-16T01:07:37.661+0000] {processor.py:161} INFO - Started process (PID=1175) to work on /home/airflow/.local/lib/python3.8/site-packages/airflow/example_dags/example_latest_only_with_trigger.py
[2024-05-16T01:07:37.663+0000] {processor.py:830} INFO - Processing file /home/airflow/.local/lib/python3.8/site-packages/airflow/example_dags/example_latest_only_with_trigger.py for tasks to queue
[2024-05-16T01:07:37.664+0000] {logging_mixin.py:188} INFO - [2024-05-16T01:07:37.664+0000] {dagbag.py:540} INFO - Filling up the DagBag from /home/airflow/.local/lib/python3.8/site-packages/airflow/example_dags/example_latest_only_with_trigger.py
[2024-05-16T01:07:37.670+0000] {processor.py:840} INFO - DAG(s) 'latest_only_with_trigger' retrieved from /home/airflow/.local/lib/python3.8/site-packages/airflow/example_dags/example_latest_only_with_trigger.py
[2024-05-16T01:07:37.689+0000] {logging_mixin.py:188} INFO - [2024-05-16T01:07:37.689+0000] {dag.py:3047} INFO - Sync 1 DAGs
[2024-05-16T01:07:37.705+0000] {logging_mixin.py:188} INFO - [2024-05-16T01:07:37.704+0000] {dag.py:3834} INFO - Setting next_dagrun for latest_only_with_trigger to 2024-05-15 20:00:00+00:00, run_after=2024-05-16 00:00:00+00:00
[2024-05-16T01:07:37.722+0000] {processor.py:183} INFO - Processing /home/airflow/.local/lib/python3.8/site-packages/airflow/example_dags/example_latest_only_with_trigger.py took 0.063 seconds
[2024-05-16T01:08:08.560+0000] {processor.py:161} INFO - Started process (PID=1233) to work on /home/airflow/.local/lib/python3.8/site-packages/airflow/example_dags/example_latest_only_with_trigger.py
[2024-05-16T01:08:08.562+0000] {processor.py:830} INFO - Processing file /home/airflow/.local/lib/python3.8/site-packages/airflow/example_dags/example_latest_only_with_trigger.py for tasks to queue
[2024-05-16T01:08:08.564+0000] {logging_mixin.py:188} INFO - [2024-05-16T01:08:08.564+0000] {dagbag.py:540} INFO - Filling up the DagBag from /home/airflow/.local/lib/python3.8/site-packages/airflow/example_dags/example_latest_only_with_trigger.py
[2024-05-16T01:08:08.570+0000] {processor.py:840} INFO - DAG(s) 'latest_only_with_trigger' retrieved from /home/airflow/.local/lib/python3.8/site-packages/airflow/example_dags/example_latest_only_with_trigger.py
[2024-05-16T01:08:08.589+0000] {logging_mixin.py:188} INFO - [2024-05-16T01:08:08.589+0000] {dag.py:3047} INFO - Sync 1 DAGs
[2024-05-16T01:08:08.607+0000] {logging_mixin.py:188} INFO - [2024-05-16T01:08:08.607+0000] {dag.py:3834} INFO - Setting next_dagrun for latest_only_with_trigger to 2024-05-15 20:00:00+00:00, run_after=2024-05-16 00:00:00+00:00
[2024-05-16T01:08:08.627+0000] {processor.py:183} INFO - Processing /home/airflow/.local/lib/python3.8/site-packages/airflow/example_dags/example_latest_only_with_trigger.py took 0.069 seconds
[2024-05-16T01:08:39.065+0000] {processor.py:161} INFO - Started process (PID=1292) to work on /home/airflow/.local/lib/python3.8/site-packages/airflow/example_dags/example_latest_only_with_trigger.py
[2024-05-16T01:08:39.068+0000] {processor.py:830} INFO - Processing file /home/airflow/.local/lib/python3.8/site-packages/airflow/example_dags/example_latest_only_with_trigger.py for tasks to queue
[2024-05-16T01:08:39.071+0000] {logging_mixin.py:188} INFO - [2024-05-16T01:08:39.071+0000] {dagbag.py:540} INFO - Filling up the DagBag from /home/airflow/.local/lib/python3.8/site-packages/airflow/example_dags/example_latest_only_with_trigger.py
[2024-05-16T01:08:39.082+0000] {processor.py:840} INFO - DAG(s) 'latest_only_with_trigger' retrieved from /home/airflow/.local/lib/python3.8/site-packages/airflow/example_dags/example_latest_only_with_trigger.py
[2024-05-16T01:08:39.121+0000] {logging_mixin.py:188} INFO - [2024-05-16T01:08:39.121+0000] {dag.py:3047} INFO - Sync 1 DAGs
[2024-05-16T01:08:39.161+0000] {logging_mixin.py:188} INFO - [2024-05-16T01:08:39.160+0000] {dag.py:3834} INFO - Setting next_dagrun for latest_only_with_trigger to 2024-05-15 20:00:00+00:00, run_after=2024-05-16 00:00:00+00:00
[2024-05-16T01:08:39.194+0000] {processor.py:183} INFO - Processing /home/airflow/.local/lib/python3.8/site-packages/airflow/example_dags/example_latest_only_with_trigger.py took 0.134 seconds
[2024-05-16T01:09:09.730+0000] {processor.py:161} INFO - Started process (PID=1351) to work on /home/airflow/.local/lib/python3.8/site-packages/airflow/example_dags/example_latest_only_with_trigger.py
[2024-05-16T01:09:09.732+0000] {processor.py:830} INFO - Processing file /home/airflow/.local/lib/python3.8/site-packages/airflow/example_dags/example_latest_only_with_trigger.py for tasks to queue
[2024-05-16T01:09:09.736+0000] {logging_mixin.py:188} INFO - [2024-05-16T01:09:09.735+0000] {dagbag.py:540} INFO - Filling up the DagBag from /home/airflow/.local/lib/python3.8/site-packages/airflow/example_dags/example_latest_only_with_trigger.py
[2024-05-16T01:09:09.744+0000] {processor.py:840} INFO - DAG(s) 'latest_only_with_trigger' retrieved from /home/airflow/.local/lib/python3.8/site-packages/airflow/example_dags/example_latest_only_with_trigger.py
[2024-05-16T01:09:09.775+0000] {logging_mixin.py:188} INFO - [2024-05-16T01:09:09.775+0000] {dag.py:3047} INFO - Sync 1 DAGs
[2024-05-16T01:09:09.807+0000] {logging_mixin.py:188} INFO - [2024-05-16T01:09:09.807+0000] {dag.py:3834} INFO - Setting next_dagrun for latest_only_with_trigger to 2024-05-15 20:00:00+00:00, run_after=2024-05-16 00:00:00+00:00
[2024-05-16T01:09:09.841+0000] {processor.py:183} INFO - Processing /home/airflow/.local/lib/python3.8/site-packages/airflow/example_dags/example_latest_only_with_trigger.py took 0.115 seconds
[2024-05-16T01:09:40.021+0000] {processor.py:161} INFO - Started process (PID=1410) to work on /home/airflow/.local/lib/python3.8/site-packages/airflow/example_dags/example_latest_only_with_trigger.py
[2024-05-16T01:09:40.023+0000] {processor.py:830} INFO - Processing file /home/airflow/.local/lib/python3.8/site-packages/airflow/example_dags/example_latest_only_with_trigger.py for tasks to queue
[2024-05-16T01:09:40.025+0000] {logging_mixin.py:188} INFO - [2024-05-16T01:09:40.024+0000] {dagbag.py:540} INFO - Filling up the DagBag from /home/airflow/.local/lib/python3.8/site-packages/airflow/example_dags/example_latest_only_with_trigger.py
[2024-05-16T01:09:40.032+0000] {processor.py:840} INFO - DAG(s) 'latest_only_with_trigger' retrieved from /home/airflow/.local/lib/python3.8/site-packages/airflow/example_dags/example_latest_only_with_trigger.py
[2024-05-16T01:09:40.056+0000] {logging_mixin.py:188} INFO - [2024-05-16T01:09:40.055+0000] {dag.py:3047} INFO - Sync 1 DAGs
[2024-05-16T01:09:40.082+0000] {logging_mixin.py:188} INFO - [2024-05-16T01:09:40.082+0000] {dag.py:3834} INFO - Setting next_dagrun for latest_only_with_trigger to 2024-05-15 20:00:00+00:00, run_after=2024-05-16 00:00:00+00:00
[2024-05-16T01:09:40.103+0000] {processor.py:183} INFO - Processing /home/airflow/.local/lib/python3.8/site-packages/airflow/example_dags/example_latest_only_with_trigger.py took 0.086 seconds
[2024-05-16T01:10:10.596+0000] {processor.py:161} INFO - Started process (PID=1469) to work on /home/airflow/.local/lib/python3.8/site-packages/airflow/example_dags/example_latest_only_with_trigger.py
[2024-05-16T01:10:10.598+0000] {processor.py:830} INFO - Processing file /home/airflow/.local/lib/python3.8/site-packages/airflow/example_dags/example_latest_only_with_trigger.py for tasks to queue
[2024-05-16T01:10:10.602+0000] {logging_mixin.py:188} INFO - [2024-05-16T01:10:10.602+0000] {dagbag.py:540} INFO - Filling up the DagBag from /home/airflow/.local/lib/python3.8/site-packages/airflow/example_dags/example_latest_only_with_trigger.py
[2024-05-16T01:10:10.612+0000] {processor.py:840} INFO - DAG(s) 'latest_only_with_trigger' retrieved from /home/airflow/.local/lib/python3.8/site-packages/airflow/example_dags/example_latest_only_with_trigger.py
[2024-05-16T01:10:10.650+0000] {logging_mixin.py:188} INFO - [2024-05-16T01:10:10.649+0000] {dag.py:3047} INFO - Sync 1 DAGs
[2024-05-16T01:10:10.683+0000] {logging_mixin.py:188} INFO - [2024-05-16T01:10:10.683+0000] {dag.py:3834} INFO - Setting next_dagrun for latest_only_with_trigger to 2024-05-15 20:00:00+00:00, run_after=2024-05-16 00:00:00+00:00
[2024-05-16T01:10:10.709+0000] {processor.py:183} INFO - Processing /home/airflow/.local/lib/python3.8/site-packages/airflow/example_dags/example_latest_only_with_trigger.py took 0.118 seconds
[2024-05-16T01:10:40.767+0000] {processor.py:161} INFO - Started process (PID=1528) to work on /home/airflow/.local/lib/python3.8/site-packages/airflow/example_dags/example_latest_only_with_trigger.py
[2024-05-16T01:10:40.768+0000] {processor.py:830} INFO - Processing file /home/airflow/.local/lib/python3.8/site-packages/airflow/example_dags/example_latest_only_with_trigger.py for tasks to queue
[2024-05-16T01:10:40.770+0000] {logging_mixin.py:188} INFO - [2024-05-16T01:10:40.769+0000] {dagbag.py:540} INFO - Filling up the DagBag from /home/airflow/.local/lib/python3.8/site-packages/airflow/example_dags/example_latest_only_with_trigger.py
[2024-05-16T01:10:40.775+0000] {processor.py:840} INFO - DAG(s) 'latest_only_with_trigger' retrieved from /home/airflow/.local/lib/python3.8/site-packages/airflow/example_dags/example_latest_only_with_trigger.py
[2024-05-16T01:10:40.797+0000] {logging_mixin.py:188} INFO - [2024-05-16T01:10:40.797+0000] {dag.py:3047} INFO - Sync 1 DAGs
[2024-05-16T01:10:40.825+0000] {logging_mixin.py:188} INFO - [2024-05-16T01:10:40.824+0000] {dag.py:3834} INFO - Setting next_dagrun for latest_only_with_trigger to 2024-05-15 20:00:00+00:00, run_after=2024-05-16 00:00:00+00:00
[2024-05-16T01:10:40.852+0000] {processor.py:183} INFO - Processing /home/airflow/.local/lib/python3.8/site-packages/airflow/example_dags/example_latest_only_with_trigger.py took 0.088 seconds
[2024-05-16T01:11:11.653+0000] {processor.py:161} INFO - Started process (PID=1593) to work on /home/airflow/.local/lib/python3.8/site-packages/airflow/example_dags/example_latest_only_with_trigger.py
[2024-05-16T01:11:11.655+0000] {processor.py:830} INFO - Processing file /home/airflow/.local/lib/python3.8/site-packages/airflow/example_dags/example_latest_only_with_trigger.py for tasks to queue
[2024-05-16T01:11:11.658+0000] {logging_mixin.py:188} INFO - [2024-05-16T01:11:11.658+0000] {dagbag.py:540} INFO - Filling up the DagBag from /home/airflow/.local/lib/python3.8/site-packages/airflow/example_dags/example_latest_only_with_trigger.py
[2024-05-16T01:11:11.669+0000] {processor.py:840} INFO - DAG(s) 'latest_only_with_trigger' retrieved from /home/airflow/.local/lib/python3.8/site-packages/airflow/example_dags/example_latest_only_with_trigger.py
[2024-05-16T01:11:11.701+0000] {logging_mixin.py:188} INFO - [2024-05-16T01:11:11.701+0000] {dag.py:3047} INFO - Sync 1 DAGs
[2024-05-16T01:11:11.728+0000] {logging_mixin.py:188} INFO - [2024-05-16T01:11:11.728+0000] {dag.py:3834} INFO - Setting next_dagrun for latest_only_with_trigger to 2024-05-15 20:00:00+00:00, run_after=2024-05-16 00:00:00+00:00
[2024-05-16T01:11:11.760+0000] {processor.py:183} INFO - Processing /home/airflow/.local/lib/python3.8/site-packages/airflow/example_dags/example_latest_only_with_trigger.py took 0.111 seconds
[2024-05-16T01:11:41.953+0000] {processor.py:161} INFO - Started process (PID=1652) to work on /home/airflow/.local/lib/python3.8/site-packages/airflow/example_dags/example_latest_only_with_trigger.py
[2024-05-16T01:11:41.955+0000] {processor.py:830} INFO - Processing file /home/airflow/.local/lib/python3.8/site-packages/airflow/example_dags/example_latest_only_with_trigger.py for tasks to queue
[2024-05-16T01:11:41.956+0000] {logging_mixin.py:188} INFO - [2024-05-16T01:11:41.956+0000] {dagbag.py:540} INFO - Filling up the DagBag from /home/airflow/.local/lib/python3.8/site-packages/airflow/example_dags/example_latest_only_with_trigger.py
[2024-05-16T01:11:41.961+0000] {processor.py:840} INFO - DAG(s) 'latest_only_with_trigger' retrieved from /home/airflow/.local/lib/python3.8/site-packages/airflow/example_dags/example_latest_only_with_trigger.py
[2024-05-16T01:11:41.982+0000] {logging_mixin.py:188} INFO - [2024-05-16T01:11:41.982+0000] {dag.py:3047} INFO - Sync 1 DAGs
[2024-05-16T01:11:42.001+0000] {logging_mixin.py:188} INFO - [2024-05-16T01:11:42.001+0000] {dag.py:3834} INFO - Setting next_dagrun for latest_only_with_trigger to 2024-05-15 20:00:00+00:00, run_after=2024-05-16 00:00:00+00:00
[2024-05-16T01:11:42.017+0000] {processor.py:183} INFO - Processing /home/airflow/.local/lib/python3.8/site-packages/airflow/example_dags/example_latest_only_with_trigger.py took 0.066 seconds
[2024-05-16T01:12:12.603+0000] {processor.py:161} INFO - Started process (PID=1711) to work on /home/airflow/.local/lib/python3.8/site-packages/airflow/example_dags/example_latest_only_with_trigger.py
[2024-05-16T01:12:12.605+0000] {processor.py:830} INFO - Processing file /home/airflow/.local/lib/python3.8/site-packages/airflow/example_dags/example_latest_only_with_trigger.py for tasks to queue
[2024-05-16T01:12:12.607+0000] {logging_mixin.py:188} INFO - [2024-05-16T01:12:12.607+0000] {dagbag.py:540} INFO - Filling up the DagBag from /home/airflow/.local/lib/python3.8/site-packages/airflow/example_dags/example_latest_only_with_trigger.py
[2024-05-16T01:12:12.612+0000] {processor.py:840} INFO - DAG(s) 'latest_only_with_trigger' retrieved from /home/airflow/.local/lib/python3.8/site-packages/airflow/example_dags/example_latest_only_with_trigger.py
[2024-05-16T01:12:12.632+0000] {logging_mixin.py:188} INFO - [2024-05-16T01:12:12.632+0000] {dag.py:3047} INFO - Sync 1 DAGs
[2024-05-16T01:12:12.649+0000] {logging_mixin.py:188} INFO - [2024-05-16T01:12:12.649+0000] {dag.py:3834} INFO - Setting next_dagrun for latest_only_with_trigger to 2024-05-15 20:00:00+00:00, run_after=2024-05-16 00:00:00+00:00
[2024-05-16T01:12:12.672+0000] {processor.py:183} INFO - Processing /home/airflow/.local/lib/python3.8/site-packages/airflow/example_dags/example_latest_only_with_trigger.py took 0.072 seconds
[2024-05-16T01:12:43.142+0000] {processor.py:161} INFO - Started process (PID=1770) to work on /home/airflow/.local/lib/python3.8/site-packages/airflow/example_dags/example_latest_only_with_trigger.py
[2024-05-16T01:12:43.144+0000] {processor.py:830} INFO - Processing file /home/airflow/.local/lib/python3.8/site-packages/airflow/example_dags/example_latest_only_with_trigger.py for tasks to queue
[2024-05-16T01:12:43.146+0000] {logging_mixin.py:188} INFO - [2024-05-16T01:12:43.146+0000] {dagbag.py:540} INFO - Filling up the DagBag from /home/airflow/.local/lib/python3.8/site-packages/airflow/example_dags/example_latest_only_with_trigger.py
[2024-05-16T01:12:43.153+0000] {processor.py:840} INFO - DAG(s) 'latest_only_with_trigger' retrieved from /home/airflow/.local/lib/python3.8/site-packages/airflow/example_dags/example_latest_only_with_trigger.py
[2024-05-16T01:12:43.177+0000] {logging_mixin.py:188} INFO - [2024-05-16T01:12:43.177+0000] {dag.py:3047} INFO - Sync 1 DAGs
[2024-05-16T01:12:43.198+0000] {logging_mixin.py:188} INFO - [2024-05-16T01:12:43.198+0000] {dag.py:3834} INFO - Setting next_dagrun for latest_only_with_trigger to 2024-05-15 20:00:00+00:00, run_after=2024-05-16 00:00:00+00:00
[2024-05-16T01:12:43.216+0000] {processor.py:183} INFO - Processing /home/airflow/.local/lib/python3.8/site-packages/airflow/example_dags/example_latest_only_with_trigger.py took 0.078 seconds
[2024-05-16T01:13:13.739+0000] {processor.py:161} INFO - Started process (PID=1829) to work on /home/airflow/.local/lib/python3.8/site-packages/airflow/example_dags/example_latest_only_with_trigger.py
[2024-05-16T01:13:13.740+0000] {processor.py:830} INFO - Processing file /home/airflow/.local/lib/python3.8/site-packages/airflow/example_dags/example_latest_only_with_trigger.py for tasks to queue
[2024-05-16T01:13:13.743+0000] {logging_mixin.py:188} INFO - [2024-05-16T01:13:13.742+0000] {dagbag.py:540} INFO - Filling up the DagBag from /home/airflow/.local/lib/python3.8/site-packages/airflow/example_dags/example_latest_only_with_trigger.py
[2024-05-16T01:13:13.750+0000] {processor.py:840} INFO - DAG(s) 'latest_only_with_trigger' retrieved from /home/airflow/.local/lib/python3.8/site-packages/airflow/example_dags/example_latest_only_with_trigger.py
[2024-05-16T01:13:13.772+0000] {logging_mixin.py:188} INFO - [2024-05-16T01:13:13.772+0000] {dag.py:3047} INFO - Sync 1 DAGs
[2024-05-16T01:13:13.797+0000] {logging_mixin.py:188} INFO - [2024-05-16T01:13:13.797+0000] {dag.py:3834} INFO - Setting next_dagrun for latest_only_with_trigger to 2024-05-15 20:00:00+00:00, run_after=2024-05-16 00:00:00+00:00
[2024-05-16T01:13:13.833+0000] {processor.py:183} INFO - Processing /home/airflow/.local/lib/python3.8/site-packages/airflow/example_dags/example_latest_only_with_trigger.py took 0.098 seconds
[2024-05-16T01:13:44.770+0000] {processor.py:161} INFO - Started process (PID=1888) to work on /home/airflow/.local/lib/python3.8/site-packages/airflow/example_dags/example_latest_only_with_trigger.py
[2024-05-16T01:13:44.772+0000] {processor.py:830} INFO - Processing file /home/airflow/.local/lib/python3.8/site-packages/airflow/example_dags/example_latest_only_with_trigger.py for tasks to queue
[2024-05-16T01:13:44.774+0000] {logging_mixin.py:188} INFO - [2024-05-16T01:13:44.774+0000] {dagbag.py:540} INFO - Filling up the DagBag from /home/airflow/.local/lib/python3.8/site-packages/airflow/example_dags/example_latest_only_with_trigger.py
[2024-05-16T01:13:44.780+0000] {processor.py:840} INFO - DAG(s) 'latest_only_with_trigger' retrieved from /home/airflow/.local/lib/python3.8/site-packages/airflow/example_dags/example_latest_only_with_trigger.py
[2024-05-16T01:13:44.802+0000] {logging_mixin.py:188} INFO - [2024-05-16T01:13:44.802+0000] {dag.py:3047} INFO - Sync 1 DAGs
[2024-05-16T01:13:44.826+0000] {logging_mixin.py:188} INFO - [2024-05-16T01:13:44.826+0000] {dag.py:3834} INFO - Setting next_dagrun for latest_only_with_trigger to 2024-05-15 20:00:00+00:00, run_after=2024-05-16 00:00:00+00:00
[2024-05-16T01:13:44.849+0000] {processor.py:183} INFO - Processing /home/airflow/.local/lib/python3.8/site-packages/airflow/example_dags/example_latest_only_with_trigger.py took 0.083 seconds
[2024-05-16T01:14:16.153+0000] {processor.py:161} INFO - Started process (PID=1947) to work on /home/airflow/.local/lib/python3.8/site-packages/airflow/example_dags/example_latest_only_with_trigger.py
[2024-05-16T01:14:16.155+0000] {processor.py:830} INFO - Processing file /home/airflow/.local/lib/python3.8/site-packages/airflow/example_dags/example_latest_only_with_trigger.py for tasks to queue
[2024-05-16T01:14:16.157+0000] {logging_mixin.py:188} INFO - [2024-05-16T01:14:16.157+0000] {dagbag.py:540} INFO - Filling up the DagBag from /home/airflow/.local/lib/python3.8/site-packages/airflow/example_dags/example_latest_only_with_trigger.py
[2024-05-16T01:14:16.164+0000] {processor.py:840} INFO - DAG(s) 'latest_only_with_trigger' retrieved from /home/airflow/.local/lib/python3.8/site-packages/airflow/example_dags/example_latest_only_with_trigger.py
[2024-05-16T01:14:16.187+0000] {logging_mixin.py:188} INFO - [2024-05-16T01:14:16.187+0000] {dag.py:3047} INFO - Sync 1 DAGs
[2024-05-16T01:14:16.211+0000] {logging_mixin.py:188} INFO - [2024-05-16T01:14:16.211+0000] {dag.py:3834} INFO - Setting next_dagrun for latest_only_with_trigger to 2024-05-15 20:00:00+00:00, run_after=2024-05-16 00:00:00+00:00
[2024-05-16T01:14:16.238+0000] {processor.py:183} INFO - Processing /home/airflow/.local/lib/python3.8/site-packages/airflow/example_dags/example_latest_only_with_trigger.py took 0.088 seconds
[2024-05-16T01:14:46.867+0000] {processor.py:161} INFO - Started process (PID=2006) to work on /home/airflow/.local/lib/python3.8/site-packages/airflow/example_dags/example_latest_only_with_trigger.py
[2024-05-16T01:14:46.869+0000] {processor.py:830} INFO - Processing file /home/airflow/.local/lib/python3.8/site-packages/airflow/example_dags/example_latest_only_with_trigger.py for tasks to queue
[2024-05-16T01:14:46.871+0000] {logging_mixin.py:188} INFO - [2024-05-16T01:14:46.871+0000] {dagbag.py:540} INFO - Filling up the DagBag from /home/airflow/.local/lib/python3.8/site-packages/airflow/example_dags/example_latest_only_with_trigger.py
[2024-05-16T01:14:46.879+0000] {processor.py:840} INFO - DAG(s) 'latest_only_with_trigger' retrieved from /home/airflow/.local/lib/python3.8/site-packages/airflow/example_dags/example_latest_only_with_trigger.py
[2024-05-16T01:14:46.903+0000] {logging_mixin.py:188} INFO - [2024-05-16T01:14:46.903+0000] {dag.py:3047} INFO - Sync 1 DAGs
[2024-05-16T01:14:46.930+0000] {logging_mixin.py:188} INFO - [2024-05-16T01:14:46.929+0000] {dag.py:3834} INFO - Setting next_dagrun for latest_only_with_trigger to 2024-05-15 20:00:00+00:00, run_after=2024-05-16 00:00:00+00:00
[2024-05-16T01:14:46.956+0000] {processor.py:183} INFO - Processing /home/airflow/.local/lib/python3.8/site-packages/airflow/example_dags/example_latest_only_with_trigger.py took 0.093 seconds
[2024-05-16T01:15:18.242+0000] {processor.py:161} INFO - Started process (PID=2065) to work on /home/airflow/.local/lib/python3.8/site-packages/airflow/example_dags/example_latest_only_with_trigger.py
[2024-05-16T01:15:18.244+0000] {processor.py:830} INFO - Processing file /home/airflow/.local/lib/python3.8/site-packages/airflow/example_dags/example_latest_only_with_trigger.py for tasks to queue
[2024-05-16T01:15:18.247+0000] {logging_mixin.py:188} INFO - [2024-05-16T01:15:18.246+0000] {dagbag.py:540} INFO - Filling up the DagBag from /home/airflow/.local/lib/python3.8/site-packages/airflow/example_dags/example_latest_only_with_trigger.py
[2024-05-16T01:15:18.254+0000] {processor.py:840} INFO - DAG(s) 'latest_only_with_trigger' retrieved from /home/airflow/.local/lib/python3.8/site-packages/airflow/example_dags/example_latest_only_with_trigger.py
[2024-05-16T01:15:18.279+0000] {logging_mixin.py:188} INFO - [2024-05-16T01:15:18.279+0000] {dag.py:3047} INFO - Sync 1 DAGs
[2024-05-16T01:15:18.303+0000] {logging_mixin.py:188} INFO - [2024-05-16T01:15:18.303+0000] {dag.py:3834} INFO - Setting next_dagrun for latest_only_with_trigger to 2024-05-15 20:00:00+00:00, run_after=2024-05-16 00:00:00+00:00
[2024-05-16T01:15:18.330+0000] {processor.py:183} INFO - Processing /home/airflow/.local/lib/python3.8/site-packages/airflow/example_dags/example_latest_only_with_trigger.py took 0.091 seconds
[2024-05-16T01:15:49.406+0000] {processor.py:161} INFO - Started process (PID=2124) to work on /home/airflow/.local/lib/python3.8/site-packages/airflow/example_dags/example_latest_only_with_trigger.py
[2024-05-16T01:15:49.407+0000] {processor.py:830} INFO - Processing file /home/airflow/.local/lib/python3.8/site-packages/airflow/example_dags/example_latest_only_with_trigger.py for tasks to queue
[2024-05-16T01:15:49.410+0000] {logging_mixin.py:188} INFO - [2024-05-16T01:15:49.409+0000] {dagbag.py:540} INFO - Filling up the DagBag from /home/airflow/.local/lib/python3.8/site-packages/airflow/example_dags/example_latest_only_with_trigger.py
[2024-05-16T01:15:49.416+0000] {processor.py:840} INFO - DAG(s) 'latest_only_with_trigger' retrieved from /home/airflow/.local/lib/python3.8/site-packages/airflow/example_dags/example_latest_only_with_trigger.py
[2024-05-16T01:15:49.442+0000] {logging_mixin.py:188} INFO - [2024-05-16T01:15:49.442+0000] {dag.py:3047} INFO - Sync 1 DAGs
[2024-05-16T01:15:49.464+0000] {logging_mixin.py:188} INFO - [2024-05-16T01:15:49.464+0000] {dag.py:3834} INFO - Setting next_dagrun for latest_only_with_trigger to 2024-05-15 20:00:00+00:00, run_after=2024-05-16 00:00:00+00:00
[2024-05-16T01:15:49.492+0000] {processor.py:183} INFO - Processing /home/airflow/.local/lib/python3.8/site-packages/airflow/example_dags/example_latest_only_with_trigger.py took 0.090 seconds
[2024-05-16T01:16:19.986+0000] {processor.py:161} INFO - Started process (PID=2183) to work on /home/airflow/.local/lib/python3.8/site-packages/airflow/example_dags/example_latest_only_with_trigger.py
[2024-05-16T01:16:19.989+0000] {processor.py:830} INFO - Processing file /home/airflow/.local/lib/python3.8/site-packages/airflow/example_dags/example_latest_only_with_trigger.py for tasks to queue
[2024-05-16T01:16:19.992+0000] {logging_mixin.py:188} INFO - [2024-05-16T01:16:19.991+0000] {dagbag.py:540} INFO - Filling up the DagBag from /home/airflow/.local/lib/python3.8/site-packages/airflow/example_dags/example_latest_only_with_trigger.py
[2024-05-16T01:16:19.999+0000] {processor.py:840} INFO - DAG(s) 'latest_only_with_trigger' retrieved from /home/airflow/.local/lib/python3.8/site-packages/airflow/example_dags/example_latest_only_with_trigger.py
[2024-05-16T01:16:20.024+0000] {logging_mixin.py:188} INFO - [2024-05-16T01:16:20.024+0000] {dag.py:3047} INFO - Sync 1 DAGs
[2024-05-16T01:16:20.050+0000] {logging_mixin.py:188} INFO - [2024-05-16T01:16:20.050+0000] {dag.py:3834} INFO - Setting next_dagrun for latest_only_with_trigger to 2024-05-15 20:00:00+00:00, run_after=2024-05-16 00:00:00+00:00
[2024-05-16T01:16:20.076+0000] {processor.py:183} INFO - Processing /home/airflow/.local/lib/python3.8/site-packages/airflow/example_dags/example_latest_only_with_trigger.py took 0.094 seconds
[2024-05-16T01:16:51.147+0000] {processor.py:161} INFO - Started process (PID=2242) to work on /home/airflow/.local/lib/python3.8/site-packages/airflow/example_dags/example_latest_only_with_trigger.py
[2024-05-16T01:16:51.149+0000] {processor.py:830} INFO - Processing file /home/airflow/.local/lib/python3.8/site-packages/airflow/example_dags/example_latest_only_with_trigger.py for tasks to queue
[2024-05-16T01:16:51.151+0000] {logging_mixin.py:188} INFO - [2024-05-16T01:16:51.151+0000] {dagbag.py:540} INFO - Filling up the DagBag from /home/airflow/.local/lib/python3.8/site-packages/airflow/example_dags/example_latest_only_with_trigger.py
[2024-05-16T01:16:51.158+0000] {processor.py:840} INFO - DAG(s) 'latest_only_with_trigger' retrieved from /home/airflow/.local/lib/python3.8/site-packages/airflow/example_dags/example_latest_only_with_trigger.py
[2024-05-16T01:16:51.181+0000] {logging_mixin.py:188} INFO - [2024-05-16T01:16:51.180+0000] {dag.py:3047} INFO - Sync 1 DAGs
[2024-05-16T01:16:51.213+0000] {logging_mixin.py:188} INFO - [2024-05-16T01:16:51.213+0000] {dag.py:3834} INFO - Setting next_dagrun for latest_only_with_trigger to 2024-05-15 20:00:00+00:00, run_after=2024-05-16 00:00:00+00:00
[2024-05-16T01:16:51.241+0000] {processor.py:183} INFO - Processing /home/airflow/.local/lib/python3.8/site-packages/airflow/example_dags/example_latest_only_with_trigger.py took 0.098 seconds
[2024-05-16T01:17:21.681+0000] {processor.py:161} INFO - Started process (PID=2301) to work on /home/airflow/.local/lib/python3.8/site-packages/airflow/example_dags/example_latest_only_with_trigger.py
[2024-05-16T01:17:21.683+0000] {processor.py:830} INFO - Processing file /home/airflow/.local/lib/python3.8/site-packages/airflow/example_dags/example_latest_only_with_trigger.py for tasks to queue
[2024-05-16T01:17:21.686+0000] {logging_mixin.py:188} INFO - [2024-05-16T01:17:21.685+0000] {dagbag.py:540} INFO - Filling up the DagBag from /home/airflow/.local/lib/python3.8/site-packages/airflow/example_dags/example_latest_only_with_trigger.py
[2024-05-16T01:17:21.693+0000] {processor.py:840} INFO - DAG(s) 'latest_only_with_trigger' retrieved from /home/airflow/.local/lib/python3.8/site-packages/airflow/example_dags/example_latest_only_with_trigger.py
[2024-05-16T01:17:21.716+0000] {logging_mixin.py:188} INFO - [2024-05-16T01:17:21.715+0000] {dag.py:3047} INFO - Sync 1 DAGs
[2024-05-16T01:17:21.740+0000] {logging_mixin.py:188} INFO - [2024-05-16T01:17:21.740+0000] {dag.py:3834} INFO - Setting next_dagrun for latest_only_with_trigger to 2024-05-15 20:00:00+00:00, run_after=2024-05-16 00:00:00+00:00
[2024-05-16T01:17:21.767+0000] {processor.py:183} INFO - Processing /home/airflow/.local/lib/python3.8/site-packages/airflow/example_dags/example_latest_only_with_trigger.py took 0.090 seconds
[2024-05-16T01:17:52.633+0000] {processor.py:161} INFO - Started process (PID=2360) to work on /home/airflow/.local/lib/python3.8/site-packages/airflow/example_dags/example_latest_only_with_trigger.py
[2024-05-16T01:17:52.636+0000] {processor.py:830} INFO - Processing file /home/airflow/.local/lib/python3.8/site-packages/airflow/example_dags/example_latest_only_with_trigger.py for tasks to queue
[2024-05-16T01:17:52.639+0000] {logging_mixin.py:188} INFO - [2024-05-16T01:17:52.638+0000] {dagbag.py:540} INFO - Filling up the DagBag from /home/airflow/.local/lib/python3.8/site-packages/airflow/example_dags/example_latest_only_with_trigger.py
[2024-05-16T01:17:52.647+0000] {processor.py:840} INFO - DAG(s) 'latest_only_with_trigger' retrieved from /home/airflow/.local/lib/python3.8/site-packages/airflow/example_dags/example_latest_only_with_trigger.py
[2024-05-16T01:17:52.679+0000] {logging_mixin.py:188} INFO - [2024-05-16T01:17:52.679+0000] {dag.py:3047} INFO - Sync 1 DAGs
[2024-05-16T01:17:52.711+0000] {logging_mixin.py:188} INFO - [2024-05-16T01:17:52.711+0000] {dag.py:3834} INFO - Setting next_dagrun for latest_only_with_trigger to 2024-05-15 20:00:00+00:00, run_after=2024-05-16 00:00:00+00:00
[2024-05-16T01:17:52.744+0000] {processor.py:183} INFO - Processing /home/airflow/.local/lib/python3.8/site-packages/airflow/example_dags/example_latest_only_with_trigger.py took 0.115 seconds
[2024-05-16T01:18:23.375+0000] {processor.py:161} INFO - Started process (PID=2419) to work on /home/airflow/.local/lib/python3.8/site-packages/airflow/example_dags/example_latest_only_with_trigger.py
[2024-05-16T01:18:23.378+0000] {processor.py:830} INFO - Processing file /home/airflow/.local/lib/python3.8/site-packages/airflow/example_dags/example_latest_only_with_trigger.py for tasks to queue
[2024-05-16T01:18:23.383+0000] {logging_mixin.py:188} INFO - [2024-05-16T01:18:23.382+0000] {dagbag.py:540} INFO - Filling up the DagBag from /home/airflow/.local/lib/python3.8/site-packages/airflow/example_dags/example_latest_only_with_trigger.py
[2024-05-16T01:18:23.394+0000] {processor.py:840} INFO - DAG(s) 'latest_only_with_trigger' retrieved from /home/airflow/.local/lib/python3.8/site-packages/airflow/example_dags/example_latest_only_with_trigger.py
[2024-05-16T01:18:23.445+0000] {logging_mixin.py:188} INFO - [2024-05-16T01:18:23.444+0000] {dag.py:3047} INFO - Sync 1 DAGs
[2024-05-16T01:18:23.500+0000] {logging_mixin.py:188} INFO - [2024-05-16T01:18:23.499+0000] {dag.py:3834} INFO - Setting next_dagrun for latest_only_with_trigger to 2024-05-15 20:00:00+00:00, run_after=2024-05-16 00:00:00+00:00
[2024-05-16T01:18:23.548+0000] {processor.py:183} INFO - Processing /home/airflow/.local/lib/python3.8/site-packages/airflow/example_dags/example_latest_only_with_trigger.py took 0.178 seconds
[2024-05-16T01:18:54.574+0000] {processor.py:161} INFO - Started process (PID=2478) to work on /home/airflow/.local/lib/python3.8/site-packages/airflow/example_dags/example_latest_only_with_trigger.py
[2024-05-16T01:18:54.576+0000] {processor.py:830} INFO - Processing file /home/airflow/.local/lib/python3.8/site-packages/airflow/example_dags/example_latest_only_with_trigger.py for tasks to queue
[2024-05-16T01:18:54.580+0000] {logging_mixin.py:188} INFO - [2024-05-16T01:18:54.580+0000] {dagbag.py:540} INFO - Filling up the DagBag from /home/airflow/.local/lib/python3.8/site-packages/airflow/example_dags/example_latest_only_with_trigger.py
[2024-05-16T01:18:54.592+0000] {processor.py:840} INFO - DAG(s) 'latest_only_with_trigger' retrieved from /home/airflow/.local/lib/python3.8/site-packages/airflow/example_dags/example_latest_only_with_trigger.py
[2024-05-16T01:18:54.627+0000] {logging_mixin.py:188} INFO - [2024-05-16T01:18:54.626+0000] {dag.py:3047} INFO - Sync 1 DAGs
[2024-05-16T01:18:54.659+0000] {logging_mixin.py:188} INFO - [2024-05-16T01:18:54.659+0000] {dag.py:3834} INFO - Setting next_dagrun for latest_only_with_trigger to 2024-05-15 20:00:00+00:00, run_after=2024-05-16 00:00:00+00:00
[2024-05-16T01:18:54.696+0000] {processor.py:183} INFO - Processing /home/airflow/.local/lib/python3.8/site-packages/airflow/example_dags/example_latest_only_with_trigger.py took 0.126 seconds
[2024-05-16T01:19:25.404+0000] {processor.py:161} INFO - Started process (PID=2537) to work on /home/airflow/.local/lib/python3.8/site-packages/airflow/example_dags/example_latest_only_with_trigger.py
[2024-05-16T01:19:25.406+0000] {processor.py:830} INFO - Processing file /home/airflow/.local/lib/python3.8/site-packages/airflow/example_dags/example_latest_only_with_trigger.py for tasks to queue
[2024-05-16T01:19:25.410+0000] {logging_mixin.py:188} INFO - [2024-05-16T01:19:25.409+0000] {dagbag.py:540} INFO - Filling up the DagBag from /home/airflow/.local/lib/python3.8/site-packages/airflow/example_dags/example_latest_only_with_trigger.py
[2024-05-16T01:19:25.418+0000] {processor.py:840} INFO - DAG(s) 'latest_only_with_trigger' retrieved from /home/airflow/.local/lib/python3.8/site-packages/airflow/example_dags/example_latest_only_with_trigger.py
[2024-05-16T01:19:25.449+0000] {logging_mixin.py:188} INFO - [2024-05-16T01:19:25.449+0000] {dag.py:3047} INFO - Sync 1 DAGs
[2024-05-16T01:19:25.479+0000] {logging_mixin.py:188} INFO - [2024-05-16T01:19:25.479+0000] {dag.py:3834} INFO - Setting next_dagrun for latest_only_with_trigger to 2024-05-15 20:00:00+00:00, run_after=2024-05-16 00:00:00+00:00
[2024-05-16T01:19:25.518+0000] {processor.py:183} INFO - Processing /home/airflow/.local/lib/python3.8/site-packages/airflow/example_dags/example_latest_only_with_trigger.py took 0.118 seconds
[2024-05-16T01:19:56.182+0000] {processor.py:161} INFO - Started process (PID=2596) to work on /home/airflow/.local/lib/python3.8/site-packages/airflow/example_dags/example_latest_only_with_trigger.py
[2024-05-16T01:19:56.184+0000] {processor.py:830} INFO - Processing file /home/airflow/.local/lib/python3.8/site-packages/airflow/example_dags/example_latest_only_with_trigger.py for tasks to queue
[2024-05-16T01:19:56.188+0000] {logging_mixin.py:188} INFO - [2024-05-16T01:19:56.187+0000] {dagbag.py:540} INFO - Filling up the DagBag from /home/airflow/.local/lib/python3.8/site-packages/airflow/example_dags/example_latest_only_with_trigger.py
[2024-05-16T01:19:56.195+0000] {processor.py:840} INFO - DAG(s) 'latest_only_with_trigger' retrieved from /home/airflow/.local/lib/python3.8/site-packages/airflow/example_dags/example_latest_only_with_trigger.py
[2024-05-16T01:19:56.223+0000] {logging_mixin.py:188} INFO - [2024-05-16T01:19:56.223+0000] {dag.py:3047} INFO - Sync 1 DAGs
[2024-05-16T01:19:56.253+0000] {logging_mixin.py:188} INFO - [2024-05-16T01:19:56.253+0000] {dag.py:3834} INFO - Setting next_dagrun for latest_only_with_trigger to 2024-05-15 20:00:00+00:00, run_after=2024-05-16 00:00:00+00:00
[2024-05-16T01:19:56.280+0000] {processor.py:183} INFO - Processing /home/airflow/.local/lib/python3.8/site-packages/airflow/example_dags/example_latest_only_with_trigger.py took 0.102 seconds
[2024-05-16T01:20:26.868+0000] {processor.py:161} INFO - Started process (PID=2655) to work on /home/airflow/.local/lib/python3.8/site-packages/airflow/example_dags/example_latest_only_with_trigger.py
[2024-05-16T01:20:26.870+0000] {processor.py:830} INFO - Processing file /home/airflow/.local/lib/python3.8/site-packages/airflow/example_dags/example_latest_only_with_trigger.py for tasks to queue
[2024-05-16T01:20:26.873+0000] {logging_mixin.py:188} INFO - [2024-05-16T01:20:26.872+0000] {dagbag.py:540} INFO - Filling up the DagBag from /home/airflow/.local/lib/python3.8/site-packages/airflow/example_dags/example_latest_only_with_trigger.py
[2024-05-16T01:20:26.881+0000] {processor.py:840} INFO - DAG(s) 'latest_only_with_trigger' retrieved from /home/airflow/.local/lib/python3.8/site-packages/airflow/example_dags/example_latest_only_with_trigger.py
[2024-05-16T01:20:26.910+0000] {logging_mixin.py:188} INFO - [2024-05-16T01:20:26.910+0000] {dag.py:3047} INFO - Sync 1 DAGs
[2024-05-16T01:20:26.944+0000] {logging_mixin.py:188} INFO - [2024-05-16T01:20:26.944+0000] {dag.py:3834} INFO - Setting next_dagrun for latest_only_with_trigger to 2024-05-15 20:00:00+00:00, run_after=2024-05-16 00:00:00+00:00
[2024-05-16T01:20:26.978+0000] {processor.py:183} INFO - Processing /home/airflow/.local/lib/python3.8/site-packages/airflow/example_dags/example_latest_only_with_trigger.py took 0.114 seconds
[2024-05-16T01:20:58.434+0000] {processor.py:161} INFO - Started process (PID=2714) to work on /home/airflow/.local/lib/python3.8/site-packages/airflow/example_dags/example_latest_only_with_trigger.py
[2024-05-16T01:20:58.435+0000] {processor.py:830} INFO - Processing file /home/airflow/.local/lib/python3.8/site-packages/airflow/example_dags/example_latest_only_with_trigger.py for tasks to queue
[2024-05-16T01:20:58.438+0000] {logging_mixin.py:188} INFO - [2024-05-16T01:20:58.438+0000] {dagbag.py:540} INFO - Filling up the DagBag from /home/airflow/.local/lib/python3.8/site-packages/airflow/example_dags/example_latest_only_with_trigger.py
[2024-05-16T01:20:58.446+0000] {processor.py:840} INFO - DAG(s) 'latest_only_with_trigger' retrieved from /home/airflow/.local/lib/python3.8/site-packages/airflow/example_dags/example_latest_only_with_trigger.py
[2024-05-16T01:20:58.476+0000] {logging_mixin.py:188} INFO - [2024-05-16T01:20:58.476+0000] {dag.py:3047} INFO - Sync 1 DAGs
[2024-05-16T01:20:58.502+0000] {logging_mixin.py:188} INFO - [2024-05-16T01:20:58.501+0000] {dag.py:3834} INFO - Setting next_dagrun for latest_only_with_trigger to 2024-05-15 20:00:00+00:00, run_after=2024-05-16 00:00:00+00:00
[2024-05-16T01:20:58.526+0000] {processor.py:183} INFO - Processing /home/airflow/.local/lib/python3.8/site-packages/airflow/example_dags/example_latest_only_with_trigger.py took 0.096 seconds
[2024-05-16T01:21:28.652+0000] {processor.py:161} INFO - Started process (PID=2773) to work on /home/airflow/.local/lib/python3.8/site-packages/airflow/example_dags/example_latest_only_with_trigger.py
[2024-05-16T01:21:28.655+0000] {processor.py:830} INFO - Processing file /home/airflow/.local/lib/python3.8/site-packages/airflow/example_dags/example_latest_only_with_trigger.py for tasks to queue
[2024-05-16T01:21:28.660+0000] {logging_mixin.py:188} INFO - [2024-05-16T01:21:28.659+0000] {dagbag.py:540} INFO - Filling up the DagBag from /home/airflow/.local/lib/python3.8/site-packages/airflow/example_dags/example_latest_only_with_trigger.py
[2024-05-16T01:21:28.671+0000] {processor.py:840} INFO - DAG(s) 'latest_only_with_trigger' retrieved from /home/airflow/.local/lib/python3.8/site-packages/airflow/example_dags/example_latest_only_with_trigger.py
[2024-05-16T01:21:28.709+0000] {logging_mixin.py:188} INFO - [2024-05-16T01:21:28.709+0000] {dag.py:3047} INFO - Sync 1 DAGs
[2024-05-16T01:21:28.751+0000] {logging_mixin.py:188} INFO - [2024-05-16T01:21:28.751+0000] {dag.py:3834} INFO - Setting next_dagrun for latest_only_with_trigger to 2024-05-15 20:00:00+00:00, run_after=2024-05-16 00:00:00+00:00
[2024-05-16T01:21:28.796+0000] {processor.py:183} INFO - Processing /home/airflow/.local/lib/python3.8/site-packages/airflow/example_dags/example_latest_only_with_trigger.py took 0.151 seconds
[2024-05-16T01:21:59.943+0000] {processor.py:161} INFO - Started process (PID=2832) to work on /home/airflow/.local/lib/python3.8/site-packages/airflow/example_dags/example_latest_only_with_trigger.py
[2024-05-16T01:21:59.946+0000] {processor.py:830} INFO - Processing file /home/airflow/.local/lib/python3.8/site-packages/airflow/example_dags/example_latest_only_with_trigger.py for tasks to queue
[2024-05-16T01:21:59.948+0000] {logging_mixin.py:188} INFO - [2024-05-16T01:21:59.948+0000] {dagbag.py:540} INFO - Filling up the DagBag from /home/airflow/.local/lib/python3.8/site-packages/airflow/example_dags/example_latest_only_with_trigger.py
[2024-05-16T01:21:59.957+0000] {processor.py:840} INFO - DAG(s) 'latest_only_with_trigger' retrieved from /home/airflow/.local/lib/python3.8/site-packages/airflow/example_dags/example_latest_only_with_trigger.py
[2024-05-16T01:21:59.987+0000] {logging_mixin.py:188} INFO - [2024-05-16T01:21:59.987+0000] {dag.py:3047} INFO - Sync 1 DAGs
[2024-05-16T01:22:00.025+0000] {logging_mixin.py:188} INFO - [2024-05-16T01:22:00.025+0000] {dag.py:3834} INFO - Setting next_dagrun for latest_only_with_trigger to 2024-05-15 20:00:00+00:00, run_after=2024-05-16 00:00:00+00:00
[2024-05-16T01:22:00.064+0000] {processor.py:183} INFO - Processing /home/airflow/.local/lib/python3.8/site-packages/airflow/example_dags/example_latest_only_with_trigger.py took 0.126 seconds
[2024-05-16T01:22:30.857+0000] {processor.py:161} INFO - Started process (PID=2891) to work on /home/airflow/.local/lib/python3.8/site-packages/airflow/example_dags/example_latest_only_with_trigger.py
[2024-05-16T01:22:30.861+0000] {processor.py:830} INFO - Processing file /home/airflow/.local/lib/python3.8/site-packages/airflow/example_dags/example_latest_only_with_trigger.py for tasks to queue
[2024-05-16T01:22:30.866+0000] {logging_mixin.py:188} INFO - [2024-05-16T01:22:30.865+0000] {dagbag.py:540} INFO - Filling up the DagBag from /home/airflow/.local/lib/python3.8/site-packages/airflow/example_dags/example_latest_only_with_trigger.py
[2024-05-16T01:22:30.881+0000] {processor.py:840} INFO - DAG(s) 'latest_only_with_trigger' retrieved from /home/airflow/.local/lib/python3.8/site-packages/airflow/example_dags/example_latest_only_with_trigger.py
[2024-05-16T01:22:30.923+0000] {logging_mixin.py:188} INFO - [2024-05-16T01:22:30.923+0000] {dag.py:3047} INFO - Sync 1 DAGs
[2024-05-16T01:22:30.967+0000] {logging_mixin.py:188} INFO - [2024-05-16T01:22:30.967+0000] {dag.py:3834} INFO - Setting next_dagrun for latest_only_with_trigger to 2024-05-15 20:00:00+00:00, run_after=2024-05-16 00:00:00+00:00
[2024-05-16T01:22:31.013+0000] {processor.py:183} INFO - Processing /home/airflow/.local/lib/python3.8/site-packages/airflow/example_dags/example_latest_only_with_trigger.py took 0.164 seconds
[2024-05-16T01:23:01.806+0000] {processor.py:161} INFO - Started process (PID=2950) to work on /home/airflow/.local/lib/python3.8/site-packages/airflow/example_dags/example_latest_only_with_trigger.py
[2024-05-16T01:23:01.808+0000] {processor.py:830} INFO - Processing file /home/airflow/.local/lib/python3.8/site-packages/airflow/example_dags/example_latest_only_with_trigger.py for tasks to queue
[2024-05-16T01:23:01.811+0000] {logging_mixin.py:188} INFO - [2024-05-16T01:23:01.810+0000] {dagbag.py:540} INFO - Filling up the DagBag from /home/airflow/.local/lib/python3.8/site-packages/airflow/example_dags/example_latest_only_with_trigger.py
[2024-05-16T01:23:01.819+0000] {processor.py:840} INFO - DAG(s) 'latest_only_with_trigger' retrieved from /home/airflow/.local/lib/python3.8/site-packages/airflow/example_dags/example_latest_only_with_trigger.py
[2024-05-16T01:23:01.854+0000] {logging_mixin.py:188} INFO - [2024-05-16T01:23:01.854+0000] {dag.py:3047} INFO - Sync 1 DAGs
[2024-05-16T01:23:01.886+0000] {logging_mixin.py:188} INFO - [2024-05-16T01:23:01.886+0000] {dag.py:3834} INFO - Setting next_dagrun for latest_only_with_trigger to 2024-05-15 20:00:00+00:00, run_after=2024-05-16 00:00:00+00:00
[2024-05-16T01:23:01.920+0000] {processor.py:183} INFO - Processing /home/airflow/.local/lib/python3.8/site-packages/airflow/example_dags/example_latest_only_with_trigger.py took 0.120 seconds
