[2024-05-16T00:57:57.409+0000] {processor.py:161} INFO - Started process (PID=66) to work on /home/airflow/.local/lib/python3.8/site-packages/airflow/example_dags/example_short_circuit_operator.py
[2024-05-16T00:57:57.410+0000] {processor.py:830} INFO - Processing file /home/airflow/.local/lib/python3.8/site-packages/airflow/example_dags/example_short_circuit_operator.py for tasks to queue
[2024-05-16T00:57:57.412+0000] {logging_mixin.py:188} INFO - [2024-05-16T00:57:57.412+0000] {dagbag.py:540} INFO - Filling up the DagBag from /home/airflow/.local/lib/python3.8/site-packages/airflow/example_dags/example_short_circuit_operator.py
[2024-05-16T00:57:57.419+0000] {processor.py:840} INFO - DAG(s) 'example_short_circuit_operator' retrieved from /home/airflow/.local/lib/python3.8/site-packages/airflow/example_dags/example_short_circuit_operator.py
[2024-05-16T00:57:57.444+0000] {logging_mixin.py:188} INFO - [2024-05-16T00:57:57.444+0000] {dag.py:3047} INFO - Sync 1 DAGs
[2024-05-16T00:57:57.469+0000] {logging_mixin.py:188} INFO - [2024-05-16T00:57:57.468+0000] {dag.py:3834} INFO - Setting next_dagrun for example_short_circuit_operator to 2024-05-15 00:00:00+00:00, run_after=2024-05-16 00:00:00+00:00
[2024-05-16T00:57:57.492+0000] {processor.py:183} INFO - Processing /home/airflow/.local/lib/python3.8/site-packages/airflow/example_dags/example_short_circuit_operator.py took 0.087 seconds
[2024-05-16T00:58:28.821+0000] {processor.py:161} INFO - Started process (PID=125) to work on /home/airflow/.local/lib/python3.8/site-packages/airflow/example_dags/example_short_circuit_operator.py
[2024-05-16T00:58:28.824+0000] {processor.py:830} INFO - Processing file /home/airflow/.local/lib/python3.8/site-packages/airflow/example_dags/example_short_circuit_operator.py for tasks to queue
[2024-05-16T00:58:28.827+0000] {logging_mixin.py:188} INFO - [2024-05-16T00:58:28.826+0000] {dagbag.py:540} INFO - Filling up the DagBag from /home/airflow/.local/lib/python3.8/site-packages/airflow/example_dags/example_short_circuit_operator.py
[2024-05-16T00:58:28.839+0000] {processor.py:840} INFO - DAG(s) 'example_short_circuit_operator' retrieved from /home/airflow/.local/lib/python3.8/site-packages/airflow/example_dags/example_short_circuit_operator.py
[2024-05-16T00:58:28.881+0000] {logging_mixin.py:188} INFO - [2024-05-16T00:58:28.880+0000] {dag.py:3047} INFO - Sync 1 DAGs
[2024-05-16T00:58:28.927+0000] {logging_mixin.py:188} INFO - [2024-05-16T00:58:28.927+0000] {dag.py:3834} INFO - Setting next_dagrun for example_short_circuit_operator to 2024-05-15 00:00:00+00:00, run_after=2024-05-16 00:00:00+00:00
[2024-05-16T00:58:28.968+0000] {processor.py:183} INFO - Processing /home/airflow/.local/lib/python3.8/site-packages/airflow/example_dags/example_short_circuit_operator.py took 0.152 seconds
[2024-05-16T00:58:59.147+0000] {processor.py:161} INFO - Started process (PID=184) to work on /home/airflow/.local/lib/python3.8/site-packages/airflow/example_dags/example_short_circuit_operator.py
[2024-05-16T00:58:59.148+0000] {processor.py:830} INFO - Processing file /home/airflow/.local/lib/python3.8/site-packages/airflow/example_dags/example_short_circuit_operator.py for tasks to queue
[2024-05-16T00:58:59.150+0000] {logging_mixin.py:188} INFO - [2024-05-16T00:58:59.150+0000] {dagbag.py:540} INFO - Filling up the DagBag from /home/airflow/.local/lib/python3.8/site-packages/airflow/example_dags/example_short_circuit_operator.py
[2024-05-16T00:58:59.159+0000] {processor.py:840} INFO - DAG(s) 'example_short_circuit_operator' retrieved from /home/airflow/.local/lib/python3.8/site-packages/airflow/example_dags/example_short_circuit_operator.py
[2024-05-16T00:58:59.183+0000] {logging_mixin.py:188} INFO - [2024-05-16T00:58:59.183+0000] {dag.py:3047} INFO - Sync 1 DAGs
[2024-05-16T00:58:59.206+0000] {logging_mixin.py:188} INFO - [2024-05-16T00:58:59.206+0000] {dag.py:3834} INFO - Setting next_dagrun for example_short_circuit_operator to 2024-05-15 00:00:00+00:00, run_after=2024-05-16 00:00:00+00:00
[2024-05-16T00:58:59.229+0000] {processor.py:183} INFO - Processing /home/airflow/.local/lib/python3.8/site-packages/airflow/example_dags/example_short_circuit_operator.py took 0.086 seconds
[2024-05-16T00:59:29.704+0000] {processor.py:161} INFO - Started process (PID=243) to work on /home/airflow/.local/lib/python3.8/site-packages/airflow/example_dags/example_short_circuit_operator.py
[2024-05-16T00:59:29.706+0000] {processor.py:830} INFO - Processing file /home/airflow/.local/lib/python3.8/site-packages/airflow/example_dags/example_short_circuit_operator.py for tasks to queue
[2024-05-16T00:59:29.708+0000] {logging_mixin.py:188} INFO - [2024-05-16T00:59:29.708+0000] {dagbag.py:540} INFO - Filling up the DagBag from /home/airflow/.local/lib/python3.8/site-packages/airflow/example_dags/example_short_circuit_operator.py
[2024-05-16T00:59:29.715+0000] {processor.py:840} INFO - DAG(s) 'example_short_circuit_operator' retrieved from /home/airflow/.local/lib/python3.8/site-packages/airflow/example_dags/example_short_circuit_operator.py
[2024-05-16T00:59:29.734+0000] {logging_mixin.py:188} INFO - [2024-05-16T00:59:29.734+0000] {dag.py:3047} INFO - Sync 1 DAGs
[2024-05-16T00:59:29.752+0000] {logging_mixin.py:188} INFO - [2024-05-16T00:59:29.752+0000] {dag.py:3834} INFO - Setting next_dagrun for example_short_circuit_operator to 2024-05-15 00:00:00+00:00, run_after=2024-05-16 00:00:00+00:00
[2024-05-16T00:59:29.774+0000] {processor.py:183} INFO - Processing /home/airflow/.local/lib/python3.8/site-packages/airflow/example_dags/example_short_circuit_operator.py took 0.072 seconds
[2024-05-16T01:00:00.107+0000] {processor.py:161} INFO - Started process (PID=302) to work on /home/airflow/.local/lib/python3.8/site-packages/airflow/example_dags/example_short_circuit_operator.py
[2024-05-16T01:00:00.109+0000] {processor.py:830} INFO - Processing file /home/airflow/.local/lib/python3.8/site-packages/airflow/example_dags/example_short_circuit_operator.py for tasks to queue
[2024-05-16T01:00:00.112+0000] {logging_mixin.py:188} INFO - [2024-05-16T01:00:00.111+0000] {dagbag.py:540} INFO - Filling up the DagBag from /home/airflow/.local/lib/python3.8/site-packages/airflow/example_dags/example_short_circuit_operator.py
[2024-05-16T01:00:00.121+0000] {processor.py:840} INFO - DAG(s) 'example_short_circuit_operator' retrieved from /home/airflow/.local/lib/python3.8/site-packages/airflow/example_dags/example_short_circuit_operator.py
[2024-05-16T01:00:00.153+0000] {logging_mixin.py:188} INFO - [2024-05-16T01:00:00.153+0000] {dag.py:3047} INFO - Sync 1 DAGs
[2024-05-16T01:00:00.178+0000] {logging_mixin.py:188} INFO - [2024-05-16T01:00:00.178+0000] {dag.py:3834} INFO - Setting next_dagrun for example_short_circuit_operator to 2024-05-15 00:00:00+00:00, run_after=2024-05-16 00:00:00+00:00
[2024-05-16T01:00:00.212+0000] {processor.py:183} INFO - Processing /home/airflow/.local/lib/python3.8/site-packages/airflow/example_dags/example_short_circuit_operator.py took 0.108 seconds
[2024-05-16T01:00:31.162+0000] {processor.py:161} INFO - Started process (PID=361) to work on /home/airflow/.local/lib/python3.8/site-packages/airflow/example_dags/example_short_circuit_operator.py
[2024-05-16T01:00:31.164+0000] {processor.py:830} INFO - Processing file /home/airflow/.local/lib/python3.8/site-packages/airflow/example_dags/example_short_circuit_operator.py for tasks to queue
[2024-05-16T01:00:31.166+0000] {logging_mixin.py:188} INFO - [2024-05-16T01:00:31.166+0000] {dagbag.py:540} INFO - Filling up the DagBag from /home/airflow/.local/lib/python3.8/site-packages/airflow/example_dags/example_short_circuit_operator.py
[2024-05-16T01:00:31.173+0000] {processor.py:840} INFO - DAG(s) 'example_short_circuit_operator' retrieved from /home/airflow/.local/lib/python3.8/site-packages/airflow/example_dags/example_short_circuit_operator.py
[2024-05-16T01:00:31.199+0000] {logging_mixin.py:188} INFO - [2024-05-16T01:00:31.197+0000] {dag.py:3047} INFO - Sync 1 DAGs
[2024-05-16T01:00:31.221+0000] {logging_mixin.py:188} INFO - [2024-05-16T01:00:31.221+0000] {dag.py:3834} INFO - Setting next_dagrun for example_short_circuit_operator to 2024-05-15 00:00:00+00:00, run_after=2024-05-16 00:00:00+00:00
[2024-05-16T01:00:31.243+0000] {processor.py:183} INFO - Processing /home/airflow/.local/lib/python3.8/site-packages/airflow/example_dags/example_short_circuit_operator.py took 0.085 seconds
[2024-05-16T01:01:02.059+0000] {processor.py:161} INFO - Started process (PID=420) to work on /home/airflow/.local/lib/python3.8/site-packages/airflow/example_dags/example_short_circuit_operator.py
[2024-05-16T01:01:02.061+0000] {processor.py:830} INFO - Processing file /home/airflow/.local/lib/python3.8/site-packages/airflow/example_dags/example_short_circuit_operator.py for tasks to queue
[2024-05-16T01:01:02.064+0000] {logging_mixin.py:188} INFO - [2024-05-16T01:01:02.063+0000] {dagbag.py:540} INFO - Filling up the DagBag from /home/airflow/.local/lib/python3.8/site-packages/airflow/example_dags/example_short_circuit_operator.py
[2024-05-16T01:01:02.072+0000] {processor.py:840} INFO - DAG(s) 'example_short_circuit_operator' retrieved from /home/airflow/.local/lib/python3.8/site-packages/airflow/example_dags/example_short_circuit_operator.py
[2024-05-16T01:01:02.096+0000] {logging_mixin.py:188} INFO - [2024-05-16T01:01:02.096+0000] {dag.py:3047} INFO - Sync 1 DAGs
[2024-05-16T01:01:02.118+0000] {logging_mixin.py:188} INFO - [2024-05-16T01:01:02.118+0000] {dag.py:3834} INFO - Setting next_dagrun for example_short_circuit_operator to 2024-05-15 00:00:00+00:00, run_after=2024-05-16 00:00:00+00:00
[2024-05-16T01:01:02.152+0000] {processor.py:183} INFO - Processing /home/airflow/.local/lib/python3.8/site-packages/airflow/example_dags/example_short_circuit_operator.py took 0.097 seconds
[2024-05-16T01:01:33.219+0000] {processor.py:161} INFO - Started process (PID=479) to work on /home/airflow/.local/lib/python3.8/site-packages/airflow/example_dags/example_short_circuit_operator.py
[2024-05-16T01:01:33.220+0000] {processor.py:830} INFO - Processing file /home/airflow/.local/lib/python3.8/site-packages/airflow/example_dags/example_short_circuit_operator.py for tasks to queue
[2024-05-16T01:01:33.223+0000] {logging_mixin.py:188} INFO - [2024-05-16T01:01:33.222+0000] {dagbag.py:540} INFO - Filling up the DagBag from /home/airflow/.local/lib/python3.8/site-packages/airflow/example_dags/example_short_circuit_operator.py
[2024-05-16T01:01:33.245+0000] {processor.py:840} INFO - DAG(s) 'example_short_circuit_operator' retrieved from /home/airflow/.local/lib/python3.8/site-packages/airflow/example_dags/example_short_circuit_operator.py
[2024-05-16T01:01:33.275+0000] {logging_mixin.py:188} INFO - [2024-05-16T01:01:33.275+0000] {dag.py:3047} INFO - Sync 1 DAGs
[2024-05-16T01:01:33.311+0000] {logging_mixin.py:188} INFO - [2024-05-16T01:01:33.311+0000] {dag.py:3834} INFO - Setting next_dagrun for example_short_circuit_operator to 2024-05-15 00:00:00+00:00, run_after=2024-05-16 00:00:00+00:00
[2024-05-16T01:01:33.344+0000] {processor.py:183} INFO - Processing /home/airflow/.local/lib/python3.8/site-packages/airflow/example_dags/example_short_circuit_operator.py took 0.129 seconds
[2024-05-16T01:02:04.144+0000] {processor.py:161} INFO - Started process (PID=537) to work on /home/airflow/.local/lib/python3.8/site-packages/airflow/example_dags/example_short_circuit_operator.py
[2024-05-16T01:02:04.145+0000] {processor.py:830} INFO - Processing file /home/airflow/.local/lib/python3.8/site-packages/airflow/example_dags/example_short_circuit_operator.py for tasks to queue
[2024-05-16T01:02:04.147+0000] {logging_mixin.py:188} INFO - [2024-05-16T01:02:04.147+0000] {dagbag.py:540} INFO - Filling up the DagBag from /home/airflow/.local/lib/python3.8/site-packages/airflow/example_dags/example_short_circuit_operator.py
[2024-05-16T01:02:04.154+0000] {processor.py:840} INFO - DAG(s) 'example_short_circuit_operator' retrieved from /home/airflow/.local/lib/python3.8/site-packages/airflow/example_dags/example_short_circuit_operator.py
[2024-05-16T01:02:04.178+0000] {logging_mixin.py:188} INFO - [2024-05-16T01:02:04.177+0000] {dag.py:3047} INFO - Sync 1 DAGs
[2024-05-16T01:02:04.196+0000] {logging_mixin.py:188} INFO - [2024-05-16T01:02:04.196+0000] {dag.py:3834} INFO - Setting next_dagrun for example_short_circuit_operator to 2024-05-15 00:00:00+00:00, run_after=2024-05-16 00:00:00+00:00
[2024-05-16T01:02:04.218+0000] {processor.py:183} INFO - Processing /home/airflow/.local/lib/python3.8/site-packages/airflow/example_dags/example_short_circuit_operator.py took 0.077 seconds
[2024-05-16T01:02:34.877+0000] {processor.py:161} INFO - Started process (PID=596) to work on /home/airflow/.local/lib/python3.8/site-packages/airflow/example_dags/example_short_circuit_operator.py
[2024-05-16T01:02:34.879+0000] {processor.py:830} INFO - Processing file /home/airflow/.local/lib/python3.8/site-packages/airflow/example_dags/example_short_circuit_operator.py for tasks to queue
[2024-05-16T01:02:34.881+0000] {logging_mixin.py:188} INFO - [2024-05-16T01:02:34.881+0000] {dagbag.py:540} INFO - Filling up the DagBag from /home/airflow/.local/lib/python3.8/site-packages/airflow/example_dags/example_short_circuit_operator.py
[2024-05-16T01:02:34.887+0000] {processor.py:840} INFO - DAG(s) 'example_short_circuit_operator' retrieved from /home/airflow/.local/lib/python3.8/site-packages/airflow/example_dags/example_short_circuit_operator.py
[2024-05-16T01:02:34.910+0000] {logging_mixin.py:188} INFO - [2024-05-16T01:02:34.909+0000] {dag.py:3047} INFO - Sync 1 DAGs
[2024-05-16T01:02:34.930+0000] {logging_mixin.py:188} INFO - [2024-05-16T01:02:34.930+0000] {dag.py:3834} INFO - Setting next_dagrun for example_short_circuit_operator to 2024-05-15 00:00:00+00:00, run_after=2024-05-16 00:00:00+00:00
[2024-05-16T01:02:34.956+0000] {processor.py:183} INFO - Processing /home/airflow/.local/lib/python3.8/site-packages/airflow/example_dags/example_short_circuit_operator.py took 0.081 seconds
[2024-05-16T01:03:05.364+0000] {processor.py:161} INFO - Started process (PID=654) to work on /home/airflow/.local/lib/python3.8/site-packages/airflow/example_dags/example_short_circuit_operator.py
[2024-05-16T01:03:05.365+0000] {processor.py:830} INFO - Processing file /home/airflow/.local/lib/python3.8/site-packages/airflow/example_dags/example_short_circuit_operator.py for tasks to queue
[2024-05-16T01:03:05.367+0000] {logging_mixin.py:188} INFO - [2024-05-16T01:03:05.367+0000] {dagbag.py:540} INFO - Filling up the DagBag from /home/airflow/.local/lib/python3.8/site-packages/airflow/example_dags/example_short_circuit_operator.py
[2024-05-16T01:03:05.374+0000] {processor.py:840} INFO - DAG(s) 'example_short_circuit_operator' retrieved from /home/airflow/.local/lib/python3.8/site-packages/airflow/example_dags/example_short_circuit_operator.py
[2024-05-16T01:03:05.394+0000] {logging_mixin.py:188} INFO - [2024-05-16T01:03:05.393+0000] {dag.py:3047} INFO - Sync 1 DAGs
[2024-05-16T01:03:05.411+0000] {logging_mixin.py:188} INFO - [2024-05-16T01:03:05.411+0000] {dag.py:3834} INFO - Setting next_dagrun for example_short_circuit_operator to 2024-05-15 00:00:00+00:00, run_after=2024-05-16 00:00:00+00:00
[2024-05-16T01:03:05.433+0000] {processor.py:183} INFO - Processing /home/airflow/.local/lib/python3.8/site-packages/airflow/example_dags/example_short_circuit_operator.py took 0.071 seconds
[2024-05-16T01:03:35.534+0000] {processor.py:161} INFO - Started process (PID=711) to work on /home/airflow/.local/lib/python3.8/site-packages/airflow/example_dags/example_short_circuit_operator.py
[2024-05-16T01:03:35.536+0000] {processor.py:830} INFO - Processing file /home/airflow/.local/lib/python3.8/site-packages/airflow/example_dags/example_short_circuit_operator.py for tasks to queue
[2024-05-16T01:03:35.567+0000] {logging_mixin.py:188} INFO - [2024-05-16T01:03:35.567+0000] {dagbag.py:540} INFO - Filling up the DagBag from /home/airflow/.local/lib/python3.8/site-packages/airflow/example_dags/example_short_circuit_operator.py
[2024-05-16T01:03:35.575+0000] {processor.py:840} INFO - DAG(s) 'example_short_circuit_operator' retrieved from /home/airflow/.local/lib/python3.8/site-packages/airflow/example_dags/example_short_circuit_operator.py
[2024-05-16T01:03:35.600+0000] {logging_mixin.py:188} INFO - [2024-05-16T01:03:35.600+0000] {dag.py:3047} INFO - Sync 1 DAGs
[2024-05-16T01:03:35.621+0000] {logging_mixin.py:188} INFO - [2024-05-16T01:03:35.621+0000] {dag.py:3834} INFO - Setting next_dagrun for example_short_circuit_operator to 2024-05-15 00:00:00+00:00, run_after=2024-05-16 00:00:00+00:00
[2024-05-16T01:03:35.645+0000] {processor.py:183} INFO - Processing /home/airflow/.local/lib/python3.8/site-packages/airflow/example_dags/example_short_circuit_operator.py took 0.114 seconds
[2024-05-16T01:04:06.598+0000] {processor.py:161} INFO - Started process (PID=770) to work on /home/airflow/.local/lib/python3.8/site-packages/airflow/example_dags/example_short_circuit_operator.py
[2024-05-16T01:04:06.600+0000] {processor.py:830} INFO - Processing file /home/airflow/.local/lib/python3.8/site-packages/airflow/example_dags/example_short_circuit_operator.py for tasks to queue
[2024-05-16T01:04:06.603+0000] {logging_mixin.py:188} INFO - [2024-05-16T01:04:06.602+0000] {dagbag.py:540} INFO - Filling up the DagBag from /home/airflow/.local/lib/python3.8/site-packages/airflow/example_dags/example_short_circuit_operator.py
[2024-05-16T01:04:06.613+0000] {processor.py:840} INFO - DAG(s) 'example_short_circuit_operator' retrieved from /home/airflow/.local/lib/python3.8/site-packages/airflow/example_dags/example_short_circuit_operator.py
[2024-05-16T01:04:06.638+0000] {logging_mixin.py:188} INFO - [2024-05-16T01:04:06.638+0000] {dag.py:3047} INFO - Sync 1 DAGs
[2024-05-16T01:04:06.666+0000] {logging_mixin.py:188} INFO - [2024-05-16T01:04:06.666+0000] {dag.py:3834} INFO - Setting next_dagrun for example_short_circuit_operator to 2024-05-15 00:00:00+00:00, run_after=2024-05-16 00:00:00+00:00
[2024-05-16T01:04:06.700+0000] {processor.py:183} INFO - Processing /home/airflow/.local/lib/python3.8/site-packages/airflow/example_dags/example_short_circuit_operator.py took 0.105 seconds
[2024-05-16T01:04:37.000+0000] {processor.py:161} INFO - Started process (PID=829) to work on /home/airflow/.local/lib/python3.8/site-packages/airflow/example_dags/example_short_circuit_operator.py
[2024-05-16T01:04:37.002+0000] {processor.py:830} INFO - Processing file /home/airflow/.local/lib/python3.8/site-packages/airflow/example_dags/example_short_circuit_operator.py for tasks to queue
[2024-05-16T01:04:37.004+0000] {logging_mixin.py:188} INFO - [2024-05-16T01:04:37.004+0000] {dagbag.py:540} INFO - Filling up the DagBag from /home/airflow/.local/lib/python3.8/site-packages/airflow/example_dags/example_short_circuit_operator.py
[2024-05-16T01:04:37.014+0000] {processor.py:840} INFO - DAG(s) 'example_short_circuit_operator' retrieved from /home/airflow/.local/lib/python3.8/site-packages/airflow/example_dags/example_short_circuit_operator.py
[2024-05-16T01:04:37.040+0000] {logging_mixin.py:188} INFO - [2024-05-16T01:04:37.040+0000] {dag.py:3047} INFO - Sync 1 DAGs
[2024-05-16T01:04:37.060+0000] {logging_mixin.py:188} INFO - [2024-05-16T01:04:37.060+0000] {dag.py:3834} INFO - Setting next_dagrun for example_short_circuit_operator to 2024-05-15 00:00:00+00:00, run_after=2024-05-16 00:00:00+00:00
[2024-05-16T01:04:37.085+0000] {processor.py:183} INFO - Processing /home/airflow/.local/lib/python3.8/site-packages/airflow/example_dags/example_short_circuit_operator.py took 0.090 seconds
[2024-05-16T01:05:07.791+0000] {processor.py:161} INFO - Started process (PID=889) to work on /home/airflow/.local/lib/python3.8/site-packages/airflow/example_dags/example_short_circuit_operator.py
[2024-05-16T01:05:07.793+0000] {processor.py:830} INFO - Processing file /home/airflow/.local/lib/python3.8/site-packages/airflow/example_dags/example_short_circuit_operator.py for tasks to queue
[2024-05-16T01:05:07.795+0000] {logging_mixin.py:188} INFO - [2024-05-16T01:05:07.795+0000] {dagbag.py:540} INFO - Filling up the DagBag from /home/airflow/.local/lib/python3.8/site-packages/airflow/example_dags/example_short_circuit_operator.py
[2024-05-16T01:05:07.802+0000] {processor.py:840} INFO - DAG(s) 'example_short_circuit_operator' retrieved from /home/airflow/.local/lib/python3.8/site-packages/airflow/example_dags/example_short_circuit_operator.py
[2024-05-16T01:05:07.824+0000] {logging_mixin.py:188} INFO - [2024-05-16T01:05:07.824+0000] {dag.py:3047} INFO - Sync 1 DAGs
[2024-05-16T01:05:07.841+0000] {logging_mixin.py:188} INFO - [2024-05-16T01:05:07.840+0000] {dag.py:3834} INFO - Setting next_dagrun for example_short_circuit_operator to 2024-05-15 00:00:00+00:00, run_after=2024-05-16 00:00:00+00:00
[2024-05-16T01:05:07.868+0000] {processor.py:183} INFO - Processing /home/airflow/.local/lib/python3.8/site-packages/airflow/example_dags/example_short_circuit_operator.py took 0.080 seconds
[2024-05-16T01:05:38.374+0000] {processor.py:161} INFO - Started process (PID=948) to work on /home/airflow/.local/lib/python3.8/site-packages/airflow/example_dags/example_short_circuit_operator.py
[2024-05-16T01:05:38.375+0000] {processor.py:830} INFO - Processing file /home/airflow/.local/lib/python3.8/site-packages/airflow/example_dags/example_short_circuit_operator.py for tasks to queue
[2024-05-16T01:05:38.376+0000] {logging_mixin.py:188} INFO - [2024-05-16T01:05:38.376+0000] {dagbag.py:540} INFO - Filling up the DagBag from /home/airflow/.local/lib/python3.8/site-packages/airflow/example_dags/example_short_circuit_operator.py
[2024-05-16T01:05:38.383+0000] {processor.py:840} INFO - DAG(s) 'example_short_circuit_operator' retrieved from /home/airflow/.local/lib/python3.8/site-packages/airflow/example_dags/example_short_circuit_operator.py
[2024-05-16T01:05:38.403+0000] {logging_mixin.py:188} INFO - [2024-05-16T01:05:38.403+0000] {dag.py:3047} INFO - Sync 1 DAGs
[2024-05-16T01:05:38.421+0000] {logging_mixin.py:188} INFO - [2024-05-16T01:05:38.421+0000] {dag.py:3834} INFO - Setting next_dagrun for example_short_circuit_operator to 2024-05-15 00:00:00+00:00, run_after=2024-05-16 00:00:00+00:00
[2024-05-16T01:05:38.441+0000] {processor.py:183} INFO - Processing /home/airflow/.local/lib/python3.8/site-packages/airflow/example_dags/example_short_circuit_operator.py took 0.070 seconds
[2024-05-16T01:06:09.195+0000] {processor.py:161} INFO - Started process (PID=1007) to work on /home/airflow/.local/lib/python3.8/site-packages/airflow/example_dags/example_short_circuit_operator.py
[2024-05-16T01:06:09.197+0000] {processor.py:830} INFO - Processing file /home/airflow/.local/lib/python3.8/site-packages/airflow/example_dags/example_short_circuit_operator.py for tasks to queue
[2024-05-16T01:06:09.199+0000] {logging_mixin.py:188} INFO - [2024-05-16T01:06:09.199+0000] {dagbag.py:540} INFO - Filling up the DagBag from /home/airflow/.local/lib/python3.8/site-packages/airflow/example_dags/example_short_circuit_operator.py
[2024-05-16T01:06:09.209+0000] {processor.py:840} INFO - DAG(s) 'example_short_circuit_operator' retrieved from /home/airflow/.local/lib/python3.8/site-packages/airflow/example_dags/example_short_circuit_operator.py
[2024-05-16T01:06:09.233+0000] {logging_mixin.py:188} INFO - [2024-05-16T01:06:09.233+0000] {dag.py:3047} INFO - Sync 1 DAGs
[2024-05-16T01:06:09.254+0000] {logging_mixin.py:188} INFO - [2024-05-16T01:06:09.253+0000] {dag.py:3834} INFO - Setting next_dagrun for example_short_circuit_operator to 2024-05-15 00:00:00+00:00, run_after=2024-05-16 00:00:00+00:00
[2024-05-16T01:06:09.278+0000] {processor.py:183} INFO - Processing /home/airflow/.local/lib/python3.8/site-packages/airflow/example_dags/example_short_circuit_operator.py took 0.086 seconds
[2024-05-16T01:06:39.580+0000] {processor.py:161} INFO - Started process (PID=1066) to work on /home/airflow/.local/lib/python3.8/site-packages/airflow/example_dags/example_short_circuit_operator.py
[2024-05-16T01:06:39.582+0000] {processor.py:830} INFO - Processing file /home/airflow/.local/lib/python3.8/site-packages/airflow/example_dags/example_short_circuit_operator.py for tasks to queue
[2024-05-16T01:06:39.583+0000] {logging_mixin.py:188} INFO - [2024-05-16T01:06:39.583+0000] {dagbag.py:540} INFO - Filling up the DagBag from /home/airflow/.local/lib/python3.8/site-packages/airflow/example_dags/example_short_circuit_operator.py
[2024-05-16T01:06:39.589+0000] {processor.py:840} INFO - DAG(s) 'example_short_circuit_operator' retrieved from /home/airflow/.local/lib/python3.8/site-packages/airflow/example_dags/example_short_circuit_operator.py
[2024-05-16T01:06:39.607+0000] {logging_mixin.py:188} INFO - [2024-05-16T01:06:39.607+0000] {dag.py:3047} INFO - Sync 1 DAGs
[2024-05-16T01:06:39.622+0000] {logging_mixin.py:188} INFO - [2024-05-16T01:06:39.622+0000] {dag.py:3834} INFO - Setting next_dagrun for example_short_circuit_operator to 2024-05-15 00:00:00+00:00, run_after=2024-05-16 00:00:00+00:00
[2024-05-16T01:06:39.640+0000] {processor.py:183} INFO - Processing /home/airflow/.local/lib/python3.8/site-packages/airflow/example_dags/example_short_circuit_operator.py took 0.063 seconds
[2024-05-16T01:07:09.783+0000] {processor.py:161} INFO - Started process (PID=1125) to work on /home/airflow/.local/lib/python3.8/site-packages/airflow/example_dags/example_short_circuit_operator.py
[2024-05-16T01:07:09.785+0000] {processor.py:830} INFO - Processing file /home/airflow/.local/lib/python3.8/site-packages/airflow/example_dags/example_short_circuit_operator.py for tasks to queue
[2024-05-16T01:07:09.790+0000] {logging_mixin.py:188} INFO - [2024-05-16T01:07:09.789+0000] {dagbag.py:540} INFO - Filling up the DagBag from /home/airflow/.local/lib/python3.8/site-packages/airflow/example_dags/example_short_circuit_operator.py
[2024-05-16T01:07:09.802+0000] {processor.py:840} INFO - DAG(s) 'example_short_circuit_operator' retrieved from /home/airflow/.local/lib/python3.8/site-packages/airflow/example_dags/example_short_circuit_operator.py
[2024-05-16T01:07:09.838+0000] {logging_mixin.py:188} INFO - [2024-05-16T01:07:09.837+0000] {dag.py:3047} INFO - Sync 1 DAGs
[2024-05-16T01:07:09.872+0000] {logging_mixin.py:188} INFO - [2024-05-16T01:07:09.871+0000] {dag.py:3834} INFO - Setting next_dagrun for example_short_circuit_operator to 2024-05-15 00:00:00+00:00, run_after=2024-05-16 00:00:00+00:00
[2024-05-16T01:07:09.911+0000] {processor.py:183} INFO - Processing /home/airflow/.local/lib/python3.8/site-packages/airflow/example_dags/example_short_circuit_operator.py took 0.133 seconds
[2024-05-16T01:07:40.234+0000] {processor.py:161} INFO - Started process (PID=1184) to work on /home/airflow/.local/lib/python3.8/site-packages/airflow/example_dags/example_short_circuit_operator.py
[2024-05-16T01:07:40.236+0000] {processor.py:830} INFO - Processing file /home/airflow/.local/lib/python3.8/site-packages/airflow/example_dags/example_short_circuit_operator.py for tasks to queue
[2024-05-16T01:07:40.239+0000] {logging_mixin.py:188} INFO - [2024-05-16T01:07:40.239+0000] {dagbag.py:540} INFO - Filling up the DagBag from /home/airflow/.local/lib/python3.8/site-packages/airflow/example_dags/example_short_circuit_operator.py
[2024-05-16T01:07:40.248+0000] {processor.py:840} INFO - DAG(s) 'example_short_circuit_operator' retrieved from /home/airflow/.local/lib/python3.8/site-packages/airflow/example_dags/example_short_circuit_operator.py
[2024-05-16T01:07:40.278+0000] {logging_mixin.py:188} INFO - [2024-05-16T01:07:40.278+0000] {dag.py:3047} INFO - Sync 1 DAGs
[2024-05-16T01:07:40.307+0000] {logging_mixin.py:188} INFO - [2024-05-16T01:07:40.307+0000] {dag.py:3834} INFO - Setting next_dagrun for example_short_circuit_operator to 2024-05-15 00:00:00+00:00, run_after=2024-05-16 00:00:00+00:00
[2024-05-16T01:07:40.334+0000] {processor.py:183} INFO - Processing /home/airflow/.local/lib/python3.8/site-packages/airflow/example_dags/example_short_circuit_operator.py took 0.104 seconds
[2024-05-16T01:08:11.129+0000] {processor.py:161} INFO - Started process (PID=1248) to work on /home/airflow/.local/lib/python3.8/site-packages/airflow/example_dags/example_short_circuit_operator.py
[2024-05-16T01:08:11.131+0000] {processor.py:830} INFO - Processing file /home/airflow/.local/lib/python3.8/site-packages/airflow/example_dags/example_short_circuit_operator.py for tasks to queue
[2024-05-16T01:08:11.133+0000] {logging_mixin.py:188} INFO - [2024-05-16T01:08:11.133+0000] {dagbag.py:540} INFO - Filling up the DagBag from /home/airflow/.local/lib/python3.8/site-packages/airflow/example_dags/example_short_circuit_operator.py
[2024-05-16T01:08:11.140+0000] {processor.py:840} INFO - DAG(s) 'example_short_circuit_operator' retrieved from /home/airflow/.local/lib/python3.8/site-packages/airflow/example_dags/example_short_circuit_operator.py
[2024-05-16T01:08:11.162+0000] {logging_mixin.py:188} INFO - [2024-05-16T01:08:11.162+0000] {dag.py:3047} INFO - Sync 1 DAGs
[2024-05-16T01:08:11.182+0000] {logging_mixin.py:188} INFO - [2024-05-16T01:08:11.182+0000] {dag.py:3834} INFO - Setting next_dagrun for example_short_circuit_operator to 2024-05-15 00:00:00+00:00, run_after=2024-05-16 00:00:00+00:00
[2024-05-16T01:08:11.204+0000] {processor.py:183} INFO - Processing /home/airflow/.local/lib/python3.8/site-packages/airflow/example_dags/example_short_circuit_operator.py took 0.078 seconds
[2024-05-16T01:08:41.776+0000] {processor.py:161} INFO - Started process (PID=1307) to work on /home/airflow/.local/lib/python3.8/site-packages/airflow/example_dags/example_short_circuit_operator.py
[2024-05-16T01:08:41.779+0000] {processor.py:830} INFO - Processing file /home/airflow/.local/lib/python3.8/site-packages/airflow/example_dags/example_short_circuit_operator.py for tasks to queue
[2024-05-16T01:08:41.782+0000] {logging_mixin.py:188} INFO - [2024-05-16T01:08:41.782+0000] {dagbag.py:540} INFO - Filling up the DagBag from /home/airflow/.local/lib/python3.8/site-packages/airflow/example_dags/example_short_circuit_operator.py
[2024-05-16T01:08:41.794+0000] {processor.py:840} INFO - DAG(s) 'example_short_circuit_operator' retrieved from /home/airflow/.local/lib/python3.8/site-packages/airflow/example_dags/example_short_circuit_operator.py
[2024-05-16T01:08:41.833+0000] {logging_mixin.py:188} INFO - [2024-05-16T01:08:41.832+0000] {dag.py:3047} INFO - Sync 1 DAGs
[2024-05-16T01:08:41.868+0000] {logging_mixin.py:188} INFO - [2024-05-16T01:08:41.868+0000] {dag.py:3834} INFO - Setting next_dagrun for example_short_circuit_operator to 2024-05-15 00:00:00+00:00, run_after=2024-05-16 00:00:00+00:00
[2024-05-16T01:08:41.901+0000] {processor.py:183} INFO - Processing /home/airflow/.local/lib/python3.8/site-packages/airflow/example_dags/example_short_circuit_operator.py took 0.129 seconds
[2024-05-16T01:09:12.476+0000] {processor.py:161} INFO - Started process (PID=1366) to work on /home/airflow/.local/lib/python3.8/site-packages/airflow/example_dags/example_short_circuit_operator.py
[2024-05-16T01:09:12.478+0000] {processor.py:830} INFO - Processing file /home/airflow/.local/lib/python3.8/site-packages/airflow/example_dags/example_short_circuit_operator.py for tasks to queue
[2024-05-16T01:09:12.482+0000] {logging_mixin.py:188} INFO - [2024-05-16T01:09:12.482+0000] {dagbag.py:540} INFO - Filling up the DagBag from /home/airflow/.local/lib/python3.8/site-packages/airflow/example_dags/example_short_circuit_operator.py
[2024-05-16T01:09:12.493+0000] {processor.py:840} INFO - DAG(s) 'example_short_circuit_operator' retrieved from /home/airflow/.local/lib/python3.8/site-packages/airflow/example_dags/example_short_circuit_operator.py
[2024-05-16T01:09:12.530+0000] {logging_mixin.py:188} INFO - [2024-05-16T01:09:12.529+0000] {dag.py:3047} INFO - Sync 1 DAGs
[2024-05-16T01:09:12.566+0000] {logging_mixin.py:188} INFO - [2024-05-16T01:09:12.566+0000] {dag.py:3834} INFO - Setting next_dagrun for example_short_circuit_operator to 2024-05-15 00:00:00+00:00, run_after=2024-05-16 00:00:00+00:00
[2024-05-16T01:09:12.594+0000] {processor.py:183} INFO - Processing /home/airflow/.local/lib/python3.8/site-packages/airflow/example_dags/example_short_circuit_operator.py took 0.124 seconds
[2024-05-16T01:09:42.806+0000] {processor.py:161} INFO - Started process (PID=1425) to work on /home/airflow/.local/lib/python3.8/site-packages/airflow/example_dags/example_short_circuit_operator.py
[2024-05-16T01:09:42.808+0000] {processor.py:830} INFO - Processing file /home/airflow/.local/lib/python3.8/site-packages/airflow/example_dags/example_short_circuit_operator.py for tasks to queue
[2024-05-16T01:09:42.811+0000] {logging_mixin.py:188} INFO - [2024-05-16T01:09:42.810+0000] {dagbag.py:540} INFO - Filling up the DagBag from /home/airflow/.local/lib/python3.8/site-packages/airflow/example_dags/example_short_circuit_operator.py
[2024-05-16T01:09:42.820+0000] {processor.py:840} INFO - DAG(s) 'example_short_circuit_operator' retrieved from /home/airflow/.local/lib/python3.8/site-packages/airflow/example_dags/example_short_circuit_operator.py
[2024-05-16T01:09:42.850+0000] {logging_mixin.py:188} INFO - [2024-05-16T01:09:42.850+0000] {dag.py:3047} INFO - Sync 1 DAGs
[2024-05-16T01:09:42.873+0000] {logging_mixin.py:188} INFO - [2024-05-16T01:09:42.873+0000] {dag.py:3834} INFO - Setting next_dagrun for example_short_circuit_operator to 2024-05-15 00:00:00+00:00, run_after=2024-05-16 00:00:00+00:00
[2024-05-16T01:09:42.900+0000] {processor.py:183} INFO - Processing /home/airflow/.local/lib/python3.8/site-packages/airflow/example_dags/example_short_circuit_operator.py took 0.098 seconds
[2024-05-16T01:10:13.245+0000] {processor.py:161} INFO - Started process (PID=1484) to work on /home/airflow/.local/lib/python3.8/site-packages/airflow/example_dags/example_short_circuit_operator.py
[2024-05-16T01:10:13.247+0000] {processor.py:830} INFO - Processing file /home/airflow/.local/lib/python3.8/site-packages/airflow/example_dags/example_short_circuit_operator.py for tasks to queue
[2024-05-16T01:10:13.250+0000] {logging_mixin.py:188} INFO - [2024-05-16T01:10:13.249+0000] {dagbag.py:540} INFO - Filling up the DagBag from /home/airflow/.local/lib/python3.8/site-packages/airflow/example_dags/example_short_circuit_operator.py
[2024-05-16T01:10:13.256+0000] {processor.py:840} INFO - DAG(s) 'example_short_circuit_operator' retrieved from /home/airflow/.local/lib/python3.8/site-packages/airflow/example_dags/example_short_circuit_operator.py
[2024-05-16T01:10:13.280+0000] {logging_mixin.py:188} INFO - [2024-05-16T01:10:13.279+0000] {dag.py:3047} INFO - Sync 1 DAGs
[2024-05-16T01:10:13.304+0000] {logging_mixin.py:188} INFO - [2024-05-16T01:10:13.304+0000] {dag.py:3834} INFO - Setting next_dagrun for example_short_circuit_operator to 2024-05-15 00:00:00+00:00, run_after=2024-05-16 00:00:00+00:00
[2024-05-16T01:10:13.328+0000] {processor.py:183} INFO - Processing /home/airflow/.local/lib/python3.8/site-packages/airflow/example_dags/example_short_circuit_operator.py took 0.086 seconds
[2024-05-16T01:10:43.480+0000] {processor.py:161} INFO - Started process (PID=1543) to work on /home/airflow/.local/lib/python3.8/site-packages/airflow/example_dags/example_short_circuit_operator.py
[2024-05-16T01:10:43.481+0000] {processor.py:830} INFO - Processing file /home/airflow/.local/lib/python3.8/site-packages/airflow/example_dags/example_short_circuit_operator.py for tasks to queue
[2024-05-16T01:10:43.483+0000] {logging_mixin.py:188} INFO - [2024-05-16T01:10:43.483+0000] {dagbag.py:540} INFO - Filling up the DagBag from /home/airflow/.local/lib/python3.8/site-packages/airflow/example_dags/example_short_circuit_operator.py
[2024-05-16T01:10:43.490+0000] {processor.py:840} INFO - DAG(s) 'example_short_circuit_operator' retrieved from /home/airflow/.local/lib/python3.8/site-packages/airflow/example_dags/example_short_circuit_operator.py
[2024-05-16T01:10:43.515+0000] {logging_mixin.py:188} INFO - [2024-05-16T01:10:43.515+0000] {dag.py:3047} INFO - Sync 1 DAGs
[2024-05-16T01:10:43.537+0000] {logging_mixin.py:188} INFO - [2024-05-16T01:10:43.537+0000] {dag.py:3834} INFO - Setting next_dagrun for example_short_circuit_operator to 2024-05-15 00:00:00+00:00, run_after=2024-05-16 00:00:00+00:00
[2024-05-16T01:10:43.560+0000] {processor.py:183} INFO - Processing /home/airflow/.local/lib/python3.8/site-packages/airflow/example_dags/example_short_circuit_operator.py took 0.083 seconds
[2024-05-16T01:11:14.290+0000] {processor.py:161} INFO - Started process (PID=1602) to work on /home/airflow/.local/lib/python3.8/site-packages/airflow/example_dags/example_short_circuit_operator.py
[2024-05-16T01:11:14.291+0000] {processor.py:830} INFO - Processing file /home/airflow/.local/lib/python3.8/site-packages/airflow/example_dags/example_short_circuit_operator.py for tasks to queue
[2024-05-16T01:11:14.293+0000] {logging_mixin.py:188} INFO - [2024-05-16T01:11:14.293+0000] {dagbag.py:540} INFO - Filling up the DagBag from /home/airflow/.local/lib/python3.8/site-packages/airflow/example_dags/example_short_circuit_operator.py
[2024-05-16T01:11:14.299+0000] {processor.py:840} INFO - DAG(s) 'example_short_circuit_operator' retrieved from /home/airflow/.local/lib/python3.8/site-packages/airflow/example_dags/example_short_circuit_operator.py
[2024-05-16T01:11:14.319+0000] {logging_mixin.py:188} INFO - [2024-05-16T01:11:14.319+0000] {dag.py:3047} INFO - Sync 1 DAGs
[2024-05-16T01:11:14.346+0000] {logging_mixin.py:188} INFO - [2024-05-16T01:11:14.346+0000] {dag.py:3834} INFO - Setting next_dagrun for example_short_circuit_operator to 2024-05-15 00:00:00+00:00, run_after=2024-05-16 00:00:00+00:00
[2024-05-16T01:11:14.368+0000] {processor.py:183} INFO - Processing /home/airflow/.local/lib/python3.8/site-packages/airflow/example_dags/example_short_circuit_operator.py took 0.081 seconds
[2024-05-16T01:11:44.522+0000] {processor.py:161} INFO - Started process (PID=1661) to work on /home/airflow/.local/lib/python3.8/site-packages/airflow/example_dags/example_short_circuit_operator.py
[2024-05-16T01:11:44.524+0000] {processor.py:830} INFO - Processing file /home/airflow/.local/lib/python3.8/site-packages/airflow/example_dags/example_short_circuit_operator.py for tasks to queue
[2024-05-16T01:11:44.526+0000] {logging_mixin.py:188} INFO - [2024-05-16T01:11:44.526+0000] {dagbag.py:540} INFO - Filling up the DagBag from /home/airflow/.local/lib/python3.8/site-packages/airflow/example_dags/example_short_circuit_operator.py
[2024-05-16T01:11:44.533+0000] {processor.py:840} INFO - DAG(s) 'example_short_circuit_operator' retrieved from /home/airflow/.local/lib/python3.8/site-packages/airflow/example_dags/example_short_circuit_operator.py
[2024-05-16T01:11:44.554+0000] {logging_mixin.py:188} INFO - [2024-05-16T01:11:44.554+0000] {dag.py:3047} INFO - Sync 1 DAGs
[2024-05-16T01:11:44.573+0000] {logging_mixin.py:188} INFO - [2024-05-16T01:11:44.573+0000] {dag.py:3834} INFO - Setting next_dagrun for example_short_circuit_operator to 2024-05-15 00:00:00+00:00, run_after=2024-05-16 00:00:00+00:00
[2024-05-16T01:11:44.593+0000] {processor.py:183} INFO - Processing /home/airflow/.local/lib/python3.8/site-packages/airflow/example_dags/example_short_circuit_operator.py took 0.074 seconds
[2024-05-16T01:12:15.208+0000] {processor.py:161} INFO - Started process (PID=1720) to work on /home/airflow/.local/lib/python3.8/site-packages/airflow/example_dags/example_short_circuit_operator.py
[2024-05-16T01:12:15.209+0000] {processor.py:830} INFO - Processing file /home/airflow/.local/lib/python3.8/site-packages/airflow/example_dags/example_short_circuit_operator.py for tasks to queue
[2024-05-16T01:12:15.212+0000] {logging_mixin.py:188} INFO - [2024-05-16T01:12:15.212+0000] {dagbag.py:540} INFO - Filling up the DagBag from /home/airflow/.local/lib/python3.8/site-packages/airflow/example_dags/example_short_circuit_operator.py
[2024-05-16T01:12:15.221+0000] {processor.py:840} INFO - DAG(s) 'example_short_circuit_operator' retrieved from /home/airflow/.local/lib/python3.8/site-packages/airflow/example_dags/example_short_circuit_operator.py
[2024-05-16T01:12:15.248+0000] {logging_mixin.py:188} INFO - [2024-05-16T01:12:15.248+0000] {dag.py:3047} INFO - Sync 1 DAGs
[2024-05-16T01:12:15.270+0000] {logging_mixin.py:188} INFO - [2024-05-16T01:12:15.270+0000] {dag.py:3834} INFO - Setting next_dagrun for example_short_circuit_operator to 2024-05-15 00:00:00+00:00, run_after=2024-05-16 00:00:00+00:00
[2024-05-16T01:12:15.296+0000] {processor.py:183} INFO - Processing /home/airflow/.local/lib/python3.8/site-packages/airflow/example_dags/example_short_circuit_operator.py took 0.091 seconds
[2024-05-16T01:12:45.761+0000] {processor.py:161} INFO - Started process (PID=1779) to work on /home/airflow/.local/lib/python3.8/site-packages/airflow/example_dags/example_short_circuit_operator.py
[2024-05-16T01:12:45.762+0000] {processor.py:830} INFO - Processing file /home/airflow/.local/lib/python3.8/site-packages/airflow/example_dags/example_short_circuit_operator.py for tasks to queue
[2024-05-16T01:12:45.764+0000] {logging_mixin.py:188} INFO - [2024-05-16T01:12:45.763+0000] {dagbag.py:540} INFO - Filling up the DagBag from /home/airflow/.local/lib/python3.8/site-packages/airflow/example_dags/example_short_circuit_operator.py
[2024-05-16T01:12:45.770+0000] {processor.py:840} INFO - DAG(s) 'example_short_circuit_operator' retrieved from /home/airflow/.local/lib/python3.8/site-packages/airflow/example_dags/example_short_circuit_operator.py
[2024-05-16T01:12:45.790+0000] {logging_mixin.py:188} INFO - [2024-05-16T01:12:45.789+0000] {dag.py:3047} INFO - Sync 1 DAGs
[2024-05-16T01:12:45.807+0000] {logging_mixin.py:188} INFO - [2024-05-16T01:12:45.807+0000] {dag.py:3834} INFO - Setting next_dagrun for example_short_circuit_operator to 2024-05-15 00:00:00+00:00, run_after=2024-05-16 00:00:00+00:00
[2024-05-16T01:12:45.832+0000] {processor.py:183} INFO - Processing /home/airflow/.local/lib/python3.8/site-packages/airflow/example_dags/example_short_circuit_operator.py took 0.074 seconds
[2024-05-16T01:13:16.506+0000] {processor.py:161} INFO - Started process (PID=1838) to work on /home/airflow/.local/lib/python3.8/site-packages/airflow/example_dags/example_short_circuit_operator.py
[2024-05-16T01:13:16.508+0000] {processor.py:830} INFO - Processing file /home/airflow/.local/lib/python3.8/site-packages/airflow/example_dags/example_short_circuit_operator.py for tasks to queue
[2024-05-16T01:13:16.510+0000] {logging_mixin.py:188} INFO - [2024-05-16T01:13:16.510+0000] {dagbag.py:540} INFO - Filling up the DagBag from /home/airflow/.local/lib/python3.8/site-packages/airflow/example_dags/example_short_circuit_operator.py
[2024-05-16T01:13:16.519+0000] {processor.py:840} INFO - DAG(s) 'example_short_circuit_operator' retrieved from /home/airflow/.local/lib/python3.8/site-packages/airflow/example_dags/example_short_circuit_operator.py
[2024-05-16T01:13:16.545+0000] {logging_mixin.py:188} INFO - [2024-05-16T01:13:16.544+0000] {dag.py:3047} INFO - Sync 1 DAGs
[2024-05-16T01:13:16.566+0000] {logging_mixin.py:188} INFO - [2024-05-16T01:13:16.566+0000] {dag.py:3834} INFO - Setting next_dagrun for example_short_circuit_operator to 2024-05-15 00:00:00+00:00, run_after=2024-05-16 00:00:00+00:00
[2024-05-16T01:13:16.592+0000] {processor.py:183} INFO - Processing /home/airflow/.local/lib/python3.8/site-packages/airflow/example_dags/example_short_circuit_operator.py took 0.089 seconds
[2024-05-16T01:13:47.476+0000] {processor.py:161} INFO - Started process (PID=1897) to work on /home/airflow/.local/lib/python3.8/site-packages/airflow/example_dags/example_short_circuit_operator.py
[2024-05-16T01:13:47.478+0000] {processor.py:830} INFO - Processing file /home/airflow/.local/lib/python3.8/site-packages/airflow/example_dags/example_short_circuit_operator.py for tasks to queue
[2024-05-16T01:13:47.482+0000] {logging_mixin.py:188} INFO - [2024-05-16T01:13:47.481+0000] {dagbag.py:540} INFO - Filling up the DagBag from /home/airflow/.local/lib/python3.8/site-packages/airflow/example_dags/example_short_circuit_operator.py
[2024-05-16T01:13:47.491+0000] {processor.py:840} INFO - DAG(s) 'example_short_circuit_operator' retrieved from /home/airflow/.local/lib/python3.8/site-packages/airflow/example_dags/example_short_circuit_operator.py
[2024-05-16T01:13:47.524+0000] {logging_mixin.py:188} INFO - [2024-05-16T01:13:47.523+0000] {dag.py:3047} INFO - Sync 1 DAGs
[2024-05-16T01:13:47.551+0000] {logging_mixin.py:188} INFO - [2024-05-16T01:13:47.551+0000] {dag.py:3834} INFO - Setting next_dagrun for example_short_circuit_operator to 2024-05-15 00:00:00+00:00, run_after=2024-05-16 00:00:00+00:00
[2024-05-16T01:13:47.582+0000] {processor.py:183} INFO - Processing /home/airflow/.local/lib/python3.8/site-packages/airflow/example_dags/example_short_circuit_operator.py took 0.110 seconds
[2024-05-16T01:14:18.197+0000] {processor.py:161} INFO - Started process (PID=1956) to work on /home/airflow/.local/lib/python3.8/site-packages/airflow/example_dags/example_short_circuit_operator.py
[2024-05-16T01:14:18.199+0000] {processor.py:830} INFO - Processing file /home/airflow/.local/lib/python3.8/site-packages/airflow/example_dags/example_short_circuit_operator.py for tasks to queue
[2024-05-16T01:14:18.201+0000] {logging_mixin.py:188} INFO - [2024-05-16T01:14:18.201+0000] {dagbag.py:540} INFO - Filling up the DagBag from /home/airflow/.local/lib/python3.8/site-packages/airflow/example_dags/example_short_circuit_operator.py
[2024-05-16T01:14:18.212+0000] {processor.py:840} INFO - DAG(s) 'example_short_circuit_operator' retrieved from /home/airflow/.local/lib/python3.8/site-packages/airflow/example_dags/example_short_circuit_operator.py
[2024-05-16T01:14:18.248+0000] {logging_mixin.py:188} INFO - [2024-05-16T01:14:18.247+0000] {dag.py:3047} INFO - Sync 1 DAGs
[2024-05-16T01:14:18.280+0000] {logging_mixin.py:188} INFO - [2024-05-16T01:14:18.280+0000] {dag.py:3834} INFO - Setting next_dagrun for example_short_circuit_operator to 2024-05-15 00:00:00+00:00, run_after=2024-05-16 00:00:00+00:00
[2024-05-16T01:14:18.313+0000] {processor.py:183} INFO - Processing /home/airflow/.local/lib/python3.8/site-packages/airflow/example_dags/example_short_circuit_operator.py took 0.121 seconds
[2024-05-16T01:14:48.669+0000] {processor.py:161} INFO - Started process (PID=2015) to work on /home/airflow/.local/lib/python3.8/site-packages/airflow/example_dags/example_short_circuit_operator.py
[2024-05-16T01:14:48.671+0000] {processor.py:830} INFO - Processing file /home/airflow/.local/lib/python3.8/site-packages/airflow/example_dags/example_short_circuit_operator.py for tasks to queue
[2024-05-16T01:14:48.674+0000] {logging_mixin.py:188} INFO - [2024-05-16T01:14:48.673+0000] {dagbag.py:540} INFO - Filling up the DagBag from /home/airflow/.local/lib/python3.8/site-packages/airflow/example_dags/example_short_circuit_operator.py
[2024-05-16T01:14:48.683+0000] {processor.py:840} INFO - DAG(s) 'example_short_circuit_operator' retrieved from /home/airflow/.local/lib/python3.8/site-packages/airflow/example_dags/example_short_circuit_operator.py
[2024-05-16T01:14:48.713+0000] {logging_mixin.py:188} INFO - [2024-05-16T01:14:48.713+0000] {dag.py:3047} INFO - Sync 1 DAGs
[2024-05-16T01:14:48.743+0000] {logging_mixin.py:188} INFO - [2024-05-16T01:14:48.743+0000] {dag.py:3834} INFO - Setting next_dagrun for example_short_circuit_operator to 2024-05-15 00:00:00+00:00, run_after=2024-05-16 00:00:00+00:00
[2024-05-16T01:14:48.773+0000] {processor.py:183} INFO - Processing /home/airflow/.local/lib/python3.8/site-packages/airflow/example_dags/example_short_circuit_operator.py took 0.108 seconds
[2024-05-16T01:15:19.016+0000] {processor.py:161} INFO - Started process (PID=2074) to work on /home/airflow/.local/lib/python3.8/site-packages/airflow/example_dags/example_short_circuit_operator.py
[2024-05-16T01:15:19.017+0000] {processor.py:830} INFO - Processing file /home/airflow/.local/lib/python3.8/site-packages/airflow/example_dags/example_short_circuit_operator.py for tasks to queue
[2024-05-16T01:15:19.020+0000] {logging_mixin.py:188} INFO - [2024-05-16T01:15:19.019+0000] {dagbag.py:540} INFO - Filling up the DagBag from /home/airflow/.local/lib/python3.8/site-packages/airflow/example_dags/example_short_circuit_operator.py
[2024-05-16T01:15:19.028+0000] {processor.py:840} INFO - DAG(s) 'example_short_circuit_operator' retrieved from /home/airflow/.local/lib/python3.8/site-packages/airflow/example_dags/example_short_circuit_operator.py
[2024-05-16T01:15:19.058+0000] {logging_mixin.py:188} INFO - [2024-05-16T01:15:19.057+0000] {dag.py:3047} INFO - Sync 1 DAGs
[2024-05-16T01:15:19.081+0000] {logging_mixin.py:188} INFO - [2024-05-16T01:15:19.080+0000] {dag.py:3834} INFO - Setting next_dagrun for example_short_circuit_operator to 2024-05-15 00:00:00+00:00, run_after=2024-05-16 00:00:00+00:00
[2024-05-16T01:15:19.109+0000] {processor.py:183} INFO - Processing /home/airflow/.local/lib/python3.8/site-packages/airflow/example_dags/example_short_circuit_operator.py took 0.097 seconds
[2024-05-16T01:15:50.263+0000] {processor.py:161} INFO - Started process (PID=2133) to work on /home/airflow/.local/lib/python3.8/site-packages/airflow/example_dags/example_short_circuit_operator.py
[2024-05-16T01:15:50.265+0000] {processor.py:830} INFO - Processing file /home/airflow/.local/lib/python3.8/site-packages/airflow/example_dags/example_short_circuit_operator.py for tasks to queue
[2024-05-16T01:15:50.268+0000] {logging_mixin.py:188} INFO - [2024-05-16T01:15:50.267+0000] {dagbag.py:540} INFO - Filling up the DagBag from /home/airflow/.local/lib/python3.8/site-packages/airflow/example_dags/example_short_circuit_operator.py
[2024-05-16T01:15:50.288+0000] {processor.py:840} INFO - DAG(s) 'example_short_circuit_operator' retrieved from /home/airflow/.local/lib/python3.8/site-packages/airflow/example_dags/example_short_circuit_operator.py
[2024-05-16T01:15:50.318+0000] {logging_mixin.py:188} INFO - [2024-05-16T01:15:50.317+0000] {dag.py:3047} INFO - Sync 1 DAGs
[2024-05-16T01:15:50.344+0000] {logging_mixin.py:188} INFO - [2024-05-16T01:15:50.344+0000] {dag.py:3834} INFO - Setting next_dagrun for example_short_circuit_operator to 2024-05-15 00:00:00+00:00, run_after=2024-05-16 00:00:00+00:00
[2024-05-16T01:15:50.369+0000] {processor.py:183} INFO - Processing /home/airflow/.local/lib/python3.8/site-packages/airflow/example_dags/example_short_circuit_operator.py took 0.110 seconds
[2024-05-16T01:16:20.832+0000] {processor.py:161} INFO - Started process (PID=2192) to work on /home/airflow/.local/lib/python3.8/site-packages/airflow/example_dags/example_short_circuit_operator.py
[2024-05-16T01:16:20.834+0000] {processor.py:830} INFO - Processing file /home/airflow/.local/lib/python3.8/site-packages/airflow/example_dags/example_short_circuit_operator.py for tasks to queue
[2024-05-16T01:16:20.837+0000] {logging_mixin.py:188} INFO - [2024-05-16T01:16:20.836+0000] {dagbag.py:540} INFO - Filling up the DagBag from /home/airflow/.local/lib/python3.8/site-packages/airflow/example_dags/example_short_circuit_operator.py
[2024-05-16T01:16:20.847+0000] {processor.py:840} INFO - DAG(s) 'example_short_circuit_operator' retrieved from /home/airflow/.local/lib/python3.8/site-packages/airflow/example_dags/example_short_circuit_operator.py
[2024-05-16T01:16:20.874+0000] {logging_mixin.py:188} INFO - [2024-05-16T01:16:20.874+0000] {dag.py:3047} INFO - Sync 1 DAGs
[2024-05-16T01:16:20.898+0000] {logging_mixin.py:188} INFO - [2024-05-16T01:16:20.898+0000] {dag.py:3834} INFO - Setting next_dagrun for example_short_circuit_operator to 2024-05-15 00:00:00+00:00, run_after=2024-05-16 00:00:00+00:00
[2024-05-16T01:16:20.927+0000] {processor.py:183} INFO - Processing /home/airflow/.local/lib/python3.8/site-packages/airflow/example_dags/example_short_circuit_operator.py took 0.098 seconds
[2024-05-16T01:16:52.549+0000] {processor.py:161} INFO - Started process (PID=2251) to work on /home/airflow/.local/lib/python3.8/site-packages/airflow/example_dags/example_short_circuit_operator.py
[2024-05-16T01:16:52.551+0000] {processor.py:830} INFO - Processing file /home/airflow/.local/lib/python3.8/site-packages/airflow/example_dags/example_short_circuit_operator.py for tasks to queue
[2024-05-16T01:16:52.553+0000] {logging_mixin.py:188} INFO - [2024-05-16T01:16:52.553+0000] {dagbag.py:540} INFO - Filling up the DagBag from /home/airflow/.local/lib/python3.8/site-packages/airflow/example_dags/example_short_circuit_operator.py
[2024-05-16T01:16:52.562+0000] {processor.py:840} INFO - DAG(s) 'example_short_circuit_operator' retrieved from /home/airflow/.local/lib/python3.8/site-packages/airflow/example_dags/example_short_circuit_operator.py
[2024-05-16T01:16:52.591+0000] {logging_mixin.py:188} INFO - [2024-05-16T01:16:52.591+0000] {dag.py:3047} INFO - Sync 1 DAGs
[2024-05-16T01:16:52.617+0000] {logging_mixin.py:188} INFO - [2024-05-16T01:16:52.617+0000] {dag.py:3834} INFO - Setting next_dagrun for example_short_circuit_operator to 2024-05-15 00:00:00+00:00, run_after=2024-05-16 00:00:00+00:00
[2024-05-16T01:16:52.646+0000] {processor.py:183} INFO - Processing /home/airflow/.local/lib/python3.8/site-packages/airflow/example_dags/example_short_circuit_operator.py took 0.101 seconds
[2024-05-16T01:17:23.462+0000] {processor.py:161} INFO - Started process (PID=2310) to work on /home/airflow/.local/lib/python3.8/site-packages/airflow/example_dags/example_short_circuit_operator.py
[2024-05-16T01:17:23.464+0000] {processor.py:830} INFO - Processing file /home/airflow/.local/lib/python3.8/site-packages/airflow/example_dags/example_short_circuit_operator.py for tasks to queue
[2024-05-16T01:17:23.466+0000] {logging_mixin.py:188} INFO - [2024-05-16T01:17:23.466+0000] {dagbag.py:540} INFO - Filling up the DagBag from /home/airflow/.local/lib/python3.8/site-packages/airflow/example_dags/example_short_circuit_operator.py
[2024-05-16T01:17:23.491+0000] {processor.py:840} INFO - DAG(s) 'example_short_circuit_operator' retrieved from /home/airflow/.local/lib/python3.8/site-packages/airflow/example_dags/example_short_circuit_operator.py
[2024-05-16T01:17:23.528+0000] {logging_mixin.py:188} INFO - [2024-05-16T01:17:23.528+0000] {dag.py:3047} INFO - Sync 1 DAGs
[2024-05-16T01:17:23.557+0000] {logging_mixin.py:188} INFO - [2024-05-16T01:17:23.557+0000] {dag.py:3834} INFO - Setting next_dagrun for example_short_circuit_operator to 2024-05-15 00:00:00+00:00, run_after=2024-05-16 00:00:00+00:00
[2024-05-16T01:17:23.589+0000] {processor.py:183} INFO - Processing /home/airflow/.local/lib/python3.8/site-packages/airflow/example_dags/example_short_circuit_operator.py took 0.131 seconds
[2024-05-16T01:17:54.448+0000] {processor.py:161} INFO - Started process (PID=2369) to work on /home/airflow/.local/lib/python3.8/site-packages/airflow/example_dags/example_short_circuit_operator.py
[2024-05-16T01:17:54.449+0000] {processor.py:830} INFO - Processing file /home/airflow/.local/lib/python3.8/site-packages/airflow/example_dags/example_short_circuit_operator.py for tasks to queue
[2024-05-16T01:17:54.452+0000] {logging_mixin.py:188} INFO - [2024-05-16T01:17:54.451+0000] {dagbag.py:540} INFO - Filling up the DagBag from /home/airflow/.local/lib/python3.8/site-packages/airflow/example_dags/example_short_circuit_operator.py
[2024-05-16T01:17:54.461+0000] {processor.py:840} INFO - DAG(s) 'example_short_circuit_operator' retrieved from /home/airflow/.local/lib/python3.8/site-packages/airflow/example_dags/example_short_circuit_operator.py
[2024-05-16T01:17:54.495+0000] {logging_mixin.py:188} INFO - [2024-05-16T01:17:54.495+0000] {dag.py:3047} INFO - Sync 1 DAGs
[2024-05-16T01:17:54.524+0000] {logging_mixin.py:188} INFO - [2024-05-16T01:17:54.524+0000] {dag.py:3834} INFO - Setting next_dagrun for example_short_circuit_operator to 2024-05-15 00:00:00+00:00, run_after=2024-05-16 00:00:00+00:00
[2024-05-16T01:17:54.560+0000] {processor.py:183} INFO - Processing /home/airflow/.local/lib/python3.8/site-packages/airflow/example_dags/example_short_circuit_operator.py took 0.117 seconds
[2024-05-16T01:18:25.527+0000] {processor.py:161} INFO - Started process (PID=2428) to work on /home/airflow/.local/lib/python3.8/site-packages/airflow/example_dags/example_short_circuit_operator.py
[2024-05-16T01:18:25.529+0000] {processor.py:830} INFO - Processing file /home/airflow/.local/lib/python3.8/site-packages/airflow/example_dags/example_short_circuit_operator.py for tasks to queue
[2024-05-16T01:18:25.532+0000] {logging_mixin.py:188} INFO - [2024-05-16T01:18:25.532+0000] {dagbag.py:540} INFO - Filling up the DagBag from /home/airflow/.local/lib/python3.8/site-packages/airflow/example_dags/example_short_circuit_operator.py
[2024-05-16T01:18:25.543+0000] {processor.py:840} INFO - DAG(s) 'example_short_circuit_operator' retrieved from /home/airflow/.local/lib/python3.8/site-packages/airflow/example_dags/example_short_circuit_operator.py
[2024-05-16T01:18:25.581+0000] {logging_mixin.py:188} INFO - [2024-05-16T01:18:25.581+0000] {dag.py:3047} INFO - Sync 1 DAGs
[2024-05-16T01:18:25.615+0000] {logging_mixin.py:188} INFO - [2024-05-16T01:18:25.615+0000] {dag.py:3834} INFO - Setting next_dagrun for example_short_circuit_operator to 2024-05-15 00:00:00+00:00, run_after=2024-05-16 00:00:00+00:00
[2024-05-16T01:18:25.655+0000] {processor.py:183} INFO - Processing /home/airflow/.local/lib/python3.8/site-packages/airflow/example_dags/example_short_circuit_operator.py took 0.133 seconds
[2024-05-16T01:18:56.569+0000] {processor.py:161} INFO - Started process (PID=2487) to work on /home/airflow/.local/lib/python3.8/site-packages/airflow/example_dags/example_short_circuit_operator.py
[2024-05-16T01:18:56.572+0000] {processor.py:830} INFO - Processing file /home/airflow/.local/lib/python3.8/site-packages/airflow/example_dags/example_short_circuit_operator.py for tasks to queue
[2024-05-16T01:18:56.576+0000] {logging_mixin.py:188} INFO - [2024-05-16T01:18:56.575+0000] {dagbag.py:540} INFO - Filling up the DagBag from /home/airflow/.local/lib/python3.8/site-packages/airflow/example_dags/example_short_circuit_operator.py
[2024-05-16T01:18:56.589+0000] {processor.py:840} INFO - DAG(s) 'example_short_circuit_operator' retrieved from /home/airflow/.local/lib/python3.8/site-packages/airflow/example_dags/example_short_circuit_operator.py
[2024-05-16T01:18:56.628+0000] {logging_mixin.py:188} INFO - [2024-05-16T01:18:56.627+0000] {dag.py:3047} INFO - Sync 1 DAGs
[2024-05-16T01:18:56.656+0000] {logging_mixin.py:188} INFO - [2024-05-16T01:18:56.656+0000] {dag.py:3834} INFO - Setting next_dagrun for example_short_circuit_operator to 2024-05-15 00:00:00+00:00, run_after=2024-05-16 00:00:00+00:00
[2024-05-16T01:18:56.688+0000] {processor.py:183} INFO - Processing /home/airflow/.local/lib/python3.8/site-packages/airflow/example_dags/example_short_circuit_operator.py took 0.123 seconds
[2024-05-16T01:19:27.225+0000] {processor.py:161} INFO - Started process (PID=2546) to work on /home/airflow/.local/lib/python3.8/site-packages/airflow/example_dags/example_short_circuit_operator.py
[2024-05-16T01:19:27.228+0000] {processor.py:830} INFO - Processing file /home/airflow/.local/lib/python3.8/site-packages/airflow/example_dags/example_short_circuit_operator.py for tasks to queue
[2024-05-16T01:19:27.231+0000] {logging_mixin.py:188} INFO - [2024-05-16T01:19:27.230+0000] {dagbag.py:540} INFO - Filling up the DagBag from /home/airflow/.local/lib/python3.8/site-packages/airflow/example_dags/example_short_circuit_operator.py
[2024-05-16T01:19:27.241+0000] {processor.py:840} INFO - DAG(s) 'example_short_circuit_operator' retrieved from /home/airflow/.local/lib/python3.8/site-packages/airflow/example_dags/example_short_circuit_operator.py
[2024-05-16T01:19:27.276+0000] {logging_mixin.py:188} INFO - [2024-05-16T01:19:27.276+0000] {dag.py:3047} INFO - Sync 1 DAGs
[2024-05-16T01:19:27.307+0000] {logging_mixin.py:188} INFO - [2024-05-16T01:19:27.307+0000] {dag.py:3834} INFO - Setting next_dagrun for example_short_circuit_operator to 2024-05-15 00:00:00+00:00, run_after=2024-05-16 00:00:00+00:00
[2024-05-16T01:19:27.339+0000] {processor.py:183} INFO - Processing /home/airflow/.local/lib/python3.8/site-packages/airflow/example_dags/example_short_circuit_operator.py took 0.118 seconds
[2024-05-16T01:19:58.116+0000] {processor.py:161} INFO - Started process (PID=2605) to work on /home/airflow/.local/lib/python3.8/site-packages/airflow/example_dags/example_short_circuit_operator.py
[2024-05-16T01:19:58.119+0000] {processor.py:830} INFO - Processing file /home/airflow/.local/lib/python3.8/site-packages/airflow/example_dags/example_short_circuit_operator.py for tasks to queue
[2024-05-16T01:19:58.123+0000] {logging_mixin.py:188} INFO - [2024-05-16T01:19:58.122+0000] {dagbag.py:540} INFO - Filling up the DagBag from /home/airflow/.local/lib/python3.8/site-packages/airflow/example_dags/example_short_circuit_operator.py
[2024-05-16T01:19:58.134+0000] {processor.py:840} INFO - DAG(s) 'example_short_circuit_operator' retrieved from /home/airflow/.local/lib/python3.8/site-packages/airflow/example_dags/example_short_circuit_operator.py
[2024-05-16T01:19:58.175+0000] {logging_mixin.py:188} INFO - [2024-05-16T01:19:58.175+0000] {dag.py:3047} INFO - Sync 1 DAGs
[2024-05-16T01:19:58.211+0000] {logging_mixin.py:188} INFO - [2024-05-16T01:19:58.211+0000] {dag.py:3834} INFO - Setting next_dagrun for example_short_circuit_operator to 2024-05-15 00:00:00+00:00, run_after=2024-05-16 00:00:00+00:00
[2024-05-16T01:19:58.245+0000] {processor.py:183} INFO - Processing /home/airflow/.local/lib/python3.8/site-packages/airflow/example_dags/example_short_circuit_operator.py took 0.133 seconds
[2024-05-16T01:20:28.691+0000] {processor.py:161} INFO - Started process (PID=2664) to work on /home/airflow/.local/lib/python3.8/site-packages/airflow/example_dags/example_short_circuit_operator.py
[2024-05-16T01:20:28.693+0000] {processor.py:830} INFO - Processing file /home/airflow/.local/lib/python3.8/site-packages/airflow/example_dags/example_short_circuit_operator.py for tasks to queue
[2024-05-16T01:20:28.696+0000] {logging_mixin.py:188} INFO - [2024-05-16T01:20:28.695+0000] {dagbag.py:540} INFO - Filling up the DagBag from /home/airflow/.local/lib/python3.8/site-packages/airflow/example_dags/example_short_circuit_operator.py
[2024-05-16T01:20:28.706+0000] {processor.py:840} INFO - DAG(s) 'example_short_circuit_operator' retrieved from /home/airflow/.local/lib/python3.8/site-packages/airflow/example_dags/example_short_circuit_operator.py
[2024-05-16T01:20:28.738+0000] {logging_mixin.py:188} INFO - [2024-05-16T01:20:28.738+0000] {dag.py:3047} INFO - Sync 1 DAGs
[2024-05-16T01:20:28.771+0000] {logging_mixin.py:188} INFO - [2024-05-16T01:20:28.770+0000] {dag.py:3834} INFO - Setting next_dagrun for example_short_circuit_operator to 2024-05-15 00:00:00+00:00, run_after=2024-05-16 00:00:00+00:00
[2024-05-16T01:20:28.801+0000] {processor.py:183} INFO - Processing /home/airflow/.local/lib/python3.8/site-packages/airflow/example_dags/example_short_circuit_operator.py took 0.114 seconds
[2024-05-16T01:20:59.915+0000] {processor.py:161} INFO - Started process (PID=2723) to work on /home/airflow/.local/lib/python3.8/site-packages/airflow/example_dags/example_short_circuit_operator.py
[2024-05-16T01:20:59.917+0000] {processor.py:830} INFO - Processing file /home/airflow/.local/lib/python3.8/site-packages/airflow/example_dags/example_short_circuit_operator.py for tasks to queue
[2024-05-16T01:20:59.921+0000] {logging_mixin.py:188} INFO - [2024-05-16T01:20:59.920+0000] {dagbag.py:540} INFO - Filling up the DagBag from /home/airflow/.local/lib/python3.8/site-packages/airflow/example_dags/example_short_circuit_operator.py
[2024-05-16T01:20:59.934+0000] {processor.py:840} INFO - DAG(s) 'example_short_circuit_operator' retrieved from /home/airflow/.local/lib/python3.8/site-packages/airflow/example_dags/example_short_circuit_operator.py
[2024-05-16T01:20:59.972+0000] {logging_mixin.py:188} INFO - [2024-05-16T01:20:59.972+0000] {dag.py:3047} INFO - Sync 1 DAGs
[2024-05-16T01:21:00.007+0000] {logging_mixin.py:188} INFO - [2024-05-16T01:21:00.007+0000] {dag.py:3834} INFO - Setting next_dagrun for example_short_circuit_operator to 2024-05-15 00:00:00+00:00, run_after=2024-05-16 00:00:00+00:00
[2024-05-16T01:21:00.053+0000] {processor.py:183} INFO - Processing /home/airflow/.local/lib/python3.8/site-packages/airflow/example_dags/example_short_circuit_operator.py took 0.144 seconds
[2024-05-16T01:21:30.721+0000] {processor.py:161} INFO - Started process (PID=2782) to work on /home/airflow/.local/lib/python3.8/site-packages/airflow/example_dags/example_short_circuit_operator.py
[2024-05-16T01:21:30.724+0000] {processor.py:830} INFO - Processing file /home/airflow/.local/lib/python3.8/site-packages/airflow/example_dags/example_short_circuit_operator.py for tasks to queue
[2024-05-16T01:21:30.727+0000] {logging_mixin.py:188} INFO - [2024-05-16T01:21:30.726+0000] {dagbag.py:540} INFO - Filling up the DagBag from /home/airflow/.local/lib/python3.8/site-packages/airflow/example_dags/example_short_circuit_operator.py
[2024-05-16T01:21:30.741+0000] {processor.py:840} INFO - DAG(s) 'example_short_circuit_operator' retrieved from /home/airflow/.local/lib/python3.8/site-packages/airflow/example_dags/example_short_circuit_operator.py
[2024-05-16T01:21:30.781+0000] {logging_mixin.py:188} INFO - [2024-05-16T01:21:30.781+0000] {dag.py:3047} INFO - Sync 1 DAGs
[2024-05-16T01:21:30.818+0000] {logging_mixin.py:188} INFO - [2024-05-16T01:21:30.817+0000] {dag.py:3834} INFO - Setting next_dagrun for example_short_circuit_operator to 2024-05-15 00:00:00+00:00, run_after=2024-05-16 00:00:00+00:00
[2024-05-16T01:21:30.861+0000] {processor.py:183} INFO - Processing /home/airflow/.local/lib/python3.8/site-packages/airflow/example_dags/example_short_circuit_operator.py took 0.144 seconds
[2024-05-16T01:22:01.367+0000] {processor.py:161} INFO - Started process (PID=2841) to work on /home/airflow/.local/lib/python3.8/site-packages/airflow/example_dags/example_short_circuit_operator.py
[2024-05-16T01:22:01.370+0000] {processor.py:830} INFO - Processing file /home/airflow/.local/lib/python3.8/site-packages/airflow/example_dags/example_short_circuit_operator.py for tasks to queue
[2024-05-16T01:22:01.376+0000] {logging_mixin.py:188} INFO - [2024-05-16T01:22:01.375+0000] {dagbag.py:540} INFO - Filling up the DagBag from /home/airflow/.local/lib/python3.8/site-packages/airflow/example_dags/example_short_circuit_operator.py
[2024-05-16T01:22:01.397+0000] {processor.py:840} INFO - DAG(s) 'example_short_circuit_operator' retrieved from /home/airflow/.local/lib/python3.8/site-packages/airflow/example_dags/example_short_circuit_operator.py
[2024-05-16T01:22:01.452+0000] {logging_mixin.py:188} INFO - [2024-05-16T01:22:01.451+0000] {dag.py:3047} INFO - Sync 1 DAGs
[2024-05-16T01:22:01.507+0000] {logging_mixin.py:188} INFO - [2024-05-16T01:22:01.506+0000] {dag.py:3834} INFO - Setting next_dagrun for example_short_circuit_operator to 2024-05-15 00:00:00+00:00, run_after=2024-05-16 00:00:00+00:00
[2024-05-16T01:22:01.575+0000] {processor.py:183} INFO - Processing /home/airflow/.local/lib/python3.8/site-packages/airflow/example_dags/example_short_circuit_operator.py took 0.215 seconds
[2024-05-16T01:22:31.809+0000] {processor.py:161} INFO - Started process (PID=2900) to work on /home/airflow/.local/lib/python3.8/site-packages/airflow/example_dags/example_short_circuit_operator.py
[2024-05-16T01:22:31.812+0000] {processor.py:830} INFO - Processing file /home/airflow/.local/lib/python3.8/site-packages/airflow/example_dags/example_short_circuit_operator.py for tasks to queue
[2024-05-16T01:22:31.815+0000] {logging_mixin.py:188} INFO - [2024-05-16T01:22:31.814+0000] {dagbag.py:540} INFO - Filling up the DagBag from /home/airflow/.local/lib/python3.8/site-packages/airflow/example_dags/example_short_circuit_operator.py
[2024-05-16T01:22:31.829+0000] {processor.py:840} INFO - DAG(s) 'example_short_circuit_operator' retrieved from /home/airflow/.local/lib/python3.8/site-packages/airflow/example_dags/example_short_circuit_operator.py
[2024-05-16T01:22:31.875+0000] {logging_mixin.py:188} INFO - [2024-05-16T01:22:31.874+0000] {dag.py:3047} INFO - Sync 1 DAGs
[2024-05-16T01:22:31.916+0000] {logging_mixin.py:188} INFO - [2024-05-16T01:22:31.916+0000] {dag.py:3834} INFO - Setting next_dagrun for example_short_circuit_operator to 2024-05-15 00:00:00+00:00, run_after=2024-05-16 00:00:00+00:00
[2024-05-16T01:22:31.957+0000] {processor.py:183} INFO - Processing /home/airflow/.local/lib/python3.8/site-packages/airflow/example_dags/example_short_circuit_operator.py took 0.153 seconds
[2024-05-16T01:23:02.741+0000] {processor.py:161} INFO - Started process (PID=2959) to work on /home/airflow/.local/lib/python3.8/site-packages/airflow/example_dags/example_short_circuit_operator.py
[2024-05-16T01:23:02.743+0000] {processor.py:830} INFO - Processing file /home/airflow/.local/lib/python3.8/site-packages/airflow/example_dags/example_short_circuit_operator.py for tasks to queue
[2024-05-16T01:23:02.746+0000] {logging_mixin.py:188} INFO - [2024-05-16T01:23:02.746+0000] {dagbag.py:540} INFO - Filling up the DagBag from /home/airflow/.local/lib/python3.8/site-packages/airflow/example_dags/example_short_circuit_operator.py
[2024-05-16T01:23:02.759+0000] {processor.py:840} INFO - DAG(s) 'example_short_circuit_operator' retrieved from /home/airflow/.local/lib/python3.8/site-packages/airflow/example_dags/example_short_circuit_operator.py
[2024-05-16T01:23:02.805+0000] {logging_mixin.py:188} INFO - [2024-05-16T01:23:02.805+0000] {dag.py:3047} INFO - Sync 1 DAGs
[2024-05-16T01:23:02.838+0000] {logging_mixin.py:188} INFO - [2024-05-16T01:23:02.837+0000] {dag.py:3834} INFO - Setting next_dagrun for example_short_circuit_operator to 2024-05-15 00:00:00+00:00, run_after=2024-05-16 00:00:00+00:00
[2024-05-16T01:23:02.870+0000] {processor.py:183} INFO - Processing /home/airflow/.local/lib/python3.8/site-packages/airflow/example_dags/example_short_circuit_operator.py took 0.134 seconds
