[2024-05-16T00:57:55.509+0000] {processor.py:161} INFO - Started process (PID=51) to work on /home/airflow/.local/lib/python3.8/site-packages/airflow/example_dags/example_external_task_marker_dag.py
[2024-05-16T00:57:55.511+0000] {processor.py:830} INFO - Processing file /home/airflow/.local/lib/python3.8/site-packages/airflow/example_dags/example_external_task_marker_dag.py for tasks to queue
[2024-05-16T00:57:55.513+0000] {logging_mixin.py:188} INFO - [2024-05-16T00:57:55.513+0000] {dagbag.py:540} INFO - Filling up the DagBag from /home/airflow/.local/lib/python3.8/site-packages/airflow/example_dags/example_external_task_marker_dag.py
[2024-05-16T00:57:55.523+0000] {processor.py:840} INFO - DAG(s) 'example_external_task_marker_child', 'example_external_task_marker_parent' retrieved from /home/airflow/.local/lib/python3.8/site-packages/airflow/example_dags/example_external_task_marker_dag.py
[2024-05-16T00:57:55.552+0000] {logging_mixin.py:188} INFO - [2024-05-16T00:57:55.552+0000] {dag.py:3047} INFO - Sync 2 DAGs
[2024-05-16T00:57:55.571+0000] {logging_mixin.py:188} INFO - [2024-05-16T00:57:55.570+0000] {dag.py:3834} INFO - Setting next_dagrun for example_external_task_marker_child to None, run_after=None
[2024-05-16T00:57:55.576+0000] {logging_mixin.py:188} INFO - [2024-05-16T00:57:55.576+0000] {dag.py:3834} INFO - Setting next_dagrun for example_external_task_marker_parent to None, run_after=None
[2024-05-16T00:57:55.604+0000] {processor.py:183} INFO - Processing /home/airflow/.local/lib/python3.8/site-packages/airflow/example_dags/example_external_task_marker_dag.py took 0.099 seconds
[2024-05-16T00:58:26.488+0000] {processor.py:161} INFO - Started process (PID=110) to work on /home/airflow/.local/lib/python3.8/site-packages/airflow/example_dags/example_external_task_marker_dag.py
[2024-05-16T00:58:26.494+0000] {processor.py:830} INFO - Processing file /home/airflow/.local/lib/python3.8/site-packages/airflow/example_dags/example_external_task_marker_dag.py for tasks to queue
[2024-05-16T00:58:26.499+0000] {logging_mixin.py:188} INFO - [2024-05-16T00:58:26.498+0000] {dagbag.py:540} INFO - Filling up the DagBag from /home/airflow/.local/lib/python3.8/site-packages/airflow/example_dags/example_external_task_marker_dag.py
[2024-05-16T00:58:26.518+0000] {processor.py:840} INFO - DAG(s) 'example_external_task_marker_parent', 'example_external_task_marker_child' retrieved from /home/airflow/.local/lib/python3.8/site-packages/airflow/example_dags/example_external_task_marker_dag.py
[2024-05-16T00:58:26.597+0000] {logging_mixin.py:188} INFO - [2024-05-16T00:58:26.597+0000] {dag.py:3047} INFO - Sync 2 DAGs
[2024-05-16T00:58:26.639+0000] {logging_mixin.py:188} INFO - [2024-05-16T00:58:26.638+0000] {dag.py:3834} INFO - Setting next_dagrun for example_external_task_marker_child to None, run_after=None
[2024-05-16T00:58:26.657+0000] {logging_mixin.py:188} INFO - [2024-05-16T00:58:26.656+0000] {dag.py:3834} INFO - Setting next_dagrun for example_external_task_marker_parent to None, run_after=None
[2024-05-16T00:58:26.720+0000] {processor.py:183} INFO - Processing /home/airflow/.local/lib/python3.8/site-packages/airflow/example_dags/example_external_task_marker_dag.py took 0.241 seconds
[2024-05-16T00:58:56.813+0000] {processor.py:161} INFO - Started process (PID=167) to work on /home/airflow/.local/lib/python3.8/site-packages/airflow/example_dags/example_external_task_marker_dag.py
[2024-05-16T00:58:56.815+0000] {processor.py:830} INFO - Processing file /home/airflow/.local/lib/python3.8/site-packages/airflow/example_dags/example_external_task_marker_dag.py for tasks to queue
[2024-05-16T00:58:56.818+0000] {logging_mixin.py:188} INFO - [2024-05-16T00:58:56.817+0000] {dagbag.py:540} INFO - Filling up the DagBag from /home/airflow/.local/lib/python3.8/site-packages/airflow/example_dags/example_external_task_marker_dag.py
[2024-05-16T00:58:56.825+0000] {processor.py:840} INFO - DAG(s) 'example_external_task_marker_parent', 'example_external_task_marker_child' retrieved from /home/airflow/.local/lib/python3.8/site-packages/airflow/example_dags/example_external_task_marker_dag.py
[2024-05-16T00:58:56.863+0000] {logging_mixin.py:188} INFO - [2024-05-16T00:58:56.863+0000] {dag.py:3047} INFO - Sync 2 DAGs
[2024-05-16T00:58:56.884+0000] {logging_mixin.py:188} INFO - [2024-05-16T00:58:56.883+0000] {dag.py:3834} INFO - Setting next_dagrun for example_external_task_marker_child to None, run_after=None
[2024-05-16T00:58:56.895+0000] {logging_mixin.py:188} INFO - [2024-05-16T00:58:56.894+0000] {dag.py:3834} INFO - Setting next_dagrun for example_external_task_marker_parent to None, run_after=None
[2024-05-16T00:58:56.931+0000] {processor.py:183} INFO - Processing /home/airflow/.local/lib/python3.8/site-packages/airflow/example_dags/example_external_task_marker_dag.py took 0.122 seconds
[2024-05-16T00:59:27.238+0000] {processor.py:161} INFO - Started process (PID=226) to work on /home/airflow/.local/lib/python3.8/site-packages/airflow/example_dags/example_external_task_marker_dag.py
[2024-05-16T00:59:27.240+0000] {processor.py:830} INFO - Processing file /home/airflow/.local/lib/python3.8/site-packages/airflow/example_dags/example_external_task_marker_dag.py for tasks to queue
[2024-05-16T00:59:27.243+0000] {logging_mixin.py:188} INFO - [2024-05-16T00:59:27.242+0000] {dagbag.py:540} INFO - Filling up the DagBag from /home/airflow/.local/lib/python3.8/site-packages/airflow/example_dags/example_external_task_marker_dag.py
[2024-05-16T00:59:27.251+0000] {processor.py:840} INFO - DAG(s) 'example_external_task_marker_parent', 'example_external_task_marker_child' retrieved from /home/airflow/.local/lib/python3.8/site-packages/airflow/example_dags/example_external_task_marker_dag.py
[2024-05-16T00:59:27.279+0000] {logging_mixin.py:188} INFO - [2024-05-16T00:59:27.279+0000] {dag.py:3047} INFO - Sync 2 DAGs
[2024-05-16T00:59:27.291+0000] {logging_mixin.py:188} INFO - [2024-05-16T00:59:27.291+0000] {dag.py:3834} INFO - Setting next_dagrun for example_external_task_marker_child to None, run_after=None
[2024-05-16T00:59:27.307+0000] {logging_mixin.py:188} INFO - [2024-05-16T00:59:27.307+0000] {dag.py:3834} INFO - Setting next_dagrun for example_external_task_marker_parent to None, run_after=None
[2024-05-16T00:59:27.335+0000] {processor.py:183} INFO - Processing /home/airflow/.local/lib/python3.8/site-packages/airflow/example_dags/example_external_task_marker_dag.py took 0.102 seconds
[2024-05-16T00:59:57.629+0000] {processor.py:161} INFO - Started process (PID=285) to work on /home/airflow/.local/lib/python3.8/site-packages/airflow/example_dags/example_external_task_marker_dag.py
[2024-05-16T00:59:57.630+0000] {processor.py:830} INFO - Processing file /home/airflow/.local/lib/python3.8/site-packages/airflow/example_dags/example_external_task_marker_dag.py for tasks to queue
[2024-05-16T00:59:57.632+0000] {logging_mixin.py:188} INFO - [2024-05-16T00:59:57.632+0000] {dagbag.py:540} INFO - Filling up the DagBag from /home/airflow/.local/lib/python3.8/site-packages/airflow/example_dags/example_external_task_marker_dag.py
[2024-05-16T00:59:57.637+0000] {processor.py:840} INFO - DAG(s) 'example_external_task_marker_child', 'example_external_task_marker_parent' retrieved from /home/airflow/.local/lib/python3.8/site-packages/airflow/example_dags/example_external_task_marker_dag.py
[2024-05-16T00:59:57.665+0000] {logging_mixin.py:188} INFO - [2024-05-16T00:59:57.664+0000] {dag.py:3047} INFO - Sync 2 DAGs
[2024-05-16T00:59:57.675+0000] {logging_mixin.py:188} INFO - [2024-05-16T00:59:57.674+0000] {dag.py:3834} INFO - Setting next_dagrun for example_external_task_marker_child to None, run_after=None
[2024-05-16T00:59:57.679+0000] {logging_mixin.py:188} INFO - [2024-05-16T00:59:57.679+0000] {dag.py:3834} INFO - Setting next_dagrun for example_external_task_marker_parent to None, run_after=None
[2024-05-16T00:59:57.699+0000] {processor.py:183} INFO - Processing /home/airflow/.local/lib/python3.8/site-packages/airflow/example_dags/example_external_task_marker_dag.py took 0.073 seconds
[2024-05-16T01:00:28.040+0000] {processor.py:161} INFO - Started process (PID=344) to work on /home/airflow/.local/lib/python3.8/site-packages/airflow/example_dags/example_external_task_marker_dag.py
[2024-05-16T01:00:28.041+0000] {processor.py:830} INFO - Processing file /home/airflow/.local/lib/python3.8/site-packages/airflow/example_dags/example_external_task_marker_dag.py for tasks to queue
[2024-05-16T01:00:28.043+0000] {logging_mixin.py:188} INFO - [2024-05-16T01:00:28.043+0000] {dagbag.py:540} INFO - Filling up the DagBag from /home/airflow/.local/lib/python3.8/site-packages/airflow/example_dags/example_external_task_marker_dag.py
[2024-05-16T01:00:28.050+0000] {processor.py:840} INFO - DAG(s) 'example_external_task_marker_parent', 'example_external_task_marker_child' retrieved from /home/airflow/.local/lib/python3.8/site-packages/airflow/example_dags/example_external_task_marker_dag.py
[2024-05-16T01:00:28.074+0000] {logging_mixin.py:188} INFO - [2024-05-16T01:00:28.074+0000] {dag.py:3047} INFO - Sync 2 DAGs
[2024-05-16T01:00:28.083+0000] {logging_mixin.py:188} INFO - [2024-05-16T01:00:28.083+0000] {dag.py:3834} INFO - Setting next_dagrun for example_external_task_marker_child to None, run_after=None
[2024-05-16T01:00:28.087+0000] {logging_mixin.py:188} INFO - [2024-05-16T01:00:28.086+0000] {dag.py:3834} INFO - Setting next_dagrun for example_external_task_marker_parent to None, run_after=None
[2024-05-16T01:00:28.103+0000] {processor.py:183} INFO - Processing /home/airflow/.local/lib/python3.8/site-packages/airflow/example_dags/example_external_task_marker_dag.py took 0.066 seconds
[2024-05-16T01:00:58.740+0000] {processor.py:161} INFO - Started process (PID=403) to work on /home/airflow/.local/lib/python3.8/site-packages/airflow/example_dags/example_external_task_marker_dag.py
[2024-05-16T01:00:58.741+0000] {processor.py:830} INFO - Processing file /home/airflow/.local/lib/python3.8/site-packages/airflow/example_dags/example_external_task_marker_dag.py for tasks to queue
[2024-05-16T01:00:58.743+0000] {logging_mixin.py:188} INFO - [2024-05-16T01:00:58.742+0000] {dagbag.py:540} INFO - Filling up the DagBag from /home/airflow/.local/lib/python3.8/site-packages/airflow/example_dags/example_external_task_marker_dag.py
[2024-05-16T01:00:58.748+0000] {processor.py:840} INFO - DAG(s) 'example_external_task_marker_child', 'example_external_task_marker_parent' retrieved from /home/airflow/.local/lib/python3.8/site-packages/airflow/example_dags/example_external_task_marker_dag.py
[2024-05-16T01:00:58.768+0000] {logging_mixin.py:188} INFO - [2024-05-16T01:00:58.768+0000] {dag.py:3047} INFO - Sync 2 DAGs
[2024-05-16T01:00:58.778+0000] {logging_mixin.py:188} INFO - [2024-05-16T01:00:58.777+0000] {dag.py:3834} INFO - Setting next_dagrun for example_external_task_marker_child to None, run_after=None
[2024-05-16T01:00:58.781+0000] {logging_mixin.py:188} INFO - [2024-05-16T01:00:58.781+0000] {dag.py:3834} INFO - Setting next_dagrun for example_external_task_marker_parent to None, run_after=None
[2024-05-16T01:00:58.797+0000] {processor.py:183} INFO - Processing /home/airflow/.local/lib/python3.8/site-packages/airflow/example_dags/example_external_task_marker_dag.py took 0.060 seconds
[2024-05-16T01:01:29.246+0000] {processor.py:161} INFO - Started process (PID=462) to work on /home/airflow/.local/lib/python3.8/site-packages/airflow/example_dags/example_external_task_marker_dag.py
[2024-05-16T01:01:29.248+0000] {processor.py:830} INFO - Processing file /home/airflow/.local/lib/python3.8/site-packages/airflow/example_dags/example_external_task_marker_dag.py for tasks to queue
[2024-05-16T01:01:29.250+0000] {logging_mixin.py:188} INFO - [2024-05-16T01:01:29.250+0000] {dagbag.py:540} INFO - Filling up the DagBag from /home/airflow/.local/lib/python3.8/site-packages/airflow/example_dags/example_external_task_marker_dag.py
[2024-05-16T01:01:29.256+0000] {processor.py:840} INFO - DAG(s) 'example_external_task_marker_parent', 'example_external_task_marker_child' retrieved from /home/airflow/.local/lib/python3.8/site-packages/airflow/example_dags/example_external_task_marker_dag.py
[2024-05-16T01:01:29.278+0000] {logging_mixin.py:188} INFO - [2024-05-16T01:01:29.278+0000] {dag.py:3047} INFO - Sync 2 DAGs
[2024-05-16T01:01:29.291+0000] {logging_mixin.py:188} INFO - [2024-05-16T01:01:29.291+0000] {dag.py:3834} INFO - Setting next_dagrun for example_external_task_marker_child to None, run_after=None
[2024-05-16T01:01:29.295+0000] {logging_mixin.py:188} INFO - [2024-05-16T01:01:29.295+0000] {dag.py:3834} INFO - Setting next_dagrun for example_external_task_marker_parent to None, run_after=None
[2024-05-16T01:01:29.316+0000] {processor.py:183} INFO - Processing /home/airflow/.local/lib/python3.8/site-packages/airflow/example_dags/example_external_task_marker_dag.py took 0.072 seconds
[2024-05-16T01:01:59.773+0000] {processor.py:161} INFO - Started process (PID=520) to work on /home/airflow/.local/lib/python3.8/site-packages/airflow/example_dags/example_external_task_marker_dag.py
[2024-05-16T01:01:59.775+0000] {processor.py:830} INFO - Processing file /home/airflow/.local/lib/python3.8/site-packages/airflow/example_dags/example_external_task_marker_dag.py for tasks to queue
[2024-05-16T01:01:59.778+0000] {logging_mixin.py:188} INFO - [2024-05-16T01:01:59.777+0000] {dagbag.py:540} INFO - Filling up the DagBag from /home/airflow/.local/lib/python3.8/site-packages/airflow/example_dags/example_external_task_marker_dag.py
[2024-05-16T01:01:59.783+0000] {processor.py:840} INFO - DAG(s) 'example_external_task_marker_parent', 'example_external_task_marker_child' retrieved from /home/airflow/.local/lib/python3.8/site-packages/airflow/example_dags/example_external_task_marker_dag.py
[2024-05-16T01:01:59.804+0000] {logging_mixin.py:188} INFO - [2024-05-16T01:01:59.804+0000] {dag.py:3047} INFO - Sync 2 DAGs
[2024-05-16T01:01:59.815+0000] {logging_mixin.py:188} INFO - [2024-05-16T01:01:59.814+0000] {dag.py:3834} INFO - Setting next_dagrun for example_external_task_marker_child to None, run_after=None
[2024-05-16T01:01:59.818+0000] {logging_mixin.py:188} INFO - [2024-05-16T01:01:59.818+0000] {dag.py:3834} INFO - Setting next_dagrun for example_external_task_marker_parent to None, run_after=None
[2024-05-16T01:01:59.832+0000] {processor.py:183} INFO - Processing /home/airflow/.local/lib/python3.8/site-packages/airflow/example_dags/example_external_task_marker_dag.py took 0.062 seconds
[2024-05-16T01:02:30.451+0000] {processor.py:161} INFO - Started process (PID=579) to work on /home/airflow/.local/lib/python3.8/site-packages/airflow/example_dags/example_external_task_marker_dag.py
[2024-05-16T01:02:30.453+0000] {processor.py:830} INFO - Processing file /home/airflow/.local/lib/python3.8/site-packages/airflow/example_dags/example_external_task_marker_dag.py for tasks to queue
[2024-05-16T01:02:30.456+0000] {logging_mixin.py:188} INFO - [2024-05-16T01:02:30.455+0000] {dagbag.py:540} INFO - Filling up the DagBag from /home/airflow/.local/lib/python3.8/site-packages/airflow/example_dags/example_external_task_marker_dag.py
[2024-05-16T01:02:30.464+0000] {processor.py:840} INFO - DAG(s) 'example_external_task_marker_parent', 'example_external_task_marker_child' retrieved from /home/airflow/.local/lib/python3.8/site-packages/airflow/example_dags/example_external_task_marker_dag.py
[2024-05-16T01:02:30.497+0000] {logging_mixin.py:188} INFO - [2024-05-16T01:02:30.496+0000] {dag.py:3047} INFO - Sync 2 DAGs
[2024-05-16T01:02:30.513+0000] {logging_mixin.py:188} INFO - [2024-05-16T01:02:30.512+0000] {dag.py:3834} INFO - Setting next_dagrun for example_external_task_marker_child to None, run_after=None
[2024-05-16T01:02:30.518+0000] {logging_mixin.py:188} INFO - [2024-05-16T01:02:30.517+0000] {dag.py:3834} INFO - Setting next_dagrun for example_external_task_marker_parent to None, run_after=None
[2024-05-16T01:02:30.547+0000] {processor.py:183} INFO - Processing /home/airflow/.local/lib/python3.8/site-packages/airflow/example_dags/example_external_task_marker_dag.py took 0.100 seconds
[2024-05-16T01:03:00.991+0000] {processor.py:161} INFO - Started process (PID=637) to work on /home/airflow/.local/lib/python3.8/site-packages/airflow/example_dags/example_external_task_marker_dag.py
[2024-05-16T01:03:00.993+0000] {processor.py:830} INFO - Processing file /home/airflow/.local/lib/python3.8/site-packages/airflow/example_dags/example_external_task_marker_dag.py for tasks to queue
[2024-05-16T01:03:00.996+0000] {logging_mixin.py:188} INFO - [2024-05-16T01:03:00.996+0000] {dagbag.py:540} INFO - Filling up the DagBag from /home/airflow/.local/lib/python3.8/site-packages/airflow/example_dags/example_external_task_marker_dag.py
[2024-05-16T01:03:01.006+0000] {processor.py:840} INFO - DAG(s) 'example_external_task_marker_parent', 'example_external_task_marker_child' retrieved from /home/airflow/.local/lib/python3.8/site-packages/airflow/example_dags/example_external_task_marker_dag.py
[2024-05-16T01:03:01.048+0000] {logging_mixin.py:188} INFO - [2024-05-16T01:03:01.048+0000] {dag.py:3047} INFO - Sync 2 DAGs
[2024-05-16T01:03:01.081+0000] {logging_mixin.py:188} INFO - [2024-05-16T01:03:01.081+0000] {dag.py:3834} INFO - Setting next_dagrun for example_external_task_marker_child to None, run_after=None
[2024-05-16T01:03:01.088+0000] {logging_mixin.py:188} INFO - [2024-05-16T01:03:01.088+0000] {dag.py:3834} INFO - Setting next_dagrun for example_external_task_marker_parent to None, run_after=None
[2024-05-16T01:03:01.117+0000] {processor.py:183} INFO - Processing /home/airflow/.local/lib/python3.8/site-packages/airflow/example_dags/example_external_task_marker_dag.py took 0.131 seconds
[2024-05-16T01:03:31.607+0000] {processor.py:161} INFO - Started process (PID=696) to work on /home/airflow/.local/lib/python3.8/site-packages/airflow/example_dags/example_external_task_marker_dag.py
[2024-05-16T01:03:31.609+0000] {processor.py:830} INFO - Processing file /home/airflow/.local/lib/python3.8/site-packages/airflow/example_dags/example_external_task_marker_dag.py for tasks to queue
[2024-05-16T01:03:31.611+0000] {logging_mixin.py:188} INFO - [2024-05-16T01:03:31.611+0000] {dagbag.py:540} INFO - Filling up the DagBag from /home/airflow/.local/lib/python3.8/site-packages/airflow/example_dags/example_external_task_marker_dag.py
[2024-05-16T01:03:31.618+0000] {processor.py:840} INFO - DAG(s) 'example_external_task_marker_child', 'example_external_task_marker_parent' retrieved from /home/airflow/.local/lib/python3.8/site-packages/airflow/example_dags/example_external_task_marker_dag.py
[2024-05-16T01:03:31.652+0000] {logging_mixin.py:188} INFO - [2024-05-16T01:03:31.651+0000] {dag.py:3047} INFO - Sync 2 DAGs
[2024-05-16T01:03:31.667+0000] {logging_mixin.py:188} INFO - [2024-05-16T01:03:31.667+0000] {dag.py:3834} INFO - Setting next_dagrun for example_external_task_marker_child to None, run_after=None
[2024-05-16T01:03:31.671+0000] {logging_mixin.py:188} INFO - [2024-05-16T01:03:31.671+0000] {dag.py:3834} INFO - Setting next_dagrun for example_external_task_marker_parent to None, run_after=None
[2024-05-16T01:03:31.698+0000] {processor.py:183} INFO - Processing /home/airflow/.local/lib/python3.8/site-packages/airflow/example_dags/example_external_task_marker_dag.py took 0.094 seconds
[2024-05-16T01:04:02.601+0000] {processor.py:161} INFO - Started process (PID=755) to work on /home/airflow/.local/lib/python3.8/site-packages/airflow/example_dags/example_external_task_marker_dag.py
[2024-05-16T01:04:02.603+0000] {processor.py:830} INFO - Processing file /home/airflow/.local/lib/python3.8/site-packages/airflow/example_dags/example_external_task_marker_dag.py for tasks to queue
[2024-05-16T01:04:02.606+0000] {logging_mixin.py:188} INFO - [2024-05-16T01:04:02.605+0000] {dagbag.py:540} INFO - Filling up the DagBag from /home/airflow/.local/lib/python3.8/site-packages/airflow/example_dags/example_external_task_marker_dag.py
[2024-05-16T01:04:02.613+0000] {processor.py:840} INFO - DAG(s) 'example_external_task_marker_parent', 'example_external_task_marker_child' retrieved from /home/airflow/.local/lib/python3.8/site-packages/airflow/example_dags/example_external_task_marker_dag.py
[2024-05-16T01:04:02.634+0000] {logging_mixin.py:188} INFO - [2024-05-16T01:04:02.634+0000] {dag.py:3047} INFO - Sync 2 DAGs
[2024-05-16T01:04:02.646+0000] {logging_mixin.py:188} INFO - [2024-05-16T01:04:02.646+0000] {dag.py:3834} INFO - Setting next_dagrun for example_external_task_marker_child to None, run_after=None
[2024-05-16T01:04:02.650+0000] {logging_mixin.py:188} INFO - [2024-05-16T01:04:02.650+0000] {dag.py:3834} INFO - Setting next_dagrun for example_external_task_marker_parent to None, run_after=None
[2024-05-16T01:04:02.669+0000] {processor.py:183} INFO - Processing /home/airflow/.local/lib/python3.8/site-packages/airflow/example_dags/example_external_task_marker_dag.py took 0.072 seconds
[2024-05-16T01:04:33.165+0000] {processor.py:161} INFO - Started process (PID=814) to work on /home/airflow/.local/lib/python3.8/site-packages/airflow/example_dags/example_external_task_marker_dag.py
[2024-05-16T01:04:33.166+0000] {processor.py:830} INFO - Processing file /home/airflow/.local/lib/python3.8/site-packages/airflow/example_dags/example_external_task_marker_dag.py for tasks to queue
[2024-05-16T01:04:33.168+0000] {logging_mixin.py:188} INFO - [2024-05-16T01:04:33.168+0000] {dagbag.py:540} INFO - Filling up the DagBag from /home/airflow/.local/lib/python3.8/site-packages/airflow/example_dags/example_external_task_marker_dag.py
[2024-05-16T01:04:33.174+0000] {processor.py:840} INFO - DAG(s) 'example_external_task_marker_parent', 'example_external_task_marker_child' retrieved from /home/airflow/.local/lib/python3.8/site-packages/airflow/example_dags/example_external_task_marker_dag.py
[2024-05-16T01:04:33.198+0000] {logging_mixin.py:188} INFO - [2024-05-16T01:04:33.198+0000] {dag.py:3047} INFO - Sync 2 DAGs
[2024-05-16T01:04:33.210+0000] {logging_mixin.py:188} INFO - [2024-05-16T01:04:33.209+0000] {dag.py:3834} INFO - Setting next_dagrun for example_external_task_marker_child to None, run_after=None
[2024-05-16T01:04:33.214+0000] {logging_mixin.py:188} INFO - [2024-05-16T01:04:33.214+0000] {dag.py:3834} INFO - Setting next_dagrun for example_external_task_marker_parent to None, run_after=None
[2024-05-16T01:04:33.238+0000] {processor.py:183} INFO - Processing /home/airflow/.local/lib/python3.8/site-packages/airflow/example_dags/example_external_task_marker_dag.py took 0.076 seconds
[2024-05-16T01:05:03.866+0000] {processor.py:161} INFO - Started process (PID=874) to work on /home/airflow/.local/lib/python3.8/site-packages/airflow/example_dags/example_external_task_marker_dag.py
[2024-05-16T01:05:03.869+0000] {processor.py:830} INFO - Processing file /home/airflow/.local/lib/python3.8/site-packages/airflow/example_dags/example_external_task_marker_dag.py for tasks to queue
[2024-05-16T01:05:03.873+0000] {logging_mixin.py:188} INFO - [2024-05-16T01:05:03.872+0000] {dagbag.py:540} INFO - Filling up the DagBag from /home/airflow/.local/lib/python3.8/site-packages/airflow/example_dags/example_external_task_marker_dag.py
[2024-05-16T01:05:03.882+0000] {processor.py:840} INFO - DAG(s) 'example_external_task_marker_parent', 'example_external_task_marker_child' retrieved from /home/airflow/.local/lib/python3.8/site-packages/airflow/example_dags/example_external_task_marker_dag.py
[2024-05-16T01:05:03.942+0000] {logging_mixin.py:188} INFO - [2024-05-16T01:05:03.941+0000] {dag.py:3047} INFO - Sync 2 DAGs
[2024-05-16T01:05:03.968+0000] {logging_mixin.py:188} INFO - [2024-05-16T01:05:03.967+0000] {dag.py:3834} INFO - Setting next_dagrun for example_external_task_marker_child to None, run_after=None
[2024-05-16T01:05:03.974+0000] {logging_mixin.py:188} INFO - [2024-05-16T01:05:03.974+0000] {dag.py:3834} INFO - Setting next_dagrun for example_external_task_marker_parent to None, run_after=None
[2024-05-16T01:05:04.012+0000] {processor.py:183} INFO - Processing /home/airflow/.local/lib/python3.8/site-packages/airflow/example_dags/example_external_task_marker_dag.py took 0.152 seconds
[2024-05-16T01:05:34.568+0000] {processor.py:161} INFO - Started process (PID=933) to work on /home/airflow/.local/lib/python3.8/site-packages/airflow/example_dags/example_external_task_marker_dag.py
[2024-05-16T01:05:34.569+0000] {processor.py:830} INFO - Processing file /home/airflow/.local/lib/python3.8/site-packages/airflow/example_dags/example_external_task_marker_dag.py for tasks to queue
[2024-05-16T01:05:34.571+0000] {logging_mixin.py:188} INFO - [2024-05-16T01:05:34.570+0000] {dagbag.py:540} INFO - Filling up the DagBag from /home/airflow/.local/lib/python3.8/site-packages/airflow/example_dags/example_external_task_marker_dag.py
[2024-05-16T01:05:34.575+0000] {processor.py:840} INFO - DAG(s) 'example_external_task_marker_parent', 'example_external_task_marker_child' retrieved from /home/airflow/.local/lib/python3.8/site-packages/airflow/example_dags/example_external_task_marker_dag.py
[2024-05-16T01:05:34.596+0000] {logging_mixin.py:188} INFO - [2024-05-16T01:05:34.596+0000] {dag.py:3047} INFO - Sync 2 DAGs
[2024-05-16T01:05:34.608+0000] {logging_mixin.py:188} INFO - [2024-05-16T01:05:34.608+0000] {dag.py:3834} INFO - Setting next_dagrun for example_external_task_marker_child to None, run_after=None
[2024-05-16T01:05:34.612+0000] {logging_mixin.py:188} INFO - [2024-05-16T01:05:34.611+0000] {dag.py:3834} INFO - Setting next_dagrun for example_external_task_marker_parent to None, run_after=None
[2024-05-16T01:05:34.633+0000] {processor.py:183} INFO - Processing /home/airflow/.local/lib/python3.8/site-packages/airflow/example_dags/example_external_task_marker_dag.py took 0.068 seconds
[2024-05-16T01:06:05.281+0000] {processor.py:161} INFO - Started process (PID=992) to work on /home/airflow/.local/lib/python3.8/site-packages/airflow/example_dags/example_external_task_marker_dag.py
[2024-05-16T01:06:05.283+0000] {processor.py:830} INFO - Processing file /home/airflow/.local/lib/python3.8/site-packages/airflow/example_dags/example_external_task_marker_dag.py for tasks to queue
[2024-05-16T01:06:05.285+0000] {logging_mixin.py:188} INFO - [2024-05-16T01:06:05.285+0000] {dagbag.py:540} INFO - Filling up the DagBag from /home/airflow/.local/lib/python3.8/site-packages/airflow/example_dags/example_external_task_marker_dag.py
[2024-05-16T01:06:05.294+0000] {processor.py:840} INFO - DAG(s) 'example_external_task_marker_child', 'example_external_task_marker_parent' retrieved from /home/airflow/.local/lib/python3.8/site-packages/airflow/example_dags/example_external_task_marker_dag.py
[2024-05-16T01:06:05.331+0000] {logging_mixin.py:188} INFO - [2024-05-16T01:06:05.331+0000] {dag.py:3047} INFO - Sync 2 DAGs
[2024-05-16T01:06:05.350+0000] {logging_mixin.py:188} INFO - [2024-05-16T01:06:05.349+0000] {dag.py:3834} INFO - Setting next_dagrun for example_external_task_marker_child to None, run_after=None
[2024-05-16T01:06:05.356+0000] {logging_mixin.py:188} INFO - [2024-05-16T01:06:05.356+0000] {dag.py:3834} INFO - Setting next_dagrun for example_external_task_marker_parent to None, run_after=None
[2024-05-16T01:06:05.420+0000] {processor.py:183} INFO - Processing /home/airflow/.local/lib/python3.8/site-packages/airflow/example_dags/example_external_task_marker_dag.py took 0.142 seconds
[2024-05-16T01:06:35.593+0000] {processor.py:161} INFO - Started process (PID=1051) to work on /home/airflow/.local/lib/python3.8/site-packages/airflow/example_dags/example_external_task_marker_dag.py
[2024-05-16T01:06:35.595+0000] {processor.py:830} INFO - Processing file /home/airflow/.local/lib/python3.8/site-packages/airflow/example_dags/example_external_task_marker_dag.py for tasks to queue
[2024-05-16T01:06:35.596+0000] {logging_mixin.py:188} INFO - [2024-05-16T01:06:35.596+0000] {dagbag.py:540} INFO - Filling up the DagBag from /home/airflow/.local/lib/python3.8/site-packages/airflow/example_dags/example_external_task_marker_dag.py
[2024-05-16T01:06:35.602+0000] {processor.py:840} INFO - DAG(s) 'example_external_task_marker_child', 'example_external_task_marker_parent' retrieved from /home/airflow/.local/lib/python3.8/site-packages/airflow/example_dags/example_external_task_marker_dag.py
[2024-05-16T01:06:35.633+0000] {logging_mixin.py:188} INFO - [2024-05-16T01:06:35.632+0000] {dag.py:3047} INFO - Sync 2 DAGs
[2024-05-16T01:06:35.648+0000] {logging_mixin.py:188} INFO - [2024-05-16T01:06:35.647+0000] {dag.py:3834} INFO - Setting next_dagrun for example_external_task_marker_child to None, run_after=None
[2024-05-16T01:06:35.652+0000] {logging_mixin.py:188} INFO - [2024-05-16T01:06:35.652+0000] {dag.py:3834} INFO - Setting next_dagrun for example_external_task_marker_parent to None, run_after=None
[2024-05-16T01:06:35.676+0000] {processor.py:183} INFO - Processing /home/airflow/.local/lib/python3.8/site-packages/airflow/example_dags/example_external_task_marker_dag.py took 0.085 seconds
[2024-05-16T01:07:06.716+0000] {processor.py:161} INFO - Started process (PID=1110) to work on /home/airflow/.local/lib/python3.8/site-packages/airflow/example_dags/example_external_task_marker_dag.py
[2024-05-16T01:07:06.718+0000] {processor.py:830} INFO - Processing file /home/airflow/.local/lib/python3.8/site-packages/airflow/example_dags/example_external_task_marker_dag.py for tasks to queue
[2024-05-16T01:07:06.720+0000] {logging_mixin.py:188} INFO - [2024-05-16T01:07:06.720+0000] {dagbag.py:540} INFO - Filling up the DagBag from /home/airflow/.local/lib/python3.8/site-packages/airflow/example_dags/example_external_task_marker_dag.py
[2024-05-16T01:07:06.728+0000] {processor.py:840} INFO - DAG(s) 'example_external_task_marker_child', 'example_external_task_marker_parent' retrieved from /home/airflow/.local/lib/python3.8/site-packages/airflow/example_dags/example_external_task_marker_dag.py
[2024-05-16T01:07:06.755+0000] {logging_mixin.py:188} INFO - [2024-05-16T01:07:06.755+0000] {dag.py:3047} INFO - Sync 2 DAGs
[2024-05-16T01:07:06.765+0000] {logging_mixin.py:188} INFO - [2024-05-16T01:07:06.765+0000] {dag.py:3834} INFO - Setting next_dagrun for example_external_task_marker_child to None, run_after=None
[2024-05-16T01:07:06.769+0000] {logging_mixin.py:188} INFO - [2024-05-16T01:07:06.768+0000] {dag.py:3834} INFO - Setting next_dagrun for example_external_task_marker_parent to None, run_after=None
[2024-05-16T01:07:06.788+0000] {processor.py:183} INFO - Processing /home/airflow/.local/lib/python3.8/site-packages/airflow/example_dags/example_external_task_marker_dag.py took 0.075 seconds
[2024-05-16T01:07:37.306+0000] {processor.py:161} INFO - Started process (PID=1169) to work on /home/airflow/.local/lib/python3.8/site-packages/airflow/example_dags/example_external_task_marker_dag.py
[2024-05-16T01:07:37.308+0000] {processor.py:830} INFO - Processing file /home/airflow/.local/lib/python3.8/site-packages/airflow/example_dags/example_external_task_marker_dag.py for tasks to queue
[2024-05-16T01:07:37.310+0000] {logging_mixin.py:188} INFO - [2024-05-16T01:07:37.310+0000] {dagbag.py:540} INFO - Filling up the DagBag from /home/airflow/.local/lib/python3.8/site-packages/airflow/example_dags/example_external_task_marker_dag.py
[2024-05-16T01:07:37.318+0000] {processor.py:840} INFO - DAG(s) 'example_external_task_marker_parent', 'example_external_task_marker_child' retrieved from /home/airflow/.local/lib/python3.8/site-packages/airflow/example_dags/example_external_task_marker_dag.py
[2024-05-16T01:07:37.343+0000] {logging_mixin.py:188} INFO - [2024-05-16T01:07:37.343+0000] {dag.py:3047} INFO - Sync 2 DAGs
[2024-05-16T01:07:37.355+0000] {logging_mixin.py:188} INFO - [2024-05-16T01:07:37.355+0000] {dag.py:3834} INFO - Setting next_dagrun for example_external_task_marker_child to None, run_after=None
[2024-05-16T01:07:37.358+0000] {logging_mixin.py:188} INFO - [2024-05-16T01:07:37.358+0000] {dag.py:3834} INFO - Setting next_dagrun for example_external_task_marker_parent to None, run_after=None
[2024-05-16T01:07:37.377+0000] {processor.py:183} INFO - Processing /home/airflow/.local/lib/python3.8/site-packages/airflow/example_dags/example_external_task_marker_dag.py took 0.074 seconds
[2024-05-16T01:08:08.240+0000] {processor.py:161} INFO - Started process (PID=1227) to work on /home/airflow/.local/lib/python3.8/site-packages/airflow/example_dags/example_external_task_marker_dag.py
[2024-05-16T01:08:08.241+0000] {processor.py:830} INFO - Processing file /home/airflow/.local/lib/python3.8/site-packages/airflow/example_dags/example_external_task_marker_dag.py for tasks to queue
[2024-05-16T01:08:08.244+0000] {logging_mixin.py:188} INFO - [2024-05-16T01:08:08.243+0000] {dagbag.py:540} INFO - Filling up the DagBag from /home/airflow/.local/lib/python3.8/site-packages/airflow/example_dags/example_external_task_marker_dag.py
[2024-05-16T01:08:08.250+0000] {processor.py:840} INFO - DAG(s) 'example_external_task_marker_child', 'example_external_task_marker_parent' retrieved from /home/airflow/.local/lib/python3.8/site-packages/airflow/example_dags/example_external_task_marker_dag.py
[2024-05-16T01:08:08.272+0000] {logging_mixin.py:188} INFO - [2024-05-16T01:08:08.272+0000] {dag.py:3047} INFO - Sync 2 DAGs
[2024-05-16T01:08:08.285+0000] {logging_mixin.py:188} INFO - [2024-05-16T01:08:08.285+0000] {dag.py:3834} INFO - Setting next_dagrun for example_external_task_marker_child to None, run_after=None
[2024-05-16T01:08:08.288+0000] {logging_mixin.py:188} INFO - [2024-05-16T01:08:08.288+0000] {dag.py:3834} INFO - Setting next_dagrun for example_external_task_marker_parent to None, run_after=None
[2024-05-16T01:08:08.311+0000] {processor.py:183} INFO - Processing /home/airflow/.local/lib/python3.8/site-packages/airflow/example_dags/example_external_task_marker_dag.py took 0.075 seconds
[2024-05-16T01:08:38.618+0000] {processor.py:161} INFO - Started process (PID=1286) to work on /home/airflow/.local/lib/python3.8/site-packages/airflow/example_dags/example_external_task_marker_dag.py
[2024-05-16T01:08:38.620+0000] {processor.py:830} INFO - Processing file /home/airflow/.local/lib/python3.8/site-packages/airflow/example_dags/example_external_task_marker_dag.py for tasks to queue
[2024-05-16T01:08:38.622+0000] {logging_mixin.py:188} INFO - [2024-05-16T01:08:38.622+0000] {dagbag.py:540} INFO - Filling up the DagBag from /home/airflow/.local/lib/python3.8/site-packages/airflow/example_dags/example_external_task_marker_dag.py
[2024-05-16T01:08:38.627+0000] {processor.py:840} INFO - DAG(s) 'example_external_task_marker_child', 'example_external_task_marker_parent' retrieved from /home/airflow/.local/lib/python3.8/site-packages/airflow/example_dags/example_external_task_marker_dag.py
[2024-05-16T01:08:38.652+0000] {logging_mixin.py:188} INFO - [2024-05-16T01:08:38.652+0000] {dag.py:3047} INFO - Sync 2 DAGs
[2024-05-16T01:08:38.664+0000] {logging_mixin.py:188} INFO - [2024-05-16T01:08:38.663+0000] {dag.py:3834} INFO - Setting next_dagrun for example_external_task_marker_child to None, run_after=None
[2024-05-16T01:08:38.667+0000] {logging_mixin.py:188} INFO - [2024-05-16T01:08:38.667+0000] {dag.py:3834} INFO - Setting next_dagrun for example_external_task_marker_parent to None, run_after=None
[2024-05-16T01:08:38.687+0000] {processor.py:183} INFO - Processing /home/airflow/.local/lib/python3.8/site-packages/airflow/example_dags/example_external_task_marker_dag.py took 0.073 seconds
[2024-05-16T01:09:09.257+0000] {processor.py:161} INFO - Started process (PID=1345) to work on /home/airflow/.local/lib/python3.8/site-packages/airflow/example_dags/example_external_task_marker_dag.py
[2024-05-16T01:09:09.260+0000] {processor.py:830} INFO - Processing file /home/airflow/.local/lib/python3.8/site-packages/airflow/example_dags/example_external_task_marker_dag.py for tasks to queue
[2024-05-16T01:09:09.263+0000] {logging_mixin.py:188} INFO - [2024-05-16T01:09:09.263+0000] {dagbag.py:540} INFO - Filling up the DagBag from /home/airflow/.local/lib/python3.8/site-packages/airflow/example_dags/example_external_task_marker_dag.py
[2024-05-16T01:09:09.273+0000] {processor.py:840} INFO - DAG(s) 'example_external_task_marker_parent', 'example_external_task_marker_child' retrieved from /home/airflow/.local/lib/python3.8/site-packages/airflow/example_dags/example_external_task_marker_dag.py
[2024-05-16T01:09:09.313+0000] {logging_mixin.py:188} INFO - [2024-05-16T01:09:09.313+0000] {dag.py:3047} INFO - Sync 2 DAGs
[2024-05-16T01:09:09.332+0000] {logging_mixin.py:188} INFO - [2024-05-16T01:09:09.331+0000] {dag.py:3834} INFO - Setting next_dagrun for example_external_task_marker_child to None, run_after=None
[2024-05-16T01:09:09.337+0000] {logging_mixin.py:188} INFO - [2024-05-16T01:09:09.337+0000] {dag.py:3834} INFO - Setting next_dagrun for example_external_task_marker_parent to None, run_after=None
[2024-05-16T01:09:09.367+0000] {processor.py:183} INFO - Processing /home/airflow/.local/lib/python3.8/site-packages/airflow/example_dags/example_external_task_marker_dag.py took 0.114 seconds
[2024-05-16T01:09:39.641+0000] {processor.py:161} INFO - Started process (PID=1404) to work on /home/airflow/.local/lib/python3.8/site-packages/airflow/example_dags/example_external_task_marker_dag.py
[2024-05-16T01:09:39.642+0000] {processor.py:830} INFO - Processing file /home/airflow/.local/lib/python3.8/site-packages/airflow/example_dags/example_external_task_marker_dag.py for tasks to queue
[2024-05-16T01:09:39.644+0000] {logging_mixin.py:188} INFO - [2024-05-16T01:09:39.644+0000] {dagbag.py:540} INFO - Filling up the DagBag from /home/airflow/.local/lib/python3.8/site-packages/airflow/example_dags/example_external_task_marker_dag.py
[2024-05-16T01:09:39.650+0000] {processor.py:840} INFO - DAG(s) 'example_external_task_marker_parent', 'example_external_task_marker_child' retrieved from /home/airflow/.local/lib/python3.8/site-packages/airflow/example_dags/example_external_task_marker_dag.py
[2024-05-16T01:09:39.674+0000] {logging_mixin.py:188} INFO - [2024-05-16T01:09:39.674+0000] {dag.py:3047} INFO - Sync 2 DAGs
[2024-05-16T01:09:39.687+0000] {logging_mixin.py:188} INFO - [2024-05-16T01:09:39.686+0000] {dag.py:3834} INFO - Setting next_dagrun for example_external_task_marker_child to None, run_after=None
[2024-05-16T01:09:39.692+0000] {logging_mixin.py:188} INFO - [2024-05-16T01:09:39.692+0000] {dag.py:3834} INFO - Setting next_dagrun for example_external_task_marker_parent to None, run_after=None
[2024-05-16T01:09:39.714+0000] {processor.py:183} INFO - Processing /home/airflow/.local/lib/python3.8/site-packages/airflow/example_dags/example_external_task_marker_dag.py took 0.078 seconds
[2024-05-16T01:10:10.017+0000] {processor.py:161} INFO - Started process (PID=1463) to work on /home/airflow/.local/lib/python3.8/site-packages/airflow/example_dags/example_external_task_marker_dag.py
[2024-05-16T01:10:10.019+0000] {processor.py:830} INFO - Processing file /home/airflow/.local/lib/python3.8/site-packages/airflow/example_dags/example_external_task_marker_dag.py for tasks to queue
[2024-05-16T01:10:10.021+0000] {logging_mixin.py:188} INFO - [2024-05-16T01:10:10.021+0000] {dagbag.py:540} INFO - Filling up the DagBag from /home/airflow/.local/lib/python3.8/site-packages/airflow/example_dags/example_external_task_marker_dag.py
[2024-05-16T01:10:10.029+0000] {processor.py:840} INFO - DAG(s) 'example_external_task_marker_parent', 'example_external_task_marker_child' retrieved from /home/airflow/.local/lib/python3.8/site-packages/airflow/example_dags/example_external_task_marker_dag.py
[2024-05-16T01:10:10.059+0000] {logging_mixin.py:188} INFO - [2024-05-16T01:10:10.059+0000] {dag.py:3047} INFO - Sync 2 DAGs
[2024-05-16T01:10:10.074+0000] {logging_mixin.py:188} INFO - [2024-05-16T01:10:10.074+0000] {dag.py:3834} INFO - Setting next_dagrun for example_external_task_marker_child to None, run_after=None
[2024-05-16T01:10:10.078+0000] {logging_mixin.py:188} INFO - [2024-05-16T01:10:10.078+0000] {dag.py:3834} INFO - Setting next_dagrun for example_external_task_marker_parent to None, run_after=None
[2024-05-16T01:10:10.105+0000] {processor.py:183} INFO - Processing /home/airflow/.local/lib/python3.8/site-packages/airflow/example_dags/example_external_task_marker_dag.py took 0.091 seconds
[2024-05-16T01:10:40.285+0000] {processor.py:161} INFO - Started process (PID=1522) to work on /home/airflow/.local/lib/python3.8/site-packages/airflow/example_dags/example_external_task_marker_dag.py
[2024-05-16T01:10:40.287+0000] {processor.py:830} INFO - Processing file /home/airflow/.local/lib/python3.8/site-packages/airflow/example_dags/example_external_task_marker_dag.py for tasks to queue
[2024-05-16T01:10:40.289+0000] {logging_mixin.py:188} INFO - [2024-05-16T01:10:40.288+0000] {dagbag.py:540} INFO - Filling up the DagBag from /home/airflow/.local/lib/python3.8/site-packages/airflow/example_dags/example_external_task_marker_dag.py
[2024-05-16T01:10:40.297+0000] {processor.py:840} INFO - DAG(s) 'example_external_task_marker_child', 'example_external_task_marker_parent' retrieved from /home/airflow/.local/lib/python3.8/site-packages/airflow/example_dags/example_external_task_marker_dag.py
[2024-05-16T01:10:40.324+0000] {logging_mixin.py:188} INFO - [2024-05-16T01:10:40.324+0000] {dag.py:3047} INFO - Sync 2 DAGs
[2024-05-16T01:10:40.337+0000] {logging_mixin.py:188} INFO - [2024-05-16T01:10:40.337+0000] {dag.py:3834} INFO - Setting next_dagrun for example_external_task_marker_child to None, run_after=None
[2024-05-16T01:10:40.342+0000] {logging_mixin.py:188} INFO - [2024-05-16T01:10:40.341+0000] {dag.py:3834} INFO - Setting next_dagrun for example_external_task_marker_parent to None, run_after=None
[2024-05-16T01:10:40.365+0000] {processor.py:183} INFO - Processing /home/airflow/.local/lib/python3.8/site-packages/airflow/example_dags/example_external_task_marker_dag.py took 0.083 seconds
[2024-05-16T01:11:11.194+0000] {processor.py:161} INFO - Started process (PID=1587) to work on /home/airflow/.local/lib/python3.8/site-packages/airflow/example_dags/example_external_task_marker_dag.py
[2024-05-16T01:11:11.196+0000] {processor.py:830} INFO - Processing file /home/airflow/.local/lib/python3.8/site-packages/airflow/example_dags/example_external_task_marker_dag.py for tasks to queue
[2024-05-16T01:11:11.199+0000] {logging_mixin.py:188} INFO - [2024-05-16T01:11:11.199+0000] {dagbag.py:540} INFO - Filling up the DagBag from /home/airflow/.local/lib/python3.8/site-packages/airflow/example_dags/example_external_task_marker_dag.py
[2024-05-16T01:11:11.206+0000] {processor.py:840} INFO - DAG(s) 'example_external_task_marker_parent', 'example_external_task_marker_child' retrieved from /home/airflow/.local/lib/python3.8/site-packages/airflow/example_dags/example_external_task_marker_dag.py
[2024-05-16T01:11:11.233+0000] {logging_mixin.py:188} INFO - [2024-05-16T01:11:11.232+0000] {dag.py:3047} INFO - Sync 2 DAGs
[2024-05-16T01:11:11.248+0000] {logging_mixin.py:188} INFO - [2024-05-16T01:11:11.248+0000] {dag.py:3834} INFO - Setting next_dagrun for example_external_task_marker_child to None, run_after=None
[2024-05-16T01:11:11.252+0000] {logging_mixin.py:188} INFO - [2024-05-16T01:11:11.252+0000] {dag.py:3834} INFO - Setting next_dagrun for example_external_task_marker_parent to None, run_after=None
[2024-05-16T01:11:11.278+0000] {processor.py:183} INFO - Processing /home/airflow/.local/lib/python3.8/site-packages/airflow/example_dags/example_external_task_marker_dag.py took 0.088 seconds
[2024-05-16T01:11:41.605+0000] {processor.py:161} INFO - Started process (PID=1646) to work on /home/airflow/.local/lib/python3.8/site-packages/airflow/example_dags/example_external_task_marker_dag.py
[2024-05-16T01:11:41.607+0000] {processor.py:830} INFO - Processing file /home/airflow/.local/lib/python3.8/site-packages/airflow/example_dags/example_external_task_marker_dag.py for tasks to queue
[2024-05-16T01:11:41.609+0000] {logging_mixin.py:188} INFO - [2024-05-16T01:11:41.609+0000] {dagbag.py:540} INFO - Filling up the DagBag from /home/airflow/.local/lib/python3.8/site-packages/airflow/example_dags/example_external_task_marker_dag.py
[2024-05-16T01:11:41.619+0000] {processor.py:840} INFO - DAG(s) 'example_external_task_marker_parent', 'example_external_task_marker_child' retrieved from /home/airflow/.local/lib/python3.8/site-packages/airflow/example_dags/example_external_task_marker_dag.py
[2024-05-16T01:11:41.646+0000] {logging_mixin.py:188} INFO - [2024-05-16T01:11:41.646+0000] {dag.py:3047} INFO - Sync 2 DAGs
[2024-05-16T01:11:41.662+0000] {logging_mixin.py:188} INFO - [2024-05-16T01:11:41.661+0000] {dag.py:3834} INFO - Setting next_dagrun for example_external_task_marker_child to None, run_after=None
[2024-05-16T01:11:41.667+0000] {logging_mixin.py:188} INFO - [2024-05-16T01:11:41.667+0000] {dag.py:3834} INFO - Setting next_dagrun for example_external_task_marker_parent to None, run_after=None
[2024-05-16T01:11:41.692+0000] {processor.py:183} INFO - Processing /home/airflow/.local/lib/python3.8/site-packages/airflow/example_dags/example_external_task_marker_dag.py took 0.091 seconds
[2024-05-16T01:12:12.192+0000] {processor.py:161} INFO - Started process (PID=1705) to work on /home/airflow/.local/lib/python3.8/site-packages/airflow/example_dags/example_external_task_marker_dag.py
[2024-05-16T01:12:12.194+0000] {processor.py:830} INFO - Processing file /home/airflow/.local/lib/python3.8/site-packages/airflow/example_dags/example_external_task_marker_dag.py for tasks to queue
[2024-05-16T01:12:12.196+0000] {logging_mixin.py:188} INFO - [2024-05-16T01:12:12.196+0000] {dagbag.py:540} INFO - Filling up the DagBag from /home/airflow/.local/lib/python3.8/site-packages/airflow/example_dags/example_external_task_marker_dag.py
[2024-05-16T01:12:12.201+0000] {processor.py:840} INFO - DAG(s) 'example_external_task_marker_child', 'example_external_task_marker_parent' retrieved from /home/airflow/.local/lib/python3.8/site-packages/airflow/example_dags/example_external_task_marker_dag.py
[2024-05-16T01:12:12.224+0000] {logging_mixin.py:188} INFO - [2024-05-16T01:12:12.224+0000] {dag.py:3047} INFO - Sync 2 DAGs
[2024-05-16T01:12:12.235+0000] {logging_mixin.py:188} INFO - [2024-05-16T01:12:12.235+0000] {dag.py:3834} INFO - Setting next_dagrun for example_external_task_marker_child to None, run_after=None
[2024-05-16T01:12:12.238+0000] {logging_mixin.py:188} INFO - [2024-05-16T01:12:12.238+0000] {dag.py:3834} INFO - Setting next_dagrun for example_external_task_marker_parent to None, run_after=None
[2024-05-16T01:12:12.258+0000] {processor.py:183} INFO - Processing /home/airflow/.local/lib/python3.8/site-packages/airflow/example_dags/example_external_task_marker_dag.py took 0.068 seconds
[2024-05-16T01:12:42.759+0000] {processor.py:161} INFO - Started process (PID=1764) to work on /home/airflow/.local/lib/python3.8/site-packages/airflow/example_dags/example_external_task_marker_dag.py
[2024-05-16T01:12:42.760+0000] {processor.py:830} INFO - Processing file /home/airflow/.local/lib/python3.8/site-packages/airflow/example_dags/example_external_task_marker_dag.py for tasks to queue
[2024-05-16T01:12:42.762+0000] {logging_mixin.py:188} INFO - [2024-05-16T01:12:42.762+0000] {dagbag.py:540} INFO - Filling up the DagBag from /home/airflow/.local/lib/python3.8/site-packages/airflow/example_dags/example_external_task_marker_dag.py
[2024-05-16T01:12:42.768+0000] {processor.py:840} INFO - DAG(s) 'example_external_task_marker_parent', 'example_external_task_marker_child' retrieved from /home/airflow/.local/lib/python3.8/site-packages/airflow/example_dags/example_external_task_marker_dag.py
[2024-05-16T01:12:42.794+0000] {logging_mixin.py:188} INFO - [2024-05-16T01:12:42.794+0000] {dag.py:3047} INFO - Sync 2 DAGs
[2024-05-16T01:12:42.810+0000] {logging_mixin.py:188} INFO - [2024-05-16T01:12:42.810+0000] {dag.py:3834} INFO - Setting next_dagrun for example_external_task_marker_child to None, run_after=None
[2024-05-16T01:12:42.814+0000] {logging_mixin.py:188} INFO - [2024-05-16T01:12:42.814+0000] {dag.py:3834} INFO - Setting next_dagrun for example_external_task_marker_parent to None, run_after=None
[2024-05-16T01:12:42.837+0000] {processor.py:183} INFO - Processing /home/airflow/.local/lib/python3.8/site-packages/airflow/example_dags/example_external_task_marker_dag.py took 0.081 seconds
[2024-05-16T01:13:13.324+0000] {processor.py:161} INFO - Started process (PID=1823) to work on /home/airflow/.local/lib/python3.8/site-packages/airflow/example_dags/example_external_task_marker_dag.py
[2024-05-16T01:13:13.326+0000] {processor.py:830} INFO - Processing file /home/airflow/.local/lib/python3.8/site-packages/airflow/example_dags/example_external_task_marker_dag.py for tasks to queue
[2024-05-16T01:13:13.329+0000] {logging_mixin.py:188} INFO - [2024-05-16T01:13:13.329+0000] {dagbag.py:540} INFO - Filling up the DagBag from /home/airflow/.local/lib/python3.8/site-packages/airflow/example_dags/example_external_task_marker_dag.py
[2024-05-16T01:13:13.338+0000] {processor.py:840} INFO - DAG(s) 'example_external_task_marker_parent', 'example_external_task_marker_child' retrieved from /home/airflow/.local/lib/python3.8/site-packages/airflow/example_dags/example_external_task_marker_dag.py
[2024-05-16T01:13:13.375+0000] {logging_mixin.py:188} INFO - [2024-05-16T01:13:13.375+0000] {dag.py:3047} INFO - Sync 2 DAGs
[2024-05-16T01:13:13.392+0000] {logging_mixin.py:188} INFO - [2024-05-16T01:13:13.391+0000] {dag.py:3834} INFO - Setting next_dagrun for example_external_task_marker_child to None, run_after=None
[2024-05-16T01:13:13.397+0000] {logging_mixin.py:188} INFO - [2024-05-16T01:13:13.397+0000] {dag.py:3834} INFO - Setting next_dagrun for example_external_task_marker_parent to None, run_after=None
[2024-05-16T01:13:13.425+0000] {processor.py:183} INFO - Processing /home/airflow/.local/lib/python3.8/site-packages/airflow/example_dags/example_external_task_marker_dag.py took 0.106 seconds
[2024-05-16T01:13:44.355+0000] {processor.py:161} INFO - Started process (PID=1882) to work on /home/airflow/.local/lib/python3.8/site-packages/airflow/example_dags/example_external_task_marker_dag.py
[2024-05-16T01:13:44.357+0000] {processor.py:830} INFO - Processing file /home/airflow/.local/lib/python3.8/site-packages/airflow/example_dags/example_external_task_marker_dag.py for tasks to queue
[2024-05-16T01:13:44.360+0000] {logging_mixin.py:188} INFO - [2024-05-16T01:13:44.360+0000] {dagbag.py:540} INFO - Filling up the DagBag from /home/airflow/.local/lib/python3.8/site-packages/airflow/example_dags/example_external_task_marker_dag.py
[2024-05-16T01:13:44.368+0000] {processor.py:840} INFO - DAG(s) 'example_external_task_marker_parent', 'example_external_task_marker_child' retrieved from /home/airflow/.local/lib/python3.8/site-packages/airflow/example_dags/example_external_task_marker_dag.py
[2024-05-16T01:13:44.396+0000] {logging_mixin.py:188} INFO - [2024-05-16T01:13:44.396+0000] {dag.py:3047} INFO - Sync 2 DAGs
[2024-05-16T01:13:44.413+0000] {logging_mixin.py:188} INFO - [2024-05-16T01:13:44.412+0000] {dag.py:3834} INFO - Setting next_dagrun for example_external_task_marker_child to None, run_after=None
[2024-05-16T01:13:44.418+0000] {logging_mixin.py:188} INFO - [2024-05-16T01:13:44.418+0000] {dag.py:3834} INFO - Setting next_dagrun for example_external_task_marker_parent to None, run_after=None
[2024-05-16T01:13:44.448+0000] {processor.py:183} INFO - Processing /home/airflow/.local/lib/python3.8/site-packages/airflow/example_dags/example_external_task_marker_dag.py took 0.096 seconds
[2024-05-16T01:14:15.596+0000] {processor.py:161} INFO - Started process (PID=1941) to work on /home/airflow/.local/lib/python3.8/site-packages/airflow/example_dags/example_external_task_marker_dag.py
[2024-05-16T01:14:15.598+0000] {processor.py:830} INFO - Processing file /home/airflow/.local/lib/python3.8/site-packages/airflow/example_dags/example_external_task_marker_dag.py for tasks to queue
[2024-05-16T01:14:15.600+0000] {logging_mixin.py:188} INFO - [2024-05-16T01:14:15.600+0000] {dagbag.py:540} INFO - Filling up the DagBag from /home/airflow/.local/lib/python3.8/site-packages/airflow/example_dags/example_external_task_marker_dag.py
[2024-05-16T01:14:15.607+0000] {processor.py:840} INFO - DAG(s) 'example_external_task_marker_child', 'example_external_task_marker_parent' retrieved from /home/airflow/.local/lib/python3.8/site-packages/airflow/example_dags/example_external_task_marker_dag.py
[2024-05-16T01:14:15.634+0000] {logging_mixin.py:188} INFO - [2024-05-16T01:14:15.634+0000] {dag.py:3047} INFO - Sync 2 DAGs
[2024-05-16T01:14:15.651+0000] {logging_mixin.py:188} INFO - [2024-05-16T01:14:15.651+0000] {dag.py:3834} INFO - Setting next_dagrun for example_external_task_marker_child to None, run_after=None
[2024-05-16T01:14:15.659+0000] {logging_mixin.py:188} INFO - [2024-05-16T01:14:15.658+0000] {dag.py:3834} INFO - Setting next_dagrun for example_external_task_marker_parent to None, run_after=None
[2024-05-16T01:14:15.685+0000] {processor.py:183} INFO - Processing /home/airflow/.local/lib/python3.8/site-packages/airflow/example_dags/example_external_task_marker_dag.py took 0.092 seconds
[2024-05-16T01:14:46.453+0000] {processor.py:161} INFO - Started process (PID=2000) to work on /home/airflow/.local/lib/python3.8/site-packages/airflow/example_dags/example_external_task_marker_dag.py
[2024-05-16T01:14:46.455+0000] {processor.py:830} INFO - Processing file /home/airflow/.local/lib/python3.8/site-packages/airflow/example_dags/example_external_task_marker_dag.py for tasks to queue
[2024-05-16T01:14:46.458+0000] {logging_mixin.py:188} INFO - [2024-05-16T01:14:46.457+0000] {dagbag.py:540} INFO - Filling up the DagBag from /home/airflow/.local/lib/python3.8/site-packages/airflow/example_dags/example_external_task_marker_dag.py
[2024-05-16T01:14:46.466+0000] {processor.py:840} INFO - DAG(s) 'example_external_task_marker_parent', 'example_external_task_marker_child' retrieved from /home/airflow/.local/lib/python3.8/site-packages/airflow/example_dags/example_external_task_marker_dag.py
[2024-05-16T01:14:46.494+0000] {logging_mixin.py:188} INFO - [2024-05-16T01:14:46.493+0000] {dag.py:3047} INFO - Sync 2 DAGs
[2024-05-16T01:14:46.512+0000] {logging_mixin.py:188} INFO - [2024-05-16T01:14:46.512+0000] {dag.py:3834} INFO - Setting next_dagrun for example_external_task_marker_child to None, run_after=None
[2024-05-16T01:14:46.518+0000] {logging_mixin.py:188} INFO - [2024-05-16T01:14:46.517+0000] {dag.py:3834} INFO - Setting next_dagrun for example_external_task_marker_parent to None, run_after=None
[2024-05-16T01:14:46.543+0000] {processor.py:183} INFO - Processing /home/airflow/.local/lib/python3.8/site-packages/airflow/example_dags/example_external_task_marker_dag.py took 0.094 seconds
[2024-05-16T01:15:17.814+0000] {processor.py:161} INFO - Started process (PID=2059) to work on /home/airflow/.local/lib/python3.8/site-packages/airflow/example_dags/example_external_task_marker_dag.py
[2024-05-16T01:15:17.815+0000] {processor.py:830} INFO - Processing file /home/airflow/.local/lib/python3.8/site-packages/airflow/example_dags/example_external_task_marker_dag.py for tasks to queue
[2024-05-16T01:15:17.818+0000] {logging_mixin.py:188} INFO - [2024-05-16T01:15:17.818+0000] {dagbag.py:540} INFO - Filling up the DagBag from /home/airflow/.local/lib/python3.8/site-packages/airflow/example_dags/example_external_task_marker_dag.py
[2024-05-16T01:15:17.825+0000] {processor.py:840} INFO - DAG(s) 'example_external_task_marker_parent', 'example_external_task_marker_child' retrieved from /home/airflow/.local/lib/python3.8/site-packages/airflow/example_dags/example_external_task_marker_dag.py
[2024-05-16T01:15:17.851+0000] {logging_mixin.py:188} INFO - [2024-05-16T01:15:17.851+0000] {dag.py:3047} INFO - Sync 2 DAGs
[2024-05-16T01:15:17.866+0000] {logging_mixin.py:188} INFO - [2024-05-16T01:15:17.866+0000] {dag.py:3834} INFO - Setting next_dagrun for example_external_task_marker_child to None, run_after=None
[2024-05-16T01:15:17.871+0000] {logging_mixin.py:188} INFO - [2024-05-16T01:15:17.871+0000] {dag.py:3834} INFO - Setting next_dagrun for example_external_task_marker_parent to None, run_after=None
[2024-05-16T01:15:17.896+0000] {processor.py:183} INFO - Processing /home/airflow/.local/lib/python3.8/site-packages/airflow/example_dags/example_external_task_marker_dag.py took 0.085 seconds
[2024-05-16T01:15:48.764+0000] {processor.py:161} INFO - Started process (PID=2118) to work on /home/airflow/.local/lib/python3.8/site-packages/airflow/example_dags/example_external_task_marker_dag.py
[2024-05-16T01:15:48.766+0000] {processor.py:830} INFO - Processing file /home/airflow/.local/lib/python3.8/site-packages/airflow/example_dags/example_external_task_marker_dag.py for tasks to queue
[2024-05-16T01:15:48.769+0000] {logging_mixin.py:188} INFO - [2024-05-16T01:15:48.769+0000] {dagbag.py:540} INFO - Filling up the DagBag from /home/airflow/.local/lib/python3.8/site-packages/airflow/example_dags/example_external_task_marker_dag.py
[2024-05-16T01:15:48.778+0000] {processor.py:840} INFO - DAG(s) 'example_external_task_marker_child', 'example_external_task_marker_parent' retrieved from /home/airflow/.local/lib/python3.8/site-packages/airflow/example_dags/example_external_task_marker_dag.py
[2024-05-16T01:15:48.811+0000] {logging_mixin.py:188} INFO - [2024-05-16T01:15:48.810+0000] {dag.py:3047} INFO - Sync 2 DAGs
[2024-05-16T01:15:48.828+0000] {logging_mixin.py:188} INFO - [2024-05-16T01:15:48.827+0000] {dag.py:3834} INFO - Setting next_dagrun for example_external_task_marker_child to None, run_after=None
[2024-05-16T01:15:48.833+0000] {logging_mixin.py:188} INFO - [2024-05-16T01:15:48.832+0000] {dag.py:3834} INFO - Setting next_dagrun for example_external_task_marker_parent to None, run_after=None
[2024-05-16T01:15:48.860+0000] {processor.py:183} INFO - Processing /home/airflow/.local/lib/python3.8/site-packages/airflow/example_dags/example_external_task_marker_dag.py took 0.100 seconds
[2024-05-16T01:16:19.433+0000] {processor.py:161} INFO - Started process (PID=2177) to work on /home/airflow/.local/lib/python3.8/site-packages/airflow/example_dags/example_external_task_marker_dag.py
[2024-05-16T01:16:19.435+0000] {processor.py:830} INFO - Processing file /home/airflow/.local/lib/python3.8/site-packages/airflow/example_dags/example_external_task_marker_dag.py for tasks to queue
[2024-05-16T01:16:19.437+0000] {logging_mixin.py:188} INFO - [2024-05-16T01:16:19.437+0000] {dagbag.py:540} INFO - Filling up the DagBag from /home/airflow/.local/lib/python3.8/site-packages/airflow/example_dags/example_external_task_marker_dag.py
[2024-05-16T01:16:19.445+0000] {processor.py:840} INFO - DAG(s) 'example_external_task_marker_child', 'example_external_task_marker_parent' retrieved from /home/airflow/.local/lib/python3.8/site-packages/airflow/example_dags/example_external_task_marker_dag.py
[2024-05-16T01:16:19.473+0000] {logging_mixin.py:188} INFO - [2024-05-16T01:16:19.473+0000] {dag.py:3047} INFO - Sync 2 DAGs
[2024-05-16T01:16:19.487+0000] {logging_mixin.py:188} INFO - [2024-05-16T01:16:19.487+0000] {dag.py:3834} INFO - Setting next_dagrun for example_external_task_marker_child to None, run_after=None
[2024-05-16T01:16:19.493+0000] {logging_mixin.py:188} INFO - [2024-05-16T01:16:19.492+0000] {dag.py:3834} INFO - Setting next_dagrun for example_external_task_marker_parent to None, run_after=None
[2024-05-16T01:16:19.523+0000] {processor.py:183} INFO - Processing /home/airflow/.local/lib/python3.8/site-packages/airflow/example_dags/example_external_task_marker_dag.py took 0.094 seconds
[2024-05-16T01:16:50.722+0000] {processor.py:161} INFO - Started process (PID=2236) to work on /home/airflow/.local/lib/python3.8/site-packages/airflow/example_dags/example_external_task_marker_dag.py
[2024-05-16T01:16:50.724+0000] {processor.py:830} INFO - Processing file /home/airflow/.local/lib/python3.8/site-packages/airflow/example_dags/example_external_task_marker_dag.py for tasks to queue
[2024-05-16T01:16:50.728+0000] {logging_mixin.py:188} INFO - [2024-05-16T01:16:50.727+0000] {dagbag.py:540} INFO - Filling up the DagBag from /home/airflow/.local/lib/python3.8/site-packages/airflow/example_dags/example_external_task_marker_dag.py
[2024-05-16T01:16:50.737+0000] {processor.py:840} INFO - DAG(s) 'example_external_task_marker_parent', 'example_external_task_marker_child' retrieved from /home/airflow/.local/lib/python3.8/site-packages/airflow/example_dags/example_external_task_marker_dag.py
[2024-05-16T01:16:50.775+0000] {logging_mixin.py:188} INFO - [2024-05-16T01:16:50.775+0000] {dag.py:3047} INFO - Sync 2 DAGs
[2024-05-16T01:16:50.794+0000] {logging_mixin.py:188} INFO - [2024-05-16T01:16:50.794+0000] {dag.py:3834} INFO - Setting next_dagrun for example_external_task_marker_child to None, run_after=None
[2024-05-16T01:16:50.801+0000] {logging_mixin.py:188} INFO - [2024-05-16T01:16:50.801+0000] {dag.py:3834} INFO - Setting next_dagrun for example_external_task_marker_parent to None, run_after=None
[2024-05-16T01:16:50.833+0000] {processor.py:183} INFO - Processing /home/airflow/.local/lib/python3.8/site-packages/airflow/example_dags/example_external_task_marker_dag.py took 0.116 seconds
[2024-05-16T01:17:21.225+0000] {processor.py:161} INFO - Started process (PID=2295) to work on /home/airflow/.local/lib/python3.8/site-packages/airflow/example_dags/example_external_task_marker_dag.py
[2024-05-16T01:17:21.227+0000] {processor.py:830} INFO - Processing file /home/airflow/.local/lib/python3.8/site-packages/airflow/example_dags/example_external_task_marker_dag.py for tasks to queue
[2024-05-16T01:17:21.230+0000] {logging_mixin.py:188} INFO - [2024-05-16T01:17:21.230+0000] {dagbag.py:540} INFO - Filling up the DagBag from /home/airflow/.local/lib/python3.8/site-packages/airflow/example_dags/example_external_task_marker_dag.py
[2024-05-16T01:17:21.239+0000] {processor.py:840} INFO - DAG(s) 'example_external_task_marker_child', 'example_external_task_marker_parent' retrieved from /home/airflow/.local/lib/python3.8/site-packages/airflow/example_dags/example_external_task_marker_dag.py
[2024-05-16T01:17:21.275+0000] {logging_mixin.py:188} INFO - [2024-05-16T01:17:21.275+0000] {dag.py:3047} INFO - Sync 2 DAGs
[2024-05-16T01:17:21.298+0000] {logging_mixin.py:188} INFO - [2024-05-16T01:17:21.297+0000] {dag.py:3834} INFO - Setting next_dagrun for example_external_task_marker_child to None, run_after=None
[2024-05-16T01:17:21.305+0000] {logging_mixin.py:188} INFO - [2024-05-16T01:17:21.304+0000] {dag.py:3834} INFO - Setting next_dagrun for example_external_task_marker_parent to None, run_after=None
[2024-05-16T01:17:21.337+0000] {processor.py:183} INFO - Processing /home/airflow/.local/lib/python3.8/site-packages/airflow/example_dags/example_external_task_marker_dag.py took 0.116 seconds
[2024-05-16T01:17:52.099+0000] {processor.py:161} INFO - Started process (PID=2354) to work on /home/airflow/.local/lib/python3.8/site-packages/airflow/example_dags/example_external_task_marker_dag.py
[2024-05-16T01:17:52.102+0000] {processor.py:830} INFO - Processing file /home/airflow/.local/lib/python3.8/site-packages/airflow/example_dags/example_external_task_marker_dag.py for tasks to queue
[2024-05-16T01:17:52.105+0000] {logging_mixin.py:188} INFO - [2024-05-16T01:17:52.105+0000] {dagbag.py:540} INFO - Filling up the DagBag from /home/airflow/.local/lib/python3.8/site-packages/airflow/example_dags/example_external_task_marker_dag.py
[2024-05-16T01:17:52.114+0000] {processor.py:840} INFO - DAG(s) 'example_external_task_marker_child', 'example_external_task_marker_parent' retrieved from /home/airflow/.local/lib/python3.8/site-packages/airflow/example_dags/example_external_task_marker_dag.py
[2024-05-16T01:17:52.155+0000] {logging_mixin.py:188} INFO - [2024-05-16T01:17:52.155+0000] {dag.py:3047} INFO - Sync 2 DAGs
[2024-05-16T01:17:52.175+0000] {logging_mixin.py:188} INFO - [2024-05-16T01:17:52.174+0000] {dag.py:3834} INFO - Setting next_dagrun for example_external_task_marker_child to None, run_after=None
[2024-05-16T01:17:52.181+0000] {logging_mixin.py:188} INFO - [2024-05-16T01:17:52.180+0000] {dag.py:3834} INFO - Setting next_dagrun for example_external_task_marker_parent to None, run_after=None
[2024-05-16T01:17:52.211+0000] {processor.py:183} INFO - Processing /home/airflow/.local/lib/python3.8/site-packages/airflow/example_dags/example_external_task_marker_dag.py took 0.115 seconds
[2024-05-16T01:18:22.716+0000] {processor.py:161} INFO - Started process (PID=2413) to work on /home/airflow/.local/lib/python3.8/site-packages/airflow/example_dags/example_external_task_marker_dag.py
[2024-05-16T01:18:22.722+0000] {processor.py:830} INFO - Processing file /home/airflow/.local/lib/python3.8/site-packages/airflow/example_dags/example_external_task_marker_dag.py for tasks to queue
[2024-05-16T01:18:22.726+0000] {logging_mixin.py:188} INFO - [2024-05-16T01:18:22.726+0000] {dagbag.py:540} INFO - Filling up the DagBag from /home/airflow/.local/lib/python3.8/site-packages/airflow/example_dags/example_external_task_marker_dag.py
[2024-05-16T01:18:22.738+0000] {processor.py:840} INFO - DAG(s) 'example_external_task_marker_child', 'example_external_task_marker_parent' retrieved from /home/airflow/.local/lib/python3.8/site-packages/airflow/example_dags/example_external_task_marker_dag.py
[2024-05-16T01:18:22.784+0000] {logging_mixin.py:188} INFO - [2024-05-16T01:18:22.783+0000] {dag.py:3047} INFO - Sync 2 DAGs
[2024-05-16T01:18:22.806+0000] {logging_mixin.py:188} INFO - [2024-05-16T01:18:22.806+0000] {dag.py:3834} INFO - Setting next_dagrun for example_external_task_marker_child to None, run_after=None
[2024-05-16T01:18:22.814+0000] {logging_mixin.py:188} INFO - [2024-05-16T01:18:22.813+0000] {dag.py:3834} INFO - Setting next_dagrun for example_external_task_marker_parent to None, run_after=None
[2024-05-16T01:18:22.865+0000] {processor.py:183} INFO - Processing /home/airflow/.local/lib/python3.8/site-packages/airflow/example_dags/example_external_task_marker_dag.py took 0.156 seconds
[2024-05-16T01:18:54.110+0000] {processor.py:161} INFO - Started process (PID=2472) to work on /home/airflow/.local/lib/python3.8/site-packages/airflow/example_dags/example_external_task_marker_dag.py
[2024-05-16T01:18:54.112+0000] {processor.py:830} INFO - Processing file /home/airflow/.local/lib/python3.8/site-packages/airflow/example_dags/example_external_task_marker_dag.py for tasks to queue
[2024-05-16T01:18:54.115+0000] {logging_mixin.py:188} INFO - [2024-05-16T01:18:54.115+0000] {dagbag.py:540} INFO - Filling up the DagBag from /home/airflow/.local/lib/python3.8/site-packages/airflow/example_dags/example_external_task_marker_dag.py
[2024-05-16T01:18:54.123+0000] {processor.py:840} INFO - DAG(s) 'example_external_task_marker_parent', 'example_external_task_marker_child' retrieved from /home/airflow/.local/lib/python3.8/site-packages/airflow/example_dags/example_external_task_marker_dag.py
[2024-05-16T01:18:54.156+0000] {logging_mixin.py:188} INFO - [2024-05-16T01:18:54.156+0000] {dag.py:3047} INFO - Sync 2 DAGs
[2024-05-16T01:18:54.171+0000] {logging_mixin.py:188} INFO - [2024-05-16T01:18:54.171+0000] {dag.py:3834} INFO - Setting next_dagrun for example_external_task_marker_child to None, run_after=None
[2024-05-16T01:18:54.176+0000] {logging_mixin.py:188} INFO - [2024-05-16T01:18:54.176+0000] {dag.py:3834} INFO - Setting next_dagrun for example_external_task_marker_parent to None, run_after=None
[2024-05-16T01:18:54.206+0000] {processor.py:183} INFO - Processing /home/airflow/.local/lib/python3.8/site-packages/airflow/example_dags/example_external_task_marker_dag.py took 0.099 seconds
[2024-05-16T01:19:24.901+0000] {processor.py:161} INFO - Started process (PID=2531) to work on /home/airflow/.local/lib/python3.8/site-packages/airflow/example_dags/example_external_task_marker_dag.py
[2024-05-16T01:19:24.903+0000] {processor.py:830} INFO - Processing file /home/airflow/.local/lib/python3.8/site-packages/airflow/example_dags/example_external_task_marker_dag.py for tasks to queue
[2024-05-16T01:19:24.906+0000] {logging_mixin.py:188} INFO - [2024-05-16T01:19:24.906+0000] {dagbag.py:540} INFO - Filling up the DagBag from /home/airflow/.local/lib/python3.8/site-packages/airflow/example_dags/example_external_task_marker_dag.py
[2024-05-16T01:19:24.914+0000] {processor.py:840} INFO - DAG(s) 'example_external_task_marker_child', 'example_external_task_marker_parent' retrieved from /home/airflow/.local/lib/python3.8/site-packages/airflow/example_dags/example_external_task_marker_dag.py
[2024-05-16T01:19:24.947+0000] {logging_mixin.py:188} INFO - [2024-05-16T01:19:24.946+0000] {dag.py:3047} INFO - Sync 2 DAGs
[2024-05-16T01:19:24.965+0000] {logging_mixin.py:188} INFO - [2024-05-16T01:19:24.964+0000] {dag.py:3834} INFO - Setting next_dagrun for example_external_task_marker_child to None, run_after=None
[2024-05-16T01:19:24.971+0000] {logging_mixin.py:188} INFO - [2024-05-16T01:19:24.970+0000] {dag.py:3834} INFO - Setting next_dagrun for example_external_task_marker_parent to None, run_after=None
[2024-05-16T01:19:25.002+0000] {processor.py:183} INFO - Processing /home/airflow/.local/lib/python3.8/site-packages/airflow/example_dags/example_external_task_marker_dag.py took 0.105 seconds
[2024-05-16T01:19:55.707+0000] {processor.py:161} INFO - Started process (PID=2590) to work on /home/airflow/.local/lib/python3.8/site-packages/airflow/example_dags/example_external_task_marker_dag.py
[2024-05-16T01:19:55.710+0000] {processor.py:830} INFO - Processing file /home/airflow/.local/lib/python3.8/site-packages/airflow/example_dags/example_external_task_marker_dag.py for tasks to queue
[2024-05-16T01:19:55.713+0000] {logging_mixin.py:188} INFO - [2024-05-16T01:19:55.713+0000] {dagbag.py:540} INFO - Filling up the DagBag from /home/airflow/.local/lib/python3.8/site-packages/airflow/example_dags/example_external_task_marker_dag.py
[2024-05-16T01:19:55.722+0000] {processor.py:840} INFO - DAG(s) 'example_external_task_marker_child', 'example_external_task_marker_parent' retrieved from /home/airflow/.local/lib/python3.8/site-packages/airflow/example_dags/example_external_task_marker_dag.py
[2024-05-16T01:19:55.758+0000] {logging_mixin.py:188} INFO - [2024-05-16T01:19:55.757+0000] {dag.py:3047} INFO - Sync 2 DAGs
[2024-05-16T01:19:55.773+0000] {logging_mixin.py:188} INFO - [2024-05-16T01:19:55.773+0000] {dag.py:3834} INFO - Setting next_dagrun for example_external_task_marker_child to None, run_after=None
[2024-05-16T01:19:55.778+0000] {logging_mixin.py:188} INFO - [2024-05-16T01:19:55.778+0000] {dag.py:3834} INFO - Setting next_dagrun for example_external_task_marker_parent to None, run_after=None
[2024-05-16T01:19:55.805+0000] {processor.py:183} INFO - Processing /home/airflow/.local/lib/python3.8/site-packages/airflow/example_dags/example_external_task_marker_dag.py took 0.103 seconds
[2024-05-16T01:20:26.394+0000] {processor.py:161} INFO - Started process (PID=2649) to work on /home/airflow/.local/lib/python3.8/site-packages/airflow/example_dags/example_external_task_marker_dag.py
[2024-05-16T01:20:26.397+0000] {processor.py:830} INFO - Processing file /home/airflow/.local/lib/python3.8/site-packages/airflow/example_dags/example_external_task_marker_dag.py for tasks to queue
[2024-05-16T01:20:26.401+0000] {logging_mixin.py:188} INFO - [2024-05-16T01:20:26.400+0000] {dagbag.py:540} INFO - Filling up the DagBag from /home/airflow/.local/lib/python3.8/site-packages/airflow/example_dags/example_external_task_marker_dag.py
[2024-05-16T01:20:26.409+0000] {processor.py:840} INFO - DAG(s) 'example_external_task_marker_parent', 'example_external_task_marker_child' retrieved from /home/airflow/.local/lib/python3.8/site-packages/airflow/example_dags/example_external_task_marker_dag.py
[2024-05-16T01:20:26.444+0000] {logging_mixin.py:188} INFO - [2024-05-16T01:20:26.443+0000] {dag.py:3047} INFO - Sync 2 DAGs
[2024-05-16T01:20:26.461+0000] {logging_mixin.py:188} INFO - [2024-05-16T01:20:26.460+0000] {dag.py:3834} INFO - Setting next_dagrun for example_external_task_marker_child to None, run_after=None
[2024-05-16T01:20:26.466+0000] {logging_mixin.py:188} INFO - [2024-05-16T01:20:26.466+0000] {dag.py:3834} INFO - Setting next_dagrun for example_external_task_marker_parent to None, run_after=None
[2024-05-16T01:20:26.493+0000] {processor.py:183} INFO - Processing /home/airflow/.local/lib/python3.8/site-packages/airflow/example_dags/example_external_task_marker_dag.py took 0.104 seconds
[2024-05-16T01:20:57.494+0000] {processor.py:161} INFO - Started process (PID=2708) to work on /home/airflow/.local/lib/python3.8/site-packages/airflow/example_dags/example_external_task_marker_dag.py
[2024-05-16T01:20:57.496+0000] {processor.py:830} INFO - Processing file /home/airflow/.local/lib/python3.8/site-packages/airflow/example_dags/example_external_task_marker_dag.py for tasks to queue
[2024-05-16T01:20:57.499+0000] {logging_mixin.py:188} INFO - [2024-05-16T01:20:57.499+0000] {dagbag.py:540} INFO - Filling up the DagBag from /home/airflow/.local/lib/python3.8/site-packages/airflow/example_dags/example_external_task_marker_dag.py
[2024-05-16T01:20:57.508+0000] {processor.py:840} INFO - DAG(s) 'example_external_task_marker_parent', 'example_external_task_marker_child' retrieved from /home/airflow/.local/lib/python3.8/site-packages/airflow/example_dags/example_external_task_marker_dag.py
[2024-05-16T01:20:57.545+0000] {logging_mixin.py:188} INFO - [2024-05-16T01:20:57.545+0000] {dag.py:3047} INFO - Sync 2 DAGs
[2024-05-16T01:20:57.561+0000] {logging_mixin.py:188} INFO - [2024-05-16T01:20:57.561+0000] {dag.py:3834} INFO - Setting next_dagrun for example_external_task_marker_child to None, run_after=None
[2024-05-16T01:20:57.566+0000] {logging_mixin.py:188} INFO - [2024-05-16T01:20:57.566+0000] {dag.py:3834} INFO - Setting next_dagrun for example_external_task_marker_parent to None, run_after=None
[2024-05-16T01:20:57.594+0000] {processor.py:183} INFO - Processing /home/airflow/.local/lib/python3.8/site-packages/airflow/example_dags/example_external_task_marker_dag.py took 0.104 seconds
[2024-05-16T01:21:28.018+0000] {processor.py:161} INFO - Started process (PID=2767) to work on /home/airflow/.local/lib/python3.8/site-packages/airflow/example_dags/example_external_task_marker_dag.py
[2024-05-16T01:21:28.020+0000] {processor.py:830} INFO - Processing file /home/airflow/.local/lib/python3.8/site-packages/airflow/example_dags/example_external_task_marker_dag.py for tasks to queue
[2024-05-16T01:21:28.025+0000] {logging_mixin.py:188} INFO - [2024-05-16T01:21:28.024+0000] {dagbag.py:540} INFO - Filling up the DagBag from /home/airflow/.local/lib/python3.8/site-packages/airflow/example_dags/example_external_task_marker_dag.py
[2024-05-16T01:21:28.037+0000] {processor.py:840} INFO - DAG(s) 'example_external_task_marker_parent', 'example_external_task_marker_child' retrieved from /home/airflow/.local/lib/python3.8/site-packages/airflow/example_dags/example_external_task_marker_dag.py
[2024-05-16T01:21:28.085+0000] {logging_mixin.py:188} INFO - [2024-05-16T01:21:28.085+0000] {dag.py:3047} INFO - Sync 2 DAGs
[2024-05-16T01:21:28.107+0000] {logging_mixin.py:188} INFO - [2024-05-16T01:21:28.106+0000] {dag.py:3834} INFO - Setting next_dagrun for example_external_task_marker_child to None, run_after=None
[2024-05-16T01:21:28.114+0000] {logging_mixin.py:188} INFO - [2024-05-16T01:21:28.114+0000] {dag.py:3834} INFO - Setting next_dagrun for example_external_task_marker_parent to None, run_after=None
[2024-05-16T01:21:28.148+0000] {processor.py:183} INFO - Processing /home/airflow/.local/lib/python3.8/site-packages/airflow/example_dags/example_external_task_marker_dag.py took 0.135 seconds
[2024-05-16T01:21:59.404+0000] {processor.py:161} INFO - Started process (PID=2826) to work on /home/airflow/.local/lib/python3.8/site-packages/airflow/example_dags/example_external_task_marker_dag.py
[2024-05-16T01:21:59.406+0000] {processor.py:830} INFO - Processing file /home/airflow/.local/lib/python3.8/site-packages/airflow/example_dags/example_external_task_marker_dag.py for tasks to queue
[2024-05-16T01:21:59.410+0000] {logging_mixin.py:188} INFO - [2024-05-16T01:21:59.409+0000] {dagbag.py:540} INFO - Filling up the DagBag from /home/airflow/.local/lib/python3.8/site-packages/airflow/example_dags/example_external_task_marker_dag.py
[2024-05-16T01:21:59.421+0000] {processor.py:840} INFO - DAG(s) 'example_external_task_marker_child', 'example_external_task_marker_parent' retrieved from /home/airflow/.local/lib/python3.8/site-packages/airflow/example_dags/example_external_task_marker_dag.py
[2024-05-16T01:21:59.464+0000] {logging_mixin.py:188} INFO - [2024-05-16T01:21:59.463+0000] {dag.py:3047} INFO - Sync 2 DAGs
[2024-05-16T01:21:59.487+0000] {logging_mixin.py:188} INFO - [2024-05-16T01:21:59.487+0000] {dag.py:3834} INFO - Setting next_dagrun for example_external_task_marker_child to None, run_after=None
[2024-05-16T01:21:59.497+0000] {logging_mixin.py:188} INFO - [2024-05-16T01:21:59.496+0000] {dag.py:3834} INFO - Setting next_dagrun for example_external_task_marker_parent to None, run_after=None
[2024-05-16T01:21:59.534+0000] {processor.py:183} INFO - Processing /home/airflow/.local/lib/python3.8/site-packages/airflow/example_dags/example_external_task_marker_dag.py took 0.135 seconds
[2024-05-16T01:22:30.225+0000] {processor.py:161} INFO - Started process (PID=2885) to work on /home/airflow/.local/lib/python3.8/site-packages/airflow/example_dags/example_external_task_marker_dag.py
[2024-05-16T01:22:30.228+0000] {processor.py:830} INFO - Processing file /home/airflow/.local/lib/python3.8/site-packages/airflow/example_dags/example_external_task_marker_dag.py for tasks to queue
[2024-05-16T01:22:30.233+0000] {logging_mixin.py:188} INFO - [2024-05-16T01:22:30.232+0000] {dagbag.py:540} INFO - Filling up the DagBag from /home/airflow/.local/lib/python3.8/site-packages/airflow/example_dags/example_external_task_marker_dag.py
[2024-05-16T01:22:30.245+0000] {processor.py:840} INFO - DAG(s) 'example_external_task_marker_child', 'example_external_task_marker_parent' retrieved from /home/airflow/.local/lib/python3.8/site-packages/airflow/example_dags/example_external_task_marker_dag.py
[2024-05-16T01:22:30.290+0000] {logging_mixin.py:188} INFO - [2024-05-16T01:22:30.290+0000] {dag.py:3047} INFO - Sync 2 DAGs
[2024-05-16T01:22:30.313+0000] {logging_mixin.py:188} INFO - [2024-05-16T01:22:30.313+0000] {dag.py:3834} INFO - Setting next_dagrun for example_external_task_marker_child to None, run_after=None
[2024-05-16T01:22:30.322+0000] {logging_mixin.py:188} INFO - [2024-05-16T01:22:30.321+0000] {dag.py:3834} INFO - Setting next_dagrun for example_external_task_marker_parent to None, run_after=None
[2024-05-16T01:22:30.358+0000] {processor.py:183} INFO - Processing /home/airflow/.local/lib/python3.8/site-packages/airflow/example_dags/example_external_task_marker_dag.py took 0.138 seconds
[2024-05-16T01:23:01.295+0000] {processor.py:161} INFO - Started process (PID=2944) to work on /home/airflow/.local/lib/python3.8/site-packages/airflow/example_dags/example_external_task_marker_dag.py
[2024-05-16T01:23:01.297+0000] {processor.py:830} INFO - Processing file /home/airflow/.local/lib/python3.8/site-packages/airflow/example_dags/example_external_task_marker_dag.py for tasks to queue
[2024-05-16T01:23:01.300+0000] {logging_mixin.py:188} INFO - [2024-05-16T01:23:01.299+0000] {dagbag.py:540} INFO - Filling up the DagBag from /home/airflow/.local/lib/python3.8/site-packages/airflow/example_dags/example_external_task_marker_dag.py
[2024-05-16T01:23:01.310+0000] {processor.py:840} INFO - DAG(s) 'example_external_task_marker_child', 'example_external_task_marker_parent' retrieved from /home/airflow/.local/lib/python3.8/site-packages/airflow/example_dags/example_external_task_marker_dag.py
[2024-05-16T01:23:01.356+0000] {logging_mixin.py:188} INFO - [2024-05-16T01:23:01.356+0000] {dag.py:3047} INFO - Sync 2 DAGs
[2024-05-16T01:23:01.377+0000] {logging_mixin.py:188} INFO - [2024-05-16T01:23:01.377+0000] {dag.py:3834} INFO - Setting next_dagrun for example_external_task_marker_child to None, run_after=None
[2024-05-16T01:23:01.383+0000] {logging_mixin.py:188} INFO - [2024-05-16T01:23:01.383+0000] {dag.py:3834} INFO - Setting next_dagrun for example_external_task_marker_parent to None, run_after=None
[2024-05-16T01:23:01.418+0000] {processor.py:183} INFO - Processing /home/airflow/.local/lib/python3.8/site-packages/airflow/example_dags/example_external_task_marker_dag.py took 0.127 seconds
