[2024-05-16T00:57:59.504+0000] {processor.py:161} INFO - Started process (PID=90) to work on /home/airflow/.local/lib/python3.8/site-packages/airflow/example_dags/example_latest_only.py
[2024-05-16T00:57:59.506+0000] {processor.py:830} INFO - Processing file /home/airflow/.local/lib/python3.8/site-packages/airflow/example_dags/example_latest_only.py for tasks to queue
[2024-05-16T00:57:59.508+0000] {logging_mixin.py:188} INFO - [2024-05-16T00:57:59.508+0000] {dagbag.py:540} INFO - Filling up the DagBag from /home/airflow/.local/lib/python3.8/site-packages/airflow/example_dags/example_latest_only.py
[2024-05-16T00:57:59.517+0000] {processor.py:840} INFO - DAG(s) 'latest_only' retrieved from /home/airflow/.local/lib/python3.8/site-packages/airflow/example_dags/example_latest_only.py
[2024-05-16T00:57:59.554+0000] {logging_mixin.py:188} INFO - [2024-05-16T00:57:59.553+0000] {dag.py:3047} INFO - Sync 1 DAGs
[2024-05-16T00:57:59.583+0000] {logging_mixin.py:188} INFO - [2024-05-16T00:57:59.583+0000] {dag.py:3834} INFO - Setting next_dagrun for latest_only to 2024-05-15 20:00:00+00:00, run_after=2024-05-16 00:00:00+00:00
[2024-05-16T00:57:59.610+0000] {processor.py:183} INFO - Processing /home/airflow/.local/lib/python3.8/site-packages/airflow/example_dags/example_latest_only.py took 0.110 seconds
[2024-05-16T00:58:31.449+0000] {processor.py:161} INFO - Started process (PID=149) to work on /home/airflow/.local/lib/python3.8/site-packages/airflow/example_dags/example_latest_only.py
[2024-05-16T00:58:31.452+0000] {processor.py:830} INFO - Processing file /home/airflow/.local/lib/python3.8/site-packages/airflow/example_dags/example_latest_only.py for tasks to queue
[2024-05-16T00:58:31.456+0000] {logging_mixin.py:188} INFO - [2024-05-16T00:58:31.455+0000] {dagbag.py:540} INFO - Filling up the DagBag from /home/airflow/.local/lib/python3.8/site-packages/airflow/example_dags/example_latest_only.py
[2024-05-16T00:58:31.464+0000] {processor.py:840} INFO - DAG(s) 'latest_only' retrieved from /home/airflow/.local/lib/python3.8/site-packages/airflow/example_dags/example_latest_only.py
[2024-05-16T00:58:31.495+0000] {logging_mixin.py:188} INFO - [2024-05-16T00:58:31.494+0000] {dag.py:3047} INFO - Sync 1 DAGs
[2024-05-16T00:58:31.527+0000] {logging_mixin.py:188} INFO - [2024-05-16T00:58:31.527+0000] {dag.py:3834} INFO - Setting next_dagrun for latest_only to 2024-05-15 20:00:00+00:00, run_after=2024-05-16 00:00:00+00:00
[2024-05-16T00:58:31.564+0000] {processor.py:183} INFO - Processing /home/airflow/.local/lib/python3.8/site-packages/airflow/example_dags/example_latest_only.py took 0.121 seconds
[2024-05-16T00:59:02.122+0000] {processor.py:161} INFO - Started process (PID=208) to work on /home/airflow/.local/lib/python3.8/site-packages/airflow/example_dags/example_latest_only.py
[2024-05-16T00:59:02.124+0000] {processor.py:830} INFO - Processing file /home/airflow/.local/lib/python3.8/site-packages/airflow/example_dags/example_latest_only.py for tasks to queue
[2024-05-16T00:59:02.128+0000] {logging_mixin.py:188} INFO - [2024-05-16T00:59:02.128+0000] {dagbag.py:540} INFO - Filling up the DagBag from /home/airflow/.local/lib/python3.8/site-packages/airflow/example_dags/example_latest_only.py
[2024-05-16T00:59:02.137+0000] {processor.py:840} INFO - DAG(s) 'latest_only' retrieved from /home/airflow/.local/lib/python3.8/site-packages/airflow/example_dags/example_latest_only.py
[2024-05-16T00:59:02.169+0000] {logging_mixin.py:188} INFO - [2024-05-16T00:59:02.169+0000] {dag.py:3047} INFO - Sync 1 DAGs
[2024-05-16T00:59:02.195+0000] {logging_mixin.py:188} INFO - [2024-05-16T00:59:02.195+0000] {dag.py:3834} INFO - Setting next_dagrun for latest_only to 2024-05-15 20:00:00+00:00, run_after=2024-05-16 00:00:00+00:00
[2024-05-16T00:59:02.223+0000] {processor.py:183} INFO - Processing /home/airflow/.local/lib/python3.8/site-packages/airflow/example_dags/example_latest_only.py took 0.107 seconds
[2024-05-16T00:59:32.501+0000] {processor.py:161} INFO - Started process (PID=267) to work on /home/airflow/.local/lib/python3.8/site-packages/airflow/example_dags/example_latest_only.py
[2024-05-16T00:59:32.503+0000] {processor.py:830} INFO - Processing file /home/airflow/.local/lib/python3.8/site-packages/airflow/example_dags/example_latest_only.py for tasks to queue
[2024-05-16T00:59:32.505+0000] {logging_mixin.py:188} INFO - [2024-05-16T00:59:32.505+0000] {dagbag.py:540} INFO - Filling up the DagBag from /home/airflow/.local/lib/python3.8/site-packages/airflow/example_dags/example_latest_only.py
[2024-05-16T00:59:32.510+0000] {processor.py:840} INFO - DAG(s) 'latest_only' retrieved from /home/airflow/.local/lib/python3.8/site-packages/airflow/example_dags/example_latest_only.py
[2024-05-16T00:59:32.529+0000] {logging_mixin.py:188} INFO - [2024-05-16T00:59:32.528+0000] {dag.py:3047} INFO - Sync 1 DAGs
[2024-05-16T00:59:32.546+0000] {logging_mixin.py:188} INFO - [2024-05-16T00:59:32.546+0000] {dag.py:3834} INFO - Setting next_dagrun for latest_only to 2024-05-15 20:00:00+00:00, run_after=2024-05-16 00:00:00+00:00
[2024-05-16T00:59:32.566+0000] {processor.py:183} INFO - Processing /home/airflow/.local/lib/python3.8/site-packages/airflow/example_dags/example_latest_only.py took 0.067 seconds
[2024-05-16T01:00:02.944+0000] {processor.py:161} INFO - Started process (PID=326) to work on /home/airflow/.local/lib/python3.8/site-packages/airflow/example_dags/example_latest_only.py
[2024-05-16T01:00:02.945+0000] {processor.py:830} INFO - Processing file /home/airflow/.local/lib/python3.8/site-packages/airflow/example_dags/example_latest_only.py for tasks to queue
[2024-05-16T01:00:02.948+0000] {logging_mixin.py:188} INFO - [2024-05-16T01:00:02.947+0000] {dagbag.py:540} INFO - Filling up the DagBag from /home/airflow/.local/lib/python3.8/site-packages/airflow/example_dags/example_latest_only.py
[2024-05-16T01:00:02.953+0000] {processor.py:840} INFO - DAG(s) 'latest_only' retrieved from /home/airflow/.local/lib/python3.8/site-packages/airflow/example_dags/example_latest_only.py
[2024-05-16T01:00:02.973+0000] {logging_mixin.py:188} INFO - [2024-05-16T01:00:02.972+0000] {dag.py:3047} INFO - Sync 1 DAGs
[2024-05-16T01:00:02.997+0000] {logging_mixin.py:188} INFO - [2024-05-16T01:00:02.996+0000] {dag.py:3834} INFO - Setting next_dagrun for latest_only to 2024-05-15 20:00:00+00:00, run_after=2024-05-16 00:00:00+00:00
[2024-05-16T01:00:03.023+0000] {processor.py:183} INFO - Processing /home/airflow/.local/lib/python3.8/site-packages/airflow/example_dags/example_latest_only.py took 0.082 seconds
[2024-05-16T01:00:33.632+0000] {processor.py:161} INFO - Started process (PID=385) to work on /home/airflow/.local/lib/python3.8/site-packages/airflow/example_dags/example_latest_only.py
[2024-05-16T01:00:33.633+0000] {processor.py:830} INFO - Processing file /home/airflow/.local/lib/python3.8/site-packages/airflow/example_dags/example_latest_only.py for tasks to queue
[2024-05-16T01:00:33.636+0000] {logging_mixin.py:188} INFO - [2024-05-16T01:00:33.635+0000] {dagbag.py:540} INFO - Filling up the DagBag from /home/airflow/.local/lib/python3.8/site-packages/airflow/example_dags/example_latest_only.py
[2024-05-16T01:00:33.641+0000] {processor.py:840} INFO - DAG(s) 'latest_only' retrieved from /home/airflow/.local/lib/python3.8/site-packages/airflow/example_dags/example_latest_only.py
[2024-05-16T01:00:33.663+0000] {logging_mixin.py:188} INFO - [2024-05-16T01:00:33.663+0000] {dag.py:3047} INFO - Sync 1 DAGs
[2024-05-16T01:00:33.682+0000] {logging_mixin.py:188} INFO - [2024-05-16T01:00:33.682+0000] {dag.py:3834} INFO - Setting next_dagrun for latest_only to 2024-05-15 20:00:00+00:00, run_after=2024-05-16 00:00:00+00:00
[2024-05-16T01:00:33.702+0000] {processor.py:183} INFO - Processing /home/airflow/.local/lib/python3.8/site-packages/airflow/example_dags/example_latest_only.py took 0.074 seconds
[2024-05-16T01:01:04.853+0000] {processor.py:161} INFO - Started process (PID=444) to work on /home/airflow/.local/lib/python3.8/site-packages/airflow/example_dags/example_latest_only.py
[2024-05-16T01:01:04.855+0000] {processor.py:830} INFO - Processing file /home/airflow/.local/lib/python3.8/site-packages/airflow/example_dags/example_latest_only.py for tasks to queue
[2024-05-16T01:01:04.858+0000] {logging_mixin.py:188} INFO - [2024-05-16T01:01:04.857+0000] {dagbag.py:540} INFO - Filling up the DagBag from /home/airflow/.local/lib/python3.8/site-packages/airflow/example_dags/example_latest_only.py
[2024-05-16T01:01:04.865+0000] {processor.py:840} INFO - DAG(s) 'latest_only' retrieved from /home/airflow/.local/lib/python3.8/site-packages/airflow/example_dags/example_latest_only.py
[2024-05-16T01:01:04.890+0000] {logging_mixin.py:188} INFO - [2024-05-16T01:01:04.890+0000] {dag.py:3047} INFO - Sync 1 DAGs
[2024-05-16T01:01:04.917+0000] {logging_mixin.py:188} INFO - [2024-05-16T01:01:04.917+0000] {dag.py:3834} INFO - Setting next_dagrun for latest_only to 2024-05-15 20:00:00+00:00, run_after=2024-05-16 00:00:00+00:00
[2024-05-16T01:01:04.943+0000] {processor.py:183} INFO - Processing /home/airflow/.local/lib/python3.8/site-packages/airflow/example_dags/example_latest_only.py took 0.094 seconds
[2024-05-16T01:01:35.657+0000] {processor.py:161} INFO - Started process (PID=503) to work on /home/airflow/.local/lib/python3.8/site-packages/airflow/example_dags/example_latest_only.py
[2024-05-16T01:01:35.659+0000] {processor.py:830} INFO - Processing file /home/airflow/.local/lib/python3.8/site-packages/airflow/example_dags/example_latest_only.py for tasks to queue
[2024-05-16T01:01:35.661+0000] {logging_mixin.py:188} INFO - [2024-05-16T01:01:35.661+0000] {dagbag.py:540} INFO - Filling up the DagBag from /home/airflow/.local/lib/python3.8/site-packages/airflow/example_dags/example_latest_only.py
[2024-05-16T01:01:35.666+0000] {processor.py:840} INFO - DAG(s) 'latest_only' retrieved from /home/airflow/.local/lib/python3.8/site-packages/airflow/example_dags/example_latest_only.py
[2024-05-16T01:01:35.683+0000] {logging_mixin.py:188} INFO - [2024-05-16T01:01:35.682+0000] {dag.py:3047} INFO - Sync 1 DAGs
[2024-05-16T01:01:35.705+0000] {logging_mixin.py:188} INFO - [2024-05-16T01:01:35.704+0000] {dag.py:3834} INFO - Setting next_dagrun for latest_only to 2024-05-15 20:00:00+00:00, run_after=2024-05-16 00:00:00+00:00
[2024-05-16T01:01:35.725+0000] {processor.py:183} INFO - Processing /home/airflow/.local/lib/python3.8/site-packages/airflow/example_dags/example_latest_only.py took 0.073 seconds
[2024-05-16T01:02:05.896+0000] {processor.py:161} INFO - Started process (PID=562) to work on /home/airflow/.local/lib/python3.8/site-packages/airflow/example_dags/example_latest_only.py
[2024-05-16T01:02:05.897+0000] {processor.py:830} INFO - Processing file /home/airflow/.local/lib/python3.8/site-packages/airflow/example_dags/example_latest_only.py for tasks to queue
[2024-05-16T01:02:05.899+0000] {logging_mixin.py:188} INFO - [2024-05-16T01:02:05.899+0000] {dagbag.py:540} INFO - Filling up the DagBag from /home/airflow/.local/lib/python3.8/site-packages/airflow/example_dags/example_latest_only.py
[2024-05-16T01:02:05.903+0000] {processor.py:840} INFO - DAG(s) 'latest_only' retrieved from /home/airflow/.local/lib/python3.8/site-packages/airflow/example_dags/example_latest_only.py
[2024-05-16T01:02:05.922+0000] {logging_mixin.py:188} INFO - [2024-05-16T01:02:05.922+0000] {dag.py:3047} INFO - Sync 1 DAGs
[2024-05-16T01:02:05.937+0000] {logging_mixin.py:188} INFO - [2024-05-16T01:02:05.937+0000] {dag.py:3834} INFO - Setting next_dagrun for latest_only to 2024-05-15 20:00:00+00:00, run_after=2024-05-16 00:00:00+00:00
[2024-05-16T01:02:05.958+0000] {processor.py:183} INFO - Processing /home/airflow/.local/lib/python3.8/site-packages/airflow/example_dags/example_latest_only.py took 0.066 seconds
[2024-05-16T01:02:36.652+0000] {processor.py:161} INFO - Started process (PID=620) to work on /home/airflow/.local/lib/python3.8/site-packages/airflow/example_dags/example_latest_only.py
[2024-05-16T01:02:36.654+0000] {processor.py:830} INFO - Processing file /home/airflow/.local/lib/python3.8/site-packages/airflow/example_dags/example_latest_only.py for tasks to queue
[2024-05-16T01:02:36.657+0000] {logging_mixin.py:188} INFO - [2024-05-16T01:02:36.656+0000] {dagbag.py:540} INFO - Filling up the DagBag from /home/airflow/.local/lib/python3.8/site-packages/airflow/example_dags/example_latest_only.py
[2024-05-16T01:02:36.662+0000] {processor.py:840} INFO - DAG(s) 'latest_only' retrieved from /home/airflow/.local/lib/python3.8/site-packages/airflow/example_dags/example_latest_only.py
[2024-05-16T01:02:36.683+0000] {logging_mixin.py:188} INFO - [2024-05-16T01:02:36.683+0000] {dag.py:3047} INFO - Sync 1 DAGs
[2024-05-16T01:02:36.701+0000] {logging_mixin.py:188} INFO - [2024-05-16T01:02:36.700+0000] {dag.py:3834} INFO - Setting next_dagrun for latest_only to 2024-05-15 20:00:00+00:00, run_after=2024-05-16 00:00:00+00:00
[2024-05-16T01:02:36.725+0000] {processor.py:183} INFO - Processing /home/airflow/.local/lib/python3.8/site-packages/airflow/example_dags/example_latest_only.py took 0.077 seconds
[2024-05-16T01:03:07.012+0000] {processor.py:161} INFO - Started process (PID=678) to work on /home/airflow/.local/lib/python3.8/site-packages/airflow/example_dags/example_latest_only.py
[2024-05-16T01:03:07.014+0000] {processor.py:830} INFO - Processing file /home/airflow/.local/lib/python3.8/site-packages/airflow/example_dags/example_latest_only.py for tasks to queue
[2024-05-16T01:03:07.016+0000] {logging_mixin.py:188} INFO - [2024-05-16T01:03:07.015+0000] {dagbag.py:540} INFO - Filling up the DagBag from /home/airflow/.local/lib/python3.8/site-packages/airflow/example_dags/example_latest_only.py
[2024-05-16T01:03:07.020+0000] {processor.py:840} INFO - DAG(s) 'latest_only' retrieved from /home/airflow/.local/lib/python3.8/site-packages/airflow/example_dags/example_latest_only.py
[2024-05-16T01:03:07.038+0000] {logging_mixin.py:188} INFO - [2024-05-16T01:03:07.038+0000] {dag.py:3047} INFO - Sync 1 DAGs
[2024-05-16T01:03:07.059+0000] {logging_mixin.py:188} INFO - [2024-05-16T01:03:07.059+0000] {dag.py:3834} INFO - Setting next_dagrun for latest_only to 2024-05-15 20:00:00+00:00, run_after=2024-05-16 00:00:00+00:00
[2024-05-16T01:03:07.086+0000] {processor.py:183} INFO - Processing /home/airflow/.local/lib/python3.8/site-packages/airflow/example_dags/example_latest_only.py took 0.076 seconds
[2024-05-16T01:03:37.861+0000] {processor.py:161} INFO - Started process (PID=737) to work on /home/airflow/.local/lib/python3.8/site-packages/airflow/example_dags/example_latest_only.py
[2024-05-16T01:03:37.862+0000] {processor.py:830} INFO - Processing file /home/airflow/.local/lib/python3.8/site-packages/airflow/example_dags/example_latest_only.py for tasks to queue
[2024-05-16T01:03:37.864+0000] {logging_mixin.py:188} INFO - [2024-05-16T01:03:37.864+0000] {dagbag.py:540} INFO - Filling up the DagBag from /home/airflow/.local/lib/python3.8/site-packages/airflow/example_dags/example_latest_only.py
[2024-05-16T01:03:37.868+0000] {processor.py:840} INFO - DAG(s) 'latest_only' retrieved from /home/airflow/.local/lib/python3.8/site-packages/airflow/example_dags/example_latest_only.py
[2024-05-16T01:03:37.887+0000] {logging_mixin.py:188} INFO - [2024-05-16T01:03:37.887+0000] {dag.py:3047} INFO - Sync 1 DAGs
[2024-05-16T01:03:37.908+0000] {logging_mixin.py:188} INFO - [2024-05-16T01:03:37.907+0000] {dag.py:3834} INFO - Setting next_dagrun for latest_only to 2024-05-15 20:00:00+00:00, run_after=2024-05-16 00:00:00+00:00
[2024-05-16T01:03:37.929+0000] {processor.py:183} INFO - Processing /home/airflow/.local/lib/python3.8/site-packages/airflow/example_dags/example_latest_only.py took 0.071 seconds
[2024-05-16T01:04:09.080+0000] {processor.py:161} INFO - Started process (PID=796) to work on /home/airflow/.local/lib/python3.8/site-packages/airflow/example_dags/example_latest_only.py
[2024-05-16T01:04:09.082+0000] {processor.py:830} INFO - Processing file /home/airflow/.local/lib/python3.8/site-packages/airflow/example_dags/example_latest_only.py for tasks to queue
[2024-05-16T01:04:09.084+0000] {logging_mixin.py:188} INFO - [2024-05-16T01:04:09.084+0000] {dagbag.py:540} INFO - Filling up the DagBag from /home/airflow/.local/lib/python3.8/site-packages/airflow/example_dags/example_latest_only.py
[2024-05-16T01:04:09.091+0000] {processor.py:840} INFO - DAG(s) 'latest_only' retrieved from /home/airflow/.local/lib/python3.8/site-packages/airflow/example_dags/example_latest_only.py
[2024-05-16T01:04:09.115+0000] {logging_mixin.py:188} INFO - [2024-05-16T01:04:09.114+0000] {dag.py:3047} INFO - Sync 1 DAGs
[2024-05-16T01:04:09.138+0000] {logging_mixin.py:188} INFO - [2024-05-16T01:04:09.138+0000] {dag.py:3834} INFO - Setting next_dagrun for latest_only to 2024-05-15 20:00:00+00:00, run_after=2024-05-16 00:00:00+00:00
[2024-05-16T01:04:09.188+0000] {processor.py:183} INFO - Processing /home/airflow/.local/lib/python3.8/site-packages/airflow/example_dags/example_latest_only.py took 0.111 seconds
[2024-05-16T01:04:40.575+0000] {processor.py:161} INFO - Started process (PID=862) to work on /home/airflow/.local/lib/python3.8/site-packages/airflow/example_dags/example_latest_only.py
[2024-05-16T01:04:40.577+0000] {processor.py:830} INFO - Processing file /home/airflow/.local/lib/python3.8/site-packages/airflow/example_dags/example_latest_only.py for tasks to queue
[2024-05-16T01:04:40.580+0000] {logging_mixin.py:188} INFO - [2024-05-16T01:04:40.579+0000] {dagbag.py:540} INFO - Filling up the DagBag from /home/airflow/.local/lib/python3.8/site-packages/airflow/example_dags/example_latest_only.py
[2024-05-16T01:04:40.585+0000] {processor.py:840} INFO - DAG(s) 'latest_only' retrieved from /home/airflow/.local/lib/python3.8/site-packages/airflow/example_dags/example_latest_only.py
[2024-05-16T01:04:40.613+0000] {logging_mixin.py:188} INFO - [2024-05-16T01:04:40.613+0000] {dag.py:3047} INFO - Sync 1 DAGs
[2024-05-16T01:04:40.639+0000] {logging_mixin.py:188} INFO - [2024-05-16T01:04:40.639+0000] {dag.py:3834} INFO - Setting next_dagrun for latest_only to 2024-05-15 20:00:00+00:00, run_after=2024-05-16 00:00:00+00:00
[2024-05-16T01:04:40.669+0000] {processor.py:183} INFO - Processing /home/airflow/.local/lib/python3.8/site-packages/airflow/example_dags/example_latest_only.py took 0.098 seconds
[2024-05-16T01:05:10.844+0000] {processor.py:161} INFO - Started process (PID=921) to work on /home/airflow/.local/lib/python3.8/site-packages/airflow/example_dags/example_latest_only.py
[2024-05-16T01:05:10.847+0000] {processor.py:830} INFO - Processing file /home/airflow/.local/lib/python3.8/site-packages/airflow/example_dags/example_latest_only.py for tasks to queue
[2024-05-16T01:05:10.850+0000] {logging_mixin.py:188} INFO - [2024-05-16T01:05:10.849+0000] {dagbag.py:540} INFO - Filling up the DagBag from /home/airflow/.local/lib/python3.8/site-packages/airflow/example_dags/example_latest_only.py
[2024-05-16T01:05:10.858+0000] {processor.py:840} INFO - DAG(s) 'latest_only' retrieved from /home/airflow/.local/lib/python3.8/site-packages/airflow/example_dags/example_latest_only.py
[2024-05-16T01:05:10.890+0000] {logging_mixin.py:188} INFO - [2024-05-16T01:05:10.890+0000] {dag.py:3047} INFO - Sync 1 DAGs
[2024-05-16T01:05:10.917+0000] {logging_mixin.py:188} INFO - [2024-05-16T01:05:10.917+0000] {dag.py:3834} INFO - Setting next_dagrun for latest_only to 2024-05-15 20:00:00+00:00, run_after=2024-05-16 00:00:00+00:00
[2024-05-16T01:05:10.947+0000] {processor.py:183} INFO - Processing /home/airflow/.local/lib/python3.8/site-packages/airflow/example_dags/example_latest_only.py took 0.107 seconds
[2024-05-16T01:05:41.227+0000] {processor.py:161} INFO - Started process (PID=980) to work on /home/airflow/.local/lib/python3.8/site-packages/airflow/example_dags/example_latest_only.py
[2024-05-16T01:05:41.228+0000] {processor.py:830} INFO - Processing file /home/airflow/.local/lib/python3.8/site-packages/airflow/example_dags/example_latest_only.py for tasks to queue
[2024-05-16T01:05:41.231+0000] {logging_mixin.py:188} INFO - [2024-05-16T01:05:41.231+0000] {dagbag.py:540} INFO - Filling up the DagBag from /home/airflow/.local/lib/python3.8/site-packages/airflow/example_dags/example_latest_only.py
[2024-05-16T01:05:41.239+0000] {processor.py:840} INFO - DAG(s) 'latest_only' retrieved from /home/airflow/.local/lib/python3.8/site-packages/airflow/example_dags/example_latest_only.py
[2024-05-16T01:05:41.267+0000] {logging_mixin.py:188} INFO - [2024-05-16T01:05:41.267+0000] {dag.py:3047} INFO - Sync 1 DAGs
[2024-05-16T01:05:41.291+0000] {logging_mixin.py:188} INFO - [2024-05-16T01:05:41.291+0000] {dag.py:3834} INFO - Setting next_dagrun for latest_only to 2024-05-15 20:00:00+00:00, run_after=2024-05-16 00:00:00+00:00
[2024-05-16T01:05:41.317+0000] {processor.py:183} INFO - Processing /home/airflow/.local/lib/python3.8/site-packages/airflow/example_dags/example_latest_only.py took 0.094 seconds
[2024-05-16T01:06:12.322+0000] {processor.py:161} INFO - Started process (PID=1039) to work on /home/airflow/.local/lib/python3.8/site-packages/airflow/example_dags/example_latest_only.py
[2024-05-16T01:06:12.324+0000] {processor.py:830} INFO - Processing file /home/airflow/.local/lib/python3.8/site-packages/airflow/example_dags/example_latest_only.py for tasks to queue
[2024-05-16T01:06:12.327+0000] {logging_mixin.py:188} INFO - [2024-05-16T01:06:12.327+0000] {dagbag.py:540} INFO - Filling up the DagBag from /home/airflow/.local/lib/python3.8/site-packages/airflow/example_dags/example_latest_only.py
[2024-05-16T01:06:12.336+0000] {processor.py:840} INFO - DAG(s) 'latest_only' retrieved from /home/airflow/.local/lib/python3.8/site-packages/airflow/example_dags/example_latest_only.py
[2024-05-16T01:06:12.375+0000] {logging_mixin.py:188} INFO - [2024-05-16T01:06:12.375+0000] {dag.py:3047} INFO - Sync 1 DAGs
[2024-05-16T01:06:12.416+0000] {logging_mixin.py:188} INFO - [2024-05-16T01:06:12.416+0000] {dag.py:3834} INFO - Setting next_dagrun for latest_only to 2024-05-15 20:00:00+00:00, run_after=2024-05-16 00:00:00+00:00
[2024-05-16T01:06:12.457+0000] {processor.py:183} INFO - Processing /home/airflow/.local/lib/python3.8/site-packages/airflow/example_dags/example_latest_only.py took 0.140 seconds
[2024-05-16T01:06:42.868+0000] {processor.py:161} INFO - Started process (PID=1098) to work on /home/airflow/.local/lib/python3.8/site-packages/airflow/example_dags/example_latest_only.py
[2024-05-16T01:06:42.869+0000] {processor.py:830} INFO - Processing file /home/airflow/.local/lib/python3.8/site-packages/airflow/example_dags/example_latest_only.py for tasks to queue
[2024-05-16T01:06:42.872+0000] {logging_mixin.py:188} INFO - [2024-05-16T01:06:42.871+0000] {dagbag.py:540} INFO - Filling up the DagBag from /home/airflow/.local/lib/python3.8/site-packages/airflow/example_dags/example_latest_only.py
[2024-05-16T01:06:42.877+0000] {processor.py:840} INFO - DAG(s) 'latest_only' retrieved from /home/airflow/.local/lib/python3.8/site-packages/airflow/example_dags/example_latest_only.py
[2024-05-16T01:06:42.900+0000] {logging_mixin.py:188} INFO - [2024-05-16T01:06:42.900+0000] {dag.py:3047} INFO - Sync 1 DAGs
[2024-05-16T01:06:42.922+0000] {logging_mixin.py:188} INFO - [2024-05-16T01:06:42.921+0000] {dag.py:3834} INFO - Setting next_dagrun for latest_only to 2024-05-15 20:00:00+00:00, run_after=2024-05-16 00:00:00+00:00
[2024-05-16T01:06:42.943+0000] {processor.py:183} INFO - Processing /home/airflow/.local/lib/python3.8/site-packages/airflow/example_dags/example_latest_only.py took 0.078 seconds
[2024-05-16T01:07:13.786+0000] {processor.py:161} INFO - Started process (PID=1157) to work on /home/airflow/.local/lib/python3.8/site-packages/airflow/example_dags/example_latest_only.py
[2024-05-16T01:07:13.788+0000] {processor.py:830} INFO - Processing file /home/airflow/.local/lib/python3.8/site-packages/airflow/example_dags/example_latest_only.py for tasks to queue
[2024-05-16T01:07:13.791+0000] {logging_mixin.py:188} INFO - [2024-05-16T01:07:13.790+0000] {dagbag.py:540} INFO - Filling up the DagBag from /home/airflow/.local/lib/python3.8/site-packages/airflow/example_dags/example_latest_only.py
[2024-05-16T01:07:13.799+0000] {processor.py:840} INFO - DAG(s) 'latest_only' retrieved from /home/airflow/.local/lib/python3.8/site-packages/airflow/example_dags/example_latest_only.py
[2024-05-16T01:07:13.828+0000] {logging_mixin.py:188} INFO - [2024-05-16T01:07:13.828+0000] {dag.py:3047} INFO - Sync 1 DAGs
[2024-05-16T01:07:13.866+0000] {logging_mixin.py:188} INFO - [2024-05-16T01:07:13.865+0000] {dag.py:3834} INFO - Setting next_dagrun for latest_only to 2024-05-15 20:00:00+00:00, run_after=2024-05-16 00:00:00+00:00
[2024-05-16T01:07:13.899+0000] {processor.py:183} INFO - Processing /home/airflow/.local/lib/python3.8/site-packages/airflow/example_dags/example_latest_only.py took 0.117 seconds
[2024-05-16T01:07:44.792+0000] {processor.py:161} INFO - Started process (PID=1215) to work on /home/airflow/.local/lib/python3.8/site-packages/airflow/example_dags/example_latest_only.py
[2024-05-16T01:07:44.794+0000] {processor.py:830} INFO - Processing file /home/airflow/.local/lib/python3.8/site-packages/airflow/example_dags/example_latest_only.py for tasks to queue
[2024-05-16T01:07:44.798+0000] {logging_mixin.py:188} INFO - [2024-05-16T01:07:44.798+0000] {dagbag.py:540} INFO - Filling up the DagBag from /home/airflow/.local/lib/python3.8/site-packages/airflow/example_dags/example_latest_only.py
[2024-05-16T01:07:44.806+0000] {processor.py:840} INFO - DAG(s) 'latest_only' retrieved from /home/airflow/.local/lib/python3.8/site-packages/airflow/example_dags/example_latest_only.py
[2024-05-16T01:07:44.836+0000] {logging_mixin.py:188} INFO - [2024-05-16T01:07:44.836+0000] {dag.py:3047} INFO - Sync 1 DAGs
[2024-05-16T01:07:44.871+0000] {logging_mixin.py:188} INFO - [2024-05-16T01:07:44.870+0000] {dag.py:3834} INFO - Setting next_dagrun for latest_only to 2024-05-15 20:00:00+00:00, run_after=2024-05-16 00:00:00+00:00
[2024-05-16T01:07:44.907+0000] {processor.py:183} INFO - Processing /home/airflow/.local/lib/python3.8/site-packages/airflow/example_dags/example_latest_only.py took 0.119 seconds
[2024-05-16T01:08:15.172+0000] {processor.py:161} INFO - Started process (PID=1274) to work on /home/airflow/.local/lib/python3.8/site-packages/airflow/example_dags/example_latest_only.py
[2024-05-16T01:08:15.173+0000] {processor.py:830} INFO - Processing file /home/airflow/.local/lib/python3.8/site-packages/airflow/example_dags/example_latest_only.py for tasks to queue
[2024-05-16T01:08:15.175+0000] {logging_mixin.py:188} INFO - [2024-05-16T01:08:15.175+0000] {dagbag.py:540} INFO - Filling up the DagBag from /home/airflow/.local/lib/python3.8/site-packages/airflow/example_dags/example_latest_only.py
[2024-05-16T01:08:15.180+0000] {processor.py:840} INFO - DAG(s) 'latest_only' retrieved from /home/airflow/.local/lib/python3.8/site-packages/airflow/example_dags/example_latest_only.py
[2024-05-16T01:08:15.198+0000] {logging_mixin.py:188} INFO - [2024-05-16T01:08:15.198+0000] {dag.py:3047} INFO - Sync 1 DAGs
[2024-05-16T01:08:15.217+0000] {logging_mixin.py:188} INFO - [2024-05-16T01:08:15.217+0000] {dag.py:3834} INFO - Setting next_dagrun for latest_only to 2024-05-15 20:00:00+00:00, run_after=2024-05-16 00:00:00+00:00
[2024-05-16T01:08:15.238+0000] {processor.py:183} INFO - Processing /home/airflow/.local/lib/python3.8/site-packages/airflow/example_dags/example_latest_only.py took 0.070 seconds
[2024-05-16T01:08:46.874+0000] {processor.py:161} INFO - Started process (PID=1333) to work on /home/airflow/.local/lib/python3.8/site-packages/airflow/example_dags/example_latest_only.py
[2024-05-16T01:08:46.876+0000] {processor.py:830} INFO - Processing file /home/airflow/.local/lib/python3.8/site-packages/airflow/example_dags/example_latest_only.py for tasks to queue
[2024-05-16T01:08:46.879+0000] {logging_mixin.py:188} INFO - [2024-05-16T01:08:46.878+0000] {dagbag.py:540} INFO - Filling up the DagBag from /home/airflow/.local/lib/python3.8/site-packages/airflow/example_dags/example_latest_only.py
[2024-05-16T01:08:46.886+0000] {processor.py:840} INFO - DAG(s) 'latest_only' retrieved from /home/airflow/.local/lib/python3.8/site-packages/airflow/example_dags/example_latest_only.py
[2024-05-16T01:08:46.915+0000] {logging_mixin.py:188} INFO - [2024-05-16T01:08:46.914+0000] {dag.py:3047} INFO - Sync 1 DAGs
[2024-05-16T01:08:46.949+0000] {logging_mixin.py:188} INFO - [2024-05-16T01:08:46.949+0000] {dag.py:3834} INFO - Setting next_dagrun for latest_only to 2024-05-15 20:00:00+00:00, run_after=2024-05-16 00:00:00+00:00
[2024-05-16T01:08:46.988+0000] {processor.py:183} INFO - Processing /home/airflow/.local/lib/python3.8/site-packages/airflow/example_dags/example_latest_only.py took 0.119 seconds
[2024-05-16T01:09:17.336+0000] {processor.py:161} INFO - Started process (PID=1392) to work on /home/airflow/.local/lib/python3.8/site-packages/airflow/example_dags/example_latest_only.py
[2024-05-16T01:09:17.338+0000] {processor.py:830} INFO - Processing file /home/airflow/.local/lib/python3.8/site-packages/airflow/example_dags/example_latest_only.py for tasks to queue
[2024-05-16T01:09:17.342+0000] {logging_mixin.py:188} INFO - [2024-05-16T01:09:17.341+0000] {dagbag.py:540} INFO - Filling up the DagBag from /home/airflow/.local/lib/python3.8/site-packages/airflow/example_dags/example_latest_only.py
[2024-05-16T01:09:17.350+0000] {processor.py:840} INFO - DAG(s) 'latest_only' retrieved from /home/airflow/.local/lib/python3.8/site-packages/airflow/example_dags/example_latest_only.py
[2024-05-16T01:09:17.379+0000] {logging_mixin.py:188} INFO - [2024-05-16T01:09:17.378+0000] {dag.py:3047} INFO - Sync 1 DAGs
[2024-05-16T01:09:17.408+0000] {logging_mixin.py:188} INFO - [2024-05-16T01:09:17.408+0000] {dag.py:3834} INFO - Setting next_dagrun for latest_only to 2024-05-15 20:00:00+00:00, run_after=2024-05-16 00:00:00+00:00
[2024-05-16T01:09:17.443+0000] {processor.py:183} INFO - Processing /home/airflow/.local/lib/python3.8/site-packages/airflow/example_dags/example_latest_only.py took 0.111 seconds
[2024-05-16T01:09:47.877+0000] {processor.py:161} INFO - Started process (PID=1451) to work on /home/airflow/.local/lib/python3.8/site-packages/airflow/example_dags/example_latest_only.py
[2024-05-16T01:09:47.878+0000] {processor.py:830} INFO - Processing file /home/airflow/.local/lib/python3.8/site-packages/airflow/example_dags/example_latest_only.py for tasks to queue
[2024-05-16T01:09:47.880+0000] {logging_mixin.py:188} INFO - [2024-05-16T01:09:47.880+0000] {dagbag.py:540} INFO - Filling up the DagBag from /home/airflow/.local/lib/python3.8/site-packages/airflow/example_dags/example_latest_only.py
[2024-05-16T01:09:47.885+0000] {processor.py:840} INFO - DAG(s) 'latest_only' retrieved from /home/airflow/.local/lib/python3.8/site-packages/airflow/example_dags/example_latest_only.py
[2024-05-16T01:09:47.904+0000] {logging_mixin.py:188} INFO - [2024-05-16T01:09:47.904+0000] {dag.py:3047} INFO - Sync 1 DAGs
[2024-05-16T01:09:47.923+0000] {logging_mixin.py:188} INFO - [2024-05-16T01:09:47.923+0000] {dag.py:3834} INFO - Setting next_dagrun for latest_only to 2024-05-15 20:00:00+00:00, run_after=2024-05-16 00:00:00+00:00
[2024-05-16T01:09:47.945+0000] {processor.py:183} INFO - Processing /home/airflow/.local/lib/python3.8/site-packages/airflow/example_dags/example_latest_only.py took 0.071 seconds
[2024-05-16T01:10:18.439+0000] {processor.py:161} INFO - Started process (PID=1510) to work on /home/airflow/.local/lib/python3.8/site-packages/airflow/example_dags/example_latest_only.py
[2024-05-16T01:10:18.441+0000] {processor.py:830} INFO - Processing file /home/airflow/.local/lib/python3.8/site-packages/airflow/example_dags/example_latest_only.py for tasks to queue
[2024-05-16T01:10:18.443+0000] {logging_mixin.py:188} INFO - [2024-05-16T01:10:18.442+0000] {dagbag.py:540} INFO - Filling up the DagBag from /home/airflow/.local/lib/python3.8/site-packages/airflow/example_dags/example_latest_only.py
[2024-05-16T01:10:18.449+0000] {processor.py:840} INFO - DAG(s) 'latest_only' retrieved from /home/airflow/.local/lib/python3.8/site-packages/airflow/example_dags/example_latest_only.py
[2024-05-16T01:10:18.473+0000] {logging_mixin.py:188} INFO - [2024-05-16T01:10:18.473+0000] {dag.py:3047} INFO - Sync 1 DAGs
[2024-05-16T01:10:18.500+0000] {logging_mixin.py:188} INFO - [2024-05-16T01:10:18.499+0000] {dag.py:3834} INFO - Setting next_dagrun for latest_only to 2024-05-15 20:00:00+00:00, run_after=2024-05-16 00:00:00+00:00
[2024-05-16T01:10:18.532+0000] {processor.py:183} INFO - Processing /home/airflow/.local/lib/python3.8/site-packages/airflow/example_dags/example_latest_only.py took 0.097 seconds
[2024-05-16T01:10:49.193+0000] {processor.py:161} INFO - Started process (PID=1569) to work on /home/airflow/.local/lib/python3.8/site-packages/airflow/example_dags/example_latest_only.py
[2024-05-16T01:10:49.194+0000] {processor.py:830} INFO - Processing file /home/airflow/.local/lib/python3.8/site-packages/airflow/example_dags/example_latest_only.py for tasks to queue
[2024-05-16T01:10:49.197+0000] {logging_mixin.py:188} INFO - [2024-05-16T01:10:49.196+0000] {dagbag.py:540} INFO - Filling up the DagBag from /home/airflow/.local/lib/python3.8/site-packages/airflow/example_dags/example_latest_only.py
[2024-05-16T01:10:49.203+0000] {processor.py:840} INFO - DAG(s) 'latest_only' retrieved from /home/airflow/.local/lib/python3.8/site-packages/airflow/example_dags/example_latest_only.py
[2024-05-16T01:10:49.229+0000] {logging_mixin.py:188} INFO - [2024-05-16T01:10:49.228+0000] {dag.py:3047} INFO - Sync 1 DAGs
[2024-05-16T01:10:49.252+0000] {logging_mixin.py:188} INFO - [2024-05-16T01:10:49.252+0000] {dag.py:3834} INFO - Setting next_dagrun for latest_only to 2024-05-15 20:00:00+00:00, run_after=2024-05-16 00:00:00+00:00
[2024-05-16T01:10:49.276+0000] {processor.py:183} INFO - Processing /home/airflow/.local/lib/python3.8/site-packages/airflow/example_dags/example_latest_only.py took 0.088 seconds
[2024-05-16T01:11:19.607+0000] {processor.py:161} INFO - Started process (PID=1628) to work on /home/airflow/.local/lib/python3.8/site-packages/airflow/example_dags/example_latest_only.py
[2024-05-16T01:11:19.608+0000] {processor.py:830} INFO - Processing file /home/airflow/.local/lib/python3.8/site-packages/airflow/example_dags/example_latest_only.py for tasks to queue
[2024-05-16T01:11:19.610+0000] {logging_mixin.py:188} INFO - [2024-05-16T01:11:19.610+0000] {dagbag.py:540} INFO - Filling up the DagBag from /home/airflow/.local/lib/python3.8/site-packages/airflow/example_dags/example_latest_only.py
[2024-05-16T01:11:19.615+0000] {processor.py:840} INFO - DAG(s) 'latest_only' retrieved from /home/airflow/.local/lib/python3.8/site-packages/airflow/example_dags/example_latest_only.py
[2024-05-16T01:11:19.633+0000] {logging_mixin.py:188} INFO - [2024-05-16T01:11:19.633+0000] {dag.py:3047} INFO - Sync 1 DAGs
[2024-05-16T01:11:19.651+0000] {logging_mixin.py:188} INFO - [2024-05-16T01:11:19.651+0000] {dag.py:3834} INFO - Setting next_dagrun for latest_only to 2024-05-15 20:00:00+00:00, run_after=2024-05-16 00:00:00+00:00
[2024-05-16T01:11:19.672+0000] {processor.py:183} INFO - Processing /home/airflow/.local/lib/python3.8/site-packages/airflow/example_dags/example_latest_only.py took 0.068 seconds
[2024-05-16T01:11:50.338+0000] {processor.py:161} INFO - Started process (PID=1687) to work on /home/airflow/.local/lib/python3.8/site-packages/airflow/example_dags/example_latest_only.py
[2024-05-16T01:11:50.339+0000] {processor.py:830} INFO - Processing file /home/airflow/.local/lib/python3.8/site-packages/airflow/example_dags/example_latest_only.py for tasks to queue
[2024-05-16T01:11:50.341+0000] {logging_mixin.py:188} INFO - [2024-05-16T01:11:50.341+0000] {dagbag.py:540} INFO - Filling up the DagBag from /home/airflow/.local/lib/python3.8/site-packages/airflow/example_dags/example_latest_only.py
[2024-05-16T01:11:50.345+0000] {processor.py:840} INFO - DAG(s) 'latest_only' retrieved from /home/airflow/.local/lib/python3.8/site-packages/airflow/example_dags/example_latest_only.py
[2024-05-16T01:11:50.361+0000] {logging_mixin.py:188} INFO - [2024-05-16T01:11:50.361+0000] {dag.py:3047} INFO - Sync 1 DAGs
[2024-05-16T01:11:50.378+0000] {logging_mixin.py:188} INFO - [2024-05-16T01:11:50.377+0000] {dag.py:3834} INFO - Setting next_dagrun for latest_only to 2024-05-15 20:00:00+00:00, run_after=2024-05-16 00:00:00+00:00
[2024-05-16T01:11:50.399+0000] {processor.py:183} INFO - Processing /home/airflow/.local/lib/python3.8/site-packages/airflow/example_dags/example_latest_only.py took 0.063 seconds
[2024-05-16T01:12:20.780+0000] {processor.py:161} INFO - Started process (PID=1746) to work on /home/airflow/.local/lib/python3.8/site-packages/airflow/example_dags/example_latest_only.py
[2024-05-16T01:12:20.803+0000] {processor.py:830} INFO - Processing file /home/airflow/.local/lib/python3.8/site-packages/airflow/example_dags/example_latest_only.py for tasks to queue
[2024-05-16T01:12:20.806+0000] {logging_mixin.py:188} INFO - [2024-05-16T01:12:20.806+0000] {dagbag.py:540} INFO - Filling up the DagBag from /home/airflow/.local/lib/python3.8/site-packages/airflow/example_dags/example_latest_only.py
[2024-05-16T01:12:20.816+0000] {processor.py:840} INFO - DAG(s) 'latest_only' retrieved from /home/airflow/.local/lib/python3.8/site-packages/airflow/example_dags/example_latest_only.py
[2024-05-16T01:12:20.836+0000] {logging_mixin.py:188} INFO - [2024-05-16T01:12:20.836+0000] {dag.py:3047} INFO - Sync 1 DAGs
[2024-05-16T01:12:20.856+0000] {logging_mixin.py:188} INFO - [2024-05-16T01:12:20.856+0000] {dag.py:3834} INFO - Setting next_dagrun for latest_only to 2024-05-15 20:00:00+00:00, run_after=2024-05-16 00:00:00+00:00
[2024-05-16T01:12:20.878+0000] {processor.py:183} INFO - Processing /home/airflow/.local/lib/python3.8/site-packages/airflow/example_dags/example_latest_only.py took 0.102 seconds
[2024-05-16T01:12:51.576+0000] {processor.py:161} INFO - Started process (PID=1805) to work on /home/airflow/.local/lib/python3.8/site-packages/airflow/example_dags/example_latest_only.py
[2024-05-16T01:12:51.577+0000] {processor.py:830} INFO - Processing file /home/airflow/.local/lib/python3.8/site-packages/airflow/example_dags/example_latest_only.py for tasks to queue
[2024-05-16T01:12:51.580+0000] {logging_mixin.py:188} INFO - [2024-05-16T01:12:51.579+0000] {dagbag.py:540} INFO - Filling up the DagBag from /home/airflow/.local/lib/python3.8/site-packages/airflow/example_dags/example_latest_only.py
[2024-05-16T01:12:51.585+0000] {processor.py:840} INFO - DAG(s) 'latest_only' retrieved from /home/airflow/.local/lib/python3.8/site-packages/airflow/example_dags/example_latest_only.py
[2024-05-16T01:12:51.604+0000] {logging_mixin.py:188} INFO - [2024-05-16T01:12:51.604+0000] {dag.py:3047} INFO - Sync 1 DAGs
[2024-05-16T01:12:51.624+0000] {logging_mixin.py:188} INFO - [2024-05-16T01:12:51.624+0000] {dag.py:3834} INFO - Setting next_dagrun for latest_only to 2024-05-15 20:00:00+00:00, run_after=2024-05-16 00:00:00+00:00
[2024-05-16T01:12:51.645+0000] {processor.py:183} INFO - Processing /home/airflow/.local/lib/python3.8/site-packages/airflow/example_dags/example_latest_only.py took 0.072 seconds
[2024-05-16T01:13:22.698+0000] {processor.py:161} INFO - Started process (PID=1864) to work on /home/airflow/.local/lib/python3.8/site-packages/airflow/example_dags/example_latest_only.py
[2024-05-16T01:13:22.700+0000] {processor.py:830} INFO - Processing file /home/airflow/.local/lib/python3.8/site-packages/airflow/example_dags/example_latest_only.py for tasks to queue
[2024-05-16T01:13:22.703+0000] {logging_mixin.py:188} INFO - [2024-05-16T01:13:22.702+0000] {dagbag.py:540} INFO - Filling up the DagBag from /home/airflow/.local/lib/python3.8/site-packages/airflow/example_dags/example_latest_only.py
[2024-05-16T01:13:22.709+0000] {processor.py:840} INFO - DAG(s) 'latest_only' retrieved from /home/airflow/.local/lib/python3.8/site-packages/airflow/example_dags/example_latest_only.py
[2024-05-16T01:13:22.734+0000] {logging_mixin.py:188} INFO - [2024-05-16T01:13:22.734+0000] {dag.py:3047} INFO - Sync 1 DAGs
[2024-05-16T01:13:22.761+0000] {logging_mixin.py:188} INFO - [2024-05-16T01:13:22.761+0000] {dag.py:3834} INFO - Setting next_dagrun for latest_only to 2024-05-15 20:00:00+00:00, run_after=2024-05-16 00:00:00+00:00
[2024-05-16T01:13:22.786+0000] {processor.py:183} INFO - Processing /home/airflow/.local/lib/python3.8/site-packages/airflow/example_dags/example_latest_only.py took 0.092 seconds
[2024-05-16T01:13:53.873+0000] {processor.py:161} INFO - Started process (PID=1923) to work on /home/airflow/.local/lib/python3.8/site-packages/airflow/example_dags/example_latest_only.py
[2024-05-16T01:13:53.888+0000] {processor.py:830} INFO - Processing file /home/airflow/.local/lib/python3.8/site-packages/airflow/example_dags/example_latest_only.py for tasks to queue
[2024-05-16T01:13:53.891+0000] {logging_mixin.py:188} INFO - [2024-05-16T01:13:53.891+0000] {dagbag.py:540} INFO - Filling up the DagBag from /home/airflow/.local/lib/python3.8/site-packages/airflow/example_dags/example_latest_only.py
[2024-05-16T01:13:53.896+0000] {processor.py:840} INFO - DAG(s) 'latest_only' retrieved from /home/airflow/.local/lib/python3.8/site-packages/airflow/example_dags/example_latest_only.py
[2024-05-16T01:13:53.918+0000] {logging_mixin.py:188} INFO - [2024-05-16T01:13:53.918+0000] {dag.py:3047} INFO - Sync 1 DAGs
[2024-05-16T01:13:53.943+0000] {logging_mixin.py:188} INFO - [2024-05-16T01:13:53.943+0000] {dag.py:3834} INFO - Setting next_dagrun for latest_only to 2024-05-15 20:00:00+00:00, run_after=2024-05-16 00:00:00+00:00
[2024-05-16T01:13:53.968+0000] {processor.py:183} INFO - Processing /home/airflow/.local/lib/python3.8/site-packages/airflow/example_dags/example_latest_only.py took 0.098 seconds
[2024-05-16T01:14:24.596+0000] {processor.py:161} INFO - Started process (PID=1982) to work on /home/airflow/.local/lib/python3.8/site-packages/airflow/example_dags/example_latest_only.py
[2024-05-16T01:14:24.598+0000] {processor.py:830} INFO - Processing file /home/airflow/.local/lib/python3.8/site-packages/airflow/example_dags/example_latest_only.py for tasks to queue
[2024-05-16T01:14:24.600+0000] {logging_mixin.py:188} INFO - [2024-05-16T01:14:24.600+0000] {dagbag.py:540} INFO - Filling up the DagBag from /home/airflow/.local/lib/python3.8/site-packages/airflow/example_dags/example_latest_only.py
[2024-05-16T01:14:24.606+0000] {processor.py:840} INFO - DAG(s) 'latest_only' retrieved from /home/airflow/.local/lib/python3.8/site-packages/airflow/example_dags/example_latest_only.py
[2024-05-16T01:14:24.629+0000] {logging_mixin.py:188} INFO - [2024-05-16T01:14:24.629+0000] {dag.py:3047} INFO - Sync 1 DAGs
[2024-05-16T01:14:24.654+0000] {logging_mixin.py:188} INFO - [2024-05-16T01:14:24.653+0000] {dag.py:3834} INFO - Setting next_dagrun for latest_only to 2024-05-15 20:00:00+00:00, run_after=2024-05-16 00:00:00+00:00
[2024-05-16T01:14:24.679+0000] {processor.py:183} INFO - Processing /home/airflow/.local/lib/python3.8/site-packages/airflow/example_dags/example_latest_only.py took 0.087 seconds
[2024-05-16T01:14:55.395+0000] {processor.py:161} INFO - Started process (PID=2041) to work on /home/airflow/.local/lib/python3.8/site-packages/airflow/example_dags/example_latest_only.py
[2024-05-16T01:14:55.397+0000] {processor.py:830} INFO - Processing file /home/airflow/.local/lib/python3.8/site-packages/airflow/example_dags/example_latest_only.py for tasks to queue
[2024-05-16T01:14:55.399+0000] {logging_mixin.py:188} INFO - [2024-05-16T01:14:55.399+0000] {dagbag.py:540} INFO - Filling up the DagBag from /home/airflow/.local/lib/python3.8/site-packages/airflow/example_dags/example_latest_only.py
[2024-05-16T01:14:55.405+0000] {processor.py:840} INFO - DAG(s) 'latest_only' retrieved from /home/airflow/.local/lib/python3.8/site-packages/airflow/example_dags/example_latest_only.py
[2024-05-16T01:14:55.429+0000] {logging_mixin.py:188} INFO - [2024-05-16T01:14:55.428+0000] {dag.py:3047} INFO - Sync 1 DAGs
[2024-05-16T01:14:55.456+0000] {logging_mixin.py:188} INFO - [2024-05-16T01:14:55.456+0000] {dag.py:3834} INFO - Setting next_dagrun for latest_only to 2024-05-15 20:00:00+00:00, run_after=2024-05-16 00:00:00+00:00
[2024-05-16T01:14:55.499+0000] {processor.py:183} INFO - Processing /home/airflow/.local/lib/python3.8/site-packages/airflow/example_dags/example_latest_only.py took 0.107 seconds
[2024-05-16T01:15:26.196+0000] {processor.py:161} INFO - Started process (PID=2100) to work on /home/airflow/.local/lib/python3.8/site-packages/airflow/example_dags/example_latest_only.py
[2024-05-16T01:15:26.198+0000] {processor.py:830} INFO - Processing file /home/airflow/.local/lib/python3.8/site-packages/airflow/example_dags/example_latest_only.py for tasks to queue
[2024-05-16T01:15:26.201+0000] {logging_mixin.py:188} INFO - [2024-05-16T01:15:26.200+0000] {dagbag.py:540} INFO - Filling up the DagBag from /home/airflow/.local/lib/python3.8/site-packages/airflow/example_dags/example_latest_only.py
[2024-05-16T01:15:26.207+0000] {processor.py:840} INFO - DAG(s) 'latest_only' retrieved from /home/airflow/.local/lib/python3.8/site-packages/airflow/example_dags/example_latest_only.py
[2024-05-16T01:15:26.236+0000] {logging_mixin.py:188} INFO - [2024-05-16T01:15:26.236+0000] {dag.py:3047} INFO - Sync 1 DAGs
[2024-05-16T01:15:26.263+0000] {logging_mixin.py:188} INFO - [2024-05-16T01:15:26.263+0000] {dag.py:3834} INFO - Setting next_dagrun for latest_only to 2024-05-15 20:00:00+00:00, run_after=2024-05-16 00:00:00+00:00
[2024-05-16T01:15:26.294+0000] {processor.py:183} INFO - Processing /home/airflow/.local/lib/python3.8/site-packages/airflow/example_dags/example_latest_only.py took 0.102 seconds
[2024-05-16T01:15:57.557+0000] {processor.py:161} INFO - Started process (PID=2159) to work on /home/airflow/.local/lib/python3.8/site-packages/airflow/example_dags/example_latest_only.py
[2024-05-16T01:15:57.559+0000] {processor.py:830} INFO - Processing file /home/airflow/.local/lib/python3.8/site-packages/airflow/example_dags/example_latest_only.py for tasks to queue
[2024-05-16T01:15:57.562+0000] {logging_mixin.py:188} INFO - [2024-05-16T01:15:57.562+0000] {dagbag.py:540} INFO - Filling up the DagBag from /home/airflow/.local/lib/python3.8/site-packages/airflow/example_dags/example_latest_only.py
[2024-05-16T01:15:57.569+0000] {processor.py:840} INFO - DAG(s) 'latest_only' retrieved from /home/airflow/.local/lib/python3.8/site-packages/airflow/example_dags/example_latest_only.py
[2024-05-16T01:15:57.598+0000] {logging_mixin.py:188} INFO - [2024-05-16T01:15:57.597+0000] {dag.py:3047} INFO - Sync 1 DAGs
[2024-05-16T01:15:57.633+0000] {logging_mixin.py:188} INFO - [2024-05-16T01:15:57.632+0000] {dag.py:3834} INFO - Setting next_dagrun for latest_only to 2024-05-15 20:00:00+00:00, run_after=2024-05-16 00:00:00+00:00
[2024-05-16T01:15:57.668+0000] {processor.py:183} INFO - Processing /home/airflow/.local/lib/python3.8/site-packages/airflow/example_dags/example_latest_only.py took 0.116 seconds
[2024-05-16T01:16:27.967+0000] {processor.py:161} INFO - Started process (PID=2218) to work on /home/airflow/.local/lib/python3.8/site-packages/airflow/example_dags/example_latest_only.py
[2024-05-16T01:16:27.970+0000] {processor.py:830} INFO - Processing file /home/airflow/.local/lib/python3.8/site-packages/airflow/example_dags/example_latest_only.py for tasks to queue
[2024-05-16T01:16:27.974+0000] {logging_mixin.py:188} INFO - [2024-05-16T01:16:27.973+0000] {dagbag.py:540} INFO - Filling up the DagBag from /home/airflow/.local/lib/python3.8/site-packages/airflow/example_dags/example_latest_only.py
[2024-05-16T01:16:27.983+0000] {processor.py:840} INFO - DAG(s) 'latest_only' retrieved from /home/airflow/.local/lib/python3.8/site-packages/airflow/example_dags/example_latest_only.py
[2024-05-16T01:16:28.019+0000] {logging_mixin.py:188} INFO - [2024-05-16T01:16:28.019+0000] {dag.py:3047} INFO - Sync 1 DAGs
[2024-05-16T01:16:28.052+0000] {logging_mixin.py:188} INFO - [2024-05-16T01:16:28.051+0000] {dag.py:3834} INFO - Setting next_dagrun for latest_only to 2024-05-15 20:00:00+00:00, run_after=2024-05-16 00:00:00+00:00
[2024-05-16T01:16:28.089+0000] {processor.py:183} INFO - Processing /home/airflow/.local/lib/python3.8/site-packages/airflow/example_dags/example_latest_only.py took 0.126 seconds
[2024-05-16T01:16:58.409+0000] {processor.py:161} INFO - Started process (PID=2275) to work on /home/airflow/.local/lib/python3.8/site-packages/airflow/example_dags/example_latest_only.py
[2024-05-16T01:16:58.411+0000] {processor.py:830} INFO - Processing file /home/airflow/.local/lib/python3.8/site-packages/airflow/example_dags/example_latest_only.py for tasks to queue
[2024-05-16T01:16:58.413+0000] {logging_mixin.py:188} INFO - [2024-05-16T01:16:58.413+0000] {dagbag.py:540} INFO - Filling up the DagBag from /home/airflow/.local/lib/python3.8/site-packages/airflow/example_dags/example_latest_only.py
[2024-05-16T01:16:58.419+0000] {processor.py:840} INFO - DAG(s) 'latest_only' retrieved from /home/airflow/.local/lib/python3.8/site-packages/airflow/example_dags/example_latest_only.py
[2024-05-16T01:16:58.444+0000] {logging_mixin.py:188} INFO - [2024-05-16T01:16:58.444+0000] {dag.py:3047} INFO - Sync 1 DAGs
[2024-05-16T01:16:58.466+0000] {logging_mixin.py:188} INFO - [2024-05-16T01:16:58.465+0000] {dag.py:3834} INFO - Setting next_dagrun for latest_only to 2024-05-15 20:00:00+00:00, run_after=2024-05-16 00:00:00+00:00
[2024-05-16T01:16:58.499+0000] {processor.py:183} INFO - Processing /home/airflow/.local/lib/python3.8/site-packages/airflow/example_dags/example_latest_only.py took 0.094 seconds
[2024-05-16T01:17:28.591+0000] {processor.py:161} INFO - Started process (PID=2333) to work on /home/airflow/.local/lib/python3.8/site-packages/airflow/example_dags/example_latest_only.py
[2024-05-16T01:17:28.593+0000] {processor.py:830} INFO - Processing file /home/airflow/.local/lib/python3.8/site-packages/airflow/example_dags/example_latest_only.py for tasks to queue
[2024-05-16T01:17:28.596+0000] {logging_mixin.py:188} INFO - [2024-05-16T01:17:28.596+0000] {dagbag.py:540} INFO - Filling up the DagBag from /home/airflow/.local/lib/python3.8/site-packages/airflow/example_dags/example_latest_only.py
[2024-05-16T01:17:28.603+0000] {processor.py:840} INFO - DAG(s) 'latest_only' retrieved from /home/airflow/.local/lib/python3.8/site-packages/airflow/example_dags/example_latest_only.py
[2024-05-16T01:17:28.634+0000] {logging_mixin.py:188} INFO - [2024-05-16T01:17:28.634+0000] {dag.py:3047} INFO - Sync 1 DAGs
[2024-05-16T01:17:28.671+0000] {logging_mixin.py:188} INFO - [2024-05-16T01:17:28.671+0000] {dag.py:3834} INFO - Setting next_dagrun for latest_only to 2024-05-15 20:00:00+00:00, run_after=2024-05-16 00:00:00+00:00
[2024-05-16T01:17:28.705+0000] {processor.py:183} INFO - Processing /home/airflow/.local/lib/python3.8/site-packages/airflow/example_dags/example_latest_only.py took 0.118 seconds
[2024-05-16T01:17:59.386+0000] {processor.py:161} INFO - Started process (PID=2392) to work on /home/airflow/.local/lib/python3.8/site-packages/airflow/example_dags/example_latest_only.py
[2024-05-16T01:17:59.388+0000] {processor.py:830} INFO - Processing file /home/airflow/.local/lib/python3.8/site-packages/airflow/example_dags/example_latest_only.py for tasks to queue
[2024-05-16T01:17:59.391+0000] {logging_mixin.py:188} INFO - [2024-05-16T01:17:59.390+0000] {dagbag.py:540} INFO - Filling up the DagBag from /home/airflow/.local/lib/python3.8/site-packages/airflow/example_dags/example_latest_only.py
[2024-05-16T01:17:59.398+0000] {processor.py:840} INFO - DAG(s) 'latest_only' retrieved from /home/airflow/.local/lib/python3.8/site-packages/airflow/example_dags/example_latest_only.py
[2024-05-16T01:17:59.423+0000] {logging_mixin.py:188} INFO - [2024-05-16T01:17:59.423+0000] {dag.py:3047} INFO - Sync 1 DAGs
[2024-05-16T01:17:59.450+0000] {logging_mixin.py:188} INFO - [2024-05-16T01:17:59.450+0000] {dag.py:3834} INFO - Setting next_dagrun for latest_only to 2024-05-15 20:00:00+00:00, run_after=2024-05-16 00:00:00+00:00
[2024-05-16T01:17:59.484+0000] {processor.py:183} INFO - Processing /home/airflow/.local/lib/python3.8/site-packages/airflow/example_dags/example_latest_only.py took 0.103 seconds
[2024-05-16T01:18:29.983+0000] {processor.py:161} INFO - Started process (PID=2452) to work on /home/airflow/.local/lib/python3.8/site-packages/airflow/example_dags/example_latest_only.py
[2024-05-16T01:18:29.985+0000] {processor.py:830} INFO - Processing file /home/airflow/.local/lib/python3.8/site-packages/airflow/example_dags/example_latest_only.py for tasks to queue
[2024-05-16T01:18:29.988+0000] {logging_mixin.py:188} INFO - [2024-05-16T01:18:29.988+0000] {dagbag.py:540} INFO - Filling up the DagBag from /home/airflow/.local/lib/python3.8/site-packages/airflow/example_dags/example_latest_only.py
[2024-05-16T01:18:29.996+0000] {processor.py:840} INFO - DAG(s) 'latest_only' retrieved from /home/airflow/.local/lib/python3.8/site-packages/airflow/example_dags/example_latest_only.py
[2024-05-16T01:18:30.025+0000] {logging_mixin.py:188} INFO - [2024-05-16T01:18:30.024+0000] {dag.py:3047} INFO - Sync 1 DAGs
[2024-05-16T01:18:30.055+0000] {logging_mixin.py:188} INFO - [2024-05-16T01:18:30.055+0000] {dag.py:3834} INFO - Setting next_dagrun for latest_only to 2024-05-15 20:00:00+00:00, run_after=2024-05-16 00:00:00+00:00
[2024-05-16T01:18:30.087+0000] {processor.py:183} INFO - Processing /home/airflow/.local/lib/python3.8/site-packages/airflow/example_dags/example_latest_only.py took 0.110 seconds
[2024-05-16T01:19:00.294+0000] {processor.py:161} INFO - Started process (PID=2511) to work on /home/airflow/.local/lib/python3.8/site-packages/airflow/example_dags/example_latest_only.py
[2024-05-16T01:19:00.296+0000] {processor.py:830} INFO - Processing file /home/airflow/.local/lib/python3.8/site-packages/airflow/example_dags/example_latest_only.py for tasks to queue
[2024-05-16T01:19:00.299+0000] {logging_mixin.py:188} INFO - [2024-05-16T01:19:00.299+0000] {dagbag.py:540} INFO - Filling up the DagBag from /home/airflow/.local/lib/python3.8/site-packages/airflow/example_dags/example_latest_only.py
[2024-05-16T01:19:00.308+0000] {processor.py:840} INFO - DAG(s) 'latest_only' retrieved from /home/airflow/.local/lib/python3.8/site-packages/airflow/example_dags/example_latest_only.py
[2024-05-16T01:19:00.341+0000] {logging_mixin.py:188} INFO - [2024-05-16T01:19:00.340+0000] {dag.py:3047} INFO - Sync 1 DAGs
[2024-05-16T01:19:00.373+0000] {logging_mixin.py:188} INFO - [2024-05-16T01:19:00.372+0000] {dag.py:3834} INFO - Setting next_dagrun for latest_only to 2024-05-15 20:00:00+00:00, run_after=2024-05-16 00:00:00+00:00
[2024-05-16T01:19:00.409+0000] {processor.py:183} INFO - Processing /home/airflow/.local/lib/python3.8/site-packages/airflow/example_dags/example_latest_only.py took 0.120 seconds
[2024-05-16T01:19:31.392+0000] {processor.py:161} INFO - Started process (PID=2570) to work on /home/airflow/.local/lib/python3.8/site-packages/airflow/example_dags/example_latest_only.py
[2024-05-16T01:19:31.398+0000] {processor.py:830} INFO - Processing file /home/airflow/.local/lib/python3.8/site-packages/airflow/example_dags/example_latest_only.py for tasks to queue
[2024-05-16T01:19:31.401+0000] {logging_mixin.py:188} INFO - [2024-05-16T01:19:31.401+0000] {dagbag.py:540} INFO - Filling up the DagBag from /home/airflow/.local/lib/python3.8/site-packages/airflow/example_dags/example_latest_only.py
[2024-05-16T01:19:31.411+0000] {processor.py:840} INFO - DAG(s) 'latest_only' retrieved from /home/airflow/.local/lib/python3.8/site-packages/airflow/example_dags/example_latest_only.py
[2024-05-16T01:19:31.438+0000] {logging_mixin.py:188} INFO - [2024-05-16T01:19:31.437+0000] {dag.py:3047} INFO - Sync 1 DAGs
[2024-05-16T01:19:31.469+0000] {logging_mixin.py:188} INFO - [2024-05-16T01:19:31.469+0000] {dag.py:3834} INFO - Setting next_dagrun for latest_only to 2024-05-15 20:00:00+00:00, run_after=2024-05-16 00:00:00+00:00
[2024-05-16T01:19:31.502+0000] {processor.py:183} INFO - Processing /home/airflow/.local/lib/python3.8/site-packages/airflow/example_dags/example_latest_only.py took 0.114 seconds
[2024-05-16T01:20:02.164+0000] {processor.py:161} INFO - Started process (PID=2629) to work on /home/airflow/.local/lib/python3.8/site-packages/airflow/example_dags/example_latest_only.py
[2024-05-16T01:20:02.166+0000] {processor.py:830} INFO - Processing file /home/airflow/.local/lib/python3.8/site-packages/airflow/example_dags/example_latest_only.py for tasks to queue
[2024-05-16T01:20:02.170+0000] {logging_mixin.py:188} INFO - [2024-05-16T01:20:02.170+0000] {dagbag.py:540} INFO - Filling up the DagBag from /home/airflow/.local/lib/python3.8/site-packages/airflow/example_dags/example_latest_only.py
[2024-05-16T01:20:02.176+0000] {processor.py:840} INFO - DAG(s) 'latest_only' retrieved from /home/airflow/.local/lib/python3.8/site-packages/airflow/example_dags/example_latest_only.py
[2024-05-16T01:20:02.209+0000] {logging_mixin.py:188} INFO - [2024-05-16T01:20:02.209+0000] {dag.py:3047} INFO - Sync 1 DAGs
[2024-05-16T01:20:02.238+0000] {logging_mixin.py:188} INFO - [2024-05-16T01:20:02.238+0000] {dag.py:3834} INFO - Setting next_dagrun for latest_only to 2024-05-15 20:00:00+00:00, run_after=2024-05-16 00:00:00+00:00
[2024-05-16T01:20:02.270+0000] {processor.py:183} INFO - Processing /home/airflow/.local/lib/python3.8/site-packages/airflow/example_dags/example_latest_only.py took 0.111 seconds
[2024-05-16T01:20:32.907+0000] {processor.py:161} INFO - Started process (PID=2688) to work on /home/airflow/.local/lib/python3.8/site-packages/airflow/example_dags/example_latest_only.py
[2024-05-16T01:20:32.909+0000] {processor.py:830} INFO - Processing file /home/airflow/.local/lib/python3.8/site-packages/airflow/example_dags/example_latest_only.py for tasks to queue
[2024-05-16T01:20:32.912+0000] {logging_mixin.py:188} INFO - [2024-05-16T01:20:32.912+0000] {dagbag.py:540} INFO - Filling up the DagBag from /home/airflow/.local/lib/python3.8/site-packages/airflow/example_dags/example_latest_only.py
[2024-05-16T01:20:32.920+0000] {processor.py:840} INFO - DAG(s) 'latest_only' retrieved from /home/airflow/.local/lib/python3.8/site-packages/airflow/example_dags/example_latest_only.py
[2024-05-16T01:20:32.953+0000] {logging_mixin.py:188} INFO - [2024-05-16T01:20:32.953+0000] {dag.py:3047} INFO - Sync 1 DAGs
[2024-05-16T01:20:32.984+0000] {logging_mixin.py:188} INFO - [2024-05-16T01:20:32.984+0000] {dag.py:3834} INFO - Setting next_dagrun for latest_only to 2024-05-15 20:00:00+00:00, run_after=2024-05-16 00:00:00+00:00
[2024-05-16T01:20:33.017+0000] {processor.py:183} INFO - Processing /home/airflow/.local/lib/python3.8/site-packages/airflow/example_dags/example_latest_only.py took 0.116 seconds
[2024-05-16T01:21:03.713+0000] {processor.py:161} INFO - Started process (PID=2747) to work on /home/airflow/.local/lib/python3.8/site-packages/airflow/example_dags/example_latest_only.py
[2024-05-16T01:21:03.720+0000] {processor.py:830} INFO - Processing file /home/airflow/.local/lib/python3.8/site-packages/airflow/example_dags/example_latest_only.py for tasks to queue
[2024-05-16T01:21:03.725+0000] {logging_mixin.py:188} INFO - [2024-05-16T01:21:03.725+0000] {dagbag.py:540} INFO - Filling up the DagBag from /home/airflow/.local/lib/python3.8/site-packages/airflow/example_dags/example_latest_only.py
[2024-05-16T01:21:03.732+0000] {processor.py:840} INFO - DAG(s) 'latest_only' retrieved from /home/airflow/.local/lib/python3.8/site-packages/airflow/example_dags/example_latest_only.py
[2024-05-16T01:21:03.764+0000] {logging_mixin.py:188} INFO - [2024-05-16T01:21:03.763+0000] {dag.py:3047} INFO - Sync 1 DAGs
[2024-05-16T01:21:03.794+0000] {logging_mixin.py:188} INFO - [2024-05-16T01:21:03.793+0000] {dag.py:3834} INFO - Setting next_dagrun for latest_only to 2024-05-15 20:00:00+00:00, run_after=2024-05-16 00:00:00+00:00
[2024-05-16T01:21:03.831+0000] {processor.py:183} INFO - Processing /home/airflow/.local/lib/python3.8/site-packages/airflow/example_dags/example_latest_only.py took 0.122 seconds
[2024-05-16T01:21:34.202+0000] {processor.py:161} INFO - Started process (PID=2806) to work on /home/airflow/.local/lib/python3.8/site-packages/airflow/example_dags/example_latest_only.py
[2024-05-16T01:21:34.204+0000] {processor.py:830} INFO - Processing file /home/airflow/.local/lib/python3.8/site-packages/airflow/example_dags/example_latest_only.py for tasks to queue
[2024-05-16T01:21:34.207+0000] {logging_mixin.py:188} INFO - [2024-05-16T01:21:34.207+0000] {dagbag.py:540} INFO - Filling up the DagBag from /home/airflow/.local/lib/python3.8/site-packages/airflow/example_dags/example_latest_only.py
[2024-05-16T01:21:34.216+0000] {processor.py:840} INFO - DAG(s) 'latest_only' retrieved from /home/airflow/.local/lib/python3.8/site-packages/airflow/example_dags/example_latest_only.py
[2024-05-16T01:21:34.253+0000] {logging_mixin.py:188} INFO - [2024-05-16T01:21:34.253+0000] {dag.py:3047} INFO - Sync 1 DAGs
[2024-05-16T01:21:34.293+0000] {logging_mixin.py:188} INFO - [2024-05-16T01:21:34.293+0000] {dag.py:3834} INFO - Setting next_dagrun for latest_only to 2024-05-15 20:00:00+00:00, run_after=2024-05-16 00:00:00+00:00
[2024-05-16T01:21:34.327+0000] {processor.py:183} INFO - Processing /home/airflow/.local/lib/python3.8/site-packages/airflow/example_dags/example_latest_only.py took 0.131 seconds
[2024-05-16T01:22:04.949+0000] {processor.py:161} INFO - Started process (PID=2865) to work on /home/airflow/.local/lib/python3.8/site-packages/airflow/example_dags/example_latest_only.py
[2024-05-16T01:22:04.952+0000] {processor.py:830} INFO - Processing file /home/airflow/.local/lib/python3.8/site-packages/airflow/example_dags/example_latest_only.py for tasks to queue
[2024-05-16T01:22:04.957+0000] {logging_mixin.py:188} INFO - [2024-05-16T01:22:04.956+0000] {dagbag.py:540} INFO - Filling up the DagBag from /home/airflow/.local/lib/python3.8/site-packages/airflow/example_dags/example_latest_only.py
[2024-05-16T01:22:04.967+0000] {processor.py:840} INFO - DAG(s) 'latest_only' retrieved from /home/airflow/.local/lib/python3.8/site-packages/airflow/example_dags/example_latest_only.py
[2024-05-16T01:22:05.009+0000] {logging_mixin.py:188} INFO - [2024-05-16T01:22:05.009+0000] {dag.py:3047} INFO - Sync 1 DAGs
[2024-05-16T01:22:05.053+0000] {logging_mixin.py:188} INFO - [2024-05-16T01:22:05.053+0000] {dag.py:3834} INFO - Setting next_dagrun for latest_only to 2024-05-15 20:00:00+00:00, run_after=2024-05-16 00:00:00+00:00
[2024-05-16T01:22:05.099+0000] {processor.py:183} INFO - Processing /home/airflow/.local/lib/python3.8/site-packages/airflow/example_dags/example_latest_only.py took 0.157 seconds
[2024-05-16T01:22:35.643+0000] {processor.py:161} INFO - Started process (PID=2924) to work on /home/airflow/.local/lib/python3.8/site-packages/airflow/example_dags/example_latest_only.py
[2024-05-16T01:22:35.646+0000] {processor.py:830} INFO - Processing file /home/airflow/.local/lib/python3.8/site-packages/airflow/example_dags/example_latest_only.py for tasks to queue
[2024-05-16T01:22:35.649+0000] {logging_mixin.py:188} INFO - [2024-05-16T01:22:35.649+0000] {dagbag.py:540} INFO - Filling up the DagBag from /home/airflow/.local/lib/python3.8/site-packages/airflow/example_dags/example_latest_only.py
[2024-05-16T01:22:35.658+0000] {processor.py:840} INFO - DAG(s) 'latest_only' retrieved from /home/airflow/.local/lib/python3.8/site-packages/airflow/example_dags/example_latest_only.py
[2024-05-16T01:22:35.690+0000] {logging_mixin.py:188} INFO - [2024-05-16T01:22:35.690+0000] {dag.py:3047} INFO - Sync 1 DAGs
[2024-05-16T01:22:35.723+0000] {logging_mixin.py:188} INFO - [2024-05-16T01:22:35.723+0000] {dag.py:3834} INFO - Setting next_dagrun for latest_only to 2024-05-15 20:00:00+00:00, run_after=2024-05-16 00:00:00+00:00
[2024-05-16T01:22:35.753+0000] {processor.py:183} INFO - Processing /home/airflow/.local/lib/python3.8/site-packages/airflow/example_dags/example_latest_only.py took 0.115 seconds
[2024-05-16T01:23:06.525+0000] {processor.py:161} INFO - Started process (PID=2983) to work on /home/airflow/.local/lib/python3.8/site-packages/airflow/example_dags/example_latest_only.py
[2024-05-16T01:23:06.529+0000] {processor.py:830} INFO - Processing file /home/airflow/.local/lib/python3.8/site-packages/airflow/example_dags/example_latest_only.py for tasks to queue
[2024-05-16T01:23:06.532+0000] {logging_mixin.py:188} INFO - [2024-05-16T01:23:06.531+0000] {dagbag.py:540} INFO - Filling up the DagBag from /home/airflow/.local/lib/python3.8/site-packages/airflow/example_dags/example_latest_only.py
[2024-05-16T01:23:06.539+0000] {processor.py:840} INFO - DAG(s) 'latest_only' retrieved from /home/airflow/.local/lib/python3.8/site-packages/airflow/example_dags/example_latest_only.py
[2024-05-16T01:23:06.568+0000] {logging_mixin.py:188} INFO - [2024-05-16T01:23:06.567+0000] {dag.py:3047} INFO - Sync 1 DAGs
[2024-05-16T01:23:06.600+0000] {logging_mixin.py:188} INFO - [2024-05-16T01:23:06.599+0000] {dag.py:3834} INFO - Setting next_dagrun for latest_only to 2024-05-15 20:00:00+00:00, run_after=2024-05-16 00:00:00+00:00
[2024-05-16T01:23:06.634+0000] {processor.py:183} INFO - Processing /home/airflow/.local/lib/python3.8/site-packages/airflow/example_dags/example_latest_only.py took 0.113 seconds
