[2024-05-16T00:57:58.188+0000] {processor.py:161} INFO - Started process (PID=77) to work on /home/airflow/.local/lib/python3.8/site-packages/airflow/example_dags/example_branch_labels.py
[2024-05-16T00:57:58.191+0000] {processor.py:830} INFO - Processing file /home/airflow/.local/lib/python3.8/site-packages/airflow/example_dags/example_branch_labels.py for tasks to queue
[2024-05-16T00:57:58.194+0000] {logging_mixin.py:188} INFO - [2024-05-16T00:57:58.194+0000] {dagbag.py:540} INFO - Filling up the DagBag from /home/airflow/.local/lib/python3.8/site-packages/airflow/example_dags/example_branch_labels.py
[2024-05-16T00:57:58.205+0000] {processor.py:840} INFO - DAG(s) 'example_branch_labels' retrieved from /home/airflow/.local/lib/python3.8/site-packages/airflow/example_dags/example_branch_labels.py
[2024-05-16T00:57:58.230+0000] {logging_mixin.py:188} INFO - [2024-05-16T00:57:58.229+0000] {dag.py:3047} INFO - Sync 1 DAGs
[2024-05-16T00:57:58.260+0000] {logging_mixin.py:188} INFO - [2024-05-16T00:57:58.260+0000] {dag.py:3834} INFO - Setting next_dagrun for example_branch_labels to 2024-05-15 00:00:00+00:00, run_after=2024-05-16 00:00:00+00:00
[2024-05-16T00:57:58.290+0000] {processor.py:183} INFO - Processing /home/airflow/.local/lib/python3.8/site-packages/airflow/example_dags/example_branch_labels.py took 0.106 seconds
[2024-05-16T00:58:29.930+0000] {processor.py:161} INFO - Started process (PID=136) to work on /home/airflow/.local/lib/python3.8/site-packages/airflow/example_dags/example_branch_labels.py
[2024-05-16T00:58:29.932+0000] {processor.py:830} INFO - Processing file /home/airflow/.local/lib/python3.8/site-packages/airflow/example_dags/example_branch_labels.py for tasks to queue
[2024-05-16T00:58:29.935+0000] {logging_mixin.py:188} INFO - [2024-05-16T00:58:29.934+0000] {dagbag.py:540} INFO - Filling up the DagBag from /home/airflow/.local/lib/python3.8/site-packages/airflow/example_dags/example_branch_labels.py
[2024-05-16T00:58:29.951+0000] {processor.py:840} INFO - DAG(s) 'example_branch_labels' retrieved from /home/airflow/.local/lib/python3.8/site-packages/airflow/example_dags/example_branch_labels.py
[2024-05-16T00:58:29.993+0000] {logging_mixin.py:188} INFO - [2024-05-16T00:58:29.992+0000] {dag.py:3047} INFO - Sync 1 DAGs
[2024-05-16T00:58:30.044+0000] {logging_mixin.py:188} INFO - [2024-05-16T00:58:30.043+0000] {dag.py:3834} INFO - Setting next_dagrun for example_branch_labels to 2024-05-15 00:00:00+00:00, run_after=2024-05-16 00:00:00+00:00
[2024-05-16T00:58:30.087+0000] {processor.py:183} INFO - Processing /home/airflow/.local/lib/python3.8/site-packages/airflow/example_dags/example_branch_labels.py took 0.162 seconds
[2024-05-16T00:59:00.886+0000] {processor.py:161} INFO - Started process (PID=195) to work on /home/airflow/.local/lib/python3.8/site-packages/airflow/example_dags/example_branch_labels.py
[2024-05-16T00:59:00.887+0000] {processor.py:830} INFO - Processing file /home/airflow/.local/lib/python3.8/site-packages/airflow/example_dags/example_branch_labels.py for tasks to queue
[2024-05-16T00:59:00.889+0000] {logging_mixin.py:188} INFO - [2024-05-16T00:59:00.889+0000] {dagbag.py:540} INFO - Filling up the DagBag from /home/airflow/.local/lib/python3.8/site-packages/airflow/example_dags/example_branch_labels.py
[2024-05-16T00:59:00.896+0000] {processor.py:840} INFO - DAG(s) 'example_branch_labels' retrieved from /home/airflow/.local/lib/python3.8/site-packages/airflow/example_dags/example_branch_labels.py
[2024-05-16T00:59:00.912+0000] {logging_mixin.py:188} INFO - [2024-05-16T00:59:00.912+0000] {dag.py:3047} INFO - Sync 1 DAGs
[2024-05-16T00:59:00.928+0000] {logging_mixin.py:188} INFO - [2024-05-16T00:59:00.928+0000] {dag.py:3834} INFO - Setting next_dagrun for example_branch_labels to 2024-05-15 00:00:00+00:00, run_after=2024-05-16 00:00:00+00:00
[2024-05-16T00:59:00.948+0000] {processor.py:183} INFO - Processing /home/airflow/.local/lib/python3.8/site-packages/airflow/example_dags/example_branch_labels.py took 0.066 seconds
[2024-05-16T00:59:31.469+0000] {processor.py:161} INFO - Started process (PID=254) to work on /home/airflow/.local/lib/python3.8/site-packages/airflow/example_dags/example_branch_labels.py
[2024-05-16T00:59:31.470+0000] {processor.py:830} INFO - Processing file /home/airflow/.local/lib/python3.8/site-packages/airflow/example_dags/example_branch_labels.py for tasks to queue
[2024-05-16T00:59:31.472+0000] {logging_mixin.py:188} INFO - [2024-05-16T00:59:31.471+0000] {dagbag.py:540} INFO - Filling up the DagBag from /home/airflow/.local/lib/python3.8/site-packages/airflow/example_dags/example_branch_labels.py
[2024-05-16T00:59:31.478+0000] {processor.py:840} INFO - DAG(s) 'example_branch_labels' retrieved from /home/airflow/.local/lib/python3.8/site-packages/airflow/example_dags/example_branch_labels.py
[2024-05-16T00:59:31.497+0000] {logging_mixin.py:188} INFO - [2024-05-16T00:59:31.496+0000] {dag.py:3047} INFO - Sync 1 DAGs
[2024-05-16T00:59:31.514+0000] {logging_mixin.py:188} INFO - [2024-05-16T00:59:31.514+0000] {dag.py:3834} INFO - Setting next_dagrun for example_branch_labels to 2024-05-15 00:00:00+00:00, run_after=2024-05-16 00:00:00+00:00
[2024-05-16T00:59:31.536+0000] {processor.py:183} INFO - Processing /home/airflow/.local/lib/python3.8/site-packages/airflow/example_dags/example_branch_labels.py took 0.070 seconds
[2024-05-16T01:00:02.089+0000] {processor.py:161} INFO - Started process (PID=313) to work on /home/airflow/.local/lib/python3.8/site-packages/airflow/example_dags/example_branch_labels.py
[2024-05-16T01:00:02.092+0000] {processor.py:830} INFO - Processing file /home/airflow/.local/lib/python3.8/site-packages/airflow/example_dags/example_branch_labels.py for tasks to queue
[2024-05-16T01:00:02.094+0000] {logging_mixin.py:188} INFO - [2024-05-16T01:00:02.094+0000] {dagbag.py:540} INFO - Filling up the DagBag from /home/airflow/.local/lib/python3.8/site-packages/airflow/example_dags/example_branch_labels.py
[2024-05-16T01:00:02.102+0000] {processor.py:840} INFO - DAG(s) 'example_branch_labels' retrieved from /home/airflow/.local/lib/python3.8/site-packages/airflow/example_dags/example_branch_labels.py
[2024-05-16T01:00:02.120+0000] {logging_mixin.py:188} INFO - [2024-05-16T01:00:02.120+0000] {dag.py:3047} INFO - Sync 1 DAGs
[2024-05-16T01:00:02.139+0000] {logging_mixin.py:188} INFO - [2024-05-16T01:00:02.139+0000] {dag.py:3834} INFO - Setting next_dagrun for example_branch_labels to 2024-05-15 00:00:00+00:00, run_after=2024-05-16 00:00:00+00:00
[2024-05-16T01:00:02.161+0000] {processor.py:183} INFO - Processing /home/airflow/.local/lib/python3.8/site-packages/airflow/example_dags/example_branch_labels.py took 0.075 seconds
[2024-05-16T01:00:32.859+0000] {processor.py:161} INFO - Started process (PID=372) to work on /home/airflow/.local/lib/python3.8/site-packages/airflow/example_dags/example_branch_labels.py
[2024-05-16T01:00:32.861+0000] {processor.py:830} INFO - Processing file /home/airflow/.local/lib/python3.8/site-packages/airflow/example_dags/example_branch_labels.py for tasks to queue
[2024-05-16T01:00:32.863+0000] {logging_mixin.py:188} INFO - [2024-05-16T01:00:32.863+0000] {dagbag.py:540} INFO - Filling up the DagBag from /home/airflow/.local/lib/python3.8/site-packages/airflow/example_dags/example_branch_labels.py
[2024-05-16T01:00:32.869+0000] {processor.py:840} INFO - DAG(s) 'example_branch_labels' retrieved from /home/airflow/.local/lib/python3.8/site-packages/airflow/example_dags/example_branch_labels.py
[2024-05-16T01:00:32.889+0000] {logging_mixin.py:188} INFO - [2024-05-16T01:00:32.888+0000] {dag.py:3047} INFO - Sync 1 DAGs
[2024-05-16T01:00:32.907+0000] {logging_mixin.py:188} INFO - [2024-05-16T01:00:32.907+0000] {dag.py:3834} INFO - Setting next_dagrun for example_branch_labels to 2024-05-15 00:00:00+00:00, run_after=2024-05-16 00:00:00+00:00
[2024-05-16T01:00:32.936+0000] {processor.py:183} INFO - Processing /home/airflow/.local/lib/python3.8/site-packages/airflow/example_dags/example_branch_labels.py took 0.081 seconds
[2024-05-16T01:01:03.889+0000] {processor.py:161} INFO - Started process (PID=431) to work on /home/airflow/.local/lib/python3.8/site-packages/airflow/example_dags/example_branch_labels.py
[2024-05-16T01:01:03.890+0000] {processor.py:830} INFO - Processing file /home/airflow/.local/lib/python3.8/site-packages/airflow/example_dags/example_branch_labels.py for tasks to queue
[2024-05-16T01:01:03.891+0000] {logging_mixin.py:188} INFO - [2024-05-16T01:01:03.891+0000] {dagbag.py:540} INFO - Filling up the DagBag from /home/airflow/.local/lib/python3.8/site-packages/airflow/example_dags/example_branch_labels.py
[2024-05-16T01:01:03.897+0000] {processor.py:840} INFO - DAG(s) 'example_branch_labels' retrieved from /home/airflow/.local/lib/python3.8/site-packages/airflow/example_dags/example_branch_labels.py
[2024-05-16T01:01:03.914+0000] {logging_mixin.py:188} INFO - [2024-05-16T01:01:03.914+0000] {dag.py:3047} INFO - Sync 1 DAGs
[2024-05-16T01:01:03.930+0000] {logging_mixin.py:188} INFO - [2024-05-16T01:01:03.929+0000] {dag.py:3834} INFO - Setting next_dagrun for example_branch_labels to 2024-05-15 00:00:00+00:00, run_after=2024-05-16 00:00:00+00:00
[2024-05-16T01:01:03.948+0000] {processor.py:183} INFO - Processing /home/airflow/.local/lib/python3.8/site-packages/airflow/example_dags/example_branch_labels.py took 0.062 seconds
[2024-05-16T01:01:34.366+0000] {processor.py:161} INFO - Started process (PID=490) to work on /home/airflow/.local/lib/python3.8/site-packages/airflow/example_dags/example_branch_labels.py
[2024-05-16T01:01:34.368+0000] {processor.py:830} INFO - Processing file /home/airflow/.local/lib/python3.8/site-packages/airflow/example_dags/example_branch_labels.py for tasks to queue
[2024-05-16T01:01:34.371+0000] {logging_mixin.py:188} INFO - [2024-05-16T01:01:34.370+0000] {dagbag.py:540} INFO - Filling up the DagBag from /home/airflow/.local/lib/python3.8/site-packages/airflow/example_dags/example_branch_labels.py
[2024-05-16T01:01:34.380+0000] {processor.py:840} INFO - DAG(s) 'example_branch_labels' retrieved from /home/airflow/.local/lib/python3.8/site-packages/airflow/example_dags/example_branch_labels.py
[2024-05-16T01:01:34.409+0000] {logging_mixin.py:188} INFO - [2024-05-16T01:01:34.408+0000] {dag.py:3047} INFO - Sync 1 DAGs
[2024-05-16T01:01:34.440+0000] {logging_mixin.py:188} INFO - [2024-05-16T01:01:34.440+0000] {dag.py:3834} INFO - Setting next_dagrun for example_branch_labels to 2024-05-15 00:00:00+00:00, run_after=2024-05-16 00:00:00+00:00
[2024-05-16T01:01:34.472+0000] {processor.py:183} INFO - Processing /home/airflow/.local/lib/python3.8/site-packages/airflow/example_dags/example_branch_labels.py took 0.110 seconds
[2024-05-16T01:02:04.917+0000] {processor.py:161} INFO - Started process (PID=548) to work on /home/airflow/.local/lib/python3.8/site-packages/airflow/example_dags/example_branch_labels.py
[2024-05-16T01:02:04.918+0000] {processor.py:830} INFO - Processing file /home/airflow/.local/lib/python3.8/site-packages/airflow/example_dags/example_branch_labels.py for tasks to queue
[2024-05-16T01:02:04.920+0000] {logging_mixin.py:188} INFO - [2024-05-16T01:02:04.920+0000] {dagbag.py:540} INFO - Filling up the DagBag from /home/airflow/.local/lib/python3.8/site-packages/airflow/example_dags/example_branch_labels.py
[2024-05-16T01:02:04.928+0000] {processor.py:840} INFO - DAG(s) 'example_branch_labels' retrieved from /home/airflow/.local/lib/python3.8/site-packages/airflow/example_dags/example_branch_labels.py
[2024-05-16T01:02:04.950+0000] {logging_mixin.py:188} INFO - [2024-05-16T01:02:04.950+0000] {dag.py:3047} INFO - Sync 1 DAGs
[2024-05-16T01:02:04.978+0000] {logging_mixin.py:188} INFO - [2024-05-16T01:02:04.978+0000] {dag.py:3834} INFO - Setting next_dagrun for example_branch_labels to 2024-05-15 00:00:00+00:00, run_after=2024-05-16 00:00:00+00:00
[2024-05-16T01:02:05.003+0000] {processor.py:183} INFO - Processing /home/airflow/.local/lib/python3.8/site-packages/airflow/example_dags/example_branch_labels.py took 0.089 seconds
[2024-05-16T01:02:35.839+0000] {processor.py:161} INFO - Started process (PID=607) to work on /home/airflow/.local/lib/python3.8/site-packages/airflow/example_dags/example_branch_labels.py
[2024-05-16T01:02:35.841+0000] {processor.py:830} INFO - Processing file /home/airflow/.local/lib/python3.8/site-packages/airflow/example_dags/example_branch_labels.py for tasks to queue
[2024-05-16T01:02:35.844+0000] {logging_mixin.py:188} INFO - [2024-05-16T01:02:35.844+0000] {dagbag.py:540} INFO - Filling up the DagBag from /home/airflow/.local/lib/python3.8/site-packages/airflow/example_dags/example_branch_labels.py
[2024-05-16T01:02:35.853+0000] {processor.py:840} INFO - DAG(s) 'example_branch_labels' retrieved from /home/airflow/.local/lib/python3.8/site-packages/airflow/example_dags/example_branch_labels.py
[2024-05-16T01:02:35.874+0000] {logging_mixin.py:188} INFO - [2024-05-16T01:02:35.874+0000] {dag.py:3047} INFO - Sync 1 DAGs
[2024-05-16T01:02:35.896+0000] {logging_mixin.py:188} INFO - [2024-05-16T01:02:35.895+0000] {dag.py:3834} INFO - Setting next_dagrun for example_branch_labels to 2024-05-15 00:00:00+00:00, run_after=2024-05-16 00:00:00+00:00
[2024-05-16T01:02:35.920+0000] {processor.py:183} INFO - Processing /home/airflow/.local/lib/python3.8/site-packages/airflow/example_dags/example_branch_labels.py took 0.084 seconds
[2024-05-16T01:03:06.147+0000] {processor.py:161} INFO - Started process (PID=665) to work on /home/airflow/.local/lib/python3.8/site-packages/airflow/example_dags/example_branch_labels.py
[2024-05-16T01:03:06.148+0000] {processor.py:830} INFO - Processing file /home/airflow/.local/lib/python3.8/site-packages/airflow/example_dags/example_branch_labels.py for tasks to queue
[2024-05-16T01:03:06.151+0000] {logging_mixin.py:188} INFO - [2024-05-16T01:03:06.150+0000] {dagbag.py:540} INFO - Filling up the DagBag from /home/airflow/.local/lib/python3.8/site-packages/airflow/example_dags/example_branch_labels.py
[2024-05-16T01:03:06.160+0000] {processor.py:840} INFO - DAG(s) 'example_branch_labels' retrieved from /home/airflow/.local/lib/python3.8/site-packages/airflow/example_dags/example_branch_labels.py
[2024-05-16T01:03:06.184+0000] {logging_mixin.py:188} INFO - [2024-05-16T01:03:06.183+0000] {dag.py:3047} INFO - Sync 1 DAGs
[2024-05-16T01:03:06.205+0000] {logging_mixin.py:188} INFO - [2024-05-16T01:03:06.205+0000] {dag.py:3834} INFO - Setting next_dagrun for example_branch_labels to 2024-05-15 00:00:00+00:00, run_after=2024-05-16 00:00:00+00:00
[2024-05-16T01:03:06.225+0000] {processor.py:183} INFO - Processing /home/airflow/.local/lib/python3.8/site-packages/airflow/example_dags/example_branch_labels.py took 0.082 seconds
[2024-05-16T01:03:36.921+0000] {processor.py:161} INFO - Started process (PID=724) to work on /home/airflow/.local/lib/python3.8/site-packages/airflow/example_dags/example_branch_labels.py
[2024-05-16T01:03:36.923+0000] {processor.py:830} INFO - Processing file /home/airflow/.local/lib/python3.8/site-packages/airflow/example_dags/example_branch_labels.py for tasks to queue
[2024-05-16T01:03:36.925+0000] {logging_mixin.py:188} INFO - [2024-05-16T01:03:36.924+0000] {dagbag.py:540} INFO - Filling up the DagBag from /home/airflow/.local/lib/python3.8/site-packages/airflow/example_dags/example_branch_labels.py
[2024-05-16T01:03:36.932+0000] {processor.py:840} INFO - DAG(s) 'example_branch_labels' retrieved from /home/airflow/.local/lib/python3.8/site-packages/airflow/example_dags/example_branch_labels.py
[2024-05-16T01:03:36.949+0000] {logging_mixin.py:188} INFO - [2024-05-16T01:03:36.949+0000] {dag.py:3047} INFO - Sync 1 DAGs
[2024-05-16T01:03:36.965+0000] {logging_mixin.py:188} INFO - [2024-05-16T01:03:36.965+0000] {dag.py:3834} INFO - Setting next_dagrun for example_branch_labels to 2024-05-15 00:00:00+00:00, run_after=2024-05-16 00:00:00+00:00
[2024-05-16T01:03:36.983+0000] {processor.py:183} INFO - Processing /home/airflow/.local/lib/python3.8/site-packages/airflow/example_dags/example_branch_labels.py took 0.065 seconds
[2024-05-16T01:04:08.027+0000] {processor.py:161} INFO - Started process (PID=783) to work on /home/airflow/.local/lib/python3.8/site-packages/airflow/example_dags/example_branch_labels.py
[2024-05-16T01:04:08.029+0000] {processor.py:830} INFO - Processing file /home/airflow/.local/lib/python3.8/site-packages/airflow/example_dags/example_branch_labels.py for tasks to queue
[2024-05-16T01:04:08.032+0000] {logging_mixin.py:188} INFO - [2024-05-16T01:04:08.032+0000] {dagbag.py:540} INFO - Filling up the DagBag from /home/airflow/.local/lib/python3.8/site-packages/airflow/example_dags/example_branch_labels.py
[2024-05-16T01:04:08.039+0000] {processor.py:840} INFO - DAG(s) 'example_branch_labels' retrieved from /home/airflow/.local/lib/python3.8/site-packages/airflow/example_dags/example_branch_labels.py
[2024-05-16T01:04:08.060+0000] {logging_mixin.py:188} INFO - [2024-05-16T01:04:08.060+0000] {dag.py:3047} INFO - Sync 1 DAGs
[2024-05-16T01:04:08.080+0000] {logging_mixin.py:188} INFO - [2024-05-16T01:04:08.080+0000] {dag.py:3834} INFO - Setting next_dagrun for example_branch_labels to 2024-05-15 00:00:00+00:00, run_after=2024-05-16 00:00:00+00:00
[2024-05-16T01:04:08.104+0000] {processor.py:183} INFO - Processing /home/airflow/.local/lib/python3.8/site-packages/airflow/example_dags/example_branch_labels.py took 0.081 seconds
[2024-05-16T01:04:39.380+0000] {processor.py:161} INFO - Started process (PID=842) to work on /home/airflow/.local/lib/python3.8/site-packages/airflow/example_dags/example_branch_labels.py
[2024-05-16T01:04:39.382+0000] {processor.py:830} INFO - Processing file /home/airflow/.local/lib/python3.8/site-packages/airflow/example_dags/example_branch_labels.py for tasks to queue
[2024-05-16T01:04:39.385+0000] {logging_mixin.py:188} INFO - [2024-05-16T01:04:39.384+0000] {dagbag.py:540} INFO - Filling up the DagBag from /home/airflow/.local/lib/python3.8/site-packages/airflow/example_dags/example_branch_labels.py
[2024-05-16T01:04:39.393+0000] {processor.py:840} INFO - DAG(s) 'example_branch_labels' retrieved from /home/airflow/.local/lib/python3.8/site-packages/airflow/example_dags/example_branch_labels.py
[2024-05-16T01:04:39.418+0000] {logging_mixin.py:188} INFO - [2024-05-16T01:04:39.417+0000] {dag.py:3047} INFO - Sync 1 DAGs
[2024-05-16T01:04:39.439+0000] {logging_mixin.py:188} INFO - [2024-05-16T01:04:39.439+0000] {dag.py:3834} INFO - Setting next_dagrun for example_branch_labels to 2024-05-15 00:00:00+00:00, run_after=2024-05-16 00:00:00+00:00
[2024-05-16T01:04:39.461+0000] {processor.py:183} INFO - Processing /home/airflow/.local/lib/python3.8/site-packages/airflow/example_dags/example_branch_labels.py took 0.084 seconds
[2024-05-16T01:05:09.964+0000] {processor.py:161} INFO - Started process (PID=902) to work on /home/airflow/.local/lib/python3.8/site-packages/airflow/example_dags/example_branch_labels.py
[2024-05-16T01:05:09.966+0000] {processor.py:830} INFO - Processing file /home/airflow/.local/lib/python3.8/site-packages/airflow/example_dags/example_branch_labels.py for tasks to queue
[2024-05-16T01:05:09.969+0000] {logging_mixin.py:188} INFO - [2024-05-16T01:05:09.969+0000] {dagbag.py:540} INFO - Filling up the DagBag from /home/airflow/.local/lib/python3.8/site-packages/airflow/example_dags/example_branch_labels.py
[2024-05-16T01:05:09.978+0000] {processor.py:840} INFO - DAG(s) 'example_branch_labels' retrieved from /home/airflow/.local/lib/python3.8/site-packages/airflow/example_dags/example_branch_labels.py
[2024-05-16T01:05:10.003+0000] {logging_mixin.py:188} INFO - [2024-05-16T01:05:10.002+0000] {dag.py:3047} INFO - Sync 1 DAGs
[2024-05-16T01:05:10.024+0000] {logging_mixin.py:188} INFO - [2024-05-16T01:05:10.024+0000] {dag.py:3834} INFO - Setting next_dagrun for example_branch_labels to 2024-05-15 00:00:00+00:00, run_after=2024-05-16 00:00:00+00:00
[2024-05-16T01:05:10.048+0000] {processor.py:183} INFO - Processing /home/airflow/.local/lib/python3.8/site-packages/airflow/example_dags/example_branch_labels.py took 0.086 seconds
[2024-05-16T01:05:40.599+0000] {processor.py:161} INFO - Started process (PID=967) to work on /home/airflow/.local/lib/python3.8/site-packages/airflow/example_dags/example_branch_labels.py
[2024-05-16T01:05:40.600+0000] {processor.py:830} INFO - Processing file /home/airflow/.local/lib/python3.8/site-packages/airflow/example_dags/example_branch_labels.py for tasks to queue
[2024-05-16T01:05:40.601+0000] {logging_mixin.py:188} INFO - [2024-05-16T01:05:40.601+0000] {dagbag.py:540} INFO - Filling up the DagBag from /home/airflow/.local/lib/python3.8/site-packages/airflow/example_dags/example_branch_labels.py
[2024-05-16T01:05:40.608+0000] {processor.py:840} INFO - DAG(s) 'example_branch_labels' retrieved from /home/airflow/.local/lib/python3.8/site-packages/airflow/example_dags/example_branch_labels.py
[2024-05-16T01:05:40.626+0000] {logging_mixin.py:188} INFO - [2024-05-16T01:05:40.625+0000] {dag.py:3047} INFO - Sync 1 DAGs
[2024-05-16T01:05:40.643+0000] {logging_mixin.py:188} INFO - [2024-05-16T01:05:40.643+0000] {dag.py:3834} INFO - Setting next_dagrun for example_branch_labels to 2024-05-15 00:00:00+00:00, run_after=2024-05-16 00:00:00+00:00
[2024-05-16T01:05:40.664+0000] {processor.py:183} INFO - Processing /home/airflow/.local/lib/python3.8/site-packages/airflow/example_dags/example_branch_labels.py took 0.068 seconds
[2024-05-16T01:06:11.354+0000] {processor.py:161} INFO - Started process (PID=1026) to work on /home/airflow/.local/lib/python3.8/site-packages/airflow/example_dags/example_branch_labels.py
[2024-05-16T01:06:11.355+0000] {processor.py:830} INFO - Processing file /home/airflow/.local/lib/python3.8/site-packages/airflow/example_dags/example_branch_labels.py for tasks to queue
[2024-05-16T01:06:11.358+0000] {logging_mixin.py:188} INFO - [2024-05-16T01:06:11.357+0000] {dagbag.py:540} INFO - Filling up the DagBag from /home/airflow/.local/lib/python3.8/site-packages/airflow/example_dags/example_branch_labels.py
[2024-05-16T01:06:11.366+0000] {processor.py:840} INFO - DAG(s) 'example_branch_labels' retrieved from /home/airflow/.local/lib/python3.8/site-packages/airflow/example_dags/example_branch_labels.py
[2024-05-16T01:06:11.392+0000] {logging_mixin.py:188} INFO - [2024-05-16T01:06:11.391+0000] {dag.py:3047} INFO - Sync 1 DAGs
[2024-05-16T01:06:11.417+0000] {logging_mixin.py:188} INFO - [2024-05-16T01:06:11.417+0000] {dag.py:3834} INFO - Setting next_dagrun for example_branch_labels to 2024-05-15 00:00:00+00:00, run_after=2024-05-16 00:00:00+00:00
[2024-05-16T01:06:11.436+0000] {processor.py:183} INFO - Processing /home/airflow/.local/lib/python3.8/site-packages/airflow/example_dags/example_branch_labels.py took 0.085 seconds
[2024-05-16T01:06:41.679+0000] {processor.py:161} INFO - Started process (PID=1085) to work on /home/airflow/.local/lib/python3.8/site-packages/airflow/example_dags/example_branch_labels.py
[2024-05-16T01:06:41.685+0000] {processor.py:830} INFO - Processing file /home/airflow/.local/lib/python3.8/site-packages/airflow/example_dags/example_branch_labels.py for tasks to queue
[2024-05-16T01:06:41.688+0000] {logging_mixin.py:188} INFO - [2024-05-16T01:06:41.688+0000] {dagbag.py:540} INFO - Filling up the DagBag from /home/airflow/.local/lib/python3.8/site-packages/airflow/example_dags/example_branch_labels.py
[2024-05-16T01:06:41.697+0000] {processor.py:840} INFO - DAG(s) 'example_branch_labels' retrieved from /home/airflow/.local/lib/python3.8/site-packages/airflow/example_dags/example_branch_labels.py
[2024-05-16T01:06:41.719+0000] {logging_mixin.py:188} INFO - [2024-05-16T01:06:41.719+0000] {dag.py:3047} INFO - Sync 1 DAGs
[2024-05-16T01:06:41.740+0000] {logging_mixin.py:188} INFO - [2024-05-16T01:06:41.739+0000] {dag.py:3834} INFO - Setting next_dagrun for example_branch_labels to 2024-05-15 00:00:00+00:00, run_after=2024-05-16 00:00:00+00:00
[2024-05-16T01:06:41.763+0000] {processor.py:183} INFO - Processing /home/airflow/.local/lib/python3.8/site-packages/airflow/example_dags/example_branch_labels.py took 0.087 seconds
[2024-05-16T01:07:12.683+0000] {processor.py:161} INFO - Started process (PID=1144) to work on /home/airflow/.local/lib/python3.8/site-packages/airflow/example_dags/example_branch_labels.py
[2024-05-16T01:07:12.686+0000] {processor.py:830} INFO - Processing file /home/airflow/.local/lib/python3.8/site-packages/airflow/example_dags/example_branch_labels.py for tasks to queue
[2024-05-16T01:07:12.689+0000] {logging_mixin.py:188} INFO - [2024-05-16T01:07:12.688+0000] {dagbag.py:540} INFO - Filling up the DagBag from /home/airflow/.local/lib/python3.8/site-packages/airflow/example_dags/example_branch_labels.py
[2024-05-16T01:07:12.698+0000] {processor.py:840} INFO - DAG(s) 'example_branch_labels' retrieved from /home/airflow/.local/lib/python3.8/site-packages/airflow/example_dags/example_branch_labels.py
[2024-05-16T01:07:12.729+0000] {logging_mixin.py:188} INFO - [2024-05-16T01:07:12.729+0000] {dag.py:3047} INFO - Sync 1 DAGs
[2024-05-16T01:07:12.754+0000] {logging_mixin.py:188} INFO - [2024-05-16T01:07:12.753+0000] {dag.py:3834} INFO - Setting next_dagrun for example_branch_labels to 2024-05-15 00:00:00+00:00, run_after=2024-05-16 00:00:00+00:00
[2024-05-16T01:07:12.774+0000] {processor.py:183} INFO - Processing /home/airflow/.local/lib/python3.8/site-packages/airflow/example_dags/example_branch_labels.py took 0.097 seconds
[2024-05-16T01:07:43.447+0000] {processor.py:161} INFO - Started process (PID=1202) to work on /home/airflow/.local/lib/python3.8/site-packages/airflow/example_dags/example_branch_labels.py
[2024-05-16T01:07:43.449+0000] {processor.py:830} INFO - Processing file /home/airflow/.local/lib/python3.8/site-packages/airflow/example_dags/example_branch_labels.py for tasks to queue
[2024-05-16T01:07:43.453+0000] {logging_mixin.py:188} INFO - [2024-05-16T01:07:43.452+0000] {dagbag.py:540} INFO - Filling up the DagBag from /home/airflow/.local/lib/python3.8/site-packages/airflow/example_dags/example_branch_labels.py
[2024-05-16T01:07:43.466+0000] {processor.py:840} INFO - DAG(s) 'example_branch_labels' retrieved from /home/airflow/.local/lib/python3.8/site-packages/airflow/example_dags/example_branch_labels.py
[2024-05-16T01:07:43.499+0000] {logging_mixin.py:188} INFO - [2024-05-16T01:07:43.499+0000] {dag.py:3047} INFO - Sync 1 DAGs
[2024-05-16T01:07:43.530+0000] {logging_mixin.py:188} INFO - [2024-05-16T01:07:43.530+0000] {dag.py:3834} INFO - Setting next_dagrun for example_branch_labels to 2024-05-15 00:00:00+00:00, run_after=2024-05-16 00:00:00+00:00
[2024-05-16T01:07:43.557+0000] {processor.py:183} INFO - Processing /home/airflow/.local/lib/python3.8/site-packages/airflow/example_dags/example_branch_labels.py took 0.115 seconds
[2024-05-16T01:08:13.869+0000] {processor.py:161} INFO - Started process (PID=1259) to work on /home/airflow/.local/lib/python3.8/site-packages/airflow/example_dags/example_branch_labels.py
[2024-05-16T01:08:13.870+0000] {processor.py:830} INFO - Processing file /home/airflow/.local/lib/python3.8/site-packages/airflow/example_dags/example_branch_labels.py for tasks to queue
[2024-05-16T01:08:13.872+0000] {logging_mixin.py:188} INFO - [2024-05-16T01:08:13.872+0000] {dagbag.py:540} INFO - Filling up the DagBag from /home/airflow/.local/lib/python3.8/site-packages/airflow/example_dags/example_branch_labels.py
[2024-05-16T01:08:13.878+0000] {processor.py:840} INFO - DAG(s) 'example_branch_labels' retrieved from /home/airflow/.local/lib/python3.8/site-packages/airflow/example_dags/example_branch_labels.py
[2024-05-16T01:08:13.902+0000] {logging_mixin.py:188} INFO - [2024-05-16T01:08:13.902+0000] {dag.py:3047} INFO - Sync 1 DAGs
[2024-05-16T01:08:13.923+0000] {logging_mixin.py:188} INFO - [2024-05-16T01:08:13.922+0000] {dag.py:3834} INFO - Setting next_dagrun for example_branch_labels to 2024-05-15 00:00:00+00:00, run_after=2024-05-16 00:00:00+00:00
[2024-05-16T01:08:13.947+0000] {processor.py:183} INFO - Processing /home/airflow/.local/lib/python3.8/site-packages/airflow/example_dags/example_branch_labels.py took 0.081 seconds
[2024-05-16T01:08:45.101+0000] {processor.py:161} INFO - Started process (PID=1320) to work on /home/airflow/.local/lib/python3.8/site-packages/airflow/example_dags/example_branch_labels.py
[2024-05-16T01:08:45.103+0000] {processor.py:830} INFO - Processing file /home/airflow/.local/lib/python3.8/site-packages/airflow/example_dags/example_branch_labels.py for tasks to queue
[2024-05-16T01:08:45.107+0000] {logging_mixin.py:188} INFO - [2024-05-16T01:08:45.106+0000] {dagbag.py:540} INFO - Filling up the DagBag from /home/airflow/.local/lib/python3.8/site-packages/airflow/example_dags/example_branch_labels.py
[2024-05-16T01:08:45.125+0000] {processor.py:840} INFO - DAG(s) 'example_branch_labels' retrieved from /home/airflow/.local/lib/python3.8/site-packages/airflow/example_dags/example_branch_labels.py
[2024-05-16T01:08:45.165+0000] {logging_mixin.py:188} INFO - [2024-05-16T01:08:45.165+0000] {dag.py:3047} INFO - Sync 1 DAGs
[2024-05-16T01:08:45.205+0000] {logging_mixin.py:188} INFO - [2024-05-16T01:08:45.205+0000] {dag.py:3834} INFO - Setting next_dagrun for example_branch_labels to 2024-05-15 00:00:00+00:00, run_after=2024-05-16 00:00:00+00:00
[2024-05-16T01:08:45.249+0000] {processor.py:183} INFO - Processing /home/airflow/.local/lib/python3.8/site-packages/airflow/example_dags/example_branch_labels.py took 0.154 seconds
[2024-05-16T01:09:15.465+0000] {processor.py:161} INFO - Started process (PID=1377) to work on /home/airflow/.local/lib/python3.8/site-packages/airflow/example_dags/example_branch_labels.py
[2024-05-16T01:09:15.467+0000] {processor.py:830} INFO - Processing file /home/airflow/.local/lib/python3.8/site-packages/airflow/example_dags/example_branch_labels.py for tasks to queue
[2024-05-16T01:09:15.471+0000] {logging_mixin.py:188} INFO - [2024-05-16T01:09:15.470+0000] {dagbag.py:540} INFO - Filling up the DagBag from /home/airflow/.local/lib/python3.8/site-packages/airflow/example_dags/example_branch_labels.py
[2024-05-16T01:09:15.481+0000] {processor.py:840} INFO - DAG(s) 'example_branch_labels' retrieved from /home/airflow/.local/lib/python3.8/site-packages/airflow/example_dags/example_branch_labels.py
[2024-05-16T01:09:15.516+0000] {logging_mixin.py:188} INFO - [2024-05-16T01:09:15.516+0000] {dag.py:3047} INFO - Sync 1 DAGs
[2024-05-16T01:09:15.552+0000] {logging_mixin.py:188} INFO - [2024-05-16T01:09:15.552+0000] {dag.py:3834} INFO - Setting next_dagrun for example_branch_labels to 2024-05-15 00:00:00+00:00, run_after=2024-05-16 00:00:00+00:00
[2024-05-16T01:09:15.591+0000] {processor.py:183} INFO - Processing /home/airflow/.local/lib/python3.8/site-packages/airflow/example_dags/example_branch_labels.py took 0.132 seconds
[2024-05-16T01:09:45.722+0000] {processor.py:161} INFO - Started process (PID=1436) to work on /home/airflow/.local/lib/python3.8/site-packages/airflow/example_dags/example_branch_labels.py
[2024-05-16T01:09:45.724+0000] {processor.py:830} INFO - Processing file /home/airflow/.local/lib/python3.8/site-packages/airflow/example_dags/example_branch_labels.py for tasks to queue
[2024-05-16T01:09:45.726+0000] {logging_mixin.py:188} INFO - [2024-05-16T01:09:45.726+0000] {dagbag.py:540} INFO - Filling up the DagBag from /home/airflow/.local/lib/python3.8/site-packages/airflow/example_dags/example_branch_labels.py
[2024-05-16T01:09:45.734+0000] {processor.py:840} INFO - DAG(s) 'example_branch_labels' retrieved from /home/airflow/.local/lib/python3.8/site-packages/airflow/example_dags/example_branch_labels.py
[2024-05-16T01:09:45.757+0000] {logging_mixin.py:188} INFO - [2024-05-16T01:09:45.757+0000] {dag.py:3047} INFO - Sync 1 DAGs
[2024-05-16T01:09:45.783+0000] {logging_mixin.py:188} INFO - [2024-05-16T01:09:45.782+0000] {dag.py:3834} INFO - Setting next_dagrun for example_branch_labels to 2024-05-15 00:00:00+00:00, run_after=2024-05-16 00:00:00+00:00
[2024-05-16T01:09:45.816+0000] {processor.py:183} INFO - Processing /home/airflow/.local/lib/python3.8/site-packages/airflow/example_dags/example_branch_labels.py took 0.097 seconds
[2024-05-16T01:10:15.904+0000] {processor.py:161} INFO - Started process (PID=1495) to work on /home/airflow/.local/lib/python3.8/site-packages/airflow/example_dags/example_branch_labels.py
[2024-05-16T01:10:15.905+0000] {processor.py:830} INFO - Processing file /home/airflow/.local/lib/python3.8/site-packages/airflow/example_dags/example_branch_labels.py for tasks to queue
[2024-05-16T01:10:15.907+0000] {logging_mixin.py:188} INFO - [2024-05-16T01:10:15.907+0000] {dagbag.py:540} INFO - Filling up the DagBag from /home/airflow/.local/lib/python3.8/site-packages/airflow/example_dags/example_branch_labels.py
[2024-05-16T01:10:15.916+0000] {processor.py:840} INFO - DAG(s) 'example_branch_labels' retrieved from /home/airflow/.local/lib/python3.8/site-packages/airflow/example_dags/example_branch_labels.py
[2024-05-16T01:10:15.936+0000] {logging_mixin.py:188} INFO - [2024-05-16T01:10:15.936+0000] {dag.py:3047} INFO - Sync 1 DAGs
[2024-05-16T01:10:15.964+0000] {logging_mixin.py:188} INFO - [2024-05-16T01:10:15.964+0000] {dag.py:3834} INFO - Setting next_dagrun for example_branch_labels to 2024-05-15 00:00:00+00:00, run_after=2024-05-16 00:00:00+00:00
[2024-05-16T01:10:15.995+0000] {processor.py:183} INFO - Processing /home/airflow/.local/lib/python3.8/site-packages/airflow/example_dags/example_branch_labels.py took 0.095 seconds
[2024-05-16T01:10:46.175+0000] {processor.py:161} INFO - Started process (PID=1554) to work on /home/airflow/.local/lib/python3.8/site-packages/airflow/example_dags/example_branch_labels.py
[2024-05-16T01:10:46.176+0000] {processor.py:830} INFO - Processing file /home/airflow/.local/lib/python3.8/site-packages/airflow/example_dags/example_branch_labels.py for tasks to queue
[2024-05-16T01:10:46.178+0000] {logging_mixin.py:188} INFO - [2024-05-16T01:10:46.177+0000] {dagbag.py:540} INFO - Filling up the DagBag from /home/airflow/.local/lib/python3.8/site-packages/airflow/example_dags/example_branch_labels.py
[2024-05-16T01:10:46.186+0000] {processor.py:840} INFO - DAG(s) 'example_branch_labels' retrieved from /home/airflow/.local/lib/python3.8/site-packages/airflow/example_dags/example_branch_labels.py
[2024-05-16T01:10:46.207+0000] {logging_mixin.py:188} INFO - [2024-05-16T01:10:46.207+0000] {dag.py:3047} INFO - Sync 1 DAGs
[2024-05-16T01:10:46.227+0000] {logging_mixin.py:188} INFO - [2024-05-16T01:10:46.227+0000] {dag.py:3834} INFO - Setting next_dagrun for example_branch_labels to 2024-05-15 00:00:00+00:00, run_after=2024-05-16 00:00:00+00:00
[2024-05-16T01:10:46.247+0000] {processor.py:183} INFO - Processing /home/airflow/.local/lib/python3.8/site-packages/airflow/example_dags/example_branch_labels.py took 0.075 seconds
[2024-05-16T01:11:17.184+0000] {processor.py:161} INFO - Started process (PID=1613) to work on /home/airflow/.local/lib/python3.8/site-packages/airflow/example_dags/example_branch_labels.py
[2024-05-16T01:11:17.186+0000] {processor.py:830} INFO - Processing file /home/airflow/.local/lib/python3.8/site-packages/airflow/example_dags/example_branch_labels.py for tasks to queue
[2024-05-16T01:11:17.188+0000] {logging_mixin.py:188} INFO - [2024-05-16T01:11:17.188+0000] {dagbag.py:540} INFO - Filling up the DagBag from /home/airflow/.local/lib/python3.8/site-packages/airflow/example_dags/example_branch_labels.py
[2024-05-16T01:11:17.197+0000] {processor.py:840} INFO - DAG(s) 'example_branch_labels' retrieved from /home/airflow/.local/lib/python3.8/site-packages/airflow/example_dags/example_branch_labels.py
[2024-05-16T01:11:17.223+0000] {logging_mixin.py:188} INFO - [2024-05-16T01:11:17.223+0000] {dag.py:3047} INFO - Sync 1 DAGs
[2024-05-16T01:11:17.247+0000] {logging_mixin.py:188} INFO - [2024-05-16T01:11:17.246+0000] {dag.py:3834} INFO - Setting next_dagrun for example_branch_labels to 2024-05-15 00:00:00+00:00, run_after=2024-05-16 00:00:00+00:00
[2024-05-16T01:11:17.273+0000] {processor.py:183} INFO - Processing /home/airflow/.local/lib/python3.8/site-packages/airflow/example_dags/example_branch_labels.py took 0.093 seconds
[2024-05-16T01:11:47.396+0000] {processor.py:161} INFO - Started process (PID=1672) to work on /home/airflow/.local/lib/python3.8/site-packages/airflow/example_dags/example_branch_labels.py
[2024-05-16T01:11:47.398+0000] {processor.py:830} INFO - Processing file /home/airflow/.local/lib/python3.8/site-packages/airflow/example_dags/example_branch_labels.py for tasks to queue
[2024-05-16T01:11:47.400+0000] {logging_mixin.py:188} INFO - [2024-05-16T01:11:47.400+0000] {dagbag.py:540} INFO - Filling up the DagBag from /home/airflow/.local/lib/python3.8/site-packages/airflow/example_dags/example_branch_labels.py
[2024-05-16T01:11:47.407+0000] {processor.py:840} INFO - DAG(s) 'example_branch_labels' retrieved from /home/airflow/.local/lib/python3.8/site-packages/airflow/example_dags/example_branch_labels.py
[2024-05-16T01:11:47.429+0000] {logging_mixin.py:188} INFO - [2024-05-16T01:11:47.428+0000] {dag.py:3047} INFO - Sync 1 DAGs
[2024-05-16T01:11:47.449+0000] {logging_mixin.py:188} INFO - [2024-05-16T01:11:47.449+0000] {dag.py:3834} INFO - Setting next_dagrun for example_branch_labels to 2024-05-15 00:00:00+00:00, run_after=2024-05-16 00:00:00+00:00
[2024-05-16T01:11:47.470+0000] {processor.py:183} INFO - Processing /home/airflow/.local/lib/python3.8/site-packages/airflow/example_dags/example_branch_labels.py took 0.077 seconds
[2024-05-16T01:12:17.798+0000] {processor.py:161} INFO - Started process (PID=1731) to work on /home/airflow/.local/lib/python3.8/site-packages/airflow/example_dags/example_branch_labels.py
[2024-05-16T01:12:17.800+0000] {processor.py:830} INFO - Processing file /home/airflow/.local/lib/python3.8/site-packages/airflow/example_dags/example_branch_labels.py for tasks to queue
[2024-05-16T01:12:17.801+0000] {logging_mixin.py:188} INFO - [2024-05-16T01:12:17.801+0000] {dagbag.py:540} INFO - Filling up the DagBag from /home/airflow/.local/lib/python3.8/site-packages/airflow/example_dags/example_branch_labels.py
[2024-05-16T01:12:17.809+0000] {processor.py:840} INFO - DAG(s) 'example_branch_labels' retrieved from /home/airflow/.local/lib/python3.8/site-packages/airflow/example_dags/example_branch_labels.py
[2024-05-16T01:12:17.828+0000] {logging_mixin.py:188} INFO - [2024-05-16T01:12:17.828+0000] {dag.py:3047} INFO - Sync 1 DAGs
[2024-05-16T01:12:17.849+0000] {logging_mixin.py:188} INFO - [2024-05-16T01:12:17.849+0000] {dag.py:3834} INFO - Setting next_dagrun for example_branch_labels to 2024-05-15 00:00:00+00:00, run_after=2024-05-16 00:00:00+00:00
[2024-05-16T01:12:17.870+0000] {processor.py:183} INFO - Processing /home/airflow/.local/lib/python3.8/site-packages/airflow/example_dags/example_branch_labels.py took 0.075 seconds
[2024-05-16T01:12:48.357+0000] {processor.py:161} INFO - Started process (PID=1790) to work on /home/airflow/.local/lib/python3.8/site-packages/airflow/example_dags/example_branch_labels.py
[2024-05-16T01:12:48.359+0000] {processor.py:830} INFO - Processing file /home/airflow/.local/lib/python3.8/site-packages/airflow/example_dags/example_branch_labels.py for tasks to queue
[2024-05-16T01:12:48.362+0000] {logging_mixin.py:188} INFO - [2024-05-16T01:12:48.361+0000] {dagbag.py:540} INFO - Filling up the DagBag from /home/airflow/.local/lib/python3.8/site-packages/airflow/example_dags/example_branch_labels.py
[2024-05-16T01:12:48.372+0000] {processor.py:840} INFO - DAG(s) 'example_branch_labels' retrieved from /home/airflow/.local/lib/python3.8/site-packages/airflow/example_dags/example_branch_labels.py
[2024-05-16T01:12:48.400+0000] {logging_mixin.py:188} INFO - [2024-05-16T01:12:48.400+0000] {dag.py:3047} INFO - Sync 1 DAGs
[2024-05-16T01:12:48.429+0000] {logging_mixin.py:188} INFO - [2024-05-16T01:12:48.429+0000] {dag.py:3834} INFO - Setting next_dagrun for example_branch_labels to 2024-05-15 00:00:00+00:00, run_after=2024-05-16 00:00:00+00:00
[2024-05-16T01:12:48.463+0000] {processor.py:183} INFO - Processing /home/airflow/.local/lib/python3.8/site-packages/airflow/example_dags/example_branch_labels.py took 0.111 seconds
[2024-05-16T01:13:19.314+0000] {processor.py:161} INFO - Started process (PID=1849) to work on /home/airflow/.local/lib/python3.8/site-packages/airflow/example_dags/example_branch_labels.py
[2024-05-16T01:13:19.316+0000] {processor.py:830} INFO - Processing file /home/airflow/.local/lib/python3.8/site-packages/airflow/example_dags/example_branch_labels.py for tasks to queue
[2024-05-16T01:13:19.318+0000] {logging_mixin.py:188} INFO - [2024-05-16T01:13:19.318+0000] {dagbag.py:540} INFO - Filling up the DagBag from /home/airflow/.local/lib/python3.8/site-packages/airflow/example_dags/example_branch_labels.py
[2024-05-16T01:13:19.327+0000] {processor.py:840} INFO - DAG(s) 'example_branch_labels' retrieved from /home/airflow/.local/lib/python3.8/site-packages/airflow/example_dags/example_branch_labels.py
[2024-05-16T01:13:19.357+0000] {logging_mixin.py:188} INFO - [2024-05-16T01:13:19.356+0000] {dag.py:3047} INFO - Sync 1 DAGs
[2024-05-16T01:13:19.381+0000] {logging_mixin.py:188} INFO - [2024-05-16T01:13:19.381+0000] {dag.py:3834} INFO - Setting next_dagrun for example_branch_labels to 2024-05-15 00:00:00+00:00, run_after=2024-05-16 00:00:00+00:00
[2024-05-16T01:13:19.409+0000] {processor.py:183} INFO - Processing /home/airflow/.local/lib/python3.8/site-packages/airflow/example_dags/example_branch_labels.py took 0.098 seconds
[2024-05-16T01:13:49.636+0000] {processor.py:161} INFO - Started process (PID=1908) to work on /home/airflow/.local/lib/python3.8/site-packages/airflow/example_dags/example_branch_labels.py
[2024-05-16T01:13:49.638+0000] {processor.py:830} INFO - Processing file /home/airflow/.local/lib/python3.8/site-packages/airflow/example_dags/example_branch_labels.py for tasks to queue
[2024-05-16T01:13:49.640+0000] {logging_mixin.py:188} INFO - [2024-05-16T01:13:49.640+0000] {dagbag.py:540} INFO - Filling up the DagBag from /home/airflow/.local/lib/python3.8/site-packages/airflow/example_dags/example_branch_labels.py
[2024-05-16T01:13:49.648+0000] {processor.py:840} INFO - DAG(s) 'example_branch_labels' retrieved from /home/airflow/.local/lib/python3.8/site-packages/airflow/example_dags/example_branch_labels.py
[2024-05-16T01:13:49.670+0000] {logging_mixin.py:188} INFO - [2024-05-16T01:13:49.670+0000] {dag.py:3047} INFO - Sync 1 DAGs
[2024-05-16T01:13:49.694+0000] {logging_mixin.py:188} INFO - [2024-05-16T01:13:49.694+0000] {dag.py:3834} INFO - Setting next_dagrun for example_branch_labels to 2024-05-15 00:00:00+00:00, run_after=2024-05-16 00:00:00+00:00
[2024-05-16T01:13:49.717+0000] {processor.py:183} INFO - Processing /home/airflow/.local/lib/python3.8/site-packages/airflow/example_dags/example_branch_labels.py took 0.084 seconds
[2024-05-16T01:14:20.284+0000] {processor.py:161} INFO - Started process (PID=1967) to work on /home/airflow/.local/lib/python3.8/site-packages/airflow/example_dags/example_branch_labels.py
[2024-05-16T01:14:20.285+0000] {processor.py:830} INFO - Processing file /home/airflow/.local/lib/python3.8/site-packages/airflow/example_dags/example_branch_labels.py for tasks to queue
[2024-05-16T01:14:20.288+0000] {logging_mixin.py:188} INFO - [2024-05-16T01:14:20.288+0000] {dagbag.py:540} INFO - Filling up the DagBag from /home/airflow/.local/lib/python3.8/site-packages/airflow/example_dags/example_branch_labels.py
[2024-05-16T01:14:20.297+0000] {processor.py:840} INFO - DAG(s) 'example_branch_labels' retrieved from /home/airflow/.local/lib/python3.8/site-packages/airflow/example_dags/example_branch_labels.py
[2024-05-16T01:14:20.326+0000] {logging_mixin.py:188} INFO - [2024-05-16T01:14:20.326+0000] {dag.py:3047} INFO - Sync 1 DAGs
[2024-05-16T01:14:20.354+0000] {logging_mixin.py:188} INFO - [2024-05-16T01:14:20.353+0000] {dag.py:3834} INFO - Setting next_dagrun for example_branch_labels to 2024-05-15 00:00:00+00:00, run_after=2024-05-16 00:00:00+00:00
[2024-05-16T01:14:20.385+0000] {processor.py:183} INFO - Processing /home/airflow/.local/lib/python3.8/site-packages/airflow/example_dags/example_branch_labels.py took 0.105 seconds
[2024-05-16T01:14:50.835+0000] {processor.py:161} INFO - Started process (PID=2026) to work on /home/airflow/.local/lib/python3.8/site-packages/airflow/example_dags/example_branch_labels.py
[2024-05-16T01:14:50.837+0000] {processor.py:830} INFO - Processing file /home/airflow/.local/lib/python3.8/site-packages/airflow/example_dags/example_branch_labels.py for tasks to queue
[2024-05-16T01:14:50.841+0000] {logging_mixin.py:188} INFO - [2024-05-16T01:14:50.840+0000] {dagbag.py:540} INFO - Filling up the DagBag from /home/airflow/.local/lib/python3.8/site-packages/airflow/example_dags/example_branch_labels.py
[2024-05-16T01:14:50.855+0000] {processor.py:840} INFO - DAG(s) 'example_branch_labels' retrieved from /home/airflow/.local/lib/python3.8/site-packages/airflow/example_dags/example_branch_labels.py
[2024-05-16T01:14:50.894+0000] {logging_mixin.py:188} INFO - [2024-05-16T01:14:50.893+0000] {dag.py:3047} INFO - Sync 1 DAGs
[2024-05-16T01:14:50.943+0000] {logging_mixin.py:188} INFO - [2024-05-16T01:14:50.943+0000] {dag.py:3834} INFO - Setting next_dagrun for example_branch_labels to 2024-05-15 00:00:00+00:00, run_after=2024-05-16 00:00:00+00:00
[2024-05-16T01:14:50.983+0000] {processor.py:183} INFO - Processing /home/airflow/.local/lib/python3.8/site-packages/airflow/example_dags/example_branch_labels.py took 0.153 seconds
[2024-05-16T01:15:21.809+0000] {processor.py:161} INFO - Started process (PID=2085) to work on /home/airflow/.local/lib/python3.8/site-packages/airflow/example_dags/example_branch_labels.py
[2024-05-16T01:15:21.811+0000] {processor.py:830} INFO - Processing file /home/airflow/.local/lib/python3.8/site-packages/airflow/example_dags/example_branch_labels.py for tasks to queue
[2024-05-16T01:15:21.814+0000] {logging_mixin.py:188} INFO - [2024-05-16T01:15:21.814+0000] {dagbag.py:540} INFO - Filling up the DagBag from /home/airflow/.local/lib/python3.8/site-packages/airflow/example_dags/example_branch_labels.py
[2024-05-16T01:15:21.825+0000] {processor.py:840} INFO - DAG(s) 'example_branch_labels' retrieved from /home/airflow/.local/lib/python3.8/site-packages/airflow/example_dags/example_branch_labels.py
[2024-05-16T01:15:21.856+0000] {logging_mixin.py:188} INFO - [2024-05-16T01:15:21.855+0000] {dag.py:3047} INFO - Sync 1 DAGs
[2024-05-16T01:15:21.887+0000] {logging_mixin.py:188} INFO - [2024-05-16T01:15:21.887+0000] {dag.py:3834} INFO - Setting next_dagrun for example_branch_labels to 2024-05-15 00:00:00+00:00, run_after=2024-05-16 00:00:00+00:00
[2024-05-16T01:15:21.921+0000] {processor.py:183} INFO - Processing /home/airflow/.local/lib/python3.8/site-packages/airflow/example_dags/example_branch_labels.py took 0.118 seconds
[2024-05-16T01:15:52.185+0000] {processor.py:161} INFO - Started process (PID=2144) to work on /home/airflow/.local/lib/python3.8/site-packages/airflow/example_dags/example_branch_labels.py
[2024-05-16T01:15:52.186+0000] {processor.py:830} INFO - Processing file /home/airflow/.local/lib/python3.8/site-packages/airflow/example_dags/example_branch_labels.py for tasks to queue
[2024-05-16T01:15:52.189+0000] {logging_mixin.py:188} INFO - [2024-05-16T01:15:52.189+0000] {dagbag.py:540} INFO - Filling up the DagBag from /home/airflow/.local/lib/python3.8/site-packages/airflow/example_dags/example_branch_labels.py
[2024-05-16T01:15:52.198+0000] {processor.py:840} INFO - DAG(s) 'example_branch_labels' retrieved from /home/airflow/.local/lib/python3.8/site-packages/airflow/example_dags/example_branch_labels.py
[2024-05-16T01:15:52.227+0000] {logging_mixin.py:188} INFO - [2024-05-16T01:15:52.226+0000] {dag.py:3047} INFO - Sync 1 DAGs
[2024-05-16T01:15:52.251+0000] {logging_mixin.py:188} INFO - [2024-05-16T01:15:52.251+0000] {dag.py:3834} INFO - Setting next_dagrun for example_branch_labels to 2024-05-15 00:00:00+00:00, run_after=2024-05-16 00:00:00+00:00
[2024-05-16T01:15:52.278+0000] {processor.py:183} INFO - Processing /home/airflow/.local/lib/python3.8/site-packages/airflow/example_dags/example_branch_labels.py took 0.096 seconds
[2024-05-16T01:16:22.669+0000] {processor.py:161} INFO - Started process (PID=2203) to work on /home/airflow/.local/lib/python3.8/site-packages/airflow/example_dags/example_branch_labels.py
[2024-05-16T01:16:22.672+0000] {processor.py:830} INFO - Processing file /home/airflow/.local/lib/python3.8/site-packages/airflow/example_dags/example_branch_labels.py for tasks to queue
[2024-05-16T01:16:22.675+0000] {logging_mixin.py:188} INFO - [2024-05-16T01:16:22.675+0000] {dagbag.py:540} INFO - Filling up the DagBag from /home/airflow/.local/lib/python3.8/site-packages/airflow/example_dags/example_branch_labels.py
[2024-05-16T01:16:22.688+0000] {processor.py:840} INFO - DAG(s) 'example_branch_labels' retrieved from /home/airflow/.local/lib/python3.8/site-packages/airflow/example_dags/example_branch_labels.py
[2024-05-16T01:16:22.724+0000] {logging_mixin.py:188} INFO - [2024-05-16T01:16:22.723+0000] {dag.py:3047} INFO - Sync 1 DAGs
[2024-05-16T01:16:22.755+0000] {logging_mixin.py:188} INFO - [2024-05-16T01:16:22.755+0000] {dag.py:3834} INFO - Setting next_dagrun for example_branch_labels to 2024-05-15 00:00:00+00:00, run_after=2024-05-16 00:00:00+00:00
[2024-05-16T01:16:22.783+0000] {processor.py:183} INFO - Processing /home/airflow/.local/lib/python3.8/site-packages/airflow/example_dags/example_branch_labels.py took 0.119 seconds
[2024-05-16T01:16:53.426+0000] {processor.py:161} INFO - Started process (PID=2262) to work on /home/airflow/.local/lib/python3.8/site-packages/airflow/example_dags/example_branch_labels.py
[2024-05-16T01:16:53.428+0000] {processor.py:830} INFO - Processing file /home/airflow/.local/lib/python3.8/site-packages/airflow/example_dags/example_branch_labels.py for tasks to queue
[2024-05-16T01:16:53.431+0000] {logging_mixin.py:188} INFO - [2024-05-16T01:16:53.430+0000] {dagbag.py:540} INFO - Filling up the DagBag from /home/airflow/.local/lib/python3.8/site-packages/airflow/example_dags/example_branch_labels.py
[2024-05-16T01:16:53.442+0000] {processor.py:840} INFO - DAG(s) 'example_branch_labels' retrieved from /home/airflow/.local/lib/python3.8/site-packages/airflow/example_dags/example_branch_labels.py
[2024-05-16T01:16:53.465+0000] {logging_mixin.py:188} INFO - [2024-05-16T01:16:53.464+0000] {dag.py:3047} INFO - Sync 1 DAGs
[2024-05-16T01:16:53.490+0000] {logging_mixin.py:188} INFO - [2024-05-16T01:16:53.490+0000] {dag.py:3834} INFO - Setting next_dagrun for example_branch_labels to 2024-05-15 00:00:00+00:00, run_after=2024-05-16 00:00:00+00:00
[2024-05-16T01:16:53.516+0000] {processor.py:183} INFO - Processing /home/airflow/.local/lib/python3.8/site-packages/airflow/example_dags/example_branch_labels.py took 0.093 seconds
[2024-05-16T01:17:24.351+0000] {processor.py:161} INFO - Started process (PID=2321) to work on /home/airflow/.local/lib/python3.8/site-packages/airflow/example_dags/example_branch_labels.py
[2024-05-16T01:17:24.352+0000] {processor.py:830} INFO - Processing file /home/airflow/.local/lib/python3.8/site-packages/airflow/example_dags/example_branch_labels.py for tasks to queue
[2024-05-16T01:17:24.355+0000] {logging_mixin.py:188} INFO - [2024-05-16T01:17:24.355+0000] {dagbag.py:540} INFO - Filling up the DagBag from /home/airflow/.local/lib/python3.8/site-packages/airflow/example_dags/example_branch_labels.py
[2024-05-16T01:17:24.363+0000] {processor.py:840} INFO - DAG(s) 'example_branch_labels' retrieved from /home/airflow/.local/lib/python3.8/site-packages/airflow/example_dags/example_branch_labels.py
[2024-05-16T01:17:24.385+0000] {logging_mixin.py:188} INFO - [2024-05-16T01:17:24.384+0000] {dag.py:3047} INFO - Sync 1 DAGs
[2024-05-16T01:17:24.412+0000] {logging_mixin.py:188} INFO - [2024-05-16T01:17:24.411+0000] {dag.py:3834} INFO - Setting next_dagrun for example_branch_labels to 2024-05-15 00:00:00+00:00, run_after=2024-05-16 00:00:00+00:00
[2024-05-16T01:17:24.436+0000] {processor.py:183} INFO - Processing /home/airflow/.local/lib/python3.8/site-packages/airflow/example_dags/example_branch_labels.py took 0.088 seconds
[2024-05-16T01:17:56.179+0000] {processor.py:161} INFO - Started process (PID=2380) to work on /home/airflow/.local/lib/python3.8/site-packages/airflow/example_dags/example_branch_labels.py
[2024-05-16T01:17:56.182+0000] {processor.py:830} INFO - Processing file /home/airflow/.local/lib/python3.8/site-packages/airflow/example_dags/example_branch_labels.py for tasks to queue
[2024-05-16T01:17:56.186+0000] {logging_mixin.py:188} INFO - [2024-05-16T01:17:56.185+0000] {dagbag.py:540} INFO - Filling up the DagBag from /home/airflow/.local/lib/python3.8/site-packages/airflow/example_dags/example_branch_labels.py
[2024-05-16T01:17:56.199+0000] {processor.py:840} INFO - DAG(s) 'example_branch_labels' retrieved from /home/airflow/.local/lib/python3.8/site-packages/airflow/example_dags/example_branch_labels.py
[2024-05-16T01:17:56.230+0000] {logging_mixin.py:188} INFO - [2024-05-16T01:17:56.230+0000] {dag.py:3047} INFO - Sync 1 DAGs
[2024-05-16T01:17:56.265+0000] {logging_mixin.py:188} INFO - [2024-05-16T01:17:56.264+0000] {dag.py:3834} INFO - Setting next_dagrun for example_branch_labels to 2024-05-15 00:00:00+00:00, run_after=2024-05-16 00:00:00+00:00
[2024-05-16T01:17:56.301+0000] {processor.py:183} INFO - Processing /home/airflow/.local/lib/python3.8/site-packages/airflow/example_dags/example_branch_labels.py took 0.127 seconds
[2024-05-16T01:18:26.866+0000] {processor.py:161} INFO - Started process (PID=2439) to work on /home/airflow/.local/lib/python3.8/site-packages/airflow/example_dags/example_branch_labels.py
[2024-05-16T01:18:26.868+0000] {processor.py:830} INFO - Processing file /home/airflow/.local/lib/python3.8/site-packages/airflow/example_dags/example_branch_labels.py for tasks to queue
[2024-05-16T01:18:26.871+0000] {logging_mixin.py:188} INFO - [2024-05-16T01:18:26.871+0000] {dagbag.py:540} INFO - Filling up the DagBag from /home/airflow/.local/lib/python3.8/site-packages/airflow/example_dags/example_branch_labels.py
[2024-05-16T01:18:26.884+0000] {processor.py:840} INFO - DAG(s) 'example_branch_labels' retrieved from /home/airflow/.local/lib/python3.8/site-packages/airflow/example_dags/example_branch_labels.py
[2024-05-16T01:18:26.918+0000] {logging_mixin.py:188} INFO - [2024-05-16T01:18:26.917+0000] {dag.py:3047} INFO - Sync 1 DAGs
[2024-05-16T01:18:26.951+0000] {logging_mixin.py:188} INFO - [2024-05-16T01:18:26.950+0000] {dag.py:3834} INFO - Setting next_dagrun for example_branch_labels to 2024-05-15 00:00:00+00:00, run_after=2024-05-16 00:00:00+00:00
[2024-05-16T01:18:27.019+0000] {processor.py:183} INFO - Processing /home/airflow/.local/lib/python3.8/site-packages/airflow/example_dags/example_branch_labels.py took 0.158 seconds
[2024-05-16T01:18:57.730+0000] {processor.py:161} INFO - Started process (PID=2498) to work on /home/airflow/.local/lib/python3.8/site-packages/airflow/example_dags/example_branch_labels.py
[2024-05-16T01:18:57.733+0000] {processor.py:830} INFO - Processing file /home/airflow/.local/lib/python3.8/site-packages/airflow/example_dags/example_branch_labels.py for tasks to queue
[2024-05-16T01:18:57.736+0000] {logging_mixin.py:188} INFO - [2024-05-16T01:18:57.735+0000] {dagbag.py:540} INFO - Filling up the DagBag from /home/airflow/.local/lib/python3.8/site-packages/airflow/example_dags/example_branch_labels.py
[2024-05-16T01:18:57.749+0000] {processor.py:840} INFO - DAG(s) 'example_branch_labels' retrieved from /home/airflow/.local/lib/python3.8/site-packages/airflow/example_dags/example_branch_labels.py
[2024-05-16T01:18:57.786+0000] {logging_mixin.py:188} INFO - [2024-05-16T01:18:57.786+0000] {dag.py:3047} INFO - Sync 1 DAGs
[2024-05-16T01:18:57.823+0000] {logging_mixin.py:188} INFO - [2024-05-16T01:18:57.823+0000] {dag.py:3834} INFO - Setting next_dagrun for example_branch_labels to 2024-05-15 00:00:00+00:00, run_after=2024-05-16 00:00:00+00:00
[2024-05-16T01:18:57.859+0000] {processor.py:183} INFO - Processing /home/airflow/.local/lib/python3.8/site-packages/airflow/example_dags/example_branch_labels.py took 0.135 seconds
[2024-05-16T01:19:28.241+0000] {processor.py:161} INFO - Started process (PID=2557) to work on /home/airflow/.local/lib/python3.8/site-packages/airflow/example_dags/example_branch_labels.py
[2024-05-16T01:19:28.243+0000] {processor.py:830} INFO - Processing file /home/airflow/.local/lib/python3.8/site-packages/airflow/example_dags/example_branch_labels.py for tasks to queue
[2024-05-16T01:19:28.246+0000] {logging_mixin.py:188} INFO - [2024-05-16T01:19:28.246+0000] {dagbag.py:540} INFO - Filling up the DagBag from /home/airflow/.local/lib/python3.8/site-packages/airflow/example_dags/example_branch_labels.py
[2024-05-16T01:19:28.260+0000] {processor.py:840} INFO - DAG(s) 'example_branch_labels' retrieved from /home/airflow/.local/lib/python3.8/site-packages/airflow/example_dags/example_branch_labels.py
[2024-05-16T01:19:28.293+0000] {logging_mixin.py:188} INFO - [2024-05-16T01:19:28.292+0000] {dag.py:3047} INFO - Sync 1 DAGs
[2024-05-16T01:19:28.328+0000] {logging_mixin.py:188} INFO - [2024-05-16T01:19:28.328+0000] {dag.py:3834} INFO - Setting next_dagrun for example_branch_labels to 2024-05-15 00:00:00+00:00, run_after=2024-05-16 00:00:00+00:00
[2024-05-16T01:19:28.363+0000] {processor.py:183} INFO - Processing /home/airflow/.local/lib/python3.8/site-packages/airflow/example_dags/example_branch_labels.py took 0.127 seconds
[2024-05-16T01:19:59.106+0000] {processor.py:161} INFO - Started process (PID=2616) to work on /home/airflow/.local/lib/python3.8/site-packages/airflow/example_dags/example_branch_labels.py
[2024-05-16T01:19:59.108+0000] {processor.py:830} INFO - Processing file /home/airflow/.local/lib/python3.8/site-packages/airflow/example_dags/example_branch_labels.py for tasks to queue
[2024-05-16T01:19:59.112+0000] {logging_mixin.py:188} INFO - [2024-05-16T01:19:59.111+0000] {dagbag.py:540} INFO - Filling up the DagBag from /home/airflow/.local/lib/python3.8/site-packages/airflow/example_dags/example_branch_labels.py
[2024-05-16T01:19:59.126+0000] {processor.py:840} INFO - DAG(s) 'example_branch_labels' retrieved from /home/airflow/.local/lib/python3.8/site-packages/airflow/example_dags/example_branch_labels.py
[2024-05-16T01:19:59.160+0000] {logging_mixin.py:188} INFO - [2024-05-16T01:19:59.160+0000] {dag.py:3047} INFO - Sync 1 DAGs
[2024-05-16T01:19:59.208+0000] {logging_mixin.py:188} INFO - [2024-05-16T01:19:59.207+0000] {dag.py:3834} INFO - Setting next_dagrun for example_branch_labels to 2024-05-15 00:00:00+00:00, run_after=2024-05-16 00:00:00+00:00
[2024-05-16T01:19:59.243+0000] {processor.py:183} INFO - Processing /home/airflow/.local/lib/python3.8/site-packages/airflow/example_dags/example_branch_labels.py took 0.142 seconds
[2024-05-16T01:20:29.628+0000] {processor.py:161} INFO - Started process (PID=2675) to work on /home/airflow/.local/lib/python3.8/site-packages/airflow/example_dags/example_branch_labels.py
[2024-05-16T01:20:29.630+0000] {processor.py:830} INFO - Processing file /home/airflow/.local/lib/python3.8/site-packages/airflow/example_dags/example_branch_labels.py for tasks to queue
[2024-05-16T01:20:29.633+0000] {logging_mixin.py:188} INFO - [2024-05-16T01:20:29.632+0000] {dagbag.py:540} INFO - Filling up the DagBag from /home/airflow/.local/lib/python3.8/site-packages/airflow/example_dags/example_branch_labels.py
[2024-05-16T01:20:29.644+0000] {processor.py:840} INFO - DAG(s) 'example_branch_labels' retrieved from /home/airflow/.local/lib/python3.8/site-packages/airflow/example_dags/example_branch_labels.py
[2024-05-16T01:20:29.676+0000] {logging_mixin.py:188} INFO - [2024-05-16T01:20:29.675+0000] {dag.py:3047} INFO - Sync 1 DAGs
[2024-05-16T01:20:29.713+0000] {logging_mixin.py:188} INFO - [2024-05-16T01:20:29.713+0000] {dag.py:3834} INFO - Setting next_dagrun for example_branch_labels to 2024-05-15 00:00:00+00:00, run_after=2024-05-16 00:00:00+00:00
[2024-05-16T01:20:29.742+0000] {processor.py:183} INFO - Processing /home/airflow/.local/lib/python3.8/site-packages/airflow/example_dags/example_branch_labels.py took 0.118 seconds
[2024-05-16T01:21:01.193+0000] {processor.py:161} INFO - Started process (PID=2734) to work on /home/airflow/.local/lib/python3.8/site-packages/airflow/example_dags/example_branch_labels.py
[2024-05-16T01:21:01.196+0000] {processor.py:830} INFO - Processing file /home/airflow/.local/lib/python3.8/site-packages/airflow/example_dags/example_branch_labels.py for tasks to queue
[2024-05-16T01:21:01.200+0000] {logging_mixin.py:188} INFO - [2024-05-16T01:21:01.199+0000] {dagbag.py:540} INFO - Filling up the DagBag from /home/airflow/.local/lib/python3.8/site-packages/airflow/example_dags/example_branch_labels.py
[2024-05-16T01:21:01.215+0000] {processor.py:840} INFO - DAG(s) 'example_branch_labels' retrieved from /home/airflow/.local/lib/python3.8/site-packages/airflow/example_dags/example_branch_labels.py
[2024-05-16T01:21:01.252+0000] {logging_mixin.py:188} INFO - [2024-05-16T01:21:01.251+0000] {dag.py:3047} INFO - Sync 1 DAGs
[2024-05-16T01:21:01.289+0000] {logging_mixin.py:188} INFO - [2024-05-16T01:21:01.289+0000] {dag.py:3834} INFO - Setting next_dagrun for example_branch_labels to 2024-05-15 00:00:00+00:00, run_after=2024-05-16 00:00:00+00:00
[2024-05-16T01:21:01.322+0000] {processor.py:183} INFO - Processing /home/airflow/.local/lib/python3.8/site-packages/airflow/example_dags/example_branch_labels.py took 0.136 seconds
[2024-05-16T01:21:31.748+0000] {processor.py:161} INFO - Started process (PID=2793) to work on /home/airflow/.local/lib/python3.8/site-packages/airflow/example_dags/example_branch_labels.py
[2024-05-16T01:21:31.750+0000] {processor.py:830} INFO - Processing file /home/airflow/.local/lib/python3.8/site-packages/airflow/example_dags/example_branch_labels.py for tasks to queue
[2024-05-16T01:21:31.753+0000] {logging_mixin.py:188} INFO - [2024-05-16T01:21:31.753+0000] {dagbag.py:540} INFO - Filling up the DagBag from /home/airflow/.local/lib/python3.8/site-packages/airflow/example_dags/example_branch_labels.py
[2024-05-16T01:21:31.766+0000] {processor.py:840} INFO - DAG(s) 'example_branch_labels' retrieved from /home/airflow/.local/lib/python3.8/site-packages/airflow/example_dags/example_branch_labels.py
[2024-05-16T01:21:31.800+0000] {logging_mixin.py:188} INFO - [2024-05-16T01:21:31.800+0000] {dag.py:3047} INFO - Sync 1 DAGs
[2024-05-16T01:21:31.838+0000] {logging_mixin.py:188} INFO - [2024-05-16T01:21:31.838+0000] {dag.py:3834} INFO - Setting next_dagrun for example_branch_labels to 2024-05-15 00:00:00+00:00, run_after=2024-05-16 00:00:00+00:00
[2024-05-16T01:21:31.871+0000] {processor.py:183} INFO - Processing /home/airflow/.local/lib/python3.8/site-packages/airflow/example_dags/example_branch_labels.py took 0.128 seconds
[2024-05-16T01:22:02.824+0000] {processor.py:161} INFO - Started process (PID=2852) to work on /home/airflow/.local/lib/python3.8/site-packages/airflow/example_dags/example_branch_labels.py
[2024-05-16T01:22:02.827+0000] {processor.py:830} INFO - Processing file /home/airflow/.local/lib/python3.8/site-packages/airflow/example_dags/example_branch_labels.py for tasks to queue
[2024-05-16T01:22:02.832+0000] {logging_mixin.py:188} INFO - [2024-05-16T01:22:02.831+0000] {dagbag.py:540} INFO - Filling up the DagBag from /home/airflow/.local/lib/python3.8/site-packages/airflow/example_dags/example_branch_labels.py
[2024-05-16T01:22:02.856+0000] {processor.py:840} INFO - DAG(s) 'example_branch_labels' retrieved from /home/airflow/.local/lib/python3.8/site-packages/airflow/example_dags/example_branch_labels.py
[2024-05-16T01:22:02.922+0000] {logging_mixin.py:188} INFO - [2024-05-16T01:22:02.921+0000] {dag.py:3047} INFO - Sync 1 DAGs
[2024-05-16T01:22:02.980+0000] {logging_mixin.py:188} INFO - [2024-05-16T01:22:02.980+0000] {dag.py:3834} INFO - Setting next_dagrun for example_branch_labels to 2024-05-15 00:00:00+00:00, run_after=2024-05-16 00:00:00+00:00
[2024-05-16T01:22:03.041+0000] {processor.py:183} INFO - Processing /home/airflow/.local/lib/python3.8/site-packages/airflow/example_dags/example_branch_labels.py took 0.225 seconds
[2024-05-16T01:22:33.534+0000] {processor.py:161} INFO - Started process (PID=2911) to work on /home/airflow/.local/lib/python3.8/site-packages/airflow/example_dags/example_branch_labels.py
[2024-05-16T01:22:33.536+0000] {processor.py:830} INFO - Processing file /home/airflow/.local/lib/python3.8/site-packages/airflow/example_dags/example_branch_labels.py for tasks to queue
[2024-05-16T01:22:33.539+0000] {logging_mixin.py:188} INFO - [2024-05-16T01:22:33.539+0000] {dagbag.py:540} INFO - Filling up the DagBag from /home/airflow/.local/lib/python3.8/site-packages/airflow/example_dags/example_branch_labels.py
[2024-05-16T01:22:33.552+0000] {processor.py:840} INFO - DAG(s) 'example_branch_labels' retrieved from /home/airflow/.local/lib/python3.8/site-packages/airflow/example_dags/example_branch_labels.py
[2024-05-16T01:22:33.584+0000] {logging_mixin.py:188} INFO - [2024-05-16T01:22:33.584+0000] {dag.py:3047} INFO - Sync 1 DAGs
[2024-05-16T01:22:33.618+0000] {logging_mixin.py:188} INFO - [2024-05-16T01:22:33.618+0000] {dag.py:3834} INFO - Setting next_dagrun for example_branch_labels to 2024-05-15 00:00:00+00:00, run_after=2024-05-16 00:00:00+00:00
[2024-05-16T01:22:33.650+0000] {processor.py:183} INFO - Processing /home/airflow/.local/lib/python3.8/site-packages/airflow/example_dags/example_branch_labels.py took 0.123 seconds
[2024-05-16T01:23:04.230+0000] {processor.py:161} INFO - Started process (PID=2970) to work on /home/airflow/.local/lib/python3.8/site-packages/airflow/example_dags/example_branch_labels.py
[2024-05-16T01:23:04.233+0000] {processor.py:830} INFO - Processing file /home/airflow/.local/lib/python3.8/site-packages/airflow/example_dags/example_branch_labels.py for tasks to queue
[2024-05-16T01:23:04.236+0000] {logging_mixin.py:188} INFO - [2024-05-16T01:23:04.236+0000] {dagbag.py:540} INFO - Filling up the DagBag from /home/airflow/.local/lib/python3.8/site-packages/airflow/example_dags/example_branch_labels.py
[2024-05-16T01:23:04.255+0000] {processor.py:840} INFO - DAG(s) 'example_branch_labels' retrieved from /home/airflow/.local/lib/python3.8/site-packages/airflow/example_dags/example_branch_labels.py
[2024-05-16T01:23:04.294+0000] {logging_mixin.py:188} INFO - [2024-05-16T01:23:04.293+0000] {dag.py:3047} INFO - Sync 1 DAGs
[2024-05-16T01:23:04.335+0000] {logging_mixin.py:188} INFO - [2024-05-16T01:23:04.335+0000] {dag.py:3834} INFO - Setting next_dagrun for example_branch_labels to 2024-05-15 00:00:00+00:00, run_after=2024-05-16 00:00:00+00:00
[2024-05-16T01:23:04.378+0000] {processor.py:183} INFO - Processing /home/airflow/.local/lib/python3.8/site-packages/airflow/example_dags/example_branch_labels.py took 0.153 seconds
