[2024-05-16T00:57:56.916+0000] {processor.py:161} INFO - Started process (PID=62) to work on /home/airflow/.local/lib/python3.8/site-packages/airflow/example_dags/example_nested_branch_dag.py
[2024-05-16T00:57:56.919+0000] {processor.py:830} INFO - Processing file /home/airflow/.local/lib/python3.8/site-packages/airflow/example_dags/example_nested_branch_dag.py for tasks to queue
[2024-05-16T00:57:56.922+0000] {logging_mixin.py:188} INFO - [2024-05-16T00:57:56.922+0000] {dagbag.py:540} INFO - Filling up the DagBag from /home/airflow/.local/lib/python3.8/site-packages/airflow/example_dags/example_nested_branch_dag.py
[2024-05-16T00:57:56.936+0000] {processor.py:840} INFO - DAG(s) 'example_nested_branch_dag' retrieved from /home/airflow/.local/lib/python3.8/site-packages/airflow/example_dags/example_nested_branch_dag.py
[2024-05-16T00:57:56.980+0000] {logging_mixin.py:188} INFO - [2024-05-16T00:57:56.979+0000] {dag.py:3047} INFO - Sync 1 DAGs
[2024-05-16T00:57:57.024+0000] {logging_mixin.py:188} INFO - [2024-05-16T00:57:57.023+0000] {dag.py:3834} INFO - Setting next_dagrun for example_nested_branch_dag to 2024-05-15 00:00:00+00:00, run_after=2024-05-16 00:00:00+00:00
[2024-05-16T00:57:57.071+0000] {processor.py:183} INFO - Processing /home/airflow/.local/lib/python3.8/site-packages/airflow/example_dags/example_nested_branch_dag.py took 0.159 seconds
[2024-05-16T00:58:28.237+0000] {processor.py:161} INFO - Started process (PID=120) to work on /home/airflow/.local/lib/python3.8/site-packages/airflow/example_dags/example_nested_branch_dag.py
[2024-05-16T00:58:28.241+0000] {processor.py:830} INFO - Processing file /home/airflow/.local/lib/python3.8/site-packages/airflow/example_dags/example_nested_branch_dag.py for tasks to queue
[2024-05-16T00:58:28.249+0000] {logging_mixin.py:188} INFO - [2024-05-16T00:58:28.247+0000] {dagbag.py:540} INFO - Filling up the DagBag from /home/airflow/.local/lib/python3.8/site-packages/airflow/example_dags/example_nested_branch_dag.py
[2024-05-16T00:58:28.275+0000] {processor.py:840} INFO - DAG(s) 'example_nested_branch_dag' retrieved from /home/airflow/.local/lib/python3.8/site-packages/airflow/example_dags/example_nested_branch_dag.py
[2024-05-16T00:58:28.320+0000] {logging_mixin.py:188} INFO - [2024-05-16T00:58:28.320+0000] {dag.py:3047} INFO - Sync 1 DAGs
[2024-05-16T00:58:28.364+0000] {logging_mixin.py:188} INFO - [2024-05-16T00:58:28.364+0000] {dag.py:3834} INFO - Setting next_dagrun for example_nested_branch_dag to 2024-05-15 00:00:00+00:00, run_after=2024-05-16 00:00:00+00:00
[2024-05-16T00:58:28.402+0000] {processor.py:183} INFO - Processing /home/airflow/.local/lib/python3.8/site-packages/airflow/example_dags/example_nested_branch_dag.py took 0.173 seconds
[2024-05-16T00:58:58.727+0000] {processor.py:161} INFO - Started process (PID=179) to work on /home/airflow/.local/lib/python3.8/site-packages/airflow/example_dags/example_nested_branch_dag.py
[2024-05-16T00:58:58.729+0000] {processor.py:830} INFO - Processing file /home/airflow/.local/lib/python3.8/site-packages/airflow/example_dags/example_nested_branch_dag.py for tasks to queue
[2024-05-16T00:58:58.732+0000] {logging_mixin.py:188} INFO - [2024-05-16T00:58:58.732+0000] {dagbag.py:540} INFO - Filling up the DagBag from /home/airflow/.local/lib/python3.8/site-packages/airflow/example_dags/example_nested_branch_dag.py
[2024-05-16T00:58:58.744+0000] {processor.py:840} INFO - DAG(s) 'example_nested_branch_dag' retrieved from /home/airflow/.local/lib/python3.8/site-packages/airflow/example_dags/example_nested_branch_dag.py
[2024-05-16T00:58:58.765+0000] {logging_mixin.py:188} INFO - [2024-05-16T00:58:58.764+0000] {dag.py:3047} INFO - Sync 1 DAGs
[2024-05-16T00:58:58.794+0000] {logging_mixin.py:188} INFO - [2024-05-16T00:58:58.794+0000] {dag.py:3834} INFO - Setting next_dagrun for example_nested_branch_dag to 2024-05-15 00:00:00+00:00, run_after=2024-05-16 00:00:00+00:00
[2024-05-16T00:58:58.823+0000] {processor.py:183} INFO - Processing /home/airflow/.local/lib/python3.8/site-packages/airflow/example_dags/example_nested_branch_dag.py took 0.099 seconds
[2024-05-16T00:59:29.228+0000] {processor.py:161} INFO - Started process (PID=238) to work on /home/airflow/.local/lib/python3.8/site-packages/airflow/example_dags/example_nested_branch_dag.py
[2024-05-16T00:59:29.230+0000] {processor.py:830} INFO - Processing file /home/airflow/.local/lib/python3.8/site-packages/airflow/example_dags/example_nested_branch_dag.py for tasks to queue
[2024-05-16T00:59:29.233+0000] {logging_mixin.py:188} INFO - [2024-05-16T00:59:29.232+0000] {dagbag.py:540} INFO - Filling up the DagBag from /home/airflow/.local/lib/python3.8/site-packages/airflow/example_dags/example_nested_branch_dag.py
[2024-05-16T00:59:29.242+0000] {processor.py:840} INFO - DAG(s) 'example_nested_branch_dag' retrieved from /home/airflow/.local/lib/python3.8/site-packages/airflow/example_dags/example_nested_branch_dag.py
[2024-05-16T00:59:29.264+0000] {logging_mixin.py:188} INFO - [2024-05-16T00:59:29.264+0000] {dag.py:3047} INFO - Sync 1 DAGs
[2024-05-16T00:59:29.288+0000] {logging_mixin.py:188} INFO - [2024-05-16T00:59:29.288+0000] {dag.py:3834} INFO - Setting next_dagrun for example_nested_branch_dag to 2024-05-15 00:00:00+00:00, run_after=2024-05-16 00:00:00+00:00
[2024-05-16T00:59:29.317+0000] {processor.py:183} INFO - Processing /home/airflow/.local/lib/python3.8/site-packages/airflow/example_dags/example_nested_branch_dag.py took 0.091 seconds
[2024-05-16T00:59:59.690+0000] {processor.py:161} INFO - Started process (PID=297) to work on /home/airflow/.local/lib/python3.8/site-packages/airflow/example_dags/example_nested_branch_dag.py
[2024-05-16T00:59:59.692+0000] {processor.py:830} INFO - Processing file /home/airflow/.local/lib/python3.8/site-packages/airflow/example_dags/example_nested_branch_dag.py for tasks to queue
[2024-05-16T00:59:59.695+0000] {logging_mixin.py:188} INFO - [2024-05-16T00:59:59.695+0000] {dagbag.py:540} INFO - Filling up the DagBag from /home/airflow/.local/lib/python3.8/site-packages/airflow/example_dags/example_nested_branch_dag.py
[2024-05-16T00:59:59.710+0000] {processor.py:840} INFO - DAG(s) 'example_nested_branch_dag' retrieved from /home/airflow/.local/lib/python3.8/site-packages/airflow/example_dags/example_nested_branch_dag.py
[2024-05-16T00:59:59.747+0000] {logging_mixin.py:188} INFO - [2024-05-16T00:59:59.747+0000] {dag.py:3047} INFO - Sync 1 DAGs
[2024-05-16T00:59:59.784+0000] {logging_mixin.py:188} INFO - [2024-05-16T00:59:59.784+0000] {dag.py:3834} INFO - Setting next_dagrun for example_nested_branch_dag to 2024-05-15 00:00:00+00:00, run_after=2024-05-16 00:00:00+00:00
[2024-05-16T00:59:59.823+0000] {processor.py:183} INFO - Processing /home/airflow/.local/lib/python3.8/site-packages/airflow/example_dags/example_nested_branch_dag.py took 0.138 seconds
[2024-05-16T01:00:30.949+0000] {processor.py:161} INFO - Started process (PID=357) to work on /home/airflow/.local/lib/python3.8/site-packages/airflow/example_dags/example_nested_branch_dag.py
[2024-05-16T01:00:30.951+0000] {processor.py:830} INFO - Processing file /home/airflow/.local/lib/python3.8/site-packages/airflow/example_dags/example_nested_branch_dag.py for tasks to queue
[2024-05-16T01:00:30.953+0000] {logging_mixin.py:188} INFO - [2024-05-16T01:00:30.953+0000] {dagbag.py:540} INFO - Filling up the DagBag from /home/airflow/.local/lib/python3.8/site-packages/airflow/example_dags/example_nested_branch_dag.py
[2024-05-16T01:00:30.963+0000] {processor.py:840} INFO - DAG(s) 'example_nested_branch_dag' retrieved from /home/airflow/.local/lib/python3.8/site-packages/airflow/example_dags/example_nested_branch_dag.py
[2024-05-16T01:00:30.984+0000] {logging_mixin.py:188} INFO - [2024-05-16T01:00:30.984+0000] {dag.py:3047} INFO - Sync 1 DAGs
[2024-05-16T01:00:31.005+0000] {logging_mixin.py:188} INFO - [2024-05-16T01:00:31.005+0000] {dag.py:3834} INFO - Setting next_dagrun for example_nested_branch_dag to 2024-05-15 00:00:00+00:00, run_after=2024-05-16 00:00:00+00:00
[2024-05-16T01:00:31.024+0000] {processor.py:183} INFO - Processing /home/airflow/.local/lib/python3.8/site-packages/airflow/example_dags/example_nested_branch_dag.py took 0.078 seconds
[2024-05-16T01:01:01.718+0000] {processor.py:161} INFO - Started process (PID=416) to work on /home/airflow/.local/lib/python3.8/site-packages/airflow/example_dags/example_nested_branch_dag.py
[2024-05-16T01:01:01.720+0000] {processor.py:830} INFO - Processing file /home/airflow/.local/lib/python3.8/site-packages/airflow/example_dags/example_nested_branch_dag.py for tasks to queue
[2024-05-16T01:01:01.724+0000] {logging_mixin.py:188} INFO - [2024-05-16T01:01:01.723+0000] {dagbag.py:540} INFO - Filling up the DagBag from /home/airflow/.local/lib/python3.8/site-packages/airflow/example_dags/example_nested_branch_dag.py
[2024-05-16T01:01:01.751+0000] {processor.py:840} INFO - DAG(s) 'example_nested_branch_dag' retrieved from /home/airflow/.local/lib/python3.8/site-packages/airflow/example_dags/example_nested_branch_dag.py
[2024-05-16T01:01:01.780+0000] {logging_mixin.py:188} INFO - [2024-05-16T01:01:01.780+0000] {dag.py:3047} INFO - Sync 1 DAGs
[2024-05-16T01:01:01.813+0000] {logging_mixin.py:188} INFO - [2024-05-16T01:01:01.813+0000] {dag.py:3834} INFO - Setting next_dagrun for example_nested_branch_dag to 2024-05-15 00:00:00+00:00, run_after=2024-05-16 00:00:00+00:00
[2024-05-16T01:01:01.855+0000] {processor.py:183} INFO - Processing /home/airflow/.local/lib/python3.8/site-packages/airflow/example_dags/example_nested_branch_dag.py took 0.139 seconds
[2024-05-16T01:01:32.815+0000] {processor.py:161} INFO - Started process (PID=475) to work on /home/airflow/.local/lib/python3.8/site-packages/airflow/example_dags/example_nested_branch_dag.py
[2024-05-16T01:01:32.818+0000] {processor.py:830} INFO - Processing file /home/airflow/.local/lib/python3.8/site-packages/airflow/example_dags/example_nested_branch_dag.py for tasks to queue
[2024-05-16T01:01:32.821+0000] {logging_mixin.py:188} INFO - [2024-05-16T01:01:32.821+0000] {dagbag.py:540} INFO - Filling up the DagBag from /home/airflow/.local/lib/python3.8/site-packages/airflow/example_dags/example_nested_branch_dag.py
[2024-05-16T01:01:32.836+0000] {processor.py:840} INFO - DAG(s) 'example_nested_branch_dag' retrieved from /home/airflow/.local/lib/python3.8/site-packages/airflow/example_dags/example_nested_branch_dag.py
[2024-05-16T01:01:32.871+0000] {logging_mixin.py:188} INFO - [2024-05-16T01:01:32.871+0000] {dag.py:3047} INFO - Sync 1 DAGs
[2024-05-16T01:01:32.904+0000] {logging_mixin.py:188} INFO - [2024-05-16T01:01:32.903+0000] {dag.py:3834} INFO - Setting next_dagrun for example_nested_branch_dag to 2024-05-15 00:00:00+00:00, run_after=2024-05-16 00:00:00+00:00
[2024-05-16T01:01:32.941+0000] {processor.py:183} INFO - Processing /home/airflow/.local/lib/python3.8/site-packages/airflow/example_dags/example_nested_branch_dag.py took 0.131 seconds
[2024-05-16T01:02:03.838+0000] {processor.py:161} INFO - Started process (PID=533) to work on /home/airflow/.local/lib/python3.8/site-packages/airflow/example_dags/example_nested_branch_dag.py
[2024-05-16T01:02:03.840+0000] {processor.py:830} INFO - Processing file /home/airflow/.local/lib/python3.8/site-packages/airflow/example_dags/example_nested_branch_dag.py for tasks to queue
[2024-05-16T01:02:03.842+0000] {logging_mixin.py:188} INFO - [2024-05-16T01:02:03.841+0000] {dagbag.py:540} INFO - Filling up the DagBag from /home/airflow/.local/lib/python3.8/site-packages/airflow/example_dags/example_nested_branch_dag.py
[2024-05-16T01:02:03.850+0000] {processor.py:840} INFO - DAG(s) 'example_nested_branch_dag' retrieved from /home/airflow/.local/lib/python3.8/site-packages/airflow/example_dags/example_nested_branch_dag.py
[2024-05-16T01:02:03.870+0000] {logging_mixin.py:188} INFO - [2024-05-16T01:02:03.870+0000] {dag.py:3047} INFO - Sync 1 DAGs
[2024-05-16T01:02:03.891+0000] {logging_mixin.py:188} INFO - [2024-05-16T01:02:03.890+0000] {dag.py:3834} INFO - Setting next_dagrun for example_nested_branch_dag to 2024-05-15 00:00:00+00:00, run_after=2024-05-16 00:00:00+00:00
[2024-05-16T01:02:03.914+0000] {processor.py:183} INFO - Processing /home/airflow/.local/lib/python3.8/site-packages/airflow/example_dags/example_nested_branch_dag.py took 0.078 seconds
[2024-05-16T01:02:34.203+0000] {processor.py:161} INFO - Started process (PID=590) to work on /home/airflow/.local/lib/python3.8/site-packages/airflow/example_dags/example_nested_branch_dag.py
[2024-05-16T01:02:34.205+0000] {processor.py:830} INFO - Processing file /home/airflow/.local/lib/python3.8/site-packages/airflow/example_dags/example_nested_branch_dag.py for tasks to queue
[2024-05-16T01:02:34.207+0000] {logging_mixin.py:188} INFO - [2024-05-16T01:02:34.207+0000] {dagbag.py:540} INFO - Filling up the DagBag from /home/airflow/.local/lib/python3.8/site-packages/airflow/example_dags/example_nested_branch_dag.py
[2024-05-16T01:02:34.222+0000] {processor.py:840} INFO - DAG(s) 'example_nested_branch_dag' retrieved from /home/airflow/.local/lib/python3.8/site-packages/airflow/example_dags/example_nested_branch_dag.py
[2024-05-16T01:02:34.250+0000] {logging_mixin.py:188} INFO - [2024-05-16T01:02:34.250+0000] {dag.py:3047} INFO - Sync 1 DAGs
[2024-05-16T01:02:34.277+0000] {logging_mixin.py:188} INFO - [2024-05-16T01:02:34.277+0000] {dag.py:3834} INFO - Setting next_dagrun for example_nested_branch_dag to 2024-05-15 00:00:00+00:00, run_after=2024-05-16 00:00:00+00:00
[2024-05-16T01:02:34.305+0000] {processor.py:183} INFO - Processing /home/airflow/.local/lib/python3.8/site-packages/airflow/example_dags/example_nested_branch_dag.py took 0.107 seconds
[2024-05-16T01:03:04.841+0000] {processor.py:161} INFO - Started process (PID=648) to work on /home/airflow/.local/lib/python3.8/site-packages/airflow/example_dags/example_nested_branch_dag.py
[2024-05-16T01:03:04.843+0000] {processor.py:830} INFO - Processing file /home/airflow/.local/lib/python3.8/site-packages/airflow/example_dags/example_nested_branch_dag.py for tasks to queue
[2024-05-16T01:03:04.846+0000] {logging_mixin.py:188} INFO - [2024-05-16T01:03:04.845+0000] {dagbag.py:540} INFO - Filling up the DagBag from /home/airflow/.local/lib/python3.8/site-packages/airflow/example_dags/example_nested_branch_dag.py
[2024-05-16T01:03:04.860+0000] {processor.py:840} INFO - DAG(s) 'example_nested_branch_dag' retrieved from /home/airflow/.local/lib/python3.8/site-packages/airflow/example_dags/example_nested_branch_dag.py
[2024-05-16T01:03:04.892+0000] {logging_mixin.py:188} INFO - [2024-05-16T01:03:04.892+0000] {dag.py:3047} INFO - Sync 1 DAGs
[2024-05-16T01:03:04.921+0000] {logging_mixin.py:188} INFO - [2024-05-16T01:03:04.921+0000] {dag.py:3834} INFO - Setting next_dagrun for example_nested_branch_dag to 2024-05-15 00:00:00+00:00, run_after=2024-05-16 00:00:00+00:00
[2024-05-16T01:03:04.952+0000] {processor.py:183} INFO - Processing /home/airflow/.local/lib/python3.8/site-packages/airflow/example_dags/example_nested_branch_dag.py took 0.115 seconds
[2024-05-16T01:03:35.237+0000] {processor.py:161} INFO - Started process (PID=707) to work on /home/airflow/.local/lib/python3.8/site-packages/airflow/example_dags/example_nested_branch_dag.py
[2024-05-16T01:03:35.239+0000] {processor.py:830} INFO - Processing file /home/airflow/.local/lib/python3.8/site-packages/airflow/example_dags/example_nested_branch_dag.py for tasks to queue
[2024-05-16T01:03:35.241+0000] {logging_mixin.py:188} INFO - [2024-05-16T01:03:35.241+0000] {dagbag.py:540} INFO - Filling up the DagBag from /home/airflow/.local/lib/python3.8/site-packages/airflow/example_dags/example_nested_branch_dag.py
[2024-05-16T01:03:35.252+0000] {processor.py:840} INFO - DAG(s) 'example_nested_branch_dag' retrieved from /home/airflow/.local/lib/python3.8/site-packages/airflow/example_dags/example_nested_branch_dag.py
[2024-05-16T01:03:35.274+0000] {logging_mixin.py:188} INFO - [2024-05-16T01:03:35.274+0000] {dag.py:3047} INFO - Sync 1 DAGs
[2024-05-16T01:03:35.295+0000] {logging_mixin.py:188} INFO - [2024-05-16T01:03:35.295+0000] {dag.py:3834} INFO - Setting next_dagrun for example_nested_branch_dag to 2024-05-15 00:00:00+00:00, run_after=2024-05-16 00:00:00+00:00
[2024-05-16T01:03:35.323+0000] {processor.py:183} INFO - Processing /home/airflow/.local/lib/python3.8/site-packages/airflow/example_dags/example_nested_branch_dag.py took 0.089 seconds
[2024-05-16T01:04:06.278+0000] {processor.py:161} INFO - Started process (PID=766) to work on /home/airflow/.local/lib/python3.8/site-packages/airflow/example_dags/example_nested_branch_dag.py
[2024-05-16T01:04:06.280+0000] {processor.py:830} INFO - Processing file /home/airflow/.local/lib/python3.8/site-packages/airflow/example_dags/example_nested_branch_dag.py for tasks to queue
[2024-05-16T01:04:06.283+0000] {logging_mixin.py:188} INFO - [2024-05-16T01:04:06.282+0000] {dagbag.py:540} INFO - Filling up the DagBag from /home/airflow/.local/lib/python3.8/site-packages/airflow/example_dags/example_nested_branch_dag.py
[2024-05-16T01:04:06.297+0000] {processor.py:840} INFO - DAG(s) 'example_nested_branch_dag' retrieved from /home/airflow/.local/lib/python3.8/site-packages/airflow/example_dags/example_nested_branch_dag.py
[2024-05-16T01:04:06.327+0000] {logging_mixin.py:188} INFO - [2024-05-16T01:04:06.326+0000] {dag.py:3047} INFO - Sync 1 DAGs
[2024-05-16T01:04:06.360+0000] {logging_mixin.py:188} INFO - [2024-05-16T01:04:06.360+0000] {dag.py:3834} INFO - Setting next_dagrun for example_nested_branch_dag to 2024-05-15 00:00:00+00:00, run_after=2024-05-16 00:00:00+00:00
[2024-05-16T01:04:06.393+0000] {processor.py:183} INFO - Processing /home/airflow/.local/lib/python3.8/site-packages/airflow/example_dags/example_nested_branch_dag.py took 0.119 seconds
[2024-05-16T01:04:36.735+0000] {processor.py:161} INFO - Started process (PID=825) to work on /home/airflow/.local/lib/python3.8/site-packages/airflow/example_dags/example_nested_branch_dag.py
[2024-05-16T01:04:36.737+0000] {processor.py:830} INFO - Processing file /home/airflow/.local/lib/python3.8/site-packages/airflow/example_dags/example_nested_branch_dag.py for tasks to queue
[2024-05-16T01:04:36.740+0000] {logging_mixin.py:188} INFO - [2024-05-16T01:04:36.740+0000] {dagbag.py:540} INFO - Filling up the DagBag from /home/airflow/.local/lib/python3.8/site-packages/airflow/example_dags/example_nested_branch_dag.py
[2024-05-16T01:04:36.752+0000] {processor.py:840} INFO - DAG(s) 'example_nested_branch_dag' retrieved from /home/airflow/.local/lib/python3.8/site-packages/airflow/example_dags/example_nested_branch_dag.py
[2024-05-16T01:04:36.779+0000] {logging_mixin.py:188} INFO - [2024-05-16T01:04:36.779+0000] {dag.py:3047} INFO - Sync 1 DAGs
[2024-05-16T01:04:36.800+0000] {logging_mixin.py:188} INFO - [2024-05-16T01:04:36.800+0000] {dag.py:3834} INFO - Setting next_dagrun for example_nested_branch_dag to 2024-05-15 00:00:00+00:00, run_after=2024-05-16 00:00:00+00:00
[2024-05-16T01:04:36.822+0000] {processor.py:183} INFO - Processing /home/airflow/.local/lib/python3.8/site-packages/airflow/example_dags/example_nested_branch_dag.py took 0.091 seconds
[2024-05-16T01:05:07.500+0000] {processor.py:161} INFO - Started process (PID=885) to work on /home/airflow/.local/lib/python3.8/site-packages/airflow/example_dags/example_nested_branch_dag.py
[2024-05-16T01:05:07.502+0000] {processor.py:830} INFO - Processing file /home/airflow/.local/lib/python3.8/site-packages/airflow/example_dags/example_nested_branch_dag.py for tasks to queue
[2024-05-16T01:05:07.504+0000] {logging_mixin.py:188} INFO - [2024-05-16T01:05:07.503+0000] {dagbag.py:540} INFO - Filling up the DagBag from /home/airflow/.local/lib/python3.8/site-packages/airflow/example_dags/example_nested_branch_dag.py
[2024-05-16T01:05:07.513+0000] {processor.py:840} INFO - DAG(s) 'example_nested_branch_dag' retrieved from /home/airflow/.local/lib/python3.8/site-packages/airflow/example_dags/example_nested_branch_dag.py
[2024-05-16T01:05:07.537+0000] {logging_mixin.py:188} INFO - [2024-05-16T01:05:07.537+0000] {dag.py:3047} INFO - Sync 1 DAGs
[2024-05-16T01:05:07.560+0000] {logging_mixin.py:188} INFO - [2024-05-16T01:05:07.560+0000] {dag.py:3834} INFO - Setting next_dagrun for example_nested_branch_dag to 2024-05-15 00:00:00+00:00, run_after=2024-05-16 00:00:00+00:00
[2024-05-16T01:05:07.584+0000] {processor.py:183} INFO - Processing /home/airflow/.local/lib/python3.8/site-packages/airflow/example_dags/example_nested_branch_dag.py took 0.087 seconds
[2024-05-16T01:05:38.187+0000] {processor.py:161} INFO - Started process (PID=944) to work on /home/airflow/.local/lib/python3.8/site-packages/airflow/example_dags/example_nested_branch_dag.py
[2024-05-16T01:05:38.188+0000] {processor.py:830} INFO - Processing file /home/airflow/.local/lib/python3.8/site-packages/airflow/example_dags/example_nested_branch_dag.py for tasks to queue
[2024-05-16T01:05:38.189+0000] {logging_mixin.py:188} INFO - [2024-05-16T01:05:38.189+0000] {dagbag.py:540} INFO - Filling up the DagBag from /home/airflow/.local/lib/python3.8/site-packages/airflow/example_dags/example_nested_branch_dag.py
[2024-05-16T01:05:38.197+0000] {processor.py:840} INFO - DAG(s) 'example_nested_branch_dag' retrieved from /home/airflow/.local/lib/python3.8/site-packages/airflow/example_dags/example_nested_branch_dag.py
[2024-05-16T01:05:38.217+0000] {logging_mixin.py:188} INFO - [2024-05-16T01:05:38.216+0000] {dag.py:3047} INFO - Sync 1 DAGs
[2024-05-16T01:05:38.233+0000] {logging_mixin.py:188} INFO - [2024-05-16T01:05:38.233+0000] {dag.py:3834} INFO - Setting next_dagrun for example_nested_branch_dag to 2024-05-15 00:00:00+00:00, run_after=2024-05-16 00:00:00+00:00
[2024-05-16T01:05:38.256+0000] {processor.py:183} INFO - Processing /home/airflow/.local/lib/python3.8/site-packages/airflow/example_dags/example_nested_branch_dag.py took 0.072 seconds
[2024-05-16T01:06:08.941+0000] {processor.py:161} INFO - Started process (PID=1003) to work on /home/airflow/.local/lib/python3.8/site-packages/airflow/example_dags/example_nested_branch_dag.py
[2024-05-16T01:06:08.943+0000] {processor.py:830} INFO - Processing file /home/airflow/.local/lib/python3.8/site-packages/airflow/example_dags/example_nested_branch_dag.py for tasks to queue
[2024-05-16T01:06:08.945+0000] {logging_mixin.py:188} INFO - [2024-05-16T01:06:08.945+0000] {dagbag.py:540} INFO - Filling up the DagBag from /home/airflow/.local/lib/python3.8/site-packages/airflow/example_dags/example_nested_branch_dag.py
[2024-05-16T01:06:08.955+0000] {processor.py:840} INFO - DAG(s) 'example_nested_branch_dag' retrieved from /home/airflow/.local/lib/python3.8/site-packages/airflow/example_dags/example_nested_branch_dag.py
[2024-05-16T01:06:08.978+0000] {logging_mixin.py:188} INFO - [2024-05-16T01:06:08.977+0000] {dag.py:3047} INFO - Sync 1 DAGs
[2024-05-16T01:06:09.000+0000] {logging_mixin.py:188} INFO - [2024-05-16T01:06:09.000+0000] {dag.py:3834} INFO - Setting next_dagrun for example_nested_branch_dag to 2024-05-15 00:00:00+00:00, run_after=2024-05-16 00:00:00+00:00
[2024-05-16T01:06:09.020+0000] {processor.py:183} INFO - Processing /home/airflow/.local/lib/python3.8/site-packages/airflow/example_dags/example_nested_branch_dag.py took 0.082 seconds
[2024-05-16T01:06:39.253+0000] {processor.py:161} INFO - Started process (PID=1062) to work on /home/airflow/.local/lib/python3.8/site-packages/airflow/example_dags/example_nested_branch_dag.py
[2024-05-16T01:06:39.255+0000] {processor.py:830} INFO - Processing file /home/airflow/.local/lib/python3.8/site-packages/airflow/example_dags/example_nested_branch_dag.py for tasks to queue
[2024-05-16T01:06:39.257+0000] {logging_mixin.py:188} INFO - [2024-05-16T01:06:39.257+0000] {dagbag.py:540} INFO - Filling up the DagBag from /home/airflow/.local/lib/python3.8/site-packages/airflow/example_dags/example_nested_branch_dag.py
[2024-05-16T01:06:39.266+0000] {processor.py:840} INFO - DAG(s) 'example_nested_branch_dag' retrieved from /home/airflow/.local/lib/python3.8/site-packages/airflow/example_dags/example_nested_branch_dag.py
[2024-05-16T01:06:39.288+0000] {logging_mixin.py:188} INFO - [2024-05-16T01:06:39.288+0000] {dag.py:3047} INFO - Sync 1 DAGs
[2024-05-16T01:06:39.310+0000] {logging_mixin.py:188} INFO - [2024-05-16T01:06:39.310+0000] {dag.py:3834} INFO - Setting next_dagrun for example_nested_branch_dag to 2024-05-15 00:00:00+00:00, run_after=2024-05-16 00:00:00+00:00
[2024-05-16T01:06:39.336+0000] {processor.py:183} INFO - Processing /home/airflow/.local/lib/python3.8/site-packages/airflow/example_dags/example_nested_branch_dag.py took 0.085 seconds
[2024-05-16T01:07:09.407+0000] {processor.py:161} INFO - Started process (PID=1121) to work on /home/airflow/.local/lib/python3.8/site-packages/airflow/example_dags/example_nested_branch_dag.py
[2024-05-16T01:07:09.409+0000] {processor.py:830} INFO - Processing file /home/airflow/.local/lib/python3.8/site-packages/airflow/example_dags/example_nested_branch_dag.py for tasks to queue
[2024-05-16T01:07:09.411+0000] {logging_mixin.py:188} INFO - [2024-05-16T01:07:09.411+0000] {dagbag.py:540} INFO - Filling up the DagBag from /home/airflow/.local/lib/python3.8/site-packages/airflow/example_dags/example_nested_branch_dag.py
[2024-05-16T01:07:09.420+0000] {processor.py:840} INFO - DAG(s) 'example_nested_branch_dag' retrieved from /home/airflow/.local/lib/python3.8/site-packages/airflow/example_dags/example_nested_branch_dag.py
[2024-05-16T01:07:09.443+0000] {logging_mixin.py:188} INFO - [2024-05-16T01:07:09.442+0000] {dag.py:3047} INFO - Sync 1 DAGs
[2024-05-16T01:07:09.465+0000] {logging_mixin.py:188} INFO - [2024-05-16T01:07:09.465+0000] {dag.py:3834} INFO - Setting next_dagrun for example_nested_branch_dag to 2024-05-15 00:00:00+00:00, run_after=2024-05-16 00:00:00+00:00
[2024-05-16T01:07:09.492+0000] {processor.py:183} INFO - Processing /home/airflow/.local/lib/python3.8/site-packages/airflow/example_dags/example_nested_branch_dag.py took 0.088 seconds
[2024-05-16T01:07:39.945+0000] {processor.py:161} INFO - Started process (PID=1180) to work on /home/airflow/.local/lib/python3.8/site-packages/airflow/example_dags/example_nested_branch_dag.py
[2024-05-16T01:07:39.947+0000] {processor.py:830} INFO - Processing file /home/airflow/.local/lib/python3.8/site-packages/airflow/example_dags/example_nested_branch_dag.py for tasks to queue
[2024-05-16T01:07:39.950+0000] {logging_mixin.py:188} INFO - [2024-05-16T01:07:39.950+0000] {dagbag.py:540} INFO - Filling up the DagBag from /home/airflow/.local/lib/python3.8/site-packages/airflow/example_dags/example_nested_branch_dag.py
[2024-05-16T01:07:39.961+0000] {processor.py:840} INFO - DAG(s) 'example_nested_branch_dag' retrieved from /home/airflow/.local/lib/python3.8/site-packages/airflow/example_dags/example_nested_branch_dag.py
[2024-05-16T01:07:39.988+0000] {logging_mixin.py:188} INFO - [2024-05-16T01:07:39.987+0000] {dag.py:3047} INFO - Sync 1 DAGs
[2024-05-16T01:07:40.011+0000] {logging_mixin.py:188} INFO - [2024-05-16T01:07:40.011+0000] {dag.py:3834} INFO - Setting next_dagrun for example_nested_branch_dag to 2024-05-15 00:00:00+00:00, run_after=2024-05-16 00:00:00+00:00
[2024-05-16T01:07:40.036+0000] {processor.py:183} INFO - Processing /home/airflow/.local/lib/python3.8/site-packages/airflow/example_dags/example_nested_branch_dag.py took 0.095 seconds
[2024-05-16T01:08:10.853+0000] {processor.py:161} INFO - Started process (PID=1244) to work on /home/airflow/.local/lib/python3.8/site-packages/airflow/example_dags/example_nested_branch_dag.py
[2024-05-16T01:08:10.855+0000] {processor.py:830} INFO - Processing file /home/airflow/.local/lib/python3.8/site-packages/airflow/example_dags/example_nested_branch_dag.py for tasks to queue
[2024-05-16T01:08:10.858+0000] {logging_mixin.py:188} INFO - [2024-05-16T01:08:10.858+0000] {dagbag.py:540} INFO - Filling up the DagBag from /home/airflow/.local/lib/python3.8/site-packages/airflow/example_dags/example_nested_branch_dag.py
[2024-05-16T01:08:10.870+0000] {processor.py:840} INFO - DAG(s) 'example_nested_branch_dag' retrieved from /home/airflow/.local/lib/python3.8/site-packages/airflow/example_dags/example_nested_branch_dag.py
[2024-05-16T01:08:10.895+0000] {logging_mixin.py:188} INFO - [2024-05-16T01:08:10.895+0000] {dag.py:3047} INFO - Sync 1 DAGs
[2024-05-16T01:08:10.921+0000] {logging_mixin.py:188} INFO - [2024-05-16T01:08:10.920+0000] {dag.py:3834} INFO - Setting next_dagrun for example_nested_branch_dag to 2024-05-15 00:00:00+00:00, run_after=2024-05-16 00:00:00+00:00
[2024-05-16T01:08:10.946+0000] {processor.py:183} INFO - Processing /home/airflow/.local/lib/python3.8/site-packages/airflow/example_dags/example_nested_branch_dag.py took 0.096 seconds
[2024-05-16T01:08:41.408+0000] {processor.py:161} INFO - Started process (PID=1303) to work on /home/airflow/.local/lib/python3.8/site-packages/airflow/example_dags/example_nested_branch_dag.py
[2024-05-16T01:08:41.410+0000] {processor.py:830} INFO - Processing file /home/airflow/.local/lib/python3.8/site-packages/airflow/example_dags/example_nested_branch_dag.py for tasks to queue
[2024-05-16T01:08:41.413+0000] {logging_mixin.py:188} INFO - [2024-05-16T01:08:41.413+0000] {dagbag.py:540} INFO - Filling up the DagBag from /home/airflow/.local/lib/python3.8/site-packages/airflow/example_dags/example_nested_branch_dag.py
[2024-05-16T01:08:41.424+0000] {processor.py:840} INFO - DAG(s) 'example_nested_branch_dag' retrieved from /home/airflow/.local/lib/python3.8/site-packages/airflow/example_dags/example_nested_branch_dag.py
[2024-05-16T01:08:41.448+0000] {logging_mixin.py:188} INFO - [2024-05-16T01:08:41.448+0000] {dag.py:3047} INFO - Sync 1 DAGs
[2024-05-16T01:08:41.475+0000] {logging_mixin.py:188} INFO - [2024-05-16T01:08:41.475+0000] {dag.py:3834} INFO - Setting next_dagrun for example_nested_branch_dag to 2024-05-15 00:00:00+00:00, run_after=2024-05-16 00:00:00+00:00
[2024-05-16T01:08:41.512+0000] {processor.py:183} INFO - Processing /home/airflow/.local/lib/python3.8/site-packages/airflow/example_dags/example_nested_branch_dag.py took 0.107 seconds
[2024-05-16T01:09:12.020+0000] {processor.py:161} INFO - Started process (PID=1362) to work on /home/airflow/.local/lib/python3.8/site-packages/airflow/example_dags/example_nested_branch_dag.py
[2024-05-16T01:09:12.022+0000] {processor.py:830} INFO - Processing file /home/airflow/.local/lib/python3.8/site-packages/airflow/example_dags/example_nested_branch_dag.py for tasks to queue
[2024-05-16T01:09:12.024+0000] {logging_mixin.py:188} INFO - [2024-05-16T01:09:12.023+0000] {dagbag.py:540} INFO - Filling up the DagBag from /home/airflow/.local/lib/python3.8/site-packages/airflow/example_dags/example_nested_branch_dag.py
[2024-05-16T01:09:12.034+0000] {processor.py:840} INFO - DAG(s) 'example_nested_branch_dag' retrieved from /home/airflow/.local/lib/python3.8/site-packages/airflow/example_dags/example_nested_branch_dag.py
[2024-05-16T01:09:12.056+0000] {logging_mixin.py:188} INFO - [2024-05-16T01:09:12.056+0000] {dag.py:3047} INFO - Sync 1 DAGs
[2024-05-16T01:09:12.079+0000] {logging_mixin.py:188} INFO - [2024-05-16T01:09:12.079+0000] {dag.py:3834} INFO - Setting next_dagrun for example_nested_branch_dag to 2024-05-15 00:00:00+00:00, run_after=2024-05-16 00:00:00+00:00
[2024-05-16T01:09:12.101+0000] {processor.py:183} INFO - Processing /home/airflow/.local/lib/python3.8/site-packages/airflow/example_dags/example_nested_branch_dag.py took 0.084 seconds
[2024-05-16T01:09:42.189+0000] {processor.py:161} INFO - Started process (PID=1420) to work on /home/airflow/.local/lib/python3.8/site-packages/airflow/example_dags/example_nested_branch_dag.py
[2024-05-16T01:09:42.190+0000] {processor.py:830} INFO - Processing file /home/airflow/.local/lib/python3.8/site-packages/airflow/example_dags/example_nested_branch_dag.py for tasks to queue
[2024-05-16T01:09:42.193+0000] {logging_mixin.py:188} INFO - [2024-05-16T01:09:42.192+0000] {dagbag.py:540} INFO - Filling up the DagBag from /home/airflow/.local/lib/python3.8/site-packages/airflow/example_dags/example_nested_branch_dag.py
[2024-05-16T01:09:42.205+0000] {processor.py:840} INFO - DAG(s) 'example_nested_branch_dag' retrieved from /home/airflow/.local/lib/python3.8/site-packages/airflow/example_dags/example_nested_branch_dag.py
[2024-05-16T01:09:42.231+0000] {logging_mixin.py:188} INFO - [2024-05-16T01:09:42.231+0000] {dag.py:3047} INFO - Sync 1 DAGs
[2024-05-16T01:09:42.256+0000] {logging_mixin.py:188} INFO - [2024-05-16T01:09:42.255+0000] {dag.py:3834} INFO - Setting next_dagrun for example_nested_branch_dag to 2024-05-15 00:00:00+00:00, run_after=2024-05-16 00:00:00+00:00
[2024-05-16T01:09:42.282+0000] {processor.py:183} INFO - Processing /home/airflow/.local/lib/python3.8/site-packages/airflow/example_dags/example_nested_branch_dag.py took 0.097 seconds
[2024-05-16T01:10:12.918+0000] {processor.py:161} INFO - Started process (PID=1480) to work on /home/airflow/.local/lib/python3.8/site-packages/airflow/example_dags/example_nested_branch_dag.py
[2024-05-16T01:10:12.919+0000] {processor.py:830} INFO - Processing file /home/airflow/.local/lib/python3.8/site-packages/airflow/example_dags/example_nested_branch_dag.py for tasks to queue
[2024-05-16T01:10:12.922+0000] {logging_mixin.py:188} INFO - [2024-05-16T01:10:12.921+0000] {dagbag.py:540} INFO - Filling up the DagBag from /home/airflow/.local/lib/python3.8/site-packages/airflow/example_dags/example_nested_branch_dag.py
[2024-05-16T01:10:12.936+0000] {processor.py:840} INFO - DAG(s) 'example_nested_branch_dag' retrieved from /home/airflow/.local/lib/python3.8/site-packages/airflow/example_dags/example_nested_branch_dag.py
[2024-05-16T01:10:12.972+0000] {logging_mixin.py:188} INFO - [2024-05-16T01:10:12.972+0000] {dag.py:3047} INFO - Sync 1 DAGs
[2024-05-16T01:10:13.007+0000] {logging_mixin.py:188} INFO - [2024-05-16T01:10:13.007+0000] {dag.py:3834} INFO - Setting next_dagrun for example_nested_branch_dag to 2024-05-15 00:00:00+00:00, run_after=2024-05-16 00:00:00+00:00
[2024-05-16T01:10:13.042+0000] {processor.py:183} INFO - Processing /home/airflow/.local/lib/python3.8/site-packages/airflow/example_dags/example_nested_branch_dag.py took 0.129 seconds
[2024-05-16T01:10:43.255+0000] {processor.py:161} INFO - Started process (PID=1539) to work on /home/airflow/.local/lib/python3.8/site-packages/airflow/example_dags/example_nested_branch_dag.py
[2024-05-16T01:10:43.256+0000] {processor.py:830} INFO - Processing file /home/airflow/.local/lib/python3.8/site-packages/airflow/example_dags/example_nested_branch_dag.py for tasks to queue
[2024-05-16T01:10:43.258+0000] {logging_mixin.py:188} INFO - [2024-05-16T01:10:43.258+0000] {dagbag.py:540} INFO - Filling up the DagBag from /home/airflow/.local/lib/python3.8/site-packages/airflow/example_dags/example_nested_branch_dag.py
[2024-05-16T01:10:43.267+0000] {processor.py:840} INFO - DAG(s) 'example_nested_branch_dag' retrieved from /home/airflow/.local/lib/python3.8/site-packages/airflow/example_dags/example_nested_branch_dag.py
[2024-05-16T01:10:43.286+0000] {logging_mixin.py:188} INFO - [2024-05-16T01:10:43.286+0000] {dag.py:3047} INFO - Sync 1 DAGs
[2024-05-16T01:10:43.305+0000] {logging_mixin.py:188} INFO - [2024-05-16T01:10:43.304+0000] {dag.py:3834} INFO - Setting next_dagrun for example_nested_branch_dag to 2024-05-15 00:00:00+00:00, run_after=2024-05-16 00:00:00+00:00
[2024-05-16T01:10:43.327+0000] {processor.py:183} INFO - Processing /home/airflow/.local/lib/python3.8/site-packages/airflow/example_dags/example_nested_branch_dag.py took 0.075 seconds
[2024-05-16T01:11:14.080+0000] {processor.py:161} INFO - Started process (PID=1598) to work on /home/airflow/.local/lib/python3.8/site-packages/airflow/example_dags/example_nested_branch_dag.py
[2024-05-16T01:11:14.082+0000] {processor.py:830} INFO - Processing file /home/airflow/.local/lib/python3.8/site-packages/airflow/example_dags/example_nested_branch_dag.py for tasks to queue
[2024-05-16T01:11:14.085+0000] {logging_mixin.py:188} INFO - [2024-05-16T01:11:14.084+0000] {dagbag.py:540} INFO - Filling up the DagBag from /home/airflow/.local/lib/python3.8/site-packages/airflow/example_dags/example_nested_branch_dag.py
[2024-05-16T01:11:14.096+0000] {processor.py:840} INFO - DAG(s) 'example_nested_branch_dag' retrieved from /home/airflow/.local/lib/python3.8/site-packages/airflow/example_dags/example_nested_branch_dag.py
[2024-05-16T01:11:14.123+0000] {logging_mixin.py:188} INFO - [2024-05-16T01:11:14.123+0000] {dag.py:3047} INFO - Sync 1 DAGs
[2024-05-16T01:11:14.144+0000] {logging_mixin.py:188} INFO - [2024-05-16T01:11:14.144+0000] {dag.py:3834} INFO - Setting next_dagrun for example_nested_branch_dag to 2024-05-15 00:00:00+00:00, run_after=2024-05-16 00:00:00+00:00
[2024-05-16T01:11:14.165+0000] {processor.py:183} INFO - Processing /home/airflow/.local/lib/python3.8/site-packages/airflow/example_dags/example_nested_branch_dag.py took 0.091 seconds
[2024-05-16T01:11:44.283+0000] {processor.py:161} INFO - Started process (PID=1657) to work on /home/airflow/.local/lib/python3.8/site-packages/airflow/example_dags/example_nested_branch_dag.py
[2024-05-16T01:11:44.284+0000] {processor.py:830} INFO - Processing file /home/airflow/.local/lib/python3.8/site-packages/airflow/example_dags/example_nested_branch_dag.py for tasks to queue
[2024-05-16T01:11:44.286+0000] {logging_mixin.py:188} INFO - [2024-05-16T01:11:44.286+0000] {dagbag.py:540} INFO - Filling up the DagBag from /home/airflow/.local/lib/python3.8/site-packages/airflow/example_dags/example_nested_branch_dag.py
[2024-05-16T01:11:44.294+0000] {processor.py:840} INFO - DAG(s) 'example_nested_branch_dag' retrieved from /home/airflow/.local/lib/python3.8/site-packages/airflow/example_dags/example_nested_branch_dag.py
[2024-05-16T01:11:44.316+0000] {logging_mixin.py:188} INFO - [2024-05-16T01:11:44.315+0000] {dag.py:3047} INFO - Sync 1 DAGs
[2024-05-16T01:11:44.333+0000] {logging_mixin.py:188} INFO - [2024-05-16T01:11:44.333+0000] {dag.py:3834} INFO - Setting next_dagrun for example_nested_branch_dag to 2024-05-15 00:00:00+00:00, run_after=2024-05-16 00:00:00+00:00
[2024-05-16T01:11:44.354+0000] {processor.py:183} INFO - Processing /home/airflow/.local/lib/python3.8/site-packages/airflow/example_dags/example_nested_branch_dag.py took 0.074 seconds
[2024-05-16T01:12:14.842+0000] {processor.py:161} INFO - Started process (PID=1716) to work on /home/airflow/.local/lib/python3.8/site-packages/airflow/example_dags/example_nested_branch_dag.py
[2024-05-16T01:12:14.843+0000] {processor.py:830} INFO - Processing file /home/airflow/.local/lib/python3.8/site-packages/airflow/example_dags/example_nested_branch_dag.py for tasks to queue
[2024-05-16T01:12:14.845+0000] {logging_mixin.py:188} INFO - [2024-05-16T01:12:14.845+0000] {dagbag.py:540} INFO - Filling up the DagBag from /home/airflow/.local/lib/python3.8/site-packages/airflow/example_dags/example_nested_branch_dag.py
[2024-05-16T01:12:14.853+0000] {processor.py:840} INFO - DAG(s) 'example_nested_branch_dag' retrieved from /home/airflow/.local/lib/python3.8/site-packages/airflow/example_dags/example_nested_branch_dag.py
[2024-05-16T01:12:14.872+0000] {logging_mixin.py:188} INFO - [2024-05-16T01:12:14.872+0000] {dag.py:3047} INFO - Sync 1 DAGs
[2024-05-16T01:12:14.889+0000] {logging_mixin.py:188} INFO - [2024-05-16T01:12:14.889+0000] {dag.py:3834} INFO - Setting next_dagrun for example_nested_branch_dag to 2024-05-15 00:00:00+00:00, run_after=2024-05-16 00:00:00+00:00
[2024-05-16T01:12:14.912+0000] {processor.py:183} INFO - Processing /home/airflow/.local/lib/python3.8/site-packages/airflow/example_dags/example_nested_branch_dag.py took 0.072 seconds
[2024-05-16T01:12:45.405+0000] {processor.py:161} INFO - Started process (PID=1775) to work on /home/airflow/.local/lib/python3.8/site-packages/airflow/example_dags/example_nested_branch_dag.py
[2024-05-16T01:12:45.406+0000] {processor.py:830} INFO - Processing file /home/airflow/.local/lib/python3.8/site-packages/airflow/example_dags/example_nested_branch_dag.py for tasks to queue
[2024-05-16T01:12:45.409+0000] {logging_mixin.py:188} INFO - [2024-05-16T01:12:45.409+0000] {dagbag.py:540} INFO - Filling up the DagBag from /home/airflow/.local/lib/python3.8/site-packages/airflow/example_dags/example_nested_branch_dag.py
[2024-05-16T01:12:45.426+0000] {processor.py:840} INFO - DAG(s) 'example_nested_branch_dag' retrieved from /home/airflow/.local/lib/python3.8/site-packages/airflow/example_dags/example_nested_branch_dag.py
[2024-05-16T01:12:45.453+0000] {logging_mixin.py:188} INFO - [2024-05-16T01:12:45.453+0000] {dag.py:3047} INFO - Sync 1 DAGs
[2024-05-16T01:12:45.478+0000] {logging_mixin.py:188} INFO - [2024-05-16T01:12:45.477+0000] {dag.py:3834} INFO - Setting next_dagrun for example_nested_branch_dag to 2024-05-15 00:00:00+00:00, run_after=2024-05-16 00:00:00+00:00
[2024-05-16T01:12:45.506+0000] {processor.py:183} INFO - Processing /home/airflow/.local/lib/python3.8/site-packages/airflow/example_dags/example_nested_branch_dag.py took 0.105 seconds
[2024-05-16T01:13:16.122+0000] {processor.py:161} INFO - Started process (PID=1834) to work on /home/airflow/.local/lib/python3.8/site-packages/airflow/example_dags/example_nested_branch_dag.py
[2024-05-16T01:13:16.124+0000] {processor.py:830} INFO - Processing file /home/airflow/.local/lib/python3.8/site-packages/airflow/example_dags/example_nested_branch_dag.py for tasks to queue
[2024-05-16T01:13:16.129+0000] {logging_mixin.py:188} INFO - [2024-05-16T01:13:16.128+0000] {dagbag.py:540} INFO - Filling up the DagBag from /home/airflow/.local/lib/python3.8/site-packages/airflow/example_dags/example_nested_branch_dag.py
[2024-05-16T01:13:16.140+0000] {processor.py:840} INFO - DAG(s) 'example_nested_branch_dag' retrieved from /home/airflow/.local/lib/python3.8/site-packages/airflow/example_dags/example_nested_branch_dag.py
[2024-05-16T01:13:16.169+0000] {logging_mixin.py:188} INFO - [2024-05-16T01:13:16.168+0000] {dag.py:3047} INFO - Sync 1 DAGs
[2024-05-16T01:13:16.191+0000] {logging_mixin.py:188} INFO - [2024-05-16T01:13:16.191+0000] {dag.py:3834} INFO - Setting next_dagrun for example_nested_branch_dag to 2024-05-15 00:00:00+00:00, run_after=2024-05-16 00:00:00+00:00
[2024-05-16T01:13:16.216+0000] {processor.py:183} INFO - Processing /home/airflow/.local/lib/python3.8/site-packages/airflow/example_dags/example_nested_branch_dag.py took 0.098 seconds
[2024-05-16T01:13:47.133+0000] {processor.py:161} INFO - Started process (PID=1893) to work on /home/airflow/.local/lib/python3.8/site-packages/airflow/example_dags/example_nested_branch_dag.py
[2024-05-16T01:13:47.135+0000] {processor.py:830} INFO - Processing file /home/airflow/.local/lib/python3.8/site-packages/airflow/example_dags/example_nested_branch_dag.py for tasks to queue
[2024-05-16T01:13:47.138+0000] {logging_mixin.py:188} INFO - [2024-05-16T01:13:47.138+0000] {dagbag.py:540} INFO - Filling up the DagBag from /home/airflow/.local/lib/python3.8/site-packages/airflow/example_dags/example_nested_branch_dag.py
[2024-05-16T01:13:47.151+0000] {processor.py:840} INFO - DAG(s) 'example_nested_branch_dag' retrieved from /home/airflow/.local/lib/python3.8/site-packages/airflow/example_dags/example_nested_branch_dag.py
[2024-05-16T01:13:47.182+0000] {logging_mixin.py:188} INFO - [2024-05-16T01:13:47.182+0000] {dag.py:3047} INFO - Sync 1 DAGs
[2024-05-16T01:13:47.211+0000] {logging_mixin.py:188} INFO - [2024-05-16T01:13:47.211+0000] {dag.py:3834} INFO - Setting next_dagrun for example_nested_branch_dag to 2024-05-15 00:00:00+00:00, run_after=2024-05-16 00:00:00+00:00
[2024-05-16T01:13:47.242+0000] {processor.py:183} INFO - Processing /home/airflow/.local/lib/python3.8/site-packages/airflow/example_dags/example_nested_branch_dag.py took 0.112 seconds
[2024-05-16T01:14:17.316+0000] {processor.py:161} INFO - Started process (PID=1951) to work on /home/airflow/.local/lib/python3.8/site-packages/airflow/example_dags/example_nested_branch_dag.py
[2024-05-16T01:14:17.318+0000] {processor.py:830} INFO - Processing file /home/airflow/.local/lib/python3.8/site-packages/airflow/example_dags/example_nested_branch_dag.py for tasks to queue
[2024-05-16T01:14:17.323+0000] {logging_mixin.py:188} INFO - [2024-05-16T01:14:17.323+0000] {dagbag.py:540} INFO - Filling up the DagBag from /home/airflow/.local/lib/python3.8/site-packages/airflow/example_dags/example_nested_branch_dag.py
[2024-05-16T01:14:17.334+0000] {processor.py:840} INFO - DAG(s) 'example_nested_branch_dag' retrieved from /home/airflow/.local/lib/python3.8/site-packages/airflow/example_dags/example_nested_branch_dag.py
[2024-05-16T01:14:17.359+0000] {logging_mixin.py:188} INFO - [2024-05-16T01:14:17.359+0000] {dag.py:3047} INFO - Sync 1 DAGs
[2024-05-16T01:14:17.384+0000] {logging_mixin.py:188} INFO - [2024-05-16T01:14:17.384+0000] {dag.py:3834} INFO - Setting next_dagrun for example_nested_branch_dag to 2024-05-15 00:00:00+00:00, run_after=2024-05-16 00:00:00+00:00
[2024-05-16T01:14:17.673+0000] {processor.py:183} INFO - Processing /home/airflow/.local/lib/python3.8/site-packages/airflow/example_dags/example_nested_branch_dag.py took 0.361 seconds
[2024-05-16T01:14:48.294+0000] {processor.py:161} INFO - Started process (PID=2011) to work on /home/airflow/.local/lib/python3.8/site-packages/airflow/example_dags/example_nested_branch_dag.py
[2024-05-16T01:14:48.295+0000] {processor.py:830} INFO - Processing file /home/airflow/.local/lib/python3.8/site-packages/airflow/example_dags/example_nested_branch_dag.py for tasks to queue
[2024-05-16T01:14:48.299+0000] {logging_mixin.py:188} INFO - [2024-05-16T01:14:48.298+0000] {dagbag.py:540} INFO - Filling up the DagBag from /home/airflow/.local/lib/python3.8/site-packages/airflow/example_dags/example_nested_branch_dag.py
[2024-05-16T01:14:48.313+0000] {processor.py:840} INFO - DAG(s) 'example_nested_branch_dag' retrieved from /home/airflow/.local/lib/python3.8/site-packages/airflow/example_dags/example_nested_branch_dag.py
[2024-05-16T01:14:48.348+0000] {logging_mixin.py:188} INFO - [2024-05-16T01:14:48.347+0000] {dag.py:3047} INFO - Sync 1 DAGs
[2024-05-16T01:14:48.379+0000] {logging_mixin.py:188} INFO - [2024-05-16T01:14:48.378+0000] {dag.py:3834} INFO - Setting next_dagrun for example_nested_branch_dag to 2024-05-15 00:00:00+00:00, run_after=2024-05-16 00:00:00+00:00
[2024-05-16T01:14:48.411+0000] {processor.py:183} INFO - Processing /home/airflow/.local/lib/python3.8/site-packages/airflow/example_dags/example_nested_branch_dag.py took 0.123 seconds
[2024-05-16T01:15:18.614+0000] {processor.py:161} INFO - Started process (PID=2070) to work on /home/airflow/.local/lib/python3.8/site-packages/airflow/example_dags/example_nested_branch_dag.py
[2024-05-16T01:15:18.616+0000] {processor.py:830} INFO - Processing file /home/airflow/.local/lib/python3.8/site-packages/airflow/example_dags/example_nested_branch_dag.py for tasks to queue
[2024-05-16T01:15:18.618+0000] {logging_mixin.py:188} INFO - [2024-05-16T01:15:18.618+0000] {dagbag.py:540} INFO - Filling up the DagBag from /home/airflow/.local/lib/python3.8/site-packages/airflow/example_dags/example_nested_branch_dag.py
[2024-05-16T01:15:18.628+0000] {processor.py:840} INFO - DAG(s) 'example_nested_branch_dag' retrieved from /home/airflow/.local/lib/python3.8/site-packages/airflow/example_dags/example_nested_branch_dag.py
[2024-05-16T01:15:18.654+0000] {logging_mixin.py:188} INFO - [2024-05-16T01:15:18.654+0000] {dag.py:3047} INFO - Sync 1 DAGs
[2024-05-16T01:15:18.684+0000] {logging_mixin.py:188} INFO - [2024-05-16T01:15:18.684+0000] {dag.py:3834} INFO - Setting next_dagrun for example_nested_branch_dag to 2024-05-15 00:00:00+00:00, run_after=2024-05-16 00:00:00+00:00
[2024-05-16T01:15:18.711+0000] {processor.py:183} INFO - Processing /home/airflow/.local/lib/python3.8/site-packages/airflow/example_dags/example_nested_branch_dag.py took 0.101 seconds
[2024-05-16T01:15:49.846+0000] {processor.py:161} INFO - Started process (PID=2129) to work on /home/airflow/.local/lib/python3.8/site-packages/airflow/example_dags/example_nested_branch_dag.py
[2024-05-16T01:15:49.848+0000] {processor.py:830} INFO - Processing file /home/airflow/.local/lib/python3.8/site-packages/airflow/example_dags/example_nested_branch_dag.py for tasks to queue
[2024-05-16T01:15:49.850+0000] {logging_mixin.py:188} INFO - [2024-05-16T01:15:49.850+0000] {dagbag.py:540} INFO - Filling up the DagBag from /home/airflow/.local/lib/python3.8/site-packages/airflow/example_dags/example_nested_branch_dag.py
[2024-05-16T01:15:49.860+0000] {processor.py:840} INFO - DAG(s) 'example_nested_branch_dag' retrieved from /home/airflow/.local/lib/python3.8/site-packages/airflow/example_dags/example_nested_branch_dag.py
[2024-05-16T01:15:49.884+0000] {logging_mixin.py:188} INFO - [2024-05-16T01:15:49.884+0000] {dag.py:3047} INFO - Sync 1 DAGs
[2024-05-16T01:15:49.909+0000] {logging_mixin.py:188} INFO - [2024-05-16T01:15:49.909+0000] {dag.py:3834} INFO - Setting next_dagrun for example_nested_branch_dag to 2024-05-15 00:00:00+00:00, run_after=2024-05-16 00:00:00+00:00
[2024-05-16T01:15:49.935+0000] {processor.py:183} INFO - Processing /home/airflow/.local/lib/python3.8/site-packages/airflow/example_dags/example_nested_branch_dag.py took 0.093 seconds
[2024-05-16T01:16:20.446+0000] {processor.py:161} INFO - Started process (PID=2188) to work on /home/airflow/.local/lib/python3.8/site-packages/airflow/example_dags/example_nested_branch_dag.py
[2024-05-16T01:16:20.448+0000] {processor.py:830} INFO - Processing file /home/airflow/.local/lib/python3.8/site-packages/airflow/example_dags/example_nested_branch_dag.py for tasks to queue
[2024-05-16T01:16:20.451+0000] {logging_mixin.py:188} INFO - [2024-05-16T01:16:20.450+0000] {dagbag.py:540} INFO - Filling up the DagBag from /home/airflow/.local/lib/python3.8/site-packages/airflow/example_dags/example_nested_branch_dag.py
[2024-05-16T01:16:20.465+0000] {processor.py:840} INFO - DAG(s) 'example_nested_branch_dag' retrieved from /home/airflow/.local/lib/python3.8/site-packages/airflow/example_dags/example_nested_branch_dag.py
[2024-05-16T01:16:20.496+0000] {logging_mixin.py:188} INFO - [2024-05-16T01:16:20.496+0000] {dag.py:3047} INFO - Sync 1 DAGs
[2024-05-16T01:16:20.532+0000] {logging_mixin.py:188} INFO - [2024-05-16T01:16:20.532+0000] {dag.py:3834} INFO - Setting next_dagrun for example_nested_branch_dag to 2024-05-15 00:00:00+00:00, run_after=2024-05-16 00:00:00+00:00
[2024-05-16T01:16:20.563+0000] {processor.py:183} INFO - Processing /home/airflow/.local/lib/python3.8/site-packages/airflow/example_dags/example_nested_branch_dag.py took 0.121 seconds
[2024-05-16T01:16:52.144+0000] {processor.py:161} INFO - Started process (PID=2247) to work on /home/airflow/.local/lib/python3.8/site-packages/airflow/example_dags/example_nested_branch_dag.py
[2024-05-16T01:16:52.145+0000] {processor.py:830} INFO - Processing file /home/airflow/.local/lib/python3.8/site-packages/airflow/example_dags/example_nested_branch_dag.py for tasks to queue
[2024-05-16T01:16:52.148+0000] {logging_mixin.py:188} INFO - [2024-05-16T01:16:52.147+0000] {dagbag.py:540} INFO - Filling up the DagBag from /home/airflow/.local/lib/python3.8/site-packages/airflow/example_dags/example_nested_branch_dag.py
[2024-05-16T01:16:52.160+0000] {processor.py:840} INFO - DAG(s) 'example_nested_branch_dag' retrieved from /home/airflow/.local/lib/python3.8/site-packages/airflow/example_dags/example_nested_branch_dag.py
[2024-05-16T01:16:52.189+0000] {logging_mixin.py:188} INFO - [2024-05-16T01:16:52.188+0000] {dag.py:3047} INFO - Sync 1 DAGs
[2024-05-16T01:16:52.215+0000] {logging_mixin.py:188} INFO - [2024-05-16T01:16:52.214+0000] {dag.py:3834} INFO - Setting next_dagrun for example_nested_branch_dag to 2024-05-15 00:00:00+00:00, run_after=2024-05-16 00:00:00+00:00
[2024-05-16T01:16:52.275+0000] {processor.py:183} INFO - Processing /home/airflow/.local/lib/python3.8/site-packages/airflow/example_dags/example_nested_branch_dag.py took 0.136 seconds
[2024-05-16T01:17:23.149+0000] {processor.py:161} INFO - Started process (PID=2306) to work on /home/airflow/.local/lib/python3.8/site-packages/airflow/example_dags/example_nested_branch_dag.py
[2024-05-16T01:17:23.151+0000] {processor.py:830} INFO - Processing file /home/airflow/.local/lib/python3.8/site-packages/airflow/example_dags/example_nested_branch_dag.py for tasks to queue
[2024-05-16T01:17:23.153+0000] {logging_mixin.py:188} INFO - [2024-05-16T01:17:23.153+0000] {dagbag.py:540} INFO - Filling up the DagBag from /home/airflow/.local/lib/python3.8/site-packages/airflow/example_dags/example_nested_branch_dag.py
[2024-05-16T01:17:23.165+0000] {processor.py:840} INFO - DAG(s) 'example_nested_branch_dag' retrieved from /home/airflow/.local/lib/python3.8/site-packages/airflow/example_dags/example_nested_branch_dag.py
[2024-05-16T01:17:23.193+0000] {logging_mixin.py:188} INFO - [2024-05-16T01:17:23.192+0000] {dag.py:3047} INFO - Sync 1 DAGs
[2024-05-16T01:17:23.215+0000] {logging_mixin.py:188} INFO - [2024-05-16T01:17:23.215+0000] {dag.py:3834} INFO - Setting next_dagrun for example_nested_branch_dag to 2024-05-15 00:00:00+00:00, run_after=2024-05-16 00:00:00+00:00
[2024-05-16T01:17:23.240+0000] {processor.py:183} INFO - Processing /home/airflow/.local/lib/python3.8/site-packages/airflow/example_dags/example_nested_branch_dag.py took 0.094 seconds
[2024-05-16T01:17:54.131+0000] {processor.py:161} INFO - Started process (PID=2365) to work on /home/airflow/.local/lib/python3.8/site-packages/airflow/example_dags/example_nested_branch_dag.py
[2024-05-16T01:17:54.133+0000] {processor.py:830} INFO - Processing file /home/airflow/.local/lib/python3.8/site-packages/airflow/example_dags/example_nested_branch_dag.py for tasks to queue
[2024-05-16T01:17:54.136+0000] {logging_mixin.py:188} INFO - [2024-05-16T01:17:54.136+0000] {dagbag.py:540} INFO - Filling up the DagBag from /home/airflow/.local/lib/python3.8/site-packages/airflow/example_dags/example_nested_branch_dag.py
[2024-05-16T01:17:54.148+0000] {processor.py:840} INFO - DAG(s) 'example_nested_branch_dag' retrieved from /home/airflow/.local/lib/python3.8/site-packages/airflow/example_dags/example_nested_branch_dag.py
[2024-05-16T01:17:54.181+0000] {logging_mixin.py:188} INFO - [2024-05-16T01:17:54.181+0000] {dag.py:3047} INFO - Sync 1 DAGs
[2024-05-16T01:17:54.211+0000] {logging_mixin.py:188} INFO - [2024-05-16T01:17:54.210+0000] {dag.py:3834} INFO - Setting next_dagrun for example_nested_branch_dag to 2024-05-15 00:00:00+00:00, run_after=2024-05-16 00:00:00+00:00
[2024-05-16T01:17:54.242+0000] {processor.py:183} INFO - Processing /home/airflow/.local/lib/python3.8/site-packages/airflow/example_dags/example_nested_branch_dag.py took 0.115 seconds
[2024-05-16T01:18:25.008+0000] {processor.py:161} INFO - Started process (PID=2424) to work on /home/airflow/.local/lib/python3.8/site-packages/airflow/example_dags/example_nested_branch_dag.py
[2024-05-16T01:18:25.010+0000] {processor.py:830} INFO - Processing file /home/airflow/.local/lib/python3.8/site-packages/airflow/example_dags/example_nested_branch_dag.py for tasks to queue
[2024-05-16T01:18:25.014+0000] {logging_mixin.py:188} INFO - [2024-05-16T01:18:25.013+0000] {dagbag.py:540} INFO - Filling up the DagBag from /home/airflow/.local/lib/python3.8/site-packages/airflow/example_dags/example_nested_branch_dag.py
[2024-05-16T01:18:25.029+0000] {processor.py:840} INFO - DAG(s) 'example_nested_branch_dag' retrieved from /home/airflow/.local/lib/python3.8/site-packages/airflow/example_dags/example_nested_branch_dag.py
[2024-05-16T01:18:25.065+0000] {logging_mixin.py:188} INFO - [2024-05-16T01:18:25.065+0000] {dag.py:3047} INFO - Sync 1 DAGs
[2024-05-16T01:18:25.103+0000] {logging_mixin.py:188} INFO - [2024-05-16T01:18:25.103+0000] {dag.py:3834} INFO - Setting next_dagrun for example_nested_branch_dag to 2024-05-15 00:00:00+00:00, run_after=2024-05-16 00:00:00+00:00
[2024-05-16T01:18:25.140+0000] {processor.py:183} INFO - Processing /home/airflow/.local/lib/python3.8/site-packages/airflow/example_dags/example_nested_branch_dag.py took 0.136 seconds
[2024-05-16T01:18:56.069+0000] {processor.py:161} INFO - Started process (PID=2483) to work on /home/airflow/.local/lib/python3.8/site-packages/airflow/example_dags/example_nested_branch_dag.py
[2024-05-16T01:18:56.071+0000] {processor.py:830} INFO - Processing file /home/airflow/.local/lib/python3.8/site-packages/airflow/example_dags/example_nested_branch_dag.py for tasks to queue
[2024-05-16T01:18:56.074+0000] {logging_mixin.py:188} INFO - [2024-05-16T01:18:56.074+0000] {dagbag.py:540} INFO - Filling up the DagBag from /home/airflow/.local/lib/python3.8/site-packages/airflow/example_dags/example_nested_branch_dag.py
[2024-05-16T01:18:56.087+0000] {processor.py:840} INFO - DAG(s) 'example_nested_branch_dag' retrieved from /home/airflow/.local/lib/python3.8/site-packages/airflow/example_dags/example_nested_branch_dag.py
[2024-05-16T01:18:56.116+0000] {logging_mixin.py:188} INFO - [2024-05-16T01:18:56.116+0000] {dag.py:3047} INFO - Sync 1 DAGs
[2024-05-16T01:18:56.147+0000] {logging_mixin.py:188} INFO - [2024-05-16T01:18:56.146+0000] {dag.py:3834} INFO - Setting next_dagrun for example_nested_branch_dag to 2024-05-15 00:00:00+00:00, run_after=2024-05-16 00:00:00+00:00
[2024-05-16T01:18:56.177+0000] {processor.py:183} INFO - Processing /home/airflow/.local/lib/python3.8/site-packages/airflow/example_dags/example_nested_branch_dag.py took 0.113 seconds
[2024-05-16T01:19:26.883+0000] {processor.py:161} INFO - Started process (PID=2542) to work on /home/airflow/.local/lib/python3.8/site-packages/airflow/example_dags/example_nested_branch_dag.py
[2024-05-16T01:19:26.885+0000] {processor.py:830} INFO - Processing file /home/airflow/.local/lib/python3.8/site-packages/airflow/example_dags/example_nested_branch_dag.py for tasks to queue
[2024-05-16T01:19:26.888+0000] {logging_mixin.py:188} INFO - [2024-05-16T01:19:26.888+0000] {dagbag.py:540} INFO - Filling up the DagBag from /home/airflow/.local/lib/python3.8/site-packages/airflow/example_dags/example_nested_branch_dag.py
[2024-05-16T01:19:26.901+0000] {processor.py:840} INFO - DAG(s) 'example_nested_branch_dag' retrieved from /home/airflow/.local/lib/python3.8/site-packages/airflow/example_dags/example_nested_branch_dag.py
[2024-05-16T01:19:26.931+0000] {logging_mixin.py:188} INFO - [2024-05-16T01:19:26.931+0000] {dag.py:3047} INFO - Sync 1 DAGs
[2024-05-16T01:19:26.963+0000] {logging_mixin.py:188} INFO - [2024-05-16T01:19:26.962+0000] {dag.py:3834} INFO - Setting next_dagrun for example_nested_branch_dag to 2024-05-15 00:00:00+00:00, run_after=2024-05-16 00:00:00+00:00
[2024-05-16T01:19:26.995+0000] {processor.py:183} INFO - Processing /home/airflow/.local/lib/python3.8/site-packages/airflow/example_dags/example_nested_branch_dag.py took 0.116 seconds
[2024-05-16T01:19:57.618+0000] {processor.py:161} INFO - Started process (PID=2601) to work on /home/airflow/.local/lib/python3.8/site-packages/airflow/example_dags/example_nested_branch_dag.py
[2024-05-16T01:19:57.620+0000] {processor.py:830} INFO - Processing file /home/airflow/.local/lib/python3.8/site-packages/airflow/example_dags/example_nested_branch_dag.py for tasks to queue
[2024-05-16T01:19:57.623+0000] {logging_mixin.py:188} INFO - [2024-05-16T01:19:57.623+0000] {dagbag.py:540} INFO - Filling up the DagBag from /home/airflow/.local/lib/python3.8/site-packages/airflow/example_dags/example_nested_branch_dag.py
[2024-05-16T01:19:57.636+0000] {processor.py:840} INFO - DAG(s) 'example_nested_branch_dag' retrieved from /home/airflow/.local/lib/python3.8/site-packages/airflow/example_dags/example_nested_branch_dag.py
[2024-05-16T01:19:57.667+0000] {logging_mixin.py:188} INFO - [2024-05-16T01:19:57.666+0000] {dag.py:3047} INFO - Sync 1 DAGs
[2024-05-16T01:19:57.696+0000] {logging_mixin.py:188} INFO - [2024-05-16T01:19:57.696+0000] {dag.py:3834} INFO - Setting next_dagrun for example_nested_branch_dag to 2024-05-15 00:00:00+00:00, run_after=2024-05-16 00:00:00+00:00
[2024-05-16T01:19:57.726+0000] {processor.py:183} INFO - Processing /home/airflow/.local/lib/python3.8/site-packages/airflow/example_dags/example_nested_branch_dag.py took 0.112 seconds
[2024-05-16T01:20:28.359+0000] {processor.py:161} INFO - Started process (PID=2660) to work on /home/airflow/.local/lib/python3.8/site-packages/airflow/example_dags/example_nested_branch_dag.py
[2024-05-16T01:20:28.361+0000] {processor.py:830} INFO - Processing file /home/airflow/.local/lib/python3.8/site-packages/airflow/example_dags/example_nested_branch_dag.py for tasks to queue
[2024-05-16T01:20:28.363+0000] {logging_mixin.py:188} INFO - [2024-05-16T01:20:28.363+0000] {dagbag.py:540} INFO - Filling up the DagBag from /home/airflow/.local/lib/python3.8/site-packages/airflow/example_dags/example_nested_branch_dag.py
[2024-05-16T01:20:28.378+0000] {processor.py:840} INFO - DAG(s) 'example_nested_branch_dag' retrieved from /home/airflow/.local/lib/python3.8/site-packages/airflow/example_dags/example_nested_branch_dag.py
[2024-05-16T01:20:28.412+0000] {logging_mixin.py:188} INFO - [2024-05-16T01:20:28.411+0000] {dag.py:3047} INFO - Sync 1 DAGs
[2024-05-16T01:20:28.444+0000] {logging_mixin.py:188} INFO - [2024-05-16T01:20:28.444+0000] {dag.py:3834} INFO - Setting next_dagrun for example_nested_branch_dag to 2024-05-15 00:00:00+00:00, run_after=2024-05-16 00:00:00+00:00
[2024-05-16T01:20:28.475+0000] {processor.py:183} INFO - Processing /home/airflow/.local/lib/python3.8/site-packages/airflow/example_dags/example_nested_branch_dag.py took 0.121 seconds
[2024-05-16T01:20:59.368+0000] {processor.py:161} INFO - Started process (PID=2719) to work on /home/airflow/.local/lib/python3.8/site-packages/airflow/example_dags/example_nested_branch_dag.py
[2024-05-16T01:20:59.371+0000] {processor.py:830} INFO - Processing file /home/airflow/.local/lib/python3.8/site-packages/airflow/example_dags/example_nested_branch_dag.py for tasks to queue
[2024-05-16T01:20:59.374+0000] {logging_mixin.py:188} INFO - [2024-05-16T01:20:59.374+0000] {dagbag.py:540} INFO - Filling up the DagBag from /home/airflow/.local/lib/python3.8/site-packages/airflow/example_dags/example_nested_branch_dag.py
[2024-05-16T01:20:59.389+0000] {processor.py:840} INFO - DAG(s) 'example_nested_branch_dag' retrieved from /home/airflow/.local/lib/python3.8/site-packages/airflow/example_dags/example_nested_branch_dag.py
[2024-05-16T01:20:59.425+0000] {logging_mixin.py:188} INFO - [2024-05-16T01:20:59.424+0000] {dag.py:3047} INFO - Sync 1 DAGs
[2024-05-16T01:20:59.459+0000] {logging_mixin.py:188} INFO - [2024-05-16T01:20:59.459+0000] {dag.py:3834} INFO - Setting next_dagrun for example_nested_branch_dag to 2024-05-15 00:00:00+00:00, run_after=2024-05-16 00:00:00+00:00
[2024-05-16T01:20:59.493+0000] {processor.py:183} INFO - Processing /home/airflow/.local/lib/python3.8/site-packages/airflow/example_dags/example_nested_branch_dag.py took 0.129 seconds
[2024-05-16T01:21:30.175+0000] {processor.py:161} INFO - Started process (PID=2778) to work on /home/airflow/.local/lib/python3.8/site-packages/airflow/example_dags/example_nested_branch_dag.py
[2024-05-16T01:21:30.177+0000] {processor.py:830} INFO - Processing file /home/airflow/.local/lib/python3.8/site-packages/airflow/example_dags/example_nested_branch_dag.py for tasks to queue
[2024-05-16T01:21:30.181+0000] {logging_mixin.py:188} INFO - [2024-05-16T01:21:30.181+0000] {dagbag.py:540} INFO - Filling up the DagBag from /home/airflow/.local/lib/python3.8/site-packages/airflow/example_dags/example_nested_branch_dag.py
[2024-05-16T01:21:30.197+0000] {processor.py:840} INFO - DAG(s) 'example_nested_branch_dag' retrieved from /home/airflow/.local/lib/python3.8/site-packages/airflow/example_dags/example_nested_branch_dag.py
[2024-05-16T01:21:30.237+0000] {logging_mixin.py:188} INFO - [2024-05-16T01:21:30.236+0000] {dag.py:3047} INFO - Sync 1 DAGs
[2024-05-16T01:21:30.281+0000] {logging_mixin.py:188} INFO - [2024-05-16T01:21:30.281+0000] {dag.py:3834} INFO - Setting next_dagrun for example_nested_branch_dag to 2024-05-15 00:00:00+00:00, run_after=2024-05-16 00:00:00+00:00
[2024-05-16T01:21:30.322+0000] {processor.py:183} INFO - Processing /home/airflow/.local/lib/python3.8/site-packages/airflow/example_dags/example_nested_branch_dag.py took 0.152 seconds
[2024-05-16T01:22:00.462+0000] {processor.py:161} INFO - Started process (PID=2836) to work on /home/airflow/.local/lib/python3.8/site-packages/airflow/example_dags/example_nested_branch_dag.py
[2024-05-16T01:22:00.465+0000] {processor.py:830} INFO - Processing file /home/airflow/.local/lib/python3.8/site-packages/airflow/example_dags/example_nested_branch_dag.py for tasks to queue
[2024-05-16T01:22:00.468+0000] {logging_mixin.py:188} INFO - [2024-05-16T01:22:00.468+0000] {dagbag.py:540} INFO - Filling up the DagBag from /home/airflow/.local/lib/python3.8/site-packages/airflow/example_dags/example_nested_branch_dag.py
[2024-05-16T01:22:00.484+0000] {processor.py:840} INFO - DAG(s) 'example_nested_branch_dag' retrieved from /home/airflow/.local/lib/python3.8/site-packages/airflow/example_dags/example_nested_branch_dag.py
[2024-05-16T01:22:00.518+0000] {logging_mixin.py:188} INFO - [2024-05-16T01:22:00.517+0000] {dag.py:3047} INFO - Sync 1 DAGs
[2024-05-16T01:22:00.553+0000] {logging_mixin.py:188} INFO - [2024-05-16T01:22:00.553+0000] {dag.py:3834} INFO - Setting next_dagrun for example_nested_branch_dag to 2024-05-15 00:00:00+00:00, run_after=2024-05-16 00:00:00+00:00
[2024-05-16T01:22:00.587+0000] {processor.py:183} INFO - Processing /home/airflow/.local/lib/python3.8/site-packages/airflow/example_dags/example_nested_branch_dag.py took 0.130 seconds
[2024-05-16T01:22:31.275+0000] {processor.py:161} INFO - Started process (PID=2895) to work on /home/airflow/.local/lib/python3.8/site-packages/airflow/example_dags/example_nested_branch_dag.py
[2024-05-16T01:22:31.278+0000] {processor.py:830} INFO - Processing file /home/airflow/.local/lib/python3.8/site-packages/airflow/example_dags/example_nested_branch_dag.py for tasks to queue
[2024-05-16T01:22:31.282+0000] {logging_mixin.py:188} INFO - [2024-05-16T01:22:31.281+0000] {dagbag.py:540} INFO - Filling up the DagBag from /home/airflow/.local/lib/python3.8/site-packages/airflow/example_dags/example_nested_branch_dag.py
[2024-05-16T01:22:31.300+0000] {processor.py:840} INFO - DAG(s) 'example_nested_branch_dag' retrieved from /home/airflow/.local/lib/python3.8/site-packages/airflow/example_dags/example_nested_branch_dag.py
[2024-05-16T01:22:31.344+0000] {logging_mixin.py:188} INFO - [2024-05-16T01:22:31.343+0000] {dag.py:3047} INFO - Sync 1 DAGs
[2024-05-16T01:22:31.382+0000] {logging_mixin.py:188} INFO - [2024-05-16T01:22:31.382+0000] {dag.py:3834} INFO - Setting next_dagrun for example_nested_branch_dag to 2024-05-15 00:00:00+00:00, run_after=2024-05-16 00:00:00+00:00
[2024-05-16T01:22:31.419+0000] {processor.py:183} INFO - Processing /home/airflow/.local/lib/python3.8/site-packages/airflow/example_dags/example_nested_branch_dag.py took 0.149 seconds
[2024-05-16T01:23:02.135+0000] {processor.py:161} INFO - Started process (PID=2954) to work on /home/airflow/.local/lib/python3.8/site-packages/airflow/example_dags/example_nested_branch_dag.py
[2024-05-16T01:23:02.137+0000] {processor.py:830} INFO - Processing file /home/airflow/.local/lib/python3.8/site-packages/airflow/example_dags/example_nested_branch_dag.py for tasks to queue
[2024-05-16T01:23:02.140+0000] {logging_mixin.py:188} INFO - [2024-05-16T01:23:02.140+0000] {dagbag.py:540} INFO - Filling up the DagBag from /home/airflow/.local/lib/python3.8/site-packages/airflow/example_dags/example_nested_branch_dag.py
[2024-05-16T01:23:02.155+0000] {processor.py:840} INFO - DAG(s) 'example_nested_branch_dag' retrieved from /home/airflow/.local/lib/python3.8/site-packages/airflow/example_dags/example_nested_branch_dag.py
[2024-05-16T01:23:02.188+0000] {logging_mixin.py:188} INFO - [2024-05-16T01:23:02.188+0000] {dag.py:3047} INFO - Sync 1 DAGs
[2024-05-16T01:23:02.220+0000] {logging_mixin.py:188} INFO - [2024-05-16T01:23:02.220+0000] {dag.py:3834} INFO - Setting next_dagrun for example_nested_branch_dag to 2024-05-15 00:00:00+00:00, run_after=2024-05-16 00:00:00+00:00
[2024-05-16T01:23:02.250+0000] {processor.py:183} INFO - Processing /home/airflow/.local/lib/python3.8/site-packages/airflow/example_dags/example_nested_branch_dag.py took 0.120 seconds
