[2024-05-16T00:57:58.331+0000] {processor.py:161} INFO - Started process (PID=79) to work on /home/airflow/.local/lib/python3.8/site-packages/airflow/example_dags/example_branch_datetime_operator.py
[2024-05-16T00:57:58.333+0000] {processor.py:830} INFO - Processing file /home/airflow/.local/lib/python3.8/site-packages/airflow/example_dags/example_branch_datetime_operator.py for tasks to queue
[2024-05-16T00:57:58.335+0000] {logging_mixin.py:188} INFO - [2024-05-16T00:57:58.335+0000] {dagbag.py:540} INFO - Filling up the DagBag from /home/airflow/.local/lib/python3.8/site-packages/airflow/example_dags/example_branch_datetime_operator.py
[2024-05-16T00:57:58.347+0000] {processor.py:840} INFO - DAG(s) 'example_branch_datetime_operator_3', 'example_branch_datetime_operator_2', 'example_branch_datetime_operator' retrieved from /home/airflow/.local/lib/python3.8/site-packages/airflow/example_dags/example_branch_datetime_operator.py
[2024-05-16T00:57:58.381+0000] {logging_mixin.py:188} INFO - [2024-05-16T00:57:58.381+0000] {dag.py:3047} INFO - Sync 3 DAGs
[2024-05-16T00:57:58.415+0000] {logging_mixin.py:188} INFO - [2024-05-16T00:57:58.414+0000] {dag.py:3834} INFO - Setting next_dagrun for example_branch_datetime_operator to 2024-05-15 00:00:00+00:00, run_after=2024-05-16 00:00:00+00:00
[2024-05-16T00:57:58.421+0000] {logging_mixin.py:188} INFO - [2024-05-16T00:57:58.421+0000] {dag.py:3834} INFO - Setting next_dagrun for example_branch_datetime_operator_2 to 2024-05-15 00:00:00+00:00, run_after=2024-05-16 00:00:00+00:00
[2024-05-16T00:57:58.424+0000] {logging_mixin.py:188} INFO - [2024-05-16T00:57:58.424+0000] {dag.py:3834} INFO - Setting next_dagrun for example_branch_datetime_operator_3 to 2024-05-15 00:00:00+00:00, run_after=2024-05-16 00:00:00+00:00
[2024-05-16T00:57:58.446+0000] {processor.py:183} INFO - Processing /home/airflow/.local/lib/python3.8/site-packages/airflow/example_dags/example_branch_datetime_operator.py took 0.119 seconds
[2024-05-16T00:58:30.141+0000] {processor.py:161} INFO - Started process (PID=138) to work on /home/airflow/.local/lib/python3.8/site-packages/airflow/example_dags/example_branch_datetime_operator.py
[2024-05-16T00:58:30.143+0000] {processor.py:830} INFO - Processing file /home/airflow/.local/lib/python3.8/site-packages/airflow/example_dags/example_branch_datetime_operator.py for tasks to queue
[2024-05-16T00:58:30.147+0000] {logging_mixin.py:188} INFO - [2024-05-16T00:58:30.146+0000] {dagbag.py:540} INFO - Filling up the DagBag from /home/airflow/.local/lib/python3.8/site-packages/airflow/example_dags/example_branch_datetime_operator.py
[2024-05-16T00:58:30.168+0000] {processor.py:840} INFO - DAG(s) 'example_branch_datetime_operator', 'example_branch_datetime_operator_2', 'example_branch_datetime_operator_3' retrieved from /home/airflow/.local/lib/python3.8/site-packages/airflow/example_dags/example_branch_datetime_operator.py
[2024-05-16T00:58:30.225+0000] {logging_mixin.py:188} INFO - [2024-05-16T00:58:30.225+0000] {dag.py:3047} INFO - Sync 3 DAGs
[2024-05-16T00:58:30.269+0000] {logging_mixin.py:188} INFO - [2024-05-16T00:58:30.269+0000] {dag.py:3834} INFO - Setting next_dagrun for example_branch_datetime_operator to 2024-05-15 00:00:00+00:00, run_after=2024-05-16 00:00:00+00:00
[2024-05-16T00:58:30.279+0000] {logging_mixin.py:188} INFO - [2024-05-16T00:58:30.279+0000] {dag.py:3834} INFO - Setting next_dagrun for example_branch_datetime_operator_2 to 2024-05-15 00:00:00+00:00, run_after=2024-05-16 00:00:00+00:00
[2024-05-16T00:58:30.285+0000] {logging_mixin.py:188} INFO - [2024-05-16T00:58:30.284+0000] {dag.py:3834} INFO - Setting next_dagrun for example_branch_datetime_operator_3 to 2024-05-15 00:00:00+00:00, run_after=2024-05-16 00:00:00+00:00
[2024-05-16T00:58:30.324+0000] {processor.py:183} INFO - Processing /home/airflow/.local/lib/python3.8/site-packages/airflow/example_dags/example_branch_datetime_operator.py took 0.188 seconds
[2024-05-16T00:59:00.990+0000] {processor.py:161} INFO - Started process (PID=197) to work on /home/airflow/.local/lib/python3.8/site-packages/airflow/example_dags/example_branch_datetime_operator.py
[2024-05-16T00:59:00.992+0000] {processor.py:830} INFO - Processing file /home/airflow/.local/lib/python3.8/site-packages/airflow/example_dags/example_branch_datetime_operator.py for tasks to queue
[2024-05-16T00:59:00.994+0000] {logging_mixin.py:188} INFO - [2024-05-16T00:59:00.993+0000] {dagbag.py:540} INFO - Filling up the DagBag from /home/airflow/.local/lib/python3.8/site-packages/airflow/example_dags/example_branch_datetime_operator.py
[2024-05-16T00:59:01.005+0000] {processor.py:840} INFO - DAG(s) 'example_branch_datetime_operator', 'example_branch_datetime_operator_2', 'example_branch_datetime_operator_3' retrieved from /home/airflow/.local/lib/python3.8/site-packages/airflow/example_dags/example_branch_datetime_operator.py
[2024-05-16T00:59:01.036+0000] {logging_mixin.py:188} INFO - [2024-05-16T00:59:01.035+0000] {dag.py:3047} INFO - Sync 3 DAGs
[2024-05-16T00:59:01.069+0000] {logging_mixin.py:188} INFO - [2024-05-16T00:59:01.068+0000] {dag.py:3834} INFO - Setting next_dagrun for example_branch_datetime_operator to 2024-05-15 00:00:00+00:00, run_after=2024-05-16 00:00:00+00:00
[2024-05-16T00:59:01.075+0000] {logging_mixin.py:188} INFO - [2024-05-16T00:59:01.075+0000] {dag.py:3834} INFO - Setting next_dagrun for example_branch_datetime_operator_2 to 2024-05-15 00:00:00+00:00, run_after=2024-05-16 00:00:00+00:00
[2024-05-16T00:59:01.079+0000] {logging_mixin.py:188} INFO - [2024-05-16T00:59:01.079+0000] {dag.py:3834} INFO - Setting next_dagrun for example_branch_datetime_operator_3 to 2024-05-15 00:00:00+00:00, run_after=2024-05-16 00:00:00+00:00
[2024-05-16T00:59:01.104+0000] {processor.py:183} INFO - Processing /home/airflow/.local/lib/python3.8/site-packages/airflow/example_dags/example_branch_datetime_operator.py took 0.117 seconds
[2024-05-16T00:59:31.582+0000] {processor.py:161} INFO - Started process (PID=256) to work on /home/airflow/.local/lib/python3.8/site-packages/airflow/example_dags/example_branch_datetime_operator.py
[2024-05-16T00:59:31.584+0000] {processor.py:830} INFO - Processing file /home/airflow/.local/lib/python3.8/site-packages/airflow/example_dags/example_branch_datetime_operator.py for tasks to queue
[2024-05-16T00:59:31.586+0000] {logging_mixin.py:188} INFO - [2024-05-16T00:59:31.585+0000] {dagbag.py:540} INFO - Filling up the DagBag from /home/airflow/.local/lib/python3.8/site-packages/airflow/example_dags/example_branch_datetime_operator.py
[2024-05-16T00:59:31.595+0000] {processor.py:840} INFO - DAG(s) 'example_branch_datetime_operator_2', 'example_branch_datetime_operator', 'example_branch_datetime_operator_3' retrieved from /home/airflow/.local/lib/python3.8/site-packages/airflow/example_dags/example_branch_datetime_operator.py
[2024-05-16T00:59:31.621+0000] {logging_mixin.py:188} INFO - [2024-05-16T00:59:31.621+0000] {dag.py:3047} INFO - Sync 3 DAGs
[2024-05-16T00:59:31.641+0000] {logging_mixin.py:188} INFO - [2024-05-16T00:59:31.641+0000] {dag.py:3834} INFO - Setting next_dagrun for example_branch_datetime_operator to 2024-05-15 00:00:00+00:00, run_after=2024-05-16 00:00:00+00:00
[2024-05-16T00:59:31.646+0000] {logging_mixin.py:188} INFO - [2024-05-16T00:59:31.646+0000] {dag.py:3834} INFO - Setting next_dagrun for example_branch_datetime_operator_2 to 2024-05-15 00:00:00+00:00, run_after=2024-05-16 00:00:00+00:00
[2024-05-16T00:59:31.650+0000] {logging_mixin.py:188} INFO - [2024-05-16T00:59:31.650+0000] {dag.py:3834} INFO - Setting next_dagrun for example_branch_datetime_operator_3 to 2024-05-15 00:00:00+00:00, run_after=2024-05-16 00:00:00+00:00
[2024-05-16T00:59:31.670+0000] {processor.py:183} INFO - Processing /home/airflow/.local/lib/python3.8/site-packages/airflow/example_dags/example_branch_datetime_operator.py took 0.091 seconds
[2024-05-16T01:00:02.195+0000] {processor.py:161} INFO - Started process (PID=315) to work on /home/airflow/.local/lib/python3.8/site-packages/airflow/example_dags/example_branch_datetime_operator.py
[2024-05-16T01:00:02.196+0000] {processor.py:830} INFO - Processing file /home/airflow/.local/lib/python3.8/site-packages/airflow/example_dags/example_branch_datetime_operator.py for tasks to queue
[2024-05-16T01:00:02.198+0000] {logging_mixin.py:188} INFO - [2024-05-16T01:00:02.198+0000] {dagbag.py:540} INFO - Filling up the DagBag from /home/airflow/.local/lib/python3.8/site-packages/airflow/example_dags/example_branch_datetime_operator.py
[2024-05-16T01:00:02.207+0000] {processor.py:840} INFO - DAG(s) 'example_branch_datetime_operator_3', 'example_branch_datetime_operator', 'example_branch_datetime_operator_2' retrieved from /home/airflow/.local/lib/python3.8/site-packages/airflow/example_dags/example_branch_datetime_operator.py
[2024-05-16T01:00:02.233+0000] {logging_mixin.py:188} INFO - [2024-05-16T01:00:02.233+0000] {dag.py:3047} INFO - Sync 3 DAGs
[2024-05-16T01:00:02.254+0000] {logging_mixin.py:188} INFO - [2024-05-16T01:00:02.254+0000] {dag.py:3834} INFO - Setting next_dagrun for example_branch_datetime_operator to 2024-05-15 00:00:00+00:00, run_after=2024-05-16 00:00:00+00:00
[2024-05-16T01:00:02.259+0000] {logging_mixin.py:188} INFO - [2024-05-16T01:00:02.259+0000] {dag.py:3834} INFO - Setting next_dagrun for example_branch_datetime_operator_2 to 2024-05-15 00:00:00+00:00, run_after=2024-05-16 00:00:00+00:00
[2024-05-16T01:00:02.263+0000] {logging_mixin.py:188} INFO - [2024-05-16T01:00:02.263+0000] {dag.py:3834} INFO - Setting next_dagrun for example_branch_datetime_operator_3 to 2024-05-15 00:00:00+00:00, run_after=2024-05-16 00:00:00+00:00
[2024-05-16T01:00:02.282+0000] {processor.py:183} INFO - Processing /home/airflow/.local/lib/python3.8/site-packages/airflow/example_dags/example_branch_datetime_operator.py took 0.090 seconds
[2024-05-16T01:00:32.973+0000] {processor.py:161} INFO - Started process (PID=374) to work on /home/airflow/.local/lib/python3.8/site-packages/airflow/example_dags/example_branch_datetime_operator.py
[2024-05-16T01:00:32.974+0000] {processor.py:830} INFO - Processing file /home/airflow/.local/lib/python3.8/site-packages/airflow/example_dags/example_branch_datetime_operator.py for tasks to queue
[2024-05-16T01:00:32.977+0000] {logging_mixin.py:188} INFO - [2024-05-16T01:00:32.977+0000] {dagbag.py:540} INFO - Filling up the DagBag from /home/airflow/.local/lib/python3.8/site-packages/airflow/example_dags/example_branch_datetime_operator.py
[2024-05-16T01:00:32.989+0000] {processor.py:840} INFO - DAG(s) 'example_branch_datetime_operator_3', 'example_branch_datetime_operator_2', 'example_branch_datetime_operator' retrieved from /home/airflow/.local/lib/python3.8/site-packages/airflow/example_dags/example_branch_datetime_operator.py
[2024-05-16T01:00:33.019+0000] {logging_mixin.py:188} INFO - [2024-05-16T01:00:33.018+0000] {dag.py:3047} INFO - Sync 3 DAGs
[2024-05-16T01:00:33.041+0000] {logging_mixin.py:188} INFO - [2024-05-16T01:00:33.041+0000] {dag.py:3834} INFO - Setting next_dagrun for example_branch_datetime_operator to 2024-05-15 00:00:00+00:00, run_after=2024-05-16 00:00:00+00:00
[2024-05-16T01:00:33.046+0000] {logging_mixin.py:188} INFO - [2024-05-16T01:00:33.046+0000] {dag.py:3834} INFO - Setting next_dagrun for example_branch_datetime_operator_2 to 2024-05-15 00:00:00+00:00, run_after=2024-05-16 00:00:00+00:00
[2024-05-16T01:00:33.050+0000] {logging_mixin.py:188} INFO - [2024-05-16T01:00:33.049+0000] {dag.py:3834} INFO - Setting next_dagrun for example_branch_datetime_operator_3 to 2024-05-15 00:00:00+00:00, run_after=2024-05-16 00:00:00+00:00
[2024-05-16T01:00:33.069+0000] {processor.py:183} INFO - Processing /home/airflow/.local/lib/python3.8/site-packages/airflow/example_dags/example_branch_datetime_operator.py took 0.100 seconds
[2024-05-16T01:01:03.979+0000] {processor.py:161} INFO - Started process (PID=433) to work on /home/airflow/.local/lib/python3.8/site-packages/airflow/example_dags/example_branch_datetime_operator.py
[2024-05-16T01:01:03.980+0000] {processor.py:830} INFO - Processing file /home/airflow/.local/lib/python3.8/site-packages/airflow/example_dags/example_branch_datetime_operator.py for tasks to queue
[2024-05-16T01:01:03.983+0000] {logging_mixin.py:188} INFO - [2024-05-16T01:01:03.982+0000] {dagbag.py:540} INFO - Filling up the DagBag from /home/airflow/.local/lib/python3.8/site-packages/airflow/example_dags/example_branch_datetime_operator.py
[2024-05-16T01:01:03.993+0000] {processor.py:840} INFO - DAG(s) 'example_branch_datetime_operator_3', 'example_branch_datetime_operator_2', 'example_branch_datetime_operator' retrieved from /home/airflow/.local/lib/python3.8/site-packages/airflow/example_dags/example_branch_datetime_operator.py
[2024-05-16T01:01:04.029+0000] {logging_mixin.py:188} INFO - [2024-05-16T01:01:04.029+0000] {dag.py:3047} INFO - Sync 3 DAGs
[2024-05-16T01:01:04.051+0000] {logging_mixin.py:188} INFO - [2024-05-16T01:01:04.051+0000] {dag.py:3834} INFO - Setting next_dagrun for example_branch_datetime_operator to 2024-05-15 00:00:00+00:00, run_after=2024-05-16 00:00:00+00:00
[2024-05-16T01:01:04.056+0000] {logging_mixin.py:188} INFO - [2024-05-16T01:01:04.056+0000] {dag.py:3834} INFO - Setting next_dagrun for example_branch_datetime_operator_2 to 2024-05-15 00:00:00+00:00, run_after=2024-05-16 00:00:00+00:00
[2024-05-16T01:01:04.058+0000] {logging_mixin.py:188} INFO - [2024-05-16T01:01:04.058+0000] {dag.py:3834} INFO - Setting next_dagrun for example_branch_datetime_operator_3 to 2024-05-15 00:00:00+00:00, run_after=2024-05-16 00:00:00+00:00
[2024-05-16T01:01:04.080+0000] {processor.py:183} INFO - Processing /home/airflow/.local/lib/python3.8/site-packages/airflow/example_dags/example_branch_datetime_operator.py took 0.105 seconds
[2024-05-16T01:01:34.519+0000] {processor.py:161} INFO - Started process (PID=492) to work on /home/airflow/.local/lib/python3.8/site-packages/airflow/example_dags/example_branch_datetime_operator.py
[2024-05-16T01:01:34.522+0000] {processor.py:830} INFO - Processing file /home/airflow/.local/lib/python3.8/site-packages/airflow/example_dags/example_branch_datetime_operator.py for tasks to queue
[2024-05-16T01:01:34.525+0000] {logging_mixin.py:188} INFO - [2024-05-16T01:01:34.524+0000] {dagbag.py:540} INFO - Filling up the DagBag from /home/airflow/.local/lib/python3.8/site-packages/airflow/example_dags/example_branch_datetime_operator.py
[2024-05-16T01:01:34.539+0000] {processor.py:840} INFO - DAG(s) 'example_branch_datetime_operator_2', 'example_branch_datetime_operator_3', 'example_branch_datetime_operator' retrieved from /home/airflow/.local/lib/python3.8/site-packages/airflow/example_dags/example_branch_datetime_operator.py
[2024-05-16T01:01:34.578+0000] {logging_mixin.py:188} INFO - [2024-05-16T01:01:34.577+0000] {dag.py:3047} INFO - Sync 3 DAGs
[2024-05-16T01:01:34.614+0000] {logging_mixin.py:188} INFO - [2024-05-16T01:01:34.613+0000] {dag.py:3834} INFO - Setting next_dagrun for example_branch_datetime_operator to 2024-05-15 00:00:00+00:00, run_after=2024-05-16 00:00:00+00:00
[2024-05-16T01:01:34.624+0000] {logging_mixin.py:188} INFO - [2024-05-16T01:01:34.623+0000] {dag.py:3834} INFO - Setting next_dagrun for example_branch_datetime_operator_2 to 2024-05-15 00:00:00+00:00, run_after=2024-05-16 00:00:00+00:00
[2024-05-16T01:01:34.629+0000] {logging_mixin.py:188} INFO - [2024-05-16T01:01:34.629+0000] {dag.py:3834} INFO - Setting next_dagrun for example_branch_datetime_operator_3 to 2024-05-15 00:00:00+00:00, run_after=2024-05-16 00:00:00+00:00
[2024-05-16T01:01:34.669+0000] {processor.py:183} INFO - Processing /home/airflow/.local/lib/python3.8/site-packages/airflow/example_dags/example_branch_datetime_operator.py took 0.154 seconds
[2024-05-16T01:02:05.041+0000] {processor.py:161} INFO - Started process (PID=550) to work on /home/airflow/.local/lib/python3.8/site-packages/airflow/example_dags/example_branch_datetime_operator.py
[2024-05-16T01:02:05.042+0000] {processor.py:830} INFO - Processing file /home/airflow/.local/lib/python3.8/site-packages/airflow/example_dags/example_branch_datetime_operator.py for tasks to queue
[2024-05-16T01:02:05.044+0000] {logging_mixin.py:188} INFO - [2024-05-16T01:02:05.044+0000] {dagbag.py:540} INFO - Filling up the DagBag from /home/airflow/.local/lib/python3.8/site-packages/airflow/example_dags/example_branch_datetime_operator.py
[2024-05-16T01:02:05.056+0000] {processor.py:840} INFO - DAG(s) 'example_branch_datetime_operator_2', 'example_branch_datetime_operator', 'example_branch_datetime_operator_3' retrieved from /home/airflow/.local/lib/python3.8/site-packages/airflow/example_dags/example_branch_datetime_operator.py
[2024-05-16T01:02:05.084+0000] {logging_mixin.py:188} INFO - [2024-05-16T01:02:05.083+0000] {dag.py:3047} INFO - Sync 3 DAGs
[2024-05-16T01:02:05.103+0000] {logging_mixin.py:188} INFO - [2024-05-16T01:02:05.103+0000] {dag.py:3834} INFO - Setting next_dagrun for example_branch_datetime_operator to 2024-05-15 00:00:00+00:00, run_after=2024-05-16 00:00:00+00:00
[2024-05-16T01:02:05.108+0000] {logging_mixin.py:188} INFO - [2024-05-16T01:02:05.108+0000] {dag.py:3834} INFO - Setting next_dagrun for example_branch_datetime_operator_2 to 2024-05-15 00:00:00+00:00, run_after=2024-05-16 00:00:00+00:00
[2024-05-16T01:02:05.110+0000] {logging_mixin.py:188} INFO - [2024-05-16T01:02:05.110+0000] {dag.py:3834} INFO - Setting next_dagrun for example_branch_datetime_operator_3 to 2024-05-15 00:00:00+00:00, run_after=2024-05-16 00:00:00+00:00
[2024-05-16T01:02:05.132+0000] {processor.py:183} INFO - Processing /home/airflow/.local/lib/python3.8/site-packages/airflow/example_dags/example_branch_datetime_operator.py took 0.094 seconds
[2024-05-16T01:02:35.957+0000] {processor.py:161} INFO - Started process (PID=609) to work on /home/airflow/.local/lib/python3.8/site-packages/airflow/example_dags/example_branch_datetime_operator.py
[2024-05-16T01:02:35.959+0000] {processor.py:830} INFO - Processing file /home/airflow/.local/lib/python3.8/site-packages/airflow/example_dags/example_branch_datetime_operator.py for tasks to queue
[2024-05-16T01:02:35.962+0000] {logging_mixin.py:188} INFO - [2024-05-16T01:02:35.961+0000] {dagbag.py:540} INFO - Filling up the DagBag from /home/airflow/.local/lib/python3.8/site-packages/airflow/example_dags/example_branch_datetime_operator.py
[2024-05-16T01:02:35.972+0000] {processor.py:840} INFO - DAG(s) 'example_branch_datetime_operator_2', 'example_branch_datetime_operator', 'example_branch_datetime_operator_3' retrieved from /home/airflow/.local/lib/python3.8/site-packages/airflow/example_dags/example_branch_datetime_operator.py
[2024-05-16T01:02:35.998+0000] {logging_mixin.py:188} INFO - [2024-05-16T01:02:35.997+0000] {dag.py:3047} INFO - Sync 3 DAGs
[2024-05-16T01:02:36.017+0000] {logging_mixin.py:188} INFO - [2024-05-16T01:02:36.017+0000] {dag.py:3834} INFO - Setting next_dagrun for example_branch_datetime_operator to 2024-05-15 00:00:00+00:00, run_after=2024-05-16 00:00:00+00:00
[2024-05-16T01:02:36.022+0000] {logging_mixin.py:188} INFO - [2024-05-16T01:02:36.022+0000] {dag.py:3834} INFO - Setting next_dagrun for example_branch_datetime_operator_2 to 2024-05-15 00:00:00+00:00, run_after=2024-05-16 00:00:00+00:00
[2024-05-16T01:02:36.026+0000] {logging_mixin.py:188} INFO - [2024-05-16T01:02:36.026+0000] {dag.py:3834} INFO - Setting next_dagrun for example_branch_datetime_operator_3 to 2024-05-15 00:00:00+00:00, run_after=2024-05-16 00:00:00+00:00
[2024-05-16T01:02:36.054+0000] {processor.py:183} INFO - Processing /home/airflow/.local/lib/python3.8/site-packages/airflow/example_dags/example_branch_datetime_operator.py took 0.100 seconds
[2024-05-16T01:03:06.263+0000] {processor.py:161} INFO - Started process (PID=667) to work on /home/airflow/.local/lib/python3.8/site-packages/airflow/example_dags/example_branch_datetime_operator.py
[2024-05-16T01:03:06.264+0000] {processor.py:830} INFO - Processing file /home/airflow/.local/lib/python3.8/site-packages/airflow/example_dags/example_branch_datetime_operator.py for tasks to queue
[2024-05-16T01:03:06.266+0000] {logging_mixin.py:188} INFO - [2024-05-16T01:03:06.266+0000] {dagbag.py:540} INFO - Filling up the DagBag from /home/airflow/.local/lib/python3.8/site-packages/airflow/example_dags/example_branch_datetime_operator.py
[2024-05-16T01:03:06.274+0000] {processor.py:840} INFO - DAG(s) 'example_branch_datetime_operator_2', 'example_branch_datetime_operator', 'example_branch_datetime_operator_3' retrieved from /home/airflow/.local/lib/python3.8/site-packages/airflow/example_dags/example_branch_datetime_operator.py
[2024-05-16T01:03:06.299+0000] {logging_mixin.py:188} INFO - [2024-05-16T01:03:06.299+0000] {dag.py:3047} INFO - Sync 3 DAGs
[2024-05-16T01:03:06.317+0000] {logging_mixin.py:188} INFO - [2024-05-16T01:03:06.317+0000] {dag.py:3834} INFO - Setting next_dagrun for example_branch_datetime_operator to 2024-05-15 00:00:00+00:00, run_after=2024-05-16 00:00:00+00:00
[2024-05-16T01:03:06.321+0000] {logging_mixin.py:188} INFO - [2024-05-16T01:03:06.321+0000] {dag.py:3834} INFO - Setting next_dagrun for example_branch_datetime_operator_2 to 2024-05-15 00:00:00+00:00, run_after=2024-05-16 00:00:00+00:00
[2024-05-16T01:03:06.324+0000] {logging_mixin.py:188} INFO - [2024-05-16T01:03:06.324+0000] {dag.py:3834} INFO - Setting next_dagrun for example_branch_datetime_operator_3 to 2024-05-15 00:00:00+00:00, run_after=2024-05-16 00:00:00+00:00
[2024-05-16T01:03:06.348+0000] {processor.py:183} INFO - Processing /home/airflow/.local/lib/python3.8/site-packages/airflow/example_dags/example_branch_datetime_operator.py took 0.089 seconds
[2024-05-16T01:03:37.027+0000] {processor.py:161} INFO - Started process (PID=726) to work on /home/airflow/.local/lib/python3.8/site-packages/airflow/example_dags/example_branch_datetime_operator.py
[2024-05-16T01:03:37.029+0000] {processor.py:830} INFO - Processing file /home/airflow/.local/lib/python3.8/site-packages/airflow/example_dags/example_branch_datetime_operator.py for tasks to queue
[2024-05-16T01:03:37.031+0000] {logging_mixin.py:188} INFO - [2024-05-16T01:03:37.030+0000] {dagbag.py:540} INFO - Filling up the DagBag from /home/airflow/.local/lib/python3.8/site-packages/airflow/example_dags/example_branch_datetime_operator.py
[2024-05-16T01:03:37.039+0000] {processor.py:840} INFO - DAG(s) 'example_branch_datetime_operator', 'example_branch_datetime_operator_3', 'example_branch_datetime_operator_2' retrieved from /home/airflow/.local/lib/python3.8/site-packages/airflow/example_dags/example_branch_datetime_operator.py
[2024-05-16T01:03:37.063+0000] {logging_mixin.py:188} INFO - [2024-05-16T01:03:37.062+0000] {dag.py:3047} INFO - Sync 3 DAGs
[2024-05-16T01:03:37.081+0000] {logging_mixin.py:188} INFO - [2024-05-16T01:03:37.080+0000] {dag.py:3834} INFO - Setting next_dagrun for example_branch_datetime_operator to 2024-05-15 00:00:00+00:00, run_after=2024-05-16 00:00:00+00:00
[2024-05-16T01:03:37.085+0000] {logging_mixin.py:188} INFO - [2024-05-16T01:03:37.085+0000] {dag.py:3834} INFO - Setting next_dagrun for example_branch_datetime_operator_2 to 2024-05-15 00:00:00+00:00, run_after=2024-05-16 00:00:00+00:00
[2024-05-16T01:03:37.088+0000] {logging_mixin.py:188} INFO - [2024-05-16T01:03:37.088+0000] {dag.py:3834} INFO - Setting next_dagrun for example_branch_datetime_operator_3 to 2024-05-15 00:00:00+00:00, run_after=2024-05-16 00:00:00+00:00
[2024-05-16T01:03:37.109+0000] {processor.py:183} INFO - Processing /home/airflow/.local/lib/python3.8/site-packages/airflow/example_dags/example_branch_datetime_operator.py took 0.085 seconds
[2024-05-16T01:04:08.149+0000] {processor.py:161} INFO - Started process (PID=785) to work on /home/airflow/.local/lib/python3.8/site-packages/airflow/example_dags/example_branch_datetime_operator.py
[2024-05-16T01:04:08.152+0000] {processor.py:830} INFO - Processing file /home/airflow/.local/lib/python3.8/site-packages/airflow/example_dags/example_branch_datetime_operator.py for tasks to queue
[2024-05-16T01:04:08.154+0000] {logging_mixin.py:188} INFO - [2024-05-16T01:04:08.154+0000] {dagbag.py:540} INFO - Filling up the DagBag from /home/airflow/.local/lib/python3.8/site-packages/airflow/example_dags/example_branch_datetime_operator.py
[2024-05-16T01:04:08.165+0000] {processor.py:840} INFO - DAG(s) 'example_branch_datetime_operator', 'example_branch_datetime_operator_3', 'example_branch_datetime_operator_2' retrieved from /home/airflow/.local/lib/python3.8/site-packages/airflow/example_dags/example_branch_datetime_operator.py
[2024-05-16T01:04:08.198+0000] {logging_mixin.py:188} INFO - [2024-05-16T01:04:08.198+0000] {dag.py:3047} INFO - Sync 3 DAGs
[2024-05-16T01:04:08.226+0000] {logging_mixin.py:188} INFO - [2024-05-16T01:04:08.226+0000] {dag.py:3834} INFO - Setting next_dagrun for example_branch_datetime_operator to 2024-05-15 00:00:00+00:00, run_after=2024-05-16 00:00:00+00:00
[2024-05-16T01:04:08.233+0000] {logging_mixin.py:188} INFO - [2024-05-16T01:04:08.233+0000] {dag.py:3834} INFO - Setting next_dagrun for example_branch_datetime_operator_2 to 2024-05-15 00:00:00+00:00, run_after=2024-05-16 00:00:00+00:00
[2024-05-16T01:04:08.238+0000] {logging_mixin.py:188} INFO - [2024-05-16T01:04:08.238+0000] {dag.py:3834} INFO - Setting next_dagrun for example_branch_datetime_operator_3 to 2024-05-15 00:00:00+00:00, run_after=2024-05-16 00:00:00+00:00
[2024-05-16T01:04:08.265+0000] {processor.py:183} INFO - Processing /home/airflow/.local/lib/python3.8/site-packages/airflow/example_dags/example_branch_datetime_operator.py took 0.121 seconds
[2024-05-16T01:04:39.694+0000] {processor.py:161} INFO - Started process (PID=844) to work on /home/airflow/.local/lib/python3.8/site-packages/airflow/example_dags/example_branch_datetime_operator.py
[2024-05-16T01:04:39.696+0000] {processor.py:830} INFO - Processing file /home/airflow/.local/lib/python3.8/site-packages/airflow/example_dags/example_branch_datetime_operator.py for tasks to queue
[2024-05-16T01:04:39.699+0000] {logging_mixin.py:188} INFO - [2024-05-16T01:04:39.698+0000] {dagbag.py:540} INFO - Filling up the DagBag from /home/airflow/.local/lib/python3.8/site-packages/airflow/example_dags/example_branch_datetime_operator.py
[2024-05-16T01:04:39.713+0000] {processor.py:840} INFO - DAG(s) 'example_branch_datetime_operator', 'example_branch_datetime_operator_3', 'example_branch_datetime_operator_2' retrieved from /home/airflow/.local/lib/python3.8/site-packages/airflow/example_dags/example_branch_datetime_operator.py
[2024-05-16T01:04:39.747+0000] {logging_mixin.py:188} INFO - [2024-05-16T01:04:39.747+0000] {dag.py:3047} INFO - Sync 3 DAGs
[2024-05-16T01:04:39.778+0000] {logging_mixin.py:188} INFO - [2024-05-16T01:04:39.777+0000] {dag.py:3834} INFO - Setting next_dagrun for example_branch_datetime_operator to 2024-05-15 00:00:00+00:00, run_after=2024-05-16 00:00:00+00:00
[2024-05-16T01:04:39.785+0000] {logging_mixin.py:188} INFO - [2024-05-16T01:04:39.784+0000] {dag.py:3834} INFO - Setting next_dagrun for example_branch_datetime_operator_2 to 2024-05-15 00:00:00+00:00, run_after=2024-05-16 00:00:00+00:00
[2024-05-16T01:04:39.789+0000] {logging_mixin.py:188} INFO - [2024-05-16T01:04:39.789+0000] {dag.py:3834} INFO - Setting next_dagrun for example_branch_datetime_operator_3 to 2024-05-15 00:00:00+00:00, run_after=2024-05-16 00:00:00+00:00
[2024-05-16T01:04:39.817+0000] {processor.py:183} INFO - Processing /home/airflow/.local/lib/python3.8/site-packages/airflow/example_dags/example_branch_datetime_operator.py took 0.126 seconds
[2024-05-16T01:05:10.097+0000] {processor.py:161} INFO - Started process (PID=904) to work on /home/airflow/.local/lib/python3.8/site-packages/airflow/example_dags/example_branch_datetime_operator.py
[2024-05-16T01:05:10.099+0000] {processor.py:830} INFO - Processing file /home/airflow/.local/lib/python3.8/site-packages/airflow/example_dags/example_branch_datetime_operator.py for tasks to queue
[2024-05-16T01:05:10.102+0000] {logging_mixin.py:188} INFO - [2024-05-16T01:05:10.102+0000] {dagbag.py:540} INFO - Filling up the DagBag from /home/airflow/.local/lib/python3.8/site-packages/airflow/example_dags/example_branch_datetime_operator.py
[2024-05-16T01:05:10.118+0000] {processor.py:840} INFO - DAG(s) 'example_branch_datetime_operator', 'example_branch_datetime_operator_3', 'example_branch_datetime_operator_2' retrieved from /home/airflow/.local/lib/python3.8/site-packages/airflow/example_dags/example_branch_datetime_operator.py
[2024-05-16T01:05:10.153+0000] {logging_mixin.py:188} INFO - [2024-05-16T01:05:10.152+0000] {dag.py:3047} INFO - Sync 3 DAGs
[2024-05-16T01:05:10.178+0000] {logging_mixin.py:188} INFO - [2024-05-16T01:05:10.177+0000] {dag.py:3834} INFO - Setting next_dagrun for example_branch_datetime_operator to 2024-05-15 00:00:00+00:00, run_after=2024-05-16 00:00:00+00:00
[2024-05-16T01:05:10.186+0000] {logging_mixin.py:188} INFO - [2024-05-16T01:05:10.186+0000] {dag.py:3834} INFO - Setting next_dagrun for example_branch_datetime_operator_2 to 2024-05-15 00:00:00+00:00, run_after=2024-05-16 00:00:00+00:00
[2024-05-16T01:05:10.192+0000] {logging_mixin.py:188} INFO - [2024-05-16T01:05:10.191+0000] {dag.py:3834} INFO - Setting next_dagrun for example_branch_datetime_operator_3 to 2024-05-15 00:00:00+00:00, run_after=2024-05-16 00:00:00+00:00
[2024-05-16T01:05:10.222+0000] {processor.py:183} INFO - Processing /home/airflow/.local/lib/python3.8/site-packages/airflow/example_dags/example_branch_datetime_operator.py took 0.129 seconds
[2024-05-16T01:05:40.690+0000] {processor.py:161} INFO - Started process (PID=969) to work on /home/airflow/.local/lib/python3.8/site-packages/airflow/example_dags/example_branch_datetime_operator.py
[2024-05-16T01:05:40.691+0000] {processor.py:830} INFO - Processing file /home/airflow/.local/lib/python3.8/site-packages/airflow/example_dags/example_branch_datetime_operator.py for tasks to queue
[2024-05-16T01:05:40.693+0000] {logging_mixin.py:188} INFO - [2024-05-16T01:05:40.692+0000] {dagbag.py:540} INFO - Filling up the DagBag from /home/airflow/.local/lib/python3.8/site-packages/airflow/example_dags/example_branch_datetime_operator.py
[2024-05-16T01:05:40.702+0000] {processor.py:840} INFO - DAG(s) 'example_branch_datetime_operator_3', 'example_branch_datetime_operator', 'example_branch_datetime_operator_2' retrieved from /home/airflow/.local/lib/python3.8/site-packages/airflow/example_dags/example_branch_datetime_operator.py
[2024-05-16T01:05:40.724+0000] {logging_mixin.py:188} INFO - [2024-05-16T01:05:40.724+0000] {dag.py:3047} INFO - Sync 3 DAGs
[2024-05-16T01:05:40.743+0000] {logging_mixin.py:188} INFO - [2024-05-16T01:05:40.742+0000] {dag.py:3834} INFO - Setting next_dagrun for example_branch_datetime_operator to 2024-05-15 00:00:00+00:00, run_after=2024-05-16 00:00:00+00:00
[2024-05-16T01:05:40.747+0000] {logging_mixin.py:188} INFO - [2024-05-16T01:05:40.747+0000] {dag.py:3834} INFO - Setting next_dagrun for example_branch_datetime_operator_2 to 2024-05-15 00:00:00+00:00, run_after=2024-05-16 00:00:00+00:00
[2024-05-16T01:05:40.750+0000] {logging_mixin.py:188} INFO - [2024-05-16T01:05:40.750+0000] {dag.py:3834} INFO - Setting next_dagrun for example_branch_datetime_operator_3 to 2024-05-15 00:00:00+00:00, run_after=2024-05-16 00:00:00+00:00
[2024-05-16T01:05:40.770+0000] {processor.py:183} INFO - Processing /home/airflow/.local/lib/python3.8/site-packages/airflow/example_dags/example_branch_datetime_operator.py took 0.083 seconds
[2024-05-16T01:06:11.476+0000] {processor.py:161} INFO - Started process (PID=1028) to work on /home/airflow/.local/lib/python3.8/site-packages/airflow/example_dags/example_branch_datetime_operator.py
[2024-05-16T01:06:11.478+0000] {processor.py:830} INFO - Processing file /home/airflow/.local/lib/python3.8/site-packages/airflow/example_dags/example_branch_datetime_operator.py for tasks to queue
[2024-05-16T01:06:11.480+0000] {logging_mixin.py:188} INFO - [2024-05-16T01:06:11.480+0000] {dagbag.py:540} INFO - Filling up the DagBag from /home/airflow/.local/lib/python3.8/site-packages/airflow/example_dags/example_branch_datetime_operator.py
[2024-05-16T01:06:11.489+0000] {processor.py:840} INFO - DAG(s) 'example_branch_datetime_operator_2', 'example_branch_datetime_operator', 'example_branch_datetime_operator_3' retrieved from /home/airflow/.local/lib/python3.8/site-packages/airflow/example_dags/example_branch_datetime_operator.py
[2024-05-16T01:06:11.515+0000] {logging_mixin.py:188} INFO - [2024-05-16T01:06:11.515+0000] {dag.py:3047} INFO - Sync 3 DAGs
[2024-05-16T01:06:11.536+0000] {logging_mixin.py:188} INFO - [2024-05-16T01:06:11.536+0000] {dag.py:3834} INFO - Setting next_dagrun for example_branch_datetime_operator to 2024-05-15 00:00:00+00:00, run_after=2024-05-16 00:00:00+00:00
[2024-05-16T01:06:11.541+0000] {logging_mixin.py:188} INFO - [2024-05-16T01:06:11.541+0000] {dag.py:3834} INFO - Setting next_dagrun for example_branch_datetime_operator_2 to 2024-05-15 00:00:00+00:00, run_after=2024-05-16 00:00:00+00:00
[2024-05-16T01:06:11.544+0000] {logging_mixin.py:188} INFO - [2024-05-16T01:06:11.544+0000] {dag.py:3834} INFO - Setting next_dagrun for example_branch_datetime_operator_3 to 2024-05-15 00:00:00+00:00, run_after=2024-05-16 00:00:00+00:00
[2024-05-16T01:06:11.566+0000] {processor.py:183} INFO - Processing /home/airflow/.local/lib/python3.8/site-packages/airflow/example_dags/example_branch_datetime_operator.py took 0.093 seconds
[2024-05-16T01:06:41.825+0000] {processor.py:161} INFO - Started process (PID=1087) to work on /home/airflow/.local/lib/python3.8/site-packages/airflow/example_dags/example_branch_datetime_operator.py
[2024-05-16T01:06:41.829+0000] {processor.py:830} INFO - Processing file /home/airflow/.local/lib/python3.8/site-packages/airflow/example_dags/example_branch_datetime_operator.py for tasks to queue
[2024-05-16T01:06:41.832+0000] {logging_mixin.py:188} INFO - [2024-05-16T01:06:41.832+0000] {dagbag.py:540} INFO - Filling up the DagBag from /home/airflow/.local/lib/python3.8/site-packages/airflow/example_dags/example_branch_datetime_operator.py
[2024-05-16T01:06:41.844+0000] {processor.py:840} INFO - DAG(s) 'example_branch_datetime_operator_2', 'example_branch_datetime_operator', 'example_branch_datetime_operator_3' retrieved from /home/airflow/.local/lib/python3.8/site-packages/airflow/example_dags/example_branch_datetime_operator.py
[2024-05-16T01:06:41.877+0000] {logging_mixin.py:188} INFO - [2024-05-16T01:06:41.877+0000] {dag.py:3047} INFO - Sync 3 DAGs
[2024-05-16T01:06:41.904+0000] {logging_mixin.py:188} INFO - [2024-05-16T01:06:41.903+0000] {dag.py:3834} INFO - Setting next_dagrun for example_branch_datetime_operator to 2024-05-15 00:00:00+00:00, run_after=2024-05-16 00:00:00+00:00
[2024-05-16T01:06:41.910+0000] {logging_mixin.py:188} INFO - [2024-05-16T01:06:41.910+0000] {dag.py:3834} INFO - Setting next_dagrun for example_branch_datetime_operator_2 to 2024-05-15 00:00:00+00:00, run_after=2024-05-16 00:00:00+00:00
[2024-05-16T01:06:41.914+0000] {logging_mixin.py:188} INFO - [2024-05-16T01:06:41.914+0000] {dag.py:3834} INFO - Setting next_dagrun for example_branch_datetime_operator_3 to 2024-05-15 00:00:00+00:00, run_after=2024-05-16 00:00:00+00:00
[2024-05-16T01:06:41.940+0000] {processor.py:183} INFO - Processing /home/airflow/.local/lib/python3.8/site-packages/airflow/example_dags/example_branch_datetime_operator.py took 0.118 seconds
[2024-05-16T01:07:12.979+0000] {processor.py:161} INFO - Started process (PID=1146) to work on /home/airflow/.local/lib/python3.8/site-packages/airflow/example_dags/example_branch_datetime_operator.py
[2024-05-16T01:07:12.982+0000] {processor.py:830} INFO - Processing file /home/airflow/.local/lib/python3.8/site-packages/airflow/example_dags/example_branch_datetime_operator.py for tasks to queue
[2024-05-16T01:07:12.984+0000] {logging_mixin.py:188} INFO - [2024-05-16T01:07:12.984+0000] {dagbag.py:540} INFO - Filling up the DagBag from /home/airflow/.local/lib/python3.8/site-packages/airflow/example_dags/example_branch_datetime_operator.py
[2024-05-16T01:07:12.993+0000] {processor.py:840} INFO - DAG(s) 'example_branch_datetime_operator_3', 'example_branch_datetime_operator', 'example_branch_datetime_operator_2' retrieved from /home/airflow/.local/lib/python3.8/site-packages/airflow/example_dags/example_branch_datetime_operator.py
[2024-05-16T01:07:13.023+0000] {logging_mixin.py:188} INFO - [2024-05-16T01:07:13.023+0000] {dag.py:3047} INFO - Sync 3 DAGs
[2024-05-16T01:07:13.044+0000] {logging_mixin.py:188} INFO - [2024-05-16T01:07:13.044+0000] {dag.py:3834} INFO - Setting next_dagrun for example_branch_datetime_operator to 2024-05-15 00:00:00+00:00, run_after=2024-05-16 00:00:00+00:00
[2024-05-16T01:07:13.049+0000] {logging_mixin.py:188} INFO - [2024-05-16T01:07:13.049+0000] {dag.py:3834} INFO - Setting next_dagrun for example_branch_datetime_operator_2 to 2024-05-15 00:00:00+00:00, run_after=2024-05-16 00:00:00+00:00
[2024-05-16T01:07:13.053+0000] {logging_mixin.py:188} INFO - [2024-05-16T01:07:13.053+0000] {dag.py:3834} INFO - Setting next_dagrun for example_branch_datetime_operator_3 to 2024-05-15 00:00:00+00:00, run_after=2024-05-16 00:00:00+00:00
[2024-05-16T01:07:13.071+0000] {processor.py:183} INFO - Processing /home/airflow/.local/lib/python3.8/site-packages/airflow/example_dags/example_branch_datetime_operator.py took 0.094 seconds
[2024-05-16T01:07:43.849+0000] {processor.py:161} INFO - Started process (PID=1204) to work on /home/airflow/.local/lib/python3.8/site-packages/airflow/example_dags/example_branch_datetime_operator.py
[2024-05-16T01:07:43.851+0000] {processor.py:830} INFO - Processing file /home/airflow/.local/lib/python3.8/site-packages/airflow/example_dags/example_branch_datetime_operator.py for tasks to queue
[2024-05-16T01:07:43.855+0000] {logging_mixin.py:188} INFO - [2024-05-16T01:07:43.855+0000] {dagbag.py:540} INFO - Filling up the DagBag from /home/airflow/.local/lib/python3.8/site-packages/airflow/example_dags/example_branch_datetime_operator.py
[2024-05-16T01:07:43.874+0000] {processor.py:840} INFO - DAG(s) 'example_branch_datetime_operator', 'example_branch_datetime_operator_2', 'example_branch_datetime_operator_3' retrieved from /home/airflow/.local/lib/python3.8/site-packages/airflow/example_dags/example_branch_datetime_operator.py
[2024-05-16T01:07:43.922+0000] {logging_mixin.py:188} INFO - [2024-05-16T01:07:43.922+0000] {dag.py:3047} INFO - Sync 3 DAGs
[2024-05-16T01:07:43.957+0000] {logging_mixin.py:188} INFO - [2024-05-16T01:07:43.957+0000] {dag.py:3834} INFO - Setting next_dagrun for example_branch_datetime_operator to 2024-05-15 00:00:00+00:00, run_after=2024-05-16 00:00:00+00:00
[2024-05-16T01:07:43.969+0000] {logging_mixin.py:188} INFO - [2024-05-16T01:07:43.969+0000] {dag.py:3834} INFO - Setting next_dagrun for example_branch_datetime_operator_2 to 2024-05-15 00:00:00+00:00, run_after=2024-05-16 00:00:00+00:00
[2024-05-16T01:07:43.974+0000] {logging_mixin.py:188} INFO - [2024-05-16T01:07:43.974+0000] {dag.py:3834} INFO - Setting next_dagrun for example_branch_datetime_operator_3 to 2024-05-15 00:00:00+00:00, run_after=2024-05-16 00:00:00+00:00
[2024-05-16T01:07:43.997+0000] {processor.py:183} INFO - Processing /home/airflow/.local/lib/python3.8/site-packages/airflow/example_dags/example_branch_datetime_operator.py took 0.152 seconds
[2024-05-16T01:08:14.131+0000] {processor.py:161} INFO - Started process (PID=1262) to work on /home/airflow/.local/lib/python3.8/site-packages/airflow/example_dags/example_branch_datetime_operator.py
[2024-05-16T01:08:14.132+0000] {processor.py:830} INFO - Processing file /home/airflow/.local/lib/python3.8/site-packages/airflow/example_dags/example_branch_datetime_operator.py for tasks to queue
[2024-05-16T01:08:14.135+0000] {logging_mixin.py:188} INFO - [2024-05-16T01:08:14.134+0000] {dagbag.py:540} INFO - Filling up the DagBag from /home/airflow/.local/lib/python3.8/site-packages/airflow/example_dags/example_branch_datetime_operator.py
[2024-05-16T01:08:14.145+0000] {processor.py:840} INFO - DAG(s) 'example_branch_datetime_operator_3', 'example_branch_datetime_operator', 'example_branch_datetime_operator_2' retrieved from /home/airflow/.local/lib/python3.8/site-packages/airflow/example_dags/example_branch_datetime_operator.py
[2024-05-16T01:08:14.171+0000] {logging_mixin.py:188} INFO - [2024-05-16T01:08:14.170+0000] {dag.py:3047} INFO - Sync 3 DAGs
[2024-05-16T01:08:14.190+0000] {logging_mixin.py:188} INFO - [2024-05-16T01:08:14.190+0000] {dag.py:3834} INFO - Setting next_dagrun for example_branch_datetime_operator to 2024-05-15 00:00:00+00:00, run_after=2024-05-16 00:00:00+00:00
[2024-05-16T01:08:14.195+0000] {logging_mixin.py:188} INFO - [2024-05-16T01:08:14.195+0000] {dag.py:3834} INFO - Setting next_dagrun for example_branch_datetime_operator_2 to 2024-05-15 00:00:00+00:00, run_after=2024-05-16 00:00:00+00:00
[2024-05-16T01:08:14.198+0000] {logging_mixin.py:188} INFO - [2024-05-16T01:08:14.198+0000] {dag.py:3834} INFO - Setting next_dagrun for example_branch_datetime_operator_3 to 2024-05-15 00:00:00+00:00, run_after=2024-05-16 00:00:00+00:00
[2024-05-16T01:08:14.218+0000] {processor.py:183} INFO - Processing /home/airflow/.local/lib/python3.8/site-packages/airflow/example_dags/example_branch_datetime_operator.py took 0.091 seconds
[2024-05-16T01:08:45.618+0000] {processor.py:161} INFO - Started process (PID=1322) to work on /home/airflow/.local/lib/python3.8/site-packages/airflow/example_dags/example_branch_datetime_operator.py
[2024-05-16T01:08:45.620+0000] {processor.py:830} INFO - Processing file /home/airflow/.local/lib/python3.8/site-packages/airflow/example_dags/example_branch_datetime_operator.py for tasks to queue
[2024-05-16T01:08:45.624+0000] {logging_mixin.py:188} INFO - [2024-05-16T01:08:45.623+0000] {dagbag.py:540} INFO - Filling up the DagBag from /home/airflow/.local/lib/python3.8/site-packages/airflow/example_dags/example_branch_datetime_operator.py
[2024-05-16T01:08:45.641+0000] {processor.py:840} INFO - DAG(s) 'example_branch_datetime_operator', 'example_branch_datetime_operator_2', 'example_branch_datetime_operator_3' retrieved from /home/airflow/.local/lib/python3.8/site-packages/airflow/example_dags/example_branch_datetime_operator.py
[2024-05-16T01:08:45.693+0000] {logging_mixin.py:188} INFO - [2024-05-16T01:08:45.692+0000] {dag.py:3047} INFO - Sync 3 DAGs
[2024-05-16T01:08:45.734+0000] {logging_mixin.py:188} INFO - [2024-05-16T01:08:45.734+0000] {dag.py:3834} INFO - Setting next_dagrun for example_branch_datetime_operator to 2024-05-15 00:00:00+00:00, run_after=2024-05-16 00:00:00+00:00
[2024-05-16T01:08:45.743+0000] {logging_mixin.py:188} INFO - [2024-05-16T01:08:45.742+0000] {dag.py:3834} INFO - Setting next_dagrun for example_branch_datetime_operator_2 to 2024-05-15 00:00:00+00:00, run_after=2024-05-16 00:00:00+00:00
[2024-05-16T01:08:45.748+0000] {logging_mixin.py:188} INFO - [2024-05-16T01:08:45.747+0000] {dag.py:3834} INFO - Setting next_dagrun for example_branch_datetime_operator_3 to 2024-05-15 00:00:00+00:00, run_after=2024-05-16 00:00:00+00:00
[2024-05-16T01:08:45.783+0000] {processor.py:183} INFO - Processing /home/airflow/.local/lib/python3.8/site-packages/airflow/example_dags/example_branch_datetime_operator.py took 0.170 seconds
[2024-05-16T01:09:15.968+0000] {processor.py:161} INFO - Started process (PID=1380) to work on /home/airflow/.local/lib/python3.8/site-packages/airflow/example_dags/example_branch_datetime_operator.py
[2024-05-16T01:09:15.970+0000] {processor.py:830} INFO - Processing file /home/airflow/.local/lib/python3.8/site-packages/airflow/example_dags/example_branch_datetime_operator.py for tasks to queue
[2024-05-16T01:09:15.972+0000] {logging_mixin.py:188} INFO - [2024-05-16T01:09:15.972+0000] {dagbag.py:540} INFO - Filling up the DagBag from /home/airflow/.local/lib/python3.8/site-packages/airflow/example_dags/example_branch_datetime_operator.py
[2024-05-16T01:09:15.986+0000] {processor.py:840} INFO - DAG(s) 'example_branch_datetime_operator_2', 'example_branch_datetime_operator_3', 'example_branch_datetime_operator' retrieved from /home/airflow/.local/lib/python3.8/site-packages/airflow/example_dags/example_branch_datetime_operator.py
[2024-05-16T01:09:16.023+0000] {logging_mixin.py:188} INFO - [2024-05-16T01:09:16.023+0000] {dag.py:3047} INFO - Sync 3 DAGs
[2024-05-16T01:09:16.051+0000] {logging_mixin.py:188} INFO - [2024-05-16T01:09:16.050+0000] {dag.py:3834} INFO - Setting next_dagrun for example_branch_datetime_operator to 2024-05-15 00:00:00+00:00, run_after=2024-05-16 00:00:00+00:00
[2024-05-16T01:09:16.058+0000] {logging_mixin.py:188} INFO - [2024-05-16T01:09:16.058+0000] {dag.py:3834} INFO - Setting next_dagrun for example_branch_datetime_operator_2 to 2024-05-15 00:00:00+00:00, run_after=2024-05-16 00:00:00+00:00
[2024-05-16T01:09:16.062+0000] {logging_mixin.py:188} INFO - [2024-05-16T01:09:16.062+0000] {dag.py:3834} INFO - Setting next_dagrun for example_branch_datetime_operator_3 to 2024-05-15 00:00:00+00:00, run_after=2024-05-16 00:00:00+00:00
[2024-05-16T01:09:16.090+0000] {processor.py:183} INFO - Processing /home/airflow/.local/lib/python3.8/site-packages/airflow/example_dags/example_branch_datetime_operator.py took 0.127 seconds
[2024-05-16T01:09:46.909+0000] {processor.py:161} INFO - Started process (PID=1440) to work on /home/airflow/.local/lib/python3.8/site-packages/airflow/example_dags/example_branch_datetime_operator.py
[2024-05-16T01:09:46.911+0000] {processor.py:830} INFO - Processing file /home/airflow/.local/lib/python3.8/site-packages/airflow/example_dags/example_branch_datetime_operator.py for tasks to queue
[2024-05-16T01:09:46.914+0000] {logging_mixin.py:188} INFO - [2024-05-16T01:09:46.914+0000] {dagbag.py:540} INFO - Filling up the DagBag from /home/airflow/.local/lib/python3.8/site-packages/airflow/example_dags/example_branch_datetime_operator.py
[2024-05-16T01:09:46.928+0000] {processor.py:840} INFO - DAG(s) 'example_branch_datetime_operator_3', 'example_branch_datetime_operator_2', 'example_branch_datetime_operator' retrieved from /home/airflow/.local/lib/python3.8/site-packages/airflow/example_dags/example_branch_datetime_operator.py
[2024-05-16T01:09:46.960+0000] {logging_mixin.py:188} INFO - [2024-05-16T01:09:46.960+0000] {dag.py:3047} INFO - Sync 3 DAGs
[2024-05-16T01:09:46.984+0000] {logging_mixin.py:188} INFO - [2024-05-16T01:09:46.984+0000] {dag.py:3834} INFO - Setting next_dagrun for example_branch_datetime_operator to 2024-05-15 00:00:00+00:00, run_after=2024-05-16 00:00:00+00:00
[2024-05-16T01:09:46.991+0000] {logging_mixin.py:188} INFO - [2024-05-16T01:09:46.991+0000] {dag.py:3834} INFO - Setting next_dagrun for example_branch_datetime_operator_2 to 2024-05-15 00:00:00+00:00, run_after=2024-05-16 00:00:00+00:00
[2024-05-16T01:09:46.995+0000] {logging_mixin.py:188} INFO - [2024-05-16T01:09:46.995+0000] {dag.py:3834} INFO - Setting next_dagrun for example_branch_datetime_operator_3 to 2024-05-15 00:00:00+00:00, run_after=2024-05-16 00:00:00+00:00
[2024-05-16T01:09:47.023+0000] {processor.py:183} INFO - Processing /home/airflow/.local/lib/python3.8/site-packages/airflow/example_dags/example_branch_datetime_operator.py took 0.117 seconds
[2024-05-16T01:10:17.224+0000] {processor.py:161} INFO - Started process (PID=1497) to work on /home/airflow/.local/lib/python3.8/site-packages/airflow/example_dags/example_branch_datetime_operator.py
[2024-05-16T01:10:17.225+0000] {processor.py:830} INFO - Processing file /home/airflow/.local/lib/python3.8/site-packages/airflow/example_dags/example_branch_datetime_operator.py for tasks to queue
[2024-05-16T01:10:17.228+0000] {logging_mixin.py:188} INFO - [2024-05-16T01:10:17.228+0000] {dagbag.py:540} INFO - Filling up the DagBag from /home/airflow/.local/lib/python3.8/site-packages/airflow/example_dags/example_branch_datetime_operator.py
[2024-05-16T01:10:17.236+0000] {processor.py:840} INFO - DAG(s) 'example_branch_datetime_operator_3', 'example_branch_datetime_operator_2', 'example_branch_datetime_operator' retrieved from /home/airflow/.local/lib/python3.8/site-packages/airflow/example_dags/example_branch_datetime_operator.py
[2024-05-16T01:10:17.260+0000] {logging_mixin.py:188} INFO - [2024-05-16T01:10:17.260+0000] {dag.py:3047} INFO - Sync 3 DAGs
[2024-05-16T01:10:17.283+0000] {logging_mixin.py:188} INFO - [2024-05-16T01:10:17.282+0000] {dag.py:3834} INFO - Setting next_dagrun for example_branch_datetime_operator to 2024-05-15 00:00:00+00:00, run_after=2024-05-16 00:00:00+00:00
[2024-05-16T01:10:17.288+0000] {logging_mixin.py:188} INFO - [2024-05-16T01:10:17.288+0000] {dag.py:3834} INFO - Setting next_dagrun for example_branch_datetime_operator_2 to 2024-05-15 00:00:00+00:00, run_after=2024-05-16 00:00:00+00:00
[2024-05-16T01:10:17.291+0000] {logging_mixin.py:188} INFO - [2024-05-16T01:10:17.291+0000] {dag.py:3834} INFO - Setting next_dagrun for example_branch_datetime_operator_3 to 2024-05-15 00:00:00+00:00, run_after=2024-05-16 00:00:00+00:00
[2024-05-16T01:10:17.311+0000] {processor.py:183} INFO - Processing /home/airflow/.local/lib/python3.8/site-packages/airflow/example_dags/example_branch_datetime_operator.py took 0.090 seconds
[2024-05-16T01:10:47.359+0000] {processor.py:161} INFO - Started process (PID=1556) to work on /home/airflow/.local/lib/python3.8/site-packages/airflow/example_dags/example_branch_datetime_operator.py
[2024-05-16T01:10:47.360+0000] {processor.py:830} INFO - Processing file /home/airflow/.local/lib/python3.8/site-packages/airflow/example_dags/example_branch_datetime_operator.py for tasks to queue
[2024-05-16T01:10:47.361+0000] {logging_mixin.py:188} INFO - [2024-05-16T01:10:47.361+0000] {dagbag.py:540} INFO - Filling up the DagBag from /home/airflow/.local/lib/python3.8/site-packages/airflow/example_dags/example_branch_datetime_operator.py
[2024-05-16T01:10:47.370+0000] {processor.py:840} INFO - DAG(s) 'example_branch_datetime_operator_2', 'example_branch_datetime_operator', 'example_branch_datetime_operator_3' retrieved from /home/airflow/.local/lib/python3.8/site-packages/airflow/example_dags/example_branch_datetime_operator.py
[2024-05-16T01:10:47.397+0000] {logging_mixin.py:188} INFO - [2024-05-16T01:10:47.397+0000] {dag.py:3047} INFO - Sync 3 DAGs
[2024-05-16T01:10:47.419+0000] {logging_mixin.py:188} INFO - [2024-05-16T01:10:47.419+0000] {dag.py:3834} INFO - Setting next_dagrun for example_branch_datetime_operator to 2024-05-15 00:00:00+00:00, run_after=2024-05-16 00:00:00+00:00
[2024-05-16T01:10:47.424+0000] {logging_mixin.py:188} INFO - [2024-05-16T01:10:47.424+0000] {dag.py:3834} INFO - Setting next_dagrun for example_branch_datetime_operator_2 to 2024-05-15 00:00:00+00:00, run_after=2024-05-16 00:00:00+00:00
[2024-05-16T01:10:47.427+0000] {logging_mixin.py:188} INFO - [2024-05-16T01:10:47.427+0000] {dag.py:3834} INFO - Setting next_dagrun for example_branch_datetime_operator_3 to 2024-05-15 00:00:00+00:00, run_after=2024-05-16 00:00:00+00:00
[2024-05-16T01:10:47.450+0000] {processor.py:183} INFO - Processing /home/airflow/.local/lib/python3.8/site-packages/airflow/example_dags/example_branch_datetime_operator.py took 0.094 seconds
[2024-05-16T01:11:18.228+0000] {processor.py:161} INFO - Started process (PID=1615) to work on /home/airflow/.local/lib/python3.8/site-packages/airflow/example_dags/example_branch_datetime_operator.py
[2024-05-16T01:11:18.232+0000] {processor.py:830} INFO - Processing file /home/airflow/.local/lib/python3.8/site-packages/airflow/example_dags/example_branch_datetime_operator.py for tasks to queue
[2024-05-16T01:11:18.235+0000] {logging_mixin.py:188} INFO - [2024-05-16T01:11:18.235+0000] {dagbag.py:540} INFO - Filling up the DagBag from /home/airflow/.local/lib/python3.8/site-packages/airflow/example_dags/example_branch_datetime_operator.py
[2024-05-16T01:11:18.246+0000] {processor.py:840} INFO - DAG(s) 'example_branch_datetime_operator_2', 'example_branch_datetime_operator_3', 'example_branch_datetime_operator' retrieved from /home/airflow/.local/lib/python3.8/site-packages/airflow/example_dags/example_branch_datetime_operator.py
[2024-05-16T01:11:18.275+0000] {logging_mixin.py:188} INFO - [2024-05-16T01:11:18.275+0000] {dag.py:3047} INFO - Sync 3 DAGs
[2024-05-16T01:11:18.297+0000] {logging_mixin.py:188} INFO - [2024-05-16T01:11:18.297+0000] {dag.py:3834} INFO - Setting next_dagrun for example_branch_datetime_operator to 2024-05-15 00:00:00+00:00, run_after=2024-05-16 00:00:00+00:00
[2024-05-16T01:11:18.302+0000] {logging_mixin.py:188} INFO - [2024-05-16T01:11:18.302+0000] {dag.py:3834} INFO - Setting next_dagrun for example_branch_datetime_operator_2 to 2024-05-15 00:00:00+00:00, run_after=2024-05-16 00:00:00+00:00
[2024-05-16T01:11:18.305+0000] {logging_mixin.py:188} INFO - [2024-05-16T01:11:18.305+0000] {dag.py:3834} INFO - Setting next_dagrun for example_branch_datetime_operator_3 to 2024-05-15 00:00:00+00:00, run_after=2024-05-16 00:00:00+00:00
[2024-05-16T01:11:18.328+0000] {processor.py:183} INFO - Processing /home/airflow/.local/lib/python3.8/site-packages/airflow/example_dags/example_branch_datetime_operator.py took 0.104 seconds
[2024-05-16T01:11:48.374+0000] {processor.py:161} INFO - Started process (PID=1673) to work on /home/airflow/.local/lib/python3.8/site-packages/airflow/example_dags/example_branch_datetime_operator.py
[2024-05-16T01:11:48.375+0000] {processor.py:830} INFO - Processing file /home/airflow/.local/lib/python3.8/site-packages/airflow/example_dags/example_branch_datetime_operator.py for tasks to queue
[2024-05-16T01:11:48.377+0000] {logging_mixin.py:188} INFO - [2024-05-16T01:11:48.377+0000] {dagbag.py:540} INFO - Filling up the DagBag from /home/airflow/.local/lib/python3.8/site-packages/airflow/example_dags/example_branch_datetime_operator.py
[2024-05-16T01:11:48.384+0000] {processor.py:840} INFO - DAG(s) 'example_branch_datetime_operator_3', 'example_branch_datetime_operator', 'example_branch_datetime_operator_2' retrieved from /home/airflow/.local/lib/python3.8/site-packages/airflow/example_dags/example_branch_datetime_operator.py
[2024-05-16T01:11:48.407+0000] {logging_mixin.py:188} INFO - [2024-05-16T01:11:48.407+0000] {dag.py:3047} INFO - Sync 3 DAGs
[2024-05-16T01:11:48.426+0000] {logging_mixin.py:188} INFO - [2024-05-16T01:11:48.426+0000] {dag.py:3834} INFO - Setting next_dagrun for example_branch_datetime_operator to 2024-05-15 00:00:00+00:00, run_after=2024-05-16 00:00:00+00:00
[2024-05-16T01:11:48.430+0000] {logging_mixin.py:188} INFO - [2024-05-16T01:11:48.430+0000] {dag.py:3834} INFO - Setting next_dagrun for example_branch_datetime_operator_2 to 2024-05-15 00:00:00+00:00, run_after=2024-05-16 00:00:00+00:00
[2024-05-16T01:11:48.433+0000] {logging_mixin.py:188} INFO - [2024-05-16T01:11:48.433+0000] {dag.py:3834} INFO - Setting next_dagrun for example_branch_datetime_operator_3 to 2024-05-15 00:00:00+00:00, run_after=2024-05-16 00:00:00+00:00
[2024-05-16T01:11:48.450+0000] {processor.py:183} INFO - Processing /home/airflow/.local/lib/python3.8/site-packages/airflow/example_dags/example_branch_datetime_operator.py took 0.078 seconds
[2024-05-16T01:12:18.823+0000] {processor.py:161} INFO - Started process (PID=1733) to work on /home/airflow/.local/lib/python3.8/site-packages/airflow/example_dags/example_branch_datetime_operator.py
[2024-05-16T01:12:18.824+0000] {processor.py:830} INFO - Processing file /home/airflow/.local/lib/python3.8/site-packages/airflow/example_dags/example_branch_datetime_operator.py for tasks to queue
[2024-05-16T01:12:18.826+0000] {logging_mixin.py:188} INFO - [2024-05-16T01:12:18.825+0000] {dagbag.py:540} INFO - Filling up the DagBag from /home/airflow/.local/lib/python3.8/site-packages/airflow/example_dags/example_branch_datetime_operator.py
[2024-05-16T01:12:18.835+0000] {processor.py:840} INFO - DAG(s) 'example_branch_datetime_operator_3', 'example_branch_datetime_operator_2', 'example_branch_datetime_operator' retrieved from /home/airflow/.local/lib/python3.8/site-packages/airflow/example_dags/example_branch_datetime_operator.py
[2024-05-16T01:12:18.859+0000] {logging_mixin.py:188} INFO - [2024-05-16T01:12:18.859+0000] {dag.py:3047} INFO - Sync 3 DAGs
[2024-05-16T01:12:18.882+0000] {logging_mixin.py:188} INFO - [2024-05-16T01:12:18.881+0000] {dag.py:3834} INFO - Setting next_dagrun for example_branch_datetime_operator to 2024-05-15 00:00:00+00:00, run_after=2024-05-16 00:00:00+00:00
[2024-05-16T01:12:18.887+0000] {logging_mixin.py:188} INFO - [2024-05-16T01:12:18.887+0000] {dag.py:3834} INFO - Setting next_dagrun for example_branch_datetime_operator_2 to 2024-05-15 00:00:00+00:00, run_after=2024-05-16 00:00:00+00:00
[2024-05-16T01:12:18.890+0000] {logging_mixin.py:188} INFO - [2024-05-16T01:12:18.890+0000] {dag.py:3834} INFO - Setting next_dagrun for example_branch_datetime_operator_3 to 2024-05-15 00:00:00+00:00, run_after=2024-05-16 00:00:00+00:00
[2024-05-16T01:12:18.909+0000] {processor.py:183} INFO - Processing /home/airflow/.local/lib/python3.8/site-packages/airflow/example_dags/example_branch_datetime_operator.py took 0.088 seconds
[2024-05-16T01:12:49.504+0000] {processor.py:161} INFO - Started process (PID=1792) to work on /home/airflow/.local/lib/python3.8/site-packages/airflow/example_dags/example_branch_datetime_operator.py
[2024-05-16T01:12:49.505+0000] {processor.py:830} INFO - Processing file /home/airflow/.local/lib/python3.8/site-packages/airflow/example_dags/example_branch_datetime_operator.py for tasks to queue
[2024-05-16T01:12:49.507+0000] {logging_mixin.py:188} INFO - [2024-05-16T01:12:49.507+0000] {dagbag.py:540} INFO - Filling up the DagBag from /home/airflow/.local/lib/python3.8/site-packages/airflow/example_dags/example_branch_datetime_operator.py
[2024-05-16T01:12:49.516+0000] {processor.py:840} INFO - DAG(s) 'example_branch_datetime_operator', 'example_branch_datetime_operator_3', 'example_branch_datetime_operator_2' retrieved from /home/airflow/.local/lib/python3.8/site-packages/airflow/example_dags/example_branch_datetime_operator.py
[2024-05-16T01:12:49.542+0000] {logging_mixin.py:188} INFO - [2024-05-16T01:12:49.542+0000] {dag.py:3047} INFO - Sync 3 DAGs
[2024-05-16T01:12:49.560+0000] {logging_mixin.py:188} INFO - [2024-05-16T01:12:49.560+0000] {dag.py:3834} INFO - Setting next_dagrun for example_branch_datetime_operator to 2024-05-15 00:00:00+00:00, run_after=2024-05-16 00:00:00+00:00
[2024-05-16T01:12:49.564+0000] {logging_mixin.py:188} INFO - [2024-05-16T01:12:49.564+0000] {dag.py:3834} INFO - Setting next_dagrun for example_branch_datetime_operator_2 to 2024-05-15 00:00:00+00:00, run_after=2024-05-16 00:00:00+00:00
[2024-05-16T01:12:49.567+0000] {logging_mixin.py:188} INFO - [2024-05-16T01:12:49.567+0000] {dag.py:3834} INFO - Setting next_dagrun for example_branch_datetime_operator_3 to 2024-05-15 00:00:00+00:00, run_after=2024-05-16 00:00:00+00:00
[2024-05-16T01:12:49.586+0000] {processor.py:183} INFO - Processing /home/airflow/.local/lib/python3.8/site-packages/airflow/example_dags/example_branch_datetime_operator.py took 0.085 seconds
[2024-05-16T01:13:20.380+0000] {processor.py:161} INFO - Started process (PID=1851) to work on /home/airflow/.local/lib/python3.8/site-packages/airflow/example_dags/example_branch_datetime_operator.py
[2024-05-16T01:13:20.385+0000] {processor.py:830} INFO - Processing file /home/airflow/.local/lib/python3.8/site-packages/airflow/example_dags/example_branch_datetime_operator.py for tasks to queue
[2024-05-16T01:13:20.389+0000] {logging_mixin.py:188} INFO - [2024-05-16T01:13:20.388+0000] {dagbag.py:540} INFO - Filling up the DagBag from /home/airflow/.local/lib/python3.8/site-packages/airflow/example_dags/example_branch_datetime_operator.py
[2024-05-16T01:13:20.399+0000] {processor.py:840} INFO - DAG(s) 'example_branch_datetime_operator_3', 'example_branch_datetime_operator_2', 'example_branch_datetime_operator' retrieved from /home/airflow/.local/lib/python3.8/site-packages/airflow/example_dags/example_branch_datetime_operator.py
[2024-05-16T01:13:20.432+0000] {logging_mixin.py:188} INFO - [2024-05-16T01:13:20.432+0000] {dag.py:3047} INFO - Sync 3 DAGs
[2024-05-16T01:13:20.456+0000] {logging_mixin.py:188} INFO - [2024-05-16T01:13:20.456+0000] {dag.py:3834} INFO - Setting next_dagrun for example_branch_datetime_operator to 2024-05-15 00:00:00+00:00, run_after=2024-05-16 00:00:00+00:00
[2024-05-16T01:13:20.464+0000] {logging_mixin.py:188} INFO - [2024-05-16T01:13:20.464+0000] {dag.py:3834} INFO - Setting next_dagrun for example_branch_datetime_operator_2 to 2024-05-15 00:00:00+00:00, run_after=2024-05-16 00:00:00+00:00
[2024-05-16T01:13:20.469+0000] {logging_mixin.py:188} INFO - [2024-05-16T01:13:20.469+0000] {dag.py:3834} INFO - Setting next_dagrun for example_branch_datetime_operator_3 to 2024-05-15 00:00:00+00:00, run_after=2024-05-16 00:00:00+00:00
[2024-05-16T01:13:20.499+0000] {processor.py:183} INFO - Processing /home/airflow/.local/lib/python3.8/site-packages/airflow/example_dags/example_branch_datetime_operator.py took 0.122 seconds
[2024-05-16T01:13:50.602+0000] {processor.py:161} INFO - Started process (PID=1910) to work on /home/airflow/.local/lib/python3.8/site-packages/airflow/example_dags/example_branch_datetime_operator.py
[2024-05-16T01:13:50.603+0000] {processor.py:830} INFO - Processing file /home/airflow/.local/lib/python3.8/site-packages/airflow/example_dags/example_branch_datetime_operator.py for tasks to queue
[2024-05-16T01:13:50.605+0000] {logging_mixin.py:188} INFO - [2024-05-16T01:13:50.605+0000] {dagbag.py:540} INFO - Filling up the DagBag from /home/airflow/.local/lib/python3.8/site-packages/airflow/example_dags/example_branch_datetime_operator.py
[2024-05-16T01:13:50.616+0000] {processor.py:840} INFO - DAG(s) 'example_branch_datetime_operator_3', 'example_branch_datetime_operator_2', 'example_branch_datetime_operator' retrieved from /home/airflow/.local/lib/python3.8/site-packages/airflow/example_dags/example_branch_datetime_operator.py
[2024-05-16T01:13:50.647+0000] {logging_mixin.py:188} INFO - [2024-05-16T01:13:50.646+0000] {dag.py:3047} INFO - Sync 3 DAGs
[2024-05-16T01:13:50.669+0000] {logging_mixin.py:188} INFO - [2024-05-16T01:13:50.669+0000] {dag.py:3834} INFO - Setting next_dagrun for example_branch_datetime_operator to 2024-05-15 00:00:00+00:00, run_after=2024-05-16 00:00:00+00:00
[2024-05-16T01:13:50.675+0000] {logging_mixin.py:188} INFO - [2024-05-16T01:13:50.674+0000] {dag.py:3834} INFO - Setting next_dagrun for example_branch_datetime_operator_2 to 2024-05-15 00:00:00+00:00, run_after=2024-05-16 00:00:00+00:00
[2024-05-16T01:13:50.678+0000] {logging_mixin.py:188} INFO - [2024-05-16T01:13:50.678+0000] {dag.py:3834} INFO - Setting next_dagrun for example_branch_datetime_operator_3 to 2024-05-15 00:00:00+00:00, run_after=2024-05-16 00:00:00+00:00
[2024-05-16T01:13:50.698+0000] {processor.py:183} INFO - Processing /home/airflow/.local/lib/python3.8/site-packages/airflow/example_dags/example_branch_datetime_operator.py took 0.100 seconds
[2024-05-16T01:14:21.324+0000] {processor.py:161} INFO - Started process (PID=1969) to work on /home/airflow/.local/lib/python3.8/site-packages/airflow/example_dags/example_branch_datetime_operator.py
[2024-05-16T01:14:21.326+0000] {processor.py:830} INFO - Processing file /home/airflow/.local/lib/python3.8/site-packages/airflow/example_dags/example_branch_datetime_operator.py for tasks to queue
[2024-05-16T01:14:21.328+0000] {logging_mixin.py:188} INFO - [2024-05-16T01:14:21.328+0000] {dagbag.py:540} INFO - Filling up the DagBag from /home/airflow/.local/lib/python3.8/site-packages/airflow/example_dags/example_branch_datetime_operator.py
[2024-05-16T01:14:21.339+0000] {processor.py:840} INFO - DAG(s) 'example_branch_datetime_operator_2', 'example_branch_datetime_operator', 'example_branch_datetime_operator_3' retrieved from /home/airflow/.local/lib/python3.8/site-packages/airflow/example_dags/example_branch_datetime_operator.py
[2024-05-16T01:14:21.372+0000] {logging_mixin.py:188} INFO - [2024-05-16T01:14:21.372+0000] {dag.py:3047} INFO - Sync 3 DAGs
[2024-05-16T01:14:21.398+0000] {logging_mixin.py:188} INFO - [2024-05-16T01:14:21.398+0000] {dag.py:3834} INFO - Setting next_dagrun for example_branch_datetime_operator to 2024-05-15 00:00:00+00:00, run_after=2024-05-16 00:00:00+00:00
[2024-05-16T01:14:21.407+0000] {logging_mixin.py:188} INFO - [2024-05-16T01:14:21.407+0000] {dag.py:3834} INFO - Setting next_dagrun for example_branch_datetime_operator_2 to 2024-05-15 00:00:00+00:00, run_after=2024-05-16 00:00:00+00:00
[2024-05-16T01:14:21.411+0000] {logging_mixin.py:188} INFO - [2024-05-16T01:14:21.411+0000] {dag.py:3834} INFO - Setting next_dagrun for example_branch_datetime_operator_3 to 2024-05-15 00:00:00+00:00, run_after=2024-05-16 00:00:00+00:00
[2024-05-16T01:14:21.436+0000] {processor.py:183} INFO - Processing /home/airflow/.local/lib/python3.8/site-packages/airflow/example_dags/example_branch_datetime_operator.py took 0.115 seconds
[2024-05-16T01:14:52.035+0000] {processor.py:161} INFO - Started process (PID=2028) to work on /home/airflow/.local/lib/python3.8/site-packages/airflow/example_dags/example_branch_datetime_operator.py
[2024-05-16T01:14:52.037+0000] {processor.py:830} INFO - Processing file /home/airflow/.local/lib/python3.8/site-packages/airflow/example_dags/example_branch_datetime_operator.py for tasks to queue
[2024-05-16T01:14:52.039+0000] {logging_mixin.py:188} INFO - [2024-05-16T01:14:52.039+0000] {dagbag.py:540} INFO - Filling up the DagBag from /home/airflow/.local/lib/python3.8/site-packages/airflow/example_dags/example_branch_datetime_operator.py
[2024-05-16T01:14:52.052+0000] {processor.py:840} INFO - DAG(s) 'example_branch_datetime_operator_3', 'example_branch_datetime_operator', 'example_branch_datetime_operator_2' retrieved from /home/airflow/.local/lib/python3.8/site-packages/airflow/example_dags/example_branch_datetime_operator.py
[2024-05-16T01:14:52.085+0000] {logging_mixin.py:188} INFO - [2024-05-16T01:14:52.084+0000] {dag.py:3047} INFO - Sync 3 DAGs
[2024-05-16T01:14:52.114+0000] {logging_mixin.py:188} INFO - [2024-05-16T01:14:52.114+0000] {dag.py:3834} INFO - Setting next_dagrun for example_branch_datetime_operator to 2024-05-15 00:00:00+00:00, run_after=2024-05-16 00:00:00+00:00
[2024-05-16T01:14:52.122+0000] {logging_mixin.py:188} INFO - [2024-05-16T01:14:52.121+0000] {dag.py:3834} INFO - Setting next_dagrun for example_branch_datetime_operator_2 to 2024-05-15 00:00:00+00:00, run_after=2024-05-16 00:00:00+00:00
[2024-05-16T01:14:52.126+0000] {logging_mixin.py:188} INFO - [2024-05-16T01:14:52.125+0000] {dag.py:3834} INFO - Setting next_dagrun for example_branch_datetime_operator_3 to 2024-05-15 00:00:00+00:00, run_after=2024-05-16 00:00:00+00:00
[2024-05-16T01:14:52.155+0000] {processor.py:183} INFO - Processing /home/airflow/.local/lib/python3.8/site-packages/airflow/example_dags/example_branch_datetime_operator.py took 0.123 seconds
[2024-05-16T01:15:22.969+0000] {processor.py:161} INFO - Started process (PID=2087) to work on /home/airflow/.local/lib/python3.8/site-packages/airflow/example_dags/example_branch_datetime_operator.py
[2024-05-16T01:15:22.971+0000] {processor.py:830} INFO - Processing file /home/airflow/.local/lib/python3.8/site-packages/airflow/example_dags/example_branch_datetime_operator.py for tasks to queue
[2024-05-16T01:15:22.973+0000] {logging_mixin.py:188} INFO - [2024-05-16T01:15:22.973+0000] {dagbag.py:540} INFO - Filling up the DagBag from /home/airflow/.local/lib/python3.8/site-packages/airflow/example_dags/example_branch_datetime_operator.py
[2024-05-16T01:15:22.987+0000] {processor.py:840} INFO - DAG(s) 'example_branch_datetime_operator', 'example_branch_datetime_operator_3', 'example_branch_datetime_operator_2' retrieved from /home/airflow/.local/lib/python3.8/site-packages/airflow/example_dags/example_branch_datetime_operator.py
[2024-05-16T01:15:23.025+0000] {logging_mixin.py:188} INFO - [2024-05-16T01:15:23.024+0000] {dag.py:3047} INFO - Sync 3 DAGs
[2024-05-16T01:15:23.057+0000] {logging_mixin.py:188} INFO - [2024-05-16T01:15:23.056+0000] {dag.py:3834} INFO - Setting next_dagrun for example_branch_datetime_operator to 2024-05-15 00:00:00+00:00, run_after=2024-05-16 00:00:00+00:00
[2024-05-16T01:15:23.065+0000] {logging_mixin.py:188} INFO - [2024-05-16T01:15:23.065+0000] {dag.py:3834} INFO - Setting next_dagrun for example_branch_datetime_operator_2 to 2024-05-15 00:00:00+00:00, run_after=2024-05-16 00:00:00+00:00
[2024-05-16T01:15:23.069+0000] {logging_mixin.py:188} INFO - [2024-05-16T01:15:23.069+0000] {dag.py:3834} INFO - Setting next_dagrun for example_branch_datetime_operator_3 to 2024-05-15 00:00:00+00:00, run_after=2024-05-16 00:00:00+00:00
[2024-05-16T01:15:23.097+0000] {processor.py:183} INFO - Processing /home/airflow/.local/lib/python3.8/site-packages/airflow/example_dags/example_branch_datetime_operator.py took 0.133 seconds
[2024-05-16T01:15:53.307+0000] {processor.py:161} INFO - Started process (PID=2146) to work on /home/airflow/.local/lib/python3.8/site-packages/airflow/example_dags/example_branch_datetime_operator.py
[2024-05-16T01:15:53.309+0000] {processor.py:830} INFO - Processing file /home/airflow/.local/lib/python3.8/site-packages/airflow/example_dags/example_branch_datetime_operator.py for tasks to queue
[2024-05-16T01:15:53.311+0000] {logging_mixin.py:188} INFO - [2024-05-16T01:15:53.311+0000] {dagbag.py:540} INFO - Filling up the DagBag from /home/airflow/.local/lib/python3.8/site-packages/airflow/example_dags/example_branch_datetime_operator.py
[2024-05-16T01:15:53.322+0000] {processor.py:840} INFO - DAG(s) 'example_branch_datetime_operator_2', 'example_branch_datetime_operator_3', 'example_branch_datetime_operator' retrieved from /home/airflow/.local/lib/python3.8/site-packages/airflow/example_dags/example_branch_datetime_operator.py
[2024-05-16T01:15:53.353+0000] {logging_mixin.py:188} INFO - [2024-05-16T01:15:53.352+0000] {dag.py:3047} INFO - Sync 3 DAGs
[2024-05-16T01:15:53.379+0000] {logging_mixin.py:188} INFO - [2024-05-16T01:15:53.378+0000] {dag.py:3834} INFO - Setting next_dagrun for example_branch_datetime_operator to 2024-05-15 00:00:00+00:00, run_after=2024-05-16 00:00:00+00:00
[2024-05-16T01:15:53.387+0000] {logging_mixin.py:188} INFO - [2024-05-16T01:15:53.386+0000] {dag.py:3834} INFO - Setting next_dagrun for example_branch_datetime_operator_2 to 2024-05-15 00:00:00+00:00, run_after=2024-05-16 00:00:00+00:00
[2024-05-16T01:15:53.390+0000] {logging_mixin.py:188} INFO - [2024-05-16T01:15:53.390+0000] {dag.py:3834} INFO - Setting next_dagrun for example_branch_datetime_operator_3 to 2024-05-15 00:00:00+00:00, run_after=2024-05-16 00:00:00+00:00
[2024-05-16T01:15:53.413+0000] {processor.py:183} INFO - Processing /home/airflow/.local/lib/python3.8/site-packages/airflow/example_dags/example_branch_datetime_operator.py took 0.110 seconds
[2024-05-16T01:16:23.825+0000] {processor.py:161} INFO - Started process (PID=2205) to work on /home/airflow/.local/lib/python3.8/site-packages/airflow/example_dags/example_branch_datetime_operator.py
[2024-05-16T01:16:23.827+0000] {processor.py:830} INFO - Processing file /home/airflow/.local/lib/python3.8/site-packages/airflow/example_dags/example_branch_datetime_operator.py for tasks to queue
[2024-05-16T01:16:23.830+0000] {logging_mixin.py:188} INFO - [2024-05-16T01:16:23.829+0000] {dagbag.py:540} INFO - Filling up the DagBag from /home/airflow/.local/lib/python3.8/site-packages/airflow/example_dags/example_branch_datetime_operator.py
[2024-05-16T01:16:23.845+0000] {processor.py:840} INFO - DAG(s) 'example_branch_datetime_operator_2', 'example_branch_datetime_operator', 'example_branch_datetime_operator_3' retrieved from /home/airflow/.local/lib/python3.8/site-packages/airflow/example_dags/example_branch_datetime_operator.py
[2024-05-16T01:16:23.882+0000] {logging_mixin.py:188} INFO - [2024-05-16T01:16:23.882+0000] {dag.py:3047} INFO - Sync 3 DAGs
[2024-05-16T01:16:23.915+0000] {logging_mixin.py:188} INFO - [2024-05-16T01:16:23.915+0000] {dag.py:3834} INFO - Setting next_dagrun for example_branch_datetime_operator to 2024-05-15 00:00:00+00:00, run_after=2024-05-16 00:00:00+00:00
[2024-05-16T01:16:23.922+0000] {logging_mixin.py:188} INFO - [2024-05-16T01:16:23.922+0000] {dag.py:3834} INFO - Setting next_dagrun for example_branch_datetime_operator_2 to 2024-05-15 00:00:00+00:00, run_after=2024-05-16 00:00:00+00:00
[2024-05-16T01:16:23.927+0000] {logging_mixin.py:188} INFO - [2024-05-16T01:16:23.927+0000] {dag.py:3834} INFO - Setting next_dagrun for example_branch_datetime_operator_3 to 2024-05-15 00:00:00+00:00, run_after=2024-05-16 00:00:00+00:00
[2024-05-16T01:16:23.957+0000] {processor.py:183} INFO - Processing /home/airflow/.local/lib/python3.8/site-packages/airflow/example_dags/example_branch_datetime_operator.py took 0.136 seconds
[2024-05-16T01:16:54.503+0000] {processor.py:161} INFO - Started process (PID=2264) to work on /home/airflow/.local/lib/python3.8/site-packages/airflow/example_dags/example_branch_datetime_operator.py
[2024-05-16T01:16:54.505+0000] {processor.py:830} INFO - Processing file /home/airflow/.local/lib/python3.8/site-packages/airflow/example_dags/example_branch_datetime_operator.py for tasks to queue
[2024-05-16T01:16:54.508+0000] {logging_mixin.py:188} INFO - [2024-05-16T01:16:54.507+0000] {dagbag.py:540} INFO - Filling up the DagBag from /home/airflow/.local/lib/python3.8/site-packages/airflow/example_dags/example_branch_datetime_operator.py
[2024-05-16T01:16:54.519+0000] {processor.py:840} INFO - DAG(s) 'example_branch_datetime_operator_2', 'example_branch_datetime_operator_3', 'example_branch_datetime_operator' retrieved from /home/airflow/.local/lib/python3.8/site-packages/airflow/example_dags/example_branch_datetime_operator.py
[2024-05-16T01:16:54.554+0000] {logging_mixin.py:188} INFO - [2024-05-16T01:16:54.553+0000] {dag.py:3047} INFO - Sync 3 DAGs
[2024-05-16T01:16:54.579+0000] {logging_mixin.py:188} INFO - [2024-05-16T01:16:54.578+0000] {dag.py:3834} INFO - Setting next_dagrun for example_branch_datetime_operator to 2024-05-15 00:00:00+00:00, run_after=2024-05-16 00:00:00+00:00
[2024-05-16T01:16:54.586+0000] {logging_mixin.py:188} INFO - [2024-05-16T01:16:54.585+0000] {dag.py:3834} INFO - Setting next_dagrun for example_branch_datetime_operator_2 to 2024-05-15 00:00:00+00:00, run_after=2024-05-16 00:00:00+00:00
[2024-05-16T01:16:54.596+0000] {logging_mixin.py:188} INFO - [2024-05-16T01:16:54.596+0000] {dag.py:3834} INFO - Setting next_dagrun for example_branch_datetime_operator_3 to 2024-05-15 00:00:00+00:00, run_after=2024-05-16 00:00:00+00:00
[2024-05-16T01:16:54.630+0000] {processor.py:183} INFO - Processing /home/airflow/.local/lib/python3.8/site-packages/airflow/example_dags/example_branch_datetime_operator.py took 0.131 seconds
[2024-05-16T01:17:25.448+0000] {processor.py:161} INFO - Started process (PID=2323) to work on /home/airflow/.local/lib/python3.8/site-packages/airflow/example_dags/example_branch_datetime_operator.py
[2024-05-16T01:17:25.462+0000] {processor.py:830} INFO - Processing file /home/airflow/.local/lib/python3.8/site-packages/airflow/example_dags/example_branch_datetime_operator.py for tasks to queue
[2024-05-16T01:17:25.478+0000] {logging_mixin.py:188} INFO - [2024-05-16T01:17:25.477+0000] {dagbag.py:540} INFO - Filling up the DagBag from /home/airflow/.local/lib/python3.8/site-packages/airflow/example_dags/example_branch_datetime_operator.py
[2024-05-16T01:17:25.496+0000] {processor.py:840} INFO - DAG(s) 'example_branch_datetime_operator_3', 'example_branch_datetime_operator', 'example_branch_datetime_operator_2' retrieved from /home/airflow/.local/lib/python3.8/site-packages/airflow/example_dags/example_branch_datetime_operator.py
[2024-05-16T01:17:25.530+0000] {logging_mixin.py:188} INFO - [2024-05-16T01:17:25.530+0000] {dag.py:3047} INFO - Sync 3 DAGs
[2024-05-16T01:17:25.554+0000] {logging_mixin.py:188} INFO - [2024-05-16T01:17:25.554+0000] {dag.py:3834} INFO - Setting next_dagrun for example_branch_datetime_operator to 2024-05-15 00:00:00+00:00, run_after=2024-05-16 00:00:00+00:00
[2024-05-16T01:17:25.560+0000] {logging_mixin.py:188} INFO - [2024-05-16T01:17:25.560+0000] {dag.py:3834} INFO - Setting next_dagrun for example_branch_datetime_operator_2 to 2024-05-15 00:00:00+00:00, run_after=2024-05-16 00:00:00+00:00
[2024-05-16T01:17:25.570+0000] {logging_mixin.py:188} INFO - [2024-05-16T01:17:25.569+0000] {dag.py:3834} INFO - Setting next_dagrun for example_branch_datetime_operator_3 to 2024-05-15 00:00:00+00:00, run_after=2024-05-16 00:00:00+00:00
[2024-05-16T01:17:25.610+0000] {processor.py:183} INFO - Processing /home/airflow/.local/lib/python3.8/site-packages/airflow/example_dags/example_branch_datetime_operator.py took 0.165 seconds
[2024-05-16T01:17:56.369+0000] {processor.py:161} INFO - Started process (PID=2382) to work on /home/airflow/.local/lib/python3.8/site-packages/airflow/example_dags/example_branch_datetime_operator.py
[2024-05-16T01:17:56.372+0000] {processor.py:830} INFO - Processing file /home/airflow/.local/lib/python3.8/site-packages/airflow/example_dags/example_branch_datetime_operator.py for tasks to queue
[2024-05-16T01:17:56.375+0000] {logging_mixin.py:188} INFO - [2024-05-16T01:17:56.374+0000] {dagbag.py:540} INFO - Filling up the DagBag from /home/airflow/.local/lib/python3.8/site-packages/airflow/example_dags/example_branch_datetime_operator.py
[2024-05-16T01:17:56.389+0000] {processor.py:840} INFO - DAG(s) 'example_branch_datetime_operator', 'example_branch_datetime_operator_2', 'example_branch_datetime_operator_3' retrieved from /home/airflow/.local/lib/python3.8/site-packages/airflow/example_dags/example_branch_datetime_operator.py
[2024-05-16T01:17:56.431+0000] {logging_mixin.py:188} INFO - [2024-05-16T01:17:56.431+0000] {dag.py:3047} INFO - Sync 3 DAGs
[2024-05-16T01:17:56.466+0000] {logging_mixin.py:188} INFO - [2024-05-16T01:17:56.466+0000] {dag.py:3834} INFO - Setting next_dagrun for example_branch_datetime_operator to 2024-05-15 00:00:00+00:00, run_after=2024-05-16 00:00:00+00:00
[2024-05-16T01:17:56.473+0000] {logging_mixin.py:188} INFO - [2024-05-16T01:17:56.473+0000] {dag.py:3834} INFO - Setting next_dagrun for example_branch_datetime_operator_2 to 2024-05-15 00:00:00+00:00, run_after=2024-05-16 00:00:00+00:00
[2024-05-16T01:17:56.478+0000] {logging_mixin.py:188} INFO - [2024-05-16T01:17:56.478+0000] {dag.py:3834} INFO - Setting next_dagrun for example_branch_datetime_operator_3 to 2024-05-15 00:00:00+00:00, run_after=2024-05-16 00:00:00+00:00
[2024-05-16T01:17:56.510+0000] {processor.py:183} INFO - Processing /home/airflow/.local/lib/python3.8/site-packages/airflow/example_dags/example_branch_datetime_operator.py took 0.146 seconds
[2024-05-16T01:18:27.072+0000] {processor.py:161} INFO - Started process (PID=2441) to work on /home/airflow/.local/lib/python3.8/site-packages/airflow/example_dags/example_branch_datetime_operator.py
[2024-05-16T01:18:27.074+0000] {processor.py:830} INFO - Processing file /home/airflow/.local/lib/python3.8/site-packages/airflow/example_dags/example_branch_datetime_operator.py for tasks to queue
[2024-05-16T01:18:27.082+0000] {logging_mixin.py:188} INFO - [2024-05-16T01:18:27.082+0000] {dagbag.py:540} INFO - Filling up the DagBag from /home/airflow/.local/lib/python3.8/site-packages/airflow/example_dags/example_branch_datetime_operator.py
[2024-05-16T01:18:27.098+0000] {processor.py:840} INFO - DAG(s) 'example_branch_datetime_operator_3', 'example_branch_datetime_operator', 'example_branch_datetime_operator_2' retrieved from /home/airflow/.local/lib/python3.8/site-packages/airflow/example_dags/example_branch_datetime_operator.py
[2024-05-16T01:18:27.143+0000] {logging_mixin.py:188} INFO - [2024-05-16T01:18:27.143+0000] {dag.py:3047} INFO - Sync 3 DAGs
[2024-05-16T01:18:27.178+0000] {logging_mixin.py:188} INFO - [2024-05-16T01:18:27.177+0000] {dag.py:3834} INFO - Setting next_dagrun for example_branch_datetime_operator to 2024-05-15 00:00:00+00:00, run_after=2024-05-16 00:00:00+00:00
[2024-05-16T01:18:27.186+0000] {logging_mixin.py:188} INFO - [2024-05-16T01:18:27.185+0000] {dag.py:3834} INFO - Setting next_dagrun for example_branch_datetime_operator_2 to 2024-05-15 00:00:00+00:00, run_after=2024-05-16 00:00:00+00:00
[2024-05-16T01:18:27.191+0000] {logging_mixin.py:188} INFO - [2024-05-16T01:18:27.190+0000] {dag.py:3834} INFO - Setting next_dagrun for example_branch_datetime_operator_3 to 2024-05-15 00:00:00+00:00, run_after=2024-05-16 00:00:00+00:00
[2024-05-16T01:18:27.223+0000] {processor.py:183} INFO - Processing /home/airflow/.local/lib/python3.8/site-packages/airflow/example_dags/example_branch_datetime_operator.py took 0.156 seconds
[2024-05-16T01:18:57.917+0000] {processor.py:161} INFO - Started process (PID=2500) to work on /home/airflow/.local/lib/python3.8/site-packages/airflow/example_dags/example_branch_datetime_operator.py
[2024-05-16T01:18:57.920+0000] {processor.py:830} INFO - Processing file /home/airflow/.local/lib/python3.8/site-packages/airflow/example_dags/example_branch_datetime_operator.py for tasks to queue
[2024-05-16T01:18:57.926+0000] {logging_mixin.py:188} INFO - [2024-05-16T01:18:57.925+0000] {dagbag.py:540} INFO - Filling up the DagBag from /home/airflow/.local/lib/python3.8/site-packages/airflow/example_dags/example_branch_datetime_operator.py
[2024-05-16T01:18:57.943+0000] {processor.py:840} INFO - DAG(s) 'example_branch_datetime_operator_2', 'example_branch_datetime_operator', 'example_branch_datetime_operator_3' retrieved from /home/airflow/.local/lib/python3.8/site-packages/airflow/example_dags/example_branch_datetime_operator.py
[2024-05-16T01:18:57.997+0000] {logging_mixin.py:188} INFO - [2024-05-16T01:18:57.997+0000] {dag.py:3047} INFO - Sync 3 DAGs
[2024-05-16T01:18:58.047+0000] {logging_mixin.py:188} INFO - [2024-05-16T01:18:58.047+0000] {dag.py:3834} INFO - Setting next_dagrun for example_branch_datetime_operator to 2024-05-15 00:00:00+00:00, run_after=2024-05-16 00:00:00+00:00
[2024-05-16T01:18:58.060+0000] {logging_mixin.py:188} INFO - [2024-05-16T01:18:58.060+0000] {dag.py:3834} INFO - Setting next_dagrun for example_branch_datetime_operator_2 to 2024-05-15 00:00:00+00:00, run_after=2024-05-16 00:00:00+00:00
[2024-05-16T01:18:58.066+0000] {logging_mixin.py:188} INFO - [2024-05-16T01:18:58.066+0000] {dag.py:3834} INFO - Setting next_dagrun for example_branch_datetime_operator_3 to 2024-05-15 00:00:00+00:00, run_after=2024-05-16 00:00:00+00:00
[2024-05-16T01:18:58.243+0000] {processor.py:183} INFO - Processing /home/airflow/.local/lib/python3.8/site-packages/airflow/example_dags/example_branch_datetime_operator.py took 0.332 seconds
[2024-05-16T01:19:28.424+0000] {processor.py:161} INFO - Started process (PID=2559) to work on /home/airflow/.local/lib/python3.8/site-packages/airflow/example_dags/example_branch_datetime_operator.py
[2024-05-16T01:19:28.427+0000] {processor.py:830} INFO - Processing file /home/airflow/.local/lib/python3.8/site-packages/airflow/example_dags/example_branch_datetime_operator.py for tasks to queue
[2024-05-16T01:19:28.430+0000] {logging_mixin.py:188} INFO - [2024-05-16T01:19:28.430+0000] {dagbag.py:540} INFO - Filling up the DagBag from /home/airflow/.local/lib/python3.8/site-packages/airflow/example_dags/example_branch_datetime_operator.py
[2024-05-16T01:19:28.446+0000] {processor.py:840} INFO - DAG(s) 'example_branch_datetime_operator_2', 'example_branch_datetime_operator_3', 'example_branch_datetime_operator' retrieved from /home/airflow/.local/lib/python3.8/site-packages/airflow/example_dags/example_branch_datetime_operator.py
[2024-05-16T01:19:28.491+0000] {logging_mixin.py:188} INFO - [2024-05-16T01:19:28.490+0000] {dag.py:3047} INFO - Sync 3 DAGs
[2024-05-16T01:19:28.527+0000] {logging_mixin.py:188} INFO - [2024-05-16T01:19:28.526+0000] {dag.py:3834} INFO - Setting next_dagrun for example_branch_datetime_operator to 2024-05-15 00:00:00+00:00, run_after=2024-05-16 00:00:00+00:00
[2024-05-16T01:19:28.535+0000] {logging_mixin.py:188} INFO - [2024-05-16T01:19:28.535+0000] {dag.py:3834} INFO - Setting next_dagrun for example_branch_datetime_operator_2 to 2024-05-15 00:00:00+00:00, run_after=2024-05-16 00:00:00+00:00
[2024-05-16T01:19:28.543+0000] {logging_mixin.py:188} INFO - [2024-05-16T01:19:28.542+0000] {dag.py:3834} INFO - Setting next_dagrun for example_branch_datetime_operator_3 to 2024-05-15 00:00:00+00:00, run_after=2024-05-16 00:00:00+00:00
[2024-05-16T01:19:28.574+0000] {processor.py:183} INFO - Processing /home/airflow/.local/lib/python3.8/site-packages/airflow/example_dags/example_branch_datetime_operator.py took 0.154 seconds
[2024-05-16T01:19:59.290+0000] {processor.py:161} INFO - Started process (PID=2618) to work on /home/airflow/.local/lib/python3.8/site-packages/airflow/example_dags/example_branch_datetime_operator.py
[2024-05-16T01:19:59.293+0000] {processor.py:830} INFO - Processing file /home/airflow/.local/lib/python3.8/site-packages/airflow/example_dags/example_branch_datetime_operator.py for tasks to queue
[2024-05-16T01:19:59.296+0000] {logging_mixin.py:188} INFO - [2024-05-16T01:19:59.296+0000] {dagbag.py:540} INFO - Filling up the DagBag from /home/airflow/.local/lib/python3.8/site-packages/airflow/example_dags/example_branch_datetime_operator.py
[2024-05-16T01:19:59.314+0000] {processor.py:840} INFO - DAG(s) 'example_branch_datetime_operator', 'example_branch_datetime_operator_3', 'example_branch_datetime_operator_2' retrieved from /home/airflow/.local/lib/python3.8/site-packages/airflow/example_dags/example_branch_datetime_operator.py
[2024-05-16T01:19:59.360+0000] {logging_mixin.py:188} INFO - [2024-05-16T01:19:59.359+0000] {dag.py:3047} INFO - Sync 3 DAGs
[2024-05-16T01:19:59.399+0000] {logging_mixin.py:188} INFO - [2024-05-16T01:19:59.399+0000] {dag.py:3834} INFO - Setting next_dagrun for example_branch_datetime_operator to 2024-05-15 00:00:00+00:00, run_after=2024-05-16 00:00:00+00:00
[2024-05-16T01:19:59.408+0000] {logging_mixin.py:188} INFO - [2024-05-16T01:19:59.407+0000] {dag.py:3834} INFO - Setting next_dagrun for example_branch_datetime_operator_2 to 2024-05-15 00:00:00+00:00, run_after=2024-05-16 00:00:00+00:00
[2024-05-16T01:19:59.412+0000] {logging_mixin.py:188} INFO - [2024-05-16T01:19:59.412+0000] {dag.py:3834} INFO - Setting next_dagrun for example_branch_datetime_operator_3 to 2024-05-15 00:00:00+00:00, run_after=2024-05-16 00:00:00+00:00
[2024-05-16T01:19:59.444+0000] {processor.py:183} INFO - Processing /home/airflow/.local/lib/python3.8/site-packages/airflow/example_dags/example_branch_datetime_operator.py took 0.159 seconds
[2024-05-16T01:20:29.802+0000] {processor.py:161} INFO - Started process (PID=2677) to work on /home/airflow/.local/lib/python3.8/site-packages/airflow/example_dags/example_branch_datetime_operator.py
[2024-05-16T01:20:29.804+0000] {processor.py:830} INFO - Processing file /home/airflow/.local/lib/python3.8/site-packages/airflow/example_dags/example_branch_datetime_operator.py for tasks to queue
[2024-05-16T01:20:29.807+0000] {logging_mixin.py:188} INFO - [2024-05-16T01:20:29.806+0000] {dagbag.py:540} INFO - Filling up the DagBag from /home/airflow/.local/lib/python3.8/site-packages/airflow/example_dags/example_branch_datetime_operator.py
[2024-05-16T01:20:29.821+0000] {processor.py:840} INFO - DAG(s) 'example_branch_datetime_operator_2', 'example_branch_datetime_operator_3', 'example_branch_datetime_operator' retrieved from /home/airflow/.local/lib/python3.8/site-packages/airflow/example_dags/example_branch_datetime_operator.py
[2024-05-16T01:20:29.859+0000] {logging_mixin.py:188} INFO - [2024-05-16T01:20:29.859+0000] {dag.py:3047} INFO - Sync 3 DAGs
[2024-05-16T01:20:29.893+0000] {logging_mixin.py:188} INFO - [2024-05-16T01:20:29.892+0000] {dag.py:3834} INFO - Setting next_dagrun for example_branch_datetime_operator to 2024-05-15 00:00:00+00:00, run_after=2024-05-16 00:00:00+00:00
[2024-05-16T01:20:29.901+0000] {logging_mixin.py:188} INFO - [2024-05-16T01:20:29.900+0000] {dag.py:3834} INFO - Setting next_dagrun for example_branch_datetime_operator_2 to 2024-05-15 00:00:00+00:00, run_after=2024-05-16 00:00:00+00:00
[2024-05-16T01:20:29.905+0000] {logging_mixin.py:188} INFO - [2024-05-16T01:20:29.904+0000] {dag.py:3834} INFO - Setting next_dagrun for example_branch_datetime_operator_3 to 2024-05-15 00:00:00+00:00, run_after=2024-05-16 00:00:00+00:00
[2024-05-16T01:20:29.935+0000] {processor.py:183} INFO - Processing /home/airflow/.local/lib/python3.8/site-packages/airflow/example_dags/example_branch_datetime_operator.py took 0.138 seconds
[2024-05-16T01:21:01.373+0000] {processor.py:161} INFO - Started process (PID=2736) to work on /home/airflow/.local/lib/python3.8/site-packages/airflow/example_dags/example_branch_datetime_operator.py
[2024-05-16T01:21:01.375+0000] {processor.py:830} INFO - Processing file /home/airflow/.local/lib/python3.8/site-packages/airflow/example_dags/example_branch_datetime_operator.py for tasks to queue
[2024-05-16T01:21:01.379+0000] {logging_mixin.py:188} INFO - [2024-05-16T01:21:01.378+0000] {dagbag.py:540} INFO - Filling up the DagBag from /home/airflow/.local/lib/python3.8/site-packages/airflow/example_dags/example_branch_datetime_operator.py
[2024-05-16T01:21:01.396+0000] {processor.py:840} INFO - DAG(s) 'example_branch_datetime_operator_3', 'example_branch_datetime_operator', 'example_branch_datetime_operator_2' retrieved from /home/airflow/.local/lib/python3.8/site-packages/airflow/example_dags/example_branch_datetime_operator.py
[2024-05-16T01:21:01.441+0000] {logging_mixin.py:188} INFO - [2024-05-16T01:21:01.440+0000] {dag.py:3047} INFO - Sync 3 DAGs
[2024-05-16T01:21:01.478+0000] {logging_mixin.py:188} INFO - [2024-05-16T01:21:01.478+0000] {dag.py:3834} INFO - Setting next_dagrun for example_branch_datetime_operator to 2024-05-15 00:00:00+00:00, run_after=2024-05-16 00:00:00+00:00
[2024-05-16T01:21:01.487+0000] {logging_mixin.py:188} INFO - [2024-05-16T01:21:01.486+0000] {dag.py:3834} INFO - Setting next_dagrun for example_branch_datetime_operator_2 to 2024-05-15 00:00:00+00:00, run_after=2024-05-16 00:00:00+00:00
[2024-05-16T01:21:01.491+0000] {logging_mixin.py:188} INFO - [2024-05-16T01:21:01.491+0000] {dag.py:3834} INFO - Setting next_dagrun for example_branch_datetime_operator_3 to 2024-05-15 00:00:00+00:00, run_after=2024-05-16 00:00:00+00:00
[2024-05-16T01:21:01.522+0000] {processor.py:183} INFO - Processing /home/airflow/.local/lib/python3.8/site-packages/airflow/example_dags/example_branch_datetime_operator.py took 0.154 seconds
[2024-05-16T01:21:31.922+0000] {processor.py:161} INFO - Started process (PID=2795) to work on /home/airflow/.local/lib/python3.8/site-packages/airflow/example_dags/example_branch_datetime_operator.py
[2024-05-16T01:21:31.924+0000] {processor.py:830} INFO - Processing file /home/airflow/.local/lib/python3.8/site-packages/airflow/example_dags/example_branch_datetime_operator.py for tasks to queue
[2024-05-16T01:21:31.927+0000] {logging_mixin.py:188} INFO - [2024-05-16T01:21:31.927+0000] {dagbag.py:540} INFO - Filling up the DagBag from /home/airflow/.local/lib/python3.8/site-packages/airflow/example_dags/example_branch_datetime_operator.py
[2024-05-16T01:21:31.944+0000] {processor.py:840} INFO - DAG(s) 'example_branch_datetime_operator_2', 'example_branch_datetime_operator_3', 'example_branch_datetime_operator' retrieved from /home/airflow/.local/lib/python3.8/site-packages/airflow/example_dags/example_branch_datetime_operator.py
[2024-05-16T01:21:31.988+0000] {logging_mixin.py:188} INFO - [2024-05-16T01:21:31.988+0000] {dag.py:3047} INFO - Sync 3 DAGs
[2024-05-16T01:21:32.030+0000] {logging_mixin.py:188} INFO - [2024-05-16T01:21:32.030+0000] {dag.py:3834} INFO - Setting next_dagrun for example_branch_datetime_operator to 2024-05-15 00:00:00+00:00, run_after=2024-05-16 00:00:00+00:00
[2024-05-16T01:21:32.040+0000] {logging_mixin.py:188} INFO - [2024-05-16T01:21:32.040+0000] {dag.py:3834} INFO - Setting next_dagrun for example_branch_datetime_operator_2 to 2024-05-15 00:00:00+00:00, run_after=2024-05-16 00:00:00+00:00
[2024-05-16T01:21:32.046+0000] {logging_mixin.py:188} INFO - [2024-05-16T01:21:32.045+0000] {dag.py:3834} INFO - Setting next_dagrun for example_branch_datetime_operator_3 to 2024-05-15 00:00:00+00:00, run_after=2024-05-16 00:00:00+00:00
[2024-05-16T01:21:32.078+0000] {processor.py:183} INFO - Processing /home/airflow/.local/lib/python3.8/site-packages/airflow/example_dags/example_branch_datetime_operator.py took 0.161 seconds
[2024-05-16T01:22:03.113+0000] {processor.py:161} INFO - Started process (PID=2854) to work on /home/airflow/.local/lib/python3.8/site-packages/airflow/example_dags/example_branch_datetime_operator.py
[2024-05-16T01:22:03.115+0000] {processor.py:830} INFO - Processing file /home/airflow/.local/lib/python3.8/site-packages/airflow/example_dags/example_branch_datetime_operator.py for tasks to queue
[2024-05-16T01:22:03.119+0000] {logging_mixin.py:188} INFO - [2024-05-16T01:22:03.119+0000] {dagbag.py:540} INFO - Filling up the DagBag from /home/airflow/.local/lib/python3.8/site-packages/airflow/example_dags/example_branch_datetime_operator.py
[2024-05-16T01:22:03.147+0000] {processor.py:840} INFO - DAG(s) 'example_branch_datetime_operator', 'example_branch_datetime_operator_3', 'example_branch_datetime_operator_2' retrieved from /home/airflow/.local/lib/python3.8/site-packages/airflow/example_dags/example_branch_datetime_operator.py
[2024-05-16T01:22:03.227+0000] {logging_mixin.py:188} INFO - [2024-05-16T01:22:03.227+0000] {dag.py:3047} INFO - Sync 3 DAGs
[2024-05-16T01:22:03.282+0000] {logging_mixin.py:188} INFO - [2024-05-16T01:22:03.282+0000] {dag.py:3834} INFO - Setting next_dagrun for example_branch_datetime_operator to 2024-05-15 00:00:00+00:00, run_after=2024-05-16 00:00:00+00:00
[2024-05-16T01:22:03.293+0000] {logging_mixin.py:188} INFO - [2024-05-16T01:22:03.292+0000] {dag.py:3834} INFO - Setting next_dagrun for example_branch_datetime_operator_2 to 2024-05-15 00:00:00+00:00, run_after=2024-05-16 00:00:00+00:00
[2024-05-16T01:22:03.300+0000] {logging_mixin.py:188} INFO - [2024-05-16T01:22:03.299+0000] {dag.py:3834} INFO - Setting next_dagrun for example_branch_datetime_operator_3 to 2024-05-15 00:00:00+00:00, run_after=2024-05-16 00:00:00+00:00
[2024-05-16T01:22:03.342+0000] {processor.py:183} INFO - Processing /home/airflow/.local/lib/python3.8/site-packages/airflow/example_dags/example_branch_datetime_operator.py took 0.236 seconds
[2024-05-16T01:22:33.703+0000] {processor.py:161} INFO - Started process (PID=2913) to work on /home/airflow/.local/lib/python3.8/site-packages/airflow/example_dags/example_branch_datetime_operator.py
[2024-05-16T01:22:33.705+0000] {processor.py:830} INFO - Processing file /home/airflow/.local/lib/python3.8/site-packages/airflow/example_dags/example_branch_datetime_operator.py for tasks to queue
[2024-05-16T01:22:33.709+0000] {logging_mixin.py:188} INFO - [2024-05-16T01:22:33.708+0000] {dagbag.py:540} INFO - Filling up the DagBag from /home/airflow/.local/lib/python3.8/site-packages/airflow/example_dags/example_branch_datetime_operator.py
[2024-05-16T01:22:33.725+0000] {processor.py:840} INFO - DAG(s) 'example_branch_datetime_operator_3', 'example_branch_datetime_operator', 'example_branch_datetime_operator_2' retrieved from /home/airflow/.local/lib/python3.8/site-packages/airflow/example_dags/example_branch_datetime_operator.py
[2024-05-16T01:22:33.768+0000] {logging_mixin.py:188} INFO - [2024-05-16T01:22:33.767+0000] {dag.py:3047} INFO - Sync 3 DAGs
[2024-05-16T01:22:33.803+0000] {logging_mixin.py:188} INFO - [2024-05-16T01:22:33.803+0000] {dag.py:3834} INFO - Setting next_dagrun for example_branch_datetime_operator to 2024-05-15 00:00:00+00:00, run_after=2024-05-16 00:00:00+00:00
[2024-05-16T01:22:33.815+0000] {logging_mixin.py:188} INFO - [2024-05-16T01:22:33.814+0000] {dag.py:3834} INFO - Setting next_dagrun for example_branch_datetime_operator_2 to 2024-05-15 00:00:00+00:00, run_after=2024-05-16 00:00:00+00:00
[2024-05-16T01:22:33.820+0000] {logging_mixin.py:188} INFO - [2024-05-16T01:22:33.820+0000] {dag.py:3834} INFO - Setting next_dagrun for example_branch_datetime_operator_3 to 2024-05-15 00:00:00+00:00, run_after=2024-05-16 00:00:00+00:00
[2024-05-16T01:22:33.856+0000] {processor.py:183} INFO - Processing /home/airflow/.local/lib/python3.8/site-packages/airflow/example_dags/example_branch_datetime_operator.py took 0.158 seconds
[2024-05-16T01:23:04.433+0000] {processor.py:161} INFO - Started process (PID=2972) to work on /home/airflow/.local/lib/python3.8/site-packages/airflow/example_dags/example_branch_datetime_operator.py
[2024-05-16T01:23:04.435+0000] {processor.py:830} INFO - Processing file /home/airflow/.local/lib/python3.8/site-packages/airflow/example_dags/example_branch_datetime_operator.py for tasks to queue
[2024-05-16T01:23:04.438+0000] {logging_mixin.py:188} INFO - [2024-05-16T01:23:04.438+0000] {dagbag.py:540} INFO - Filling up the DagBag from /home/airflow/.local/lib/python3.8/site-packages/airflow/example_dags/example_branch_datetime_operator.py
[2024-05-16T01:23:04.458+0000] {processor.py:840} INFO - DAG(s) 'example_branch_datetime_operator', 'example_branch_datetime_operator_3', 'example_branch_datetime_operator_2' retrieved from /home/airflow/.local/lib/python3.8/site-packages/airflow/example_dags/example_branch_datetime_operator.py
[2024-05-16T01:23:04.509+0000] {logging_mixin.py:188} INFO - [2024-05-16T01:23:04.508+0000] {dag.py:3047} INFO - Sync 3 DAGs
[2024-05-16T01:23:04.561+0000] {logging_mixin.py:188} INFO - [2024-05-16T01:23:04.561+0000] {dag.py:3834} INFO - Setting next_dagrun for example_branch_datetime_operator to 2024-05-15 00:00:00+00:00, run_after=2024-05-16 00:00:00+00:00
[2024-05-16T01:23:04.572+0000] {logging_mixin.py:188} INFO - [2024-05-16T01:23:04.571+0000] {dag.py:3834} INFO - Setting next_dagrun for example_branch_datetime_operator_2 to 2024-05-15 00:00:00+00:00, run_after=2024-05-16 00:00:00+00:00
[2024-05-16T01:23:04.578+0000] {logging_mixin.py:188} INFO - [2024-05-16T01:23:04.578+0000] {dag.py:3834} INFO - Setting next_dagrun for example_branch_datetime_operator_3 to 2024-05-15 00:00:00+00:00, run_after=2024-05-16 00:00:00+00:00
[2024-05-16T01:23:04.614+0000] {processor.py:183} INFO - Processing /home/airflow/.local/lib/python3.8/site-packages/airflow/example_dags/example_branch_datetime_operator.py took 0.187 seconds
