[2024-05-16T00:57:56.518+0000] {processor.py:161} INFO - Started process (PID=59) to work on /home/airflow/.local/lib/python3.8/site-packages/airflow/example_dags/example_branch_day_of_week_operator.py
[2024-05-16T00:57:56.520+0000] {processor.py:830} INFO - Processing file /home/airflow/.local/lib/python3.8/site-packages/airflow/example_dags/example_branch_day_of_week_operator.py for tasks to queue
[2024-05-16T00:57:56.523+0000] {logging_mixin.py:188} INFO - [2024-05-16T00:57:56.523+0000] {dagbag.py:540} INFO - Filling up the DagBag from /home/airflow/.local/lib/python3.8/site-packages/airflow/example_dags/example_branch_day_of_week_operator.py
[2024-05-16T00:57:56.536+0000] {processor.py:840} INFO - DAG(s) 'example_weekday_branch_operator' retrieved from /home/airflow/.local/lib/python3.8/site-packages/airflow/example_dags/example_branch_day_of_week_operator.py
[2024-05-16T00:57:56.568+0000] {logging_mixin.py:188} INFO - [2024-05-16T00:57:56.567+0000] {dag.py:3047} INFO - Sync 1 DAGs
[2024-05-16T00:57:56.610+0000] {logging_mixin.py:188} INFO - [2024-05-16T00:57:56.610+0000] {dag.py:3834} INFO - Setting next_dagrun for example_weekday_branch_operator to 2024-05-15 00:00:00+00:00, run_after=2024-05-16 00:00:00+00:00
[2024-05-16T00:57:56.644+0000] {processor.py:183} INFO - Processing /home/airflow/.local/lib/python3.8/site-packages/airflow/example_dags/example_branch_day_of_week_operator.py took 0.131 seconds
[2024-05-16T00:58:27.972+0000] {processor.py:161} INFO - Started process (PID=118) to work on /home/airflow/.local/lib/python3.8/site-packages/airflow/example_dags/example_branch_day_of_week_operator.py
[2024-05-16T00:58:27.974+0000] {processor.py:830} INFO - Processing file /home/airflow/.local/lib/python3.8/site-packages/airflow/example_dags/example_branch_day_of_week_operator.py for tasks to queue
[2024-05-16T00:58:27.977+0000] {logging_mixin.py:188} INFO - [2024-05-16T00:58:27.977+0000] {dagbag.py:540} INFO - Filling up the DagBag from /home/airflow/.local/lib/python3.8/site-packages/airflow/example_dags/example_branch_day_of_week_operator.py
[2024-05-16T00:58:27.994+0000] {processor.py:840} INFO - DAG(s) 'example_weekday_branch_operator' retrieved from /home/airflow/.local/lib/python3.8/site-packages/airflow/example_dags/example_branch_day_of_week_operator.py
[2024-05-16T00:58:28.052+0000] {logging_mixin.py:188} INFO - [2024-05-16T00:58:28.051+0000] {dag.py:3047} INFO - Sync 1 DAGs
[2024-05-16T00:58:28.109+0000] {logging_mixin.py:188} INFO - [2024-05-16T00:58:28.109+0000] {dag.py:3834} INFO - Setting next_dagrun for example_weekday_branch_operator to 2024-05-15 00:00:00+00:00, run_after=2024-05-16 00:00:00+00:00
[2024-05-16T00:58:28.165+0000] {processor.py:183} INFO - Processing /home/airflow/.local/lib/python3.8/site-packages/airflow/example_dags/example_branch_day_of_week_operator.py took 0.197 seconds
[2024-05-16T00:58:58.621+0000] {processor.py:161} INFO - Started process (PID=177) to work on /home/airflow/.local/lib/python3.8/site-packages/airflow/example_dags/example_branch_day_of_week_operator.py
[2024-05-16T00:58:58.623+0000] {processor.py:830} INFO - Processing file /home/airflow/.local/lib/python3.8/site-packages/airflow/example_dags/example_branch_day_of_week_operator.py for tasks to queue
[2024-05-16T00:58:58.625+0000] {logging_mixin.py:188} INFO - [2024-05-16T00:58:58.625+0000] {dagbag.py:540} INFO - Filling up the DagBag from /home/airflow/.local/lib/python3.8/site-packages/airflow/example_dags/example_branch_day_of_week_operator.py
[2024-05-16T00:58:58.634+0000] {processor.py:840} INFO - DAG(s) 'example_weekday_branch_operator' retrieved from /home/airflow/.local/lib/python3.8/site-packages/airflow/example_dags/example_branch_day_of_week_operator.py
[2024-05-16T00:58:58.655+0000] {logging_mixin.py:188} INFO - [2024-05-16T00:58:58.655+0000] {dag.py:3047} INFO - Sync 1 DAGs
[2024-05-16T00:58:58.676+0000] {logging_mixin.py:188} INFO - [2024-05-16T00:58:58.676+0000] {dag.py:3834} INFO - Setting next_dagrun for example_weekday_branch_operator to 2024-05-15 00:00:00+00:00, run_after=2024-05-16 00:00:00+00:00
[2024-05-16T00:58:58.697+0000] {processor.py:183} INFO - Processing /home/airflow/.local/lib/python3.8/site-packages/airflow/example_dags/example_branch_day_of_week_operator.py took 0.079 seconds
[2024-05-16T00:59:29.094+0000] {processor.py:161} INFO - Started process (PID=236) to work on /home/airflow/.local/lib/python3.8/site-packages/airflow/example_dags/example_branch_day_of_week_operator.py
[2024-05-16T00:59:29.096+0000] {processor.py:830} INFO - Processing file /home/airflow/.local/lib/python3.8/site-packages/airflow/example_dags/example_branch_day_of_week_operator.py for tasks to queue
[2024-05-16T00:59:29.098+0000] {logging_mixin.py:188} INFO - [2024-05-16T00:59:29.098+0000] {dagbag.py:540} INFO - Filling up the DagBag from /home/airflow/.local/lib/python3.8/site-packages/airflow/example_dags/example_branch_day_of_week_operator.py
[2024-05-16T00:59:29.108+0000] {processor.py:840} INFO - DAG(s) 'example_weekday_branch_operator' retrieved from /home/airflow/.local/lib/python3.8/site-packages/airflow/example_dags/example_branch_day_of_week_operator.py
[2024-05-16T00:59:29.132+0000] {logging_mixin.py:188} INFO - [2024-05-16T00:59:29.131+0000] {dag.py:3047} INFO - Sync 1 DAGs
[2024-05-16T00:59:29.156+0000] {logging_mixin.py:188} INFO - [2024-05-16T00:59:29.156+0000] {dag.py:3834} INFO - Setting next_dagrun for example_weekday_branch_operator to 2024-05-15 00:00:00+00:00, run_after=2024-05-16 00:00:00+00:00
[2024-05-16T00:59:29.179+0000] {processor.py:183} INFO - Processing /home/airflow/.local/lib/python3.8/site-packages/airflow/example_dags/example_branch_day_of_week_operator.py took 0.089 seconds
[2024-05-16T00:59:59.510+0000] {processor.py:161} INFO - Started process (PID=295) to work on /home/airflow/.local/lib/python3.8/site-packages/airflow/example_dags/example_branch_day_of_week_operator.py
[2024-05-16T00:59:59.512+0000] {processor.py:830} INFO - Processing file /home/airflow/.local/lib/python3.8/site-packages/airflow/example_dags/example_branch_day_of_week_operator.py for tasks to queue
[2024-05-16T00:59:59.515+0000] {logging_mixin.py:188} INFO - [2024-05-16T00:59:59.514+0000] {dagbag.py:540} INFO - Filling up the DagBag from /home/airflow/.local/lib/python3.8/site-packages/airflow/example_dags/example_branch_day_of_week_operator.py
[2024-05-16T00:59:59.532+0000] {processor.py:840} INFO - DAG(s) 'example_weekday_branch_operator' retrieved from /home/airflow/.local/lib/python3.8/site-packages/airflow/example_dags/example_branch_day_of_week_operator.py
[2024-05-16T00:59:59.563+0000] {logging_mixin.py:188} INFO - [2024-05-16T00:59:59.563+0000] {dag.py:3047} INFO - Sync 1 DAGs
[2024-05-16T00:59:59.596+0000] {logging_mixin.py:188} INFO - [2024-05-16T00:59:59.596+0000] {dag.py:3834} INFO - Setting next_dagrun for example_weekday_branch_operator to 2024-05-15 00:00:00+00:00, run_after=2024-05-16 00:00:00+00:00
[2024-05-16T00:59:59.630+0000] {processor.py:183} INFO - Processing /home/airflow/.local/lib/python3.8/site-packages/airflow/example_dags/example_branch_day_of_week_operator.py took 0.126 seconds
[2024-05-16T01:00:30.619+0000] {processor.py:161} INFO - Started process (PID=354) to work on /home/airflow/.local/lib/python3.8/site-packages/airflow/example_dags/example_branch_day_of_week_operator.py
[2024-05-16T01:00:30.621+0000] {processor.py:830} INFO - Processing file /home/airflow/.local/lib/python3.8/site-packages/airflow/example_dags/example_branch_day_of_week_operator.py for tasks to queue
[2024-05-16T01:00:30.623+0000] {logging_mixin.py:188} INFO - [2024-05-16T01:00:30.623+0000] {dagbag.py:540} INFO - Filling up the DagBag from /home/airflow/.local/lib/python3.8/site-packages/airflow/example_dags/example_branch_day_of_week_operator.py
[2024-05-16T01:00:30.631+0000] {processor.py:840} INFO - DAG(s) 'example_weekday_branch_operator' retrieved from /home/airflow/.local/lib/python3.8/site-packages/airflow/example_dags/example_branch_day_of_week_operator.py
[2024-05-16T01:00:30.652+0000] {logging_mixin.py:188} INFO - [2024-05-16T01:00:30.652+0000] {dag.py:3047} INFO - Sync 1 DAGs
[2024-05-16T01:00:30.673+0000] {logging_mixin.py:188} INFO - [2024-05-16T01:00:30.673+0000] {dag.py:3834} INFO - Setting next_dagrun for example_weekday_branch_operator to 2024-05-15 00:00:00+00:00, run_after=2024-05-16 00:00:00+00:00
[2024-05-16T01:00:30.694+0000] {processor.py:183} INFO - Processing /home/airflow/.local/lib/python3.8/site-packages/airflow/example_dags/example_branch_day_of_week_operator.py took 0.079 seconds
[2024-05-16T01:01:01.344+0000] {processor.py:161} INFO - Started process (PID=413) to work on /home/airflow/.local/lib/python3.8/site-packages/airflow/example_dags/example_branch_day_of_week_operator.py
[2024-05-16T01:01:01.346+0000] {processor.py:830} INFO - Processing file /home/airflow/.local/lib/python3.8/site-packages/airflow/example_dags/example_branch_day_of_week_operator.py for tasks to queue
[2024-05-16T01:01:01.348+0000] {logging_mixin.py:188} INFO - [2024-05-16T01:01:01.348+0000] {dagbag.py:540} INFO - Filling up the DagBag from /home/airflow/.local/lib/python3.8/site-packages/airflow/example_dags/example_branch_day_of_week_operator.py
[2024-05-16T01:01:01.356+0000] {processor.py:840} INFO - DAG(s) 'example_weekday_branch_operator' retrieved from /home/airflow/.local/lib/python3.8/site-packages/airflow/example_dags/example_branch_day_of_week_operator.py
[2024-05-16T01:01:01.375+0000] {logging_mixin.py:188} INFO - [2024-05-16T01:01:01.374+0000] {dag.py:3047} INFO - Sync 1 DAGs
[2024-05-16T01:01:01.393+0000] {logging_mixin.py:188} INFO - [2024-05-16T01:01:01.393+0000] {dag.py:3834} INFO - Setting next_dagrun for example_weekday_branch_operator to 2024-05-15 00:00:00+00:00, run_after=2024-05-16 00:00:00+00:00
[2024-05-16T01:01:01.424+0000] {processor.py:183} INFO - Processing /home/airflow/.local/lib/python3.8/site-packages/airflow/example_dags/example_branch_day_of_week_operator.py took 0.083 seconds
[2024-05-16T01:01:31.987+0000] {processor.py:161} INFO - Started process (PID=472) to work on /home/airflow/.local/lib/python3.8/site-packages/airflow/example_dags/example_branch_day_of_week_operator.py
[2024-05-16T01:01:31.991+0000] {processor.py:830} INFO - Processing file /home/airflow/.local/lib/python3.8/site-packages/airflow/example_dags/example_branch_day_of_week_operator.py for tasks to queue
[2024-05-16T01:01:31.995+0000] {logging_mixin.py:188} INFO - [2024-05-16T01:01:31.994+0000] {dagbag.py:540} INFO - Filling up the DagBag from /home/airflow/.local/lib/python3.8/site-packages/airflow/example_dags/example_branch_day_of_week_operator.py
[2024-05-16T01:01:32.016+0000] {processor.py:840} INFO - DAG(s) 'example_weekday_branch_operator' retrieved from /home/airflow/.local/lib/python3.8/site-packages/airflow/example_dags/example_branch_day_of_week_operator.py
[2024-05-16T01:01:32.063+0000] {logging_mixin.py:188} INFO - [2024-05-16T01:01:32.063+0000] {dag.py:3047} INFO - Sync 1 DAGs
[2024-05-16T01:01:32.112+0000] {logging_mixin.py:188} INFO - [2024-05-16T01:01:32.112+0000] {dag.py:3834} INFO - Setting next_dagrun for example_weekday_branch_operator to 2024-05-15 00:00:00+00:00, run_after=2024-05-16 00:00:00+00:00
[2024-05-16T01:01:32.157+0000] {processor.py:183} INFO - Processing /home/airflow/.local/lib/python3.8/site-packages/airflow/example_dags/example_branch_day_of_week_operator.py took 0.175 seconds
[2024-05-16T01:02:02.326+0000] {processor.py:161} INFO - Started process (PID=528) to work on /home/airflow/.local/lib/python3.8/site-packages/airflow/example_dags/example_branch_day_of_week_operator.py
[2024-05-16T01:02:02.328+0000] {processor.py:830} INFO - Processing file /home/airflow/.local/lib/python3.8/site-packages/airflow/example_dags/example_branch_day_of_week_operator.py for tasks to queue
[2024-05-16T01:02:02.331+0000] {logging_mixin.py:188} INFO - [2024-05-16T01:02:02.330+0000] {dagbag.py:540} INFO - Filling up the DagBag from /home/airflow/.local/lib/python3.8/site-packages/airflow/example_dags/example_branch_day_of_week_operator.py
[2024-05-16T01:02:02.340+0000] {processor.py:840} INFO - DAG(s) 'example_weekday_branch_operator' retrieved from /home/airflow/.local/lib/python3.8/site-packages/airflow/example_dags/example_branch_day_of_week_operator.py
[2024-05-16T01:02:02.367+0000] {logging_mixin.py:188} INFO - [2024-05-16T01:02:02.367+0000] {dag.py:3047} INFO - Sync 1 DAGs
[2024-05-16T01:02:02.394+0000] {logging_mixin.py:188} INFO - [2024-05-16T01:02:02.394+0000] {dag.py:3834} INFO - Setting next_dagrun for example_weekday_branch_operator to 2024-05-15 00:00:00+00:00, run_after=2024-05-16 00:00:00+00:00
[2024-05-16T01:02:02.417+0000] {processor.py:183} INFO - Processing /home/airflow/.local/lib/python3.8/site-packages/airflow/example_dags/example_branch_day_of_week_operator.py took 0.096 seconds
[2024-05-16T01:02:32.931+0000] {processor.py:161} INFO - Started process (PID=587) to work on /home/airflow/.local/lib/python3.8/site-packages/airflow/example_dags/example_branch_day_of_week_operator.py
[2024-05-16T01:02:32.932+0000] {processor.py:830} INFO - Processing file /home/airflow/.local/lib/python3.8/site-packages/airflow/example_dags/example_branch_day_of_week_operator.py for tasks to queue
[2024-05-16T01:02:32.935+0000] {logging_mixin.py:188} INFO - [2024-05-16T01:02:32.935+0000] {dagbag.py:540} INFO - Filling up the DagBag from /home/airflow/.local/lib/python3.8/site-packages/airflow/example_dags/example_branch_day_of_week_operator.py
[2024-05-16T01:02:32.945+0000] {processor.py:840} INFO - DAG(s) 'example_weekday_branch_operator' retrieved from /home/airflow/.local/lib/python3.8/site-packages/airflow/example_dags/example_branch_day_of_week_operator.py
[2024-05-16T01:02:32.975+0000] {logging_mixin.py:188} INFO - [2024-05-16T01:02:32.974+0000] {dag.py:3047} INFO - Sync 1 DAGs
[2024-05-16T01:02:33.003+0000] {logging_mixin.py:188} INFO - [2024-05-16T01:02:33.003+0000] {dag.py:3834} INFO - Setting next_dagrun for example_weekday_branch_operator to 2024-05-15 00:00:00+00:00, run_after=2024-05-16 00:00:00+00:00
[2024-05-16T01:02:33.030+0000] {processor.py:183} INFO - Processing /home/airflow/.local/lib/python3.8/site-packages/airflow/example_dags/example_branch_day_of_week_operator.py took 0.104 seconds
[2024-05-16T01:03:03.625+0000] {processor.py:161} INFO - Started process (PID=645) to work on /home/airflow/.local/lib/python3.8/site-packages/airflow/example_dags/example_branch_day_of_week_operator.py
[2024-05-16T01:03:03.627+0000] {processor.py:830} INFO - Processing file /home/airflow/.local/lib/python3.8/site-packages/airflow/example_dags/example_branch_day_of_week_operator.py for tasks to queue
[2024-05-16T01:03:03.629+0000] {logging_mixin.py:188} INFO - [2024-05-16T01:03:03.629+0000] {dagbag.py:540} INFO - Filling up the DagBag from /home/airflow/.local/lib/python3.8/site-packages/airflow/example_dags/example_branch_day_of_week_operator.py
[2024-05-16T01:03:03.639+0000] {processor.py:840} INFO - DAG(s) 'example_weekday_branch_operator' retrieved from /home/airflow/.local/lib/python3.8/site-packages/airflow/example_dags/example_branch_day_of_week_operator.py
[2024-05-16T01:03:03.668+0000] {logging_mixin.py:188} INFO - [2024-05-16T01:03:03.668+0000] {dag.py:3047} INFO - Sync 1 DAGs
[2024-05-16T01:03:03.702+0000] {logging_mixin.py:188} INFO - [2024-05-16T01:03:03.701+0000] {dag.py:3834} INFO - Setting next_dagrun for example_weekday_branch_operator to 2024-05-15 00:00:00+00:00, run_after=2024-05-16 00:00:00+00:00
[2024-05-16T01:03:03.741+0000] {processor.py:183} INFO - Processing /home/airflow/.local/lib/python3.8/site-packages/airflow/example_dags/example_branch_day_of_week_operator.py took 0.120 seconds
[2024-05-16T01:03:34.049+0000] {processor.py:161} INFO - Started process (PID=704) to work on /home/airflow/.local/lib/python3.8/site-packages/airflow/example_dags/example_branch_day_of_week_operator.py
[2024-05-16T01:03:34.051+0000] {processor.py:830} INFO - Processing file /home/airflow/.local/lib/python3.8/site-packages/airflow/example_dags/example_branch_day_of_week_operator.py for tasks to queue
[2024-05-16T01:03:34.057+0000] {logging_mixin.py:188} INFO - [2024-05-16T01:03:34.056+0000] {dagbag.py:540} INFO - Filling up the DagBag from /home/airflow/.local/lib/python3.8/site-packages/airflow/example_dags/example_branch_day_of_week_operator.py
[2024-05-16T01:03:34.079+0000] {processor.py:840} INFO - DAG(s) 'example_weekday_branch_operator' retrieved from /home/airflow/.local/lib/python3.8/site-packages/airflow/example_dags/example_branch_day_of_week_operator.py
[2024-05-16T01:03:34.106+0000] {logging_mixin.py:188} INFO - [2024-05-16T01:03:34.105+0000] {dag.py:3047} INFO - Sync 1 DAGs
[2024-05-16T01:03:34.136+0000] {logging_mixin.py:188} INFO - [2024-05-16T01:03:34.136+0000] {dag.py:3834} INFO - Setting next_dagrun for example_weekday_branch_operator to 2024-05-15 00:00:00+00:00, run_after=2024-05-16 00:00:00+00:00
[2024-05-16T01:03:34.163+0000] {processor.py:183} INFO - Processing /home/airflow/.local/lib/python3.8/site-packages/airflow/example_dags/example_branch_day_of_week_operator.py took 0.121 seconds
[2024-05-16T01:04:05.026+0000] {processor.py:161} INFO - Started process (PID=763) to work on /home/airflow/.local/lib/python3.8/site-packages/airflow/example_dags/example_branch_day_of_week_operator.py
[2024-05-16T01:04:05.028+0000] {processor.py:830} INFO - Processing file /home/airflow/.local/lib/python3.8/site-packages/airflow/example_dags/example_branch_day_of_week_operator.py for tasks to queue
[2024-05-16T01:04:05.030+0000] {logging_mixin.py:188} INFO - [2024-05-16T01:04:05.029+0000] {dagbag.py:540} INFO - Filling up the DagBag from /home/airflow/.local/lib/python3.8/site-packages/airflow/example_dags/example_branch_day_of_week_operator.py
[2024-05-16T01:04:05.038+0000] {processor.py:840} INFO - DAG(s) 'example_weekday_branch_operator' retrieved from /home/airflow/.local/lib/python3.8/site-packages/airflow/example_dags/example_branch_day_of_week_operator.py
[2024-05-16T01:04:05.064+0000] {logging_mixin.py:188} INFO - [2024-05-16T01:04:05.063+0000] {dag.py:3047} INFO - Sync 1 DAGs
[2024-05-16T01:04:05.089+0000] {logging_mixin.py:188} INFO - [2024-05-16T01:04:05.088+0000] {dag.py:3834} INFO - Setting next_dagrun for example_weekday_branch_operator to 2024-05-15 00:00:00+00:00, run_after=2024-05-16 00:00:00+00:00
[2024-05-16T01:04:05.118+0000] {processor.py:183} INFO - Processing /home/airflow/.local/lib/python3.8/site-packages/airflow/example_dags/example_branch_day_of_week_operator.py took 0.095 seconds
[2024-05-16T01:04:35.525+0000] {processor.py:161} INFO - Started process (PID=822) to work on /home/airflow/.local/lib/python3.8/site-packages/airflow/example_dags/example_branch_day_of_week_operator.py
[2024-05-16T01:04:35.527+0000] {processor.py:830} INFO - Processing file /home/airflow/.local/lib/python3.8/site-packages/airflow/example_dags/example_branch_day_of_week_operator.py for tasks to queue
[2024-05-16T01:04:35.530+0000] {logging_mixin.py:188} INFO - [2024-05-16T01:04:35.530+0000] {dagbag.py:540} INFO - Filling up the DagBag from /home/airflow/.local/lib/python3.8/site-packages/airflow/example_dags/example_branch_day_of_week_operator.py
[2024-05-16T01:04:35.538+0000] {processor.py:840} INFO - DAG(s) 'example_weekday_branch_operator' retrieved from /home/airflow/.local/lib/python3.8/site-packages/airflow/example_dags/example_branch_day_of_week_operator.py
[2024-05-16T01:04:35.563+0000] {logging_mixin.py:188} INFO - [2024-05-16T01:04:35.563+0000] {dag.py:3047} INFO - Sync 1 DAGs
[2024-05-16T01:04:35.586+0000] {logging_mixin.py:188} INFO - [2024-05-16T01:04:35.586+0000] {dag.py:3834} INFO - Setting next_dagrun for example_weekday_branch_operator to 2024-05-15 00:00:00+00:00, run_after=2024-05-16 00:00:00+00:00
[2024-05-16T01:04:35.608+0000] {processor.py:183} INFO - Processing /home/airflow/.local/lib/python3.8/site-packages/airflow/example_dags/example_branch_day_of_week_operator.py took 0.087 seconds
[2024-05-16T01:05:06.352+0000] {processor.py:161} INFO - Started process (PID=882) to work on /home/airflow/.local/lib/python3.8/site-packages/airflow/example_dags/example_branch_day_of_week_operator.py
[2024-05-16T01:05:06.354+0000] {processor.py:830} INFO - Processing file /home/airflow/.local/lib/python3.8/site-packages/airflow/example_dags/example_branch_day_of_week_operator.py for tasks to queue
[2024-05-16T01:05:06.356+0000] {logging_mixin.py:188} INFO - [2024-05-16T01:05:06.356+0000] {dagbag.py:540} INFO - Filling up the DagBag from /home/airflow/.local/lib/python3.8/site-packages/airflow/example_dags/example_branch_day_of_week_operator.py
[2024-05-16T01:05:06.364+0000] {processor.py:840} INFO - DAG(s) 'example_weekday_branch_operator' retrieved from /home/airflow/.local/lib/python3.8/site-packages/airflow/example_dags/example_branch_day_of_week_operator.py
[2024-05-16T01:05:06.383+0000] {logging_mixin.py:188} INFO - [2024-05-16T01:05:06.383+0000] {dag.py:3047} INFO - Sync 1 DAGs
[2024-05-16T01:05:06.400+0000] {logging_mixin.py:188} INFO - [2024-05-16T01:05:06.400+0000] {dag.py:3834} INFO - Setting next_dagrun for example_weekday_branch_operator to 2024-05-15 00:00:00+00:00, run_after=2024-05-16 00:00:00+00:00
[2024-05-16T01:05:06.421+0000] {processor.py:183} INFO - Processing /home/airflow/.local/lib/python3.8/site-packages/airflow/example_dags/example_branch_day_of_week_operator.py took 0.073 seconds
[2024-05-16T01:05:36.943+0000] {processor.py:161} INFO - Started process (PID=941) to work on /home/airflow/.local/lib/python3.8/site-packages/airflow/example_dags/example_branch_day_of_week_operator.py
[2024-05-16T01:05:36.945+0000] {processor.py:830} INFO - Processing file /home/airflow/.local/lib/python3.8/site-packages/airflow/example_dags/example_branch_day_of_week_operator.py for tasks to queue
[2024-05-16T01:05:36.947+0000] {logging_mixin.py:188} INFO - [2024-05-16T01:05:36.947+0000] {dagbag.py:540} INFO - Filling up the DagBag from /home/airflow/.local/lib/python3.8/site-packages/airflow/example_dags/example_branch_day_of_week_operator.py
[2024-05-16T01:05:36.955+0000] {processor.py:840} INFO - DAG(s) 'example_weekday_branch_operator' retrieved from /home/airflow/.local/lib/python3.8/site-packages/airflow/example_dags/example_branch_day_of_week_operator.py
[2024-05-16T01:05:36.977+0000] {logging_mixin.py:188} INFO - [2024-05-16T01:05:36.977+0000] {dag.py:3047} INFO - Sync 1 DAGs
[2024-05-16T01:05:37.003+0000] {logging_mixin.py:188} INFO - [2024-05-16T01:05:37.002+0000] {dag.py:3834} INFO - Setting next_dagrun for example_weekday_branch_operator to 2024-05-15 00:00:00+00:00, run_after=2024-05-16 00:00:00+00:00
[2024-05-16T01:05:37.028+0000] {processor.py:183} INFO - Processing /home/airflow/.local/lib/python3.8/site-packages/airflow/example_dags/example_branch_day_of_week_operator.py took 0.088 seconds
[2024-05-16T01:06:07.634+0000] {processor.py:161} INFO - Started process (PID=1000) to work on /home/airflow/.local/lib/python3.8/site-packages/airflow/example_dags/example_branch_day_of_week_operator.py
[2024-05-16T01:06:07.636+0000] {processor.py:830} INFO - Processing file /home/airflow/.local/lib/python3.8/site-packages/airflow/example_dags/example_branch_day_of_week_operator.py for tasks to queue
[2024-05-16T01:06:07.638+0000] {logging_mixin.py:188} INFO - [2024-05-16T01:06:07.638+0000] {dagbag.py:540} INFO - Filling up the DagBag from /home/airflow/.local/lib/python3.8/site-packages/airflow/example_dags/example_branch_day_of_week_operator.py
[2024-05-16T01:06:07.648+0000] {processor.py:840} INFO - DAG(s) 'example_weekday_branch_operator' retrieved from /home/airflow/.local/lib/python3.8/site-packages/airflow/example_dags/example_branch_day_of_week_operator.py
[2024-05-16T01:06:07.673+0000] {logging_mixin.py:188} INFO - [2024-05-16T01:06:07.673+0000] {dag.py:3047} INFO - Sync 1 DAGs
[2024-05-16T01:06:07.699+0000] {logging_mixin.py:188} INFO - [2024-05-16T01:06:07.698+0000] {dag.py:3834} INFO - Setting next_dagrun for example_weekday_branch_operator to 2024-05-15 00:00:00+00:00, run_after=2024-05-16 00:00:00+00:00
[2024-05-16T01:06:07.734+0000] {processor.py:183} INFO - Processing /home/airflow/.local/lib/python3.8/site-packages/airflow/example_dags/example_branch_day_of_week_operator.py took 0.104 seconds
[2024-05-16T01:06:38.075+0000] {processor.py:161} INFO - Started process (PID=1059) to work on /home/airflow/.local/lib/python3.8/site-packages/airflow/example_dags/example_branch_day_of_week_operator.py
[2024-05-16T01:06:38.076+0000] {processor.py:830} INFO - Processing file /home/airflow/.local/lib/python3.8/site-packages/airflow/example_dags/example_branch_day_of_week_operator.py for tasks to queue
[2024-05-16T01:06:38.079+0000] {logging_mixin.py:188} INFO - [2024-05-16T01:06:38.078+0000] {dagbag.py:540} INFO - Filling up the DagBag from /home/airflow/.local/lib/python3.8/site-packages/airflow/example_dags/example_branch_day_of_week_operator.py
[2024-05-16T01:06:38.086+0000] {processor.py:840} INFO - DAG(s) 'example_weekday_branch_operator' retrieved from /home/airflow/.local/lib/python3.8/site-packages/airflow/example_dags/example_branch_day_of_week_operator.py
[2024-05-16T01:06:38.108+0000] {logging_mixin.py:188} INFO - [2024-05-16T01:06:38.108+0000] {dag.py:3047} INFO - Sync 1 DAGs
[2024-05-16T01:06:38.128+0000] {logging_mixin.py:188} INFO - [2024-05-16T01:06:38.128+0000] {dag.py:3834} INFO - Setting next_dagrun for example_weekday_branch_operator to 2024-05-15 00:00:00+00:00, run_after=2024-05-16 00:00:00+00:00
[2024-05-16T01:06:38.149+0000] {processor.py:183} INFO - Processing /home/airflow/.local/lib/python3.8/site-packages/airflow/example_dags/example_branch_day_of_week_operator.py took 0.077 seconds
[2024-05-16T01:07:08.260+0000] {processor.py:161} INFO - Started process (PID=1118) to work on /home/airflow/.local/lib/python3.8/site-packages/airflow/example_dags/example_branch_day_of_week_operator.py
[2024-05-16T01:07:08.262+0000] {processor.py:830} INFO - Processing file /home/airflow/.local/lib/python3.8/site-packages/airflow/example_dags/example_branch_day_of_week_operator.py for tasks to queue
[2024-05-16T01:07:08.264+0000] {logging_mixin.py:188} INFO - [2024-05-16T01:07:08.264+0000] {dagbag.py:540} INFO - Filling up the DagBag from /home/airflow/.local/lib/python3.8/site-packages/airflow/example_dags/example_branch_day_of_week_operator.py
[2024-05-16T01:07:08.273+0000] {processor.py:840} INFO - DAG(s) 'example_weekday_branch_operator' retrieved from /home/airflow/.local/lib/python3.8/site-packages/airflow/example_dags/example_branch_day_of_week_operator.py
[2024-05-16T01:07:08.304+0000] {logging_mixin.py:188} INFO - [2024-05-16T01:07:08.304+0000] {dag.py:3047} INFO - Sync 1 DAGs
[2024-05-16T01:07:08.330+0000] {logging_mixin.py:188} INFO - [2024-05-16T01:07:08.330+0000] {dag.py:3834} INFO - Setting next_dagrun for example_weekday_branch_operator to 2024-05-15 00:00:00+00:00, run_after=2024-05-16 00:00:00+00:00
[2024-05-16T01:07:08.357+0000] {processor.py:183} INFO - Processing /home/airflow/.local/lib/python3.8/site-packages/airflow/example_dags/example_branch_day_of_week_operator.py took 0.100 seconds
[2024-05-16T01:07:38.748+0000] {processor.py:161} INFO - Started process (PID=1177) to work on /home/airflow/.local/lib/python3.8/site-packages/airflow/example_dags/example_branch_day_of_week_operator.py
[2024-05-16T01:07:38.751+0000] {processor.py:830} INFO - Processing file /home/airflow/.local/lib/python3.8/site-packages/airflow/example_dags/example_branch_day_of_week_operator.py for tasks to queue
[2024-05-16T01:07:38.754+0000] {logging_mixin.py:188} INFO - [2024-05-16T01:07:38.754+0000] {dagbag.py:540} INFO - Filling up the DagBag from /home/airflow/.local/lib/python3.8/site-packages/airflow/example_dags/example_branch_day_of_week_operator.py
[2024-05-16T01:07:38.766+0000] {processor.py:840} INFO - DAG(s) 'example_weekday_branch_operator' retrieved from /home/airflow/.local/lib/python3.8/site-packages/airflow/example_dags/example_branch_day_of_week_operator.py
[2024-05-16T01:07:38.798+0000] {logging_mixin.py:188} INFO - [2024-05-16T01:07:38.797+0000] {dag.py:3047} INFO - Sync 1 DAGs
[2024-05-16T01:07:38.832+0000] {logging_mixin.py:188} INFO - [2024-05-16T01:07:38.832+0000] {dag.py:3834} INFO - Setting next_dagrun for example_weekday_branch_operator to 2024-05-15 00:00:00+00:00, run_after=2024-05-16 00:00:00+00:00
[2024-05-16T01:07:38.871+0000] {processor.py:183} INFO - Processing /home/airflow/.local/lib/python3.8/site-packages/airflow/example_dags/example_branch_day_of_week_operator.py took 0.127 seconds
[2024-05-16T01:08:09.670+0000] {processor.py:161} INFO - Started process (PID=1235) to work on /home/airflow/.local/lib/python3.8/site-packages/airflow/example_dags/example_branch_day_of_week_operator.py
[2024-05-16T01:08:09.672+0000] {processor.py:830} INFO - Processing file /home/airflow/.local/lib/python3.8/site-packages/airflow/example_dags/example_branch_day_of_week_operator.py for tasks to queue
[2024-05-16T01:08:09.675+0000] {logging_mixin.py:188} INFO - [2024-05-16T01:08:09.675+0000] {dagbag.py:540} INFO - Filling up the DagBag from /home/airflow/.local/lib/python3.8/site-packages/airflow/example_dags/example_branch_day_of_week_operator.py
[2024-05-16T01:08:09.684+0000] {processor.py:840} INFO - DAG(s) 'example_weekday_branch_operator' retrieved from /home/airflow/.local/lib/python3.8/site-packages/airflow/example_dags/example_branch_day_of_week_operator.py
[2024-05-16T01:08:09.716+0000] {logging_mixin.py:188} INFO - [2024-05-16T01:08:09.715+0000] {dag.py:3047} INFO - Sync 1 DAGs
[2024-05-16T01:08:09.746+0000] {logging_mixin.py:188} INFO - [2024-05-16T01:08:09.746+0000] {dag.py:3834} INFO - Setting next_dagrun for example_weekday_branch_operator to 2024-05-15 00:00:00+00:00, run_after=2024-05-16 00:00:00+00:00
[2024-05-16T01:08:09.773+0000] {processor.py:183} INFO - Processing /home/airflow/.local/lib/python3.8/site-packages/airflow/example_dags/example_branch_day_of_week_operator.py took 0.106 seconds
[2024-05-16T01:08:40.193+0000] {processor.py:161} INFO - Started process (PID=1294) to work on /home/airflow/.local/lib/python3.8/site-packages/airflow/example_dags/example_branch_day_of_week_operator.py
[2024-05-16T01:08:40.195+0000] {processor.py:830} INFO - Processing file /home/airflow/.local/lib/python3.8/site-packages/airflow/example_dags/example_branch_day_of_week_operator.py for tasks to queue
[2024-05-16T01:08:40.199+0000] {logging_mixin.py:188} INFO - [2024-05-16T01:08:40.198+0000] {dagbag.py:540} INFO - Filling up the DagBag from /home/airflow/.local/lib/python3.8/site-packages/airflow/example_dags/example_branch_day_of_week_operator.py
[2024-05-16T01:08:40.213+0000] {processor.py:840} INFO - DAG(s) 'example_weekday_branch_operator' retrieved from /home/airflow/.local/lib/python3.8/site-packages/airflow/example_dags/example_branch_day_of_week_operator.py
[2024-05-16T01:08:40.249+0000] {logging_mixin.py:188} INFO - [2024-05-16T01:08:40.249+0000] {dag.py:3047} INFO - Sync 1 DAGs
[2024-05-16T01:08:40.288+0000] {logging_mixin.py:188} INFO - [2024-05-16T01:08:40.287+0000] {dag.py:3834} INFO - Setting next_dagrun for example_weekday_branch_operator to 2024-05-15 00:00:00+00:00, run_after=2024-05-16 00:00:00+00:00
[2024-05-16T01:08:40.329+0000] {processor.py:183} INFO - Processing /home/airflow/.local/lib/python3.8/site-packages/airflow/example_dags/example_branch_day_of_week_operator.py took 0.140 seconds
[2024-05-16T01:09:10.849+0000] {processor.py:161} INFO - Started process (PID=1359) to work on /home/airflow/.local/lib/python3.8/site-packages/airflow/example_dags/example_branch_day_of_week_operator.py
[2024-05-16T01:09:10.850+0000] {processor.py:830} INFO - Processing file /home/airflow/.local/lib/python3.8/site-packages/airflow/example_dags/example_branch_day_of_week_operator.py for tasks to queue
[2024-05-16T01:09:10.852+0000] {logging_mixin.py:188} INFO - [2024-05-16T01:09:10.852+0000] {dagbag.py:540} INFO - Filling up the DagBag from /home/airflow/.local/lib/python3.8/site-packages/airflow/example_dags/example_branch_day_of_week_operator.py
[2024-05-16T01:09:10.861+0000] {processor.py:840} INFO - DAG(s) 'example_weekday_branch_operator' retrieved from /home/airflow/.local/lib/python3.8/site-packages/airflow/example_dags/example_branch_day_of_week_operator.py
[2024-05-16T01:09:10.885+0000] {logging_mixin.py:188} INFO - [2024-05-16T01:09:10.885+0000] {dag.py:3047} INFO - Sync 1 DAGs
[2024-05-16T01:09:10.907+0000] {logging_mixin.py:188} INFO - [2024-05-16T01:09:10.907+0000] {dag.py:3834} INFO - Setting next_dagrun for example_weekday_branch_operator to 2024-05-15 00:00:00+00:00, run_after=2024-05-16 00:00:00+00:00
[2024-05-16T01:09:10.931+0000] {processor.py:183} INFO - Processing /home/airflow/.local/lib/python3.8/site-packages/airflow/example_dags/example_branch_day_of_week_operator.py took 0.086 seconds
[2024-05-16T01:09:41.150+0000] {processor.py:161} INFO - Started process (PID=1418) to work on /home/airflow/.local/lib/python3.8/site-packages/airflow/example_dags/example_branch_day_of_week_operator.py
[2024-05-16T01:09:41.152+0000] {processor.py:830} INFO - Processing file /home/airflow/.local/lib/python3.8/site-packages/airflow/example_dags/example_branch_day_of_week_operator.py for tasks to queue
[2024-05-16T01:09:41.157+0000] {logging_mixin.py:188} INFO - [2024-05-16T01:09:41.156+0000] {dagbag.py:540} INFO - Filling up the DagBag from /home/airflow/.local/lib/python3.8/site-packages/airflow/example_dags/example_branch_day_of_week_operator.py
[2024-05-16T01:09:41.172+0000] {processor.py:840} INFO - DAG(s) 'example_weekday_branch_operator' retrieved from /home/airflow/.local/lib/python3.8/site-packages/airflow/example_dags/example_branch_day_of_week_operator.py
[2024-05-16T01:09:41.211+0000] {logging_mixin.py:188} INFO - [2024-05-16T01:09:41.210+0000] {dag.py:3047} INFO - Sync 1 DAGs
[2024-05-16T01:09:41.252+0000] {logging_mixin.py:188} INFO - [2024-05-16T01:09:41.252+0000] {dag.py:3834} INFO - Setting next_dagrun for example_weekday_branch_operator to 2024-05-15 00:00:00+00:00, run_after=2024-05-16 00:00:00+00:00
[2024-05-16T01:09:41.295+0000] {processor.py:183} INFO - Processing /home/airflow/.local/lib/python3.8/site-packages/airflow/example_dags/example_branch_day_of_week_operator.py took 0.152 seconds
[2024-05-16T01:10:11.629+0000] {processor.py:161} INFO - Started process (PID=1477) to work on /home/airflow/.local/lib/python3.8/site-packages/airflow/example_dags/example_branch_day_of_week_operator.py
[2024-05-16T01:10:11.631+0000] {processor.py:830} INFO - Processing file /home/airflow/.local/lib/python3.8/site-packages/airflow/example_dags/example_branch_day_of_week_operator.py for tasks to queue
[2024-05-16T01:10:11.635+0000] {logging_mixin.py:188} INFO - [2024-05-16T01:10:11.634+0000] {dagbag.py:540} INFO - Filling up the DagBag from /home/airflow/.local/lib/python3.8/site-packages/airflow/example_dags/example_branch_day_of_week_operator.py
[2024-05-16T01:10:11.647+0000] {processor.py:840} INFO - DAG(s) 'example_weekday_branch_operator' retrieved from /home/airflow/.local/lib/python3.8/site-packages/airflow/example_dags/example_branch_day_of_week_operator.py
[2024-05-16T01:10:11.682+0000] {logging_mixin.py:188} INFO - [2024-05-16T01:10:11.681+0000] {dag.py:3047} INFO - Sync 1 DAGs
[2024-05-16T01:10:11.718+0000] {logging_mixin.py:188} INFO - [2024-05-16T01:10:11.718+0000] {dag.py:3834} INFO - Setting next_dagrun for example_weekday_branch_operator to 2024-05-15 00:00:00+00:00, run_after=2024-05-16 00:00:00+00:00
[2024-05-16T01:10:11.757+0000] {processor.py:183} INFO - Processing /home/airflow/.local/lib/python3.8/site-packages/airflow/example_dags/example_branch_day_of_week_operator.py took 0.132 seconds
[2024-05-16T01:10:41.908+0000] {processor.py:161} INFO - Started process (PID=1536) to work on /home/airflow/.local/lib/python3.8/site-packages/airflow/example_dags/example_branch_day_of_week_operator.py
[2024-05-16T01:10:41.910+0000] {processor.py:830} INFO - Processing file /home/airflow/.local/lib/python3.8/site-packages/airflow/example_dags/example_branch_day_of_week_operator.py for tasks to queue
[2024-05-16T01:10:41.912+0000] {logging_mixin.py:188} INFO - [2024-05-16T01:10:41.912+0000] {dagbag.py:540} INFO - Filling up the DagBag from /home/airflow/.local/lib/python3.8/site-packages/airflow/example_dags/example_branch_day_of_week_operator.py
[2024-05-16T01:10:41.923+0000] {processor.py:840} INFO - DAG(s) 'example_weekday_branch_operator' retrieved from /home/airflow/.local/lib/python3.8/site-packages/airflow/example_dags/example_branch_day_of_week_operator.py
[2024-05-16T01:10:41.948+0000] {logging_mixin.py:188} INFO - [2024-05-16T01:10:41.948+0000] {dag.py:3047} INFO - Sync 1 DAGs
[2024-05-16T01:10:41.973+0000] {logging_mixin.py:188} INFO - [2024-05-16T01:10:41.973+0000] {dag.py:3834} INFO - Setting next_dagrun for example_weekday_branch_operator to 2024-05-15 00:00:00+00:00, run_after=2024-05-16 00:00:00+00:00
[2024-05-16T01:10:42.000+0000] {processor.py:183} INFO - Processing /home/airflow/.local/lib/python3.8/site-packages/airflow/example_dags/example_branch_day_of_week_operator.py took 0.095 seconds
[2024-05-16T01:11:12.777+0000] {processor.py:161} INFO - Started process (PID=1595) to work on /home/airflow/.local/lib/python3.8/site-packages/airflow/example_dags/example_branch_day_of_week_operator.py
[2024-05-16T01:11:12.778+0000] {processor.py:830} INFO - Processing file /home/airflow/.local/lib/python3.8/site-packages/airflow/example_dags/example_branch_day_of_week_operator.py for tasks to queue
[2024-05-16T01:11:12.780+0000] {logging_mixin.py:188} INFO - [2024-05-16T01:11:12.780+0000] {dagbag.py:540} INFO - Filling up the DagBag from /home/airflow/.local/lib/python3.8/site-packages/airflow/example_dags/example_branch_day_of_week_operator.py
[2024-05-16T01:11:12.789+0000] {processor.py:840} INFO - DAG(s) 'example_weekday_branch_operator' retrieved from /home/airflow/.local/lib/python3.8/site-packages/airflow/example_dags/example_branch_day_of_week_operator.py
[2024-05-16T01:11:12.809+0000] {logging_mixin.py:188} INFO - [2024-05-16T01:11:12.809+0000] {dag.py:3047} INFO - Sync 1 DAGs
[2024-05-16T01:11:12.829+0000] {logging_mixin.py:188} INFO - [2024-05-16T01:11:12.829+0000] {dag.py:3834} INFO - Setting next_dagrun for example_weekday_branch_operator to 2024-05-15 00:00:00+00:00, run_after=2024-05-16 00:00:00+00:00
[2024-05-16T01:11:12.850+0000] {processor.py:183} INFO - Processing /home/airflow/.local/lib/python3.8/site-packages/airflow/example_dags/example_branch_day_of_week_operator.py took 0.076 seconds
[2024-05-16T01:11:43.042+0000] {processor.py:161} INFO - Started process (PID=1654) to work on /home/airflow/.local/lib/python3.8/site-packages/airflow/example_dags/example_branch_day_of_week_operator.py
[2024-05-16T01:11:43.044+0000] {processor.py:830} INFO - Processing file /home/airflow/.local/lib/python3.8/site-packages/airflow/example_dags/example_branch_day_of_week_operator.py for tasks to queue
[2024-05-16T01:11:43.046+0000] {logging_mixin.py:188} INFO - [2024-05-16T01:11:43.045+0000] {dagbag.py:540} INFO - Filling up the DagBag from /home/airflow/.local/lib/python3.8/site-packages/airflow/example_dags/example_branch_day_of_week_operator.py
[2024-05-16T01:11:43.052+0000] {processor.py:840} INFO - DAG(s) 'example_weekday_branch_operator' retrieved from /home/airflow/.local/lib/python3.8/site-packages/airflow/example_dags/example_branch_day_of_week_operator.py
[2024-05-16T01:11:43.072+0000] {logging_mixin.py:188} INFO - [2024-05-16T01:11:43.072+0000] {dag.py:3047} INFO - Sync 1 DAGs
[2024-05-16T01:11:43.092+0000] {logging_mixin.py:188} INFO - [2024-05-16T01:11:43.091+0000] {dag.py:3834} INFO - Setting next_dagrun for example_weekday_branch_operator to 2024-05-15 00:00:00+00:00, run_after=2024-05-16 00:00:00+00:00
[2024-05-16T01:11:43.117+0000] {processor.py:183} INFO - Processing /home/airflow/.local/lib/python3.8/site-packages/airflow/example_dags/example_branch_day_of_week_operator.py took 0.078 seconds
[2024-05-16T01:12:13.640+0000] {processor.py:161} INFO - Started process (PID=1713) to work on /home/airflow/.local/lib/python3.8/site-packages/airflow/example_dags/example_branch_day_of_week_operator.py
[2024-05-16T01:12:13.642+0000] {processor.py:830} INFO - Processing file /home/airflow/.local/lib/python3.8/site-packages/airflow/example_dags/example_branch_day_of_week_operator.py for tasks to queue
[2024-05-16T01:12:13.648+0000] {logging_mixin.py:188} INFO - [2024-05-16T01:12:13.648+0000] {dagbag.py:540} INFO - Filling up the DagBag from /home/airflow/.local/lib/python3.8/site-packages/airflow/example_dags/example_branch_day_of_week_operator.py
[2024-05-16T01:12:13.657+0000] {processor.py:840} INFO - DAG(s) 'example_weekday_branch_operator' retrieved from /home/airflow/.local/lib/python3.8/site-packages/airflow/example_dags/example_branch_day_of_week_operator.py
[2024-05-16T01:12:13.680+0000] {logging_mixin.py:188} INFO - [2024-05-16T01:12:13.680+0000] {dag.py:3047} INFO - Sync 1 DAGs
[2024-05-16T01:12:13.706+0000] {logging_mixin.py:188} INFO - [2024-05-16T01:12:13.706+0000] {dag.py:3834} INFO - Setting next_dagrun for example_weekday_branch_operator to 2024-05-15 00:00:00+00:00, run_after=2024-05-16 00:00:00+00:00
[2024-05-16T01:12:13.737+0000] {processor.py:183} INFO - Processing /home/airflow/.local/lib/python3.8/site-packages/airflow/example_dags/example_branch_day_of_week_operator.py took 0.101 seconds
[2024-05-16T01:12:44.232+0000] {processor.py:161} INFO - Started process (PID=1772) to work on /home/airflow/.local/lib/python3.8/site-packages/airflow/example_dags/example_branch_day_of_week_operator.py
[2024-05-16T01:12:44.234+0000] {processor.py:830} INFO - Processing file /home/airflow/.local/lib/python3.8/site-packages/airflow/example_dags/example_branch_day_of_week_operator.py for tasks to queue
[2024-05-16T01:12:44.235+0000] {logging_mixin.py:188} INFO - [2024-05-16T01:12:44.235+0000] {dagbag.py:540} INFO - Filling up the DagBag from /home/airflow/.local/lib/python3.8/site-packages/airflow/example_dags/example_branch_day_of_week_operator.py
[2024-05-16T01:12:44.244+0000] {processor.py:840} INFO - DAG(s) 'example_weekday_branch_operator' retrieved from /home/airflow/.local/lib/python3.8/site-packages/airflow/example_dags/example_branch_day_of_week_operator.py
[2024-05-16T01:12:44.264+0000] {logging_mixin.py:188} INFO - [2024-05-16T01:12:44.264+0000] {dag.py:3047} INFO - Sync 1 DAGs
[2024-05-16T01:12:44.283+0000] {logging_mixin.py:188} INFO - [2024-05-16T01:12:44.283+0000] {dag.py:3834} INFO - Setting next_dagrun for example_weekday_branch_operator to 2024-05-15 00:00:00+00:00, run_after=2024-05-16 00:00:00+00:00
[2024-05-16T01:12:44.316+0000] {processor.py:183} INFO - Processing /home/airflow/.local/lib/python3.8/site-packages/airflow/example_dags/example_branch_day_of_week_operator.py took 0.087 seconds
[2024-05-16T01:13:14.831+0000] {processor.py:161} INFO - Started process (PID=1831) to work on /home/airflow/.local/lib/python3.8/site-packages/airflow/example_dags/example_branch_day_of_week_operator.py
[2024-05-16T01:13:14.833+0000] {processor.py:830} INFO - Processing file /home/airflow/.local/lib/python3.8/site-packages/airflow/example_dags/example_branch_day_of_week_operator.py for tasks to queue
[2024-05-16T01:13:14.835+0000] {logging_mixin.py:188} INFO - [2024-05-16T01:13:14.835+0000] {dagbag.py:540} INFO - Filling up the DagBag from /home/airflow/.local/lib/python3.8/site-packages/airflow/example_dags/example_branch_day_of_week_operator.py
[2024-05-16T01:13:14.844+0000] {processor.py:840} INFO - DAG(s) 'example_weekday_branch_operator' retrieved from /home/airflow/.local/lib/python3.8/site-packages/airflow/example_dags/example_branch_day_of_week_operator.py
[2024-05-16T01:13:14.868+0000] {logging_mixin.py:188} INFO - [2024-05-16T01:13:14.868+0000] {dag.py:3047} INFO - Sync 1 DAGs
[2024-05-16T01:13:14.895+0000] {logging_mixin.py:188} INFO - [2024-05-16T01:13:14.894+0000] {dag.py:3834} INFO - Setting next_dagrun for example_weekday_branch_operator to 2024-05-15 00:00:00+00:00, run_after=2024-05-16 00:00:00+00:00
[2024-05-16T01:13:14.918+0000] {processor.py:183} INFO - Processing /home/airflow/.local/lib/python3.8/site-packages/airflow/example_dags/example_branch_day_of_week_operator.py took 0.091 seconds
[2024-05-16T01:13:45.920+0000] {processor.py:161} INFO - Started process (PID=1890) to work on /home/airflow/.local/lib/python3.8/site-packages/airflow/example_dags/example_branch_day_of_week_operator.py
[2024-05-16T01:13:45.922+0000] {processor.py:830} INFO - Processing file /home/airflow/.local/lib/python3.8/site-packages/airflow/example_dags/example_branch_day_of_week_operator.py for tasks to queue
[2024-05-16T01:13:45.925+0000] {logging_mixin.py:188} INFO - [2024-05-16T01:13:45.925+0000] {dagbag.py:540} INFO - Filling up the DagBag from /home/airflow/.local/lib/python3.8/site-packages/airflow/example_dags/example_branch_day_of_week_operator.py
[2024-05-16T01:13:45.935+0000] {processor.py:840} INFO - DAG(s) 'example_weekday_branch_operator' retrieved from /home/airflow/.local/lib/python3.8/site-packages/airflow/example_dags/example_branch_day_of_week_operator.py
[2024-05-16T01:13:45.960+0000] {logging_mixin.py:188} INFO - [2024-05-16T01:13:45.959+0000] {dag.py:3047} INFO - Sync 1 DAGs
[2024-05-16T01:13:45.988+0000] {logging_mixin.py:188} INFO - [2024-05-16T01:13:45.988+0000] {dag.py:3834} INFO - Setting next_dagrun for example_weekday_branch_operator to 2024-05-15 00:00:00+00:00, run_after=2024-05-16 00:00:00+00:00
[2024-05-16T01:13:46.015+0000] {processor.py:183} INFO - Processing /home/airflow/.local/lib/python3.8/site-packages/airflow/example_dags/example_branch_day_of_week_operator.py took 0.099 seconds
[2024-05-16T01:14:16.286+0000] {processor.py:161} INFO - Started process (PID=1949) to work on /home/airflow/.local/lib/python3.8/site-packages/airflow/example_dags/example_branch_day_of_week_operator.py
[2024-05-16T01:14:16.288+0000] {processor.py:830} INFO - Processing file /home/airflow/.local/lib/python3.8/site-packages/airflow/example_dags/example_branch_day_of_week_operator.py for tasks to queue
[2024-05-16T01:14:16.291+0000] {logging_mixin.py:188} INFO - [2024-05-16T01:14:16.291+0000] {dagbag.py:540} INFO - Filling up the DagBag from /home/airflow/.local/lib/python3.8/site-packages/airflow/example_dags/example_branch_day_of_week_operator.py
[2024-05-16T01:14:16.302+0000] {processor.py:840} INFO - DAG(s) 'example_weekday_branch_operator' retrieved from /home/airflow/.local/lib/python3.8/site-packages/airflow/example_dags/example_branch_day_of_week_operator.py
[2024-05-16T01:14:16.332+0000] {logging_mixin.py:188} INFO - [2024-05-16T01:14:16.332+0000] {dag.py:3047} INFO - Sync 1 DAGs
[2024-05-16T01:14:16.354+0000] {logging_mixin.py:188} INFO - [2024-05-16T01:14:16.354+0000] {dag.py:3834} INFO - Setting next_dagrun for example_weekday_branch_operator to 2024-05-15 00:00:00+00:00, run_after=2024-05-16 00:00:00+00:00
[2024-05-16T01:14:16.387+0000] {processor.py:183} INFO - Processing /home/airflow/.local/lib/python3.8/site-packages/airflow/example_dags/example_branch_day_of_week_operator.py took 0.105 seconds
[2024-05-16T01:14:46.997+0000] {processor.py:161} INFO - Started process (PID=2008) to work on /home/airflow/.local/lib/python3.8/site-packages/airflow/example_dags/example_branch_day_of_week_operator.py
[2024-05-16T01:14:46.998+0000] {processor.py:830} INFO - Processing file /home/airflow/.local/lib/python3.8/site-packages/airflow/example_dags/example_branch_day_of_week_operator.py for tasks to queue
[2024-05-16T01:14:47.001+0000] {logging_mixin.py:188} INFO - [2024-05-16T01:14:47.000+0000] {dagbag.py:540} INFO - Filling up the DagBag from /home/airflow/.local/lib/python3.8/site-packages/airflow/example_dags/example_branch_day_of_week_operator.py
[2024-05-16T01:14:47.010+0000] {processor.py:840} INFO - DAG(s) 'example_weekday_branch_operator' retrieved from /home/airflow/.local/lib/python3.8/site-packages/airflow/example_dags/example_branch_day_of_week_operator.py
[2024-05-16T01:14:47.036+0000] {logging_mixin.py:188} INFO - [2024-05-16T01:14:47.036+0000] {dag.py:3047} INFO - Sync 1 DAGs
[2024-05-16T01:14:47.064+0000] {logging_mixin.py:188} INFO - [2024-05-16T01:14:47.064+0000] {dag.py:3834} INFO - Setting next_dagrun for example_weekday_branch_operator to 2024-05-15 00:00:00+00:00, run_after=2024-05-16 00:00:00+00:00
[2024-05-16T01:14:47.091+0000] {processor.py:183} INFO - Processing /home/airflow/.local/lib/python3.8/site-packages/airflow/example_dags/example_branch_day_of_week_operator.py took 0.099 seconds
[2024-05-16T01:15:18.372+0000] {processor.py:161} INFO - Started process (PID=2067) to work on /home/airflow/.local/lib/python3.8/site-packages/airflow/example_dags/example_branch_day_of_week_operator.py
[2024-05-16T01:15:18.375+0000] {processor.py:830} INFO - Processing file /home/airflow/.local/lib/python3.8/site-packages/airflow/example_dags/example_branch_day_of_week_operator.py for tasks to queue
[2024-05-16T01:15:18.382+0000] {logging_mixin.py:188} INFO - [2024-05-16T01:15:18.381+0000] {dagbag.py:540} INFO - Filling up the DagBag from /home/airflow/.local/lib/python3.8/site-packages/airflow/example_dags/example_branch_day_of_week_operator.py
[2024-05-16T01:15:18.392+0000] {processor.py:840} INFO - DAG(s) 'example_weekday_branch_operator' retrieved from /home/airflow/.local/lib/python3.8/site-packages/airflow/example_dags/example_branch_day_of_week_operator.py
[2024-05-16T01:15:18.417+0000] {logging_mixin.py:188} INFO - [2024-05-16T01:15:18.416+0000] {dag.py:3047} INFO - Sync 1 DAGs
[2024-05-16T01:15:18.441+0000] {logging_mixin.py:188} INFO - [2024-05-16T01:15:18.441+0000] {dag.py:3834} INFO - Setting next_dagrun for example_weekday_branch_operator to 2024-05-15 00:00:00+00:00, run_after=2024-05-16 00:00:00+00:00
[2024-05-16T01:15:18.470+0000] {processor.py:183} INFO - Processing /home/airflow/.local/lib/python3.8/site-packages/airflow/example_dags/example_branch_day_of_week_operator.py took 0.103 seconds
[2024-05-16T01:15:49.558+0000] {processor.py:161} INFO - Started process (PID=2126) to work on /home/airflow/.local/lib/python3.8/site-packages/airflow/example_dags/example_branch_day_of_week_operator.py
[2024-05-16T01:15:49.562+0000] {processor.py:830} INFO - Processing file /home/airflow/.local/lib/python3.8/site-packages/airflow/example_dags/example_branch_day_of_week_operator.py for tasks to queue
[2024-05-16T01:15:49.564+0000] {logging_mixin.py:188} INFO - [2024-05-16T01:15:49.564+0000] {dagbag.py:540} INFO - Filling up the DagBag from /home/airflow/.local/lib/python3.8/site-packages/airflow/example_dags/example_branch_day_of_week_operator.py
[2024-05-16T01:15:49.574+0000] {processor.py:840} INFO - DAG(s) 'example_weekday_branch_operator' retrieved from /home/airflow/.local/lib/python3.8/site-packages/airflow/example_dags/example_branch_day_of_week_operator.py
[2024-05-16T01:15:49.599+0000] {logging_mixin.py:188} INFO - [2024-05-16T01:15:49.599+0000] {dag.py:3047} INFO - Sync 1 DAGs
[2024-05-16T01:15:49.622+0000] {logging_mixin.py:188} INFO - [2024-05-16T01:15:49.622+0000] {dag.py:3834} INFO - Setting next_dagrun for example_weekday_branch_operator to 2024-05-15 00:00:00+00:00, run_after=2024-05-16 00:00:00+00:00
[2024-05-16T01:15:49.655+0000] {processor.py:183} INFO - Processing /home/airflow/.local/lib/python3.8/site-packages/airflow/example_dags/example_branch_day_of_week_operator.py took 0.100 seconds
[2024-05-16T01:16:20.115+0000] {processor.py:161} INFO - Started process (PID=2185) to work on /home/airflow/.local/lib/python3.8/site-packages/airflow/example_dags/example_branch_day_of_week_operator.py
[2024-05-16T01:16:20.124+0000] {processor.py:830} INFO - Processing file /home/airflow/.local/lib/python3.8/site-packages/airflow/example_dags/example_branch_day_of_week_operator.py for tasks to queue
[2024-05-16T01:16:20.131+0000] {logging_mixin.py:188} INFO - [2024-05-16T01:16:20.131+0000] {dagbag.py:540} INFO - Filling up the DagBag from /home/airflow/.local/lib/python3.8/site-packages/airflow/example_dags/example_branch_day_of_week_operator.py
[2024-05-16T01:16:20.142+0000] {processor.py:840} INFO - DAG(s) 'example_weekday_branch_operator' retrieved from /home/airflow/.local/lib/python3.8/site-packages/airflow/example_dags/example_branch_day_of_week_operator.py
[2024-05-16T01:16:20.171+0000] {logging_mixin.py:188} INFO - [2024-05-16T01:16:20.171+0000] {dag.py:3047} INFO - Sync 1 DAGs
[2024-05-16T01:16:20.203+0000] {logging_mixin.py:188} INFO - [2024-05-16T01:16:20.203+0000] {dag.py:3834} INFO - Setting next_dagrun for example_weekday_branch_operator to 2024-05-15 00:00:00+00:00, run_after=2024-05-16 00:00:00+00:00
[2024-05-16T01:16:20.236+0000] {processor.py:183} INFO - Processing /home/airflow/.local/lib/python3.8/site-packages/airflow/example_dags/example_branch_day_of_week_operator.py took 0.125 seconds
[2024-05-16T01:16:51.297+0000] {processor.py:161} INFO - Started process (PID=2244) to work on /home/airflow/.local/lib/python3.8/site-packages/airflow/example_dags/example_branch_day_of_week_operator.py
[2024-05-16T01:16:51.299+0000] {processor.py:830} INFO - Processing file /home/airflow/.local/lib/python3.8/site-packages/airflow/example_dags/example_branch_day_of_week_operator.py for tasks to queue
[2024-05-16T01:16:51.302+0000] {logging_mixin.py:188} INFO - [2024-05-16T01:16:51.301+0000] {dagbag.py:540} INFO - Filling up the DagBag from /home/airflow/.local/lib/python3.8/site-packages/airflow/example_dags/example_branch_day_of_week_operator.py
[2024-05-16T01:16:51.313+0000] {processor.py:840} INFO - DAG(s) 'example_weekday_branch_operator' retrieved from /home/airflow/.local/lib/python3.8/site-packages/airflow/example_dags/example_branch_day_of_week_operator.py
[2024-05-16T01:16:51.340+0000] {logging_mixin.py:188} INFO - [2024-05-16T01:16:51.340+0000] {dag.py:3047} INFO - Sync 1 DAGs
[2024-05-16T01:16:51.367+0000] {logging_mixin.py:188} INFO - [2024-05-16T01:16:51.367+0000] {dag.py:3834} INFO - Setting next_dagrun for example_weekday_branch_operator to 2024-05-15 00:00:00+00:00, run_after=2024-05-16 00:00:00+00:00
[2024-05-16T01:16:51.395+0000] {processor.py:183} INFO - Processing /home/airflow/.local/lib/python3.8/site-packages/airflow/example_dags/example_branch_day_of_week_operator.py took 0.102 seconds
[2024-05-16T01:17:21.825+0000] {processor.py:161} INFO - Started process (PID=2303) to work on /home/airflow/.local/lib/python3.8/site-packages/airflow/example_dags/example_branch_day_of_week_operator.py
[2024-05-16T01:17:21.826+0000] {processor.py:830} INFO - Processing file /home/airflow/.local/lib/python3.8/site-packages/airflow/example_dags/example_branch_day_of_week_operator.py for tasks to queue
[2024-05-16T01:17:21.829+0000] {logging_mixin.py:188} INFO - [2024-05-16T01:17:21.829+0000] {dagbag.py:540} INFO - Filling up the DagBag from /home/airflow/.local/lib/python3.8/site-packages/airflow/example_dags/example_branch_day_of_week_operator.py
[2024-05-16T01:17:21.838+0000] {processor.py:840} INFO - DAG(s) 'example_weekday_branch_operator' retrieved from /home/airflow/.local/lib/python3.8/site-packages/airflow/example_dags/example_branch_day_of_week_operator.py
[2024-05-16T01:17:21.865+0000] {logging_mixin.py:188} INFO - [2024-05-16T01:17:21.865+0000] {dag.py:3047} INFO - Sync 1 DAGs
[2024-05-16T01:17:21.890+0000] {logging_mixin.py:188} INFO - [2024-05-16T01:17:21.890+0000] {dag.py:3834} INFO - Setting next_dagrun for example_weekday_branch_operator to 2024-05-15 00:00:00+00:00, run_after=2024-05-16 00:00:00+00:00
[2024-05-16T01:17:21.916+0000] {processor.py:183} INFO - Processing /home/airflow/.local/lib/python3.8/site-packages/airflow/example_dags/example_branch_day_of_week_operator.py took 0.095 seconds
[2024-05-16T01:17:52.806+0000] {processor.py:161} INFO - Started process (PID=2362) to work on /home/airflow/.local/lib/python3.8/site-packages/airflow/example_dags/example_branch_day_of_week_operator.py
[2024-05-16T01:17:52.808+0000] {processor.py:830} INFO - Processing file /home/airflow/.local/lib/python3.8/site-packages/airflow/example_dags/example_branch_day_of_week_operator.py for tasks to queue
[2024-05-16T01:17:52.811+0000] {logging_mixin.py:188} INFO - [2024-05-16T01:17:52.810+0000] {dagbag.py:540} INFO - Filling up the DagBag from /home/airflow/.local/lib/python3.8/site-packages/airflow/example_dags/example_branch_day_of_week_operator.py
[2024-05-16T01:17:52.821+0000] {processor.py:840} INFO - DAG(s) 'example_weekday_branch_operator' retrieved from /home/airflow/.local/lib/python3.8/site-packages/airflow/example_dags/example_branch_day_of_week_operator.py
[2024-05-16T01:17:52.851+0000] {logging_mixin.py:188} INFO - [2024-05-16T01:17:52.851+0000] {dag.py:3047} INFO - Sync 1 DAGs
[2024-05-16T01:17:52.878+0000] {logging_mixin.py:188} INFO - [2024-05-16T01:17:52.878+0000] {dag.py:3834} INFO - Setting next_dagrun for example_weekday_branch_operator to 2024-05-15 00:00:00+00:00, run_after=2024-05-16 00:00:00+00:00
[2024-05-16T01:17:52.909+0000] {processor.py:183} INFO - Processing /home/airflow/.local/lib/python3.8/site-packages/airflow/example_dags/example_branch_day_of_week_operator.py took 0.108 seconds
[2024-05-16T01:18:23.619+0000] {processor.py:161} INFO - Started process (PID=2421) to work on /home/airflow/.local/lib/python3.8/site-packages/airflow/example_dags/example_branch_day_of_week_operator.py
[2024-05-16T01:18:23.622+0000] {processor.py:830} INFO - Processing file /home/airflow/.local/lib/python3.8/site-packages/airflow/example_dags/example_branch_day_of_week_operator.py for tasks to queue
[2024-05-16T01:18:23.627+0000] {logging_mixin.py:188} INFO - [2024-05-16T01:18:23.626+0000] {dagbag.py:540} INFO - Filling up the DagBag from /home/airflow/.local/lib/python3.8/site-packages/airflow/example_dags/example_branch_day_of_week_operator.py
[2024-05-16T01:18:23.646+0000] {processor.py:840} INFO - DAG(s) 'example_weekday_branch_operator' retrieved from /home/airflow/.local/lib/python3.8/site-packages/airflow/example_dags/example_branch_day_of_week_operator.py
[2024-05-16T01:18:23.692+0000] {logging_mixin.py:188} INFO - [2024-05-16T01:18:23.691+0000] {dag.py:3047} INFO - Sync 1 DAGs
[2024-05-16T01:18:23.755+0000] {logging_mixin.py:188} INFO - [2024-05-16T01:18:23.754+0000] {dag.py:3834} INFO - Setting next_dagrun for example_weekday_branch_operator to 2024-05-15 00:00:00+00:00, run_after=2024-05-16 00:00:00+00:00
[2024-05-16T01:18:23.807+0000] {processor.py:183} INFO - Processing /home/airflow/.local/lib/python3.8/site-packages/airflow/example_dags/example_branch_day_of_week_operator.py took 0.196 seconds
[2024-05-16T01:18:54.745+0000] {processor.py:161} INFO - Started process (PID=2480) to work on /home/airflow/.local/lib/python3.8/site-packages/airflow/example_dags/example_branch_day_of_week_operator.py
[2024-05-16T01:18:54.747+0000] {processor.py:830} INFO - Processing file /home/airflow/.local/lib/python3.8/site-packages/airflow/example_dags/example_branch_day_of_week_operator.py for tasks to queue
[2024-05-16T01:18:54.751+0000] {logging_mixin.py:188} INFO - [2024-05-16T01:18:54.750+0000] {dagbag.py:540} INFO - Filling up the DagBag from /home/airflow/.local/lib/python3.8/site-packages/airflow/example_dags/example_branch_day_of_week_operator.py
[2024-05-16T01:18:54.763+0000] {processor.py:840} INFO - DAG(s) 'example_weekday_branch_operator' retrieved from /home/airflow/.local/lib/python3.8/site-packages/airflow/example_dags/example_branch_day_of_week_operator.py
[2024-05-16T01:18:54.793+0000] {logging_mixin.py:188} INFO - [2024-05-16T01:18:54.793+0000] {dag.py:3047} INFO - Sync 1 DAGs
[2024-05-16T01:18:54.822+0000] {logging_mixin.py:188} INFO - [2024-05-16T01:18:54.822+0000] {dag.py:3834} INFO - Setting next_dagrun for example_weekday_branch_operator to 2024-05-15 00:00:00+00:00, run_after=2024-05-16 00:00:00+00:00
[2024-05-16T01:18:54.848+0000] {processor.py:183} INFO - Processing /home/airflow/.local/lib/python3.8/site-packages/airflow/example_dags/example_branch_day_of_week_operator.py took 0.107 seconds
[2024-05-16T01:19:25.566+0000] {processor.py:161} INFO - Started process (PID=2539) to work on /home/airflow/.local/lib/python3.8/site-packages/airflow/example_dags/example_branch_day_of_week_operator.py
[2024-05-16T01:19:25.568+0000] {processor.py:830} INFO - Processing file /home/airflow/.local/lib/python3.8/site-packages/airflow/example_dags/example_branch_day_of_week_operator.py for tasks to queue
[2024-05-16T01:19:25.572+0000] {logging_mixin.py:188} INFO - [2024-05-16T01:19:25.572+0000] {dagbag.py:540} INFO - Filling up the DagBag from /home/airflow/.local/lib/python3.8/site-packages/airflow/example_dags/example_branch_day_of_week_operator.py
[2024-05-16T01:19:25.585+0000] {processor.py:840} INFO - DAG(s) 'example_weekday_branch_operator' retrieved from /home/airflow/.local/lib/python3.8/site-packages/airflow/example_dags/example_branch_day_of_week_operator.py
[2024-05-16T01:19:25.623+0000] {logging_mixin.py:188} INFO - [2024-05-16T01:19:25.623+0000] {dag.py:3047} INFO - Sync 1 DAGs
[2024-05-16T01:19:25.660+0000] {logging_mixin.py:188} INFO - [2024-05-16T01:19:25.659+0000] {dag.py:3834} INFO - Setting next_dagrun for example_weekday_branch_operator to 2024-05-15 00:00:00+00:00, run_after=2024-05-16 00:00:00+00:00
[2024-05-16T01:19:25.696+0000] {processor.py:183} INFO - Processing /home/airflow/.local/lib/python3.8/site-packages/airflow/example_dags/example_branch_day_of_week_operator.py took 0.134 seconds
[2024-05-16T01:19:56.329+0000] {processor.py:161} INFO - Started process (PID=2598) to work on /home/airflow/.local/lib/python3.8/site-packages/airflow/example_dags/example_branch_day_of_week_operator.py
[2024-05-16T01:19:56.331+0000] {processor.py:830} INFO - Processing file /home/airflow/.local/lib/python3.8/site-packages/airflow/example_dags/example_branch_day_of_week_operator.py for tasks to queue
[2024-05-16T01:19:56.334+0000] {logging_mixin.py:188} INFO - [2024-05-16T01:19:56.334+0000] {dagbag.py:540} INFO - Filling up the DagBag from /home/airflow/.local/lib/python3.8/site-packages/airflow/example_dags/example_branch_day_of_week_operator.py
[2024-05-16T01:19:56.345+0000] {processor.py:840} INFO - DAG(s) 'example_weekday_branch_operator' retrieved from /home/airflow/.local/lib/python3.8/site-packages/airflow/example_dags/example_branch_day_of_week_operator.py
[2024-05-16T01:19:56.373+0000] {logging_mixin.py:188} INFO - [2024-05-16T01:19:56.372+0000] {dag.py:3047} INFO - Sync 1 DAGs
[2024-05-16T01:19:56.403+0000] {logging_mixin.py:188} INFO - [2024-05-16T01:19:56.403+0000] {dag.py:3834} INFO - Setting next_dagrun for example_weekday_branch_operator to 2024-05-15 00:00:00+00:00, run_after=2024-05-16 00:00:00+00:00
[2024-05-16T01:19:56.428+0000] {processor.py:183} INFO - Processing /home/airflow/.local/lib/python3.8/site-packages/airflow/example_dags/example_branch_day_of_week_operator.py took 0.103 seconds
[2024-05-16T01:20:27.027+0000] {processor.py:161} INFO - Started process (PID=2657) to work on /home/airflow/.local/lib/python3.8/site-packages/airflow/example_dags/example_branch_day_of_week_operator.py
[2024-05-16T01:20:27.029+0000] {processor.py:830} INFO - Processing file /home/airflow/.local/lib/python3.8/site-packages/airflow/example_dags/example_branch_day_of_week_operator.py for tasks to queue
[2024-05-16T01:20:27.032+0000] {logging_mixin.py:188} INFO - [2024-05-16T01:20:27.032+0000] {dagbag.py:540} INFO - Filling up the DagBag from /home/airflow/.local/lib/python3.8/site-packages/airflow/example_dags/example_branch_day_of_week_operator.py
[2024-05-16T01:20:27.045+0000] {processor.py:840} INFO - DAG(s) 'example_weekday_branch_operator' retrieved from /home/airflow/.local/lib/python3.8/site-packages/airflow/example_dags/example_branch_day_of_week_operator.py
[2024-05-16T01:20:27.077+0000] {logging_mixin.py:188} INFO - [2024-05-16T01:20:27.076+0000] {dag.py:3047} INFO - Sync 1 DAGs
[2024-05-16T01:20:27.106+0000] {logging_mixin.py:188} INFO - [2024-05-16T01:20:27.106+0000] {dag.py:3834} INFO - Setting next_dagrun for example_weekday_branch_operator to 2024-05-15 00:00:00+00:00, run_after=2024-05-16 00:00:00+00:00
[2024-05-16T01:20:27.137+0000] {processor.py:183} INFO - Processing /home/airflow/.local/lib/python3.8/site-packages/airflow/example_dags/example_branch_day_of_week_operator.py took 0.115 seconds
[2024-05-16T01:20:58.619+0000] {processor.py:161} INFO - Started process (PID=2716) to work on /home/airflow/.local/lib/python3.8/site-packages/airflow/example_dags/example_branch_day_of_week_operator.py
[2024-05-16T01:20:58.621+0000] {processor.py:830} INFO - Processing file /home/airflow/.local/lib/python3.8/site-packages/airflow/example_dags/example_branch_day_of_week_operator.py for tasks to queue
[2024-05-16T01:20:58.624+0000] {logging_mixin.py:188} INFO - [2024-05-16T01:20:58.623+0000] {dagbag.py:540} INFO - Filling up the DagBag from /home/airflow/.local/lib/python3.8/site-packages/airflow/example_dags/example_branch_day_of_week_operator.py
[2024-05-16T01:20:58.636+0000] {processor.py:840} INFO - DAG(s) 'example_weekday_branch_operator' retrieved from /home/airflow/.local/lib/python3.8/site-packages/airflow/example_dags/example_branch_day_of_week_operator.py
[2024-05-16T01:20:58.665+0000] {logging_mixin.py:188} INFO - [2024-05-16T01:20:58.664+0000] {dag.py:3047} INFO - Sync 1 DAGs
[2024-05-16T01:20:58.695+0000] {logging_mixin.py:188} INFO - [2024-05-16T01:20:58.695+0000] {dag.py:3834} INFO - Setting next_dagrun for example_weekday_branch_operator to 2024-05-15 00:00:00+00:00, run_after=2024-05-16 00:00:00+00:00
[2024-05-16T01:20:58.723+0000] {processor.py:183} INFO - Processing /home/airflow/.local/lib/python3.8/site-packages/airflow/example_dags/example_branch_day_of_week_operator.py took 0.108 seconds
[2024-05-16T01:21:28.864+0000] {processor.py:161} INFO - Started process (PID=2775) to work on /home/airflow/.local/lib/python3.8/site-packages/airflow/example_dags/example_branch_day_of_week_operator.py
[2024-05-16T01:21:28.867+0000] {processor.py:830} INFO - Processing file /home/airflow/.local/lib/python3.8/site-packages/airflow/example_dags/example_branch_day_of_week_operator.py for tasks to queue
[2024-05-16T01:21:28.871+0000] {logging_mixin.py:188} INFO - [2024-05-16T01:21:28.870+0000] {dagbag.py:540} INFO - Filling up the DagBag from /home/airflow/.local/lib/python3.8/site-packages/airflow/example_dags/example_branch_day_of_week_operator.py
[2024-05-16T01:21:28.886+0000] {processor.py:840} INFO - DAG(s) 'example_weekday_branch_operator' retrieved from /home/airflow/.local/lib/python3.8/site-packages/airflow/example_dags/example_branch_day_of_week_operator.py
[2024-05-16T01:21:28.921+0000] {logging_mixin.py:188} INFO - [2024-05-16T01:21:28.921+0000] {dag.py:3047} INFO - Sync 1 DAGs
[2024-05-16T01:21:28.960+0000] {logging_mixin.py:188} INFO - [2024-05-16T01:21:28.960+0000] {dag.py:3834} INFO - Setting next_dagrun for example_weekday_branch_operator to 2024-05-15 00:00:00+00:00, run_after=2024-05-16 00:00:00+00:00
[2024-05-16T01:21:28.996+0000] {processor.py:183} INFO - Processing /home/airflow/.local/lib/python3.8/site-packages/airflow/example_dags/example_branch_day_of_week_operator.py took 0.138 seconds
[2024-05-16T01:22:00.113+0000] {processor.py:161} INFO - Started process (PID=2834) to work on /home/airflow/.local/lib/python3.8/site-packages/airflow/example_dags/example_branch_day_of_week_operator.py
[2024-05-16T01:22:00.116+0000] {processor.py:830} INFO - Processing file /home/airflow/.local/lib/python3.8/site-packages/airflow/example_dags/example_branch_day_of_week_operator.py for tasks to queue
[2024-05-16T01:22:00.119+0000] {logging_mixin.py:188} INFO - [2024-05-16T01:22:00.119+0000] {dagbag.py:540} INFO - Filling up the DagBag from /home/airflow/.local/lib/python3.8/site-packages/airflow/example_dags/example_branch_day_of_week_operator.py
[2024-05-16T01:22:00.131+0000] {processor.py:840} INFO - DAG(s) 'example_weekday_branch_operator' retrieved from /home/airflow/.local/lib/python3.8/site-packages/airflow/example_dags/example_branch_day_of_week_operator.py
[2024-05-16T01:22:00.163+0000] {logging_mixin.py:188} INFO - [2024-05-16T01:22:00.163+0000] {dag.py:3047} INFO - Sync 1 DAGs
[2024-05-16T01:22:00.202+0000] {logging_mixin.py:188} INFO - [2024-05-16T01:22:00.201+0000] {dag.py:3834} INFO - Setting next_dagrun for example_weekday_branch_operator to 2024-05-15 00:00:00+00:00, run_after=2024-05-16 00:00:00+00:00
[2024-05-16T01:22:00.241+0000] {processor.py:183} INFO - Processing /home/airflow/.local/lib/python3.8/site-packages/airflow/example_dags/example_branch_day_of_week_operator.py took 0.133 seconds
[2024-05-16T01:22:31.069+0000] {processor.py:161} INFO - Started process (PID=2893) to work on /home/airflow/.local/lib/python3.8/site-packages/airflow/example_dags/example_branch_day_of_week_operator.py
[2024-05-16T01:22:31.072+0000] {processor.py:830} INFO - Processing file /home/airflow/.local/lib/python3.8/site-packages/airflow/example_dags/example_branch_day_of_week_operator.py for tasks to queue
[2024-05-16T01:22:31.076+0000] {logging_mixin.py:188} INFO - [2024-05-16T01:22:31.075+0000] {dagbag.py:540} INFO - Filling up the DagBag from /home/airflow/.local/lib/python3.8/site-packages/airflow/example_dags/example_branch_day_of_week_operator.py
[2024-05-16T01:22:31.093+0000] {processor.py:840} INFO - DAG(s) 'example_weekday_branch_operator' retrieved from /home/airflow/.local/lib/python3.8/site-packages/airflow/example_dags/example_branch_day_of_week_operator.py
[2024-05-16T01:22:31.134+0000] {logging_mixin.py:188} INFO - [2024-05-16T01:22:31.133+0000] {dag.py:3047} INFO - Sync 1 DAGs
[2024-05-16T01:22:31.179+0000] {logging_mixin.py:188} INFO - [2024-05-16T01:22:31.179+0000] {dag.py:3834} INFO - Setting next_dagrun for example_weekday_branch_operator to 2024-05-15 00:00:00+00:00, run_after=2024-05-16 00:00:00+00:00
[2024-05-16T01:22:31.220+0000] {processor.py:183} INFO - Processing /home/airflow/.local/lib/python3.8/site-packages/airflow/example_dags/example_branch_day_of_week_operator.py took 0.157 seconds
[2024-05-16T01:23:01.965+0000] {processor.py:161} INFO - Started process (PID=2952) to work on /home/airflow/.local/lib/python3.8/site-packages/airflow/example_dags/example_branch_day_of_week_operator.py
[2024-05-16T01:23:01.967+0000] {processor.py:830} INFO - Processing file /home/airflow/.local/lib/python3.8/site-packages/airflow/example_dags/example_branch_day_of_week_operator.py for tasks to queue
[2024-05-16T01:23:01.970+0000] {logging_mixin.py:188} INFO - [2024-05-16T01:23:01.970+0000] {dagbag.py:540} INFO - Filling up the DagBag from /home/airflow/.local/lib/python3.8/site-packages/airflow/example_dags/example_branch_day_of_week_operator.py
[2024-05-16T01:23:01.981+0000] {processor.py:840} INFO - DAG(s) 'example_weekday_branch_operator' retrieved from /home/airflow/.local/lib/python3.8/site-packages/airflow/example_dags/example_branch_day_of_week_operator.py
[2024-05-16T01:23:02.017+0000] {logging_mixin.py:188} INFO - [2024-05-16T01:23:02.016+0000] {dag.py:3047} INFO - Sync 1 DAGs
[2024-05-16T01:23:02.050+0000] {logging_mixin.py:188} INFO - [2024-05-16T01:23:02.049+0000] {dag.py:3834} INFO - Setting next_dagrun for example_weekday_branch_operator to 2024-05-15 00:00:00+00:00, run_after=2024-05-16 00:00:00+00:00
[2024-05-16T01:23:02.086+0000] {processor.py:183} INFO - Processing /home/airflow/.local/lib/python3.8/site-packages/airflow/example_dags/example_branch_day_of_week_operator.py took 0.126 seconds
