[2024-05-16T00:57:57.851+0000] {processor.py:161} INFO - Started process (PID=72) to work on /home/airflow/.local/lib/python3.8/site-packages/airflow/example_dags/example_sensors.py
[2024-05-16T00:57:57.853+0000] {processor.py:830} INFO - Processing file /home/airflow/.local/lib/python3.8/site-packages/airflow/example_dags/example_sensors.py for tasks to queue
[2024-05-16T00:57:57.856+0000] {logging_mixin.py:188} INFO - [2024-05-16T00:57:57.855+0000] {dagbag.py:540} INFO - Filling up the DagBag from /home/airflow/.local/lib/python3.8/site-packages/airflow/example_dags/example_sensors.py
[2024-05-16T00:57:57.867+0000] {processor.py:840} INFO - DAG(s) 'example_sensors' retrieved from /home/airflow/.local/lib/python3.8/site-packages/airflow/example_dags/example_sensors.py
[2024-05-16T00:57:57.896+0000] {logging_mixin.py:188} INFO - [2024-05-16T00:57:57.896+0000] {dag.py:3047} INFO - Sync 1 DAGs
[2024-05-16T00:57:57.910+0000] {logging_mixin.py:188} INFO - [2024-05-16T00:57:57.910+0000] {dag.py:3834} INFO - Setting next_dagrun for example_sensors to None, run_after=None
[2024-05-16T00:57:57.934+0000] {processor.py:183} INFO - Processing /home/airflow/.local/lib/python3.8/site-packages/airflow/example_dags/example_sensors.py took 0.088 seconds
[2024-05-16T00:58:29.401+0000] {processor.py:161} INFO - Started process (PID=131) to work on /home/airflow/.local/lib/python3.8/site-packages/airflow/example_dags/example_sensors.py
[2024-05-16T00:58:29.404+0000] {processor.py:830} INFO - Processing file /home/airflow/.local/lib/python3.8/site-packages/airflow/example_dags/example_sensors.py for tasks to queue
[2024-05-16T00:58:29.408+0000] {logging_mixin.py:188} INFO - [2024-05-16T00:58:29.407+0000] {dagbag.py:540} INFO - Filling up the DagBag from /home/airflow/.local/lib/python3.8/site-packages/airflow/example_dags/example_sensors.py
[2024-05-16T00:58:29.423+0000] {processor.py:840} INFO - DAG(s) 'example_sensors' retrieved from /home/airflow/.local/lib/python3.8/site-packages/airflow/example_dags/example_sensors.py
[2024-05-16T00:58:29.463+0000] {logging_mixin.py:188} INFO - [2024-05-16T00:58:29.463+0000] {dag.py:3047} INFO - Sync 1 DAGs
[2024-05-16T00:58:29.493+0000] {logging_mixin.py:188} INFO - [2024-05-16T00:58:29.492+0000] {dag.py:3834} INFO - Setting next_dagrun for example_sensors to None, run_after=None
[2024-05-16T00:58:29.528+0000] {processor.py:183} INFO - Processing /home/airflow/.local/lib/python3.8/site-packages/airflow/example_dags/example_sensors.py took 0.132 seconds
[2024-05-16T00:58:59.658+0000] {processor.py:161} INFO - Started process (PID=190) to work on /home/airflow/.local/lib/python3.8/site-packages/airflow/example_dags/example_sensors.py
[2024-05-16T00:58:59.659+0000] {processor.py:830} INFO - Processing file /home/airflow/.local/lib/python3.8/site-packages/airflow/example_dags/example_sensors.py for tasks to queue
[2024-05-16T00:58:59.661+0000] {logging_mixin.py:188} INFO - [2024-05-16T00:58:59.660+0000] {dagbag.py:540} INFO - Filling up the DagBag from /home/airflow/.local/lib/python3.8/site-packages/airflow/example_dags/example_sensors.py
[2024-05-16T00:58:59.667+0000] {processor.py:840} INFO - DAG(s) 'example_sensors' retrieved from /home/airflow/.local/lib/python3.8/site-packages/airflow/example_dags/example_sensors.py
[2024-05-16T00:58:59.687+0000] {logging_mixin.py:188} INFO - [2024-05-16T00:58:59.687+0000] {dag.py:3047} INFO - Sync 1 DAGs
[2024-05-16T00:58:59.696+0000] {logging_mixin.py:188} INFO - [2024-05-16T00:58:59.696+0000] {dag.py:3834} INFO - Setting next_dagrun for example_sensors to None, run_after=None
[2024-05-16T00:58:59.711+0000] {processor.py:183} INFO - Processing /home/airflow/.local/lib/python3.8/site-packages/airflow/example_dags/example_sensors.py took 0.056 seconds
[2024-05-16T00:59:30.109+0000] {processor.py:161} INFO - Started process (PID=249) to work on /home/airflow/.local/lib/python3.8/site-packages/airflow/example_dags/example_sensors.py
[2024-05-16T00:59:30.111+0000] {processor.py:830} INFO - Processing file /home/airflow/.local/lib/python3.8/site-packages/airflow/example_dags/example_sensors.py for tasks to queue
[2024-05-16T00:59:30.114+0000] {logging_mixin.py:188} INFO - [2024-05-16T00:59:30.113+0000] {dagbag.py:540} INFO - Filling up the DagBag from /home/airflow/.local/lib/python3.8/site-packages/airflow/example_dags/example_sensors.py
[2024-05-16T00:59:30.124+0000] {processor.py:840} INFO - DAG(s) 'example_sensors' retrieved from /home/airflow/.local/lib/python3.8/site-packages/airflow/example_dags/example_sensors.py
[2024-05-16T00:59:30.157+0000] {logging_mixin.py:188} INFO - [2024-05-16T00:59:30.156+0000] {dag.py:3047} INFO - Sync 1 DAGs
[2024-05-16T00:59:30.171+0000] {logging_mixin.py:188} INFO - [2024-05-16T00:59:30.170+0000] {dag.py:3834} INFO - Setting next_dagrun for example_sensors to None, run_after=None
[2024-05-16T00:59:30.197+0000] {processor.py:183} INFO - Processing /home/airflow/.local/lib/python3.8/site-packages/airflow/example_dags/example_sensors.py took 0.092 seconds
[2024-05-16T01:00:00.585+0000] {processor.py:161} INFO - Started process (PID=308) to work on /home/airflow/.local/lib/python3.8/site-packages/airflow/example_dags/example_sensors.py
[2024-05-16T01:00:00.587+0000] {processor.py:830} INFO - Processing file /home/airflow/.local/lib/python3.8/site-packages/airflow/example_dags/example_sensors.py for tasks to queue
[2024-05-16T01:00:00.590+0000] {logging_mixin.py:188} INFO - [2024-05-16T01:00:00.589+0000] {dagbag.py:540} INFO - Filling up the DagBag from /home/airflow/.local/lib/python3.8/site-packages/airflow/example_dags/example_sensors.py
[2024-05-16T01:00:00.603+0000] {processor.py:840} INFO - DAG(s) 'example_sensors' retrieved from /home/airflow/.local/lib/python3.8/site-packages/airflow/example_dags/example_sensors.py
[2024-05-16T01:00:00.638+0000] {logging_mixin.py:188} INFO - [2024-05-16T01:00:00.637+0000] {dag.py:3047} INFO - Sync 1 DAGs
[2024-05-16T01:00:00.655+0000] {logging_mixin.py:188} INFO - [2024-05-16T01:00:00.655+0000] {dag.py:3834} INFO - Setting next_dagrun for example_sensors to None, run_after=None
[2024-05-16T01:00:00.692+0000] {processor.py:183} INFO - Processing /home/airflow/.local/lib/python3.8/site-packages/airflow/example_dags/example_sensors.py took 0.111 seconds
[2024-05-16T01:00:31.510+0000] {processor.py:161} INFO - Started process (PID=367) to work on /home/airflow/.local/lib/python3.8/site-packages/airflow/example_dags/example_sensors.py
[2024-05-16T01:00:31.513+0000] {processor.py:830} INFO - Processing file /home/airflow/.local/lib/python3.8/site-packages/airflow/example_dags/example_sensors.py for tasks to queue
[2024-05-16T01:00:31.515+0000] {logging_mixin.py:188} INFO - [2024-05-16T01:00:31.515+0000] {dagbag.py:540} INFO - Filling up the DagBag from /home/airflow/.local/lib/python3.8/site-packages/airflow/example_dags/example_sensors.py
[2024-05-16T01:00:31.526+0000] {processor.py:840} INFO - DAG(s) 'example_sensors' retrieved from /home/airflow/.local/lib/python3.8/site-packages/airflow/example_dags/example_sensors.py
[2024-05-16T01:00:31.551+0000] {logging_mixin.py:188} INFO - [2024-05-16T01:00:31.550+0000] {dag.py:3047} INFO - Sync 1 DAGs
[2024-05-16T01:00:31.562+0000] {logging_mixin.py:188} INFO - [2024-05-16T01:00:31.562+0000] {dag.py:3834} INFO - Setting next_dagrun for example_sensors to None, run_after=None
[2024-05-16T01:00:31.585+0000] {processor.py:183} INFO - Processing /home/airflow/.local/lib/python3.8/site-packages/airflow/example_dags/example_sensors.py took 0.077 seconds
[2024-05-16T01:01:02.582+0000] {processor.py:161} INFO - Started process (PID=426) to work on /home/airflow/.local/lib/python3.8/site-packages/airflow/example_dags/example_sensors.py
[2024-05-16T01:01:02.584+0000] {processor.py:830} INFO - Processing file /home/airflow/.local/lib/python3.8/site-packages/airflow/example_dags/example_sensors.py for tasks to queue
[2024-05-16T01:01:02.587+0000] {logging_mixin.py:188} INFO - [2024-05-16T01:01:02.586+0000] {dagbag.py:540} INFO - Filling up the DagBag from /home/airflow/.local/lib/python3.8/site-packages/airflow/example_dags/example_sensors.py
[2024-05-16T01:01:02.599+0000] {processor.py:840} INFO - DAG(s) 'example_sensors' retrieved from /home/airflow/.local/lib/python3.8/site-packages/airflow/example_dags/example_sensors.py
[2024-05-16T01:01:02.632+0000] {logging_mixin.py:188} INFO - [2024-05-16T01:01:02.632+0000] {dag.py:3047} INFO - Sync 1 DAGs
[2024-05-16T01:01:02.649+0000] {logging_mixin.py:188} INFO - [2024-05-16T01:01:02.648+0000] {dag.py:3834} INFO - Setting next_dagrun for example_sensors to None, run_after=None
[2024-05-16T01:01:02.678+0000] {processor.py:183} INFO - Processing /home/airflow/.local/lib/python3.8/site-packages/airflow/example_dags/example_sensors.py took 0.100 seconds
[2024-05-16T01:01:34.044+0000] {processor.py:161} INFO - Started process (PID=485) to work on /home/airflow/.local/lib/python3.8/site-packages/airflow/example_dags/example_sensors.py
[2024-05-16T01:01:34.046+0000] {processor.py:830} INFO - Processing file /home/airflow/.local/lib/python3.8/site-packages/airflow/example_dags/example_sensors.py for tasks to queue
[2024-05-16T01:01:34.049+0000] {logging_mixin.py:188} INFO - [2024-05-16T01:01:34.049+0000] {dagbag.py:540} INFO - Filling up the DagBag from /home/airflow/.local/lib/python3.8/site-packages/airflow/example_dags/example_sensors.py
[2024-05-16T01:01:34.060+0000] {processor.py:840} INFO - DAG(s) 'example_sensors' retrieved from /home/airflow/.local/lib/python3.8/site-packages/airflow/example_dags/example_sensors.py
[2024-05-16T01:01:34.095+0000] {logging_mixin.py:188} INFO - [2024-05-16T01:01:34.094+0000] {dag.py:3047} INFO - Sync 1 DAGs
[2024-05-16T01:01:34.122+0000] {logging_mixin.py:188} INFO - [2024-05-16T01:01:34.121+0000] {dag.py:3834} INFO - Setting next_dagrun for example_sensors to None, run_after=None
[2024-05-16T01:01:34.152+0000] {processor.py:183} INFO - Processing /home/airflow/.local/lib/python3.8/site-packages/airflow/example_dags/example_sensors.py took 0.112 seconds
[2024-05-16T01:02:04.533+0000] {processor.py:161} INFO - Started process (PID=543) to work on /home/airflow/.local/lib/python3.8/site-packages/airflow/example_dags/example_sensors.py
[2024-05-16T01:02:04.534+0000] {processor.py:830} INFO - Processing file /home/airflow/.local/lib/python3.8/site-packages/airflow/example_dags/example_sensors.py for tasks to queue
[2024-05-16T01:02:04.537+0000] {logging_mixin.py:188} INFO - [2024-05-16T01:02:04.537+0000] {dagbag.py:540} INFO - Filling up the DagBag from /home/airflow/.local/lib/python3.8/site-packages/airflow/example_dags/example_sensors.py
[2024-05-16T01:02:04.550+0000] {processor.py:840} INFO - DAG(s) 'example_sensors' retrieved from /home/airflow/.local/lib/python3.8/site-packages/airflow/example_dags/example_sensors.py
[2024-05-16T01:02:04.591+0000] {logging_mixin.py:188} INFO - [2024-05-16T01:02:04.591+0000] {dag.py:3047} INFO - Sync 1 DAGs
[2024-05-16T01:02:04.606+0000] {logging_mixin.py:188} INFO - [2024-05-16T01:02:04.606+0000] {dag.py:3834} INFO - Setting next_dagrun for example_sensors to None, run_after=None
[2024-05-16T01:02:04.633+0000] {processor.py:183} INFO - Processing /home/airflow/.local/lib/python3.8/site-packages/airflow/example_dags/example_sensors.py took 0.104 seconds
[2024-05-16T01:02:35.302+0000] {processor.py:161} INFO - Started process (PID=602) to work on /home/airflow/.local/lib/python3.8/site-packages/airflow/example_dags/example_sensors.py
[2024-05-16T01:02:35.304+0000] {processor.py:830} INFO - Processing file /home/airflow/.local/lib/python3.8/site-packages/airflow/example_dags/example_sensors.py for tasks to queue
[2024-05-16T01:02:35.307+0000] {logging_mixin.py:188} INFO - [2024-05-16T01:02:35.307+0000] {dagbag.py:540} INFO - Filling up the DagBag from /home/airflow/.local/lib/python3.8/site-packages/airflow/example_dags/example_sensors.py
[2024-05-16T01:02:35.317+0000] {processor.py:840} INFO - DAG(s) 'example_sensors' retrieved from /home/airflow/.local/lib/python3.8/site-packages/airflow/example_dags/example_sensors.py
[2024-05-16T01:02:35.344+0000] {logging_mixin.py:188} INFO - [2024-05-16T01:02:35.344+0000] {dag.py:3047} INFO - Sync 1 DAGs
[2024-05-16T01:02:35.355+0000] {logging_mixin.py:188} INFO - [2024-05-16T01:02:35.355+0000] {dag.py:3834} INFO - Setting next_dagrun for example_sensors to None, run_after=None
[2024-05-16T01:02:35.383+0000] {processor.py:183} INFO - Processing /home/airflow/.local/lib/python3.8/site-packages/airflow/example_dags/example_sensors.py took 0.085 seconds
[2024-05-16T01:03:05.775+0000] {processor.py:161} INFO - Started process (PID=660) to work on /home/airflow/.local/lib/python3.8/site-packages/airflow/example_dags/example_sensors.py
[2024-05-16T01:03:05.778+0000] {processor.py:830} INFO - Processing file /home/airflow/.local/lib/python3.8/site-packages/airflow/example_dags/example_sensors.py for tasks to queue
[2024-05-16T01:03:05.780+0000] {logging_mixin.py:188} INFO - [2024-05-16T01:03:05.780+0000] {dagbag.py:540} INFO - Filling up the DagBag from /home/airflow/.local/lib/python3.8/site-packages/airflow/example_dags/example_sensors.py
[2024-05-16T01:03:05.790+0000] {processor.py:840} INFO - DAG(s) 'example_sensors' retrieved from /home/airflow/.local/lib/python3.8/site-packages/airflow/example_dags/example_sensors.py
[2024-05-16T01:03:05.825+0000] {logging_mixin.py:188} INFO - [2024-05-16T01:03:05.824+0000] {dag.py:3047} INFO - Sync 1 DAGs
[2024-05-16T01:03:05.839+0000] {logging_mixin.py:188} INFO - [2024-05-16T01:03:05.839+0000] {dag.py:3834} INFO - Setting next_dagrun for example_sensors to None, run_after=None
[2024-05-16T01:03:05.891+0000] {processor.py:183} INFO - Processing /home/airflow/.local/lib/python3.8/site-packages/airflow/example_dags/example_sensors.py took 0.118 seconds
[2024-05-16T01:03:36.527+0000] {processor.py:161} INFO - Started process (PID=719) to work on /home/airflow/.local/lib/python3.8/site-packages/airflow/example_dags/example_sensors.py
[2024-05-16T01:03:36.529+0000] {processor.py:830} INFO - Processing file /home/airflow/.local/lib/python3.8/site-packages/airflow/example_dags/example_sensors.py for tasks to queue
[2024-05-16T01:03:36.530+0000] {logging_mixin.py:188} INFO - [2024-05-16T01:03:36.530+0000] {dagbag.py:540} INFO - Filling up the DagBag from /home/airflow/.local/lib/python3.8/site-packages/airflow/example_dags/example_sensors.py
[2024-05-16T01:03:36.538+0000] {processor.py:840} INFO - DAG(s) 'example_sensors' retrieved from /home/airflow/.local/lib/python3.8/site-packages/airflow/example_dags/example_sensors.py
[2024-05-16T01:03:36.561+0000] {logging_mixin.py:188} INFO - [2024-05-16T01:03:36.560+0000] {dag.py:3047} INFO - Sync 1 DAGs
[2024-05-16T01:03:36.577+0000] {logging_mixin.py:188} INFO - [2024-05-16T01:03:36.577+0000] {dag.py:3834} INFO - Setting next_dagrun for example_sensors to None, run_after=None
[2024-05-16T01:03:36.599+0000] {processor.py:183} INFO - Processing /home/airflow/.local/lib/python3.8/site-packages/airflow/example_dags/example_sensors.py took 0.074 seconds
[2024-05-16T01:04:07.570+0000] {processor.py:161} INFO - Started process (PID=778) to work on /home/airflow/.local/lib/python3.8/site-packages/airflow/example_dags/example_sensors.py
[2024-05-16T01:04:07.572+0000] {processor.py:830} INFO - Processing file /home/airflow/.local/lib/python3.8/site-packages/airflow/example_dags/example_sensors.py for tasks to queue
[2024-05-16T01:04:07.573+0000] {logging_mixin.py:188} INFO - [2024-05-16T01:04:07.573+0000] {dagbag.py:540} INFO - Filling up the DagBag from /home/airflow/.local/lib/python3.8/site-packages/airflow/example_dags/example_sensors.py
[2024-05-16T01:04:07.582+0000] {processor.py:840} INFO - DAG(s) 'example_sensors' retrieved from /home/airflow/.local/lib/python3.8/site-packages/airflow/example_dags/example_sensors.py
[2024-05-16T01:04:07.615+0000] {logging_mixin.py:188} INFO - [2024-05-16T01:04:07.614+0000] {dag.py:3047} INFO - Sync 1 DAGs
[2024-05-16T01:04:07.629+0000] {logging_mixin.py:188} INFO - [2024-05-16T01:04:07.628+0000] {dag.py:3834} INFO - Setting next_dagrun for example_sensors to None, run_after=None
[2024-05-16T01:04:07.654+0000] {processor.py:183} INFO - Processing /home/airflow/.local/lib/python3.8/site-packages/airflow/example_dags/example_sensors.py took 0.088 seconds
[2024-05-16T01:04:38.755+0000] {processor.py:161} INFO - Started process (PID=837) to work on /home/airflow/.local/lib/python3.8/site-packages/airflow/example_dags/example_sensors.py
[2024-05-16T01:04:38.756+0000] {processor.py:830} INFO - Processing file /home/airflow/.local/lib/python3.8/site-packages/airflow/example_dags/example_sensors.py for tasks to queue
[2024-05-16T01:04:38.759+0000] {logging_mixin.py:188} INFO - [2024-05-16T01:04:38.759+0000] {dagbag.py:540} INFO - Filling up the DagBag from /home/airflow/.local/lib/python3.8/site-packages/airflow/example_dags/example_sensors.py
[2024-05-16T01:04:38.769+0000] {processor.py:840} INFO - DAG(s) 'example_sensors' retrieved from /home/airflow/.local/lib/python3.8/site-packages/airflow/example_dags/example_sensors.py
[2024-05-16T01:04:38.795+0000] {logging_mixin.py:188} INFO - [2024-05-16T01:04:38.795+0000] {dag.py:3047} INFO - Sync 1 DAGs
[2024-05-16T01:04:38.809+0000] {logging_mixin.py:188} INFO - [2024-05-16T01:04:38.809+0000] {dag.py:3834} INFO - Setting next_dagrun for example_sensors to None, run_after=None
[2024-05-16T01:04:38.834+0000] {processor.py:183} INFO - Processing /home/airflow/.local/lib/python3.8/site-packages/airflow/example_dags/example_sensors.py took 0.082 seconds
[2024-05-16T01:05:09.374+0000] {processor.py:161} INFO - Started process (PID=897) to work on /home/airflow/.local/lib/python3.8/site-packages/airflow/example_dags/example_sensors.py
[2024-05-16T01:05:09.377+0000] {processor.py:830} INFO - Processing file /home/airflow/.local/lib/python3.8/site-packages/airflow/example_dags/example_sensors.py for tasks to queue
[2024-05-16T01:05:09.379+0000] {logging_mixin.py:188} INFO - [2024-05-16T01:05:09.379+0000] {dagbag.py:540} INFO - Filling up the DagBag from /home/airflow/.local/lib/python3.8/site-packages/airflow/example_dags/example_sensors.py
[2024-05-16T01:05:09.399+0000] {processor.py:840} INFO - DAG(s) 'example_sensors' retrieved from /home/airflow/.local/lib/python3.8/site-packages/airflow/example_dags/example_sensors.py
[2024-05-16T01:05:09.425+0000] {logging_mixin.py:188} INFO - [2024-05-16T01:05:09.425+0000] {dag.py:3047} INFO - Sync 1 DAGs
[2024-05-16T01:05:09.438+0000] {logging_mixin.py:188} INFO - [2024-05-16T01:05:09.438+0000] {dag.py:3834} INFO - Setting next_dagrun for example_sensors to None, run_after=None
[2024-05-16T01:05:09.465+0000] {processor.py:183} INFO - Processing /home/airflow/.local/lib/python3.8/site-packages/airflow/example_dags/example_sensors.py took 0.094 seconds
[2024-05-16T01:05:39.966+0000] {processor.py:161} INFO - Started process (PID=956) to work on /home/airflow/.local/lib/python3.8/site-packages/airflow/example_dags/example_sensors.py
[2024-05-16T01:05:39.967+0000] {processor.py:830} INFO - Processing file /home/airflow/.local/lib/python3.8/site-packages/airflow/example_dags/example_sensors.py for tasks to queue
[2024-05-16T01:05:39.969+0000] {logging_mixin.py:188} INFO - [2024-05-16T01:05:39.969+0000] {dagbag.py:540} INFO - Filling up the DagBag from /home/airflow/.local/lib/python3.8/site-packages/airflow/example_dags/example_sensors.py
[2024-05-16T01:05:39.976+0000] {processor.py:840} INFO - DAG(s) 'example_sensors' retrieved from /home/airflow/.local/lib/python3.8/site-packages/airflow/example_dags/example_sensors.py
[2024-05-16T01:05:39.999+0000] {logging_mixin.py:188} INFO - [2024-05-16T01:05:39.998+0000] {dag.py:3047} INFO - Sync 1 DAGs
[2024-05-16T01:05:40.009+0000] {logging_mixin.py:188} INFO - [2024-05-16T01:05:40.009+0000] {dag.py:3834} INFO - Setting next_dagrun for example_sensors to None, run_after=None
[2024-05-16T01:05:40.028+0000] {processor.py:183} INFO - Processing /home/airflow/.local/lib/python3.8/site-packages/airflow/example_dags/example_sensors.py took 0.064 seconds
[2024-05-16T01:06:10.849+0000] {processor.py:161} INFO - Started process (PID=1021) to work on /home/airflow/.local/lib/python3.8/site-packages/airflow/example_dags/example_sensors.py
[2024-05-16T01:06:10.850+0000] {processor.py:830} INFO - Processing file /home/airflow/.local/lib/python3.8/site-packages/airflow/example_dags/example_sensors.py for tasks to queue
[2024-05-16T01:06:10.853+0000] {logging_mixin.py:188} INFO - [2024-05-16T01:06:10.852+0000] {dagbag.py:540} INFO - Filling up the DagBag from /home/airflow/.local/lib/python3.8/site-packages/airflow/example_dags/example_sensors.py
[2024-05-16T01:06:10.862+0000] {processor.py:840} INFO - DAG(s) 'example_sensors' retrieved from /home/airflow/.local/lib/python3.8/site-packages/airflow/example_dags/example_sensors.py
[2024-05-16T01:06:10.885+0000] {logging_mixin.py:188} INFO - [2024-05-16T01:06:10.885+0000] {dag.py:3047} INFO - Sync 1 DAGs
[2024-05-16T01:06:10.898+0000] {logging_mixin.py:188} INFO - [2024-05-16T01:06:10.898+0000] {dag.py:3834} INFO - Setting next_dagrun for example_sensors to None, run_after=None
[2024-05-16T01:06:10.923+0000] {processor.py:183} INFO - Processing /home/airflow/.local/lib/python3.8/site-packages/airflow/example_dags/example_sensors.py took 0.076 seconds
[2024-05-16T01:06:41.136+0000] {processor.py:161} INFO - Started process (PID=1079) to work on /home/airflow/.local/lib/python3.8/site-packages/airflow/example_dags/example_sensors.py
[2024-05-16T01:06:41.137+0000] {processor.py:830} INFO - Processing file /home/airflow/.local/lib/python3.8/site-packages/airflow/example_dags/example_sensors.py for tasks to queue
[2024-05-16T01:06:41.140+0000] {logging_mixin.py:188} INFO - [2024-05-16T01:06:41.140+0000] {dagbag.py:540} INFO - Filling up the DagBag from /home/airflow/.local/lib/python3.8/site-packages/airflow/example_dags/example_sensors.py
[2024-05-16T01:06:41.150+0000] {processor.py:840} INFO - DAG(s) 'example_sensors' retrieved from /home/airflow/.local/lib/python3.8/site-packages/airflow/example_dags/example_sensors.py
[2024-05-16T01:06:41.179+0000] {logging_mixin.py:188} INFO - [2024-05-16T01:06:41.179+0000] {dag.py:3047} INFO - Sync 1 DAGs
[2024-05-16T01:06:41.195+0000] {logging_mixin.py:188} INFO - [2024-05-16T01:06:41.195+0000] {dag.py:3834} INFO - Setting next_dagrun for example_sensors to None, run_after=None
[2024-05-16T01:06:41.221+0000] {processor.py:183} INFO - Processing /home/airflow/.local/lib/python3.8/site-packages/airflow/example_dags/example_sensors.py took 0.089 seconds
[2024-05-16T01:07:11.437+0000] {processor.py:161} INFO - Started process (PID=1137) to work on /home/airflow/.local/lib/python3.8/site-packages/airflow/example_dags/example_sensors.py
[2024-05-16T01:07:11.439+0000] {processor.py:830} INFO - Processing file /home/airflow/.local/lib/python3.8/site-packages/airflow/example_dags/example_sensors.py for tasks to queue
[2024-05-16T01:07:11.444+0000] {logging_mixin.py:188} INFO - [2024-05-16T01:07:11.443+0000] {dagbag.py:540} INFO - Filling up the DagBag from /home/airflow/.local/lib/python3.8/site-packages/airflow/example_dags/example_sensors.py
[2024-05-16T01:07:11.459+0000] {processor.py:840} INFO - DAG(s) 'example_sensors' retrieved from /home/airflow/.local/lib/python3.8/site-packages/airflow/example_dags/example_sensors.py
[2024-05-16T01:07:11.507+0000] {logging_mixin.py:188} INFO - [2024-05-16T01:07:11.506+0000] {dag.py:3047} INFO - Sync 1 DAGs
[2024-05-16T01:07:11.532+0000] {logging_mixin.py:188} INFO - [2024-05-16T01:07:11.532+0000] {dag.py:3834} INFO - Setting next_dagrun for example_sensors to None, run_after=None
[2024-05-16T01:07:11.572+0000] {processor.py:183} INFO - Processing /home/airflow/.local/lib/python3.8/site-packages/airflow/example_dags/example_sensors.py took 0.140 seconds
[2024-05-16T01:07:41.872+0000] {processor.py:161} INFO - Started process (PID=1195) to work on /home/airflow/.local/lib/python3.8/site-packages/airflow/example_dags/example_sensors.py
[2024-05-16T01:07:41.874+0000] {processor.py:830} INFO - Processing file /home/airflow/.local/lib/python3.8/site-packages/airflow/example_dags/example_sensors.py for tasks to queue
[2024-05-16T01:07:41.877+0000] {logging_mixin.py:188} INFO - [2024-05-16T01:07:41.876+0000] {dagbag.py:540} INFO - Filling up the DagBag from /home/airflow/.local/lib/python3.8/site-packages/airflow/example_dags/example_sensors.py
[2024-05-16T01:07:41.889+0000] {processor.py:840} INFO - DAG(s) 'example_sensors' retrieved from /home/airflow/.local/lib/python3.8/site-packages/airflow/example_dags/example_sensors.py
[2024-05-16T01:07:41.931+0000] {logging_mixin.py:188} INFO - [2024-05-16T01:07:41.931+0000] {dag.py:3047} INFO - Sync 1 DAGs
[2024-05-16T01:07:41.946+0000] {logging_mixin.py:188} INFO - [2024-05-16T01:07:41.946+0000] {dag.py:3834} INFO - Setting next_dagrun for example_sensors to None, run_after=None
[2024-05-16T01:07:41.983+0000] {processor.py:183} INFO - Processing /home/airflow/.local/lib/python3.8/site-packages/airflow/example_dags/example_sensors.py took 0.115 seconds
[2024-05-16T01:08:12.605+0000] {processor.py:161} INFO - Started process (PID=1254) to work on /home/airflow/.local/lib/python3.8/site-packages/airflow/example_dags/example_sensors.py
[2024-05-16T01:08:12.607+0000] {processor.py:830} INFO - Processing file /home/airflow/.local/lib/python3.8/site-packages/airflow/example_dags/example_sensors.py for tasks to queue
[2024-05-16T01:08:12.609+0000] {logging_mixin.py:188} INFO - [2024-05-16T01:08:12.609+0000] {dagbag.py:540} INFO - Filling up the DagBag from /home/airflow/.local/lib/python3.8/site-packages/airflow/example_dags/example_sensors.py
[2024-05-16T01:08:12.621+0000] {processor.py:840} INFO - DAG(s) 'example_sensors' retrieved from /home/airflow/.local/lib/python3.8/site-packages/airflow/example_dags/example_sensors.py
[2024-05-16T01:08:12.652+0000] {logging_mixin.py:188} INFO - [2024-05-16T01:08:12.652+0000] {dag.py:3047} INFO - Sync 1 DAGs
[2024-05-16T01:08:12.669+0000] {logging_mixin.py:188} INFO - [2024-05-16T01:08:12.669+0000] {dag.py:3834} INFO - Setting next_dagrun for example_sensors to None, run_after=None
[2024-05-16T01:08:12.704+0000] {processor.py:183} INFO - Processing /home/airflow/.local/lib/python3.8/site-packages/airflow/example_dags/example_sensors.py took 0.103 seconds
[2024-05-16T01:08:43.453+0000] {processor.py:161} INFO - Started process (PID=1313) to work on /home/airflow/.local/lib/python3.8/site-packages/airflow/example_dags/example_sensors.py
[2024-05-16T01:08:43.455+0000] {processor.py:830} INFO - Processing file /home/airflow/.local/lib/python3.8/site-packages/airflow/example_dags/example_sensors.py for tasks to queue
[2024-05-16T01:08:43.458+0000] {logging_mixin.py:188} INFO - [2024-05-16T01:08:43.457+0000] {dagbag.py:540} INFO - Filling up the DagBag from /home/airflow/.local/lib/python3.8/site-packages/airflow/example_dags/example_sensors.py
[2024-05-16T01:08:43.471+0000] {processor.py:840} INFO - DAG(s) 'example_sensors' retrieved from /home/airflow/.local/lib/python3.8/site-packages/airflow/example_dags/example_sensors.py
[2024-05-16T01:08:43.510+0000] {logging_mixin.py:188} INFO - [2024-05-16T01:08:43.510+0000] {dag.py:3047} INFO - Sync 1 DAGs
[2024-05-16T01:08:43.530+0000] {logging_mixin.py:188} INFO - [2024-05-16T01:08:43.530+0000] {dag.py:3834} INFO - Setting next_dagrun for example_sensors to None, run_after=None
[2024-05-16T01:08:43.567+0000] {processor.py:183} INFO - Processing /home/airflow/.local/lib/python3.8/site-packages/airflow/example_dags/example_sensors.py took 0.119 seconds
[2024-05-16T01:09:13.874+0000] {processor.py:161} INFO - Started process (PID=1372) to work on /home/airflow/.local/lib/python3.8/site-packages/airflow/example_dags/example_sensors.py
[2024-05-16T01:09:13.876+0000] {processor.py:830} INFO - Processing file /home/airflow/.local/lib/python3.8/site-packages/airflow/example_dags/example_sensors.py for tasks to queue
[2024-05-16T01:09:13.879+0000] {logging_mixin.py:188} INFO - [2024-05-16T01:09:13.878+0000] {dagbag.py:540} INFO - Filling up the DagBag from /home/airflow/.local/lib/python3.8/site-packages/airflow/example_dags/example_sensors.py
[2024-05-16T01:09:13.895+0000] {processor.py:840} INFO - DAG(s) 'example_sensors' retrieved from /home/airflow/.local/lib/python3.8/site-packages/airflow/example_dags/example_sensors.py
[2024-05-16T01:09:13.936+0000] {logging_mixin.py:188} INFO - [2024-05-16T01:09:13.936+0000] {dag.py:3047} INFO - Sync 1 DAGs
[2024-05-16T01:09:13.957+0000] {logging_mixin.py:188} INFO - [2024-05-16T01:09:13.957+0000] {dag.py:3834} INFO - Setting next_dagrun for example_sensors to None, run_after=None
[2024-05-16T01:09:13.998+0000] {processor.py:183} INFO - Processing /home/airflow/.local/lib/python3.8/site-packages/airflow/example_dags/example_sensors.py took 0.128 seconds
[2024-05-16T01:09:44.423+0000] {processor.py:161} INFO - Started process (PID=1431) to work on /home/airflow/.local/lib/python3.8/site-packages/airflow/example_dags/example_sensors.py
[2024-05-16T01:09:44.425+0000] {processor.py:830} INFO - Processing file /home/airflow/.local/lib/python3.8/site-packages/airflow/example_dags/example_sensors.py for tasks to queue
[2024-05-16T01:09:44.427+0000] {logging_mixin.py:188} INFO - [2024-05-16T01:09:44.427+0000] {dagbag.py:540} INFO - Filling up the DagBag from /home/airflow/.local/lib/python3.8/site-packages/airflow/example_dags/example_sensors.py
[2024-05-16T01:09:44.438+0000] {processor.py:840} INFO - DAG(s) 'example_sensors' retrieved from /home/airflow/.local/lib/python3.8/site-packages/airflow/example_dags/example_sensors.py
[2024-05-16T01:09:44.468+0000] {logging_mixin.py:188} INFO - [2024-05-16T01:09:44.467+0000] {dag.py:3047} INFO - Sync 1 DAGs
[2024-05-16T01:09:44.482+0000] {logging_mixin.py:188} INFO - [2024-05-16T01:09:44.482+0000] {dag.py:3834} INFO - Setting next_dagrun for example_sensors to None, run_after=None
[2024-05-16T01:09:44.508+0000] {processor.py:183} INFO - Processing /home/airflow/.local/lib/python3.8/site-packages/airflow/example_dags/example_sensors.py took 0.088 seconds
[2024-05-16T01:10:14.679+0000] {processor.py:161} INFO - Started process (PID=1490) to work on /home/airflow/.local/lib/python3.8/site-packages/airflow/example_dags/example_sensors.py
[2024-05-16T01:10:14.681+0000] {processor.py:830} INFO - Processing file /home/airflow/.local/lib/python3.8/site-packages/airflow/example_dags/example_sensors.py for tasks to queue
[2024-05-16T01:10:14.682+0000] {logging_mixin.py:188} INFO - [2024-05-16T01:10:14.682+0000] {dagbag.py:540} INFO - Filling up the DagBag from /home/airflow/.local/lib/python3.8/site-packages/airflow/example_dags/example_sensors.py
[2024-05-16T01:10:14.691+0000] {processor.py:840} INFO - DAG(s) 'example_sensors' retrieved from /home/airflow/.local/lib/python3.8/site-packages/airflow/example_dags/example_sensors.py
[2024-05-16T01:10:14.716+0000] {logging_mixin.py:188} INFO - [2024-05-16T01:10:14.716+0000] {dag.py:3047} INFO - Sync 1 DAGs
[2024-05-16T01:10:14.729+0000] {logging_mixin.py:188} INFO - [2024-05-16T01:10:14.728+0000] {dag.py:3834} INFO - Setting next_dagrun for example_sensors to None, run_after=None
[2024-05-16T01:10:14.748+0000] {processor.py:183} INFO - Processing /home/airflow/.local/lib/python3.8/site-packages/airflow/example_dags/example_sensors.py took 0.071 seconds
[2024-05-16T01:10:44.959+0000] {processor.py:161} INFO - Started process (PID=1549) to work on /home/airflow/.local/lib/python3.8/site-packages/airflow/example_dags/example_sensors.py
[2024-05-16T01:10:44.960+0000] {processor.py:830} INFO - Processing file /home/airflow/.local/lib/python3.8/site-packages/airflow/example_dags/example_sensors.py for tasks to queue
[2024-05-16T01:10:44.962+0000] {logging_mixin.py:188} INFO - [2024-05-16T01:10:44.962+0000] {dagbag.py:540} INFO - Filling up the DagBag from /home/airflow/.local/lib/python3.8/site-packages/airflow/example_dags/example_sensors.py
[2024-05-16T01:10:44.970+0000] {processor.py:840} INFO - DAG(s) 'example_sensors' retrieved from /home/airflow/.local/lib/python3.8/site-packages/airflow/example_dags/example_sensors.py
[2024-05-16T01:10:44.995+0000] {logging_mixin.py:188} INFO - [2024-05-16T01:10:44.995+0000] {dag.py:3047} INFO - Sync 1 DAGs
[2024-05-16T01:10:45.007+0000] {logging_mixin.py:188} INFO - [2024-05-16T01:10:45.007+0000] {dag.py:3834} INFO - Setting next_dagrun for example_sensors to None, run_after=None
[2024-05-16T01:10:45.029+0000] {processor.py:183} INFO - Processing /home/airflow/.local/lib/python3.8/site-packages/airflow/example_dags/example_sensors.py took 0.074 seconds
[2024-05-16T01:11:15.857+0000] {processor.py:161} INFO - Started process (PID=1608) to work on /home/airflow/.local/lib/python3.8/site-packages/airflow/example_dags/example_sensors.py
[2024-05-16T01:11:15.859+0000] {processor.py:830} INFO - Processing file /home/airflow/.local/lib/python3.8/site-packages/airflow/example_dags/example_sensors.py for tasks to queue
[2024-05-16T01:11:15.864+0000] {logging_mixin.py:188} INFO - [2024-05-16T01:11:15.863+0000] {dagbag.py:540} INFO - Filling up the DagBag from /home/airflow/.local/lib/python3.8/site-packages/airflow/example_dags/example_sensors.py
[2024-05-16T01:11:15.880+0000] {processor.py:840} INFO - DAG(s) 'example_sensors' retrieved from /home/airflow/.local/lib/python3.8/site-packages/airflow/example_dags/example_sensors.py
[2024-05-16T01:11:15.918+0000] {logging_mixin.py:188} INFO - [2024-05-16T01:11:15.918+0000] {dag.py:3047} INFO - Sync 1 DAGs
[2024-05-16T01:11:15.935+0000] {logging_mixin.py:188} INFO - [2024-05-16T01:11:15.934+0000] {dag.py:3834} INFO - Setting next_dagrun for example_sensors to None, run_after=None
[2024-05-16T01:11:15.963+0000] {processor.py:183} INFO - Processing /home/airflow/.local/lib/python3.8/site-packages/airflow/example_dags/example_sensors.py took 0.112 seconds
[2024-05-16T01:11:46.016+0000] {processor.py:161} INFO - Started process (PID=1667) to work on /home/airflow/.local/lib/python3.8/site-packages/airflow/example_dags/example_sensors.py
[2024-05-16T01:11:46.017+0000] {processor.py:830} INFO - Processing file /home/airflow/.local/lib/python3.8/site-packages/airflow/example_dags/example_sensors.py for tasks to queue
[2024-05-16T01:11:46.018+0000] {logging_mixin.py:188} INFO - [2024-05-16T01:11:46.018+0000] {dagbag.py:540} INFO - Filling up the DagBag from /home/airflow/.local/lib/python3.8/site-packages/airflow/example_dags/example_sensors.py
[2024-05-16T01:11:46.025+0000] {processor.py:840} INFO - DAG(s) 'example_sensors' retrieved from /home/airflow/.local/lib/python3.8/site-packages/airflow/example_dags/example_sensors.py
[2024-05-16T01:11:46.044+0000] {logging_mixin.py:188} INFO - [2024-05-16T01:11:46.044+0000] {dag.py:3047} INFO - Sync 1 DAGs
[2024-05-16T01:11:46.053+0000] {logging_mixin.py:188} INFO - [2024-05-16T01:11:46.053+0000] {dag.py:3834} INFO - Setting next_dagrun for example_sensors to None, run_after=None
[2024-05-16T01:11:46.074+0000] {processor.py:183} INFO - Processing /home/airflow/.local/lib/python3.8/site-packages/airflow/example_dags/example_sensors.py took 0.061 seconds
[2024-05-16T01:12:16.559+0000] {processor.py:161} INFO - Started process (PID=1726) to work on /home/airflow/.local/lib/python3.8/site-packages/airflow/example_dags/example_sensors.py
[2024-05-16T01:12:16.560+0000] {processor.py:830} INFO - Processing file /home/airflow/.local/lib/python3.8/site-packages/airflow/example_dags/example_sensors.py for tasks to queue
[2024-05-16T01:12:16.562+0000] {logging_mixin.py:188} INFO - [2024-05-16T01:12:16.562+0000] {dagbag.py:540} INFO - Filling up the DagBag from /home/airflow/.local/lib/python3.8/site-packages/airflow/example_dags/example_sensors.py
[2024-05-16T01:12:16.569+0000] {processor.py:840} INFO - DAG(s) 'example_sensors' retrieved from /home/airflow/.local/lib/python3.8/site-packages/airflow/example_dags/example_sensors.py
[2024-05-16T01:12:16.592+0000] {logging_mixin.py:188} INFO - [2024-05-16T01:12:16.592+0000] {dag.py:3047} INFO - Sync 1 DAGs
[2024-05-16T01:12:16.602+0000] {logging_mixin.py:188} INFO - [2024-05-16T01:12:16.601+0000] {dag.py:3834} INFO - Setting next_dagrun for example_sensors to None, run_after=None
[2024-05-16T01:12:16.621+0000] {processor.py:183} INFO - Processing /home/airflow/.local/lib/python3.8/site-packages/airflow/example_dags/example_sensors.py took 0.065 seconds
[2024-05-16T01:12:47.062+0000] {processor.py:161} INFO - Started process (PID=1785) to work on /home/airflow/.local/lib/python3.8/site-packages/airflow/example_dags/example_sensors.py
[2024-05-16T01:12:47.064+0000] {processor.py:830} INFO - Processing file /home/airflow/.local/lib/python3.8/site-packages/airflow/example_dags/example_sensors.py for tasks to queue
[2024-05-16T01:12:47.067+0000] {logging_mixin.py:188} INFO - [2024-05-16T01:12:47.066+0000] {dagbag.py:540} INFO - Filling up the DagBag from /home/airflow/.local/lib/python3.8/site-packages/airflow/example_dags/example_sensors.py
[2024-05-16T01:12:47.076+0000] {processor.py:840} INFO - DAG(s) 'example_sensors' retrieved from /home/airflow/.local/lib/python3.8/site-packages/airflow/example_dags/example_sensors.py
[2024-05-16T01:12:47.106+0000] {logging_mixin.py:188} INFO - [2024-05-16T01:12:47.106+0000] {dag.py:3047} INFO - Sync 1 DAGs
[2024-05-16T01:12:47.123+0000] {logging_mixin.py:188} INFO - [2024-05-16T01:12:47.123+0000] {dag.py:3834} INFO - Setting next_dagrun for example_sensors to None, run_after=None
[2024-05-16T01:12:47.156+0000] {processor.py:183} INFO - Processing /home/airflow/.local/lib/python3.8/site-packages/airflow/example_dags/example_sensors.py took 0.097 seconds
[2024-05-16T01:13:18.019+0000] {processor.py:161} INFO - Started process (PID=1844) to work on /home/airflow/.local/lib/python3.8/site-packages/airflow/example_dags/example_sensors.py
[2024-05-16T01:13:18.021+0000] {processor.py:830} INFO - Processing file /home/airflow/.local/lib/python3.8/site-packages/airflow/example_dags/example_sensors.py for tasks to queue
[2024-05-16T01:13:18.023+0000] {logging_mixin.py:188} INFO - [2024-05-16T01:13:18.023+0000] {dagbag.py:540} INFO - Filling up the DagBag from /home/airflow/.local/lib/python3.8/site-packages/airflow/example_dags/example_sensors.py
[2024-05-16T01:13:18.033+0000] {processor.py:840} INFO - DAG(s) 'example_sensors' retrieved from /home/airflow/.local/lib/python3.8/site-packages/airflow/example_dags/example_sensors.py
[2024-05-16T01:13:18.060+0000] {logging_mixin.py:188} INFO - [2024-05-16T01:13:18.060+0000] {dag.py:3047} INFO - Sync 1 DAGs
[2024-05-16T01:13:18.077+0000] {logging_mixin.py:188} INFO - [2024-05-16T01:13:18.077+0000] {dag.py:3834} INFO - Setting next_dagrun for example_sensors to None, run_after=None
[2024-05-16T01:13:18.106+0000] {processor.py:183} INFO - Processing /home/airflow/.local/lib/python3.8/site-packages/airflow/example_dags/example_sensors.py took 0.089 seconds
[2024-05-16T01:13:49.055+0000] {processor.py:161} INFO - Started process (PID=1903) to work on /home/airflow/.local/lib/python3.8/site-packages/airflow/example_dags/example_sensors.py
[2024-05-16T01:13:49.057+0000] {processor.py:830} INFO - Processing file /home/airflow/.local/lib/python3.8/site-packages/airflow/example_dags/example_sensors.py for tasks to queue
[2024-05-16T01:13:49.061+0000] {logging_mixin.py:188} INFO - [2024-05-16T01:13:49.061+0000] {dagbag.py:540} INFO - Filling up the DagBag from /home/airflow/.local/lib/python3.8/site-packages/airflow/example_dags/example_sensors.py
[2024-05-16T01:13:49.074+0000] {processor.py:840} INFO - DAG(s) 'example_sensors' retrieved from /home/airflow/.local/lib/python3.8/site-packages/airflow/example_dags/example_sensors.py
[2024-05-16T01:13:49.108+0000] {logging_mixin.py:188} INFO - [2024-05-16T01:13:49.108+0000] {dag.py:3047} INFO - Sync 1 DAGs
[2024-05-16T01:13:49.124+0000] {logging_mixin.py:188} INFO - [2024-05-16T01:13:49.124+0000] {dag.py:3834} INFO - Setting next_dagrun for example_sensors to None, run_after=None
[2024-05-16T01:13:49.155+0000] {processor.py:183} INFO - Processing /home/airflow/.local/lib/python3.8/site-packages/airflow/example_dags/example_sensors.py took 0.105 seconds
[2024-05-16T01:14:19.544+0000] {processor.py:161} INFO - Started process (PID=1962) to work on /home/airflow/.local/lib/python3.8/site-packages/airflow/example_dags/example_sensors.py
[2024-05-16T01:14:19.546+0000] {processor.py:830} INFO - Processing file /home/airflow/.local/lib/python3.8/site-packages/airflow/example_dags/example_sensors.py for tasks to queue
[2024-05-16T01:14:19.549+0000] {logging_mixin.py:188} INFO - [2024-05-16T01:14:19.548+0000] {dagbag.py:540} INFO - Filling up the DagBag from /home/airflow/.local/lib/python3.8/site-packages/airflow/example_dags/example_sensors.py
[2024-05-16T01:14:19.558+0000] {processor.py:840} INFO - DAG(s) 'example_sensors' retrieved from /home/airflow/.local/lib/python3.8/site-packages/airflow/example_dags/example_sensors.py
[2024-05-16T01:14:19.592+0000] {logging_mixin.py:188} INFO - [2024-05-16T01:14:19.592+0000] {dag.py:3047} INFO - Sync 1 DAGs
[2024-05-16T01:14:19.606+0000] {logging_mixin.py:188} INFO - [2024-05-16T01:14:19.605+0000] {dag.py:3834} INFO - Setting next_dagrun for example_sensors to None, run_after=None
[2024-05-16T01:14:19.630+0000] {processor.py:183} INFO - Processing /home/airflow/.local/lib/python3.8/site-packages/airflow/example_dags/example_sensors.py took 0.090 seconds
[2024-05-16T01:14:50.414+0000] {processor.py:161} INFO - Started process (PID=2021) to work on /home/airflow/.local/lib/python3.8/site-packages/airflow/example_dags/example_sensors.py
[2024-05-16T01:14:50.416+0000] {processor.py:830} INFO - Processing file /home/airflow/.local/lib/python3.8/site-packages/airflow/example_dags/example_sensors.py for tasks to queue
[2024-05-16T01:14:50.421+0000] {logging_mixin.py:188} INFO - [2024-05-16T01:14:50.419+0000] {dagbag.py:540} INFO - Filling up the DagBag from /home/airflow/.local/lib/python3.8/site-packages/airflow/example_dags/example_sensors.py
[2024-05-16T01:14:50.437+0000] {processor.py:840} INFO - DAG(s) 'example_sensors' retrieved from /home/airflow/.local/lib/python3.8/site-packages/airflow/example_dags/example_sensors.py
[2024-05-16T01:14:50.483+0000] {logging_mixin.py:188} INFO - [2024-05-16T01:14:50.482+0000] {dag.py:3047} INFO - Sync 1 DAGs
[2024-05-16T01:14:50.508+0000] {logging_mixin.py:188} INFO - [2024-05-16T01:14:50.508+0000] {dag.py:3834} INFO - Setting next_dagrun for example_sensors to None, run_after=None
[2024-05-16T01:14:50.547+0000] {processor.py:183} INFO - Processing /home/airflow/.local/lib/python3.8/site-packages/airflow/example_dags/example_sensors.py took 0.140 seconds
[2024-05-16T01:15:21.483+0000] {processor.py:161} INFO - Started process (PID=2080) to work on /home/airflow/.local/lib/python3.8/site-packages/airflow/example_dags/example_sensors.py
[2024-05-16T01:15:21.485+0000] {processor.py:830} INFO - Processing file /home/airflow/.local/lib/python3.8/site-packages/airflow/example_dags/example_sensors.py for tasks to queue
[2024-05-16T01:15:21.488+0000] {logging_mixin.py:188} INFO - [2024-05-16T01:15:21.487+0000] {dagbag.py:540} INFO - Filling up the DagBag from /home/airflow/.local/lib/python3.8/site-packages/airflow/example_dags/example_sensors.py
[2024-05-16T01:15:21.497+0000] {processor.py:840} INFO - DAG(s) 'example_sensors' retrieved from /home/airflow/.local/lib/python3.8/site-packages/airflow/example_dags/example_sensors.py
[2024-05-16T01:15:21.528+0000] {logging_mixin.py:188} INFO - [2024-05-16T01:15:21.528+0000] {dag.py:3047} INFO - Sync 1 DAGs
[2024-05-16T01:15:21.543+0000] {logging_mixin.py:188} INFO - [2024-05-16T01:15:21.543+0000] {dag.py:3834} INFO - Setting next_dagrun for example_sensors to None, run_after=None
[2024-05-16T01:15:21.572+0000] {processor.py:183} INFO - Processing /home/airflow/.local/lib/python3.8/site-packages/airflow/example_dags/example_sensors.py took 0.092 seconds
[2024-05-16T01:15:51.891+0000] {processor.py:161} INFO - Started process (PID=2139) to work on /home/airflow/.local/lib/python3.8/site-packages/airflow/example_dags/example_sensors.py
[2024-05-16T01:15:51.893+0000] {processor.py:830} INFO - Processing file /home/airflow/.local/lib/python3.8/site-packages/airflow/example_dags/example_sensors.py for tasks to queue
[2024-05-16T01:15:51.896+0000] {logging_mixin.py:188} INFO - [2024-05-16T01:15:51.896+0000] {dagbag.py:540} INFO - Filling up the DagBag from /home/airflow/.local/lib/python3.8/site-packages/airflow/example_dags/example_sensors.py
[2024-05-16T01:15:51.908+0000] {processor.py:840} INFO - DAG(s) 'example_sensors' retrieved from /home/airflow/.local/lib/python3.8/site-packages/airflow/example_dags/example_sensors.py
[2024-05-16T01:15:51.938+0000] {logging_mixin.py:188} INFO - [2024-05-16T01:15:51.938+0000] {dag.py:3047} INFO - Sync 1 DAGs
[2024-05-16T01:15:51.951+0000] {logging_mixin.py:188} INFO - [2024-05-16T01:15:51.951+0000] {dag.py:3834} INFO - Setting next_dagrun for example_sensors to None, run_after=None
[2024-05-16T01:15:51.977+0000] {processor.py:183} INFO - Processing /home/airflow/.local/lib/python3.8/site-packages/airflow/example_dags/example_sensors.py took 0.090 seconds
[2024-05-16T01:16:22.325+0000] {processor.py:161} INFO - Started process (PID=2198) to work on /home/airflow/.local/lib/python3.8/site-packages/airflow/example_dags/example_sensors.py
[2024-05-16T01:16:22.327+0000] {processor.py:830} INFO - Processing file /home/airflow/.local/lib/python3.8/site-packages/airflow/example_dags/example_sensors.py for tasks to queue
[2024-05-16T01:16:22.330+0000] {logging_mixin.py:188} INFO - [2024-05-16T01:16:22.330+0000] {dagbag.py:540} INFO - Filling up the DagBag from /home/airflow/.local/lib/python3.8/site-packages/airflow/example_dags/example_sensors.py
[2024-05-16T01:16:22.342+0000] {processor.py:840} INFO - DAG(s) 'example_sensors' retrieved from /home/airflow/.local/lib/python3.8/site-packages/airflow/example_dags/example_sensors.py
[2024-05-16T01:16:22.376+0000] {logging_mixin.py:188} INFO - [2024-05-16T01:16:22.376+0000] {dag.py:3047} INFO - Sync 1 DAGs
[2024-05-16T01:16:22.391+0000] {logging_mixin.py:188} INFO - [2024-05-16T01:16:22.391+0000] {dag.py:3834} INFO - Setting next_dagrun for example_sensors to None, run_after=None
[2024-05-16T01:16:22.419+0000] {processor.py:183} INFO - Processing /home/airflow/.local/lib/python3.8/site-packages/airflow/example_dags/example_sensors.py took 0.098 seconds
[2024-05-16T01:16:53.001+0000] {processor.py:161} INFO - Started process (PID=2257) to work on /home/airflow/.local/lib/python3.8/site-packages/airflow/example_dags/example_sensors.py
[2024-05-16T01:16:53.002+0000] {processor.py:830} INFO - Processing file /home/airflow/.local/lib/python3.8/site-packages/airflow/example_dags/example_sensors.py for tasks to queue
[2024-05-16T01:16:53.005+0000] {logging_mixin.py:188} INFO - [2024-05-16T01:16:53.005+0000] {dagbag.py:540} INFO - Filling up the DagBag from /home/airflow/.local/lib/python3.8/site-packages/airflow/example_dags/example_sensors.py
[2024-05-16T01:16:53.017+0000] {processor.py:840} INFO - DAG(s) 'example_sensors' retrieved from /home/airflow/.local/lib/python3.8/site-packages/airflow/example_dags/example_sensors.py
[2024-05-16T01:16:53.050+0000] {logging_mixin.py:188} INFO - [2024-05-16T01:16:53.049+0000] {dag.py:3047} INFO - Sync 1 DAGs
[2024-05-16T01:16:53.064+0000] {logging_mixin.py:188} INFO - [2024-05-16T01:16:53.064+0000] {dag.py:3834} INFO - Setting next_dagrun for example_sensors to None, run_after=None
[2024-05-16T01:16:53.096+0000] {processor.py:183} INFO - Processing /home/airflow/.local/lib/python3.8/site-packages/airflow/example_dags/example_sensors.py took 0.099 seconds
[2024-05-16T01:17:23.944+0000] {processor.py:161} INFO - Started process (PID=2316) to work on /home/airflow/.local/lib/python3.8/site-packages/airflow/example_dags/example_sensors.py
[2024-05-16T01:17:23.946+0000] {processor.py:830} INFO - Processing file /home/airflow/.local/lib/python3.8/site-packages/airflow/example_dags/example_sensors.py for tasks to queue
[2024-05-16T01:17:23.949+0000] {logging_mixin.py:188} INFO - [2024-05-16T01:17:23.949+0000] {dagbag.py:540} INFO - Filling up the DagBag from /home/airflow/.local/lib/python3.8/site-packages/airflow/example_dags/example_sensors.py
[2024-05-16T01:17:23.958+0000] {processor.py:840} INFO - DAG(s) 'example_sensors' retrieved from /home/airflow/.local/lib/python3.8/site-packages/airflow/example_dags/example_sensors.py
[2024-05-16T01:17:23.987+0000] {logging_mixin.py:188} INFO - [2024-05-16T01:17:23.986+0000] {dag.py:3047} INFO - Sync 1 DAGs
[2024-05-16T01:17:24.000+0000] {logging_mixin.py:188} INFO - [2024-05-16T01:17:24.000+0000] {dag.py:3834} INFO - Setting next_dagrun for example_sensors to None, run_after=None
[2024-05-16T01:17:24.025+0000] {processor.py:183} INFO - Processing /home/airflow/.local/lib/python3.8/site-packages/airflow/example_dags/example_sensors.py took 0.086 seconds
[2024-05-16T01:17:54.952+0000] {processor.py:161} INFO - Started process (PID=2375) to work on /home/airflow/.local/lib/python3.8/site-packages/airflow/example_dags/example_sensors.py
[2024-05-16T01:17:54.954+0000] {processor.py:830} INFO - Processing file /home/airflow/.local/lib/python3.8/site-packages/airflow/example_dags/example_sensors.py for tasks to queue
[2024-05-16T01:17:54.957+0000] {logging_mixin.py:188} INFO - [2024-05-16T01:17:54.957+0000] {dagbag.py:540} INFO - Filling up the DagBag from /home/airflow/.local/lib/python3.8/site-packages/airflow/example_dags/example_sensors.py
[2024-05-16T01:17:54.970+0000] {processor.py:840} INFO - DAG(s) 'example_sensors' retrieved from /home/airflow/.local/lib/python3.8/site-packages/airflow/example_dags/example_sensors.py
[2024-05-16T01:17:55.006+0000] {logging_mixin.py:188} INFO - [2024-05-16T01:17:55.005+0000] {dag.py:3047} INFO - Sync 1 DAGs
[2024-05-16T01:17:55.021+0000] {logging_mixin.py:188} INFO - [2024-05-16T01:17:55.021+0000] {dag.py:3834} INFO - Setting next_dagrun for example_sensors to None, run_after=None
[2024-05-16T01:17:55.095+0000] {processor.py:183} INFO - Processing /home/airflow/.local/lib/python3.8/site-packages/airflow/example_dags/example_sensors.py took 0.148 seconds
[2024-05-16T01:18:26.347+0000] {processor.py:161} INFO - Started process (PID=2434) to work on /home/airflow/.local/lib/python3.8/site-packages/airflow/example_dags/example_sensors.py
[2024-05-16T01:18:26.349+0000] {processor.py:830} INFO - Processing file /home/airflow/.local/lib/python3.8/site-packages/airflow/example_dags/example_sensors.py for tasks to queue
[2024-05-16T01:18:26.352+0000] {logging_mixin.py:188} INFO - [2024-05-16T01:18:26.352+0000] {dagbag.py:540} INFO - Filling up the DagBag from /home/airflow/.local/lib/python3.8/site-packages/airflow/example_dags/example_sensors.py
[2024-05-16T01:18:26.366+0000] {processor.py:840} INFO - DAG(s) 'example_sensors' retrieved from /home/airflow/.local/lib/python3.8/site-packages/airflow/example_dags/example_sensors.py
[2024-05-16T01:18:26.404+0000] {logging_mixin.py:188} INFO - [2024-05-16T01:18:26.403+0000] {dag.py:3047} INFO - Sync 1 DAGs
[2024-05-16T01:18:26.422+0000] {logging_mixin.py:188} INFO - [2024-05-16T01:18:26.421+0000] {dag.py:3834} INFO - Setting next_dagrun for example_sensors to None, run_after=None
[2024-05-16T01:18:26.505+0000] {processor.py:183} INFO - Processing /home/airflow/.local/lib/python3.8/site-packages/airflow/example_dags/example_sensors.py took 0.163 seconds
[2024-05-16T01:18:57.316+0000] {processor.py:161} INFO - Started process (PID=2493) to work on /home/airflow/.local/lib/python3.8/site-packages/airflow/example_dags/example_sensors.py
[2024-05-16T01:18:57.318+0000] {processor.py:830} INFO - Processing file /home/airflow/.local/lib/python3.8/site-packages/airflow/example_dags/example_sensors.py for tasks to queue
[2024-05-16T01:18:57.321+0000] {logging_mixin.py:188} INFO - [2024-05-16T01:18:57.320+0000] {dagbag.py:540} INFO - Filling up the DagBag from /home/airflow/.local/lib/python3.8/site-packages/airflow/example_dags/example_sensors.py
[2024-05-16T01:18:57.335+0000] {processor.py:840} INFO - DAG(s) 'example_sensors' retrieved from /home/airflow/.local/lib/python3.8/site-packages/airflow/example_dags/example_sensors.py
[2024-05-16T01:18:57.373+0000] {logging_mixin.py:188} INFO - [2024-05-16T01:18:57.373+0000] {dag.py:3047} INFO - Sync 1 DAGs
[2024-05-16T01:18:57.395+0000] {logging_mixin.py:188} INFO - [2024-05-16T01:18:57.394+0000] {dag.py:3834} INFO - Setting next_dagrun for example_sensors to None, run_after=None
[2024-05-16T01:18:57.428+0000] {processor.py:183} INFO - Processing /home/airflow/.local/lib/python3.8/site-packages/airflow/example_dags/example_sensors.py took 0.117 seconds
[2024-05-16T01:19:27.738+0000] {processor.py:161} INFO - Started process (PID=2552) to work on /home/airflow/.local/lib/python3.8/site-packages/airflow/example_dags/example_sensors.py
[2024-05-16T01:19:27.740+0000] {processor.py:830} INFO - Processing file /home/airflow/.local/lib/python3.8/site-packages/airflow/example_dags/example_sensors.py for tasks to queue
[2024-05-16T01:19:27.743+0000] {logging_mixin.py:188} INFO - [2024-05-16T01:19:27.743+0000] {dagbag.py:540} INFO - Filling up the DagBag from /home/airflow/.local/lib/python3.8/site-packages/airflow/example_dags/example_sensors.py
[2024-05-16T01:19:27.757+0000] {processor.py:840} INFO - DAG(s) 'example_sensors' retrieved from /home/airflow/.local/lib/python3.8/site-packages/airflow/example_dags/example_sensors.py
[2024-05-16T01:19:27.795+0000] {logging_mixin.py:188} INFO - [2024-05-16T01:19:27.795+0000] {dag.py:3047} INFO - Sync 1 DAGs
[2024-05-16T01:19:27.814+0000] {logging_mixin.py:188} INFO - [2024-05-16T01:19:27.814+0000] {dag.py:3834} INFO - Setting next_dagrun for example_sensors to None, run_after=None
[2024-05-16T01:19:27.850+0000] {processor.py:183} INFO - Processing /home/airflow/.local/lib/python3.8/site-packages/airflow/example_dags/example_sensors.py took 0.118 seconds
[2024-05-16T01:19:58.652+0000] {processor.py:161} INFO - Started process (PID=2611) to work on /home/airflow/.local/lib/python3.8/site-packages/airflow/example_dags/example_sensors.py
[2024-05-16T01:19:58.654+0000] {processor.py:830} INFO - Processing file /home/airflow/.local/lib/python3.8/site-packages/airflow/example_dags/example_sensors.py for tasks to queue
[2024-05-16T01:19:58.658+0000] {logging_mixin.py:188} INFO - [2024-05-16T01:19:58.657+0000] {dagbag.py:540} INFO - Filling up the DagBag from /home/airflow/.local/lib/python3.8/site-packages/airflow/example_dags/example_sensors.py
[2024-05-16T01:19:58.670+0000] {processor.py:840} INFO - DAG(s) 'example_sensors' retrieved from /home/airflow/.local/lib/python3.8/site-packages/airflow/example_dags/example_sensors.py
[2024-05-16T01:19:58.708+0000] {logging_mixin.py:188} INFO - [2024-05-16T01:19:58.708+0000] {dag.py:3047} INFO - Sync 1 DAGs
[2024-05-16T01:19:58.726+0000] {logging_mixin.py:188} INFO - [2024-05-16T01:19:58.725+0000] {dag.py:3834} INFO - Setting next_dagrun for example_sensors to None, run_after=None
[2024-05-16T01:19:58.759+0000] {processor.py:183} INFO - Processing /home/airflow/.local/lib/python3.8/site-packages/airflow/example_dags/example_sensors.py took 0.111 seconds
[2024-05-16T01:20:29.201+0000] {processor.py:161} INFO - Started process (PID=2670) to work on /home/airflow/.local/lib/python3.8/site-packages/airflow/example_dags/example_sensors.py
[2024-05-16T01:20:29.203+0000] {processor.py:830} INFO - Processing file /home/airflow/.local/lib/python3.8/site-packages/airflow/example_dags/example_sensors.py for tasks to queue
[2024-05-16T01:20:29.206+0000] {logging_mixin.py:188} INFO - [2024-05-16T01:20:29.205+0000] {dagbag.py:540} INFO - Filling up the DagBag from /home/airflow/.local/lib/python3.8/site-packages/airflow/example_dags/example_sensors.py
[2024-05-16T01:20:29.217+0000] {processor.py:840} INFO - DAG(s) 'example_sensors' retrieved from /home/airflow/.local/lib/python3.8/site-packages/airflow/example_dags/example_sensors.py
[2024-05-16T01:20:29.260+0000] {logging_mixin.py:188} INFO - [2024-05-16T01:20:29.259+0000] {dag.py:3047} INFO - Sync 1 DAGs
[2024-05-16T01:20:29.277+0000] {logging_mixin.py:188} INFO - [2024-05-16T01:20:29.276+0000] {dag.py:3834} INFO - Setting next_dagrun for example_sensors to None, run_after=None
[2024-05-16T01:20:29.307+0000] {processor.py:183} INFO - Processing /home/airflow/.local/lib/python3.8/site-packages/airflow/example_dags/example_sensors.py took 0.110 seconds
[2024-05-16T01:21:00.762+0000] {processor.py:161} INFO - Started process (PID=2729) to work on /home/airflow/.local/lib/python3.8/site-packages/airflow/example_dags/example_sensors.py
[2024-05-16T01:21:00.764+0000] {processor.py:830} INFO - Processing file /home/airflow/.local/lib/python3.8/site-packages/airflow/example_dags/example_sensors.py for tasks to queue
[2024-05-16T01:21:00.768+0000] {logging_mixin.py:188} INFO - [2024-05-16T01:21:00.767+0000] {dagbag.py:540} INFO - Filling up the DagBag from /home/airflow/.local/lib/python3.8/site-packages/airflow/example_dags/example_sensors.py
[2024-05-16T01:21:00.792+0000] {processor.py:840} INFO - DAG(s) 'example_sensors' retrieved from /home/airflow/.local/lib/python3.8/site-packages/airflow/example_dags/example_sensors.py
[2024-05-16T01:21:00.843+0000] {logging_mixin.py:188} INFO - [2024-05-16T01:21:00.843+0000] {dag.py:3047} INFO - Sync 1 DAGs
[2024-05-16T01:21:00.868+0000] {logging_mixin.py:188} INFO - [2024-05-16T01:21:00.868+0000] {dag.py:3834} INFO - Setting next_dagrun for example_sensors to None, run_after=None
[2024-05-16T01:21:00.912+0000] {processor.py:183} INFO - Processing /home/airflow/.local/lib/python3.8/site-packages/airflow/example_dags/example_sensors.py took 0.155 seconds
[2024-05-16T01:21:31.321+0000] {processor.py:161} INFO - Started process (PID=2788) to work on /home/airflow/.local/lib/python3.8/site-packages/airflow/example_dags/example_sensors.py
[2024-05-16T01:21:31.324+0000] {processor.py:830} INFO - Processing file /home/airflow/.local/lib/python3.8/site-packages/airflow/example_dags/example_sensors.py for tasks to queue
[2024-05-16T01:21:31.327+0000] {logging_mixin.py:188} INFO - [2024-05-16T01:21:31.327+0000] {dagbag.py:540} INFO - Filling up the DagBag from /home/airflow/.local/lib/python3.8/site-packages/airflow/example_dags/example_sensors.py
[2024-05-16T01:21:31.342+0000] {processor.py:840} INFO - DAG(s) 'example_sensors' retrieved from /home/airflow/.local/lib/python3.8/site-packages/airflow/example_dags/example_sensors.py
[2024-05-16T01:21:31.381+0000] {logging_mixin.py:188} INFO - [2024-05-16T01:21:31.381+0000] {dag.py:3047} INFO - Sync 1 DAGs
[2024-05-16T01:21:31.402+0000] {logging_mixin.py:188} INFO - [2024-05-16T01:21:31.401+0000] {dag.py:3834} INFO - Setting next_dagrun for example_sensors to None, run_after=None
[2024-05-16T01:21:31.435+0000] {processor.py:183} INFO - Processing /home/airflow/.local/lib/python3.8/site-packages/airflow/example_dags/example_sensors.py took 0.119 seconds
[2024-05-16T01:22:02.165+0000] {processor.py:161} INFO - Started process (PID=2847) to work on /home/airflow/.local/lib/python3.8/site-packages/airflow/example_dags/example_sensors.py
[2024-05-16T01:22:02.168+0000] {processor.py:830} INFO - Processing file /home/airflow/.local/lib/python3.8/site-packages/airflow/example_dags/example_sensors.py for tasks to queue
[2024-05-16T01:22:02.172+0000] {logging_mixin.py:188} INFO - [2024-05-16T01:22:02.172+0000] {dagbag.py:540} INFO - Filling up the DagBag from /home/airflow/.local/lib/python3.8/site-packages/airflow/example_dags/example_sensors.py
[2024-05-16T01:22:02.191+0000] {processor.py:840} INFO - DAG(s) 'example_sensors' retrieved from /home/airflow/.local/lib/python3.8/site-packages/airflow/example_dags/example_sensors.py
[2024-05-16T01:22:02.253+0000] {logging_mixin.py:188} INFO - [2024-05-16T01:22:02.253+0000] {dag.py:3047} INFO - Sync 1 DAGs
[2024-05-16T01:22:02.283+0000] {logging_mixin.py:188} INFO - [2024-05-16T01:22:02.282+0000] {dag.py:3834} INFO - Setting next_dagrun for example_sensors to None, run_after=None
[2024-05-16T01:22:02.339+0000] {processor.py:183} INFO - Processing /home/airflow/.local/lib/python3.8/site-packages/airflow/example_dags/example_sensors.py took 0.181 seconds
[2024-05-16T01:22:32.894+0000] {processor.py:161} INFO - Started process (PID=2906) to work on /home/airflow/.local/lib/python3.8/site-packages/airflow/example_dags/example_sensors.py
[2024-05-16T01:22:32.896+0000] {processor.py:830} INFO - Processing file /home/airflow/.local/lib/python3.8/site-packages/airflow/example_dags/example_sensors.py for tasks to queue
[2024-05-16T01:22:32.899+0000] {logging_mixin.py:188} INFO - [2024-05-16T01:22:32.898+0000] {dagbag.py:540} INFO - Filling up the DagBag from /home/airflow/.local/lib/python3.8/site-packages/airflow/example_dags/example_sensors.py
[2024-05-16T01:22:32.912+0000] {processor.py:840} INFO - DAG(s) 'example_sensors' retrieved from /home/airflow/.local/lib/python3.8/site-packages/airflow/example_dags/example_sensors.py
[2024-05-16T01:22:32.950+0000] {logging_mixin.py:188} INFO - [2024-05-16T01:22:32.949+0000] {dag.py:3047} INFO - Sync 1 DAGs
[2024-05-16T01:22:32.969+0000] {logging_mixin.py:188} INFO - [2024-05-16T01:22:32.969+0000] {dag.py:3834} INFO - Setting next_dagrun for example_sensors to None, run_after=None
[2024-05-16T01:22:33.003+0000] {processor.py:183} INFO - Processing /home/airflow/.local/lib/python3.8/site-packages/airflow/example_dags/example_sensors.py took 0.114 seconds
[2024-05-16T01:23:03.326+0000] {processor.py:161} INFO - Started process (PID=2965) to work on /home/airflow/.local/lib/python3.8/site-packages/airflow/example_dags/example_sensors.py
[2024-05-16T01:23:03.328+0000] {processor.py:830} INFO - Processing file /home/airflow/.local/lib/python3.8/site-packages/airflow/example_dags/example_sensors.py for tasks to queue
[2024-05-16T01:23:03.332+0000] {logging_mixin.py:188} INFO - [2024-05-16T01:23:03.331+0000] {dagbag.py:540} INFO - Filling up the DagBag from /home/airflow/.local/lib/python3.8/site-packages/airflow/example_dags/example_sensors.py
[2024-05-16T01:23:03.347+0000] {processor.py:840} INFO - DAG(s) 'example_sensors' retrieved from /home/airflow/.local/lib/python3.8/site-packages/airflow/example_dags/example_sensors.py
[2024-05-16T01:23:03.387+0000] {logging_mixin.py:188} INFO - [2024-05-16T01:23:03.386+0000] {dag.py:3047} INFO - Sync 1 DAGs
[2024-05-16T01:23:03.408+0000] {logging_mixin.py:188} INFO - [2024-05-16T01:23:03.407+0000] {dag.py:3834} INFO - Setting next_dagrun for example_sensors to None, run_after=None
[2024-05-16T01:23:03.469+0000] {processor.py:183} INFO - Processing /home/airflow/.local/lib/python3.8/site-packages/airflow/example_dags/example_sensors.py took 0.148 seconds
