[2024-05-16T00:57:59.246+0000] {processor.py:161} INFO - Started process (PID=89) to work on /home/airflow/.local/lib/python3.8/site-packages/airflow/example_dags/example_params_ui_tutorial.py
[2024-05-16T00:57:59.248+0000] {processor.py:830} INFO - Processing file /home/airflow/.local/lib/python3.8/site-packages/airflow/example_dags/example_params_ui_tutorial.py for tasks to queue
[2024-05-16T00:57:59.251+0000] {logging_mixin.py:188} INFO - [2024-05-16T00:57:59.250+0000] {dagbag.py:540} INFO - Filling up the DagBag from /home/airflow/.local/lib/python3.8/site-packages/airflow/example_dags/example_params_ui_tutorial.py
[2024-05-16T00:57:59.262+0000] {processor.py:840} INFO - DAG(s) 'example_params_ui_tutorial' retrieved from /home/airflow/.local/lib/python3.8/site-packages/airflow/example_dags/example_params_ui_tutorial.py
[2024-05-16T00:57:59.406+0000] {logging_mixin.py:188} INFO - [2024-05-16T00:57:59.406+0000] {dag.py:3047} INFO - Sync 1 DAGs
[2024-05-16T00:57:59.422+0000] {logging_mixin.py:188} INFO - [2024-05-16T00:57:59.422+0000] {dag.py:3834} INFO - Setting next_dagrun for example_params_ui_tutorial to None, run_after=None
[2024-05-16T00:57:59.451+0000] {processor.py:183} INFO - Processing /home/airflow/.local/lib/python3.8/site-packages/airflow/example_dags/example_params_ui_tutorial.py took 0.208 seconds
[2024-05-16T00:58:31.295+0000] {processor.py:161} INFO - Started process (PID=148) to work on /home/airflow/.local/lib/python3.8/site-packages/airflow/example_dags/example_params_ui_tutorial.py
[2024-05-16T00:58:31.297+0000] {processor.py:830} INFO - Processing file /home/airflow/.local/lib/python3.8/site-packages/airflow/example_dags/example_params_ui_tutorial.py for tasks to queue
[2024-05-16T00:58:31.300+0000] {logging_mixin.py:188} INFO - [2024-05-16T00:58:31.300+0000] {dagbag.py:540} INFO - Filling up the DagBag from /home/airflow/.local/lib/python3.8/site-packages/airflow/example_dags/example_params_ui_tutorial.py
[2024-05-16T00:58:31.316+0000] {processor.py:840} INFO - DAG(s) 'example_params_ui_tutorial' retrieved from /home/airflow/.local/lib/python3.8/site-packages/airflow/example_dags/example_params_ui_tutorial.py
[2024-05-16T00:58:31.393+0000] {logging_mixin.py:188} INFO - [2024-05-16T00:58:31.393+0000] {dag.py:3047} INFO - Sync 1 DAGs
[2024-05-16T00:58:31.411+0000] {logging_mixin.py:188} INFO - [2024-05-16T00:58:31.411+0000] {dag.py:3834} INFO - Setting next_dagrun for example_params_ui_tutorial to None, run_after=None
[2024-05-16T00:58:31.446+0000] {processor.py:183} INFO - Processing /home/airflow/.local/lib/python3.8/site-packages/airflow/example_dags/example_params_ui_tutorial.py took 0.155 seconds
[2024-05-16T00:59:01.996+0000] {processor.py:161} INFO - Started process (PID=207) to work on /home/airflow/.local/lib/python3.8/site-packages/airflow/example_dags/example_params_ui_tutorial.py
[2024-05-16T00:59:01.998+0000] {processor.py:830} INFO - Processing file /home/airflow/.local/lib/python3.8/site-packages/airflow/example_dags/example_params_ui_tutorial.py for tasks to queue
[2024-05-16T00:59:02.000+0000] {logging_mixin.py:188} INFO - [2024-05-16T00:59:02.000+0000] {dagbag.py:540} INFO - Filling up the DagBag from /home/airflow/.local/lib/python3.8/site-packages/airflow/example_dags/example_params_ui_tutorial.py
[2024-05-16T00:59:02.012+0000] {processor.py:840} INFO - DAG(s) 'example_params_ui_tutorial' retrieved from /home/airflow/.local/lib/python3.8/site-packages/airflow/example_dags/example_params_ui_tutorial.py
[2024-05-16T00:59:02.068+0000] {logging_mixin.py:188} INFO - [2024-05-16T00:59:02.068+0000] {dag.py:3047} INFO - Sync 1 DAGs
[2024-05-16T00:59:02.084+0000] {logging_mixin.py:188} INFO - [2024-05-16T00:59:02.084+0000] {dag.py:3834} INFO - Setting next_dagrun for example_params_ui_tutorial to None, run_after=None
[2024-05-16T00:59:02.120+0000] {processor.py:183} INFO - Processing /home/airflow/.local/lib/python3.8/site-packages/airflow/example_dags/example_params_ui_tutorial.py took 0.128 seconds
[2024-05-16T00:59:32.472+0000] {processor.py:161} INFO - Started process (PID=266) to work on /home/airflow/.local/lib/python3.8/site-packages/airflow/example_dags/example_params_ui_tutorial.py
[2024-05-16T00:59:32.473+0000] {processor.py:830} INFO - Processing file /home/airflow/.local/lib/python3.8/site-packages/airflow/example_dags/example_params_ui_tutorial.py for tasks to queue
[2024-05-16T00:59:32.475+0000] {logging_mixin.py:188} INFO - [2024-05-16T00:59:32.475+0000] {dagbag.py:540} INFO - Filling up the DagBag from /home/airflow/.local/lib/python3.8/site-packages/airflow/example_dags/example_params_ui_tutorial.py
[2024-05-16T00:59:32.487+0000] {processor.py:840} INFO - DAG(s) 'example_params_ui_tutorial' retrieved from /home/airflow/.local/lib/python3.8/site-packages/airflow/example_dags/example_params_ui_tutorial.py
[2024-05-16T00:59:32.538+0000] {logging_mixin.py:188} INFO - [2024-05-16T00:59:32.538+0000] {dag.py:3047} INFO - Sync 1 DAGs
[2024-05-16T00:59:32.548+0000] {logging_mixin.py:188} INFO - [2024-05-16T00:59:32.548+0000] {dag.py:3834} INFO - Setting next_dagrun for example_params_ui_tutorial to None, run_after=None
[2024-05-16T00:59:32.569+0000] {processor.py:183} INFO - Processing /home/airflow/.local/lib/python3.8/site-packages/airflow/example_dags/example_params_ui_tutorial.py took 0.100 seconds
[2024-05-16T01:00:02.928+0000] {processor.py:161} INFO - Started process (PID=325) to work on /home/airflow/.local/lib/python3.8/site-packages/airflow/example_dags/example_params_ui_tutorial.py
[2024-05-16T01:00:02.929+0000] {processor.py:830} INFO - Processing file /home/airflow/.local/lib/python3.8/site-packages/airflow/example_dags/example_params_ui_tutorial.py for tasks to queue
[2024-05-16T01:00:02.931+0000] {logging_mixin.py:188} INFO - [2024-05-16T01:00:02.931+0000] {dagbag.py:540} INFO - Filling up the DagBag from /home/airflow/.local/lib/python3.8/site-packages/airflow/example_dags/example_params_ui_tutorial.py
[2024-05-16T01:00:02.945+0000] {processor.py:840} INFO - DAG(s) 'example_params_ui_tutorial' retrieved from /home/airflow/.local/lib/python3.8/site-packages/airflow/example_dags/example_params_ui_tutorial.py
[2024-05-16T01:00:03.006+0000] {logging_mixin.py:188} INFO - [2024-05-16T01:00:03.006+0000] {dag.py:3047} INFO - Sync 1 DAGs
[2024-05-16T01:00:03.021+0000] {logging_mixin.py:188} INFO - [2024-05-16T01:00:03.020+0000] {dag.py:3834} INFO - Setting next_dagrun for example_params_ui_tutorial to None, run_after=None
[2024-05-16T01:00:03.048+0000] {processor.py:183} INFO - Processing /home/airflow/.local/lib/python3.8/site-packages/airflow/example_dags/example_params_ui_tutorial.py took 0.123 seconds
[2024-05-16T01:00:33.577+0000] {processor.py:161} INFO - Started process (PID=384) to work on /home/airflow/.local/lib/python3.8/site-packages/airflow/example_dags/example_params_ui_tutorial.py
[2024-05-16T01:00:33.579+0000] {processor.py:830} INFO - Processing file /home/airflow/.local/lib/python3.8/site-packages/airflow/example_dags/example_params_ui_tutorial.py for tasks to queue
[2024-05-16T01:00:33.581+0000] {logging_mixin.py:188} INFO - [2024-05-16T01:00:33.581+0000] {dagbag.py:540} INFO - Filling up the DagBag from /home/airflow/.local/lib/python3.8/site-packages/airflow/example_dags/example_params_ui_tutorial.py
[2024-05-16T01:00:33.596+0000] {processor.py:840} INFO - DAG(s) 'example_params_ui_tutorial' retrieved from /home/airflow/.local/lib/python3.8/site-packages/airflow/example_dags/example_params_ui_tutorial.py
[2024-05-16T01:00:33.664+0000] {logging_mixin.py:188} INFO - [2024-05-16T01:00:33.664+0000] {dag.py:3047} INFO - Sync 1 DAGs
[2024-05-16T01:00:33.674+0000] {logging_mixin.py:188} INFO - [2024-05-16T01:00:33.674+0000] {dag.py:3834} INFO - Setting next_dagrun for example_params_ui_tutorial to None, run_after=None
[2024-05-16T01:00:33.697+0000] {processor.py:183} INFO - Processing /home/airflow/.local/lib/python3.8/site-packages/airflow/example_dags/example_params_ui_tutorial.py took 0.124 seconds
[2024-05-16T01:01:04.757+0000] {processor.py:161} INFO - Started process (PID=443) to work on /home/airflow/.local/lib/python3.8/site-packages/airflow/example_dags/example_params_ui_tutorial.py
[2024-05-16T01:01:04.759+0000] {processor.py:830} INFO - Processing file /home/airflow/.local/lib/python3.8/site-packages/airflow/example_dags/example_params_ui_tutorial.py for tasks to queue
[2024-05-16T01:01:04.761+0000] {logging_mixin.py:188} INFO - [2024-05-16T01:01:04.761+0000] {dagbag.py:540} INFO - Filling up the DagBag from /home/airflow/.local/lib/python3.8/site-packages/airflow/example_dags/example_params_ui_tutorial.py
[2024-05-16T01:01:04.775+0000] {processor.py:840} INFO - DAG(s) 'example_params_ui_tutorial' retrieved from /home/airflow/.local/lib/python3.8/site-packages/airflow/example_dags/example_params_ui_tutorial.py
[2024-05-16T01:01:04.838+0000] {logging_mixin.py:188} INFO - [2024-05-16T01:01:04.838+0000] {dag.py:3047} INFO - Sync 1 DAGs
[2024-05-16T01:01:04.853+0000] {logging_mixin.py:188} INFO - [2024-05-16T01:01:04.853+0000] {dag.py:3834} INFO - Setting next_dagrun for example_params_ui_tutorial to None, run_after=None
[2024-05-16T01:01:04.884+0000] {processor.py:183} INFO - Processing /home/airflow/.local/lib/python3.8/site-packages/airflow/example_dags/example_params_ui_tutorial.py took 0.130 seconds
[2024-05-16T01:01:35.505+0000] {processor.py:161} INFO - Started process (PID=502) to work on /home/airflow/.local/lib/python3.8/site-packages/airflow/example_dags/example_params_ui_tutorial.py
[2024-05-16T01:01:35.507+0000] {processor.py:830} INFO - Processing file /home/airflow/.local/lib/python3.8/site-packages/airflow/example_dags/example_params_ui_tutorial.py for tasks to queue
[2024-05-16T01:01:35.509+0000] {logging_mixin.py:188} INFO - [2024-05-16T01:01:35.509+0000] {dagbag.py:540} INFO - Filling up the DagBag from /home/airflow/.local/lib/python3.8/site-packages/airflow/example_dags/example_params_ui_tutorial.py
[2024-05-16T01:01:35.524+0000] {processor.py:840} INFO - DAG(s) 'example_params_ui_tutorial' retrieved from /home/airflow/.local/lib/python3.8/site-packages/airflow/example_dags/example_params_ui_tutorial.py
[2024-05-16T01:01:35.572+0000] {logging_mixin.py:188} INFO - [2024-05-16T01:01:35.572+0000] {dag.py:3047} INFO - Sync 1 DAGs
[2024-05-16T01:01:35.582+0000] {logging_mixin.py:188} INFO - [2024-05-16T01:01:35.582+0000] {dag.py:3834} INFO - Setting next_dagrun for example_params_ui_tutorial to None, run_after=None
[2024-05-16T01:01:35.603+0000] {processor.py:183} INFO - Processing /home/airflow/.local/lib/python3.8/site-packages/airflow/example_dags/example_params_ui_tutorial.py took 0.103 seconds
[2024-05-16T01:02:05.726+0000] {processor.py:161} INFO - Started process (PID=560) to work on /home/airflow/.local/lib/python3.8/site-packages/airflow/example_dags/example_params_ui_tutorial.py
[2024-05-16T01:02:05.728+0000] {processor.py:830} INFO - Processing file /home/airflow/.local/lib/python3.8/site-packages/airflow/example_dags/example_params_ui_tutorial.py for tasks to queue
[2024-05-16T01:02:05.731+0000] {logging_mixin.py:188} INFO - [2024-05-16T01:02:05.731+0000] {dagbag.py:540} INFO - Filling up the DagBag from /home/airflow/.local/lib/python3.8/site-packages/airflow/example_dags/example_params_ui_tutorial.py
[2024-05-16T01:02:05.745+0000] {processor.py:840} INFO - DAG(s) 'example_params_ui_tutorial' retrieved from /home/airflow/.local/lib/python3.8/site-packages/airflow/example_dags/example_params_ui_tutorial.py
[2024-05-16T01:02:05.812+0000] {logging_mixin.py:188} INFO - [2024-05-16T01:02:05.811+0000] {dag.py:3047} INFO - Sync 1 DAGs
[2024-05-16T01:02:05.825+0000] {logging_mixin.py:188} INFO - [2024-05-16T01:02:05.825+0000] {dag.py:3834} INFO - Setting next_dagrun for example_params_ui_tutorial to None, run_after=None
[2024-05-16T01:02:05.849+0000] {processor.py:183} INFO - Processing /home/airflow/.local/lib/python3.8/site-packages/airflow/example_dags/example_params_ui_tutorial.py took 0.126 seconds
[2024-05-16T01:02:36.627+0000] {processor.py:161} INFO - Started process (PID=619) to work on /home/airflow/.local/lib/python3.8/site-packages/airflow/example_dags/example_params_ui_tutorial.py
[2024-05-16T01:02:36.628+0000] {processor.py:830} INFO - Processing file /home/airflow/.local/lib/python3.8/site-packages/airflow/example_dags/example_params_ui_tutorial.py for tasks to queue
[2024-05-16T01:02:36.631+0000] {logging_mixin.py:188} INFO - [2024-05-16T01:02:36.631+0000] {dagbag.py:540} INFO - Filling up the DagBag from /home/airflow/.local/lib/python3.8/site-packages/airflow/example_dags/example_params_ui_tutorial.py
[2024-05-16T01:02:36.649+0000] {processor.py:840} INFO - DAG(s) 'example_params_ui_tutorial' retrieved from /home/airflow/.local/lib/python3.8/site-packages/airflow/example_dags/example_params_ui_tutorial.py
[2024-05-16T01:02:36.705+0000] {logging_mixin.py:188} INFO - [2024-05-16T01:02:36.705+0000] {dag.py:3047} INFO - Sync 1 DAGs
[2024-05-16T01:02:36.716+0000] {logging_mixin.py:188} INFO - [2024-05-16T01:02:36.715+0000] {dag.py:3834} INFO - Setting next_dagrun for example_params_ui_tutorial to None, run_after=None
[2024-05-16T01:02:36.737+0000] {processor.py:183} INFO - Processing /home/airflow/.local/lib/python3.8/site-packages/airflow/example_dags/example_params_ui_tutorial.py took 0.114 seconds
[2024-05-16T01:03:06.918+0000] {processor.py:161} INFO - Started process (PID=677) to work on /home/airflow/.local/lib/python3.8/site-packages/airflow/example_dags/example_params_ui_tutorial.py
[2024-05-16T01:03:06.920+0000] {processor.py:830} INFO - Processing file /home/airflow/.local/lib/python3.8/site-packages/airflow/example_dags/example_params_ui_tutorial.py for tasks to queue
[2024-05-16T01:03:06.922+0000] {logging_mixin.py:188} INFO - [2024-05-16T01:03:06.921+0000] {dagbag.py:540} INFO - Filling up the DagBag from /home/airflow/.local/lib/python3.8/site-packages/airflow/example_dags/example_params_ui_tutorial.py
[2024-05-16T01:03:06.932+0000] {processor.py:840} INFO - DAG(s) 'example_params_ui_tutorial' retrieved from /home/airflow/.local/lib/python3.8/site-packages/airflow/example_dags/example_params_ui_tutorial.py
[2024-05-16T01:03:06.978+0000] {logging_mixin.py:188} INFO - [2024-05-16T01:03:06.978+0000] {dag.py:3047} INFO - Sync 1 DAGs
[2024-05-16T01:03:06.988+0000] {logging_mixin.py:188} INFO - [2024-05-16T01:03:06.988+0000] {dag.py:3834} INFO - Setting next_dagrun for example_params_ui_tutorial to None, run_after=None
[2024-05-16T01:03:07.009+0000] {processor.py:183} INFO - Processing /home/airflow/.local/lib/python3.8/site-packages/airflow/example_dags/example_params_ui_tutorial.py took 0.093 seconds
[2024-05-16T01:03:37.736+0000] {processor.py:161} INFO - Started process (PID=736) to work on /home/airflow/.local/lib/python3.8/site-packages/airflow/example_dags/example_params_ui_tutorial.py
[2024-05-16T01:03:37.737+0000] {processor.py:830} INFO - Processing file /home/airflow/.local/lib/python3.8/site-packages/airflow/example_dags/example_params_ui_tutorial.py for tasks to queue
[2024-05-16T01:03:37.738+0000] {logging_mixin.py:188} INFO - [2024-05-16T01:03:37.738+0000] {dagbag.py:540} INFO - Filling up the DagBag from /home/airflow/.local/lib/python3.8/site-packages/airflow/example_dags/example_params_ui_tutorial.py
[2024-05-16T01:03:37.747+0000] {processor.py:840} INFO - DAG(s) 'example_params_ui_tutorial' retrieved from /home/airflow/.local/lib/python3.8/site-packages/airflow/example_dags/example_params_ui_tutorial.py
[2024-05-16T01:03:37.792+0000] {logging_mixin.py:188} INFO - [2024-05-16T01:03:37.792+0000] {dag.py:3047} INFO - Sync 1 DAGs
[2024-05-16T01:03:37.803+0000] {logging_mixin.py:188} INFO - [2024-05-16T01:03:37.803+0000] {dag.py:3834} INFO - Setting next_dagrun for example_params_ui_tutorial to None, run_after=None
[2024-05-16T01:03:37.826+0000] {processor.py:183} INFO - Processing /home/airflow/.local/lib/python3.8/site-packages/airflow/example_dags/example_params_ui_tutorial.py took 0.093 seconds
[2024-05-16T01:04:08.942+0000] {processor.py:161} INFO - Started process (PID=795) to work on /home/airflow/.local/lib/python3.8/site-packages/airflow/example_dags/example_params_ui_tutorial.py
[2024-05-16T01:04:08.944+0000] {processor.py:830} INFO - Processing file /home/airflow/.local/lib/python3.8/site-packages/airflow/example_dags/example_params_ui_tutorial.py for tasks to queue
[2024-05-16T01:04:08.946+0000] {logging_mixin.py:188} INFO - [2024-05-16T01:04:08.946+0000] {dagbag.py:540} INFO - Filling up the DagBag from /home/airflow/.local/lib/python3.8/site-packages/airflow/example_dags/example_params_ui_tutorial.py
[2024-05-16T01:04:08.960+0000] {processor.py:840} INFO - DAG(s) 'example_params_ui_tutorial' retrieved from /home/airflow/.local/lib/python3.8/site-packages/airflow/example_dags/example_params_ui_tutorial.py
[2024-05-16T01:04:09.033+0000] {logging_mixin.py:188} INFO - [2024-05-16T01:04:09.033+0000] {dag.py:3047} INFO - Sync 1 DAGs
[2024-05-16T01:04:09.048+0000] {logging_mixin.py:188} INFO - [2024-05-16T01:04:09.048+0000] {dag.py:3834} INFO - Setting next_dagrun for example_params_ui_tutorial to None, run_after=None
[2024-05-16T01:04:09.075+0000] {processor.py:183} INFO - Processing /home/airflow/.local/lib/python3.8/site-packages/airflow/example_dags/example_params_ui_tutorial.py took 0.137 seconds
[2024-05-16T01:04:40.500+0000] {processor.py:161} INFO - Started process (PID=861) to work on /home/airflow/.local/lib/python3.8/site-packages/airflow/example_dags/example_params_ui_tutorial.py
[2024-05-16T01:04:40.502+0000] {processor.py:830} INFO - Processing file /home/airflow/.local/lib/python3.8/site-packages/airflow/example_dags/example_params_ui_tutorial.py for tasks to queue
[2024-05-16T01:04:40.507+0000] {logging_mixin.py:188} INFO - [2024-05-16T01:04:40.506+0000] {dagbag.py:540} INFO - Filling up the DagBag from /home/airflow/.local/lib/python3.8/site-packages/airflow/example_dags/example_params_ui_tutorial.py
[2024-05-16T01:04:40.523+0000] {processor.py:840} INFO - DAG(s) 'example_params_ui_tutorial' retrieved from /home/airflow/.local/lib/python3.8/site-packages/airflow/example_dags/example_params_ui_tutorial.py
[2024-05-16T01:04:40.602+0000] {logging_mixin.py:188} INFO - [2024-05-16T01:04:40.602+0000] {dag.py:3047} INFO - Sync 1 DAGs
[2024-05-16T01:04:40.617+0000] {logging_mixin.py:188} INFO - [2024-05-16T01:04:40.616+0000] {dag.py:3834} INFO - Setting next_dagrun for example_params_ui_tutorial to None, run_after=None
[2024-05-16T01:04:40.647+0000] {processor.py:183} INFO - Processing /home/airflow/.local/lib/python3.8/site-packages/airflow/example_dags/example_params_ui_tutorial.py took 0.150 seconds
[2024-05-16T01:05:10.778+0000] {processor.py:161} INFO - Started process (PID=920) to work on /home/airflow/.local/lib/python3.8/site-packages/airflow/example_dags/example_params_ui_tutorial.py
[2024-05-16T01:05:10.780+0000] {processor.py:830} INFO - Processing file /home/airflow/.local/lib/python3.8/site-packages/airflow/example_dags/example_params_ui_tutorial.py for tasks to queue
[2024-05-16T01:05:10.784+0000] {logging_mixin.py:188} INFO - [2024-05-16T01:05:10.784+0000] {dagbag.py:540} INFO - Filling up the DagBag from /home/airflow/.local/lib/python3.8/site-packages/airflow/example_dags/example_params_ui_tutorial.py
[2024-05-16T01:05:10.797+0000] {processor.py:840} INFO - DAG(s) 'example_params_ui_tutorial' retrieved from /home/airflow/.local/lib/python3.8/site-packages/airflow/example_dags/example_params_ui_tutorial.py
[2024-05-16T01:05:10.877+0000] {logging_mixin.py:188} INFO - [2024-05-16T01:05:10.877+0000] {dag.py:3047} INFO - Sync 1 DAGs
[2024-05-16T01:05:10.896+0000] {logging_mixin.py:188} INFO - [2024-05-16T01:05:10.896+0000] {dag.py:3834} INFO - Setting next_dagrun for example_params_ui_tutorial to None, run_after=None
[2024-05-16T01:05:10.930+0000] {processor.py:183} INFO - Processing /home/airflow/.local/lib/python3.8/site-packages/airflow/example_dags/example_params_ui_tutorial.py took 0.155 seconds
[2024-05-16T01:05:41.199+0000] {processor.py:161} INFO - Started process (PID=979) to work on /home/airflow/.local/lib/python3.8/site-packages/airflow/example_dags/example_params_ui_tutorial.py
[2024-05-16T01:05:41.200+0000] {processor.py:830} INFO - Processing file /home/airflow/.local/lib/python3.8/site-packages/airflow/example_dags/example_params_ui_tutorial.py for tasks to queue
[2024-05-16T01:05:41.202+0000] {logging_mixin.py:188} INFO - [2024-05-16T01:05:41.202+0000] {dagbag.py:540} INFO - Filling up the DagBag from /home/airflow/.local/lib/python3.8/site-packages/airflow/example_dags/example_params_ui_tutorial.py
[2024-05-16T01:05:41.213+0000] {processor.py:840} INFO - DAG(s) 'example_params_ui_tutorial' retrieved from /home/airflow/.local/lib/python3.8/site-packages/airflow/example_dags/example_params_ui_tutorial.py
[2024-05-16T01:05:41.286+0000] {logging_mixin.py:188} INFO - [2024-05-16T01:05:41.286+0000] {dag.py:3047} INFO - Sync 1 DAGs
[2024-05-16T01:05:41.298+0000] {logging_mixin.py:188} INFO - [2024-05-16T01:05:41.298+0000] {dag.py:3834} INFO - Setting next_dagrun for example_params_ui_tutorial to None, run_after=None
[2024-05-16T01:05:41.326+0000] {processor.py:183} INFO - Processing /home/airflow/.local/lib/python3.8/site-packages/airflow/example_dags/example_params_ui_tutorial.py took 0.130 seconds
[2024-05-16T01:06:12.280+0000] {processor.py:161} INFO - Started process (PID=1038) to work on /home/airflow/.local/lib/python3.8/site-packages/airflow/example_dags/example_params_ui_tutorial.py
[2024-05-16T01:06:12.282+0000] {processor.py:830} INFO - Processing file /home/airflow/.local/lib/python3.8/site-packages/airflow/example_dags/example_params_ui_tutorial.py for tasks to queue
[2024-05-16T01:06:12.286+0000] {logging_mixin.py:188} INFO - [2024-05-16T01:06:12.285+0000] {dagbag.py:540} INFO - Filling up the DagBag from /home/airflow/.local/lib/python3.8/site-packages/airflow/example_dags/example_params_ui_tutorial.py
[2024-05-16T01:06:12.309+0000] {processor.py:840} INFO - DAG(s) 'example_params_ui_tutorial' retrieved from /home/airflow/.local/lib/python3.8/site-packages/airflow/example_dags/example_params_ui_tutorial.py
[2024-05-16T01:06:12.415+0000] {logging_mixin.py:188} INFO - [2024-05-16T01:06:12.415+0000] {dag.py:3047} INFO - Sync 1 DAGs
[2024-05-16T01:06:12.437+0000] {logging_mixin.py:188} INFO - [2024-05-16T01:06:12.437+0000] {dag.py:3834} INFO - Setting next_dagrun for example_params_ui_tutorial to None, run_after=None
[2024-05-16T01:06:12.474+0000] {processor.py:183} INFO - Processing /home/airflow/.local/lib/python3.8/site-packages/airflow/example_dags/example_params_ui_tutorial.py took 0.200 seconds
[2024-05-16T01:06:42.836+0000] {processor.py:161} INFO - Started process (PID=1097) to work on /home/airflow/.local/lib/python3.8/site-packages/airflow/example_dags/example_params_ui_tutorial.py
[2024-05-16T01:06:42.838+0000] {processor.py:830} INFO - Processing file /home/airflow/.local/lib/python3.8/site-packages/airflow/example_dags/example_params_ui_tutorial.py for tasks to queue
[2024-05-16T01:06:42.840+0000] {logging_mixin.py:188} INFO - [2024-05-16T01:06:42.840+0000] {dagbag.py:540} INFO - Filling up the DagBag from /home/airflow/.local/lib/python3.8/site-packages/airflow/example_dags/example_params_ui_tutorial.py
[2024-05-16T01:06:42.854+0000] {processor.py:840} INFO - DAG(s) 'example_params_ui_tutorial' retrieved from /home/airflow/.local/lib/python3.8/site-packages/airflow/example_dags/example_params_ui_tutorial.py
[2024-05-16T01:06:42.913+0000] {logging_mixin.py:188} INFO - [2024-05-16T01:06:42.913+0000] {dag.py:3047} INFO - Sync 1 DAGs
[2024-05-16T01:06:42.930+0000] {logging_mixin.py:188} INFO - [2024-05-16T01:06:42.930+0000] {dag.py:3834} INFO - Setting next_dagrun for example_params_ui_tutorial to None, run_after=None
[2024-05-16T01:06:42.951+0000] {processor.py:183} INFO - Processing /home/airflow/.local/lib/python3.8/site-packages/airflow/example_dags/example_params_ui_tutorial.py took 0.119 seconds
[2024-05-16T01:07:13.704+0000] {processor.py:161} INFO - Started process (PID=1156) to work on /home/airflow/.local/lib/python3.8/site-packages/airflow/example_dags/example_params_ui_tutorial.py
[2024-05-16T01:07:13.706+0000] {processor.py:830} INFO - Processing file /home/airflow/.local/lib/python3.8/site-packages/airflow/example_dags/example_params_ui_tutorial.py for tasks to queue
[2024-05-16T01:07:13.710+0000] {logging_mixin.py:188} INFO - [2024-05-16T01:07:13.709+0000] {dagbag.py:540} INFO - Filling up the DagBag from /home/airflow/.local/lib/python3.8/site-packages/airflow/example_dags/example_params_ui_tutorial.py
[2024-05-16T01:07:13.729+0000] {processor.py:840} INFO - DAG(s) 'example_params_ui_tutorial' retrieved from /home/airflow/.local/lib/python3.8/site-packages/airflow/example_dags/example_params_ui_tutorial.py
[2024-05-16T01:07:13.814+0000] {logging_mixin.py:188} INFO - [2024-05-16T01:07:13.814+0000] {dag.py:3047} INFO - Sync 1 DAGs
[2024-05-16T01:07:13.830+0000] {logging_mixin.py:188} INFO - [2024-05-16T01:07:13.830+0000] {dag.py:3834} INFO - Setting next_dagrun for example_params_ui_tutorial to None, run_after=None
[2024-05-16T01:07:13.869+0000] {processor.py:183} INFO - Processing /home/airflow/.local/lib/python3.8/site-packages/airflow/example_dags/example_params_ui_tutorial.py took 0.170 seconds
[2024-05-16T01:07:44.752+0000] {processor.py:161} INFO - Started process (PID=1214) to work on /home/airflow/.local/lib/python3.8/site-packages/airflow/example_dags/example_params_ui_tutorial.py
[2024-05-16T01:07:44.754+0000] {processor.py:830} INFO - Processing file /home/airflow/.local/lib/python3.8/site-packages/airflow/example_dags/example_params_ui_tutorial.py for tasks to queue
[2024-05-16T01:07:44.758+0000] {logging_mixin.py:188} INFO - [2024-05-16T01:07:44.757+0000] {dagbag.py:540} INFO - Filling up the DagBag from /home/airflow/.local/lib/python3.8/site-packages/airflow/example_dags/example_params_ui_tutorial.py
[2024-05-16T01:07:44.777+0000] {processor.py:840} INFO - DAG(s) 'example_params_ui_tutorial' retrieved from /home/airflow/.local/lib/python3.8/site-packages/airflow/example_dags/example_params_ui_tutorial.py
[2024-05-16T01:07:44.856+0000] {logging_mixin.py:188} INFO - [2024-05-16T01:07:44.856+0000] {dag.py:3047} INFO - Sync 1 DAGs
[2024-05-16T01:07:44.874+0000] {logging_mixin.py:188} INFO - [2024-05-16T01:07:44.873+0000] {dag.py:3834} INFO - Setting next_dagrun for example_params_ui_tutorial to None, run_after=None
[2024-05-16T01:07:44.908+0000] {processor.py:183} INFO - Processing /home/airflow/.local/lib/python3.8/site-packages/airflow/example_dags/example_params_ui_tutorial.py took 0.162 seconds
[2024-05-16T01:08:15.020+0000] {processor.py:161} INFO - Started process (PID=1273) to work on /home/airflow/.local/lib/python3.8/site-packages/airflow/example_dags/example_params_ui_tutorial.py
[2024-05-16T01:08:15.021+0000] {processor.py:830} INFO - Processing file /home/airflow/.local/lib/python3.8/site-packages/airflow/example_dags/example_params_ui_tutorial.py for tasks to queue
[2024-05-16T01:08:15.023+0000] {logging_mixin.py:188} INFO - [2024-05-16T01:08:15.023+0000] {dagbag.py:540} INFO - Filling up the DagBag from /home/airflow/.local/lib/python3.8/site-packages/airflow/example_dags/example_params_ui_tutorial.py
[2024-05-16T01:08:15.034+0000] {processor.py:840} INFO - DAG(s) 'example_params_ui_tutorial' retrieved from /home/airflow/.local/lib/python3.8/site-packages/airflow/example_dags/example_params_ui_tutorial.py
[2024-05-16T01:08:15.087+0000] {logging_mixin.py:188} INFO - [2024-05-16T01:08:15.086+0000] {dag.py:3047} INFO - Sync 1 DAGs
[2024-05-16T01:08:15.097+0000] {logging_mixin.py:188} INFO - [2024-05-16T01:08:15.097+0000] {dag.py:3834} INFO - Setting next_dagrun for example_params_ui_tutorial to None, run_after=None
[2024-05-16T01:08:15.121+0000] {processor.py:183} INFO - Processing /home/airflow/.local/lib/python3.8/site-packages/airflow/example_dags/example_params_ui_tutorial.py took 0.104 seconds
[2024-05-16T01:08:46.769+0000] {processor.py:161} INFO - Started process (PID=1332) to work on /home/airflow/.local/lib/python3.8/site-packages/airflow/example_dags/example_params_ui_tutorial.py
[2024-05-16T01:08:46.771+0000] {processor.py:830} INFO - Processing file /home/airflow/.local/lib/python3.8/site-packages/airflow/example_dags/example_params_ui_tutorial.py for tasks to queue
[2024-05-16T01:08:46.774+0000] {logging_mixin.py:188} INFO - [2024-05-16T01:08:46.773+0000] {dagbag.py:540} INFO - Filling up the DagBag from /home/airflow/.local/lib/python3.8/site-packages/airflow/example_dags/example_params_ui_tutorial.py
[2024-05-16T01:08:46.791+0000] {processor.py:840} INFO - DAG(s) 'example_params_ui_tutorial' retrieved from /home/airflow/.local/lib/python3.8/site-packages/airflow/example_dags/example_params_ui_tutorial.py
[2024-05-16T01:08:46.877+0000] {logging_mixin.py:188} INFO - [2024-05-16T01:08:46.876+0000] {dag.py:3047} INFO - Sync 1 DAGs
[2024-05-16T01:08:46.894+0000] {logging_mixin.py:188} INFO - [2024-05-16T01:08:46.893+0000] {dag.py:3834} INFO - Setting next_dagrun for example_params_ui_tutorial to None, run_after=None
[2024-05-16T01:08:46.926+0000] {processor.py:183} INFO - Processing /home/airflow/.local/lib/python3.8/site-packages/airflow/example_dags/example_params_ui_tutorial.py took 0.162 seconds
[2024-05-16T01:09:17.126+0000] {processor.py:161} INFO - Started process (PID=1391) to work on /home/airflow/.local/lib/python3.8/site-packages/airflow/example_dags/example_params_ui_tutorial.py
[2024-05-16T01:09:17.128+0000] {processor.py:830} INFO - Processing file /home/airflow/.local/lib/python3.8/site-packages/airflow/example_dags/example_params_ui_tutorial.py for tasks to queue
[2024-05-16T01:09:17.130+0000] {logging_mixin.py:188} INFO - [2024-05-16T01:09:17.130+0000] {dagbag.py:540} INFO - Filling up the DagBag from /home/airflow/.local/lib/python3.8/site-packages/airflow/example_dags/example_params_ui_tutorial.py
[2024-05-16T01:09:17.144+0000] {processor.py:840} INFO - DAG(s) 'example_params_ui_tutorial' retrieved from /home/airflow/.local/lib/python3.8/site-packages/airflow/example_dags/example_params_ui_tutorial.py
[2024-05-16T01:09:17.221+0000] {logging_mixin.py:188} INFO - [2024-05-16T01:09:17.220+0000] {dag.py:3047} INFO - Sync 1 DAGs
[2024-05-16T01:09:17.242+0000] {logging_mixin.py:188} INFO - [2024-05-16T01:09:17.241+0000] {dag.py:3834} INFO - Setting next_dagrun for example_params_ui_tutorial to None, run_after=None
[2024-05-16T01:09:17.271+0000] {processor.py:183} INFO - Processing /home/airflow/.local/lib/python3.8/site-packages/airflow/example_dags/example_params_ui_tutorial.py took 0.150 seconds
[2024-05-16T01:09:47.738+0000] {processor.py:161} INFO - Started process (PID=1450) to work on /home/airflow/.local/lib/python3.8/site-packages/airflow/example_dags/example_params_ui_tutorial.py
[2024-05-16T01:09:47.739+0000] {processor.py:830} INFO - Processing file /home/airflow/.local/lib/python3.8/site-packages/airflow/example_dags/example_params_ui_tutorial.py for tasks to queue
[2024-05-16T01:09:47.741+0000] {logging_mixin.py:188} INFO - [2024-05-16T01:09:47.741+0000] {dagbag.py:540} INFO - Filling up the DagBag from /home/airflow/.local/lib/python3.8/site-packages/airflow/example_dags/example_params_ui_tutorial.py
[2024-05-16T01:09:47.752+0000] {processor.py:840} INFO - DAG(s) 'example_params_ui_tutorial' retrieved from /home/airflow/.local/lib/python3.8/site-packages/airflow/example_dags/example_params_ui_tutorial.py
[2024-05-16T01:09:47.799+0000] {logging_mixin.py:188} INFO - [2024-05-16T01:09:47.799+0000] {dag.py:3047} INFO - Sync 1 DAGs
[2024-05-16T01:09:47.810+0000] {logging_mixin.py:188} INFO - [2024-05-16T01:09:47.809+0000] {dag.py:3834} INFO - Setting next_dagrun for example_params_ui_tutorial to None, run_after=None
[2024-05-16T01:09:47.859+0000] {processor.py:183} INFO - Processing /home/airflow/.local/lib/python3.8/site-packages/airflow/example_dags/example_params_ui_tutorial.py took 0.125 seconds
[2024-05-16T01:10:18.368+0000] {processor.py:161} INFO - Started process (PID=1509) to work on /home/airflow/.local/lib/python3.8/site-packages/airflow/example_dags/example_params_ui_tutorial.py
[2024-05-16T01:10:18.370+0000] {processor.py:830} INFO - Processing file /home/airflow/.local/lib/python3.8/site-packages/airflow/example_dags/example_params_ui_tutorial.py for tasks to queue
[2024-05-16T01:10:18.372+0000] {logging_mixin.py:188} INFO - [2024-05-16T01:10:18.372+0000] {dagbag.py:540} INFO - Filling up the DagBag from /home/airflow/.local/lib/python3.8/site-packages/airflow/example_dags/example_params_ui_tutorial.py
[2024-05-16T01:10:18.386+0000] {processor.py:840} INFO - DAG(s) 'example_params_ui_tutorial' retrieved from /home/airflow/.local/lib/python3.8/site-packages/airflow/example_dags/example_params_ui_tutorial.py
[2024-05-16T01:10:18.450+0000] {logging_mixin.py:188} INFO - [2024-05-16T01:10:18.450+0000] {dag.py:3047} INFO - Sync 1 DAGs
[2024-05-16T01:10:18.463+0000] {logging_mixin.py:188} INFO - [2024-05-16T01:10:18.463+0000] {dag.py:3834} INFO - Setting next_dagrun for example_params_ui_tutorial to None, run_after=None
[2024-05-16T01:10:18.490+0000] {processor.py:183} INFO - Processing /home/airflow/.local/lib/python3.8/site-packages/airflow/example_dags/example_params_ui_tutorial.py took 0.125 seconds
[2024-05-16T01:10:49.084+0000] {processor.py:161} INFO - Started process (PID=1568) to work on /home/airflow/.local/lib/python3.8/site-packages/airflow/example_dags/example_params_ui_tutorial.py
[2024-05-16T01:10:49.085+0000] {processor.py:830} INFO - Processing file /home/airflow/.local/lib/python3.8/site-packages/airflow/example_dags/example_params_ui_tutorial.py for tasks to queue
[2024-05-16T01:10:49.087+0000] {logging_mixin.py:188} INFO - [2024-05-16T01:10:49.087+0000] {dagbag.py:540} INFO - Filling up the DagBag from /home/airflow/.local/lib/python3.8/site-packages/airflow/example_dags/example_params_ui_tutorial.py
[2024-05-16T01:10:49.098+0000] {processor.py:840} INFO - DAG(s) 'example_params_ui_tutorial' retrieved from /home/airflow/.local/lib/python3.8/site-packages/airflow/example_dags/example_params_ui_tutorial.py
[2024-05-16T01:10:49.153+0000] {logging_mixin.py:188} INFO - [2024-05-16T01:10:49.153+0000] {dag.py:3047} INFO - Sync 1 DAGs
[2024-05-16T01:10:49.168+0000] {logging_mixin.py:188} INFO - [2024-05-16T01:10:49.167+0000] {dag.py:3834} INFO - Setting next_dagrun for example_params_ui_tutorial to None, run_after=None
[2024-05-16T01:10:49.194+0000] {processor.py:183} INFO - Processing /home/airflow/.local/lib/python3.8/site-packages/airflow/example_dags/example_params_ui_tutorial.py took 0.113 seconds
[2024-05-16T01:11:19.534+0000] {processor.py:161} INFO - Started process (PID=1627) to work on /home/airflow/.local/lib/python3.8/site-packages/airflow/example_dags/example_params_ui_tutorial.py
[2024-05-16T01:11:19.536+0000] {processor.py:830} INFO - Processing file /home/airflow/.local/lib/python3.8/site-packages/airflow/example_dags/example_params_ui_tutorial.py for tasks to queue
[2024-05-16T01:11:19.538+0000] {logging_mixin.py:188} INFO - [2024-05-16T01:11:19.537+0000] {dagbag.py:540} INFO - Filling up the DagBag from /home/airflow/.local/lib/python3.8/site-packages/airflow/example_dags/example_params_ui_tutorial.py
[2024-05-16T01:11:19.547+0000] {processor.py:840} INFO - DAG(s) 'example_params_ui_tutorial' retrieved from /home/airflow/.local/lib/python3.8/site-packages/airflow/example_dags/example_params_ui_tutorial.py
[2024-05-16T01:11:19.594+0000] {logging_mixin.py:188} INFO - [2024-05-16T01:11:19.594+0000] {dag.py:3047} INFO - Sync 1 DAGs
[2024-05-16T01:11:19.605+0000] {logging_mixin.py:188} INFO - [2024-05-16T01:11:19.604+0000] {dag.py:3834} INFO - Setting next_dagrun for example_params_ui_tutorial to None, run_after=None
[2024-05-16T01:11:19.625+0000] {processor.py:183} INFO - Processing /home/airflow/.local/lib/python3.8/site-packages/airflow/example_dags/example_params_ui_tutorial.py took 0.094 seconds
[2024-05-16T01:11:50.319+0000] {processor.py:161} INFO - Started process (PID=1686) to work on /home/airflow/.local/lib/python3.8/site-packages/airflow/example_dags/example_params_ui_tutorial.py
[2024-05-16T01:11:50.320+0000] {processor.py:830} INFO - Processing file /home/airflow/.local/lib/python3.8/site-packages/airflow/example_dags/example_params_ui_tutorial.py for tasks to queue
[2024-05-16T01:11:50.322+0000] {logging_mixin.py:188} INFO - [2024-05-16T01:11:50.321+0000] {dagbag.py:540} INFO - Filling up the DagBag from /home/airflow/.local/lib/python3.8/site-packages/airflow/example_dags/example_params_ui_tutorial.py
[2024-05-16T01:11:50.331+0000] {processor.py:840} INFO - DAG(s) 'example_params_ui_tutorial' retrieved from /home/airflow/.local/lib/python3.8/site-packages/airflow/example_dags/example_params_ui_tutorial.py
[2024-05-16T01:11:50.377+0000] {logging_mixin.py:188} INFO - [2024-05-16T01:11:50.377+0000] {dag.py:3047} INFO - Sync 1 DAGs
[2024-05-16T01:11:50.387+0000] {logging_mixin.py:188} INFO - [2024-05-16T01:11:50.387+0000] {dag.py:3834} INFO - Setting next_dagrun for example_params_ui_tutorial to None, run_after=None
[2024-05-16T01:11:50.406+0000] {processor.py:183} INFO - Processing /home/airflow/.local/lib/python3.8/site-packages/airflow/example_dags/example_params_ui_tutorial.py took 0.090 seconds
[2024-05-16T01:12:20.671+0000] {processor.py:161} INFO - Started process (PID=1745) to work on /home/airflow/.local/lib/python3.8/site-packages/airflow/example_dags/example_params_ui_tutorial.py
[2024-05-16T01:12:20.672+0000] {processor.py:830} INFO - Processing file /home/airflow/.local/lib/python3.8/site-packages/airflow/example_dags/example_params_ui_tutorial.py for tasks to queue
[2024-05-16T01:12:20.674+0000] {logging_mixin.py:188} INFO - [2024-05-16T01:12:20.673+0000] {dagbag.py:540} INFO - Filling up the DagBag from /home/airflow/.local/lib/python3.8/site-packages/airflow/example_dags/example_params_ui_tutorial.py
[2024-05-16T01:12:20.685+0000] {processor.py:840} INFO - DAG(s) 'example_params_ui_tutorial' retrieved from /home/airflow/.local/lib/python3.8/site-packages/airflow/example_dags/example_params_ui_tutorial.py
[2024-05-16T01:12:20.744+0000] {logging_mixin.py:188} INFO - [2024-05-16T01:12:20.744+0000] {dag.py:3047} INFO - Sync 1 DAGs
[2024-05-16T01:12:20.758+0000] {logging_mixin.py:188} INFO - [2024-05-16T01:12:20.758+0000] {dag.py:3834} INFO - Setting next_dagrun for example_params_ui_tutorial to None, run_after=None
[2024-05-16T01:12:20.778+0000] {processor.py:183} INFO - Processing /home/airflow/.local/lib/python3.8/site-packages/airflow/example_dags/example_params_ui_tutorial.py took 0.110 seconds
[2024-05-16T01:12:51.558+0000] {processor.py:161} INFO - Started process (PID=1804) to work on /home/airflow/.local/lib/python3.8/site-packages/airflow/example_dags/example_params_ui_tutorial.py
[2024-05-16T01:12:51.559+0000] {processor.py:830} INFO - Processing file /home/airflow/.local/lib/python3.8/site-packages/airflow/example_dags/example_params_ui_tutorial.py for tasks to queue
[2024-05-16T01:12:51.561+0000] {logging_mixin.py:188} INFO - [2024-05-16T01:12:51.561+0000] {dagbag.py:540} INFO - Filling up the DagBag from /home/airflow/.local/lib/python3.8/site-packages/airflow/example_dags/example_params_ui_tutorial.py
[2024-05-16T01:12:51.575+0000] {processor.py:840} INFO - DAG(s) 'example_params_ui_tutorial' retrieved from /home/airflow/.local/lib/python3.8/site-packages/airflow/example_dags/example_params_ui_tutorial.py
[2024-05-16T01:12:51.629+0000] {logging_mixin.py:188} INFO - [2024-05-16T01:12:51.629+0000] {dag.py:3047} INFO - Sync 1 DAGs
[2024-05-16T01:12:51.641+0000] {logging_mixin.py:188} INFO - [2024-05-16T01:12:51.640+0000] {dag.py:3834} INFO - Setting next_dagrun for example_params_ui_tutorial to None, run_after=None
[2024-05-16T01:12:51.663+0000] {processor.py:183} INFO - Processing /home/airflow/.local/lib/python3.8/site-packages/airflow/example_dags/example_params_ui_tutorial.py took 0.108 seconds
[2024-05-16T01:13:22.635+0000] {processor.py:161} INFO - Started process (PID=1863) to work on /home/airflow/.local/lib/python3.8/site-packages/airflow/example_dags/example_params_ui_tutorial.py
[2024-05-16T01:13:22.637+0000] {processor.py:830} INFO - Processing file /home/airflow/.local/lib/python3.8/site-packages/airflow/example_dags/example_params_ui_tutorial.py for tasks to queue
[2024-05-16T01:13:22.640+0000] {logging_mixin.py:188} INFO - [2024-05-16T01:13:22.639+0000] {dagbag.py:540} INFO - Filling up the DagBag from /home/airflow/.local/lib/python3.8/site-packages/airflow/example_dags/example_params_ui_tutorial.py
[2024-05-16T01:13:22.656+0000] {processor.py:840} INFO - DAG(s) 'example_params_ui_tutorial' retrieved from /home/airflow/.local/lib/python3.8/site-packages/airflow/example_dags/example_params_ui_tutorial.py
[2024-05-16T01:13:22.728+0000] {logging_mixin.py:188} INFO - [2024-05-16T01:13:22.727+0000] {dag.py:3047} INFO - Sync 1 DAGs
[2024-05-16T01:13:22.746+0000] {logging_mixin.py:188} INFO - [2024-05-16T01:13:22.746+0000] {dag.py:3834} INFO - Setting next_dagrun for example_params_ui_tutorial to None, run_after=None
[2024-05-16T01:13:22.774+0000] {processor.py:183} INFO - Processing /home/airflow/.local/lib/python3.8/site-packages/airflow/example_dags/example_params_ui_tutorial.py took 0.143 seconds
[2024-05-16T01:13:53.830+0000] {processor.py:161} INFO - Started process (PID=1922) to work on /home/airflow/.local/lib/python3.8/site-packages/airflow/example_dags/example_params_ui_tutorial.py
[2024-05-16T01:13:53.836+0000] {processor.py:830} INFO - Processing file /home/airflow/.local/lib/python3.8/site-packages/airflow/example_dags/example_params_ui_tutorial.py for tasks to queue
[2024-05-16T01:13:53.839+0000] {logging_mixin.py:188} INFO - [2024-05-16T01:13:53.839+0000] {dagbag.py:540} INFO - Filling up the DagBag from /home/airflow/.local/lib/python3.8/site-packages/airflow/example_dags/example_params_ui_tutorial.py
[2024-05-16T01:13:53.851+0000] {processor.py:840} INFO - DAG(s) 'example_params_ui_tutorial' retrieved from /home/airflow/.local/lib/python3.8/site-packages/airflow/example_dags/example_params_ui_tutorial.py
[2024-05-16T01:13:53.903+0000] {logging_mixin.py:188} INFO - [2024-05-16T01:13:53.902+0000] {dag.py:3047} INFO - Sync 1 DAGs
[2024-05-16T01:13:53.919+0000] {logging_mixin.py:188} INFO - [2024-05-16T01:13:53.919+0000] {dag.py:3834} INFO - Setting next_dagrun for example_params_ui_tutorial to None, run_after=None
[2024-05-16T01:13:53.944+0000] {processor.py:183} INFO - Processing /home/airflow/.local/lib/python3.8/site-packages/airflow/example_dags/example_params_ui_tutorial.py took 0.117 seconds
[2024-05-16T01:14:24.506+0000] {processor.py:161} INFO - Started process (PID=1981) to work on /home/airflow/.local/lib/python3.8/site-packages/airflow/example_dags/example_params_ui_tutorial.py
[2024-05-16T01:14:24.508+0000] {processor.py:830} INFO - Processing file /home/airflow/.local/lib/python3.8/site-packages/airflow/example_dags/example_params_ui_tutorial.py for tasks to queue
[2024-05-16T01:14:24.511+0000] {logging_mixin.py:188} INFO - [2024-05-16T01:14:24.510+0000] {dagbag.py:540} INFO - Filling up the DagBag from /home/airflow/.local/lib/python3.8/site-packages/airflow/example_dags/example_params_ui_tutorial.py
[2024-05-16T01:14:24.528+0000] {processor.py:840} INFO - DAG(s) 'example_params_ui_tutorial' retrieved from /home/airflow/.local/lib/python3.8/site-packages/airflow/example_dags/example_params_ui_tutorial.py
[2024-05-16T01:14:24.600+0000] {logging_mixin.py:188} INFO - [2024-05-16T01:14:24.599+0000] {dag.py:3047} INFO - Sync 1 DAGs
[2024-05-16T01:14:24.613+0000] {logging_mixin.py:188} INFO - [2024-05-16T01:14:24.613+0000] {dag.py:3834} INFO - Setting next_dagrun for example_params_ui_tutorial to None, run_after=None
[2024-05-16T01:14:24.639+0000] {processor.py:183} INFO - Processing /home/airflow/.local/lib/python3.8/site-packages/airflow/example_dags/example_params_ui_tutorial.py took 0.139 seconds
[2024-05-16T01:14:55.395+0000] {processor.py:161} INFO - Started process (PID=2040) to work on /home/airflow/.local/lib/python3.8/site-packages/airflow/example_dags/example_params_ui_tutorial.py
[2024-05-16T01:14:55.397+0000] {processor.py:830} INFO - Processing file /home/airflow/.local/lib/python3.8/site-packages/airflow/example_dags/example_params_ui_tutorial.py for tasks to queue
[2024-05-16T01:14:55.399+0000] {logging_mixin.py:188} INFO - [2024-05-16T01:14:55.399+0000] {dagbag.py:540} INFO - Filling up the DagBag from /home/airflow/.local/lib/python3.8/site-packages/airflow/example_dags/example_params_ui_tutorial.py
[2024-05-16T01:14:55.413+0000] {processor.py:840} INFO - DAG(s) 'example_params_ui_tutorial' retrieved from /home/airflow/.local/lib/python3.8/site-packages/airflow/example_dags/example_params_ui_tutorial.py
[2024-05-16T01:14:55.489+0000] {logging_mixin.py:188} INFO - [2024-05-16T01:14:55.489+0000] {dag.py:3047} INFO - Sync 1 DAGs
[2024-05-16T01:14:55.506+0000] {logging_mixin.py:188} INFO - [2024-05-16T01:14:55.506+0000] {dag.py:3834} INFO - Setting next_dagrun for example_params_ui_tutorial to None, run_after=None
[2024-05-16T01:14:55.533+0000] {processor.py:183} INFO - Processing /home/airflow/.local/lib/python3.8/site-packages/airflow/example_dags/example_params_ui_tutorial.py took 0.141 seconds
[2024-05-16T01:15:26.195+0000] {processor.py:161} INFO - Started process (PID=2099) to work on /home/airflow/.local/lib/python3.8/site-packages/airflow/example_dags/example_params_ui_tutorial.py
[2024-05-16T01:15:26.197+0000] {processor.py:830} INFO - Processing file /home/airflow/.local/lib/python3.8/site-packages/airflow/example_dags/example_params_ui_tutorial.py for tasks to queue
[2024-05-16T01:15:26.200+0000] {logging_mixin.py:188} INFO - [2024-05-16T01:15:26.200+0000] {dagbag.py:540} INFO - Filling up the DagBag from /home/airflow/.local/lib/python3.8/site-packages/airflow/example_dags/example_params_ui_tutorial.py
[2024-05-16T01:15:26.215+0000] {processor.py:840} INFO - DAG(s) 'example_params_ui_tutorial' retrieved from /home/airflow/.local/lib/python3.8/site-packages/airflow/example_dags/example_params_ui_tutorial.py
[2024-05-16T01:15:26.286+0000] {logging_mixin.py:188} INFO - [2024-05-16T01:15:26.286+0000] {dag.py:3047} INFO - Sync 1 DAGs
[2024-05-16T01:15:26.302+0000] {logging_mixin.py:188} INFO - [2024-05-16T01:15:26.302+0000] {dag.py:3834} INFO - Setting next_dagrun for example_params_ui_tutorial to None, run_after=None
[2024-05-16T01:15:26.333+0000] {processor.py:183} INFO - Processing /home/airflow/.local/lib/python3.8/site-packages/airflow/example_dags/example_params_ui_tutorial.py took 0.141 seconds
[2024-05-16T01:15:57.314+0000] {processor.py:161} INFO - Started process (PID=2158) to work on /home/airflow/.local/lib/python3.8/site-packages/airflow/example_dags/example_params_ui_tutorial.py
[2024-05-16T01:15:57.317+0000] {processor.py:830} INFO - Processing file /home/airflow/.local/lib/python3.8/site-packages/airflow/example_dags/example_params_ui_tutorial.py for tasks to queue
[2024-05-16T01:15:57.320+0000] {logging_mixin.py:188} INFO - [2024-05-16T01:15:57.320+0000] {dagbag.py:540} INFO - Filling up the DagBag from /home/airflow/.local/lib/python3.8/site-packages/airflow/example_dags/example_params_ui_tutorial.py
[2024-05-16T01:15:57.343+0000] {processor.py:840} INFO - DAG(s) 'example_params_ui_tutorial' retrieved from /home/airflow/.local/lib/python3.8/site-packages/airflow/example_dags/example_params_ui_tutorial.py
[2024-05-16T01:15:57.447+0000] {logging_mixin.py:188} INFO - [2024-05-16T01:15:57.446+0000] {dag.py:3047} INFO - Sync 1 DAGs
[2024-05-16T01:15:57.465+0000] {logging_mixin.py:188} INFO - [2024-05-16T01:15:57.464+0000] {dag.py:3834} INFO - Setting next_dagrun for example_params_ui_tutorial to None, run_after=None
[2024-05-16T01:15:57.501+0000] {processor.py:183} INFO - Processing /home/airflow/.local/lib/python3.8/site-packages/airflow/example_dags/example_params_ui_tutorial.py took 0.191 seconds
[2024-05-16T01:16:27.749+0000] {processor.py:161} INFO - Started process (PID=2216) to work on /home/airflow/.local/lib/python3.8/site-packages/airflow/example_dags/example_params_ui_tutorial.py
[2024-05-16T01:16:27.751+0000] {processor.py:830} INFO - Processing file /home/airflow/.local/lib/python3.8/site-packages/airflow/example_dags/example_params_ui_tutorial.py for tasks to queue
[2024-05-16T01:16:27.753+0000] {logging_mixin.py:188} INFO - [2024-05-16T01:16:27.753+0000] {dagbag.py:540} INFO - Filling up the DagBag from /home/airflow/.local/lib/python3.8/site-packages/airflow/example_dags/example_params_ui_tutorial.py
[2024-05-16T01:16:27.768+0000] {processor.py:840} INFO - DAG(s) 'example_params_ui_tutorial' retrieved from /home/airflow/.local/lib/python3.8/site-packages/airflow/example_dags/example_params_ui_tutorial.py
[2024-05-16T01:16:27.849+0000] {logging_mixin.py:188} INFO - [2024-05-16T01:16:27.849+0000] {dag.py:3047} INFO - Sync 1 DAGs
[2024-05-16T01:16:27.864+0000] {logging_mixin.py:188} INFO - [2024-05-16T01:16:27.864+0000] {dag.py:3834} INFO - Setting next_dagrun for example_params_ui_tutorial to None, run_after=None
[2024-05-16T01:16:27.892+0000] {processor.py:183} INFO - Processing /home/airflow/.local/lib/python3.8/site-packages/airflow/example_dags/example_params_ui_tutorial.py took 0.147 seconds
[2024-05-16T01:16:58.409+0000] {processor.py:161} INFO - Started process (PID=2274) to work on /home/airflow/.local/lib/python3.8/site-packages/airflow/example_dags/example_params_ui_tutorial.py
[2024-05-16T01:16:58.411+0000] {processor.py:830} INFO - Processing file /home/airflow/.local/lib/python3.8/site-packages/airflow/example_dags/example_params_ui_tutorial.py for tasks to queue
[2024-05-16T01:16:58.413+0000] {logging_mixin.py:188} INFO - [2024-05-16T01:16:58.413+0000] {dagbag.py:540} INFO - Filling up the DagBag from /home/airflow/.local/lib/python3.8/site-packages/airflow/example_dags/example_params_ui_tutorial.py
[2024-05-16T01:16:58.426+0000] {processor.py:840} INFO - DAG(s) 'example_params_ui_tutorial' retrieved from /home/airflow/.local/lib/python3.8/site-packages/airflow/example_dags/example_params_ui_tutorial.py
[2024-05-16T01:16:58.499+0000] {logging_mixin.py:188} INFO - [2024-05-16T01:16:58.499+0000] {dag.py:3047} INFO - Sync 1 DAGs
[2024-05-16T01:16:58.516+0000] {logging_mixin.py:188} INFO - [2024-05-16T01:16:58.516+0000] {dag.py:3834} INFO - Setting next_dagrun for example_params_ui_tutorial to None, run_after=None
[2024-05-16T01:16:58.540+0000] {processor.py:183} INFO - Processing /home/airflow/.local/lib/python3.8/site-packages/airflow/example_dags/example_params_ui_tutorial.py took 0.135 seconds
[2024-05-16T01:17:28.765+0000] {processor.py:161} INFO - Started process (PID=2334) to work on /home/airflow/.local/lib/python3.8/site-packages/airflow/example_dags/example_params_ui_tutorial.py
[2024-05-16T01:17:28.768+0000] {processor.py:830} INFO - Processing file /home/airflow/.local/lib/python3.8/site-packages/airflow/example_dags/example_params_ui_tutorial.py for tasks to queue
[2024-05-16T01:17:28.771+0000] {logging_mixin.py:188} INFO - [2024-05-16T01:17:28.771+0000] {dagbag.py:540} INFO - Filling up the DagBag from /home/airflow/.local/lib/python3.8/site-packages/airflow/example_dags/example_params_ui_tutorial.py
[2024-05-16T01:17:28.790+0000] {processor.py:840} INFO - DAG(s) 'example_params_ui_tutorial' retrieved from /home/airflow/.local/lib/python3.8/site-packages/airflow/example_dags/example_params_ui_tutorial.py
[2024-05-16T01:17:28.880+0000] {logging_mixin.py:188} INFO - [2024-05-16T01:17:28.879+0000] {dag.py:3047} INFO - Sync 1 DAGs
[2024-05-16T01:17:28.897+0000] {logging_mixin.py:188} INFO - [2024-05-16T01:17:28.897+0000] {dag.py:3834} INFO - Setting next_dagrun for example_params_ui_tutorial to None, run_after=None
[2024-05-16T01:17:28.936+0000] {processor.py:183} INFO - Processing /home/airflow/.local/lib/python3.8/site-packages/airflow/example_dags/example_params_ui_tutorial.py took 0.176 seconds
[2024-05-16T01:17:59.435+0000] {processor.py:161} INFO - Started process (PID=2393) to work on /home/airflow/.local/lib/python3.8/site-packages/airflow/example_dags/example_params_ui_tutorial.py
[2024-05-16T01:17:59.437+0000] {processor.py:830} INFO - Processing file /home/airflow/.local/lib/python3.8/site-packages/airflow/example_dags/example_params_ui_tutorial.py for tasks to queue
[2024-05-16T01:17:59.440+0000] {logging_mixin.py:188} INFO - [2024-05-16T01:17:59.440+0000] {dagbag.py:540} INFO - Filling up the DagBag from /home/airflow/.local/lib/python3.8/site-packages/airflow/example_dags/example_params_ui_tutorial.py
[2024-05-16T01:17:59.455+0000] {processor.py:840} INFO - DAG(s) 'example_params_ui_tutorial' retrieved from /home/airflow/.local/lib/python3.8/site-packages/airflow/example_dags/example_params_ui_tutorial.py
[2024-05-16T01:17:59.529+0000] {logging_mixin.py:188} INFO - [2024-05-16T01:17:59.529+0000] {dag.py:3047} INFO - Sync 1 DAGs
[2024-05-16T01:17:59.544+0000] {logging_mixin.py:188} INFO - [2024-05-16T01:17:59.543+0000] {dag.py:3834} INFO - Setting next_dagrun for example_params_ui_tutorial to None, run_after=None
[2024-05-16T01:17:59.575+0000] {processor.py:183} INFO - Processing /home/airflow/.local/lib/python3.8/site-packages/airflow/example_dags/example_params_ui_tutorial.py took 0.144 seconds
[2024-05-16T01:18:29.881+0000] {processor.py:161} INFO - Started process (PID=2451) to work on /home/airflow/.local/lib/python3.8/site-packages/airflow/example_dags/example_params_ui_tutorial.py
[2024-05-16T01:18:29.883+0000] {processor.py:830} INFO - Processing file /home/airflow/.local/lib/python3.8/site-packages/airflow/example_dags/example_params_ui_tutorial.py for tasks to queue
[2024-05-16T01:18:29.886+0000] {logging_mixin.py:188} INFO - [2024-05-16T01:18:29.886+0000] {dagbag.py:540} INFO - Filling up the DagBag from /home/airflow/.local/lib/python3.8/site-packages/airflow/example_dags/example_params_ui_tutorial.py
[2024-05-16T01:18:29.904+0000] {processor.py:840} INFO - DAG(s) 'example_params_ui_tutorial' retrieved from /home/airflow/.local/lib/python3.8/site-packages/airflow/example_dags/example_params_ui_tutorial.py
[2024-05-16T01:18:29.989+0000] {logging_mixin.py:188} INFO - [2024-05-16T01:18:29.988+0000] {dag.py:3047} INFO - Sync 1 DAGs
[2024-05-16T01:18:30.006+0000] {logging_mixin.py:188} INFO - [2024-05-16T01:18:30.006+0000] {dag.py:3834} INFO - Setting next_dagrun for example_params_ui_tutorial to None, run_after=None
[2024-05-16T01:18:30.036+0000] {processor.py:183} INFO - Processing /home/airflow/.local/lib/python3.8/site-packages/airflow/example_dags/example_params_ui_tutorial.py took 0.160 seconds
[2024-05-16T01:19:00.273+0000] {processor.py:161} INFO - Started process (PID=2510) to work on /home/airflow/.local/lib/python3.8/site-packages/airflow/example_dags/example_params_ui_tutorial.py
[2024-05-16T01:19:00.275+0000] {processor.py:830} INFO - Processing file /home/airflow/.local/lib/python3.8/site-packages/airflow/example_dags/example_params_ui_tutorial.py for tasks to queue
[2024-05-16T01:19:00.278+0000] {logging_mixin.py:188} INFO - [2024-05-16T01:19:00.278+0000] {dagbag.py:540} INFO - Filling up the DagBag from /home/airflow/.local/lib/python3.8/site-packages/airflow/example_dags/example_params_ui_tutorial.py
[2024-05-16T01:19:00.300+0000] {processor.py:840} INFO - DAG(s) 'example_params_ui_tutorial' retrieved from /home/airflow/.local/lib/python3.8/site-packages/airflow/example_dags/example_params_ui_tutorial.py
[2024-05-16T01:19:00.392+0000] {logging_mixin.py:188} INFO - [2024-05-16T01:19:00.391+0000] {dag.py:3047} INFO - Sync 1 DAGs
[2024-05-16T01:19:00.412+0000] {logging_mixin.py:188} INFO - [2024-05-16T01:19:00.411+0000] {dag.py:3834} INFO - Setting next_dagrun for example_params_ui_tutorial to None, run_after=None
[2024-05-16T01:19:00.447+0000] {processor.py:183} INFO - Processing /home/airflow/.local/lib/python3.8/site-packages/airflow/example_dags/example_params_ui_tutorial.py took 0.179 seconds
[2024-05-16T01:19:31.355+0000] {processor.py:161} INFO - Started process (PID=2569) to work on /home/airflow/.local/lib/python3.8/site-packages/airflow/example_dags/example_params_ui_tutorial.py
[2024-05-16T01:19:31.357+0000] {processor.py:830} INFO - Processing file /home/airflow/.local/lib/python3.8/site-packages/airflow/example_dags/example_params_ui_tutorial.py for tasks to queue
[2024-05-16T01:19:31.360+0000] {logging_mixin.py:188} INFO - [2024-05-16T01:19:31.360+0000] {dagbag.py:540} INFO - Filling up the DagBag from /home/airflow/.local/lib/python3.8/site-packages/airflow/example_dags/example_params_ui_tutorial.py
[2024-05-16T01:19:31.376+0000] {processor.py:840} INFO - DAG(s) 'example_params_ui_tutorial' retrieved from /home/airflow/.local/lib/python3.8/site-packages/airflow/example_dags/example_params_ui_tutorial.py
[2024-05-16T01:19:31.453+0000] {logging_mixin.py:188} INFO - [2024-05-16T01:19:31.453+0000] {dag.py:3047} INFO - Sync 1 DAGs
[2024-05-16T01:19:31.470+0000] {logging_mixin.py:188} INFO - [2024-05-16T01:19:31.469+0000] {dag.py:3834} INFO - Setting next_dagrun for example_params_ui_tutorial to None, run_after=None
[2024-05-16T01:19:31.506+0000] {processor.py:183} INFO - Processing /home/airflow/.local/lib/python3.8/site-packages/airflow/example_dags/example_params_ui_tutorial.py took 0.156 seconds
[2024-05-16T01:20:02.132+0000] {processor.py:161} INFO - Started process (PID=2628) to work on /home/airflow/.local/lib/python3.8/site-packages/airflow/example_dags/example_params_ui_tutorial.py
[2024-05-16T01:20:02.135+0000] {processor.py:830} INFO - Processing file /home/airflow/.local/lib/python3.8/site-packages/airflow/example_dags/example_params_ui_tutorial.py for tasks to queue
[2024-05-16T01:20:02.138+0000] {logging_mixin.py:188} INFO - [2024-05-16T01:20:02.137+0000] {dagbag.py:540} INFO - Filling up the DagBag from /home/airflow/.local/lib/python3.8/site-packages/airflow/example_dags/example_params_ui_tutorial.py
[2024-05-16T01:20:02.155+0000] {processor.py:840} INFO - DAG(s) 'example_params_ui_tutorial' retrieved from /home/airflow/.local/lib/python3.8/site-packages/airflow/example_dags/example_params_ui_tutorial.py
[2024-05-16T01:20:02.235+0000] {logging_mixin.py:188} INFO - [2024-05-16T01:20:02.235+0000] {dag.py:3047} INFO - Sync 1 DAGs
[2024-05-16T01:20:02.251+0000] {logging_mixin.py:188} INFO - [2024-05-16T01:20:02.250+0000] {dag.py:3834} INFO - Setting next_dagrun for example_params_ui_tutorial to None, run_after=None
[2024-05-16T01:20:02.280+0000] {processor.py:183} INFO - Processing /home/airflow/.local/lib/python3.8/site-packages/airflow/example_dags/example_params_ui_tutorial.py took 0.152 seconds
[2024-05-16T01:20:32.853+0000] {processor.py:161} INFO - Started process (PID=2687) to work on /home/airflow/.local/lib/python3.8/site-packages/airflow/example_dags/example_params_ui_tutorial.py
[2024-05-16T01:20:32.856+0000] {processor.py:830} INFO - Processing file /home/airflow/.local/lib/python3.8/site-packages/airflow/example_dags/example_params_ui_tutorial.py for tasks to queue
[2024-05-16T01:20:32.860+0000] {logging_mixin.py:188} INFO - [2024-05-16T01:20:32.859+0000] {dagbag.py:540} INFO - Filling up the DagBag from /home/airflow/.local/lib/python3.8/site-packages/airflow/example_dags/example_params_ui_tutorial.py
[2024-05-16T01:20:32.882+0000] {processor.py:840} INFO - DAG(s) 'example_params_ui_tutorial' retrieved from /home/airflow/.local/lib/python3.8/site-packages/airflow/example_dags/example_params_ui_tutorial.py
[2024-05-16T01:20:32.972+0000] {logging_mixin.py:188} INFO - [2024-05-16T01:20:32.971+0000] {dag.py:3047} INFO - Sync 1 DAGs
[2024-05-16T01:20:32.990+0000] {logging_mixin.py:188} INFO - [2024-05-16T01:20:32.990+0000] {dag.py:3834} INFO - Setting next_dagrun for example_params_ui_tutorial to None, run_after=None
[2024-05-16T01:20:33.025+0000] {processor.py:183} INFO - Processing /home/airflow/.local/lib/python3.8/site-packages/airflow/example_dags/example_params_ui_tutorial.py took 0.177 seconds
[2024-05-16T01:21:03.702+0000] {processor.py:161} INFO - Started process (PID=2746) to work on /home/airflow/.local/lib/python3.8/site-packages/airflow/example_dags/example_params_ui_tutorial.py
[2024-05-16T01:21:03.704+0000] {processor.py:830} INFO - Processing file /home/airflow/.local/lib/python3.8/site-packages/airflow/example_dags/example_params_ui_tutorial.py for tasks to queue
[2024-05-16T01:21:03.707+0000] {logging_mixin.py:188} INFO - [2024-05-16T01:21:03.707+0000] {dagbag.py:540} INFO - Filling up the DagBag from /home/airflow/.local/lib/python3.8/site-packages/airflow/example_dags/example_params_ui_tutorial.py
[2024-05-16T01:21:03.724+0000] {processor.py:840} INFO - DAG(s) 'example_params_ui_tutorial' retrieved from /home/airflow/.local/lib/python3.8/site-packages/airflow/example_dags/example_params_ui_tutorial.py
[2024-05-16T01:21:03.806+0000] {logging_mixin.py:188} INFO - [2024-05-16T01:21:03.806+0000] {dag.py:3047} INFO - Sync 1 DAGs
[2024-05-16T01:21:03.825+0000] {logging_mixin.py:188} INFO - [2024-05-16T01:21:03.825+0000] {dag.py:3834} INFO - Setting next_dagrun for example_params_ui_tutorial to None, run_after=None
[2024-05-16T01:21:03.861+0000] {processor.py:183} INFO - Processing /home/airflow/.local/lib/python3.8/site-packages/airflow/example_dags/example_params_ui_tutorial.py took 0.163 seconds
[2024-05-16T01:21:34.165+0000] {processor.py:161} INFO - Started process (PID=2805) to work on /home/airflow/.local/lib/python3.8/site-packages/airflow/example_dags/example_params_ui_tutorial.py
[2024-05-16T01:21:34.167+0000] {processor.py:830} INFO - Processing file /home/airflow/.local/lib/python3.8/site-packages/airflow/example_dags/example_params_ui_tutorial.py for tasks to queue
[2024-05-16T01:21:34.170+0000] {logging_mixin.py:188} INFO - [2024-05-16T01:21:34.170+0000] {dagbag.py:540} INFO - Filling up the DagBag from /home/airflow/.local/lib/python3.8/site-packages/airflow/example_dags/example_params_ui_tutorial.py
[2024-05-16T01:21:34.190+0000] {processor.py:840} INFO - DAG(s) 'example_params_ui_tutorial' retrieved from /home/airflow/.local/lib/python3.8/site-packages/airflow/example_dags/example_params_ui_tutorial.py
[2024-05-16T01:21:34.293+0000] {logging_mixin.py:188} INFO - [2024-05-16T01:21:34.292+0000] {dag.py:3047} INFO - Sync 1 DAGs
[2024-05-16T01:21:34.314+0000] {logging_mixin.py:188} INFO - [2024-05-16T01:21:34.314+0000] {dag.py:3834} INFO - Setting next_dagrun for example_params_ui_tutorial to None, run_after=None
[2024-05-16T01:21:34.348+0000] {processor.py:183} INFO - Processing /home/airflow/.local/lib/python3.8/site-packages/airflow/example_dags/example_params_ui_tutorial.py took 0.189 seconds
[2024-05-16T01:22:04.949+0000] {processor.py:161} INFO - Started process (PID=2864) to work on /home/airflow/.local/lib/python3.8/site-packages/airflow/example_dags/example_params_ui_tutorial.py
[2024-05-16T01:22:04.952+0000] {processor.py:830} INFO - Processing file /home/airflow/.local/lib/python3.8/site-packages/airflow/example_dags/example_params_ui_tutorial.py for tasks to queue
[2024-05-16T01:22:04.958+0000] {logging_mixin.py:188} INFO - [2024-05-16T01:22:04.957+0000] {dagbag.py:540} INFO - Filling up the DagBag from /home/airflow/.local/lib/python3.8/site-packages/airflow/example_dags/example_params_ui_tutorial.py
[2024-05-16T01:22:04.981+0000] {processor.py:840} INFO - DAG(s) 'example_params_ui_tutorial' retrieved from /home/airflow/.local/lib/python3.8/site-packages/airflow/example_dags/example_params_ui_tutorial.py
[2024-05-16T01:22:05.108+0000] {logging_mixin.py:188} INFO - [2024-05-16T01:22:05.107+0000] {dag.py:3047} INFO - Sync 1 DAGs
[2024-05-16T01:22:05.132+0000] {logging_mixin.py:188} INFO - [2024-05-16T01:22:05.131+0000] {dag.py:3834} INFO - Setting next_dagrun for example_params_ui_tutorial to None, run_after=None
[2024-05-16T01:22:05.180+0000] {processor.py:183} INFO - Processing /home/airflow/.local/lib/python3.8/site-packages/airflow/example_dags/example_params_ui_tutorial.py took 0.237 seconds
[2024-05-16T01:22:35.604+0000] {processor.py:161} INFO - Started process (PID=2923) to work on /home/airflow/.local/lib/python3.8/site-packages/airflow/example_dags/example_params_ui_tutorial.py
[2024-05-16T01:22:35.606+0000] {processor.py:830} INFO - Processing file /home/airflow/.local/lib/python3.8/site-packages/airflow/example_dags/example_params_ui_tutorial.py for tasks to queue
[2024-05-16T01:22:35.609+0000] {logging_mixin.py:188} INFO - [2024-05-16T01:22:35.609+0000] {dagbag.py:540} INFO - Filling up the DagBag from /home/airflow/.local/lib/python3.8/site-packages/airflow/example_dags/example_params_ui_tutorial.py
[2024-05-16T01:22:35.627+0000] {processor.py:840} INFO - DAG(s) 'example_params_ui_tutorial' retrieved from /home/airflow/.local/lib/python3.8/site-packages/airflow/example_dags/example_params_ui_tutorial.py
[2024-05-16T01:22:35.723+0000] {logging_mixin.py:188} INFO - [2024-05-16T01:22:35.722+0000] {dag.py:3047} INFO - Sync 1 DAGs
[2024-05-16T01:22:35.740+0000] {logging_mixin.py:188} INFO - [2024-05-16T01:22:35.740+0000] {dag.py:3834} INFO - Setting next_dagrun for example_params_ui_tutorial to None, run_after=None
[2024-05-16T01:22:35.768+0000] {processor.py:183} INFO - Processing /home/airflow/.local/lib/python3.8/site-packages/airflow/example_dags/example_params_ui_tutorial.py took 0.169 seconds
[2024-05-16T01:23:06.504+0000] {processor.py:161} INFO - Started process (PID=2982) to work on /home/airflow/.local/lib/python3.8/site-packages/airflow/example_dags/example_params_ui_tutorial.py
[2024-05-16T01:23:06.506+0000] {processor.py:830} INFO - Processing file /home/airflow/.local/lib/python3.8/site-packages/airflow/example_dags/example_params_ui_tutorial.py for tasks to queue
[2024-05-16T01:23:06.509+0000] {logging_mixin.py:188} INFO - [2024-05-16T01:23:06.508+0000] {dagbag.py:540} INFO - Filling up the DagBag from /home/airflow/.local/lib/python3.8/site-packages/airflow/example_dags/example_params_ui_tutorial.py
[2024-05-16T01:23:06.524+0000] {processor.py:840} INFO - DAG(s) 'example_params_ui_tutorial' retrieved from /home/airflow/.local/lib/python3.8/site-packages/airflow/example_dags/example_params_ui_tutorial.py
[2024-05-16T01:23:06.609+0000] {logging_mixin.py:188} INFO - [2024-05-16T01:23:06.608+0000] {dag.py:3047} INFO - Sync 1 DAGs
[2024-05-16T01:23:06.627+0000] {logging_mixin.py:188} INFO - [2024-05-16T01:23:06.627+0000] {dag.py:3834} INFO - Setting next_dagrun for example_params_ui_tutorial to None, run_after=None
[2024-05-16T01:23:06.657+0000] {processor.py:183} INFO - Processing /home/airflow/.local/lib/python3.8/site-packages/airflow/example_dags/example_params_ui_tutorial.py took 0.157 seconds
