[2024-05-16T00:57:57.247+0000] {processor.py:161} INFO - Started process (PID=64) to work on /home/airflow/.local/lib/python3.8/site-packages/airflow/example_dags/example_python_operator.py
[2024-05-16T00:57:57.249+0000] {processor.py:830} INFO - Processing file /home/airflow/.local/lib/python3.8/site-packages/airflow/example_dags/example_python_operator.py for tasks to queue
[2024-05-16T00:57:57.253+0000] {logging_mixin.py:188} INFO - [2024-05-16T00:57:57.252+0000] {dagbag.py:540} INFO - Filling up the DagBag from /home/airflow/.local/lib/python3.8/site-packages/airflow/example_dags/example_python_operator.py
[2024-05-16T00:57:57.273+0000] {processor.py:840} INFO - DAG(s) 'example_python_operator' retrieved from /home/airflow/.local/lib/python3.8/site-packages/airflow/example_dags/example_python_operator.py
[2024-05-16T00:57:57.394+0000] {logging_mixin.py:188} INFO - [2024-05-16T00:57:57.393+0000] {dag.py:3047} INFO - Sync 1 DAGs
[2024-05-16T00:57:57.405+0000] {logging_mixin.py:188} INFO - [2024-05-16T00:57:57.405+0000] {dag.py:3834} INFO - Setting next_dagrun for example_python_operator to None, run_after=None
[2024-05-16T00:57:57.428+0000] {processor.py:183} INFO - Processing /home/airflow/.local/lib/python3.8/site-packages/airflow/example_dags/example_python_operator.py took 0.187 seconds
[2024-05-16T00:58:28.650+0000] {processor.py:161} INFO - Started process (PID=123) to work on /home/airflow/.local/lib/python3.8/site-packages/airflow/example_dags/example_python_operator.py
[2024-05-16T00:58:28.652+0000] {processor.py:830} INFO - Processing file /home/airflow/.local/lib/python3.8/site-packages/airflow/example_dags/example_python_operator.py for tasks to queue
[2024-05-16T00:58:28.655+0000] {logging_mixin.py:188} INFO - [2024-05-16T00:58:28.655+0000] {dagbag.py:540} INFO - Filling up the DagBag from /home/airflow/.local/lib/python3.8/site-packages/airflow/example_dags/example_python_operator.py
[2024-05-16T00:58:28.672+0000] {processor.py:840} INFO - DAG(s) 'example_python_operator' retrieved from /home/airflow/.local/lib/python3.8/site-packages/airflow/example_dags/example_python_operator.py
[2024-05-16T00:58:28.715+0000] {logging_mixin.py:188} INFO - [2024-05-16T00:58:28.715+0000] {dag.py:3047} INFO - Sync 1 DAGs
[2024-05-16T00:58:28.739+0000] {logging_mixin.py:188} INFO - [2024-05-16T00:58:28.739+0000] {dag.py:3834} INFO - Setting next_dagrun for example_python_operator to None, run_after=None
[2024-05-16T00:58:28.774+0000] {processor.py:183} INFO - Processing /home/airflow/.local/lib/python3.8/site-packages/airflow/example_dags/example_python_operator.py took 0.130 seconds
[2024-05-16T00:58:58.932+0000] {processor.py:161} INFO - Started process (PID=182) to work on /home/airflow/.local/lib/python3.8/site-packages/airflow/example_dags/example_python_operator.py
[2024-05-16T00:58:58.934+0000] {processor.py:830} INFO - Processing file /home/airflow/.local/lib/python3.8/site-packages/airflow/example_dags/example_python_operator.py for tasks to queue
[2024-05-16T00:58:58.936+0000] {logging_mixin.py:188} INFO - [2024-05-16T00:58:58.936+0000] {dagbag.py:540} INFO - Filling up the DagBag from /home/airflow/.local/lib/python3.8/site-packages/airflow/example_dags/example_python_operator.py
[2024-05-16T00:58:58.947+0000] {processor.py:840} INFO - DAG(s) 'example_python_operator' retrieved from /home/airflow/.local/lib/python3.8/site-packages/airflow/example_dags/example_python_operator.py
[2024-05-16T00:58:58.971+0000] {logging_mixin.py:188} INFO - [2024-05-16T00:58:58.970+0000] {dag.py:3047} INFO - Sync 1 DAGs
[2024-05-16T00:58:58.984+0000] {logging_mixin.py:188} INFO - [2024-05-16T00:58:58.984+0000] {dag.py:3834} INFO - Setting next_dagrun for example_python_operator to None, run_after=None
[2024-05-16T00:58:59.009+0000] {processor.py:183} INFO - Processing /home/airflow/.local/lib/python3.8/site-packages/airflow/example_dags/example_python_operator.py took 0.080 seconds
[2024-05-16T00:59:29.483+0000] {processor.py:161} INFO - Started process (PID=241) to work on /home/airflow/.local/lib/python3.8/site-packages/airflow/example_dags/example_python_operator.py
[2024-05-16T00:59:29.484+0000] {processor.py:830} INFO - Processing file /home/airflow/.local/lib/python3.8/site-packages/airflow/example_dags/example_python_operator.py for tasks to queue
[2024-05-16T00:59:29.486+0000] {logging_mixin.py:188} INFO - [2024-05-16T00:59:29.485+0000] {dagbag.py:540} INFO - Filling up the DagBag from /home/airflow/.local/lib/python3.8/site-packages/airflow/example_dags/example_python_operator.py
[2024-05-16T00:59:29.496+0000] {processor.py:840} INFO - DAG(s) 'example_python_operator' retrieved from /home/airflow/.local/lib/python3.8/site-packages/airflow/example_dags/example_python_operator.py
[2024-05-16T00:59:29.521+0000] {logging_mixin.py:188} INFO - [2024-05-16T00:59:29.520+0000] {dag.py:3047} INFO - Sync 1 DAGs
[2024-05-16T00:59:29.535+0000] {logging_mixin.py:188} INFO - [2024-05-16T00:59:29.534+0000] {dag.py:3834} INFO - Setting next_dagrun for example_python_operator to None, run_after=None
[2024-05-16T00:59:29.560+0000] {processor.py:183} INFO - Processing /home/airflow/.local/lib/python3.8/site-packages/airflow/example_dags/example_python_operator.py took 0.081 seconds
[2024-05-16T00:59:59.867+0000] {processor.py:161} INFO - Started process (PID=299) to work on /home/airflow/.local/lib/python3.8/site-packages/airflow/example_dags/example_python_operator.py
[2024-05-16T00:59:59.869+0000] {processor.py:830} INFO - Processing file /home/airflow/.local/lib/python3.8/site-packages/airflow/example_dags/example_python_operator.py for tasks to queue
[2024-05-16T00:59:59.872+0000] {logging_mixin.py:188} INFO - [2024-05-16T00:59:59.871+0000] {dagbag.py:540} INFO - Filling up the DagBag from /home/airflow/.local/lib/python3.8/site-packages/airflow/example_dags/example_python_operator.py
[2024-05-16T00:59:59.885+0000] {processor.py:840} INFO - DAG(s) 'example_python_operator' retrieved from /home/airflow/.local/lib/python3.8/site-packages/airflow/example_dags/example_python_operator.py
[2024-05-16T00:59:59.910+0000] {logging_mixin.py:188} INFO - [2024-05-16T00:59:59.910+0000] {dag.py:3047} INFO - Sync 1 DAGs
[2024-05-16T00:59:59.924+0000] {logging_mixin.py:188} INFO - [2024-05-16T00:59:59.924+0000] {dag.py:3834} INFO - Setting next_dagrun for example_python_operator to None, run_after=None
[2024-05-16T00:59:59.951+0000] {processor.py:183} INFO - Processing /home/airflow/.local/lib/python3.8/site-packages/airflow/example_dags/example_python_operator.py took 0.089 seconds
[2024-05-16T01:00:31.048+0000] {processor.py:161} INFO - Started process (PID=359) to work on /home/airflow/.local/lib/python3.8/site-packages/airflow/example_dags/example_python_operator.py
[2024-05-16T01:00:31.049+0000] {processor.py:830} INFO - Processing file /home/airflow/.local/lib/python3.8/site-packages/airflow/example_dags/example_python_operator.py for tasks to queue
[2024-05-16T01:00:31.052+0000] {logging_mixin.py:188} INFO - [2024-05-16T01:00:31.051+0000] {dagbag.py:540} INFO - Filling up the DagBag from /home/airflow/.local/lib/python3.8/site-packages/airflow/example_dags/example_python_operator.py
[2024-05-16T01:00:31.062+0000] {processor.py:840} INFO - DAG(s) 'example_python_operator' retrieved from /home/airflow/.local/lib/python3.8/site-packages/airflow/example_dags/example_python_operator.py
[2024-05-16T01:00:31.084+0000] {logging_mixin.py:188} INFO - [2024-05-16T01:00:31.083+0000] {dag.py:3047} INFO - Sync 1 DAGs
[2024-05-16T01:00:31.098+0000] {logging_mixin.py:188} INFO - [2024-05-16T01:00:31.097+0000] {dag.py:3834} INFO - Setting next_dagrun for example_python_operator to None, run_after=None
[2024-05-16T01:00:31.123+0000] {processor.py:183} INFO - Processing /home/airflow/.local/lib/python3.8/site-packages/airflow/example_dags/example_python_operator.py took 0.077 seconds
[2024-05-16T01:01:01.898+0000] {processor.py:161} INFO - Started process (PID=418) to work on /home/airflow/.local/lib/python3.8/site-packages/airflow/example_dags/example_python_operator.py
[2024-05-16T01:01:01.900+0000] {processor.py:830} INFO - Processing file /home/airflow/.local/lib/python3.8/site-packages/airflow/example_dags/example_python_operator.py for tasks to queue
[2024-05-16T01:01:01.904+0000] {logging_mixin.py:188} INFO - [2024-05-16T01:01:01.903+0000] {dagbag.py:540} INFO - Filling up the DagBag from /home/airflow/.local/lib/python3.8/site-packages/airflow/example_dags/example_python_operator.py
[2024-05-16T01:01:01.920+0000] {processor.py:840} INFO - DAG(s) 'example_python_operator' retrieved from /home/airflow/.local/lib/python3.8/site-packages/airflow/example_dags/example_python_operator.py
[2024-05-16T01:01:01.951+0000] {logging_mixin.py:188} INFO - [2024-05-16T01:01:01.951+0000] {dag.py:3047} INFO - Sync 1 DAGs
[2024-05-16T01:01:01.972+0000] {logging_mixin.py:188} INFO - [2024-05-16T01:01:01.971+0000] {dag.py:3834} INFO - Setting next_dagrun for example_python_operator to None, run_after=None
[2024-05-16T01:01:02.006+0000] {processor.py:183} INFO - Processing /home/airflow/.local/lib/python3.8/site-packages/airflow/example_dags/example_python_operator.py took 0.112 seconds
[2024-05-16T01:01:33.056+0000] {processor.py:161} INFO - Started process (PID=477) to work on /home/airflow/.local/lib/python3.8/site-packages/airflow/example_dags/example_python_operator.py
[2024-05-16T01:01:33.059+0000] {processor.py:830} INFO - Processing file /home/airflow/.local/lib/python3.8/site-packages/airflow/example_dags/example_python_operator.py for tasks to queue
[2024-05-16T01:01:33.064+0000] {logging_mixin.py:188} INFO - [2024-05-16T01:01:33.063+0000] {dagbag.py:540} INFO - Filling up the DagBag from /home/airflow/.local/lib/python3.8/site-packages/airflow/example_dags/example_python_operator.py
[2024-05-16T01:01:33.081+0000] {processor.py:840} INFO - DAG(s) 'example_python_operator' retrieved from /home/airflow/.local/lib/python3.8/site-packages/airflow/example_dags/example_python_operator.py
[2024-05-16T01:01:33.117+0000] {logging_mixin.py:188} INFO - [2024-05-16T01:01:33.117+0000] {dag.py:3047} INFO - Sync 1 DAGs
[2024-05-16T01:01:33.135+0000] {logging_mixin.py:188} INFO - [2024-05-16T01:01:33.135+0000] {dag.py:3834} INFO - Setting next_dagrun for example_python_operator to None, run_after=None
[2024-05-16T01:01:33.171+0000] {processor.py:183} INFO - Processing /home/airflow/.local/lib/python3.8/site-packages/airflow/example_dags/example_python_operator.py took 0.120 seconds
[2024-05-16T01:02:04.027+0000] {processor.py:161} INFO - Started process (PID=535) to work on /home/airflow/.local/lib/python3.8/site-packages/airflow/example_dags/example_python_operator.py
[2024-05-16T01:02:04.028+0000] {processor.py:830} INFO - Processing file /home/airflow/.local/lib/python3.8/site-packages/airflow/example_dags/example_python_operator.py for tasks to queue
[2024-05-16T01:02:04.031+0000] {logging_mixin.py:188} INFO - [2024-05-16T01:02:04.031+0000] {dagbag.py:540} INFO - Filling up the DagBag from /home/airflow/.local/lib/python3.8/site-packages/airflow/example_dags/example_python_operator.py
[2024-05-16T01:02:04.042+0000] {processor.py:840} INFO - DAG(s) 'example_python_operator' retrieved from /home/airflow/.local/lib/python3.8/site-packages/airflow/example_dags/example_python_operator.py
[2024-05-16T01:02:04.064+0000] {logging_mixin.py:188} INFO - [2024-05-16T01:02:04.064+0000] {dag.py:3047} INFO - Sync 1 DAGs
[2024-05-16T01:02:04.074+0000] {logging_mixin.py:188} INFO - [2024-05-16T01:02:04.074+0000] {dag.py:3834} INFO - Setting next_dagrun for example_python_operator to None, run_after=None
[2024-05-16T01:02:04.098+0000] {processor.py:183} INFO - Processing /home/airflow/.local/lib/python3.8/site-packages/airflow/example_dags/example_python_operator.py took 0.075 seconds
[2024-05-16T01:02:34.591+0000] {processor.py:161} INFO - Started process (PID=594) to work on /home/airflow/.local/lib/python3.8/site-packages/airflow/example_dags/example_python_operator.py
[2024-05-16T01:02:34.593+0000] {processor.py:830} INFO - Processing file /home/airflow/.local/lib/python3.8/site-packages/airflow/example_dags/example_python_operator.py for tasks to queue
[2024-05-16T01:02:34.597+0000] {logging_mixin.py:188} INFO - [2024-05-16T01:02:34.596+0000] {dagbag.py:540} INFO - Filling up the DagBag from /home/airflow/.local/lib/python3.8/site-packages/airflow/example_dags/example_python_operator.py
[2024-05-16T01:02:34.611+0000] {processor.py:840} INFO - DAG(s) 'example_python_operator' retrieved from /home/airflow/.local/lib/python3.8/site-packages/airflow/example_dags/example_python_operator.py
[2024-05-16T01:02:34.653+0000] {logging_mixin.py:188} INFO - [2024-05-16T01:02:34.652+0000] {dag.py:3047} INFO - Sync 1 DAGs
[2024-05-16T01:02:34.677+0000] {logging_mixin.py:188} INFO - [2024-05-16T01:02:34.676+0000] {dag.py:3834} INFO - Setting next_dagrun for example_python_operator to None, run_after=None
[2024-05-16T01:02:34.713+0000] {processor.py:183} INFO - Processing /home/airflow/.local/lib/python3.8/site-packages/airflow/example_dags/example_python_operator.py took 0.127 seconds
[2024-05-16T01:03:05.127+0000] {processor.py:161} INFO - Started process (PID=651) to work on /home/airflow/.local/lib/python3.8/site-packages/airflow/example_dags/example_python_operator.py
[2024-05-16T01:03:05.129+0000] {processor.py:830} INFO - Processing file /home/airflow/.local/lib/python3.8/site-packages/airflow/example_dags/example_python_operator.py for tasks to queue
[2024-05-16T01:03:05.132+0000] {logging_mixin.py:188} INFO - [2024-05-16T01:03:05.132+0000] {dagbag.py:540} INFO - Filling up the DagBag from /home/airflow/.local/lib/python3.8/site-packages/airflow/example_dags/example_python_operator.py
[2024-05-16T01:03:05.144+0000] {processor.py:840} INFO - DAG(s) 'example_python_operator' retrieved from /home/airflow/.local/lib/python3.8/site-packages/airflow/example_dags/example_python_operator.py
[2024-05-16T01:03:05.171+0000] {logging_mixin.py:188} INFO - [2024-05-16T01:03:05.170+0000] {dag.py:3047} INFO - Sync 1 DAGs
[2024-05-16T01:03:05.189+0000] {logging_mixin.py:188} INFO - [2024-05-16T01:03:05.188+0000] {dag.py:3834} INFO - Setting next_dagrun for example_python_operator to None, run_after=None
[2024-05-16T01:03:05.216+0000] {processor.py:183} INFO - Processing /home/airflow/.local/lib/python3.8/site-packages/airflow/example_dags/example_python_operator.py took 0.092 seconds
[2024-05-16T01:03:35.387+0000] {processor.py:161} INFO - Started process (PID=709) to work on /home/airflow/.local/lib/python3.8/site-packages/airflow/example_dags/example_python_operator.py
[2024-05-16T01:03:35.388+0000] {processor.py:830} INFO - Processing file /home/airflow/.local/lib/python3.8/site-packages/airflow/example_dags/example_python_operator.py for tasks to queue
[2024-05-16T01:03:35.390+0000] {logging_mixin.py:188} INFO - [2024-05-16T01:03:35.390+0000] {dagbag.py:540} INFO - Filling up the DagBag from /home/airflow/.local/lib/python3.8/site-packages/airflow/example_dags/example_python_operator.py
[2024-05-16T01:03:35.400+0000] {processor.py:840} INFO - DAG(s) 'example_python_operator' retrieved from /home/airflow/.local/lib/python3.8/site-packages/airflow/example_dags/example_python_operator.py
[2024-05-16T01:03:35.421+0000] {logging_mixin.py:188} INFO - [2024-05-16T01:03:35.421+0000] {dag.py:3047} INFO - Sync 1 DAGs
[2024-05-16T01:03:35.471+0000] {logging_mixin.py:188} INFO - [2024-05-16T01:03:35.471+0000] {dag.py:3834} INFO - Setting next_dagrun for example_python_operator to None, run_after=None
[2024-05-16T01:03:35.498+0000] {processor.py:183} INFO - Processing /home/airflow/.local/lib/python3.8/site-packages/airflow/example_dags/example_python_operator.py took 0.114 seconds
[2024-05-16T01:04:06.470+0000] {processor.py:161} INFO - Started process (PID=768) to work on /home/airflow/.local/lib/python3.8/site-packages/airflow/example_dags/example_python_operator.py
[2024-05-16T01:04:06.473+0000] {processor.py:830} INFO - Processing file /home/airflow/.local/lib/python3.8/site-packages/airflow/example_dags/example_python_operator.py for tasks to queue
[2024-05-16T01:04:06.476+0000] {logging_mixin.py:188} INFO - [2024-05-16T01:04:06.476+0000] {dagbag.py:540} INFO - Filling up the DagBag from /home/airflow/.local/lib/python3.8/site-packages/airflow/example_dags/example_python_operator.py
[2024-05-16T01:04:06.490+0000] {processor.py:840} INFO - DAG(s) 'example_python_operator' retrieved from /home/airflow/.local/lib/python3.8/site-packages/airflow/example_dags/example_python_operator.py
[2024-05-16T01:04:06.517+0000] {logging_mixin.py:188} INFO - [2024-05-16T01:04:06.517+0000] {dag.py:3047} INFO - Sync 1 DAGs
[2024-05-16T01:04:06.531+0000] {logging_mixin.py:188} INFO - [2024-05-16T01:04:06.531+0000] {dag.py:3834} INFO - Setting next_dagrun for example_python_operator to None, run_after=None
[2024-05-16T01:04:06.558+0000] {processor.py:183} INFO - Processing /home/airflow/.local/lib/python3.8/site-packages/airflow/example_dags/example_python_operator.py took 0.092 seconds
[2024-05-16T01:04:36.890+0000] {processor.py:161} INFO - Started process (PID=827) to work on /home/airflow/.local/lib/python3.8/site-packages/airflow/example_dags/example_python_operator.py
[2024-05-16T01:04:36.891+0000] {processor.py:830} INFO - Processing file /home/airflow/.local/lib/python3.8/site-packages/airflow/example_dags/example_python_operator.py for tasks to queue
[2024-05-16T01:04:36.893+0000] {logging_mixin.py:188} INFO - [2024-05-16T01:04:36.893+0000] {dagbag.py:540} INFO - Filling up the DagBag from /home/airflow/.local/lib/python3.8/site-packages/airflow/example_dags/example_python_operator.py
[2024-05-16T01:04:36.902+0000] {processor.py:840} INFO - DAG(s) 'example_python_operator' retrieved from /home/airflow/.local/lib/python3.8/site-packages/airflow/example_dags/example_python_operator.py
[2024-05-16T01:04:36.920+0000] {logging_mixin.py:188} INFO - [2024-05-16T01:04:36.920+0000] {dag.py:3047} INFO - Sync 1 DAGs
[2024-05-16T01:04:36.932+0000] {logging_mixin.py:188} INFO - [2024-05-16T01:04:36.931+0000] {dag.py:3834} INFO - Setting next_dagrun for example_python_operator to None, run_after=None
[2024-05-16T01:04:36.954+0000] {processor.py:183} INFO - Processing /home/airflow/.local/lib/python3.8/site-packages/airflow/example_dags/example_python_operator.py took 0.067 seconds
[2024-05-16T01:05:07.668+0000] {processor.py:161} INFO - Started process (PID=887) to work on /home/airflow/.local/lib/python3.8/site-packages/airflow/example_dags/example_python_operator.py
[2024-05-16T01:05:07.670+0000] {processor.py:830} INFO - Processing file /home/airflow/.local/lib/python3.8/site-packages/airflow/example_dags/example_python_operator.py for tasks to queue
[2024-05-16T01:05:07.672+0000] {logging_mixin.py:188} INFO - [2024-05-16T01:05:07.672+0000] {dagbag.py:540} INFO - Filling up the DagBag from /home/airflow/.local/lib/python3.8/site-packages/airflow/example_dags/example_python_operator.py
[2024-05-16T01:05:07.681+0000] {processor.py:840} INFO - DAG(s) 'example_python_operator' retrieved from /home/airflow/.local/lib/python3.8/site-packages/airflow/example_dags/example_python_operator.py
[2024-05-16T01:05:07.701+0000] {logging_mixin.py:188} INFO - [2024-05-16T01:05:07.701+0000] {dag.py:3047} INFO - Sync 1 DAGs
[2024-05-16T01:05:07.717+0000] {logging_mixin.py:188} INFO - [2024-05-16T01:05:07.716+0000] {dag.py:3834} INFO - Setting next_dagrun for example_python_operator to None, run_after=None
[2024-05-16T01:05:07.742+0000] {processor.py:183} INFO - Processing /home/airflow/.local/lib/python3.8/site-packages/airflow/example_dags/example_python_operator.py took 0.077 seconds
[2024-05-16T01:05:38.295+0000] {processor.py:161} INFO - Started process (PID=946) to work on /home/airflow/.local/lib/python3.8/site-packages/airflow/example_dags/example_python_operator.py
[2024-05-16T01:05:38.296+0000] {processor.py:830} INFO - Processing file /home/airflow/.local/lib/python3.8/site-packages/airflow/example_dags/example_python_operator.py for tasks to queue
[2024-05-16T01:05:38.298+0000] {logging_mixin.py:188} INFO - [2024-05-16T01:05:38.298+0000] {dagbag.py:540} INFO - Filling up the DagBag from /home/airflow/.local/lib/python3.8/site-packages/airflow/example_dags/example_python_operator.py
[2024-05-16T01:05:38.306+0000] {processor.py:840} INFO - DAG(s) 'example_python_operator' retrieved from /home/airflow/.local/lib/python3.8/site-packages/airflow/example_dags/example_python_operator.py
[2024-05-16T01:05:38.323+0000] {logging_mixin.py:188} INFO - [2024-05-16T01:05:38.322+0000] {dag.py:3047} INFO - Sync 1 DAGs
[2024-05-16T01:05:38.331+0000] {logging_mixin.py:188} INFO - [2024-05-16T01:05:38.331+0000] {dag.py:3834} INFO - Setting next_dagrun for example_python_operator to None, run_after=None
[2024-05-16T01:05:38.349+0000] {processor.py:183} INFO - Processing /home/airflow/.local/lib/python3.8/site-packages/airflow/example_dags/example_python_operator.py took 0.057 seconds
[2024-05-16T01:06:09.095+0000] {processor.py:161} INFO - Started process (PID=1005) to work on /home/airflow/.local/lib/python3.8/site-packages/airflow/example_dags/example_python_operator.py
[2024-05-16T01:06:09.097+0000] {processor.py:830} INFO - Processing file /home/airflow/.local/lib/python3.8/site-packages/airflow/example_dags/example_python_operator.py for tasks to queue
[2024-05-16T01:06:09.100+0000] {logging_mixin.py:188} INFO - [2024-05-16T01:06:09.099+0000] {dagbag.py:540} INFO - Filling up the DagBag from /home/airflow/.local/lib/python3.8/site-packages/airflow/example_dags/example_python_operator.py
[2024-05-16T01:06:09.111+0000] {processor.py:840} INFO - DAG(s) 'example_python_operator' retrieved from /home/airflow/.local/lib/python3.8/site-packages/airflow/example_dags/example_python_operator.py
[2024-05-16T01:06:09.131+0000] {logging_mixin.py:188} INFO - [2024-05-16T01:06:09.130+0000] {dag.py:3047} INFO - Sync 1 DAGs
[2024-05-16T01:06:09.141+0000] {logging_mixin.py:188} INFO - [2024-05-16T01:06:09.141+0000] {dag.py:3834} INFO - Setting next_dagrun for example_python_operator to None, run_after=None
[2024-05-16T01:06:09.162+0000] {processor.py:183} INFO - Processing /home/airflow/.local/lib/python3.8/site-packages/airflow/example_dags/example_python_operator.py took 0.070 seconds
[2024-05-16T01:06:39.477+0000] {processor.py:161} INFO - Started process (PID=1064) to work on /home/airflow/.local/lib/python3.8/site-packages/airflow/example_dags/example_python_operator.py
[2024-05-16T01:06:39.478+0000] {processor.py:830} INFO - Processing file /home/airflow/.local/lib/python3.8/site-packages/airflow/example_dags/example_python_operator.py for tasks to queue
[2024-05-16T01:06:39.481+0000] {logging_mixin.py:188} INFO - [2024-05-16T01:06:39.481+0000] {dagbag.py:540} INFO - Filling up the DagBag from /home/airflow/.local/lib/python3.8/site-packages/airflow/example_dags/example_python_operator.py
[2024-05-16T01:06:39.491+0000] {processor.py:840} INFO - DAG(s) 'example_python_operator' retrieved from /home/airflow/.local/lib/python3.8/site-packages/airflow/example_dags/example_python_operator.py
[2024-05-16T01:06:39.512+0000] {logging_mixin.py:188} INFO - [2024-05-16T01:06:39.512+0000] {dag.py:3047} INFO - Sync 1 DAGs
[2024-05-16T01:06:39.524+0000] {logging_mixin.py:188} INFO - [2024-05-16T01:06:39.523+0000] {dag.py:3834} INFO - Setting next_dagrun for example_python_operator to None, run_after=None
[2024-05-16T01:06:39.549+0000] {processor.py:183} INFO - Processing /home/airflow/.local/lib/python3.8/site-packages/airflow/example_dags/example_python_operator.py took 0.075 seconds
[2024-05-16T01:07:09.654+0000] {processor.py:161} INFO - Started process (PID=1123) to work on /home/airflow/.local/lib/python3.8/site-packages/airflow/example_dags/example_python_operator.py
[2024-05-16T01:07:09.655+0000] {processor.py:830} INFO - Processing file /home/airflow/.local/lib/python3.8/site-packages/airflow/example_dags/example_python_operator.py for tasks to queue
[2024-05-16T01:07:09.657+0000] {logging_mixin.py:188} INFO - [2024-05-16T01:07:09.656+0000] {dagbag.py:540} INFO - Filling up the DagBag from /home/airflow/.local/lib/python3.8/site-packages/airflow/example_dags/example_python_operator.py
[2024-05-16T01:07:09.666+0000] {processor.py:840} INFO - DAG(s) 'example_python_operator' retrieved from /home/airflow/.local/lib/python3.8/site-packages/airflow/example_dags/example_python_operator.py
[2024-05-16T01:07:09.687+0000] {logging_mixin.py:188} INFO - [2024-05-16T01:07:09.687+0000] {dag.py:3047} INFO - Sync 1 DAGs
[2024-05-16T01:07:09.699+0000] {logging_mixin.py:188} INFO - [2024-05-16T01:07:09.698+0000] {dag.py:3834} INFO - Setting next_dagrun for example_python_operator to None, run_after=None
[2024-05-16T01:07:09.720+0000] {processor.py:183} INFO - Processing /home/airflow/.local/lib/python3.8/site-packages/airflow/example_dags/example_python_operator.py took 0.069 seconds
[2024-05-16T01:07:40.109+0000] {processor.py:161} INFO - Started process (PID=1182) to work on /home/airflow/.local/lib/python3.8/site-packages/airflow/example_dags/example_python_operator.py
[2024-05-16T01:07:40.111+0000] {processor.py:830} INFO - Processing file /home/airflow/.local/lib/python3.8/site-packages/airflow/example_dags/example_python_operator.py for tasks to queue
[2024-05-16T01:07:40.114+0000] {logging_mixin.py:188} INFO - [2024-05-16T01:07:40.114+0000] {dagbag.py:540} INFO - Filling up the DagBag from /home/airflow/.local/lib/python3.8/site-packages/airflow/example_dags/example_python_operator.py
[2024-05-16T01:07:40.124+0000] {processor.py:840} INFO - DAG(s) 'example_python_operator' retrieved from /home/airflow/.local/lib/python3.8/site-packages/airflow/example_dags/example_python_operator.py
[2024-05-16T01:07:40.147+0000] {logging_mixin.py:188} INFO - [2024-05-16T01:07:40.147+0000] {dag.py:3047} INFO - Sync 1 DAGs
[2024-05-16T01:07:40.160+0000] {logging_mixin.py:188} INFO - [2024-05-16T01:07:40.160+0000] {dag.py:3834} INFO - Setting next_dagrun for example_python_operator to None, run_after=None
[2024-05-16T01:07:40.186+0000] {processor.py:183} INFO - Processing /home/airflow/.local/lib/python3.8/site-packages/airflow/example_dags/example_python_operator.py took 0.080 seconds
[2024-05-16T01:08:11.025+0000] {processor.py:161} INFO - Started process (PID=1246) to work on /home/airflow/.local/lib/python3.8/site-packages/airflow/example_dags/example_python_operator.py
[2024-05-16T01:08:11.026+0000] {processor.py:830} INFO - Processing file /home/airflow/.local/lib/python3.8/site-packages/airflow/example_dags/example_python_operator.py for tasks to queue
[2024-05-16T01:08:11.029+0000] {logging_mixin.py:188} INFO - [2024-05-16T01:08:11.028+0000] {dagbag.py:540} INFO - Filling up the DagBag from /home/airflow/.local/lib/python3.8/site-packages/airflow/example_dags/example_python_operator.py
[2024-05-16T01:08:11.039+0000] {processor.py:840} INFO - DAG(s) 'example_python_operator' retrieved from /home/airflow/.local/lib/python3.8/site-packages/airflow/example_dags/example_python_operator.py
[2024-05-16T01:08:11.060+0000] {logging_mixin.py:188} INFO - [2024-05-16T01:08:11.060+0000] {dag.py:3047} INFO - Sync 1 DAGs
[2024-05-16T01:08:11.073+0000] {logging_mixin.py:188} INFO - [2024-05-16T01:08:11.073+0000] {dag.py:3834} INFO - Setting next_dagrun for example_python_operator to None, run_after=None
[2024-05-16T01:08:11.098+0000] {processor.py:183} INFO - Processing /home/airflow/.local/lib/python3.8/site-packages/airflow/example_dags/example_python_operator.py took 0.077 seconds
[2024-05-16T01:08:41.608+0000] {processor.py:161} INFO - Started process (PID=1305) to work on /home/airflow/.local/lib/python3.8/site-packages/airflow/example_dags/example_python_operator.py
[2024-05-16T01:08:41.610+0000] {processor.py:830} INFO - Processing file /home/airflow/.local/lib/python3.8/site-packages/airflow/example_dags/example_python_operator.py for tasks to queue
[2024-05-16T01:08:41.614+0000] {logging_mixin.py:188} INFO - [2024-05-16T01:08:41.613+0000] {dagbag.py:540} INFO - Filling up the DagBag from /home/airflow/.local/lib/python3.8/site-packages/airflow/example_dags/example_python_operator.py
[2024-05-16T01:08:41.630+0000] {processor.py:840} INFO - DAG(s) 'example_python_operator' retrieved from /home/airflow/.local/lib/python3.8/site-packages/airflow/example_dags/example_python_operator.py
[2024-05-16T01:08:41.664+0000] {logging_mixin.py:188} INFO - [2024-05-16T01:08:41.664+0000] {dag.py:3047} INFO - Sync 1 DAGs
[2024-05-16T01:08:41.684+0000] {logging_mixin.py:188} INFO - [2024-05-16T01:08:41.683+0000] {dag.py:3834} INFO - Setting next_dagrun for example_python_operator to None, run_after=None
[2024-05-16T01:08:41.720+0000] {processor.py:183} INFO - Processing /home/airflow/.local/lib/python3.8/site-packages/airflow/example_dags/example_python_operator.py took 0.117 seconds
[2024-05-16T01:09:12.249+0000] {processor.py:161} INFO - Started process (PID=1364) to work on /home/airflow/.local/lib/python3.8/site-packages/airflow/example_dags/example_python_operator.py
[2024-05-16T01:09:12.255+0000] {processor.py:830} INFO - Processing file /home/airflow/.local/lib/python3.8/site-packages/airflow/example_dags/example_python_operator.py for tasks to queue
[2024-05-16T01:09:12.262+0000] {logging_mixin.py:188} INFO - [2024-05-16T01:09:12.261+0000] {dagbag.py:540} INFO - Filling up the DagBag from /home/airflow/.local/lib/python3.8/site-packages/airflow/example_dags/example_python_operator.py
[2024-05-16T01:09:12.291+0000] {processor.py:840} INFO - DAG(s) 'example_python_operator' retrieved from /home/airflow/.local/lib/python3.8/site-packages/airflow/example_dags/example_python_operator.py
[2024-05-16T01:09:12.340+0000] {logging_mixin.py:188} INFO - [2024-05-16T01:09:12.339+0000] {dag.py:3047} INFO - Sync 1 DAGs
[2024-05-16T01:09:12.364+0000] {logging_mixin.py:188} INFO - [2024-05-16T01:09:12.363+0000] {dag.py:3834} INFO - Setting next_dagrun for example_python_operator to None, run_after=None
[2024-05-16T01:09:12.408+0000] {processor.py:183} INFO - Processing /home/airflow/.local/lib/python3.8/site-packages/airflow/example_dags/example_python_operator.py took 0.178 seconds
[2024-05-16T01:09:42.635+0000] {processor.py:161} INFO - Started process (PID=1423) to work on /home/airflow/.local/lib/python3.8/site-packages/airflow/example_dags/example_python_operator.py
[2024-05-16T01:09:42.636+0000] {processor.py:830} INFO - Processing file /home/airflow/.local/lib/python3.8/site-packages/airflow/example_dags/example_python_operator.py for tasks to queue
[2024-05-16T01:09:42.639+0000] {logging_mixin.py:188} INFO - [2024-05-16T01:09:42.639+0000] {dagbag.py:540} INFO - Filling up the DagBag from /home/airflow/.local/lib/python3.8/site-packages/airflow/example_dags/example_python_operator.py
[2024-05-16T01:09:42.653+0000] {processor.py:840} INFO - DAG(s) 'example_python_operator' retrieved from /home/airflow/.local/lib/python3.8/site-packages/airflow/example_dags/example_python_operator.py
[2024-05-16T01:09:42.686+0000] {logging_mixin.py:188} INFO - [2024-05-16T01:09:42.686+0000] {dag.py:3047} INFO - Sync 1 DAGs
[2024-05-16T01:09:42.702+0000] {logging_mixin.py:188} INFO - [2024-05-16T01:09:42.702+0000] {dag.py:3834} INFO - Setting next_dagrun for example_python_operator to None, run_after=None
[2024-05-16T01:09:42.732+0000] {processor.py:183} INFO - Processing /home/airflow/.local/lib/python3.8/site-packages/airflow/example_dags/example_python_operator.py took 0.101 seconds
[2024-05-16T01:10:13.035+0000] {processor.py:161} INFO - Started process (PID=1481) to work on /home/airflow/.local/lib/python3.8/site-packages/airflow/example_dags/example_python_operator.py
[2024-05-16T01:10:13.036+0000] {processor.py:830} INFO - Processing file /home/airflow/.local/lib/python3.8/site-packages/airflow/example_dags/example_python_operator.py for tasks to queue
[2024-05-16T01:10:13.040+0000] {logging_mixin.py:188} INFO - [2024-05-16T01:10:13.039+0000] {dagbag.py:540} INFO - Filling up the DagBag from /home/airflow/.local/lib/python3.8/site-packages/airflow/example_dags/example_python_operator.py
[2024-05-16T01:10:13.054+0000] {processor.py:840} INFO - DAG(s) 'example_python_operator' retrieved from /home/airflow/.local/lib/python3.8/site-packages/airflow/example_dags/example_python_operator.py
[2024-05-16T01:10:13.085+0000] {logging_mixin.py:188} INFO - [2024-05-16T01:10:13.085+0000] {dag.py:3047} INFO - Sync 1 DAGs
[2024-05-16T01:10:13.107+0000] {logging_mixin.py:188} INFO - [2024-05-16T01:10:13.106+0000] {dag.py:3834} INFO - Setting next_dagrun for example_python_operator to None, run_after=None
[2024-05-16T01:10:13.136+0000] {processor.py:183} INFO - Processing /home/airflow/.local/lib/python3.8/site-packages/airflow/example_dags/example_python_operator.py took 0.106 seconds
[2024-05-16T01:10:43.368+0000] {processor.py:161} INFO - Started process (PID=1541) to work on /home/airflow/.local/lib/python3.8/site-packages/airflow/example_dags/example_python_operator.py
[2024-05-16T01:10:43.370+0000] {processor.py:830} INFO - Processing file /home/airflow/.local/lib/python3.8/site-packages/airflow/example_dags/example_python_operator.py for tasks to queue
[2024-05-16T01:10:43.372+0000] {logging_mixin.py:188} INFO - [2024-05-16T01:10:43.371+0000] {dagbag.py:540} INFO - Filling up the DagBag from /home/airflow/.local/lib/python3.8/site-packages/airflow/example_dags/example_python_operator.py
[2024-05-16T01:10:43.383+0000] {processor.py:840} INFO - DAG(s) 'example_python_operator' retrieved from /home/airflow/.local/lib/python3.8/site-packages/airflow/example_dags/example_python_operator.py
[2024-05-16T01:10:43.401+0000] {logging_mixin.py:188} INFO - [2024-05-16T01:10:43.401+0000] {dag.py:3047} INFO - Sync 1 DAGs
[2024-05-16T01:10:43.412+0000] {logging_mixin.py:188} INFO - [2024-05-16T01:10:43.411+0000] {dag.py:3834} INFO - Setting next_dagrun for example_python_operator to None, run_after=None
[2024-05-16T01:10:43.432+0000] {processor.py:183} INFO - Processing /home/airflow/.local/lib/python3.8/site-packages/airflow/example_dags/example_python_operator.py took 0.067 seconds
[2024-05-16T01:11:14.195+0000] {processor.py:161} INFO - Started process (PID=1600) to work on /home/airflow/.local/lib/python3.8/site-packages/airflow/example_dags/example_python_operator.py
[2024-05-16T01:11:14.197+0000] {processor.py:830} INFO - Processing file /home/airflow/.local/lib/python3.8/site-packages/airflow/example_dags/example_python_operator.py for tasks to queue
[2024-05-16T01:11:14.199+0000] {logging_mixin.py:188} INFO - [2024-05-16T01:11:14.198+0000] {dagbag.py:540} INFO - Filling up the DagBag from /home/airflow/.local/lib/python3.8/site-packages/airflow/example_dags/example_python_operator.py
[2024-05-16T01:11:14.208+0000] {processor.py:840} INFO - DAG(s) 'example_python_operator' retrieved from /home/airflow/.local/lib/python3.8/site-packages/airflow/example_dags/example_python_operator.py
[2024-05-16T01:11:14.231+0000] {logging_mixin.py:188} INFO - [2024-05-16T01:11:14.231+0000] {dag.py:3047} INFO - Sync 1 DAGs
[2024-05-16T01:11:14.241+0000] {logging_mixin.py:188} INFO - [2024-05-16T01:11:14.241+0000] {dag.py:3834} INFO - Setting next_dagrun for example_python_operator to None, run_after=None
[2024-05-16T01:11:14.262+0000] {processor.py:183} INFO - Processing /home/airflow/.local/lib/python3.8/site-packages/airflow/example_dags/example_python_operator.py took 0.070 seconds
[2024-05-16T01:11:44.430+0000] {processor.py:161} INFO - Started process (PID=1659) to work on /home/airflow/.local/lib/python3.8/site-packages/airflow/example_dags/example_python_operator.py
[2024-05-16T01:11:44.431+0000] {processor.py:830} INFO - Processing file /home/airflow/.local/lib/python3.8/site-packages/airflow/example_dags/example_python_operator.py for tasks to queue
[2024-05-16T01:11:44.433+0000] {logging_mixin.py:188} INFO - [2024-05-16T01:11:44.433+0000] {dagbag.py:540} INFO - Filling up the DagBag from /home/airflow/.local/lib/python3.8/site-packages/airflow/example_dags/example_python_operator.py
[2024-05-16T01:11:44.442+0000] {processor.py:840} INFO - DAG(s) 'example_python_operator' retrieved from /home/airflow/.local/lib/python3.8/site-packages/airflow/example_dags/example_python_operator.py
[2024-05-16T01:11:44.463+0000] {logging_mixin.py:188} INFO - [2024-05-16T01:11:44.462+0000] {dag.py:3047} INFO - Sync 1 DAGs
[2024-05-16T01:11:44.473+0000] {logging_mixin.py:188} INFO - [2024-05-16T01:11:44.473+0000] {dag.py:3834} INFO - Setting next_dagrun for example_python_operator to None, run_after=None
[2024-05-16T01:11:44.492+0000] {processor.py:183} INFO - Processing /home/airflow/.local/lib/python3.8/site-packages/airflow/example_dags/example_python_operator.py took 0.065 seconds
[2024-05-16T01:12:14.951+0000] {processor.py:161} INFO - Started process (PID=1718) to work on /home/airflow/.local/lib/python3.8/site-packages/airflow/example_dags/example_python_operator.py
[2024-05-16T01:12:14.952+0000] {processor.py:830} INFO - Processing file /home/airflow/.local/lib/python3.8/site-packages/airflow/example_dags/example_python_operator.py for tasks to queue
[2024-05-16T01:12:14.953+0000] {logging_mixin.py:188} INFO - [2024-05-16T01:12:14.953+0000] {dagbag.py:540} INFO - Filling up the DagBag from /home/airflow/.local/lib/python3.8/site-packages/airflow/example_dags/example_python_operator.py
[2024-05-16T01:12:14.963+0000] {processor.py:840} INFO - DAG(s) 'example_python_operator' retrieved from /home/airflow/.local/lib/python3.8/site-packages/airflow/example_dags/example_python_operator.py
[2024-05-16T01:12:14.981+0000] {logging_mixin.py:188} INFO - [2024-05-16T01:12:14.981+0000] {dag.py:3047} INFO - Sync 1 DAGs
[2024-05-16T01:12:14.991+0000] {logging_mixin.py:188} INFO - [2024-05-16T01:12:14.991+0000] {dag.py:3834} INFO - Setting next_dagrun for example_python_operator to None, run_after=None
[2024-05-16T01:12:15.009+0000] {processor.py:183} INFO - Processing /home/airflow/.local/lib/python3.8/site-packages/airflow/example_dags/example_python_operator.py took 0.062 seconds
[2024-05-16T01:12:45.557+0000] {processor.py:161} INFO - Started process (PID=1777) to work on /home/airflow/.local/lib/python3.8/site-packages/airflow/example_dags/example_python_operator.py
[2024-05-16T01:12:45.558+0000] {processor.py:830} INFO - Processing file /home/airflow/.local/lib/python3.8/site-packages/airflow/example_dags/example_python_operator.py for tasks to queue
[2024-05-16T01:12:45.560+0000] {logging_mixin.py:188} INFO - [2024-05-16T01:12:45.560+0000] {dagbag.py:540} INFO - Filling up the DagBag from /home/airflow/.local/lib/python3.8/site-packages/airflow/example_dags/example_python_operator.py
[2024-05-16T01:12:45.571+0000] {processor.py:840} INFO - DAG(s) 'example_python_operator' retrieved from /home/airflow/.local/lib/python3.8/site-packages/airflow/example_dags/example_python_operator.py
[2024-05-16T01:12:45.592+0000] {logging_mixin.py:188} INFO - [2024-05-16T01:12:45.592+0000] {dag.py:3047} INFO - Sync 1 DAGs
[2024-05-16T01:12:45.602+0000] {logging_mixin.py:188} INFO - [2024-05-16T01:12:45.602+0000] {dag.py:3834} INFO - Setting next_dagrun for example_python_operator to None, run_after=None
[2024-05-16T01:12:45.638+0000] {processor.py:183} INFO - Processing /home/airflow/.local/lib/python3.8/site-packages/airflow/example_dags/example_python_operator.py took 0.083 seconds
[2024-05-16T01:13:16.361+0000] {processor.py:161} INFO - Started process (PID=1836) to work on /home/airflow/.local/lib/python3.8/site-packages/airflow/example_dags/example_python_operator.py
[2024-05-16T01:13:16.366+0000] {processor.py:830} INFO - Processing file /home/airflow/.local/lib/python3.8/site-packages/airflow/example_dags/example_python_operator.py for tasks to queue
[2024-05-16T01:13:16.369+0000] {logging_mixin.py:188} INFO - [2024-05-16T01:13:16.369+0000] {dagbag.py:540} INFO - Filling up the DagBag from /home/airflow/.local/lib/python3.8/site-packages/airflow/example_dags/example_python_operator.py
[2024-05-16T01:13:16.379+0000] {processor.py:840} INFO - DAG(s) 'example_python_operator' retrieved from /home/airflow/.local/lib/python3.8/site-packages/airflow/example_dags/example_python_operator.py
[2024-05-16T01:13:16.403+0000] {logging_mixin.py:188} INFO - [2024-05-16T01:13:16.402+0000] {dag.py:3047} INFO - Sync 1 DAGs
[2024-05-16T01:13:16.415+0000] {logging_mixin.py:188} INFO - [2024-05-16T01:13:16.415+0000] {dag.py:3834} INFO - Setting next_dagrun for example_python_operator to None, run_after=None
[2024-05-16T01:13:16.441+0000] {processor.py:183} INFO - Processing /home/airflow/.local/lib/python3.8/site-packages/airflow/example_dags/example_python_operator.py took 0.084 seconds
[2024-05-16T01:13:47.330+0000] {processor.py:161} INFO - Started process (PID=1895) to work on /home/airflow/.local/lib/python3.8/site-packages/airflow/example_dags/example_python_operator.py
[2024-05-16T01:13:47.331+0000] {processor.py:830} INFO - Processing file /home/airflow/.local/lib/python3.8/site-packages/airflow/example_dags/example_python_operator.py for tasks to queue
[2024-05-16T01:13:47.334+0000] {logging_mixin.py:188} INFO - [2024-05-16T01:13:47.334+0000] {dagbag.py:540} INFO - Filling up the DagBag from /home/airflow/.local/lib/python3.8/site-packages/airflow/example_dags/example_python_operator.py
[2024-05-16T01:13:47.349+0000] {processor.py:840} INFO - DAG(s) 'example_python_operator' retrieved from /home/airflow/.local/lib/python3.8/site-packages/airflow/example_dags/example_python_operator.py
[2024-05-16T01:13:47.379+0000] {logging_mixin.py:188} INFO - [2024-05-16T01:13:47.379+0000] {dag.py:3047} INFO - Sync 1 DAGs
[2024-05-16T01:13:47.399+0000] {logging_mixin.py:188} INFO - [2024-05-16T01:13:47.399+0000] {dag.py:3834} INFO - Setting next_dagrun for example_python_operator to None, run_after=None
[2024-05-16T01:13:47.430+0000] {processor.py:183} INFO - Processing /home/airflow/.local/lib/python3.8/site-packages/airflow/example_dags/example_python_operator.py took 0.105 seconds
[2024-05-16T01:14:17.900+0000] {processor.py:161} INFO - Started process (PID=1954) to work on /home/airflow/.local/lib/python3.8/site-packages/airflow/example_dags/example_python_operator.py
[2024-05-16T01:14:17.902+0000] {processor.py:830} INFO - Processing file /home/airflow/.local/lib/python3.8/site-packages/airflow/example_dags/example_python_operator.py for tasks to queue
[2024-05-16T01:14:17.904+0000] {logging_mixin.py:188} INFO - [2024-05-16T01:14:17.904+0000] {dagbag.py:540} INFO - Filling up the DagBag from /home/airflow/.local/lib/python3.8/site-packages/airflow/example_dags/example_python_operator.py
[2024-05-16T01:14:17.917+0000] {processor.py:840} INFO - DAG(s) 'example_python_operator' retrieved from /home/airflow/.local/lib/python3.8/site-packages/airflow/example_dags/example_python_operator.py
[2024-05-16T01:14:17.948+0000] {logging_mixin.py:188} INFO - [2024-05-16T01:14:17.947+0000] {dag.py:3047} INFO - Sync 1 DAGs
[2024-05-16T01:14:17.962+0000] {logging_mixin.py:188} INFO - [2024-05-16T01:14:17.962+0000] {dag.py:3834} INFO - Setting next_dagrun for example_python_operator to None, run_after=None
[2024-05-16T01:14:17.988+0000] {processor.py:183} INFO - Processing /home/airflow/.local/lib/python3.8/site-packages/airflow/example_dags/example_python_operator.py took 0.092 seconds
[2024-05-16T01:14:48.515+0000] {processor.py:161} INFO - Started process (PID=2013) to work on /home/airflow/.local/lib/python3.8/site-packages/airflow/example_dags/example_python_operator.py
[2024-05-16T01:14:48.517+0000] {processor.py:830} INFO - Processing file /home/airflow/.local/lib/python3.8/site-packages/airflow/example_dags/example_python_operator.py for tasks to queue
[2024-05-16T01:14:48.521+0000] {logging_mixin.py:188} INFO - [2024-05-16T01:14:48.520+0000] {dagbag.py:540} INFO - Filling up the DagBag from /home/airflow/.local/lib/python3.8/site-packages/airflow/example_dags/example_python_operator.py
[2024-05-16T01:14:48.537+0000] {processor.py:840} INFO - DAG(s) 'example_python_operator' retrieved from /home/airflow/.local/lib/python3.8/site-packages/airflow/example_dags/example_python_operator.py
[2024-05-16T01:14:48.571+0000] {logging_mixin.py:188} INFO - [2024-05-16T01:14:48.571+0000] {dag.py:3047} INFO - Sync 1 DAGs
[2024-05-16T01:14:48.590+0000] {logging_mixin.py:188} INFO - [2024-05-16T01:14:48.589+0000] {dag.py:3834} INFO - Setting next_dagrun for example_python_operator to None, run_after=None
[2024-05-16T01:14:48.625+0000] {processor.py:183} INFO - Processing /home/airflow/.local/lib/python3.8/site-packages/airflow/example_dags/example_python_operator.py took 0.115 seconds
[2024-05-16T01:15:18.883+0000] {processor.py:161} INFO - Started process (PID=2072) to work on /home/airflow/.local/lib/python3.8/site-packages/airflow/example_dags/example_python_operator.py
[2024-05-16T01:15:18.884+0000] {processor.py:830} INFO - Processing file /home/airflow/.local/lib/python3.8/site-packages/airflow/example_dags/example_python_operator.py for tasks to queue
[2024-05-16T01:15:18.887+0000] {logging_mixin.py:188} INFO - [2024-05-16T01:15:18.887+0000] {dagbag.py:540} INFO - Filling up the DagBag from /home/airflow/.local/lib/python3.8/site-packages/airflow/example_dags/example_python_operator.py
[2024-05-16T01:15:18.899+0000] {processor.py:840} INFO - DAG(s) 'example_python_operator' retrieved from /home/airflow/.local/lib/python3.8/site-packages/airflow/example_dags/example_python_operator.py
[2024-05-16T01:15:18.926+0000] {logging_mixin.py:188} INFO - [2024-05-16T01:15:18.926+0000] {dag.py:3047} INFO - Sync 1 DAGs
[2024-05-16T01:15:18.940+0000] {logging_mixin.py:188} INFO - [2024-05-16T01:15:18.939+0000] {dag.py:3834} INFO - Setting next_dagrun for example_python_operator to None, run_after=None
[2024-05-16T01:15:18.968+0000] {processor.py:183} INFO - Processing /home/airflow/.local/lib/python3.8/site-packages/airflow/example_dags/example_python_operator.py took 0.090 seconds
[2024-05-16T01:15:50.141+0000] {processor.py:161} INFO - Started process (PID=2131) to work on /home/airflow/.local/lib/python3.8/site-packages/airflow/example_dags/example_python_operator.py
[2024-05-16T01:15:50.143+0000] {processor.py:830} INFO - Processing file /home/airflow/.local/lib/python3.8/site-packages/airflow/example_dags/example_python_operator.py for tasks to queue
[2024-05-16T01:15:50.146+0000] {logging_mixin.py:188} INFO - [2024-05-16T01:15:50.145+0000] {dagbag.py:540} INFO - Filling up the DagBag from /home/airflow/.local/lib/python3.8/site-packages/airflow/example_dags/example_python_operator.py
[2024-05-16T01:15:50.158+0000] {processor.py:840} INFO - DAG(s) 'example_python_operator' retrieved from /home/airflow/.local/lib/python3.8/site-packages/airflow/example_dags/example_python_operator.py
[2024-05-16T01:15:50.182+0000] {logging_mixin.py:188} INFO - [2024-05-16T01:15:50.182+0000] {dag.py:3047} INFO - Sync 1 DAGs
[2024-05-16T01:15:50.194+0000] {logging_mixin.py:188} INFO - [2024-05-16T01:15:50.194+0000] {dag.py:3834} INFO - Setting next_dagrun for example_python_operator to None, run_after=None
[2024-05-16T01:15:50.220+0000] {processor.py:183} INFO - Processing /home/airflow/.local/lib/python3.8/site-packages/airflow/example_dags/example_python_operator.py took 0.082 seconds
[2024-05-16T01:16:20.691+0000] {processor.py:161} INFO - Started process (PID=2190) to work on /home/airflow/.local/lib/python3.8/site-packages/airflow/example_dags/example_python_operator.py
[2024-05-16T01:16:20.692+0000] {processor.py:830} INFO - Processing file /home/airflow/.local/lib/python3.8/site-packages/airflow/example_dags/example_python_operator.py for tasks to queue
[2024-05-16T01:16:20.695+0000] {logging_mixin.py:188} INFO - [2024-05-16T01:16:20.694+0000] {dagbag.py:540} INFO - Filling up the DagBag from /home/airflow/.local/lib/python3.8/site-packages/airflow/example_dags/example_python_operator.py
[2024-05-16T01:16:20.709+0000] {processor.py:840} INFO - DAG(s) 'example_python_operator' retrieved from /home/airflow/.local/lib/python3.8/site-packages/airflow/example_dags/example_python_operator.py
[2024-05-16T01:16:20.743+0000] {logging_mixin.py:188} INFO - [2024-05-16T01:16:20.742+0000] {dag.py:3047} INFO - Sync 1 DAGs
[2024-05-16T01:16:20.757+0000] {logging_mixin.py:188} INFO - [2024-05-16T01:16:20.756+0000] {dag.py:3834} INFO - Setting next_dagrun for example_python_operator to None, run_after=None
[2024-05-16T01:16:20.783+0000] {processor.py:183} INFO - Processing /home/airflow/.local/lib/python3.8/site-packages/airflow/example_dags/example_python_operator.py took 0.097 seconds
[2024-05-16T01:16:52.396+0000] {processor.py:161} INFO - Started process (PID=2249) to work on /home/airflow/.local/lib/python3.8/site-packages/airflow/example_dags/example_python_operator.py
[2024-05-16T01:16:52.398+0000] {processor.py:830} INFO - Processing file /home/airflow/.local/lib/python3.8/site-packages/airflow/example_dags/example_python_operator.py for tasks to queue
[2024-05-16T01:16:52.401+0000] {logging_mixin.py:188} INFO - [2024-05-16T01:16:52.401+0000] {dagbag.py:540} INFO - Filling up the DagBag from /home/airflow/.local/lib/python3.8/site-packages/airflow/example_dags/example_python_operator.py
[2024-05-16T01:16:52.412+0000] {processor.py:840} INFO - DAG(s) 'example_python_operator' retrieved from /home/airflow/.local/lib/python3.8/site-packages/airflow/example_dags/example_python_operator.py
[2024-05-16T01:16:52.441+0000] {logging_mixin.py:188} INFO - [2024-05-16T01:16:52.441+0000] {dag.py:3047} INFO - Sync 1 DAGs
[2024-05-16T01:16:52.455+0000] {logging_mixin.py:188} INFO - [2024-05-16T01:16:52.455+0000] {dag.py:3834} INFO - Setting next_dagrun for example_python_operator to None, run_after=None
[2024-05-16T01:16:52.499+0000] {processor.py:183} INFO - Processing /home/airflow/.local/lib/python3.8/site-packages/airflow/example_dags/example_python_operator.py took 0.106 seconds
[2024-05-16T01:17:23.328+0000] {processor.py:161} INFO - Started process (PID=2308) to work on /home/airflow/.local/lib/python3.8/site-packages/airflow/example_dags/example_python_operator.py
[2024-05-16T01:17:23.330+0000] {processor.py:830} INFO - Processing file /home/airflow/.local/lib/python3.8/site-packages/airflow/example_dags/example_python_operator.py for tasks to queue
[2024-05-16T01:17:23.333+0000] {logging_mixin.py:188} INFO - [2024-05-16T01:17:23.333+0000] {dagbag.py:540} INFO - Filling up the DagBag from /home/airflow/.local/lib/python3.8/site-packages/airflow/example_dags/example_python_operator.py
[2024-05-16T01:17:23.344+0000] {processor.py:840} INFO - DAG(s) 'example_python_operator' retrieved from /home/airflow/.local/lib/python3.8/site-packages/airflow/example_dags/example_python_operator.py
[2024-05-16T01:17:23.370+0000] {logging_mixin.py:188} INFO - [2024-05-16T01:17:23.370+0000] {dag.py:3047} INFO - Sync 1 DAGs
[2024-05-16T01:17:23.383+0000] {logging_mixin.py:188} INFO - [2024-05-16T01:17:23.383+0000] {dag.py:3834} INFO - Setting next_dagrun for example_python_operator to None, run_after=None
[2024-05-16T01:17:23.417+0000] {processor.py:183} INFO - Processing /home/airflow/.local/lib/python3.8/site-packages/airflow/example_dags/example_python_operator.py took 0.092 seconds
[2024-05-16T01:17:54.294+0000] {processor.py:161} INFO - Started process (PID=2367) to work on /home/airflow/.local/lib/python3.8/site-packages/airflow/example_dags/example_python_operator.py
[2024-05-16T01:17:54.297+0000] {processor.py:830} INFO - Processing file /home/airflow/.local/lib/python3.8/site-packages/airflow/example_dags/example_python_operator.py for tasks to queue
[2024-05-16T01:17:54.300+0000] {logging_mixin.py:188} INFO - [2024-05-16T01:17:54.299+0000] {dagbag.py:540} INFO - Filling up the DagBag from /home/airflow/.local/lib/python3.8/site-packages/airflow/example_dags/example_python_operator.py
[2024-05-16T01:17:54.314+0000] {processor.py:840} INFO - DAG(s) 'example_python_operator' retrieved from /home/airflow/.local/lib/python3.8/site-packages/airflow/example_dags/example_python_operator.py
[2024-05-16T01:17:54.345+0000] {logging_mixin.py:188} INFO - [2024-05-16T01:17:54.345+0000] {dag.py:3047} INFO - Sync 1 DAGs
[2024-05-16T01:17:54.362+0000] {logging_mixin.py:188} INFO - [2024-05-16T01:17:54.362+0000] {dag.py:3834} INFO - Setting next_dagrun for example_python_operator to None, run_after=None
[2024-05-16T01:17:54.396+0000] {processor.py:183} INFO - Processing /home/airflow/.local/lib/python3.8/site-packages/airflow/example_dags/example_python_operator.py took 0.106 seconds
[2024-05-16T01:18:25.366+0000] {processor.py:161} INFO - Started process (PID=2426) to work on /home/airflow/.local/lib/python3.8/site-packages/airflow/example_dags/example_python_operator.py
[2024-05-16T01:18:25.367+0000] {processor.py:830} INFO - Processing file /home/airflow/.local/lib/python3.8/site-packages/airflow/example_dags/example_python_operator.py for tasks to queue
[2024-05-16T01:18:25.370+0000] {logging_mixin.py:188} INFO - [2024-05-16T01:18:25.370+0000] {dagbag.py:540} INFO - Filling up the DagBag from /home/airflow/.local/lib/python3.8/site-packages/airflow/example_dags/example_python_operator.py
[2024-05-16T01:18:25.386+0000] {processor.py:840} INFO - DAG(s) 'example_python_operator' retrieved from /home/airflow/.local/lib/python3.8/site-packages/airflow/example_dags/example_python_operator.py
[2024-05-16T01:18:25.418+0000] {logging_mixin.py:188} INFO - [2024-05-16T01:18:25.417+0000] {dag.py:3047} INFO - Sync 1 DAGs
[2024-05-16T01:18:25.437+0000] {logging_mixin.py:188} INFO - [2024-05-16T01:18:25.436+0000] {dag.py:3834} INFO - Setting next_dagrun for example_python_operator to None, run_after=None
[2024-05-16T01:18:25.470+0000] {processor.py:183} INFO - Processing /home/airflow/.local/lib/python3.8/site-packages/airflow/example_dags/example_python_operator.py took 0.109 seconds
[2024-05-16T01:18:56.381+0000] {processor.py:161} INFO - Started process (PID=2485) to work on /home/airflow/.local/lib/python3.8/site-packages/airflow/example_dags/example_python_operator.py
[2024-05-16T01:18:56.383+0000] {processor.py:830} INFO - Processing file /home/airflow/.local/lib/python3.8/site-packages/airflow/example_dags/example_python_operator.py for tasks to queue
[2024-05-16T01:18:56.387+0000] {logging_mixin.py:188} INFO - [2024-05-16T01:18:56.386+0000] {dagbag.py:540} INFO - Filling up the DagBag from /home/airflow/.local/lib/python3.8/site-packages/airflow/example_dags/example_python_operator.py
[2024-05-16T01:18:56.402+0000] {processor.py:840} INFO - DAG(s) 'example_python_operator' retrieved from /home/airflow/.local/lib/python3.8/site-packages/airflow/example_dags/example_python_operator.py
[2024-05-16T01:18:56.438+0000] {logging_mixin.py:188} INFO - [2024-05-16T01:18:56.438+0000] {dag.py:3047} INFO - Sync 1 DAGs
[2024-05-16T01:18:56.459+0000] {logging_mixin.py:188} INFO - [2024-05-16T01:18:56.458+0000] {dag.py:3834} INFO - Setting next_dagrun for example_python_operator to None, run_after=None
[2024-05-16T01:18:56.491+0000] {processor.py:183} INFO - Processing /home/airflow/.local/lib/python3.8/site-packages/airflow/example_dags/example_python_operator.py took 0.114 seconds
[2024-05-16T01:19:27.058+0000] {processor.py:161} INFO - Started process (PID=2544) to work on /home/airflow/.local/lib/python3.8/site-packages/airflow/example_dags/example_python_operator.py
[2024-05-16T01:19:27.060+0000] {processor.py:830} INFO - Processing file /home/airflow/.local/lib/python3.8/site-packages/airflow/example_dags/example_python_operator.py for tasks to queue
[2024-05-16T01:19:27.063+0000] {logging_mixin.py:188} INFO - [2024-05-16T01:19:27.063+0000] {dagbag.py:540} INFO - Filling up the DagBag from /home/airflow/.local/lib/python3.8/site-packages/airflow/example_dags/example_python_operator.py
[2024-05-16T01:19:27.078+0000] {processor.py:840} INFO - DAG(s) 'example_python_operator' retrieved from /home/airflow/.local/lib/python3.8/site-packages/airflow/example_dags/example_python_operator.py
[2024-05-16T01:19:27.113+0000] {logging_mixin.py:188} INFO - [2024-05-16T01:19:27.112+0000] {dag.py:3047} INFO - Sync 1 DAGs
[2024-05-16T01:19:27.130+0000] {logging_mixin.py:188} INFO - [2024-05-16T01:19:27.130+0000] {dag.py:3834} INFO - Setting next_dagrun for example_python_operator to None, run_after=None
[2024-05-16T01:19:27.165+0000] {processor.py:183} INFO - Processing /home/airflow/.local/lib/python3.8/site-packages/airflow/example_dags/example_python_operator.py took 0.112 seconds
[2024-05-16T01:19:57.939+0000] {processor.py:161} INFO - Started process (PID=2603) to work on /home/airflow/.local/lib/python3.8/site-packages/airflow/example_dags/example_python_operator.py
[2024-05-16T01:19:57.941+0000] {processor.py:830} INFO - Processing file /home/airflow/.local/lib/python3.8/site-packages/airflow/example_dags/example_python_operator.py for tasks to queue
[2024-05-16T01:19:57.945+0000] {logging_mixin.py:188} INFO - [2024-05-16T01:19:57.944+0000] {dagbag.py:540} INFO - Filling up the DagBag from /home/airflow/.local/lib/python3.8/site-packages/airflow/example_dags/example_python_operator.py
[2024-05-16T01:19:57.963+0000] {processor.py:840} INFO - DAG(s) 'example_python_operator' retrieved from /home/airflow/.local/lib/python3.8/site-packages/airflow/example_dags/example_python_operator.py
[2024-05-16T01:19:58.003+0000] {logging_mixin.py:188} INFO - [2024-05-16T01:19:58.002+0000] {dag.py:3047} INFO - Sync 1 DAGs
[2024-05-16T01:19:58.028+0000] {logging_mixin.py:188} INFO - [2024-05-16T01:19:58.028+0000] {dag.py:3834} INFO - Setting next_dagrun for example_python_operator to None, run_after=None
[2024-05-16T01:19:58.066+0000] {processor.py:183} INFO - Processing /home/airflow/.local/lib/python3.8/site-packages/airflow/example_dags/example_python_operator.py took 0.132 seconds
[2024-05-16T01:20:28.522+0000] {processor.py:161} INFO - Started process (PID=2662) to work on /home/airflow/.local/lib/python3.8/site-packages/airflow/example_dags/example_python_operator.py
[2024-05-16T01:20:28.524+0000] {processor.py:830} INFO - Processing file /home/airflow/.local/lib/python3.8/site-packages/airflow/example_dags/example_python_operator.py for tasks to queue
[2024-05-16T01:20:28.527+0000] {logging_mixin.py:188} INFO - [2024-05-16T01:20:28.527+0000] {dagbag.py:540} INFO - Filling up the DagBag from /home/airflow/.local/lib/python3.8/site-packages/airflow/example_dags/example_python_operator.py
[2024-05-16T01:20:28.541+0000] {processor.py:840} INFO - DAG(s) 'example_python_operator' retrieved from /home/airflow/.local/lib/python3.8/site-packages/airflow/example_dags/example_python_operator.py
[2024-05-16T01:20:28.579+0000] {logging_mixin.py:188} INFO - [2024-05-16T01:20:28.578+0000] {dag.py:3047} INFO - Sync 1 DAGs
[2024-05-16T01:20:28.601+0000] {logging_mixin.py:188} INFO - [2024-05-16T01:20:28.601+0000] {dag.py:3834} INFO - Setting next_dagrun for example_python_operator to None, run_after=None
[2024-05-16T01:20:28.645+0000] {processor.py:183} INFO - Processing /home/airflow/.local/lib/python3.8/site-packages/airflow/example_dags/example_python_operator.py took 0.127 seconds
[2024-05-16T01:20:59.731+0000] {processor.py:161} INFO - Started process (PID=2721) to work on /home/airflow/.local/lib/python3.8/site-packages/airflow/example_dags/example_python_operator.py
[2024-05-16T01:20:59.733+0000] {processor.py:830} INFO - Processing file /home/airflow/.local/lib/python3.8/site-packages/airflow/example_dags/example_python_operator.py for tasks to queue
[2024-05-16T01:20:59.736+0000] {logging_mixin.py:188} INFO - [2024-05-16T01:20:59.736+0000] {dagbag.py:540} INFO - Filling up the DagBag from /home/airflow/.local/lib/python3.8/site-packages/airflow/example_dags/example_python_operator.py
[2024-05-16T01:20:59.752+0000] {processor.py:840} INFO - DAG(s) 'example_python_operator' retrieved from /home/airflow/.local/lib/python3.8/site-packages/airflow/example_dags/example_python_operator.py
[2024-05-16T01:20:59.788+0000] {logging_mixin.py:188} INFO - [2024-05-16T01:20:59.788+0000] {dag.py:3047} INFO - Sync 1 DAGs
[2024-05-16T01:20:59.807+0000] {logging_mixin.py:188} INFO - [2024-05-16T01:20:59.807+0000] {dag.py:3834} INFO - Setting next_dagrun for example_python_operator to None, run_after=None
[2024-05-16T01:20:59.839+0000] {processor.py:183} INFO - Processing /home/airflow/.local/lib/python3.8/site-packages/airflow/example_dags/example_python_operator.py took 0.114 seconds
[2024-05-16T01:21:30.550+0000] {processor.py:161} INFO - Started process (PID=2780) to work on /home/airflow/.local/lib/python3.8/site-packages/airflow/example_dags/example_python_operator.py
[2024-05-16T01:21:30.552+0000] {processor.py:830} INFO - Processing file /home/airflow/.local/lib/python3.8/site-packages/airflow/example_dags/example_python_operator.py for tasks to queue
[2024-05-16T01:21:30.555+0000] {logging_mixin.py:188} INFO - [2024-05-16T01:21:30.555+0000] {dagbag.py:540} INFO - Filling up the DagBag from /home/airflow/.local/lib/python3.8/site-packages/airflow/example_dags/example_python_operator.py
[2024-05-16T01:21:30.572+0000] {processor.py:840} INFO - DAG(s) 'example_python_operator' retrieved from /home/airflow/.local/lib/python3.8/site-packages/airflow/example_dags/example_python_operator.py
[2024-05-16T01:21:30.606+0000] {logging_mixin.py:188} INFO - [2024-05-16T01:21:30.606+0000] {dag.py:3047} INFO - Sync 1 DAGs
[2024-05-16T01:21:30.626+0000] {logging_mixin.py:188} INFO - [2024-05-16T01:21:30.626+0000] {dag.py:3834} INFO - Setting next_dagrun for example_python_operator to None, run_after=None
[2024-05-16T01:21:30.661+0000] {processor.py:183} INFO - Processing /home/airflow/.local/lib/python3.8/site-packages/airflow/example_dags/example_python_operator.py took 0.117 seconds
[2024-05-16T01:22:00.876+0000] {processor.py:161} INFO - Started process (PID=2839) to work on /home/airflow/.local/lib/python3.8/site-packages/airflow/example_dags/example_python_operator.py
[2024-05-16T01:22:00.879+0000] {processor.py:830} INFO - Processing file /home/airflow/.local/lib/python3.8/site-packages/airflow/example_dags/example_python_operator.py for tasks to queue
[2024-05-16T01:22:00.883+0000] {logging_mixin.py:188} INFO - [2024-05-16T01:22:00.883+0000] {dagbag.py:540} INFO - Filling up the DagBag from /home/airflow/.local/lib/python3.8/site-packages/airflow/example_dags/example_python_operator.py
[2024-05-16T01:22:00.910+0000] {processor.py:840} INFO - DAG(s) 'example_python_operator' retrieved from /home/airflow/.local/lib/python3.8/site-packages/airflow/example_dags/example_python_operator.py
[2024-05-16T01:22:00.959+0000] {logging_mixin.py:188} INFO - [2024-05-16T01:22:00.958+0000] {dag.py:3047} INFO - Sync 1 DAGs
[2024-05-16T01:22:00.983+0000] {logging_mixin.py:188} INFO - [2024-05-16T01:22:00.982+0000] {dag.py:3834} INFO - Setting next_dagrun for example_python_operator to None, run_after=None
[2024-05-16T01:22:01.092+0000] {processor.py:183} INFO - Processing /home/airflow/.local/lib/python3.8/site-packages/airflow/example_dags/example_python_operator.py took 0.222 seconds
[2024-05-16T01:22:31.474+0000] {processor.py:161} INFO - Started process (PID=2897) to work on /home/airflow/.local/lib/python3.8/site-packages/airflow/example_dags/example_python_operator.py
[2024-05-16T01:22:31.476+0000] {processor.py:830} INFO - Processing file /home/airflow/.local/lib/python3.8/site-packages/airflow/example_dags/example_python_operator.py for tasks to queue
[2024-05-16T01:22:31.480+0000] {logging_mixin.py:188} INFO - [2024-05-16T01:22:31.479+0000] {dagbag.py:540} INFO - Filling up the DagBag from /home/airflow/.local/lib/python3.8/site-packages/airflow/example_dags/example_python_operator.py
[2024-05-16T01:22:31.497+0000] {processor.py:840} INFO - DAG(s) 'example_python_operator' retrieved from /home/airflow/.local/lib/python3.8/site-packages/airflow/example_dags/example_python_operator.py
[2024-05-16T01:22:31.535+0000] {logging_mixin.py:188} INFO - [2024-05-16T01:22:31.534+0000] {dag.py:3047} INFO - Sync 1 DAGs
[2024-05-16T01:22:31.554+0000] {logging_mixin.py:188} INFO - [2024-05-16T01:22:31.554+0000] {dag.py:3834} INFO - Setting next_dagrun for example_python_operator to None, run_after=None
[2024-05-16T01:22:31.589+0000] {processor.py:183} INFO - Processing /home/airflow/.local/lib/python3.8/site-packages/airflow/example_dags/example_python_operator.py took 0.121 seconds
[2024-05-16T01:23:02.411+0000] {processor.py:161} INFO - Started process (PID=2957) to work on /home/airflow/.local/lib/python3.8/site-packages/airflow/example_dags/example_python_operator.py
[2024-05-16T01:23:02.414+0000] {processor.py:830} INFO - Processing file /home/airflow/.local/lib/python3.8/site-packages/airflow/example_dags/example_python_operator.py for tasks to queue
[2024-05-16T01:23:02.418+0000] {logging_mixin.py:188} INFO - [2024-05-16T01:23:02.417+0000] {dagbag.py:540} INFO - Filling up the DagBag from /home/airflow/.local/lib/python3.8/site-packages/airflow/example_dags/example_python_operator.py
[2024-05-16T01:23:02.438+0000] {processor.py:840} INFO - DAG(s) 'example_python_operator' retrieved from /home/airflow/.local/lib/python3.8/site-packages/airflow/example_dags/example_python_operator.py
[2024-05-16T01:23:02.474+0000] {logging_mixin.py:188} INFO - [2024-05-16T01:23:02.474+0000] {dag.py:3047} INFO - Sync 1 DAGs
[2024-05-16T01:23:02.493+0000] {logging_mixin.py:188} INFO - [2024-05-16T01:23:02.493+0000] {dag.py:3834} INFO - Setting next_dagrun for example_python_operator to None, run_after=None
[2024-05-16T01:23:02.528+0000] {processor.py:183} INFO - Processing /home/airflow/.local/lib/python3.8/site-packages/airflow/example_dags/example_python_operator.py took 0.124 seconds
