[2024-05-16T00:57:55.380+0000] {processor.py:161} INFO - Started process (PID=50) to work on /home/airflow/.local/lib/python3.8/site-packages/airflow/example_dags/example_python_decorator.py
[2024-05-16T00:57:55.382+0000] {processor.py:830} INFO - Processing file /home/airflow/.local/lib/python3.8/site-packages/airflow/example_dags/example_python_decorator.py for tasks to queue
[2024-05-16T00:57:55.387+0000] {logging_mixin.py:188} INFO - [2024-05-16T00:57:55.386+0000] {dagbag.py:540} INFO - Filling up the DagBag from /home/airflow/.local/lib/python3.8/site-packages/airflow/example_dags/example_python_decorator.py
[2024-05-16T00:57:55.417+0000] {processor.py:840} INFO - DAG(s) 'example_python_decorator' retrieved from /home/airflow/.local/lib/python3.8/site-packages/airflow/example_dags/example_python_decorator.py
[2024-05-16T00:57:55.547+0000] {logging_mixin.py:188} INFO - [2024-05-16T00:57:55.547+0000] {dag.py:3047} INFO - Sync 1 DAGs
[2024-05-16T00:57:55.560+0000] {logging_mixin.py:188} INFO - [2024-05-16T00:57:55.559+0000] {dag.py:3834} INFO - Setting next_dagrun for example_python_decorator to None, run_after=None
[2024-05-16T00:57:55.589+0000] {processor.py:183} INFO - Processing /home/airflow/.local/lib/python3.8/site-packages/airflow/example_dags/example_python_decorator.py took 0.216 seconds
[2024-05-16T00:58:26.118+0000] {processor.py:161} INFO - Started process (PID=108) to work on /home/airflow/.local/lib/python3.8/site-packages/airflow/example_dags/example_python_decorator.py
[2024-05-16T00:58:26.123+0000] {processor.py:830} INFO - Processing file /home/airflow/.local/lib/python3.8/site-packages/airflow/example_dags/example_python_decorator.py for tasks to queue
[2024-05-16T00:58:26.134+0000] {logging_mixin.py:188} INFO - [2024-05-16T00:58:26.132+0000] {dagbag.py:540} INFO - Filling up the DagBag from /home/airflow/.local/lib/python3.8/site-packages/airflow/example_dags/example_python_decorator.py
[2024-05-16T00:58:26.178+0000] {processor.py:840} INFO - DAG(s) 'example_python_decorator' retrieved from /home/airflow/.local/lib/python3.8/site-packages/airflow/example_dags/example_python_decorator.py
[2024-05-16T00:58:26.245+0000] {logging_mixin.py:188} INFO - [2024-05-16T00:58:26.245+0000] {dag.py:3047} INFO - Sync 1 DAGs
[2024-05-16T00:58:26.290+0000] {logging_mixin.py:188} INFO - [2024-05-16T00:58:26.289+0000] {dag.py:3834} INFO - Setting next_dagrun for example_python_decorator to None, run_after=None
[2024-05-16T00:58:26.380+0000] {processor.py:183} INFO - Processing /home/airflow/.local/lib/python3.8/site-packages/airflow/example_dags/example_python_decorator.py took 0.268 seconds
[2024-05-16T00:58:56.758+0000] {processor.py:161} INFO - Started process (PID=166) to work on /home/airflow/.local/lib/python3.8/site-packages/airflow/example_dags/example_python_decorator.py
[2024-05-16T00:58:56.760+0000] {processor.py:830} INFO - Processing file /home/airflow/.local/lib/python3.8/site-packages/airflow/example_dags/example_python_decorator.py for tasks to queue
[2024-05-16T00:58:56.762+0000] {logging_mixin.py:188} INFO - [2024-05-16T00:58:56.762+0000] {dagbag.py:540} INFO - Filling up the DagBag from /home/airflow/.local/lib/python3.8/site-packages/airflow/example_dags/example_python_decorator.py
[2024-05-16T00:58:56.777+0000] {processor.py:840} INFO - DAG(s) 'example_python_decorator' retrieved from /home/airflow/.local/lib/python3.8/site-packages/airflow/example_dags/example_python_decorator.py
[2024-05-16T00:58:56.801+0000] {logging_mixin.py:188} INFO - [2024-05-16T00:58:56.801+0000] {dag.py:3047} INFO - Sync 1 DAGs
[2024-05-16T00:58:56.813+0000] {logging_mixin.py:188} INFO - [2024-05-16T00:58:56.813+0000] {dag.py:3834} INFO - Setting next_dagrun for example_python_decorator to None, run_after=None
[2024-05-16T00:58:56.839+0000] {processor.py:183} INFO - Processing /home/airflow/.local/lib/python3.8/site-packages/airflow/example_dags/example_python_decorator.py took 0.084 seconds
[2024-05-16T00:59:27.180+0000] {processor.py:161} INFO - Started process (PID=225) to work on /home/airflow/.local/lib/python3.8/site-packages/airflow/example_dags/example_python_decorator.py
[2024-05-16T00:59:27.181+0000] {processor.py:830} INFO - Processing file /home/airflow/.local/lib/python3.8/site-packages/airflow/example_dags/example_python_decorator.py for tasks to queue
[2024-05-16T00:59:27.183+0000] {logging_mixin.py:188} INFO - [2024-05-16T00:59:27.182+0000] {dagbag.py:540} INFO - Filling up the DagBag from /home/airflow/.local/lib/python3.8/site-packages/airflow/example_dags/example_python_decorator.py
[2024-05-16T00:59:27.196+0000] {processor.py:840} INFO - DAG(s) 'example_python_decorator' retrieved from /home/airflow/.local/lib/python3.8/site-packages/airflow/example_dags/example_python_decorator.py
[2024-05-16T00:59:27.216+0000] {logging_mixin.py:188} INFO - [2024-05-16T00:59:27.216+0000] {dag.py:3047} INFO - Sync 1 DAGs
[2024-05-16T00:59:27.226+0000] {logging_mixin.py:188} INFO - [2024-05-16T00:59:27.226+0000] {dag.py:3834} INFO - Setting next_dagrun for example_python_decorator to None, run_after=None
[2024-05-16T00:59:27.258+0000] {processor.py:183} INFO - Processing /home/airflow/.local/lib/python3.8/site-packages/airflow/example_dags/example_python_decorator.py took 0.082 seconds
[2024-05-16T00:59:57.599+0000] {processor.py:161} INFO - Started process (PID=284) to work on /home/airflow/.local/lib/python3.8/site-packages/airflow/example_dags/example_python_decorator.py
[2024-05-16T00:59:57.601+0000] {processor.py:830} INFO - Processing file /home/airflow/.local/lib/python3.8/site-packages/airflow/example_dags/example_python_decorator.py for tasks to queue
[2024-05-16T00:59:57.603+0000] {logging_mixin.py:188} INFO - [2024-05-16T00:59:57.603+0000] {dagbag.py:540} INFO - Filling up the DagBag from /home/airflow/.local/lib/python3.8/site-packages/airflow/example_dags/example_python_decorator.py
[2024-05-16T00:59:57.615+0000] {processor.py:840} INFO - DAG(s) 'example_python_decorator' retrieved from /home/airflow/.local/lib/python3.8/site-packages/airflow/example_dags/example_python_decorator.py
[2024-05-16T00:59:57.635+0000] {logging_mixin.py:188} INFO - [2024-05-16T00:59:57.635+0000] {dag.py:3047} INFO - Sync 1 DAGs
[2024-05-16T00:59:57.646+0000] {logging_mixin.py:188} INFO - [2024-05-16T00:59:57.646+0000] {dag.py:3834} INFO - Setting next_dagrun for example_python_decorator to None, run_after=None
[2024-05-16T00:59:57.682+0000] {processor.py:183} INFO - Processing /home/airflow/.local/lib/python3.8/site-packages/airflow/example_dags/example_python_decorator.py took 0.085 seconds
[2024-05-16T01:00:27.982+0000] {processor.py:161} INFO - Started process (PID=343) to work on /home/airflow/.local/lib/python3.8/site-packages/airflow/example_dags/example_python_decorator.py
[2024-05-16T01:00:27.983+0000] {processor.py:830} INFO - Processing file /home/airflow/.local/lib/python3.8/site-packages/airflow/example_dags/example_python_decorator.py for tasks to queue
[2024-05-16T01:00:27.986+0000] {logging_mixin.py:188} INFO - [2024-05-16T01:00:27.985+0000] {dagbag.py:540} INFO - Filling up the DagBag from /home/airflow/.local/lib/python3.8/site-packages/airflow/example_dags/example_python_decorator.py
[2024-05-16T01:00:27.998+0000] {processor.py:840} INFO - DAG(s) 'example_python_decorator' retrieved from /home/airflow/.local/lib/python3.8/site-packages/airflow/example_dags/example_python_decorator.py
[2024-05-16T01:00:28.022+0000] {logging_mixin.py:188} INFO - [2024-05-16T01:00:28.022+0000] {dag.py:3047} INFO - Sync 1 DAGs
[2024-05-16T01:00:28.032+0000] {logging_mixin.py:188} INFO - [2024-05-16T01:00:28.032+0000] {dag.py:3834} INFO - Setting next_dagrun for example_python_decorator to None, run_after=None
[2024-05-16T01:00:28.055+0000] {processor.py:183} INFO - Processing /home/airflow/.local/lib/python3.8/site-packages/airflow/example_dags/example_python_decorator.py took 0.076 seconds
[2024-05-16T01:00:58.710+0000] {processor.py:161} INFO - Started process (PID=402) to work on /home/airflow/.local/lib/python3.8/site-packages/airflow/example_dags/example_python_decorator.py
[2024-05-16T01:00:58.711+0000] {processor.py:830} INFO - Processing file /home/airflow/.local/lib/python3.8/site-packages/airflow/example_dags/example_python_decorator.py for tasks to queue
[2024-05-16T01:00:58.713+0000] {logging_mixin.py:188} INFO - [2024-05-16T01:00:58.712+0000] {dagbag.py:540} INFO - Filling up the DagBag from /home/airflow/.local/lib/python3.8/site-packages/airflow/example_dags/example_python_decorator.py
[2024-05-16T01:00:58.723+0000] {processor.py:840} INFO - DAG(s) 'example_python_decorator' retrieved from /home/airflow/.local/lib/python3.8/site-packages/airflow/example_dags/example_python_decorator.py
[2024-05-16T01:00:58.744+0000] {logging_mixin.py:188} INFO - [2024-05-16T01:00:58.743+0000] {dag.py:3047} INFO - Sync 1 DAGs
[2024-05-16T01:00:58.753+0000] {logging_mixin.py:188} INFO - [2024-05-16T01:00:58.753+0000] {dag.py:3834} INFO - Setting next_dagrun for example_python_decorator to None, run_after=None
[2024-05-16T01:00:58.777+0000] {processor.py:183} INFO - Processing /home/airflow/.local/lib/python3.8/site-packages/airflow/example_dags/example_python_decorator.py took 0.070 seconds
[2024-05-16T01:01:29.246+0000] {processor.py:161} INFO - Started process (PID=461) to work on /home/airflow/.local/lib/python3.8/site-packages/airflow/example_dags/example_python_decorator.py
[2024-05-16T01:01:29.248+0000] {processor.py:830} INFO - Processing file /home/airflow/.local/lib/python3.8/site-packages/airflow/example_dags/example_python_decorator.py for tasks to queue
[2024-05-16T01:01:29.250+0000] {logging_mixin.py:188} INFO - [2024-05-16T01:01:29.250+0000] {dagbag.py:540} INFO - Filling up the DagBag from /home/airflow/.local/lib/python3.8/site-packages/airflow/example_dags/example_python_decorator.py
[2024-05-16T01:01:29.267+0000] {processor.py:840} INFO - DAG(s) 'example_python_decorator' retrieved from /home/airflow/.local/lib/python3.8/site-packages/airflow/example_dags/example_python_decorator.py
[2024-05-16T01:01:29.290+0000] {logging_mixin.py:188} INFO - [2024-05-16T01:01:29.290+0000] {dag.py:3047} INFO - Sync 1 DAGs
[2024-05-16T01:01:29.302+0000] {logging_mixin.py:188} INFO - [2024-05-16T01:01:29.302+0000] {dag.py:3834} INFO - Setting next_dagrun for example_python_decorator to None, run_after=None
[2024-05-16T01:01:29.324+0000] {processor.py:183} INFO - Processing /home/airflow/.local/lib/python3.8/site-packages/airflow/example_dags/example_python_decorator.py took 0.081 seconds
[2024-05-16T01:01:59.739+0000] {processor.py:161} INFO - Started process (PID=519) to work on /home/airflow/.local/lib/python3.8/site-packages/airflow/example_dags/example_python_decorator.py
[2024-05-16T01:01:59.740+0000] {processor.py:830} INFO - Processing file /home/airflow/.local/lib/python3.8/site-packages/airflow/example_dags/example_python_decorator.py for tasks to queue
[2024-05-16T01:01:59.742+0000] {logging_mixin.py:188} INFO - [2024-05-16T01:01:59.742+0000] {dagbag.py:540} INFO - Filling up the DagBag from /home/airflow/.local/lib/python3.8/site-packages/airflow/example_dags/example_python_decorator.py
[2024-05-16T01:01:59.754+0000] {processor.py:840} INFO - DAG(s) 'example_python_decorator' retrieved from /home/airflow/.local/lib/python3.8/site-packages/airflow/example_dags/example_python_decorator.py
[2024-05-16T01:01:59.772+0000] {logging_mixin.py:188} INFO - [2024-05-16T01:01:59.772+0000] {dag.py:3047} INFO - Sync 1 DAGs
[2024-05-16T01:01:59.782+0000] {logging_mixin.py:188} INFO - [2024-05-16T01:01:59.782+0000] {dag.py:3834} INFO - Setting next_dagrun for example_python_decorator to None, run_after=None
[2024-05-16T01:01:59.802+0000] {processor.py:183} INFO - Processing /home/airflow/.local/lib/python3.8/site-packages/airflow/example_dags/example_python_decorator.py took 0.067 seconds
[2024-05-16T01:02:30.451+0000] {processor.py:161} INFO - Started process (PID=578) to work on /home/airflow/.local/lib/python3.8/site-packages/airflow/example_dags/example_python_decorator.py
[2024-05-16T01:02:30.453+0000] {processor.py:830} INFO - Processing file /home/airflow/.local/lib/python3.8/site-packages/airflow/example_dags/example_python_decorator.py for tasks to queue
[2024-05-16T01:02:30.456+0000] {logging_mixin.py:188} INFO - [2024-05-16T01:02:30.455+0000] {dagbag.py:540} INFO - Filling up the DagBag from /home/airflow/.local/lib/python3.8/site-packages/airflow/example_dags/example_python_decorator.py
[2024-05-16T01:02:30.472+0000] {processor.py:840} INFO - DAG(s) 'example_python_decorator' retrieved from /home/airflow/.local/lib/python3.8/site-packages/airflow/example_dags/example_python_decorator.py
[2024-05-16T01:02:30.502+0000] {logging_mixin.py:188} INFO - [2024-05-16T01:02:30.502+0000] {dag.py:3047} INFO - Sync 1 DAGs
[2024-05-16T01:02:30.519+0000] {logging_mixin.py:188} INFO - [2024-05-16T01:02:30.519+0000] {dag.py:3834} INFO - Setting next_dagrun for example_python_decorator to None, run_after=None
[2024-05-16T01:02:30.550+0000] {processor.py:183} INFO - Processing /home/airflow/.local/lib/python3.8/site-packages/airflow/example_dags/example_python_decorator.py took 0.103 seconds
[2024-05-16T01:03:00.952+0000] {processor.py:161} INFO - Started process (PID=636) to work on /home/airflow/.local/lib/python3.8/site-packages/airflow/example_dags/example_python_decorator.py
[2024-05-16T01:03:00.953+0000] {processor.py:830} INFO - Processing file /home/airflow/.local/lib/python3.8/site-packages/airflow/example_dags/example_python_decorator.py for tasks to queue
[2024-05-16T01:03:00.957+0000] {logging_mixin.py:188} INFO - [2024-05-16T01:03:00.956+0000] {dagbag.py:540} INFO - Filling up the DagBag from /home/airflow/.local/lib/python3.8/site-packages/airflow/example_dags/example_python_decorator.py
[2024-05-16T01:03:00.975+0000] {processor.py:840} INFO - DAG(s) 'example_python_decorator' retrieved from /home/airflow/.local/lib/python3.8/site-packages/airflow/example_dags/example_python_decorator.py
[2024-05-16T01:03:01.006+0000] {logging_mixin.py:188} INFO - [2024-05-16T01:03:01.006+0000] {dag.py:3047} INFO - Sync 1 DAGs
[2024-05-16T01:03:01.028+0000] {logging_mixin.py:188} INFO - [2024-05-16T01:03:01.027+0000] {dag.py:3834} INFO - Setting next_dagrun for example_python_decorator to None, run_after=None
[2024-05-16T01:03:01.073+0000] {processor.py:183} INFO - Processing /home/airflow/.local/lib/python3.8/site-packages/airflow/example_dags/example_python_decorator.py took 0.127 seconds
[2024-05-16T01:03:31.608+0000] {processor.py:161} INFO - Started process (PID=695) to work on /home/airflow/.local/lib/python3.8/site-packages/airflow/example_dags/example_python_decorator.py
[2024-05-16T01:03:31.609+0000] {processor.py:830} INFO - Processing file /home/airflow/.local/lib/python3.8/site-packages/airflow/example_dags/example_python_decorator.py for tasks to queue
[2024-05-16T01:03:31.612+0000] {logging_mixin.py:188} INFO - [2024-05-16T01:03:31.612+0000] {dagbag.py:540} INFO - Filling up the DagBag from /home/airflow/.local/lib/python3.8/site-packages/airflow/example_dags/example_python_decorator.py
[2024-05-16T01:03:31.628+0000] {processor.py:840} INFO - DAG(s) 'example_python_decorator' retrieved from /home/airflow/.local/lib/python3.8/site-packages/airflow/example_dags/example_python_decorator.py
[2024-05-16T01:03:31.663+0000] {logging_mixin.py:188} INFO - [2024-05-16T01:03:31.663+0000] {dag.py:3047} INFO - Sync 1 DAGs
[2024-05-16T01:03:31.678+0000] {logging_mixin.py:188} INFO - [2024-05-16T01:03:31.678+0000] {dag.py:3834} INFO - Setting next_dagrun for example_python_decorator to None, run_after=None
[2024-05-16T01:03:31.708+0000] {processor.py:183} INFO - Processing /home/airflow/.local/lib/python3.8/site-packages/airflow/example_dags/example_python_decorator.py took 0.105 seconds
[2024-05-16T01:04:02.575+0000] {processor.py:161} INFO - Started process (PID=754) to work on /home/airflow/.local/lib/python3.8/site-packages/airflow/example_dags/example_python_decorator.py
[2024-05-16T01:04:02.578+0000] {processor.py:830} INFO - Processing file /home/airflow/.local/lib/python3.8/site-packages/airflow/example_dags/example_python_decorator.py for tasks to queue
[2024-05-16T01:04:02.581+0000] {logging_mixin.py:188} INFO - [2024-05-16T01:04:02.581+0000] {dagbag.py:540} INFO - Filling up the DagBag from /home/airflow/.local/lib/python3.8/site-packages/airflow/example_dags/example_python_decorator.py
[2024-05-16T01:04:02.598+0000] {processor.py:840} INFO - DAG(s) 'example_python_decorator' retrieved from /home/airflow/.local/lib/python3.8/site-packages/airflow/example_dags/example_python_decorator.py
[2024-05-16T01:04:02.622+0000] {logging_mixin.py:188} INFO - [2024-05-16T01:04:02.622+0000] {dag.py:3047} INFO - Sync 1 DAGs
[2024-05-16T01:04:02.633+0000] {logging_mixin.py:188} INFO - [2024-05-16T01:04:02.633+0000] {dag.py:3834} INFO - Setting next_dagrun for example_python_decorator to None, run_after=None
[2024-05-16T01:04:02.655+0000] {processor.py:183} INFO - Processing /home/airflow/.local/lib/python3.8/site-packages/airflow/example_dags/example_python_decorator.py took 0.084 seconds
[2024-05-16T01:04:33.164+0000] {processor.py:161} INFO - Started process (PID=813) to work on /home/airflow/.local/lib/python3.8/site-packages/airflow/example_dags/example_python_decorator.py
[2024-05-16T01:04:33.165+0000] {processor.py:830} INFO - Processing file /home/airflow/.local/lib/python3.8/site-packages/airflow/example_dags/example_python_decorator.py for tasks to queue
[2024-05-16T01:04:33.167+0000] {logging_mixin.py:188} INFO - [2024-05-16T01:04:33.167+0000] {dagbag.py:540} INFO - Filling up the DagBag from /home/airflow/.local/lib/python3.8/site-packages/airflow/example_dags/example_python_decorator.py
[2024-05-16T01:04:33.179+0000] {processor.py:840} INFO - DAG(s) 'example_python_decorator' retrieved from /home/airflow/.local/lib/python3.8/site-packages/airflow/example_dags/example_python_decorator.py
[2024-05-16T01:04:33.202+0000] {logging_mixin.py:188} INFO - [2024-05-16T01:04:33.202+0000] {dag.py:3047} INFO - Sync 1 DAGs
[2024-05-16T01:04:33.212+0000] {logging_mixin.py:188} INFO - [2024-05-16T01:04:33.212+0000] {dag.py:3834} INFO - Setting next_dagrun for example_python_decorator to None, run_after=None
[2024-05-16T01:04:33.234+0000] {processor.py:183} INFO - Processing /home/airflow/.local/lib/python3.8/site-packages/airflow/example_dags/example_python_decorator.py took 0.073 seconds
[2024-05-16T01:05:03.840+0000] {processor.py:161} INFO - Started process (PID=873) to work on /home/airflow/.local/lib/python3.8/site-packages/airflow/example_dags/example_python_decorator.py
[2024-05-16T01:05:03.842+0000] {processor.py:830} INFO - Processing file /home/airflow/.local/lib/python3.8/site-packages/airflow/example_dags/example_python_decorator.py for tasks to queue
[2024-05-16T01:05:03.846+0000] {logging_mixin.py:188} INFO - [2024-05-16T01:05:03.845+0000] {dagbag.py:540} INFO - Filling up the DagBag from /home/airflow/.local/lib/python3.8/site-packages/airflow/example_dags/example_python_decorator.py
[2024-05-16T01:05:03.867+0000] {processor.py:840} INFO - DAG(s) 'example_python_decorator' retrieved from /home/airflow/.local/lib/python3.8/site-packages/airflow/example_dags/example_python_decorator.py
[2024-05-16T01:05:03.907+0000] {logging_mixin.py:188} INFO - [2024-05-16T01:05:03.907+0000] {dag.py:3047} INFO - Sync 1 DAGs
[2024-05-16T01:05:03.937+0000] {logging_mixin.py:188} INFO - [2024-05-16T01:05:03.937+0000] {dag.py:3834} INFO - Setting next_dagrun for example_python_decorator to None, run_after=None
[2024-05-16T01:05:04.008+0000] {processor.py:183} INFO - Processing /home/airflow/.local/lib/python3.8/site-packages/airflow/example_dags/example_python_decorator.py took 0.173 seconds
[2024-05-16T01:05:34.568+0000] {processor.py:161} INFO - Started process (PID=932) to work on /home/airflow/.local/lib/python3.8/site-packages/airflow/example_dags/example_python_decorator.py
[2024-05-16T01:05:34.569+0000] {processor.py:830} INFO - Processing file /home/airflow/.local/lib/python3.8/site-packages/airflow/example_dags/example_python_decorator.py for tasks to queue
[2024-05-16T01:05:34.571+0000] {logging_mixin.py:188} INFO - [2024-05-16T01:05:34.570+0000] {dagbag.py:540} INFO - Filling up the DagBag from /home/airflow/.local/lib/python3.8/site-packages/airflow/example_dags/example_python_decorator.py
[2024-05-16T01:05:34.582+0000] {processor.py:840} INFO - DAG(s) 'example_python_decorator' retrieved from /home/airflow/.local/lib/python3.8/site-packages/airflow/example_dags/example_python_decorator.py
[2024-05-16T01:05:34.600+0000] {logging_mixin.py:188} INFO - [2024-05-16T01:05:34.600+0000] {dag.py:3047} INFO - Sync 1 DAGs
[2024-05-16T01:05:34.612+0000] {logging_mixin.py:188} INFO - [2024-05-16T01:05:34.612+0000] {dag.py:3834} INFO - Setting next_dagrun for example_python_decorator to None, run_after=None
[2024-05-16T01:05:34.637+0000] {processor.py:183} INFO - Processing /home/airflow/.local/lib/python3.8/site-packages/airflow/example_dags/example_python_decorator.py took 0.071 seconds
[2024-05-16T01:06:05.281+0000] {processor.py:161} INFO - Started process (PID=991) to work on /home/airflow/.local/lib/python3.8/site-packages/airflow/example_dags/example_python_decorator.py
[2024-05-16T01:06:05.283+0000] {processor.py:830} INFO - Processing file /home/airflow/.local/lib/python3.8/site-packages/airflow/example_dags/example_python_decorator.py for tasks to queue
[2024-05-16T01:06:05.286+0000] {logging_mixin.py:188} INFO - [2024-05-16T01:06:05.285+0000] {dagbag.py:540} INFO - Filling up the DagBag from /home/airflow/.local/lib/python3.8/site-packages/airflow/example_dags/example_python_decorator.py
[2024-05-16T01:06:05.302+0000] {processor.py:840} INFO - DAG(s) 'example_python_decorator' retrieved from /home/airflow/.local/lib/python3.8/site-packages/airflow/example_dags/example_python_decorator.py
[2024-05-16T01:06:05.334+0000] {logging_mixin.py:188} INFO - [2024-05-16T01:06:05.333+0000] {dag.py:3047} INFO - Sync 1 DAGs
[2024-05-16T01:06:05.350+0000] {logging_mixin.py:188} INFO - [2024-05-16T01:06:05.350+0000] {dag.py:3834} INFO - Setting next_dagrun for example_python_decorator to None, run_after=None
[2024-05-16T01:06:05.416+0000] {processor.py:183} INFO - Processing /home/airflow/.local/lib/python3.8/site-packages/airflow/example_dags/example_python_decorator.py took 0.139 seconds
[2024-05-16T01:06:35.593+0000] {processor.py:161} INFO - Started process (PID=1050) to work on /home/airflow/.local/lib/python3.8/site-packages/airflow/example_dags/example_python_decorator.py
[2024-05-16T01:06:35.595+0000] {processor.py:830} INFO - Processing file /home/airflow/.local/lib/python3.8/site-packages/airflow/example_dags/example_python_decorator.py for tasks to queue
[2024-05-16T01:06:35.597+0000] {logging_mixin.py:188} INFO - [2024-05-16T01:06:35.596+0000] {dagbag.py:540} INFO - Filling up the DagBag from /home/airflow/.local/lib/python3.8/site-packages/airflow/example_dags/example_python_decorator.py
[2024-05-16T01:06:35.608+0000] {processor.py:840} INFO - DAG(s) 'example_python_decorator' retrieved from /home/airflow/.local/lib/python3.8/site-packages/airflow/example_dags/example_python_decorator.py
[2024-05-16T01:06:35.640+0000] {logging_mixin.py:188} INFO - [2024-05-16T01:06:35.640+0000] {dag.py:3047} INFO - Sync 1 DAGs
[2024-05-16T01:06:35.653+0000] {logging_mixin.py:188} INFO - [2024-05-16T01:06:35.653+0000] {dag.py:3834} INFO - Setting next_dagrun for example_python_decorator to None, run_after=None
[2024-05-16T01:06:35.681+0000] {processor.py:183} INFO - Processing /home/airflow/.local/lib/python3.8/site-packages/airflow/example_dags/example_python_decorator.py took 0.091 seconds
[2024-05-16T01:07:06.657+0000] {processor.py:161} INFO - Started process (PID=1109) to work on /home/airflow/.local/lib/python3.8/site-packages/airflow/example_dags/example_python_decorator.py
[2024-05-16T01:07:06.658+0000] {processor.py:830} INFO - Processing file /home/airflow/.local/lib/python3.8/site-packages/airflow/example_dags/example_python_decorator.py for tasks to queue
[2024-05-16T01:07:06.660+0000] {logging_mixin.py:188} INFO - [2024-05-16T01:07:06.660+0000] {dagbag.py:540} INFO - Filling up the DagBag from /home/airflow/.local/lib/python3.8/site-packages/airflow/example_dags/example_python_decorator.py
[2024-05-16T01:07:06.673+0000] {processor.py:840} INFO - DAG(s) 'example_python_decorator' retrieved from /home/airflow/.local/lib/python3.8/site-packages/airflow/example_dags/example_python_decorator.py
[2024-05-16T01:07:06.697+0000] {logging_mixin.py:188} INFO - [2024-05-16T01:07:06.696+0000] {dag.py:3047} INFO - Sync 1 DAGs
[2024-05-16T01:07:06.710+0000] {logging_mixin.py:188} INFO - [2024-05-16T01:07:06.709+0000] {dag.py:3834} INFO - Setting next_dagrun for example_python_decorator to None, run_after=None
[2024-05-16T01:07:06.732+0000] {processor.py:183} INFO - Processing /home/airflow/.local/lib/python3.8/site-packages/airflow/example_dags/example_python_decorator.py took 0.079 seconds
[2024-05-16T01:07:37.257+0000] {processor.py:161} INFO - Started process (PID=1168) to work on /home/airflow/.local/lib/python3.8/site-packages/airflow/example_dags/example_python_decorator.py
[2024-05-16T01:07:37.259+0000] {processor.py:830} INFO - Processing file /home/airflow/.local/lib/python3.8/site-packages/airflow/example_dags/example_python_decorator.py for tasks to queue
[2024-05-16T01:07:37.261+0000] {logging_mixin.py:188} INFO - [2024-05-16T01:07:37.261+0000] {dagbag.py:540} INFO - Filling up the DagBag from /home/airflow/.local/lib/python3.8/site-packages/airflow/example_dags/example_python_decorator.py
[2024-05-16T01:07:37.272+0000] {processor.py:840} INFO - DAG(s) 'example_python_decorator' retrieved from /home/airflow/.local/lib/python3.8/site-packages/airflow/example_dags/example_python_decorator.py
[2024-05-16T01:07:37.292+0000] {logging_mixin.py:188} INFO - [2024-05-16T01:07:37.292+0000] {dag.py:3047} INFO - Sync 1 DAGs
[2024-05-16T01:07:37.304+0000] {logging_mixin.py:188} INFO - [2024-05-16T01:07:37.304+0000] {dag.py:3834} INFO - Setting next_dagrun for example_python_decorator to None, run_after=None
[2024-05-16T01:07:37.326+0000] {processor.py:183} INFO - Processing /home/airflow/.local/lib/python3.8/site-packages/airflow/example_dags/example_python_decorator.py took 0.071 seconds
[2024-05-16T01:08:08.175+0000] {processor.py:161} INFO - Started process (PID=1226) to work on /home/airflow/.local/lib/python3.8/site-packages/airflow/example_dags/example_python_decorator.py
[2024-05-16T01:08:08.177+0000] {processor.py:830} INFO - Processing file /home/airflow/.local/lib/python3.8/site-packages/airflow/example_dags/example_python_decorator.py for tasks to queue
[2024-05-16T01:08:08.179+0000] {logging_mixin.py:188} INFO - [2024-05-16T01:08:08.179+0000] {dagbag.py:540} INFO - Filling up the DagBag from /home/airflow/.local/lib/python3.8/site-packages/airflow/example_dags/example_python_decorator.py
[2024-05-16T01:08:08.194+0000] {processor.py:840} INFO - DAG(s) 'example_python_decorator' retrieved from /home/airflow/.local/lib/python3.8/site-packages/airflow/example_dags/example_python_decorator.py
[2024-05-16T01:08:08.220+0000] {logging_mixin.py:188} INFO - [2024-05-16T01:08:08.220+0000] {dag.py:3047} INFO - Sync 1 DAGs
[2024-05-16T01:08:08.233+0000] {logging_mixin.py:188} INFO - [2024-05-16T01:08:08.233+0000] {dag.py:3834} INFO - Setting next_dagrun for example_python_decorator to None, run_after=None
[2024-05-16T01:08:08.265+0000] {processor.py:183} INFO - Processing /home/airflow/.local/lib/python3.8/site-packages/airflow/example_dags/example_python_decorator.py took 0.093 seconds
[2024-05-16T01:08:38.555+0000] {processor.py:161} INFO - Started process (PID=1285) to work on /home/airflow/.local/lib/python3.8/site-packages/airflow/example_dags/example_python_decorator.py
[2024-05-16T01:08:38.556+0000] {processor.py:830} INFO - Processing file /home/airflow/.local/lib/python3.8/site-packages/airflow/example_dags/example_python_decorator.py for tasks to queue
[2024-05-16T01:08:38.558+0000] {logging_mixin.py:188} INFO - [2024-05-16T01:08:38.558+0000] {dagbag.py:540} INFO - Filling up the DagBag from /home/airflow/.local/lib/python3.8/site-packages/airflow/example_dags/example_python_decorator.py
[2024-05-16T01:08:38.571+0000] {processor.py:840} INFO - DAG(s) 'example_python_decorator' retrieved from /home/airflow/.local/lib/python3.8/site-packages/airflow/example_dags/example_python_decorator.py
[2024-05-16T01:08:38.594+0000] {logging_mixin.py:188} INFO - [2024-05-16T01:08:38.594+0000] {dag.py:3047} INFO - Sync 1 DAGs
[2024-05-16T01:08:38.606+0000] {logging_mixin.py:188} INFO - [2024-05-16T01:08:38.606+0000] {dag.py:3834} INFO - Setting next_dagrun for example_python_decorator to None, run_after=None
[2024-05-16T01:08:38.629+0000] {processor.py:183} INFO - Processing /home/airflow/.local/lib/python3.8/site-packages/airflow/example_dags/example_python_decorator.py took 0.077 seconds
[2024-05-16T01:09:09.171+0000] {processor.py:161} INFO - Started process (PID=1344) to work on /home/airflow/.local/lib/python3.8/site-packages/airflow/example_dags/example_python_decorator.py
[2024-05-16T01:09:09.173+0000] {processor.py:830} INFO - Processing file /home/airflow/.local/lib/python3.8/site-packages/airflow/example_dags/example_python_decorator.py for tasks to queue
[2024-05-16T01:09:09.176+0000] {logging_mixin.py:188} INFO - [2024-05-16T01:09:09.176+0000] {dagbag.py:540} INFO - Filling up the DagBag from /home/airflow/.local/lib/python3.8/site-packages/airflow/example_dags/example_python_decorator.py
[2024-05-16T01:09:09.198+0000] {processor.py:840} INFO - DAG(s) 'example_python_decorator' retrieved from /home/airflow/.local/lib/python3.8/site-packages/airflow/example_dags/example_python_decorator.py
[2024-05-16T01:09:09.234+0000] {logging_mixin.py:188} INFO - [2024-05-16T01:09:09.234+0000] {dag.py:3047} INFO - Sync 1 DAGs
[2024-05-16T01:09:09.255+0000] {logging_mixin.py:188} INFO - [2024-05-16T01:09:09.255+0000] {dag.py:3834} INFO - Setting next_dagrun for example_python_decorator to None, run_after=None
[2024-05-16T01:09:09.294+0000] {processor.py:183} INFO - Processing /home/airflow/.local/lib/python3.8/site-packages/airflow/example_dags/example_python_decorator.py took 0.129 seconds
[2024-05-16T01:09:39.575+0000] {processor.py:161} INFO - Started process (PID=1403) to work on /home/airflow/.local/lib/python3.8/site-packages/airflow/example_dags/example_python_decorator.py
[2024-05-16T01:09:39.577+0000] {processor.py:830} INFO - Processing file /home/airflow/.local/lib/python3.8/site-packages/airflow/example_dags/example_python_decorator.py for tasks to queue
[2024-05-16T01:09:39.579+0000] {logging_mixin.py:188} INFO - [2024-05-16T01:09:39.579+0000] {dagbag.py:540} INFO - Filling up the DagBag from /home/airflow/.local/lib/python3.8/site-packages/airflow/example_dags/example_python_decorator.py
[2024-05-16T01:09:39.592+0000] {processor.py:840} INFO - DAG(s) 'example_python_decorator' retrieved from /home/airflow/.local/lib/python3.8/site-packages/airflow/example_dags/example_python_decorator.py
[2024-05-16T01:09:39.619+0000] {logging_mixin.py:188} INFO - [2024-05-16T01:09:39.619+0000] {dag.py:3047} INFO - Sync 1 DAGs
[2024-05-16T01:09:39.633+0000] {logging_mixin.py:188} INFO - [2024-05-16T01:09:39.633+0000] {dag.py:3834} INFO - Setting next_dagrun for example_python_decorator to None, run_after=None
[2024-05-16T01:09:39.661+0000] {processor.py:183} INFO - Processing /home/airflow/.local/lib/python3.8/site-packages/airflow/example_dags/example_python_decorator.py took 0.089 seconds
[2024-05-16T01:10:10.017+0000] {processor.py:161} INFO - Started process (PID=1462) to work on /home/airflow/.local/lib/python3.8/site-packages/airflow/example_dags/example_python_decorator.py
[2024-05-16T01:10:10.019+0000] {processor.py:830} INFO - Processing file /home/airflow/.local/lib/python3.8/site-packages/airflow/example_dags/example_python_decorator.py for tasks to queue
[2024-05-16T01:10:10.021+0000] {logging_mixin.py:188} INFO - [2024-05-16T01:10:10.021+0000] {dagbag.py:540} INFO - Filling up the DagBag from /home/airflow/.local/lib/python3.8/site-packages/airflow/example_dags/example_python_decorator.py
[2024-05-16T01:10:10.035+0000] {processor.py:840} INFO - DAG(s) 'example_python_decorator' retrieved from /home/airflow/.local/lib/python3.8/site-packages/airflow/example_dags/example_python_decorator.py
[2024-05-16T01:10:10.063+0000] {logging_mixin.py:188} INFO - [2024-05-16T01:10:10.062+0000] {dag.py:3047} INFO - Sync 1 DAGs
[2024-05-16T01:10:10.075+0000] {logging_mixin.py:188} INFO - [2024-05-16T01:10:10.075+0000] {dag.py:3834} INFO - Setting next_dagrun for example_python_decorator to None, run_after=None
[2024-05-16T01:10:10.099+0000] {processor.py:183} INFO - Processing /home/airflow/.local/lib/python3.8/site-packages/airflow/example_dags/example_python_decorator.py took 0.085 seconds
[2024-05-16T01:10:40.243+0000] {processor.py:161} INFO - Started process (PID=1521) to work on /home/airflow/.local/lib/python3.8/site-packages/airflow/example_dags/example_python_decorator.py
[2024-05-16T01:10:40.244+0000] {processor.py:830} INFO - Processing file /home/airflow/.local/lib/python3.8/site-packages/airflow/example_dags/example_python_decorator.py for tasks to queue
[2024-05-16T01:10:40.246+0000] {logging_mixin.py:188} INFO - [2024-05-16T01:10:40.246+0000] {dagbag.py:540} INFO - Filling up the DagBag from /home/airflow/.local/lib/python3.8/site-packages/airflow/example_dags/example_python_decorator.py
[2024-05-16T01:10:40.260+0000] {processor.py:840} INFO - DAG(s) 'example_python_decorator' retrieved from /home/airflow/.local/lib/python3.8/site-packages/airflow/example_dags/example_python_decorator.py
[2024-05-16T01:10:40.283+0000] {logging_mixin.py:188} INFO - [2024-05-16T01:10:40.282+0000] {dag.py:3047} INFO - Sync 1 DAGs
[2024-05-16T01:10:40.296+0000] {logging_mixin.py:188} INFO - [2024-05-16T01:10:40.296+0000] {dag.py:3834} INFO - Setting next_dagrun for example_python_decorator to None, run_after=None
[2024-05-16T01:10:40.321+0000] {processor.py:183} INFO - Processing /home/airflow/.local/lib/python3.8/site-packages/airflow/example_dags/example_python_decorator.py took 0.082 seconds
[2024-05-16T01:11:11.097+0000] {processor.py:161} INFO - Started process (PID=1586) to work on /home/airflow/.local/lib/python3.8/site-packages/airflow/example_dags/example_python_decorator.py
[2024-05-16T01:11:11.099+0000] {processor.py:830} INFO - Processing file /home/airflow/.local/lib/python3.8/site-packages/airflow/example_dags/example_python_decorator.py for tasks to queue
[2024-05-16T01:11:11.101+0000] {logging_mixin.py:188} INFO - [2024-05-16T01:11:11.100+0000] {dagbag.py:540} INFO - Filling up the DagBag from /home/airflow/.local/lib/python3.8/site-packages/airflow/example_dags/example_python_decorator.py
[2024-05-16T01:11:11.114+0000] {processor.py:840} INFO - DAG(s) 'example_python_decorator' retrieved from /home/airflow/.local/lib/python3.8/site-packages/airflow/example_dags/example_python_decorator.py
[2024-05-16T01:11:11.149+0000] {logging_mixin.py:188} INFO - [2024-05-16T01:11:11.149+0000] {dag.py:3047} INFO - Sync 1 DAGs
[2024-05-16T01:11:11.161+0000] {logging_mixin.py:188} INFO - [2024-05-16T01:11:11.161+0000] {dag.py:3834} INFO - Setting next_dagrun for example_python_decorator to None, run_after=None
[2024-05-16T01:11:11.191+0000] {processor.py:183} INFO - Processing /home/airflow/.local/lib/python3.8/site-packages/airflow/example_dags/example_python_decorator.py took 0.097 seconds
[2024-05-16T01:11:41.546+0000] {processor.py:161} INFO - Started process (PID=1645) to work on /home/airflow/.local/lib/python3.8/site-packages/airflow/example_dags/example_python_decorator.py
[2024-05-16T01:11:41.547+0000] {processor.py:830} INFO - Processing file /home/airflow/.local/lib/python3.8/site-packages/airflow/example_dags/example_python_decorator.py for tasks to queue
[2024-05-16T01:11:41.549+0000] {logging_mixin.py:188} INFO - [2024-05-16T01:11:41.549+0000] {dagbag.py:540} INFO - Filling up the DagBag from /home/airflow/.local/lib/python3.8/site-packages/airflow/example_dags/example_python_decorator.py
[2024-05-16T01:11:41.565+0000] {processor.py:840} INFO - DAG(s) 'example_python_decorator' retrieved from /home/airflow/.local/lib/python3.8/site-packages/airflow/example_dags/example_python_decorator.py
[2024-05-16T01:11:41.589+0000] {logging_mixin.py:188} INFO - [2024-05-16T01:11:41.589+0000] {dag.py:3047} INFO - Sync 1 DAGs
[2024-05-16T01:11:41.604+0000] {logging_mixin.py:188} INFO - [2024-05-16T01:11:41.603+0000] {dag.py:3834} INFO - Setting next_dagrun for example_python_decorator to None, run_after=None
[2024-05-16T01:11:41.630+0000] {processor.py:183} INFO - Processing /home/airflow/.local/lib/python3.8/site-packages/airflow/example_dags/example_python_decorator.py took 0.087 seconds
[2024-05-16T01:12:12.139+0000] {processor.py:161} INFO - Started process (PID=1704) to work on /home/airflow/.local/lib/python3.8/site-packages/airflow/example_dags/example_python_decorator.py
[2024-05-16T01:12:12.140+0000] {processor.py:830} INFO - Processing file /home/airflow/.local/lib/python3.8/site-packages/airflow/example_dags/example_python_decorator.py for tasks to queue
[2024-05-16T01:12:12.142+0000] {logging_mixin.py:188} INFO - [2024-05-16T01:12:12.142+0000] {dagbag.py:540} INFO - Filling up the DagBag from /home/airflow/.local/lib/python3.8/site-packages/airflow/example_dags/example_python_decorator.py
[2024-05-16T01:12:12.154+0000] {processor.py:840} INFO - DAG(s) 'example_python_decorator' retrieved from /home/airflow/.local/lib/python3.8/site-packages/airflow/example_dags/example_python_decorator.py
[2024-05-16T01:12:12.174+0000] {logging_mixin.py:188} INFO - [2024-05-16T01:12:12.174+0000] {dag.py:3047} INFO - Sync 1 DAGs
[2024-05-16T01:12:12.186+0000] {logging_mixin.py:188} INFO - [2024-05-16T01:12:12.185+0000] {dag.py:3834} INFO - Setting next_dagrun for example_python_decorator to None, run_after=None
[2024-05-16T01:12:12.218+0000] {processor.py:183} INFO - Processing /home/airflow/.local/lib/python3.8/site-packages/airflow/example_dags/example_python_decorator.py took 0.082 seconds
[2024-05-16T01:12:42.713+0000] {processor.py:161} INFO - Started process (PID=1763) to work on /home/airflow/.local/lib/python3.8/site-packages/airflow/example_dags/example_python_decorator.py
[2024-05-16T01:12:42.715+0000] {processor.py:830} INFO - Processing file /home/airflow/.local/lib/python3.8/site-packages/airflow/example_dags/example_python_decorator.py for tasks to queue
[2024-05-16T01:12:42.717+0000] {logging_mixin.py:188} INFO - [2024-05-16T01:12:42.716+0000] {dagbag.py:540} INFO - Filling up the DagBag from /home/airflow/.local/lib/python3.8/site-packages/airflow/example_dags/example_python_decorator.py
[2024-05-16T01:12:42.731+0000] {processor.py:840} INFO - DAG(s) 'example_python_decorator' retrieved from /home/airflow/.local/lib/python3.8/site-packages/airflow/example_dags/example_python_decorator.py
[2024-05-16T01:12:42.751+0000] {logging_mixin.py:188} INFO - [2024-05-16T01:12:42.751+0000] {dag.py:3047} INFO - Sync 1 DAGs
[2024-05-16T01:12:42.762+0000] {logging_mixin.py:188} INFO - [2024-05-16T01:12:42.762+0000] {dag.py:3834} INFO - Setting next_dagrun for example_python_decorator to None, run_after=None
[2024-05-16T01:12:42.784+0000] {processor.py:183} INFO - Processing /home/airflow/.local/lib/python3.8/site-packages/airflow/example_dags/example_python_decorator.py took 0.074 seconds
[2024-05-16T01:13:13.242+0000] {processor.py:161} INFO - Started process (PID=1822) to work on /home/airflow/.local/lib/python3.8/site-packages/airflow/example_dags/example_python_decorator.py
[2024-05-16T01:13:13.244+0000] {processor.py:830} INFO - Processing file /home/airflow/.local/lib/python3.8/site-packages/airflow/example_dags/example_python_decorator.py for tasks to queue
[2024-05-16T01:13:13.248+0000] {logging_mixin.py:188} INFO - [2024-05-16T01:13:13.247+0000] {dagbag.py:540} INFO - Filling up the DagBag from /home/airflow/.local/lib/python3.8/site-packages/airflow/example_dags/example_python_decorator.py
[2024-05-16T01:13:13.267+0000] {processor.py:840} INFO - DAG(s) 'example_python_decorator' retrieved from /home/airflow/.local/lib/python3.8/site-packages/airflow/example_dags/example_python_decorator.py
[2024-05-16T01:13:13.302+0000] {logging_mixin.py:188} INFO - [2024-05-16T01:13:13.301+0000] {dag.py:3047} INFO - Sync 1 DAGs
[2024-05-16T01:13:13.317+0000] {logging_mixin.py:188} INFO - [2024-05-16T01:13:13.317+0000] {dag.py:3834} INFO - Setting next_dagrun for example_python_decorator to None, run_after=None
[2024-05-16T01:13:13.352+0000] {processor.py:183} INFO - Processing /home/airflow/.local/lib/python3.8/site-packages/airflow/example_dags/example_python_decorator.py took 0.115 seconds
[2024-05-16T01:13:44.280+0000] {processor.py:161} INFO - Started process (PID=1881) to work on /home/airflow/.local/lib/python3.8/site-packages/airflow/example_dags/example_python_decorator.py
[2024-05-16T01:13:44.282+0000] {processor.py:830} INFO - Processing file /home/airflow/.local/lib/python3.8/site-packages/airflow/example_dags/example_python_decorator.py for tasks to queue
[2024-05-16T01:13:44.285+0000] {logging_mixin.py:188} INFO - [2024-05-16T01:13:44.285+0000] {dagbag.py:540} INFO - Filling up the DagBag from /home/airflow/.local/lib/python3.8/site-packages/airflow/example_dags/example_python_decorator.py
[2024-05-16T01:13:44.303+0000] {processor.py:840} INFO - DAG(s) 'example_python_decorator' retrieved from /home/airflow/.local/lib/python3.8/site-packages/airflow/example_dags/example_python_decorator.py
[2024-05-16T01:13:44.334+0000] {logging_mixin.py:188} INFO - [2024-05-16T01:13:44.334+0000] {dag.py:3047} INFO - Sync 1 DAGs
[2024-05-16T01:13:44.350+0000] {logging_mixin.py:188} INFO - [2024-05-16T01:13:44.349+0000] {dag.py:3834} INFO - Setting next_dagrun for example_python_decorator to None, run_after=None
[2024-05-16T01:13:44.379+0000] {processor.py:183} INFO - Processing /home/airflow/.local/lib/python3.8/site-packages/airflow/example_dags/example_python_decorator.py took 0.103 seconds
[2024-05-16T01:14:15.530+0000] {processor.py:161} INFO - Started process (PID=1940) to work on /home/airflow/.local/lib/python3.8/site-packages/airflow/example_dags/example_python_decorator.py
[2024-05-16T01:14:15.531+0000] {processor.py:830} INFO - Processing file /home/airflow/.local/lib/python3.8/site-packages/airflow/example_dags/example_python_decorator.py for tasks to queue
[2024-05-16T01:14:15.534+0000] {logging_mixin.py:188} INFO - [2024-05-16T01:14:15.533+0000] {dagbag.py:540} INFO - Filling up the DagBag from /home/airflow/.local/lib/python3.8/site-packages/airflow/example_dags/example_python_decorator.py
[2024-05-16T01:14:15.548+0000] {processor.py:840} INFO - DAG(s) 'example_python_decorator' retrieved from /home/airflow/.local/lib/python3.8/site-packages/airflow/example_dags/example_python_decorator.py
[2024-05-16T01:14:15.571+0000] {logging_mixin.py:188} INFO - [2024-05-16T01:14:15.570+0000] {dag.py:3047} INFO - Sync 1 DAGs
[2024-05-16T01:14:15.586+0000] {logging_mixin.py:188} INFO - [2024-05-16T01:14:15.585+0000] {dag.py:3834} INFO - Setting next_dagrun for example_python_decorator to None, run_after=None
[2024-05-16T01:14:15.612+0000] {processor.py:183} INFO - Processing /home/airflow/.local/lib/python3.8/site-packages/airflow/example_dags/example_python_decorator.py took 0.085 seconds
[2024-05-16T01:14:46.382+0000] {processor.py:161} INFO - Started process (PID=1999) to work on /home/airflow/.local/lib/python3.8/site-packages/airflow/example_dags/example_python_decorator.py
[2024-05-16T01:14:46.383+0000] {processor.py:830} INFO - Processing file /home/airflow/.local/lib/python3.8/site-packages/airflow/example_dags/example_python_decorator.py for tasks to queue
[2024-05-16T01:14:46.386+0000] {logging_mixin.py:188} INFO - [2024-05-16T01:14:46.386+0000] {dagbag.py:540} INFO - Filling up the DagBag from /home/airflow/.local/lib/python3.8/site-packages/airflow/example_dags/example_python_decorator.py
[2024-05-16T01:14:46.404+0000] {processor.py:840} INFO - DAG(s) 'example_python_decorator' retrieved from /home/airflow/.local/lib/python3.8/site-packages/airflow/example_dags/example_python_decorator.py
[2024-05-16T01:14:46.436+0000] {logging_mixin.py:188} INFO - [2024-05-16T01:14:46.435+0000] {dag.py:3047} INFO - Sync 1 DAGs
[2024-05-16T01:14:46.452+0000] {logging_mixin.py:188} INFO - [2024-05-16T01:14:46.452+0000] {dag.py:3834} INFO - Setting next_dagrun for example_python_decorator to None, run_after=None
[2024-05-16T01:14:46.479+0000] {processor.py:183} INFO - Processing /home/airflow/.local/lib/python3.8/site-packages/airflow/example_dags/example_python_decorator.py took 0.102 seconds
[2024-05-16T01:15:17.702+0000] {processor.py:161} INFO - Started process (PID=2058) to work on /home/airflow/.local/lib/python3.8/site-packages/airflow/example_dags/example_python_decorator.py
[2024-05-16T01:15:17.704+0000] {processor.py:830} INFO - Processing file /home/airflow/.local/lib/python3.8/site-packages/airflow/example_dags/example_python_decorator.py for tasks to queue
[2024-05-16T01:15:17.708+0000] {logging_mixin.py:188} INFO - [2024-05-16T01:15:17.707+0000] {dagbag.py:540} INFO - Filling up the DagBag from /home/airflow/.local/lib/python3.8/site-packages/airflow/example_dags/example_python_decorator.py
[2024-05-16T01:15:17.723+0000] {processor.py:840} INFO - DAG(s) 'example_python_decorator' retrieved from /home/airflow/.local/lib/python3.8/site-packages/airflow/example_dags/example_python_decorator.py
[2024-05-16T01:15:17.747+0000] {logging_mixin.py:188} INFO - [2024-05-16T01:15:17.747+0000] {dag.py:3047} INFO - Sync 1 DAGs
[2024-05-16T01:15:17.766+0000] {logging_mixin.py:188} INFO - [2024-05-16T01:15:17.766+0000] {dag.py:3834} INFO - Setting next_dagrun for example_python_decorator to None, run_after=None
[2024-05-16T01:15:17.793+0000] {processor.py:183} INFO - Processing /home/airflow/.local/lib/python3.8/site-packages/airflow/example_dags/example_python_decorator.py took 0.093 seconds
[2024-05-16T01:15:48.695+0000] {processor.py:161} INFO - Started process (PID=2117) to work on /home/airflow/.local/lib/python3.8/site-packages/airflow/example_dags/example_python_decorator.py
[2024-05-16T01:15:48.697+0000] {processor.py:830} INFO - Processing file /home/airflow/.local/lib/python3.8/site-packages/airflow/example_dags/example_python_decorator.py for tasks to queue
[2024-05-16T01:15:48.700+0000] {logging_mixin.py:188} INFO - [2024-05-16T01:15:48.699+0000] {dagbag.py:540} INFO - Filling up the DagBag from /home/airflow/.local/lib/python3.8/site-packages/airflow/example_dags/example_python_decorator.py
[2024-05-16T01:15:48.719+0000] {processor.py:840} INFO - DAG(s) 'example_python_decorator' retrieved from /home/airflow/.local/lib/python3.8/site-packages/airflow/example_dags/example_python_decorator.py
[2024-05-16T01:15:48.748+0000] {logging_mixin.py:188} INFO - [2024-05-16T01:15:48.748+0000] {dag.py:3047} INFO - Sync 1 DAGs
[2024-05-16T01:15:48.766+0000] {logging_mixin.py:188} INFO - [2024-05-16T01:15:48.765+0000] {dag.py:3834} INFO - Setting next_dagrun for example_python_decorator to None, run_after=None
[2024-05-16T01:15:48.799+0000] {processor.py:183} INFO - Processing /home/airflow/.local/lib/python3.8/site-packages/airflow/example_dags/example_python_decorator.py took 0.108 seconds
[2024-05-16T01:16:19.360+0000] {processor.py:161} INFO - Started process (PID=2176) to work on /home/airflow/.local/lib/python3.8/site-packages/airflow/example_dags/example_python_decorator.py
[2024-05-16T01:16:19.362+0000] {processor.py:830} INFO - Processing file /home/airflow/.local/lib/python3.8/site-packages/airflow/example_dags/example_python_decorator.py for tasks to queue
[2024-05-16T01:16:19.364+0000] {logging_mixin.py:188} INFO - [2024-05-16T01:16:19.364+0000] {dagbag.py:540} INFO - Filling up the DagBag from /home/airflow/.local/lib/python3.8/site-packages/airflow/example_dags/example_python_decorator.py
[2024-05-16T01:16:19.380+0000] {processor.py:840} INFO - DAG(s) 'example_python_decorator' retrieved from /home/airflow/.local/lib/python3.8/site-packages/airflow/example_dags/example_python_decorator.py
[2024-05-16T01:16:19.415+0000] {logging_mixin.py:188} INFO - [2024-05-16T01:16:19.414+0000] {dag.py:3047} INFO - Sync 1 DAGs
[2024-05-16T01:16:19.431+0000] {logging_mixin.py:188} INFO - [2024-05-16T01:16:19.431+0000] {dag.py:3834} INFO - Setting next_dagrun for example_python_decorator to None, run_after=None
[2024-05-16T01:16:19.457+0000] {processor.py:183} INFO - Processing /home/airflow/.local/lib/python3.8/site-packages/airflow/example_dags/example_python_decorator.py took 0.102 seconds
[2024-05-16T01:16:50.642+0000] {processor.py:161} INFO - Started process (PID=2235) to work on /home/airflow/.local/lib/python3.8/site-packages/airflow/example_dags/example_python_decorator.py
[2024-05-16T01:16:50.644+0000] {processor.py:830} INFO - Processing file /home/airflow/.local/lib/python3.8/site-packages/airflow/example_dags/example_python_decorator.py for tasks to queue
[2024-05-16T01:16:50.648+0000] {logging_mixin.py:188} INFO - [2024-05-16T01:16:50.647+0000] {dagbag.py:540} INFO - Filling up the DagBag from /home/airflow/.local/lib/python3.8/site-packages/airflow/example_dags/example_python_decorator.py
[2024-05-16T01:16:50.671+0000] {processor.py:840} INFO - DAG(s) 'example_python_decorator' retrieved from /home/airflow/.local/lib/python3.8/site-packages/airflow/example_dags/example_python_decorator.py
[2024-05-16T01:16:50.707+0000] {logging_mixin.py:188} INFO - [2024-05-16T01:16:50.706+0000] {dag.py:3047} INFO - Sync 1 DAGs
[2024-05-16T01:16:50.725+0000] {logging_mixin.py:188} INFO - [2024-05-16T01:16:50.724+0000] {dag.py:3834} INFO - Setting next_dagrun for example_python_decorator to None, run_after=None
[2024-05-16T01:16:50.761+0000] {processor.py:183} INFO - Processing /home/airflow/.local/lib/python3.8/site-packages/airflow/example_dags/example_python_decorator.py took 0.123 seconds
[2024-05-16T01:17:21.150+0000] {processor.py:161} INFO - Started process (PID=2294) to work on /home/airflow/.local/lib/python3.8/site-packages/airflow/example_dags/example_python_decorator.py
[2024-05-16T01:17:21.152+0000] {processor.py:830} INFO - Processing file /home/airflow/.local/lib/python3.8/site-packages/airflow/example_dags/example_python_decorator.py for tasks to queue
[2024-05-16T01:17:21.155+0000] {logging_mixin.py:188} INFO - [2024-05-16T01:17:21.155+0000] {dagbag.py:540} INFO - Filling up the DagBag from /home/airflow/.local/lib/python3.8/site-packages/airflow/example_dags/example_python_decorator.py
[2024-05-16T01:17:21.172+0000] {processor.py:840} INFO - DAG(s) 'example_python_decorator' retrieved from /home/airflow/.local/lib/python3.8/site-packages/airflow/example_dags/example_python_decorator.py
[2024-05-16T01:17:21.207+0000] {logging_mixin.py:188} INFO - [2024-05-16T01:17:21.207+0000] {dag.py:3047} INFO - Sync 1 DAGs
[2024-05-16T01:17:21.225+0000] {logging_mixin.py:188} INFO - [2024-05-16T01:17:21.224+0000] {dag.py:3834} INFO - Setting next_dagrun for example_python_decorator to None, run_after=None
[2024-05-16T01:17:21.271+0000] {processor.py:183} INFO - Processing /home/airflow/.local/lib/python3.8/site-packages/airflow/example_dags/example_python_decorator.py took 0.125 seconds
[2024-05-16T01:17:51.998+0000] {processor.py:161} INFO - Started process (PID=2353) to work on /home/airflow/.local/lib/python3.8/site-packages/airflow/example_dags/example_python_decorator.py
[2024-05-16T01:17:51.999+0000] {processor.py:830} INFO - Processing file /home/airflow/.local/lib/python3.8/site-packages/airflow/example_dags/example_python_decorator.py for tasks to queue
[2024-05-16T01:17:52.002+0000] {logging_mixin.py:188} INFO - [2024-05-16T01:17:52.002+0000] {dagbag.py:540} INFO - Filling up the DagBag from /home/airflow/.local/lib/python3.8/site-packages/airflow/example_dags/example_python_decorator.py
[2024-05-16T01:17:52.019+0000] {processor.py:840} INFO - DAG(s) 'example_python_decorator' retrieved from /home/airflow/.local/lib/python3.8/site-packages/airflow/example_dags/example_python_decorator.py
[2024-05-16T01:17:52.052+0000] {logging_mixin.py:188} INFO - [2024-05-16T01:17:52.052+0000] {dag.py:3047} INFO - Sync 1 DAGs
[2024-05-16T01:17:52.069+0000] {logging_mixin.py:188} INFO - [2024-05-16T01:17:52.069+0000] {dag.py:3834} INFO - Setting next_dagrun for example_python_decorator to None, run_after=None
[2024-05-16T01:17:52.113+0000] {processor.py:183} INFO - Processing /home/airflow/.local/lib/python3.8/site-packages/airflow/example_dags/example_python_decorator.py took 0.120 seconds
[2024-05-16T01:18:22.623+0000] {processor.py:161} INFO - Started process (PID=2412) to work on /home/airflow/.local/lib/python3.8/site-packages/airflow/example_dags/example_python_decorator.py
[2024-05-16T01:18:22.626+0000] {processor.py:830} INFO - Processing file /home/airflow/.local/lib/python3.8/site-packages/airflow/example_dags/example_python_decorator.py for tasks to queue
[2024-05-16T01:18:22.632+0000] {logging_mixin.py:188} INFO - [2024-05-16T01:18:22.630+0000] {dagbag.py:540} INFO - Filling up the DagBag from /home/airflow/.local/lib/python3.8/site-packages/airflow/example_dags/example_python_decorator.py
[2024-05-16T01:18:22.655+0000] {processor.py:840} INFO - DAG(s) 'example_python_decorator' retrieved from /home/airflow/.local/lib/python3.8/site-packages/airflow/example_dags/example_python_decorator.py
[2024-05-16T01:18:22.702+0000] {logging_mixin.py:188} INFO - [2024-05-16T01:18:22.702+0000] {dag.py:3047} INFO - Sync 1 DAGs
[2024-05-16T01:18:22.730+0000] {logging_mixin.py:188} INFO - [2024-05-16T01:18:22.729+0000] {dag.py:3834} INFO - Setting next_dagrun for example_python_decorator to None, run_after=None
[2024-05-16T01:18:22.771+0000] {processor.py:183} INFO - Processing /home/airflow/.local/lib/python3.8/site-packages/airflow/example_dags/example_python_decorator.py took 0.154 seconds
[2024-05-16T01:18:54.025+0000] {processor.py:161} INFO - Started process (PID=2471) to work on /home/airflow/.local/lib/python3.8/site-packages/airflow/example_dags/example_python_decorator.py
[2024-05-16T01:18:54.027+0000] {processor.py:830} INFO - Processing file /home/airflow/.local/lib/python3.8/site-packages/airflow/example_dags/example_python_decorator.py for tasks to queue
[2024-05-16T01:18:54.031+0000] {logging_mixin.py:188} INFO - [2024-05-16T01:18:54.030+0000] {dagbag.py:540} INFO - Filling up the DagBag from /home/airflow/.local/lib/python3.8/site-packages/airflow/example_dags/example_python_decorator.py
[2024-05-16T01:18:54.048+0000] {processor.py:840} INFO - DAG(s) 'example_python_decorator' retrieved from /home/airflow/.local/lib/python3.8/site-packages/airflow/example_dags/example_python_decorator.py
[2024-05-16T01:18:54.079+0000] {logging_mixin.py:188} INFO - [2024-05-16T01:18:54.079+0000] {dag.py:3047} INFO - Sync 1 DAGs
[2024-05-16T01:18:54.096+0000] {logging_mixin.py:188} INFO - [2024-05-16T01:18:54.096+0000] {dag.py:3834} INFO - Setting next_dagrun for example_python_decorator to None, run_after=None
[2024-05-16T01:18:54.127+0000] {processor.py:183} INFO - Processing /home/airflow/.local/lib/python3.8/site-packages/airflow/example_dags/example_python_decorator.py took 0.106 seconds
[2024-05-16T01:19:24.786+0000] {processor.py:161} INFO - Started process (PID=2530) to work on /home/airflow/.local/lib/python3.8/site-packages/airflow/example_dags/example_python_decorator.py
[2024-05-16T01:19:24.791+0000] {processor.py:830} INFO - Processing file /home/airflow/.local/lib/python3.8/site-packages/airflow/example_dags/example_python_decorator.py for tasks to queue
[2024-05-16T01:19:24.808+0000] {logging_mixin.py:188} INFO - [2024-05-16T01:19:24.807+0000] {dagbag.py:540} INFO - Filling up the DagBag from /home/airflow/.local/lib/python3.8/site-packages/airflow/example_dags/example_python_decorator.py
[2024-05-16T01:19:24.829+0000] {processor.py:840} INFO - DAG(s) 'example_python_decorator' retrieved from /home/airflow/.local/lib/python3.8/site-packages/airflow/example_dags/example_python_decorator.py
[2024-05-16T01:19:24.862+0000] {logging_mixin.py:188} INFO - [2024-05-16T01:19:24.862+0000] {dag.py:3047} INFO - Sync 1 DAGs
[2024-05-16T01:19:24.881+0000] {logging_mixin.py:188} INFO - [2024-05-16T01:19:24.881+0000] {dag.py:3834} INFO - Setting next_dagrun for example_python_decorator to None, run_after=None
[2024-05-16T01:19:24.922+0000] {processor.py:183} INFO - Processing /home/airflow/.local/lib/python3.8/site-packages/airflow/example_dags/example_python_decorator.py took 0.141 seconds
[2024-05-16T01:19:55.593+0000] {processor.py:161} INFO - Started process (PID=2589) to work on /home/airflow/.local/lib/python3.8/site-packages/airflow/example_dags/example_python_decorator.py
[2024-05-16T01:19:55.595+0000] {processor.py:830} INFO - Processing file /home/airflow/.local/lib/python3.8/site-packages/airflow/example_dags/example_python_decorator.py for tasks to queue
[2024-05-16T01:19:55.598+0000] {logging_mixin.py:188} INFO - [2024-05-16T01:19:55.597+0000] {dagbag.py:540} INFO - Filling up the DagBag from /home/airflow/.local/lib/python3.8/site-packages/airflow/example_dags/example_python_decorator.py
[2024-05-16T01:19:55.616+0000] {processor.py:840} INFO - DAG(s) 'example_python_decorator' retrieved from /home/airflow/.local/lib/python3.8/site-packages/airflow/example_dags/example_python_decorator.py
[2024-05-16T01:19:55.652+0000] {logging_mixin.py:188} INFO - [2024-05-16T01:19:55.652+0000] {dag.py:3047} INFO - Sync 1 DAGs
[2024-05-16T01:19:55.671+0000] {logging_mixin.py:188} INFO - [2024-05-16T01:19:55.670+0000] {dag.py:3834} INFO - Setting next_dagrun for example_python_decorator to None, run_after=None
[2024-05-16T01:19:55.710+0000] {processor.py:183} INFO - Processing /home/airflow/.local/lib/python3.8/site-packages/airflow/example_dags/example_python_decorator.py took 0.122 seconds
[2024-05-16T01:20:26.294+0000] {processor.py:161} INFO - Started process (PID=2648) to work on /home/airflow/.local/lib/python3.8/site-packages/airflow/example_dags/example_python_decorator.py
[2024-05-16T01:20:26.296+0000] {processor.py:830} INFO - Processing file /home/airflow/.local/lib/python3.8/site-packages/airflow/example_dags/example_python_decorator.py for tasks to queue
[2024-05-16T01:20:26.299+0000] {logging_mixin.py:188} INFO - [2024-05-16T01:20:26.298+0000] {dagbag.py:540} INFO - Filling up the DagBag from /home/airflow/.local/lib/python3.8/site-packages/airflow/example_dags/example_python_decorator.py
[2024-05-16T01:20:26.315+0000] {processor.py:840} INFO - DAG(s) 'example_python_decorator' retrieved from /home/airflow/.local/lib/python3.8/site-packages/airflow/example_dags/example_python_decorator.py
[2024-05-16T01:20:26.346+0000] {logging_mixin.py:188} INFO - [2024-05-16T01:20:26.346+0000] {dag.py:3047} INFO - Sync 1 DAGs
[2024-05-16T01:20:26.361+0000] {logging_mixin.py:188} INFO - [2024-05-16T01:20:26.361+0000] {dag.py:3834} INFO - Setting next_dagrun for example_python_decorator to None, run_after=None
[2024-05-16T01:20:26.404+0000] {processor.py:183} INFO - Processing /home/airflow/.local/lib/python3.8/site-packages/airflow/example_dags/example_python_decorator.py took 0.115 seconds
[2024-05-16T01:20:57.373+0000] {processor.py:161} INFO - Started process (PID=2707) to work on /home/airflow/.local/lib/python3.8/site-packages/airflow/example_dags/example_python_decorator.py
[2024-05-16T01:20:57.382+0000] {processor.py:830} INFO - Processing file /home/airflow/.local/lib/python3.8/site-packages/airflow/example_dags/example_python_decorator.py for tasks to queue
[2024-05-16T01:20:57.385+0000] {logging_mixin.py:188} INFO - [2024-05-16T01:20:57.384+0000] {dagbag.py:540} INFO - Filling up the DagBag from /home/airflow/.local/lib/python3.8/site-packages/airflow/example_dags/example_python_decorator.py
[2024-05-16T01:20:57.401+0000] {processor.py:840} INFO - DAG(s) 'example_python_decorator' retrieved from /home/airflow/.local/lib/python3.8/site-packages/airflow/example_dags/example_python_decorator.py
[2024-05-16T01:20:57.431+0000] {logging_mixin.py:188} INFO - [2024-05-16T01:20:57.430+0000] {dag.py:3047} INFO - Sync 1 DAGs
[2024-05-16T01:20:57.446+0000] {logging_mixin.py:188} INFO - [2024-05-16T01:20:57.446+0000] {dag.py:3834} INFO - Setting next_dagrun for example_python_decorator to None, run_after=None
[2024-05-16T01:20:57.474+0000] {processor.py:183} INFO - Processing /home/airflow/.local/lib/python3.8/site-packages/airflow/example_dags/example_python_decorator.py took 0.104 seconds
[2024-05-16T01:21:27.943+0000] {processor.py:161} INFO - Started process (PID=2766) to work on /home/airflow/.local/lib/python3.8/site-packages/airflow/example_dags/example_python_decorator.py
[2024-05-16T01:21:27.946+0000] {processor.py:830} INFO - Processing file /home/airflow/.local/lib/python3.8/site-packages/airflow/example_dags/example_python_decorator.py for tasks to queue
[2024-05-16T01:21:27.949+0000] {logging_mixin.py:188} INFO - [2024-05-16T01:21:27.949+0000] {dagbag.py:540} INFO - Filling up the DagBag from /home/airflow/.local/lib/python3.8/site-packages/airflow/example_dags/example_python_decorator.py
[2024-05-16T01:21:27.973+0000] {processor.py:840} INFO - DAG(s) 'example_python_decorator' retrieved from /home/airflow/.local/lib/python3.8/site-packages/airflow/example_dags/example_python_decorator.py
[2024-05-16T01:21:28.010+0000] {logging_mixin.py:188} INFO - [2024-05-16T01:21:28.010+0000] {dag.py:3047} INFO - Sync 1 DAGs
[2024-05-16T01:21:28.032+0000] {logging_mixin.py:188} INFO - [2024-05-16T01:21:28.031+0000] {dag.py:3834} INFO - Setting next_dagrun for example_python_decorator to None, run_after=None
[2024-05-16T01:21:28.072+0000] {processor.py:183} INFO - Processing /home/airflow/.local/lib/python3.8/site-packages/airflow/example_dags/example_python_decorator.py took 0.134 seconds
[2024-05-16T01:21:59.310+0000] {processor.py:161} INFO - Started process (PID=2825) to work on /home/airflow/.local/lib/python3.8/site-packages/airflow/example_dags/example_python_decorator.py
[2024-05-16T01:21:59.312+0000] {processor.py:830} INFO - Processing file /home/airflow/.local/lib/python3.8/site-packages/airflow/example_dags/example_python_decorator.py for tasks to queue
[2024-05-16T01:21:59.315+0000] {logging_mixin.py:188} INFO - [2024-05-16T01:21:59.315+0000] {dagbag.py:540} INFO - Filling up the DagBag from /home/airflow/.local/lib/python3.8/site-packages/airflow/example_dags/example_python_decorator.py
[2024-05-16T01:21:59.338+0000] {processor.py:840} INFO - DAG(s) 'example_python_decorator' retrieved from /home/airflow/.local/lib/python3.8/site-packages/airflow/example_dags/example_python_decorator.py
[2024-05-16T01:21:59.378+0000] {logging_mixin.py:188} INFO - [2024-05-16T01:21:59.378+0000] {dag.py:3047} INFO - Sync 1 DAGs
[2024-05-16T01:21:59.402+0000] {logging_mixin.py:188} INFO - [2024-05-16T01:21:59.402+0000] {dag.py:3834} INFO - Setting next_dagrun for example_python_decorator to None, run_after=None
[2024-05-16T01:21:59.443+0000] {processor.py:183} INFO - Processing /home/airflow/.local/lib/python3.8/site-packages/airflow/example_dags/example_python_decorator.py took 0.139 seconds
[2024-05-16T01:22:30.120+0000] {processor.py:161} INFO - Started process (PID=2884) to work on /home/airflow/.local/lib/python3.8/site-packages/airflow/example_dags/example_python_decorator.py
[2024-05-16T01:22:30.123+0000] {processor.py:830} INFO - Processing file /home/airflow/.local/lib/python3.8/site-packages/airflow/example_dags/example_python_decorator.py for tasks to queue
[2024-05-16T01:22:30.127+0000] {logging_mixin.py:188} INFO - [2024-05-16T01:22:30.126+0000] {dagbag.py:540} INFO - Filling up the DagBag from /home/airflow/.local/lib/python3.8/site-packages/airflow/example_dags/example_python_decorator.py
[2024-05-16T01:22:30.154+0000] {processor.py:840} INFO - DAG(s) 'example_python_decorator' retrieved from /home/airflow/.local/lib/python3.8/site-packages/airflow/example_dags/example_python_decorator.py
[2024-05-16T01:22:30.194+0000] {logging_mixin.py:188} INFO - [2024-05-16T01:22:30.193+0000] {dag.py:3047} INFO - Sync 1 DAGs
[2024-05-16T01:22:30.216+0000] {logging_mixin.py:188} INFO - [2024-05-16T01:22:30.215+0000] {dag.py:3834} INFO - Setting next_dagrun for example_python_decorator to None, run_after=None
[2024-05-16T01:22:30.256+0000] {processor.py:183} INFO - Processing /home/airflow/.local/lib/python3.8/site-packages/airflow/example_dags/example_python_decorator.py took 0.141 seconds
[2024-05-16T01:23:01.207+0000] {processor.py:161} INFO - Started process (PID=2943) to work on /home/airflow/.local/lib/python3.8/site-packages/airflow/example_dags/example_python_decorator.py
[2024-05-16T01:23:01.209+0000] {processor.py:830} INFO - Processing file /home/airflow/.local/lib/python3.8/site-packages/airflow/example_dags/example_python_decorator.py for tasks to queue
[2024-05-16T01:23:01.212+0000] {logging_mixin.py:188} INFO - [2024-05-16T01:23:01.211+0000] {dagbag.py:540} INFO - Filling up the DagBag from /home/airflow/.local/lib/python3.8/site-packages/airflow/example_dags/example_python_decorator.py
[2024-05-16T01:23:01.232+0000] {processor.py:840} INFO - DAG(s) 'example_python_decorator' retrieved from /home/airflow/.local/lib/python3.8/site-packages/airflow/example_dags/example_python_decorator.py
[2024-05-16T01:23:01.267+0000] {logging_mixin.py:188} INFO - [2024-05-16T01:23:01.266+0000] {dag.py:3047} INFO - Sync 1 DAGs
[2024-05-16T01:23:01.285+0000] {logging_mixin.py:188} INFO - [2024-05-16T01:23:01.284+0000] {dag.py:3834} INFO - Setting next_dagrun for example_python_decorator to None, run_after=None
[2024-05-16T01:23:01.315+0000] {processor.py:183} INFO - Processing /home/airflow/.local/lib/python3.8/site-packages/airflow/example_dags/example_python_decorator.py took 0.113 seconds
