[2024-05-16T00:57:57.761+0000] {processor.py:161} INFO - Started process (PID=71) to work on /home/airflow/.local/lib/python3.8/site-packages/airflow/example_dags/example_branch_python_dop_operator_3.py
[2024-05-16T00:57:57.763+0000] {processor.py:830} INFO - Processing file /home/airflow/.local/lib/python3.8/site-packages/airflow/example_dags/example_branch_python_dop_operator_3.py for tasks to queue
[2024-05-16T00:57:57.765+0000] {logging_mixin.py:188} INFO - [2024-05-16T00:57:57.765+0000] {dagbag.py:540} INFO - Filling up the DagBag from /home/airflow/.local/lib/python3.8/site-packages/airflow/example_dags/example_branch_python_dop_operator_3.py
[2024-05-16T00:57:57.776+0000] {processor.py:840} INFO - DAG(s) 'example_branch_dop_operator_v3' retrieved from /home/airflow/.local/lib/python3.8/site-packages/airflow/example_dags/example_branch_python_dop_operator_3.py
[2024-05-16T00:57:57.805+0000] {logging_mixin.py:188} INFO - [2024-05-16T00:57:57.804+0000] {dag.py:3047} INFO - Sync 1 DAGs
[2024-05-16T00:57:57.842+0000] {logging_mixin.py:188} INFO - [2024-05-16T00:57:57.842+0000] {dag.py:3834} INFO - Setting next_dagrun for example_branch_dop_operator_v3 to 2024-05-16 00:56:00+00:00, run_after=2024-05-16 00:57:00+00:00
[2024-05-16T00:57:57.873+0000] {processor.py:183} INFO - Processing /home/airflow/.local/lib/python3.8/site-packages/airflow/example_dags/example_branch_python_dop_operator_3.py took 0.116 seconds
[2024-05-16T00:58:29.329+0000] {processor.py:161} INFO - Started process (PID=130) to work on /home/airflow/.local/lib/python3.8/site-packages/airflow/example_dags/example_branch_python_dop_operator_3.py
[2024-05-16T00:58:29.333+0000] {processor.py:830} INFO - Processing file /home/airflow/.local/lib/python3.8/site-packages/airflow/example_dags/example_branch_python_dop_operator_3.py for tasks to queue
[2024-05-16T00:58:29.341+0000] {logging_mixin.py:188} INFO - [2024-05-16T00:58:29.340+0000] {dagbag.py:540} INFO - Filling up the DagBag from /home/airflow/.local/lib/python3.8/site-packages/airflow/example_dags/example_branch_python_dop_operator_3.py
[2024-05-16T00:58:29.355+0000] {processor.py:840} INFO - DAG(s) 'example_branch_dop_operator_v3' retrieved from /home/airflow/.local/lib/python3.8/site-packages/airflow/example_dags/example_branch_python_dop_operator_3.py
[2024-05-16T00:58:29.395+0000] {logging_mixin.py:188} INFO - [2024-05-16T00:58:29.395+0000] {dag.py:3047} INFO - Sync 1 DAGs
[2024-05-16T00:58:29.442+0000] {logging_mixin.py:188} INFO - [2024-05-16T00:58:29.441+0000] {dag.py:3834} INFO - Setting next_dagrun for example_branch_dop_operator_v3 to 2024-05-16 00:57:00+00:00, run_after=2024-05-16 00:58:00+00:00
[2024-05-16T00:58:29.487+0000] {processor.py:183} INFO - Processing /home/airflow/.local/lib/python3.8/site-packages/airflow/example_dags/example_branch_python_dop_operator_3.py took 0.165 seconds
[2024-05-16T00:58:59.561+0000] {processor.py:161} INFO - Started process (PID=189) to work on /home/airflow/.local/lib/python3.8/site-packages/airflow/example_dags/example_branch_python_dop_operator_3.py
[2024-05-16T00:58:59.563+0000] {processor.py:830} INFO - Processing file /home/airflow/.local/lib/python3.8/site-packages/airflow/example_dags/example_branch_python_dop_operator_3.py for tasks to queue
[2024-05-16T00:58:59.565+0000] {logging_mixin.py:188} INFO - [2024-05-16T00:58:59.565+0000] {dagbag.py:540} INFO - Filling up the DagBag from /home/airflow/.local/lib/python3.8/site-packages/airflow/example_dags/example_branch_python_dop_operator_3.py
[2024-05-16T00:58:59.573+0000] {processor.py:840} INFO - DAG(s) 'example_branch_dop_operator_v3' retrieved from /home/airflow/.local/lib/python3.8/site-packages/airflow/example_dags/example_branch_python_dop_operator_3.py
[2024-05-16T00:58:59.590+0000] {logging_mixin.py:188} INFO - [2024-05-16T00:58:59.589+0000] {dag.py:3047} INFO - Sync 1 DAGs
[2024-05-16T00:58:59.611+0000] {logging_mixin.py:188} INFO - [2024-05-16T00:58:59.611+0000] {dag.py:3834} INFO - Setting next_dagrun for example_branch_dop_operator_v3 to 2024-05-16 00:57:00+00:00, run_after=2024-05-16 00:58:00+00:00
[2024-05-16T00:58:59.629+0000] {processor.py:183} INFO - Processing /home/airflow/.local/lib/python3.8/site-packages/airflow/example_dags/example_branch_python_dop_operator_3.py took 0.071 seconds
[2024-05-16T00:59:30.045+0000] {processor.py:161} INFO - Started process (PID=248) to work on /home/airflow/.local/lib/python3.8/site-packages/airflow/example_dags/example_branch_python_dop_operator_3.py
[2024-05-16T00:59:30.047+0000] {processor.py:830} INFO - Processing file /home/airflow/.local/lib/python3.8/site-packages/airflow/example_dags/example_branch_python_dop_operator_3.py for tasks to queue
[2024-05-16T00:59:30.049+0000] {logging_mixin.py:188} INFO - [2024-05-16T00:59:30.049+0000] {dagbag.py:540} INFO - Filling up the DagBag from /home/airflow/.local/lib/python3.8/site-packages/airflow/example_dags/example_branch_python_dop_operator_3.py
[2024-05-16T00:59:30.061+0000] {processor.py:840} INFO - DAG(s) 'example_branch_dop_operator_v3' retrieved from /home/airflow/.local/lib/python3.8/site-packages/airflow/example_dags/example_branch_python_dop_operator_3.py
[2024-05-16T00:59:30.089+0000] {logging_mixin.py:188} INFO - [2024-05-16T00:59:30.088+0000] {dag.py:3047} INFO - Sync 1 DAGs
[2024-05-16T00:59:30.118+0000] {logging_mixin.py:188} INFO - [2024-05-16T00:59:30.118+0000] {dag.py:3834} INFO - Setting next_dagrun for example_branch_dop_operator_v3 to 2024-05-16 00:58:00+00:00, run_after=2024-05-16 00:59:00+00:00
[2024-05-16T00:59:30.146+0000] {processor.py:183} INFO - Processing /home/airflow/.local/lib/python3.8/site-packages/airflow/example_dags/example_branch_python_dop_operator_3.py took 0.104 seconds
[2024-05-16T01:00:00.557+0000] {processor.py:161} INFO - Started process (PID=307) to work on /home/airflow/.local/lib/python3.8/site-packages/airflow/example_dags/example_branch_python_dop_operator_3.py
[2024-05-16T01:00:00.558+0000] {processor.py:830} INFO - Processing file /home/airflow/.local/lib/python3.8/site-packages/airflow/example_dags/example_branch_python_dop_operator_3.py for tasks to queue
[2024-05-16T01:00:00.561+0000] {logging_mixin.py:188} INFO - [2024-05-16T01:00:00.561+0000] {dagbag.py:540} INFO - Filling up the DagBag from /home/airflow/.local/lib/python3.8/site-packages/airflow/example_dags/example_branch_python_dop_operator_3.py
[2024-05-16T01:00:00.579+0000] {processor.py:840} INFO - DAG(s) 'example_branch_dop_operator_v3' retrieved from /home/airflow/.local/lib/python3.8/site-packages/airflow/example_dags/example_branch_python_dop_operator_3.py
[2024-05-16T01:00:00.608+0000] {logging_mixin.py:188} INFO - [2024-05-16T01:00:00.607+0000] {dag.py:3047} INFO - Sync 1 DAGs
[2024-05-16T01:00:00.653+0000] {logging_mixin.py:188} INFO - [2024-05-16T01:00:00.653+0000] {dag.py:3834} INFO - Setting next_dagrun for example_branch_dop_operator_v3 to 2024-05-16 00:59:00+00:00, run_after=2024-05-16 01:00:00+00:00
[2024-05-16T01:00:00.690+0000] {processor.py:183} INFO - Processing /home/airflow/.local/lib/python3.8/site-packages/airflow/example_dags/example_branch_python_dop_operator_3.py took 0.137 seconds
[2024-05-16T01:00:31.413+0000] {processor.py:161} INFO - Started process (PID=366) to work on /home/airflow/.local/lib/python3.8/site-packages/airflow/example_dags/example_branch_python_dop_operator_3.py
[2024-05-16T01:00:31.415+0000] {processor.py:830} INFO - Processing file /home/airflow/.local/lib/python3.8/site-packages/airflow/example_dags/example_branch_python_dop_operator_3.py for tasks to queue
[2024-05-16T01:00:31.417+0000] {logging_mixin.py:188} INFO - [2024-05-16T01:00:31.417+0000] {dagbag.py:540} INFO - Filling up the DagBag from /home/airflow/.local/lib/python3.8/site-packages/airflow/example_dags/example_branch_python_dop_operator_3.py
[2024-05-16T01:00:31.425+0000] {processor.py:840} INFO - DAG(s) 'example_branch_dop_operator_v3' retrieved from /home/airflow/.local/lib/python3.8/site-packages/airflow/example_dags/example_branch_python_dop_operator_3.py
[2024-05-16T01:00:31.448+0000] {logging_mixin.py:188} INFO - [2024-05-16T01:00:31.448+0000] {dag.py:3047} INFO - Sync 1 DAGs
[2024-05-16T01:00:31.473+0000] {logging_mixin.py:188} INFO - [2024-05-16T01:00:31.472+0000] {dag.py:3834} INFO - Setting next_dagrun for example_branch_dop_operator_v3 to 2024-05-16 00:59:00+00:00, run_after=2024-05-16 01:00:00+00:00
[2024-05-16T01:00:31.496+0000] {processor.py:183} INFO - Processing /home/airflow/.local/lib/python3.8/site-packages/airflow/example_dags/example_branch_python_dop_operator_3.py took 0.086 seconds
[2024-05-16T01:01:02.439+0000] {processor.py:161} INFO - Started process (PID=425) to work on /home/airflow/.local/lib/python3.8/site-packages/airflow/example_dags/example_branch_python_dop_operator_3.py
[2024-05-16T01:01:02.440+0000] {processor.py:830} INFO - Processing file /home/airflow/.local/lib/python3.8/site-packages/airflow/example_dags/example_branch_python_dop_operator_3.py for tasks to queue
[2024-05-16T01:01:02.442+0000] {logging_mixin.py:188} INFO - [2024-05-16T01:01:02.442+0000] {dagbag.py:540} INFO - Filling up the DagBag from /home/airflow/.local/lib/python3.8/site-packages/airflow/example_dags/example_branch_python_dop_operator_3.py
[2024-05-16T01:01:02.450+0000] {processor.py:840} INFO - DAG(s) 'example_branch_dop_operator_v3' retrieved from /home/airflow/.local/lib/python3.8/site-packages/airflow/example_dags/example_branch_python_dop_operator_3.py
[2024-05-16T01:01:02.477+0000] {logging_mixin.py:188} INFO - [2024-05-16T01:01:02.477+0000] {dag.py:3047} INFO - Sync 1 DAGs
[2024-05-16T01:01:02.506+0000] {logging_mixin.py:188} INFO - [2024-05-16T01:01:02.505+0000] {dag.py:3834} INFO - Setting next_dagrun for example_branch_dop_operator_v3 to 2024-05-16 01:00:00+00:00, run_after=2024-05-16 01:01:00+00:00
[2024-05-16T01:01:02.530+0000] {processor.py:183} INFO - Processing /home/airflow/.local/lib/python3.8/site-packages/airflow/example_dags/example_branch_python_dop_operator_3.py took 0.094 seconds
[2024-05-16T01:01:33.873+0000] {processor.py:161} INFO - Started process (PID=484) to work on /home/airflow/.local/lib/python3.8/site-packages/airflow/example_dags/example_branch_python_dop_operator_3.py
[2024-05-16T01:01:33.876+0000] {processor.py:830} INFO - Processing file /home/airflow/.local/lib/python3.8/site-packages/airflow/example_dags/example_branch_python_dop_operator_3.py for tasks to queue
[2024-05-16T01:01:33.879+0000] {logging_mixin.py:188} INFO - [2024-05-16T01:01:33.879+0000] {dagbag.py:540} INFO - Filling up the DagBag from /home/airflow/.local/lib/python3.8/site-packages/airflow/example_dags/example_branch_python_dop_operator_3.py
[2024-05-16T01:01:33.894+0000] {processor.py:840} INFO - DAG(s) 'example_branch_dop_operator_v3' retrieved from /home/airflow/.local/lib/python3.8/site-packages/airflow/example_dags/example_branch_python_dop_operator_3.py
[2024-05-16T01:01:33.920+0000] {logging_mixin.py:188} INFO - [2024-05-16T01:01:33.920+0000] {dag.py:3047} INFO - Sync 1 DAGs
[2024-05-16T01:01:33.949+0000] {logging_mixin.py:188} INFO - [2024-05-16T01:01:33.948+0000] {dag.py:3834} INFO - Setting next_dagrun for example_branch_dop_operator_v3 to 2024-05-16 01:00:00+00:00, run_after=2024-05-16 01:01:00+00:00
[2024-05-16T01:01:33.983+0000] {processor.py:183} INFO - Processing /home/airflow/.local/lib/python3.8/site-packages/airflow/example_dags/example_branch_python_dop_operator_3.py took 0.115 seconds
[2024-05-16T01:02:04.464+0000] {processor.py:161} INFO - Started process (PID=542) to work on /home/airflow/.local/lib/python3.8/site-packages/airflow/example_dags/example_branch_python_dop_operator_3.py
[2024-05-16T01:02:04.466+0000] {processor.py:830} INFO - Processing file /home/airflow/.local/lib/python3.8/site-packages/airflow/example_dags/example_branch_python_dop_operator_3.py for tasks to queue
[2024-05-16T01:02:04.469+0000] {logging_mixin.py:188} INFO - [2024-05-16T01:02:04.468+0000] {dagbag.py:540} INFO - Filling up the DagBag from /home/airflow/.local/lib/python3.8/site-packages/airflow/example_dags/example_branch_python_dop_operator_3.py
[2024-05-16T01:02:04.478+0000] {processor.py:840} INFO - DAG(s) 'example_branch_dop_operator_v3' retrieved from /home/airflow/.local/lib/python3.8/site-packages/airflow/example_dags/example_branch_python_dop_operator_3.py
[2024-05-16T01:02:04.501+0000] {logging_mixin.py:188} INFO - [2024-05-16T01:02:04.501+0000] {dag.py:3047} INFO - Sync 1 DAGs
[2024-05-16T01:02:04.528+0000] {logging_mixin.py:188} INFO - [2024-05-16T01:02:04.528+0000] {dag.py:3834} INFO - Setting next_dagrun for example_branch_dop_operator_v3 to 2024-05-16 01:01:00+00:00, run_after=2024-05-16 01:02:00+00:00
[2024-05-16T01:02:04.561+0000] {processor.py:183} INFO - Processing /home/airflow/.local/lib/python3.8/site-packages/airflow/example_dags/example_branch_python_dop_operator_3.py took 0.100 seconds
[2024-05-16T01:02:35.279+0000] {processor.py:161} INFO - Started process (PID=601) to work on /home/airflow/.local/lib/python3.8/site-packages/airflow/example_dags/example_branch_python_dop_operator_3.py
[2024-05-16T01:02:35.281+0000] {processor.py:830} INFO - Processing file /home/airflow/.local/lib/python3.8/site-packages/airflow/example_dags/example_branch_python_dop_operator_3.py for tasks to queue
[2024-05-16T01:02:35.283+0000] {logging_mixin.py:188} INFO - [2024-05-16T01:02:35.283+0000] {dagbag.py:540} INFO - Filling up the DagBag from /home/airflow/.local/lib/python3.8/site-packages/airflow/example_dags/example_branch_python_dop_operator_3.py
[2024-05-16T01:02:35.295+0000] {processor.py:840} INFO - DAG(s) 'example_branch_dop_operator_v3' retrieved from /home/airflow/.local/lib/python3.8/site-packages/airflow/example_dags/example_branch_python_dop_operator_3.py
[2024-05-16T01:02:35.316+0000] {logging_mixin.py:188} INFO - [2024-05-16T01:02:35.316+0000] {dag.py:3047} INFO - Sync 1 DAGs
[2024-05-16T01:02:35.341+0000] {logging_mixin.py:188} INFO - [2024-05-16T01:02:35.341+0000] {dag.py:3834} INFO - Setting next_dagrun for example_branch_dop_operator_v3 to 2024-05-16 01:01:00+00:00, run_after=2024-05-16 01:02:00+00:00
[2024-05-16T01:02:35.368+0000] {processor.py:183} INFO - Processing /home/airflow/.local/lib/python3.8/site-packages/airflow/example_dags/example_branch_python_dop_operator_3.py took 0.091 seconds
[2024-05-16T01:03:05.707+0000] {processor.py:161} INFO - Started process (PID=659) to work on /home/airflow/.local/lib/python3.8/site-packages/airflow/example_dags/example_branch_python_dop_operator_3.py
[2024-05-16T01:03:05.708+0000] {processor.py:830} INFO - Processing file /home/airflow/.local/lib/python3.8/site-packages/airflow/example_dags/example_branch_python_dop_operator_3.py for tasks to queue
[2024-05-16T01:03:05.710+0000] {logging_mixin.py:188} INFO - [2024-05-16T01:03:05.709+0000] {dagbag.py:540} INFO - Filling up the DagBag from /home/airflow/.local/lib/python3.8/site-packages/airflow/example_dags/example_branch_python_dop_operator_3.py
[2024-05-16T01:03:05.721+0000] {processor.py:840} INFO - DAG(s) 'example_branch_dop_operator_v3' retrieved from /home/airflow/.local/lib/python3.8/site-packages/airflow/example_dags/example_branch_python_dop_operator_3.py
[2024-05-16T01:03:05.739+0000] {logging_mixin.py:188} INFO - [2024-05-16T01:03:05.739+0000] {dag.py:3047} INFO - Sync 1 DAGs
[2024-05-16T01:03:05.771+0000] {logging_mixin.py:188} INFO - [2024-05-16T01:03:05.771+0000] {dag.py:3834} INFO - Setting next_dagrun for example_branch_dop_operator_v3 to 2024-05-16 01:02:00+00:00, run_after=2024-05-16 01:03:00+00:00
[2024-05-16T01:03:05.794+0000] {processor.py:183} INFO - Processing /home/airflow/.local/lib/python3.8/site-packages/airflow/example_dags/example_branch_python_dop_operator_3.py took 0.090 seconds
[2024-05-16T01:03:36.407+0000] {processor.py:161} INFO - Started process (PID=718) to work on /home/airflow/.local/lib/python3.8/site-packages/airflow/example_dags/example_branch_python_dop_operator_3.py
[2024-05-16T01:03:36.409+0000] {processor.py:830} INFO - Processing file /home/airflow/.local/lib/python3.8/site-packages/airflow/example_dags/example_branch_python_dop_operator_3.py for tasks to queue
[2024-05-16T01:03:36.412+0000] {logging_mixin.py:188} INFO - [2024-05-16T01:03:36.411+0000] {dagbag.py:540} INFO - Filling up the DagBag from /home/airflow/.local/lib/python3.8/site-packages/airflow/example_dags/example_branch_python_dop_operator_3.py
[2024-05-16T01:03:36.421+0000] {processor.py:840} INFO - DAG(s) 'example_branch_dop_operator_v3' retrieved from /home/airflow/.local/lib/python3.8/site-packages/airflow/example_dags/example_branch_python_dop_operator_3.py
[2024-05-16T01:03:36.440+0000] {logging_mixin.py:188} INFO - [2024-05-16T01:03:36.440+0000] {dag.py:3047} INFO - Sync 1 DAGs
[2024-05-16T01:03:36.461+0000] {logging_mixin.py:188} INFO - [2024-05-16T01:03:36.461+0000] {dag.py:3834} INFO - Setting next_dagrun for example_branch_dop_operator_v3 to 2024-05-16 01:02:00+00:00, run_after=2024-05-16 01:03:00+00:00
[2024-05-16T01:03:36.489+0000] {processor.py:183} INFO - Processing /home/airflow/.local/lib/python3.8/site-packages/airflow/example_dags/example_branch_python_dop_operator_3.py took 0.085 seconds
[2024-05-16T01:04:07.439+0000] {processor.py:161} INFO - Started process (PID=777) to work on /home/airflow/.local/lib/python3.8/site-packages/airflow/example_dags/example_branch_python_dop_operator_3.py
[2024-05-16T01:04:07.441+0000] {processor.py:830} INFO - Processing file /home/airflow/.local/lib/python3.8/site-packages/airflow/example_dags/example_branch_python_dop_operator_3.py for tasks to queue
[2024-05-16T01:04:07.443+0000] {logging_mixin.py:188} INFO - [2024-05-16T01:04:07.442+0000] {dagbag.py:540} INFO - Filling up the DagBag from /home/airflow/.local/lib/python3.8/site-packages/airflow/example_dags/example_branch_python_dop_operator_3.py
[2024-05-16T01:04:07.451+0000] {processor.py:840} INFO - DAG(s) 'example_branch_dop_operator_v3' retrieved from /home/airflow/.local/lib/python3.8/site-packages/airflow/example_dags/example_branch_python_dop_operator_3.py
[2024-05-16T01:04:07.469+0000] {logging_mixin.py:188} INFO - [2024-05-16T01:04:07.469+0000] {dag.py:3047} INFO - Sync 1 DAGs
[2024-05-16T01:04:07.492+0000] {logging_mixin.py:188} INFO - [2024-05-16T01:04:07.492+0000] {dag.py:3834} INFO - Setting next_dagrun for example_branch_dop_operator_v3 to 2024-05-16 01:03:00+00:00, run_after=2024-05-16 01:04:00+00:00
[2024-05-16T01:04:07.521+0000] {processor.py:183} INFO - Processing /home/airflow/.local/lib/python3.8/site-packages/airflow/example_dags/example_branch_python_dop_operator_3.py took 0.085 seconds
[2024-05-16T01:04:38.606+0000] {processor.py:161} INFO - Started process (PID=836) to work on /home/airflow/.local/lib/python3.8/site-packages/airflow/example_dags/example_branch_python_dop_operator_3.py
[2024-05-16T01:04:38.609+0000] {processor.py:830} INFO - Processing file /home/airflow/.local/lib/python3.8/site-packages/airflow/example_dags/example_branch_python_dop_operator_3.py for tasks to queue
[2024-05-16T01:04:38.611+0000] {logging_mixin.py:188} INFO - [2024-05-16T01:04:38.611+0000] {dagbag.py:540} INFO - Filling up the DagBag from /home/airflow/.local/lib/python3.8/site-packages/airflow/example_dags/example_branch_python_dop_operator_3.py
[2024-05-16T01:04:38.623+0000] {processor.py:840} INFO - DAG(s) 'example_branch_dop_operator_v3' retrieved from /home/airflow/.local/lib/python3.8/site-packages/airflow/example_dags/example_branch_python_dop_operator_3.py
[2024-05-16T01:04:38.644+0000] {logging_mixin.py:188} INFO - [2024-05-16T01:04:38.644+0000] {dag.py:3047} INFO - Sync 1 DAGs
[2024-05-16T01:04:38.672+0000] {logging_mixin.py:188} INFO - [2024-05-16T01:04:38.672+0000] {dag.py:3834} INFO - Setting next_dagrun for example_branch_dop_operator_v3 to 2024-05-16 01:03:00+00:00, run_after=2024-05-16 01:04:00+00:00
[2024-05-16T01:04:38.699+0000] {processor.py:183} INFO - Processing /home/airflow/.local/lib/python3.8/site-packages/airflow/example_dags/example_branch_python_dop_operator_3.py took 0.098 seconds
[2024-05-16T01:05:09.245+0000] {processor.py:161} INFO - Started process (PID=896) to work on /home/airflow/.local/lib/python3.8/site-packages/airflow/example_dags/example_branch_python_dop_operator_3.py
[2024-05-16T01:05:09.246+0000] {processor.py:830} INFO - Processing file /home/airflow/.local/lib/python3.8/site-packages/airflow/example_dags/example_branch_python_dop_operator_3.py for tasks to queue
[2024-05-16T01:05:09.248+0000] {logging_mixin.py:188} INFO - [2024-05-16T01:05:09.248+0000] {dagbag.py:540} INFO - Filling up the DagBag from /home/airflow/.local/lib/python3.8/site-packages/airflow/example_dags/example_branch_python_dop_operator_3.py
[2024-05-16T01:05:09.257+0000] {processor.py:840} INFO - DAG(s) 'example_branch_dop_operator_v3' retrieved from /home/airflow/.local/lib/python3.8/site-packages/airflow/example_dags/example_branch_python_dop_operator_3.py
[2024-05-16T01:05:09.282+0000] {logging_mixin.py:188} INFO - [2024-05-16T01:05:09.282+0000] {dag.py:3047} INFO - Sync 1 DAGs
[2024-05-16T01:05:09.311+0000] {logging_mixin.py:188} INFO - [2024-05-16T01:05:09.311+0000] {dag.py:3834} INFO - Setting next_dagrun for example_branch_dop_operator_v3 to 2024-05-16 01:04:00+00:00, run_after=2024-05-16 01:05:00+00:00
[2024-05-16T01:05:09.337+0000] {processor.py:183} INFO - Processing /home/airflow/.local/lib/python3.8/site-packages/airflow/example_dags/example_branch_python_dop_operator_3.py took 0.095 seconds
[2024-05-16T01:05:39.863+0000] {processor.py:161} INFO - Started process (PID=955) to work on /home/airflow/.local/lib/python3.8/site-packages/airflow/example_dags/example_branch_python_dop_operator_3.py
[2024-05-16T01:05:39.864+0000] {processor.py:830} INFO - Processing file /home/airflow/.local/lib/python3.8/site-packages/airflow/example_dags/example_branch_python_dop_operator_3.py for tasks to queue
[2024-05-16T01:05:39.866+0000] {logging_mixin.py:188} INFO - [2024-05-16T01:05:39.866+0000] {dagbag.py:540} INFO - Filling up the DagBag from /home/airflow/.local/lib/python3.8/site-packages/airflow/example_dags/example_branch_python_dop_operator_3.py
[2024-05-16T01:05:39.874+0000] {processor.py:840} INFO - DAG(s) 'example_branch_dop_operator_v3' retrieved from /home/airflow/.local/lib/python3.8/site-packages/airflow/example_dags/example_branch_python_dop_operator_3.py
[2024-05-16T01:05:39.892+0000] {logging_mixin.py:188} INFO - [2024-05-16T01:05:39.892+0000] {dag.py:3047} INFO - Sync 1 DAGs
[2024-05-16T01:05:39.913+0000] {logging_mixin.py:188} INFO - [2024-05-16T01:05:39.912+0000] {dag.py:3834} INFO - Setting next_dagrun for example_branch_dop_operator_v3 to 2024-05-16 01:04:00+00:00, run_after=2024-05-16 01:05:00+00:00
[2024-05-16T01:05:39.934+0000] {processor.py:183} INFO - Processing /home/airflow/.local/lib/python3.8/site-packages/airflow/example_dags/example_branch_python_dop_operator_3.py took 0.074 seconds
[2024-05-16T01:06:10.721+0000] {processor.py:161} INFO - Started process (PID=1020) to work on /home/airflow/.local/lib/python3.8/site-packages/airflow/example_dags/example_branch_python_dop_operator_3.py
[2024-05-16T01:06:10.722+0000] {processor.py:830} INFO - Processing file /home/airflow/.local/lib/python3.8/site-packages/airflow/example_dags/example_branch_python_dop_operator_3.py for tasks to queue
[2024-05-16T01:06:10.725+0000] {logging_mixin.py:188} INFO - [2024-05-16T01:06:10.724+0000] {dagbag.py:540} INFO - Filling up the DagBag from /home/airflow/.local/lib/python3.8/site-packages/airflow/example_dags/example_branch_python_dop_operator_3.py
[2024-05-16T01:06:10.735+0000] {processor.py:840} INFO - DAG(s) 'example_branch_dop_operator_v3' retrieved from /home/airflow/.local/lib/python3.8/site-packages/airflow/example_dags/example_branch_python_dop_operator_3.py
[2024-05-16T01:06:10.758+0000] {logging_mixin.py:188} INFO - [2024-05-16T01:06:10.758+0000] {dag.py:3047} INFO - Sync 1 DAGs
[2024-05-16T01:06:10.782+0000] {logging_mixin.py:188} INFO - [2024-05-16T01:06:10.781+0000] {dag.py:3834} INFO - Setting next_dagrun for example_branch_dop_operator_v3 to 2024-05-16 01:05:00+00:00, run_after=2024-05-16 01:06:00+00:00
[2024-05-16T01:06:10.804+0000] {processor.py:183} INFO - Processing /home/airflow/.local/lib/python3.8/site-packages/airflow/example_dags/example_branch_python_dop_operator_3.py took 0.087 seconds
[2024-05-16T01:06:40.942+0000] {processor.py:161} INFO - Started process (PID=1077) to work on /home/airflow/.local/lib/python3.8/site-packages/airflow/example_dags/example_branch_python_dop_operator_3.py
[2024-05-16T01:06:40.944+0000] {processor.py:830} INFO - Processing file /home/airflow/.local/lib/python3.8/site-packages/airflow/example_dags/example_branch_python_dop_operator_3.py for tasks to queue
[2024-05-16T01:06:40.947+0000] {logging_mixin.py:188} INFO - [2024-05-16T01:06:40.946+0000] {dagbag.py:540} INFO - Filling up the DagBag from /home/airflow/.local/lib/python3.8/site-packages/airflow/example_dags/example_branch_python_dop_operator_3.py
[2024-05-16T01:06:40.959+0000] {processor.py:840} INFO - DAG(s) 'example_branch_dop_operator_v3' retrieved from /home/airflow/.local/lib/python3.8/site-packages/airflow/example_dags/example_branch_python_dop_operator_3.py
[2024-05-16T01:06:40.985+0000] {logging_mixin.py:188} INFO - [2024-05-16T01:06:40.984+0000] {dag.py:3047} INFO - Sync 1 DAGs
[2024-05-16T01:06:41.014+0000] {logging_mixin.py:188} INFO - [2024-05-16T01:06:41.014+0000] {dag.py:3834} INFO - Setting next_dagrun for example_branch_dop_operator_v3 to 2024-05-16 01:05:00+00:00, run_after=2024-05-16 01:06:00+00:00
[2024-05-16T01:06:41.067+0000] {processor.py:183} INFO - Processing /home/airflow/.local/lib/python3.8/site-packages/airflow/example_dags/example_branch_python_dop_operator_3.py took 0.129 seconds
[2024-05-16T01:07:11.228+0000] {processor.py:161} INFO - Started process (PID=1136) to work on /home/airflow/.local/lib/python3.8/site-packages/airflow/example_dags/example_branch_python_dop_operator_3.py
[2024-05-16T01:07:11.231+0000] {processor.py:830} INFO - Processing file /home/airflow/.local/lib/python3.8/site-packages/airflow/example_dags/example_branch_python_dop_operator_3.py for tasks to queue
[2024-05-16T01:07:11.234+0000] {logging_mixin.py:188} INFO - [2024-05-16T01:07:11.233+0000] {dagbag.py:540} INFO - Filling up the DagBag from /home/airflow/.local/lib/python3.8/site-packages/airflow/example_dags/example_branch_python_dop_operator_3.py
[2024-05-16T01:07:11.246+0000] {processor.py:840} INFO - DAG(s) 'example_branch_dop_operator_v3' retrieved from /home/airflow/.local/lib/python3.8/site-packages/airflow/example_dags/example_branch_python_dop_operator_3.py
[2024-05-16T01:07:11.280+0000] {logging_mixin.py:188} INFO - [2024-05-16T01:07:11.279+0000] {dag.py:3047} INFO - Sync 1 DAGs
[2024-05-16T01:07:11.324+0000] {logging_mixin.py:188} INFO - [2024-05-16T01:07:11.323+0000] {dag.py:3834} INFO - Setting next_dagrun for example_branch_dop_operator_v3 to 2024-05-16 01:06:00+00:00, run_after=2024-05-16 01:07:00+00:00
[2024-05-16T01:07:11.365+0000] {processor.py:183} INFO - Processing /home/airflow/.local/lib/python3.8/site-packages/airflow/example_dags/example_branch_python_dop_operator_3.py took 0.141 seconds
[2024-05-16T01:07:41.691+0000] {processor.py:161} INFO - Started process (PID=1194) to work on /home/airflow/.local/lib/python3.8/site-packages/airflow/example_dags/example_branch_python_dop_operator_3.py
[2024-05-16T01:07:41.693+0000] {processor.py:830} INFO - Processing file /home/airflow/.local/lib/python3.8/site-packages/airflow/example_dags/example_branch_python_dop_operator_3.py for tasks to queue
[2024-05-16T01:07:41.697+0000] {logging_mixin.py:188} INFO - [2024-05-16T01:07:41.696+0000] {dagbag.py:540} INFO - Filling up the DagBag from /home/airflow/.local/lib/python3.8/site-packages/airflow/example_dags/example_branch_python_dop_operator_3.py
[2024-05-16T01:07:41.712+0000] {processor.py:840} INFO - DAG(s) 'example_branch_dop_operator_v3' retrieved from /home/airflow/.local/lib/python3.8/site-packages/airflow/example_dags/example_branch_python_dop_operator_3.py
[2024-05-16T01:07:41.744+0000] {logging_mixin.py:188} INFO - [2024-05-16T01:07:41.744+0000] {dag.py:3047} INFO - Sync 1 DAGs
[2024-05-16T01:07:41.777+0000] {logging_mixin.py:188} INFO - [2024-05-16T01:07:41.776+0000] {dag.py:3834} INFO - Setting next_dagrun for example_branch_dop_operator_v3 to 2024-05-16 01:06:00+00:00, run_after=2024-05-16 01:07:00+00:00
[2024-05-16T01:07:41.805+0000] {processor.py:183} INFO - Processing /home/airflow/.local/lib/python3.8/site-packages/airflow/example_dags/example_branch_python_dop_operator_3.py took 0.120 seconds
[2024-05-16T01:08:12.463+0000] {processor.py:161} INFO - Started process (PID=1253) to work on /home/airflow/.local/lib/python3.8/site-packages/airflow/example_dags/example_branch_python_dop_operator_3.py
[2024-05-16T01:08:12.465+0000] {processor.py:830} INFO - Processing file /home/airflow/.local/lib/python3.8/site-packages/airflow/example_dags/example_branch_python_dop_operator_3.py for tasks to queue
[2024-05-16T01:08:12.468+0000] {logging_mixin.py:188} INFO - [2024-05-16T01:08:12.467+0000] {dagbag.py:540} INFO - Filling up the DagBag from /home/airflow/.local/lib/python3.8/site-packages/airflow/example_dags/example_branch_python_dop_operator_3.py
[2024-05-16T01:08:12.478+0000] {processor.py:840} INFO - DAG(s) 'example_branch_dop_operator_v3' retrieved from /home/airflow/.local/lib/python3.8/site-packages/airflow/example_dags/example_branch_python_dop_operator_3.py
[2024-05-16T01:08:12.501+0000] {logging_mixin.py:188} INFO - [2024-05-16T01:08:12.501+0000] {dag.py:3047} INFO - Sync 1 DAGs
[2024-05-16T01:08:12.531+0000] {logging_mixin.py:188} INFO - [2024-05-16T01:08:12.530+0000] {dag.py:3834} INFO - Setting next_dagrun for example_branch_dop_operator_v3 to 2024-05-16 01:07:00+00:00, run_after=2024-05-16 01:08:00+00:00
[2024-05-16T01:08:12.560+0000] {processor.py:183} INFO - Processing /home/airflow/.local/lib/python3.8/site-packages/airflow/example_dags/example_branch_python_dop_operator_3.py took 0.100 seconds
[2024-05-16T01:08:43.273+0000] {processor.py:161} INFO - Started process (PID=1312) to work on /home/airflow/.local/lib/python3.8/site-packages/airflow/example_dags/example_branch_python_dop_operator_3.py
[2024-05-16T01:08:43.275+0000] {processor.py:830} INFO - Processing file /home/airflow/.local/lib/python3.8/site-packages/airflow/example_dags/example_branch_python_dop_operator_3.py for tasks to queue
[2024-05-16T01:08:43.278+0000] {logging_mixin.py:188} INFO - [2024-05-16T01:08:43.277+0000] {dagbag.py:540} INFO - Filling up the DagBag from /home/airflow/.local/lib/python3.8/site-packages/airflow/example_dags/example_branch_python_dop_operator_3.py
[2024-05-16T01:08:43.293+0000] {processor.py:840} INFO - DAG(s) 'example_branch_dop_operator_v3' retrieved from /home/airflow/.local/lib/python3.8/site-packages/airflow/example_dags/example_branch_python_dop_operator_3.py
[2024-05-16T01:08:43.322+0000] {logging_mixin.py:188} INFO - [2024-05-16T01:08:43.322+0000] {dag.py:3047} INFO - Sync 1 DAGs
[2024-05-16T01:08:43.362+0000] {logging_mixin.py:188} INFO - [2024-05-16T01:08:43.362+0000] {dag.py:3834} INFO - Setting next_dagrun for example_branch_dop_operator_v3 to 2024-05-16 01:07:00+00:00, run_after=2024-05-16 01:08:00+00:00
[2024-05-16T01:08:43.398+0000] {processor.py:183} INFO - Processing /home/airflow/.local/lib/python3.8/site-packages/airflow/example_dags/example_branch_python_dop_operator_3.py took 0.130 seconds
[2024-05-16T01:09:13.861+0000] {processor.py:161} INFO - Started process (PID=1371) to work on /home/airflow/.local/lib/python3.8/site-packages/airflow/example_dags/example_branch_python_dop_operator_3.py
[2024-05-16T01:09:13.863+0000] {processor.py:830} INFO - Processing file /home/airflow/.local/lib/python3.8/site-packages/airflow/example_dags/example_branch_python_dop_operator_3.py for tasks to queue
[2024-05-16T01:09:13.866+0000] {logging_mixin.py:188} INFO - [2024-05-16T01:09:13.865+0000] {dagbag.py:540} INFO - Filling up the DagBag from /home/airflow/.local/lib/python3.8/site-packages/airflow/example_dags/example_branch_python_dop_operator_3.py
[2024-05-16T01:09:13.878+0000] {processor.py:840} INFO - DAG(s) 'example_branch_dop_operator_v3' retrieved from /home/airflow/.local/lib/python3.8/site-packages/airflow/example_dags/example_branch_python_dop_operator_3.py
[2024-05-16T01:09:13.908+0000] {logging_mixin.py:188} INFO - [2024-05-16T01:09:13.908+0000] {dag.py:3047} INFO - Sync 1 DAGs
[2024-05-16T01:09:13.950+0000] {logging_mixin.py:188} INFO - [2024-05-16T01:09:13.950+0000] {dag.py:3834} INFO - Setting next_dagrun for example_branch_dop_operator_v3 to 2024-05-16 01:08:00+00:00, run_after=2024-05-16 01:09:00+00:00
[2024-05-16T01:09:13.992+0000] {processor.py:183} INFO - Processing /home/airflow/.local/lib/python3.8/site-packages/airflow/example_dags/example_branch_python_dop_operator_3.py took 0.134 seconds
[2024-05-16T01:09:44.248+0000] {processor.py:161} INFO - Started process (PID=1430) to work on /home/airflow/.local/lib/python3.8/site-packages/airflow/example_dags/example_branch_python_dop_operator_3.py
[2024-05-16T01:09:44.250+0000] {processor.py:830} INFO - Processing file /home/airflow/.local/lib/python3.8/site-packages/airflow/example_dags/example_branch_python_dop_operator_3.py for tasks to queue
[2024-05-16T01:09:44.253+0000] {logging_mixin.py:188} INFO - [2024-05-16T01:09:44.253+0000] {dagbag.py:540} INFO - Filling up the DagBag from /home/airflow/.local/lib/python3.8/site-packages/airflow/example_dags/example_branch_python_dop_operator_3.py
[2024-05-16T01:09:44.268+0000] {processor.py:840} INFO - DAG(s) 'example_branch_dop_operator_v3' retrieved from /home/airflow/.local/lib/python3.8/site-packages/airflow/example_dags/example_branch_python_dop_operator_3.py
[2024-05-16T01:09:44.306+0000] {logging_mixin.py:188} INFO - [2024-05-16T01:09:44.305+0000] {dag.py:3047} INFO - Sync 1 DAGs
[2024-05-16T01:09:44.343+0000] {logging_mixin.py:188} INFO - [2024-05-16T01:09:44.342+0000] {dag.py:3834} INFO - Setting next_dagrun for example_branch_dop_operator_v3 to 2024-05-16 01:08:00+00:00, run_after=2024-05-16 01:09:00+00:00
[2024-05-16T01:09:44.373+0000] {processor.py:183} INFO - Processing /home/airflow/.local/lib/python3.8/site-packages/airflow/example_dags/example_branch_python_dop_operator_3.py took 0.131 seconds
[2024-05-16T01:10:14.561+0000] {processor.py:161} INFO - Started process (PID=1489) to work on /home/airflow/.local/lib/python3.8/site-packages/airflow/example_dags/example_branch_python_dop_operator_3.py
[2024-05-16T01:10:14.562+0000] {processor.py:830} INFO - Processing file /home/airflow/.local/lib/python3.8/site-packages/airflow/example_dags/example_branch_python_dop_operator_3.py for tasks to queue
[2024-05-16T01:10:14.565+0000] {logging_mixin.py:188} INFO - [2024-05-16T01:10:14.564+0000] {dagbag.py:540} INFO - Filling up the DagBag from /home/airflow/.local/lib/python3.8/site-packages/airflow/example_dags/example_branch_python_dop_operator_3.py
[2024-05-16T01:10:14.572+0000] {processor.py:840} INFO - DAG(s) 'example_branch_dop_operator_v3' retrieved from /home/airflow/.local/lib/python3.8/site-packages/airflow/example_dags/example_branch_python_dop_operator_3.py
[2024-05-16T01:10:14.593+0000] {logging_mixin.py:188} INFO - [2024-05-16T01:10:14.592+0000] {dag.py:3047} INFO - Sync 1 DAGs
[2024-05-16T01:10:14.618+0000] {logging_mixin.py:188} INFO - [2024-05-16T01:10:14.618+0000] {dag.py:3834} INFO - Setting next_dagrun for example_branch_dop_operator_v3 to 2024-05-16 01:09:00+00:00, run_after=2024-05-16 01:10:00+00:00
[2024-05-16T01:10:14.639+0000] {processor.py:183} INFO - Processing /home/airflow/.local/lib/python3.8/site-packages/airflow/example_dags/example_branch_python_dop_operator_3.py took 0.081 seconds
[2024-05-16T01:10:44.838+0000] {processor.py:161} INFO - Started process (PID=1548) to work on /home/airflow/.local/lib/python3.8/site-packages/airflow/example_dags/example_branch_python_dop_operator_3.py
[2024-05-16T01:10:44.840+0000] {processor.py:830} INFO - Processing file /home/airflow/.local/lib/python3.8/site-packages/airflow/example_dags/example_branch_python_dop_operator_3.py for tasks to queue
[2024-05-16T01:10:44.842+0000] {logging_mixin.py:188} INFO - [2024-05-16T01:10:44.842+0000] {dagbag.py:540} INFO - Filling up the DagBag from /home/airflow/.local/lib/python3.8/site-packages/airflow/example_dags/example_branch_python_dop_operator_3.py
[2024-05-16T01:10:44.851+0000] {processor.py:840} INFO - DAG(s) 'example_branch_dop_operator_v3' retrieved from /home/airflow/.local/lib/python3.8/site-packages/airflow/example_dags/example_branch_python_dop_operator_3.py
[2024-05-16T01:10:44.873+0000] {logging_mixin.py:188} INFO - [2024-05-16T01:10:44.873+0000] {dag.py:3047} INFO - Sync 1 DAGs
[2024-05-16T01:10:44.898+0000] {logging_mixin.py:188} INFO - [2024-05-16T01:10:44.898+0000] {dag.py:3834} INFO - Setting next_dagrun for example_branch_dop_operator_v3 to 2024-05-16 01:09:00+00:00, run_after=2024-05-16 01:10:00+00:00
[2024-05-16T01:10:44.920+0000] {processor.py:183} INFO - Processing /home/airflow/.local/lib/python3.8/site-packages/airflow/example_dags/example_branch_python_dop_operator_3.py took 0.086 seconds
[2024-05-16T01:11:15.648+0000] {processor.py:161} INFO - Started process (PID=1607) to work on /home/airflow/.local/lib/python3.8/site-packages/airflow/example_dags/example_branch_python_dop_operator_3.py
[2024-05-16T01:11:15.650+0000] {processor.py:830} INFO - Processing file /home/airflow/.local/lib/python3.8/site-packages/airflow/example_dags/example_branch_python_dop_operator_3.py for tasks to queue
[2024-05-16T01:11:15.653+0000] {logging_mixin.py:188} INFO - [2024-05-16T01:11:15.652+0000] {dagbag.py:540} INFO - Filling up the DagBag from /home/airflow/.local/lib/python3.8/site-packages/airflow/example_dags/example_branch_python_dop_operator_3.py
[2024-05-16T01:11:15.669+0000] {processor.py:840} INFO - DAG(s) 'example_branch_dop_operator_v3' retrieved from /home/airflow/.local/lib/python3.8/site-packages/airflow/example_dags/example_branch_python_dop_operator_3.py
[2024-05-16T01:11:15.708+0000] {logging_mixin.py:188} INFO - [2024-05-16T01:11:15.708+0000] {dag.py:3047} INFO - Sync 1 DAGs
[2024-05-16T01:11:15.751+0000] {logging_mixin.py:188} INFO - [2024-05-16T01:11:15.751+0000] {dag.py:3834} INFO - Setting next_dagrun for example_branch_dop_operator_v3 to 2024-05-16 01:10:00+00:00, run_after=2024-05-16 01:11:00+00:00
[2024-05-16T01:11:15.793+0000] {processor.py:183} INFO - Processing /home/airflow/.local/lib/python3.8/site-packages/airflow/example_dags/example_branch_python_dop_operator_3.py took 0.149 seconds
[2024-05-16T01:11:45.884+0000] {processor.py:161} INFO - Started process (PID=1666) to work on /home/airflow/.local/lib/python3.8/site-packages/airflow/example_dags/example_branch_python_dop_operator_3.py
[2024-05-16T01:11:45.885+0000] {processor.py:830} INFO - Processing file /home/airflow/.local/lib/python3.8/site-packages/airflow/example_dags/example_branch_python_dop_operator_3.py for tasks to queue
[2024-05-16T01:11:45.887+0000] {logging_mixin.py:188} INFO - [2024-05-16T01:11:45.887+0000] {dagbag.py:540} INFO - Filling up the DagBag from /home/airflow/.local/lib/python3.8/site-packages/airflow/example_dags/example_branch_python_dop_operator_3.py
[2024-05-16T01:11:45.895+0000] {processor.py:840} INFO - DAG(s) 'example_branch_dop_operator_v3' retrieved from /home/airflow/.local/lib/python3.8/site-packages/airflow/example_dags/example_branch_python_dop_operator_3.py
[2024-05-16T01:11:45.916+0000] {logging_mixin.py:188} INFO - [2024-05-16T01:11:45.916+0000] {dag.py:3047} INFO - Sync 1 DAGs
[2024-05-16T01:11:45.942+0000] {logging_mixin.py:188} INFO - [2024-05-16T01:11:45.942+0000] {dag.py:3834} INFO - Setting next_dagrun for example_branch_dop_operator_v3 to 2024-05-16 01:10:00+00:00, run_after=2024-05-16 01:11:00+00:00
[2024-05-16T01:11:45.966+0000] {processor.py:183} INFO - Processing /home/airflow/.local/lib/python3.8/site-packages/airflow/example_dags/example_branch_python_dop_operator_3.py took 0.086 seconds
[2024-05-16T01:12:16.461+0000] {processor.py:161} INFO - Started process (PID=1725) to work on /home/airflow/.local/lib/python3.8/site-packages/airflow/example_dags/example_branch_python_dop_operator_3.py
[2024-05-16T01:12:16.463+0000] {processor.py:830} INFO - Processing file /home/airflow/.local/lib/python3.8/site-packages/airflow/example_dags/example_branch_python_dop_operator_3.py for tasks to queue
[2024-05-16T01:12:16.464+0000] {logging_mixin.py:188} INFO - [2024-05-16T01:12:16.464+0000] {dagbag.py:540} INFO - Filling up the DagBag from /home/airflow/.local/lib/python3.8/site-packages/airflow/example_dags/example_branch_python_dop_operator_3.py
[2024-05-16T01:12:16.471+0000] {processor.py:840} INFO - DAG(s) 'example_branch_dop_operator_v3' retrieved from /home/airflow/.local/lib/python3.8/site-packages/airflow/example_dags/example_branch_python_dop_operator_3.py
[2024-05-16T01:12:16.486+0000] {logging_mixin.py:188} INFO - [2024-05-16T01:12:16.486+0000] {dag.py:3047} INFO - Sync 1 DAGs
[2024-05-16T01:12:16.505+0000] {logging_mixin.py:188} INFO - [2024-05-16T01:12:16.505+0000] {dag.py:3834} INFO - Setting next_dagrun for example_branch_dop_operator_v3 to 2024-05-16 01:11:00+00:00, run_after=2024-05-16 01:12:00+00:00
[2024-05-16T01:12:16.525+0000] {processor.py:183} INFO - Processing /home/airflow/.local/lib/python3.8/site-packages/airflow/example_dags/example_branch_python_dop_operator_3.py took 0.066 seconds
[2024-05-16T01:12:47.055+0000] {processor.py:161} INFO - Started process (PID=1784) to work on /home/airflow/.local/lib/python3.8/site-packages/airflow/example_dags/example_branch_python_dop_operator_3.py
[2024-05-16T01:12:47.057+0000] {processor.py:830} INFO - Processing file /home/airflow/.local/lib/python3.8/site-packages/airflow/example_dags/example_branch_python_dop_operator_3.py for tasks to queue
[2024-05-16T01:12:47.059+0000] {logging_mixin.py:188} INFO - [2024-05-16T01:12:47.059+0000] {dagbag.py:540} INFO - Filling up the DagBag from /home/airflow/.local/lib/python3.8/site-packages/airflow/example_dags/example_branch_python_dop_operator_3.py
[2024-05-16T01:12:47.069+0000] {processor.py:840} INFO - DAG(s) 'example_branch_dop_operator_v3' retrieved from /home/airflow/.local/lib/python3.8/site-packages/airflow/example_dags/example_branch_python_dop_operator_3.py
[2024-05-16T01:12:47.092+0000] {logging_mixin.py:188} INFO - [2024-05-16T01:12:47.091+0000] {dag.py:3047} INFO - Sync 1 DAGs
[2024-05-16T01:12:47.122+0000] {logging_mixin.py:188} INFO - [2024-05-16T01:12:47.122+0000] {dag.py:3834} INFO - Setting next_dagrun for example_branch_dop_operator_v3 to 2024-05-16 01:11:00+00:00, run_after=2024-05-16 01:12:00+00:00
[2024-05-16T01:12:47.152+0000] {processor.py:183} INFO - Processing /home/airflow/.local/lib/python3.8/site-packages/airflow/example_dags/example_branch_python_dop_operator_3.py took 0.100 seconds
[2024-05-16T01:13:17.862+0000] {processor.py:161} INFO - Started process (PID=1843) to work on /home/airflow/.local/lib/python3.8/site-packages/airflow/example_dags/example_branch_python_dop_operator_3.py
[2024-05-16T01:13:17.863+0000] {processor.py:830} INFO - Processing file /home/airflow/.local/lib/python3.8/site-packages/airflow/example_dags/example_branch_python_dop_operator_3.py for tasks to queue
[2024-05-16T01:13:17.866+0000] {logging_mixin.py:188} INFO - [2024-05-16T01:13:17.865+0000] {dagbag.py:540} INFO - Filling up the DagBag from /home/airflow/.local/lib/python3.8/site-packages/airflow/example_dags/example_branch_python_dop_operator_3.py
[2024-05-16T01:13:17.874+0000] {processor.py:840} INFO - DAG(s) 'example_branch_dop_operator_v3' retrieved from /home/airflow/.local/lib/python3.8/site-packages/airflow/example_dags/example_branch_python_dop_operator_3.py
[2024-05-16T01:13:17.894+0000] {logging_mixin.py:188} INFO - [2024-05-16T01:13:17.894+0000] {dag.py:3047} INFO - Sync 1 DAGs
[2024-05-16T01:13:17.919+0000] {logging_mixin.py:188} INFO - [2024-05-16T01:13:17.919+0000] {dag.py:3834} INFO - Setting next_dagrun for example_branch_dop_operator_v3 to 2024-05-16 01:12:00+00:00, run_after=2024-05-16 01:13:00+00:00
[2024-05-16T01:13:17.945+0000] {processor.py:183} INFO - Processing /home/airflow/.local/lib/python3.8/site-packages/airflow/example_dags/example_branch_python_dop_operator_3.py took 0.086 seconds
[2024-05-16T01:13:48.907+0000] {processor.py:161} INFO - Started process (PID=1902) to work on /home/airflow/.local/lib/python3.8/site-packages/airflow/example_dags/example_branch_python_dop_operator_3.py
[2024-05-16T01:13:48.909+0000] {processor.py:830} INFO - Processing file /home/airflow/.local/lib/python3.8/site-packages/airflow/example_dags/example_branch_python_dop_operator_3.py for tasks to queue
[2024-05-16T01:13:48.913+0000] {logging_mixin.py:188} INFO - [2024-05-16T01:13:48.913+0000] {dagbag.py:540} INFO - Filling up the DagBag from /home/airflow/.local/lib/python3.8/site-packages/airflow/example_dags/example_branch_python_dop_operator_3.py
[2024-05-16T01:13:48.925+0000] {processor.py:840} INFO - DAG(s) 'example_branch_dop_operator_v3' retrieved from /home/airflow/.local/lib/python3.8/site-packages/airflow/example_dags/example_branch_python_dop_operator_3.py
[2024-05-16T01:13:48.948+0000] {logging_mixin.py:188} INFO - [2024-05-16T01:13:48.948+0000] {dag.py:3047} INFO - Sync 1 DAGs
[2024-05-16T01:13:48.970+0000] {logging_mixin.py:188} INFO - [2024-05-16T01:13:48.970+0000] {dag.py:3834} INFO - Setting next_dagrun for example_branch_dop_operator_v3 to 2024-05-16 01:12:00+00:00, run_after=2024-05-16 01:13:00+00:00
[2024-05-16T01:13:48.994+0000] {processor.py:183} INFO - Processing /home/airflow/.local/lib/python3.8/site-packages/airflow/example_dags/example_branch_python_dop_operator_3.py took 0.090 seconds
[2024-05-16T01:14:19.539+0000] {processor.py:161} INFO - Started process (PID=1961) to work on /home/airflow/.local/lib/python3.8/site-packages/airflow/example_dags/example_branch_python_dop_operator_3.py
[2024-05-16T01:14:19.540+0000] {processor.py:830} INFO - Processing file /home/airflow/.local/lib/python3.8/site-packages/airflow/example_dags/example_branch_python_dop_operator_3.py for tasks to queue
[2024-05-16T01:14:19.542+0000] {logging_mixin.py:188} INFO - [2024-05-16T01:14:19.542+0000] {dagbag.py:540} INFO - Filling up the DagBag from /home/airflow/.local/lib/python3.8/site-packages/airflow/example_dags/example_branch_python_dop_operator_3.py
[2024-05-16T01:14:19.553+0000] {processor.py:840} INFO - DAG(s) 'example_branch_dop_operator_v3' retrieved from /home/airflow/.local/lib/python3.8/site-packages/airflow/example_dags/example_branch_python_dop_operator_3.py
[2024-05-16T01:14:19.579+0000] {logging_mixin.py:188} INFO - [2024-05-16T01:14:19.579+0000] {dag.py:3047} INFO - Sync 1 DAGs
[2024-05-16T01:14:19.609+0000] {logging_mixin.py:188} INFO - [2024-05-16T01:14:19.609+0000] {dag.py:3834} INFO - Setting next_dagrun for example_branch_dop_operator_v3 to 2024-05-16 01:13:00+00:00, run_after=2024-05-16 01:14:00+00:00
[2024-05-16T01:14:19.633+0000] {processor.py:183} INFO - Processing /home/airflow/.local/lib/python3.8/site-packages/airflow/example_dags/example_branch_python_dop_operator_3.py took 0.098 seconds
[2024-05-16T01:14:50.190+0000] {processor.py:161} INFO - Started process (PID=2020) to work on /home/airflow/.local/lib/python3.8/site-packages/airflow/example_dags/example_branch_python_dop_operator_3.py
[2024-05-16T01:14:50.193+0000] {processor.py:830} INFO - Processing file /home/airflow/.local/lib/python3.8/site-packages/airflow/example_dags/example_branch_python_dop_operator_3.py for tasks to queue
[2024-05-16T01:14:50.197+0000] {logging_mixin.py:188} INFO - [2024-05-16T01:14:50.196+0000] {dagbag.py:540} INFO - Filling up the DagBag from /home/airflow/.local/lib/python3.8/site-packages/airflow/example_dags/example_branch_python_dop_operator_3.py
[2024-05-16T01:14:50.215+0000] {processor.py:840} INFO - DAG(s) 'example_branch_dop_operator_v3' retrieved from /home/airflow/.local/lib/python3.8/site-packages/airflow/example_dags/example_branch_python_dop_operator_3.py
[2024-05-16T01:14:50.259+0000] {logging_mixin.py:188} INFO - [2024-05-16T01:14:50.258+0000] {dag.py:3047} INFO - Sync 1 DAGs
[2024-05-16T01:14:50.308+0000] {logging_mixin.py:188} INFO - [2024-05-16T01:14:50.308+0000] {dag.py:3834} INFO - Setting next_dagrun for example_branch_dop_operator_v3 to 2024-05-16 01:13:00+00:00, run_after=2024-05-16 01:14:00+00:00
[2024-05-16T01:14:50.351+0000] {processor.py:183} INFO - Processing /home/airflow/.local/lib/python3.8/site-packages/airflow/example_dags/example_branch_python_dop_operator_3.py took 0.168 seconds
[2024-05-16T01:15:20.415+0000] {processor.py:161} INFO - Started process (PID=2079) to work on /home/airflow/.local/lib/python3.8/site-packages/airflow/example_dags/example_branch_python_dop_operator_3.py
[2024-05-16T01:15:20.417+0000] {processor.py:830} INFO - Processing file /home/airflow/.local/lib/python3.8/site-packages/airflow/example_dags/example_branch_python_dop_operator_3.py for tasks to queue
[2024-05-16T01:15:20.419+0000] {logging_mixin.py:188} INFO - [2024-05-16T01:15:20.419+0000] {dagbag.py:540} INFO - Filling up the DagBag from /home/airflow/.local/lib/python3.8/site-packages/airflow/example_dags/example_branch_python_dop_operator_3.py
[2024-05-16T01:15:20.427+0000] {processor.py:840} INFO - DAG(s) 'example_branch_dop_operator_v3' retrieved from /home/airflow/.local/lib/python3.8/site-packages/airflow/example_dags/example_branch_python_dop_operator_3.py
[2024-05-16T01:15:20.449+0000] {logging_mixin.py:188} INFO - [2024-05-16T01:15:20.448+0000] {dag.py:3047} INFO - Sync 1 DAGs
[2024-05-16T01:15:20.475+0000] {logging_mixin.py:188} INFO - [2024-05-16T01:15:20.474+0000] {dag.py:3834} INFO - Setting next_dagrun for example_branch_dop_operator_v3 to 2024-05-16 01:14:00+00:00, run_after=2024-05-16 01:15:00+00:00
[2024-05-16T01:15:20.502+0000] {processor.py:183} INFO - Processing /home/airflow/.local/lib/python3.8/site-packages/airflow/example_dags/example_branch_python_dop_operator_3.py took 0.090 seconds
[2024-05-16T01:15:50.822+0000] {processor.py:161} INFO - Started process (PID=2138) to work on /home/airflow/.local/lib/python3.8/site-packages/airflow/example_dags/example_branch_python_dop_operator_3.py
[2024-05-16T01:15:50.824+0000] {processor.py:830} INFO - Processing file /home/airflow/.local/lib/python3.8/site-packages/airflow/example_dags/example_branch_python_dop_operator_3.py for tasks to queue
[2024-05-16T01:15:50.828+0000] {logging_mixin.py:188} INFO - [2024-05-16T01:15:50.827+0000] {dagbag.py:540} INFO - Filling up the DagBag from /home/airflow/.local/lib/python3.8/site-packages/airflow/example_dags/example_branch_python_dop_operator_3.py
[2024-05-16T01:15:50.837+0000] {processor.py:840} INFO - DAG(s) 'example_branch_dop_operator_v3' retrieved from /home/airflow/.local/lib/python3.8/site-packages/airflow/example_dags/example_branch_python_dop_operator_3.py
[2024-05-16T01:15:50.861+0000] {logging_mixin.py:188} INFO - [2024-05-16T01:15:50.861+0000] {dag.py:3047} INFO - Sync 1 DAGs
[2024-05-16T01:15:50.892+0000] {logging_mixin.py:188} INFO - [2024-05-16T01:15:50.892+0000] {dag.py:3834} INFO - Setting next_dagrun for example_branch_dop_operator_v3 to 2024-05-16 01:14:00+00:00, run_after=2024-05-16 01:15:00+00:00
[2024-05-16T01:15:50.923+0000] {processor.py:183} INFO - Processing /home/airflow/.local/lib/python3.8/site-packages/airflow/example_dags/example_branch_python_dop_operator_3.py took 0.104 seconds
[2024-05-16T01:16:21.180+0000] {processor.py:161} INFO - Started process (PID=2197) to work on /home/airflow/.local/lib/python3.8/site-packages/airflow/example_dags/example_branch_python_dop_operator_3.py
[2024-05-16T01:16:21.181+0000] {processor.py:830} INFO - Processing file /home/airflow/.local/lib/python3.8/site-packages/airflow/example_dags/example_branch_python_dop_operator_3.py for tasks to queue
[2024-05-16T01:16:21.184+0000] {logging_mixin.py:188} INFO - [2024-05-16T01:16:21.184+0000] {dagbag.py:540} INFO - Filling up the DagBag from /home/airflow/.local/lib/python3.8/site-packages/airflow/example_dags/example_branch_python_dop_operator_3.py
[2024-05-16T01:16:21.198+0000] {processor.py:840} INFO - DAG(s) 'example_branch_dop_operator_v3' retrieved from /home/airflow/.local/lib/python3.8/site-packages/airflow/example_dags/example_branch_python_dop_operator_3.py
[2024-05-16T01:16:21.223+0000] {logging_mixin.py:188} INFO - [2024-05-16T01:16:21.222+0000] {dag.py:3047} INFO - Sync 1 DAGs
[2024-05-16T01:16:21.258+0000] {logging_mixin.py:188} INFO - [2024-05-16T01:16:21.258+0000] {dag.py:3834} INFO - Setting next_dagrun for example_branch_dop_operator_v3 to 2024-05-16 01:15:00+00:00, run_after=2024-05-16 01:16:00+00:00
[2024-05-16T01:16:21.289+0000] {processor.py:183} INFO - Processing /home/airflow/.local/lib/python3.8/site-packages/airflow/example_dags/example_branch_python_dop_operator_3.py took 0.114 seconds
[2024-05-16T01:16:52.953+0000] {processor.py:161} INFO - Started process (PID=2256) to work on /home/airflow/.local/lib/python3.8/site-packages/airflow/example_dags/example_branch_python_dop_operator_3.py
[2024-05-16T01:16:52.955+0000] {processor.py:830} INFO - Processing file /home/airflow/.local/lib/python3.8/site-packages/airflow/example_dags/example_branch_python_dop_operator_3.py for tasks to queue
[2024-05-16T01:16:52.957+0000] {logging_mixin.py:188} INFO - [2024-05-16T01:16:52.957+0000] {dagbag.py:540} INFO - Filling up the DagBag from /home/airflow/.local/lib/python3.8/site-packages/airflow/example_dags/example_branch_python_dop_operator_3.py
[2024-05-16T01:16:52.968+0000] {processor.py:840} INFO - DAG(s) 'example_branch_dop_operator_v3' retrieved from /home/airflow/.local/lib/python3.8/site-packages/airflow/example_dags/example_branch_python_dop_operator_3.py
[2024-05-16T01:16:52.997+0000] {logging_mixin.py:188} INFO - [2024-05-16T01:16:52.997+0000] {dag.py:3047} INFO - Sync 1 DAGs
[2024-05-16T01:16:53.029+0000] {logging_mixin.py:188} INFO - [2024-05-16T01:16:53.028+0000] {dag.py:3834} INFO - Setting next_dagrun for example_branch_dop_operator_v3 to 2024-05-16 01:15:00+00:00, run_after=2024-05-16 01:16:00+00:00
[2024-05-16T01:16:53.058+0000] {processor.py:183} INFO - Processing /home/airflow/.local/lib/python3.8/site-packages/airflow/example_dags/example_branch_python_dop_operator_3.py took 0.108 seconds
[2024-05-16T01:17:23.892+0000] {processor.py:161} INFO - Started process (PID=2315) to work on /home/airflow/.local/lib/python3.8/site-packages/airflow/example_dags/example_branch_python_dop_operator_3.py
[2024-05-16T01:17:23.898+0000] {processor.py:830} INFO - Processing file /home/airflow/.local/lib/python3.8/site-packages/airflow/example_dags/example_branch_python_dop_operator_3.py for tasks to queue
[2024-05-16T01:17:23.901+0000] {logging_mixin.py:188} INFO - [2024-05-16T01:17:23.901+0000] {dagbag.py:540} INFO - Filling up the DagBag from /home/airflow/.local/lib/python3.8/site-packages/airflow/example_dags/example_branch_python_dop_operator_3.py
[2024-05-16T01:17:23.911+0000] {processor.py:840} INFO - DAG(s) 'example_branch_dop_operator_v3' retrieved from /home/airflow/.local/lib/python3.8/site-packages/airflow/example_dags/example_branch_python_dop_operator_3.py
[2024-05-16T01:17:23.934+0000] {logging_mixin.py:188} INFO - [2024-05-16T01:17:23.934+0000] {dag.py:3047} INFO - Sync 1 DAGs
[2024-05-16T01:17:23.962+0000] {logging_mixin.py:188} INFO - [2024-05-16T01:17:23.962+0000] {dag.py:3834} INFO - Setting next_dagrun for example_branch_dop_operator_v3 to 2024-05-16 01:16:00+00:00, run_after=2024-05-16 01:17:00+00:00
[2024-05-16T01:17:23.989+0000] {processor.py:183} INFO - Processing /home/airflow/.local/lib/python3.8/site-packages/airflow/example_dags/example_branch_python_dop_operator_3.py took 0.101 seconds
[2024-05-16T01:17:54.865+0000] {processor.py:161} INFO - Started process (PID=2374) to work on /home/airflow/.local/lib/python3.8/site-packages/airflow/example_dags/example_branch_python_dop_operator_3.py
[2024-05-16T01:17:54.867+0000] {processor.py:830} INFO - Processing file /home/airflow/.local/lib/python3.8/site-packages/airflow/example_dags/example_branch_python_dop_operator_3.py for tasks to queue
[2024-05-16T01:17:54.870+0000] {logging_mixin.py:188} INFO - [2024-05-16T01:17:54.870+0000] {dagbag.py:540} INFO - Filling up the DagBag from /home/airflow/.local/lib/python3.8/site-packages/airflow/example_dags/example_branch_python_dop_operator_3.py
[2024-05-16T01:17:54.884+0000] {processor.py:840} INFO - DAG(s) 'example_branch_dop_operator_v3' retrieved from /home/airflow/.local/lib/python3.8/site-packages/airflow/example_dags/example_branch_python_dop_operator_3.py
[2024-05-16T01:17:54.914+0000] {logging_mixin.py:188} INFO - [2024-05-16T01:17:54.914+0000] {dag.py:3047} INFO - Sync 1 DAGs
[2024-05-16T01:17:54.946+0000] {logging_mixin.py:188} INFO - [2024-05-16T01:17:54.946+0000] {dag.py:3834} INFO - Setting next_dagrun for example_branch_dop_operator_v3 to 2024-05-16 01:16:00+00:00, run_after=2024-05-16 01:17:00+00:00
[2024-05-16T01:17:54.978+0000] {processor.py:183} INFO - Processing /home/airflow/.local/lib/python3.8/site-packages/airflow/example_dags/example_branch_python_dop_operator_3.py took 0.117 seconds
[2024-05-16T01:18:26.156+0000] {processor.py:161} INFO - Started process (PID=2433) to work on /home/airflow/.local/lib/python3.8/site-packages/airflow/example_dags/example_branch_python_dop_operator_3.py
[2024-05-16T01:18:26.158+0000] {processor.py:830} INFO - Processing file /home/airflow/.local/lib/python3.8/site-packages/airflow/example_dags/example_branch_python_dop_operator_3.py for tasks to queue
[2024-05-16T01:18:26.161+0000] {logging_mixin.py:188} INFO - [2024-05-16T01:18:26.161+0000] {dagbag.py:540} INFO - Filling up the DagBag from /home/airflow/.local/lib/python3.8/site-packages/airflow/example_dags/example_branch_python_dop_operator_3.py
[2024-05-16T01:18:26.175+0000] {processor.py:840} INFO - DAG(s) 'example_branch_dop_operator_v3' retrieved from /home/airflow/.local/lib/python3.8/site-packages/airflow/example_dags/example_branch_python_dop_operator_3.py
[2024-05-16T01:18:26.204+0000] {logging_mixin.py:188} INFO - [2024-05-16T01:18:26.204+0000] {dag.py:3047} INFO - Sync 1 DAGs
[2024-05-16T01:18:26.247+0000] {logging_mixin.py:188} INFO - [2024-05-16T01:18:26.247+0000] {dag.py:3834} INFO - Setting next_dagrun for example_branch_dop_operator_v3 to 2024-05-16 01:17:00+00:00, run_after=2024-05-16 01:18:00+00:00
[2024-05-16T01:18:26.287+0000] {processor.py:183} INFO - Processing /home/airflow/.local/lib/python3.8/site-packages/airflow/example_dags/example_branch_python_dop_operator_3.py took 0.136 seconds
[2024-05-16T01:18:57.163+0000] {processor.py:161} INFO - Started process (PID=2492) to work on /home/airflow/.local/lib/python3.8/site-packages/airflow/example_dags/example_branch_python_dop_operator_3.py
[2024-05-16T01:18:57.165+0000] {processor.py:830} INFO - Processing file /home/airflow/.local/lib/python3.8/site-packages/airflow/example_dags/example_branch_python_dop_operator_3.py for tasks to queue
[2024-05-16T01:18:57.168+0000] {logging_mixin.py:188} INFO - [2024-05-16T01:18:57.168+0000] {dagbag.py:540} INFO - Filling up the DagBag from /home/airflow/.local/lib/python3.8/site-packages/airflow/example_dags/example_branch_python_dop_operator_3.py
[2024-05-16T01:18:57.182+0000] {processor.py:840} INFO - DAG(s) 'example_branch_dop_operator_v3' retrieved from /home/airflow/.local/lib/python3.8/site-packages/airflow/example_dags/example_branch_python_dop_operator_3.py
[2024-05-16T01:18:57.217+0000] {logging_mixin.py:188} INFO - [2024-05-16T01:18:57.216+0000] {dag.py:3047} INFO - Sync 1 DAGs
[2024-05-16T01:18:57.260+0000] {logging_mixin.py:188} INFO - [2024-05-16T01:18:57.260+0000] {dag.py:3834} INFO - Setting next_dagrun for example_branch_dop_operator_v3 to 2024-05-16 01:17:00+00:00, run_after=2024-05-16 01:18:00+00:00
[2024-05-16T01:18:57.296+0000] {processor.py:183} INFO - Processing /home/airflow/.local/lib/python3.8/site-packages/airflow/example_dags/example_branch_python_dop_operator_3.py took 0.138 seconds
[2024-05-16T01:19:27.659+0000] {processor.py:161} INFO - Started process (PID=2551) to work on /home/airflow/.local/lib/python3.8/site-packages/airflow/example_dags/example_branch_python_dop_operator_3.py
[2024-05-16T01:19:27.661+0000] {processor.py:830} INFO - Processing file /home/airflow/.local/lib/python3.8/site-packages/airflow/example_dags/example_branch_python_dop_operator_3.py for tasks to queue
[2024-05-16T01:19:27.664+0000] {logging_mixin.py:188} INFO - [2024-05-16T01:19:27.664+0000] {dagbag.py:540} INFO - Filling up the DagBag from /home/airflow/.local/lib/python3.8/site-packages/airflow/example_dags/example_branch_python_dop_operator_3.py
[2024-05-16T01:19:27.677+0000] {processor.py:840} INFO - DAG(s) 'example_branch_dop_operator_v3' retrieved from /home/airflow/.local/lib/python3.8/site-packages/airflow/example_dags/example_branch_python_dop_operator_3.py
[2024-05-16T01:19:27.709+0000] {logging_mixin.py:188} INFO - [2024-05-16T01:19:27.709+0000] {dag.py:3047} INFO - Sync 1 DAGs
[2024-05-16T01:19:27.747+0000] {logging_mixin.py:188} INFO - [2024-05-16T01:19:27.747+0000] {dag.py:3834} INFO - Setting next_dagrun for example_branch_dop_operator_v3 to 2024-05-16 01:18:00+00:00, run_after=2024-05-16 01:19:00+00:00
[2024-05-16T01:19:27.781+0000] {processor.py:183} INFO - Processing /home/airflow/.local/lib/python3.8/site-packages/airflow/example_dags/example_branch_python_dop_operator_3.py took 0.127 seconds
[2024-05-16T01:19:58.561+0000] {processor.py:161} INFO - Started process (PID=2610) to work on /home/airflow/.local/lib/python3.8/site-packages/airflow/example_dags/example_branch_python_dop_operator_3.py
[2024-05-16T01:19:58.564+0000] {processor.py:830} INFO - Processing file /home/airflow/.local/lib/python3.8/site-packages/airflow/example_dags/example_branch_python_dop_operator_3.py for tasks to queue
[2024-05-16T01:19:58.569+0000] {logging_mixin.py:188} INFO - [2024-05-16T01:19:58.568+0000] {dagbag.py:540} INFO - Filling up the DagBag from /home/airflow/.local/lib/python3.8/site-packages/airflow/example_dags/example_branch_python_dop_operator_3.py
[2024-05-16T01:19:58.587+0000] {processor.py:840} INFO - DAG(s) 'example_branch_dop_operator_v3' retrieved from /home/airflow/.local/lib/python3.8/site-packages/airflow/example_dags/example_branch_python_dop_operator_3.py
[2024-05-16T01:19:58.624+0000] {logging_mixin.py:188} INFO - [2024-05-16T01:19:58.623+0000] {dag.py:3047} INFO - Sync 1 DAGs
[2024-05-16T01:19:58.662+0000] {logging_mixin.py:188} INFO - [2024-05-16T01:19:58.662+0000] {dag.py:3834} INFO - Setting next_dagrun for example_branch_dop_operator_v3 to 2024-05-16 01:18:00+00:00, run_after=2024-05-16 01:19:00+00:00
[2024-05-16T01:19:58.696+0000] {processor.py:183} INFO - Processing /home/airflow/.local/lib/python3.8/site-packages/airflow/example_dags/example_branch_python_dop_operator_3.py took 0.144 seconds
[2024-05-16T01:20:29.069+0000] {processor.py:161} INFO - Started process (PID=2669) to work on /home/airflow/.local/lib/python3.8/site-packages/airflow/example_dags/example_branch_python_dop_operator_3.py
[2024-05-16T01:20:29.071+0000] {processor.py:830} INFO - Processing file /home/airflow/.local/lib/python3.8/site-packages/airflow/example_dags/example_branch_python_dop_operator_3.py for tasks to queue
[2024-05-16T01:20:29.074+0000] {logging_mixin.py:188} INFO - [2024-05-16T01:20:29.074+0000] {dagbag.py:540} INFO - Filling up the DagBag from /home/airflow/.local/lib/python3.8/site-packages/airflow/example_dags/example_branch_python_dop_operator_3.py
[2024-05-16T01:20:29.087+0000] {processor.py:840} INFO - DAG(s) 'example_branch_dop_operator_v3' retrieved from /home/airflow/.local/lib/python3.8/site-packages/airflow/example_dags/example_branch_python_dop_operator_3.py
[2024-05-16T01:20:29.116+0000] {logging_mixin.py:188} INFO - [2024-05-16T01:20:29.115+0000] {dag.py:3047} INFO - Sync 1 DAGs
[2024-05-16T01:20:29.153+0000] {logging_mixin.py:188} INFO - [2024-05-16T01:20:29.153+0000] {dag.py:3834} INFO - Setting next_dagrun for example_branch_dop_operator_v3 to 2024-05-16 01:19:00+00:00, run_after=2024-05-16 01:20:00+00:00
[2024-05-16T01:20:29.184+0000] {processor.py:183} INFO - Processing /home/airflow/.local/lib/python3.8/site-packages/airflow/example_dags/example_branch_python_dop_operator_3.py took 0.119 seconds
[2024-05-16T01:21:00.561+0000] {processor.py:161} INFO - Started process (PID=2728) to work on /home/airflow/.local/lib/python3.8/site-packages/airflow/example_dags/example_branch_python_dop_operator_3.py
[2024-05-16T01:21:00.563+0000] {processor.py:830} INFO - Processing file /home/airflow/.local/lib/python3.8/site-packages/airflow/example_dags/example_branch_python_dop_operator_3.py for tasks to queue
[2024-05-16T01:21:00.566+0000] {logging_mixin.py:188} INFO - [2024-05-16T01:21:00.566+0000] {dagbag.py:540} INFO - Filling up the DagBag from /home/airflow/.local/lib/python3.8/site-packages/airflow/example_dags/example_branch_python_dop_operator_3.py
[2024-05-16T01:21:00.583+0000] {processor.py:840} INFO - DAG(s) 'example_branch_dop_operator_v3' retrieved from /home/airflow/.local/lib/python3.8/site-packages/airflow/example_dags/example_branch_python_dop_operator_3.py
[2024-05-16T01:21:00.614+0000] {logging_mixin.py:188} INFO - [2024-05-16T01:21:00.614+0000] {dag.py:3047} INFO - Sync 1 DAGs
[2024-05-16T01:21:00.657+0000] {logging_mixin.py:188} INFO - [2024-05-16T01:21:00.657+0000] {dag.py:3834} INFO - Setting next_dagrun for example_branch_dop_operator_v3 to 2024-05-16 01:20:00+00:00, run_after=2024-05-16 01:21:00+00:00
[2024-05-16T01:21:00.696+0000] {processor.py:183} INFO - Processing /home/airflow/.local/lib/python3.8/site-packages/airflow/example_dags/example_branch_python_dop_operator_3.py took 0.141 seconds
[2024-05-16T01:21:31.182+0000] {processor.py:161} INFO - Started process (PID=2787) to work on /home/airflow/.local/lib/python3.8/site-packages/airflow/example_dags/example_branch_python_dop_operator_3.py
[2024-05-16T01:21:31.185+0000] {processor.py:830} INFO - Processing file /home/airflow/.local/lib/python3.8/site-packages/airflow/example_dags/example_branch_python_dop_operator_3.py for tasks to queue
[2024-05-16T01:21:31.188+0000] {logging_mixin.py:188} INFO - [2024-05-16T01:21:31.188+0000] {dagbag.py:540} INFO - Filling up the DagBag from /home/airflow/.local/lib/python3.8/site-packages/airflow/example_dags/example_branch_python_dop_operator_3.py
[2024-05-16T01:21:31.204+0000] {processor.py:840} INFO - DAG(s) 'example_branch_dop_operator_v3' retrieved from /home/airflow/.local/lib/python3.8/site-packages/airflow/example_dags/example_branch_python_dop_operator_3.py
[2024-05-16T01:21:31.237+0000] {logging_mixin.py:188} INFO - [2024-05-16T01:21:31.236+0000] {dag.py:3047} INFO - Sync 1 DAGs
[2024-05-16T01:21:31.278+0000] {logging_mixin.py:188} INFO - [2024-05-16T01:21:31.278+0000] {dag.py:3834} INFO - Setting next_dagrun for example_branch_dop_operator_v3 to 2024-05-16 01:20:00+00:00, run_after=2024-05-16 01:21:00+00:00
[2024-05-16T01:21:31.313+0000] {processor.py:183} INFO - Processing /home/airflow/.local/lib/python3.8/site-packages/airflow/example_dags/example_branch_python_dop_operator_3.py took 0.136 seconds
[2024-05-16T01:22:01.978+0000] {processor.py:161} INFO - Started process (PID=2846) to work on /home/airflow/.local/lib/python3.8/site-packages/airflow/example_dags/example_branch_python_dop_operator_3.py
[2024-05-16T01:22:01.983+0000] {processor.py:830} INFO - Processing file /home/airflow/.local/lib/python3.8/site-packages/airflow/example_dags/example_branch_python_dop_operator_3.py for tasks to queue
[2024-05-16T01:22:01.988+0000] {logging_mixin.py:188} INFO - [2024-05-16T01:22:01.987+0000] {dagbag.py:540} INFO - Filling up the DagBag from /home/airflow/.local/lib/python3.8/site-packages/airflow/example_dags/example_branch_python_dop_operator_3.py
[2024-05-16T01:22:02.010+0000] {processor.py:840} INFO - DAG(s) 'example_branch_dop_operator_v3' retrieved from /home/airflow/.local/lib/python3.8/site-packages/airflow/example_dags/example_branch_python_dop_operator_3.py
[2024-05-16T01:22:02.056+0000] {logging_mixin.py:188} INFO - [2024-05-16T01:22:02.056+0000] {dag.py:3047} INFO - Sync 1 DAGs
[2024-05-16T01:22:02.111+0000] {logging_mixin.py:188} INFO - [2024-05-16T01:22:02.111+0000] {dag.py:3834} INFO - Setting next_dagrun for example_branch_dop_operator_v3 to 2024-05-16 01:21:00+00:00, run_after=2024-05-16 01:22:00+00:00
[2024-05-16T01:22:02.161+0000] {processor.py:183} INFO - Processing /home/airflow/.local/lib/python3.8/site-packages/airflow/example_dags/example_branch_python_dop_operator_3.py took 0.192 seconds
[2024-05-16T01:22:32.656+0000] {processor.py:161} INFO - Started process (PID=2905) to work on /home/airflow/.local/lib/python3.8/site-packages/airflow/example_dags/example_branch_python_dop_operator_3.py
[2024-05-16T01:22:32.659+0000] {processor.py:830} INFO - Processing file /home/airflow/.local/lib/python3.8/site-packages/airflow/example_dags/example_branch_python_dop_operator_3.py for tasks to queue
[2024-05-16T01:22:32.662+0000] {logging_mixin.py:188} INFO - [2024-05-16T01:22:32.661+0000] {dagbag.py:540} INFO - Filling up the DagBag from /home/airflow/.local/lib/python3.8/site-packages/airflow/example_dags/example_branch_python_dop_operator_3.py
[2024-05-16T01:22:32.676+0000] {processor.py:840} INFO - DAG(s) 'example_branch_dop_operator_v3' retrieved from /home/airflow/.local/lib/python3.8/site-packages/airflow/example_dags/example_branch_python_dop_operator_3.py
[2024-05-16T01:22:32.708+0000] {logging_mixin.py:188} INFO - [2024-05-16T01:22:32.707+0000] {dag.py:3047} INFO - Sync 1 DAGs
[2024-05-16T01:22:32.747+0000] {logging_mixin.py:188} INFO - [2024-05-16T01:22:32.747+0000] {dag.py:3834} INFO - Setting next_dagrun for example_branch_dop_operator_v3 to 2024-05-16 01:21:00+00:00, run_after=2024-05-16 01:22:00+00:00
[2024-05-16T01:22:32.832+0000] {processor.py:183} INFO - Processing /home/airflow/.local/lib/python3.8/site-packages/airflow/example_dags/example_branch_python_dop_operator_3.py took 0.181 seconds
[2024-05-16T01:23:03.256+0000] {processor.py:161} INFO - Started process (PID=2964) to work on /home/airflow/.local/lib/python3.8/site-packages/airflow/example_dags/example_branch_python_dop_operator_3.py
[2024-05-16T01:23:03.258+0000] {processor.py:830} INFO - Processing file /home/airflow/.local/lib/python3.8/site-packages/airflow/example_dags/example_branch_python_dop_operator_3.py for tasks to queue
[2024-05-16T01:23:03.263+0000] {logging_mixin.py:188} INFO - [2024-05-16T01:23:03.262+0000] {dagbag.py:540} INFO - Filling up the DagBag from /home/airflow/.local/lib/python3.8/site-packages/airflow/example_dags/example_branch_python_dop_operator_3.py
[2024-05-16T01:23:03.279+0000] {processor.py:840} INFO - DAG(s) 'example_branch_dop_operator_v3' retrieved from /home/airflow/.local/lib/python3.8/site-packages/airflow/example_dags/example_branch_python_dop_operator_3.py
[2024-05-16T01:23:03.322+0000] {logging_mixin.py:188} INFO - [2024-05-16T01:23:03.321+0000] {dag.py:3047} INFO - Sync 1 DAGs
[2024-05-16T01:23:03.362+0000] {logging_mixin.py:188} INFO - [2024-05-16T01:23:03.362+0000] {dag.py:3834} INFO - Setting next_dagrun for example_branch_dop_operator_v3 to 2024-05-16 01:22:00+00:00, run_after=2024-05-16 01:23:00+00:00
[2024-05-16T01:23:03.468+0000] {processor.py:183} INFO - Processing /home/airflow/.local/lib/python3.8/site-packages/airflow/example_dags/example_branch_python_dop_operator_3.py took 0.219 seconds
