[2024-05-16T00:57:58.090+0000] {processor.py:161} INFO - Started process (PID=76) to work on /home/airflow/.local/lib/python3.8/site-packages/airflow/example_dags/example_short_circuit_decorator.py
[2024-05-16T00:57:58.091+0000] {processor.py:830} INFO - Processing file /home/airflow/.local/lib/python3.8/site-packages/airflow/example_dags/example_short_circuit_decorator.py for tasks to queue
[2024-05-16T00:57:58.094+0000] {logging_mixin.py:188} INFO - [2024-05-16T00:57:58.093+0000] {dagbag.py:540} INFO - Filling up the DagBag from /home/airflow/.local/lib/python3.8/site-packages/airflow/example_dags/example_short_circuit_decorator.py
[2024-05-16T00:57:58.104+0000] {processor.py:840} INFO - DAG(s) 'example_short_circuit_decorator' retrieved from /home/airflow/.local/lib/python3.8/site-packages/airflow/example_dags/example_short_circuit_decorator.py
[2024-05-16T00:57:58.132+0000] {logging_mixin.py:188} INFO - [2024-05-16T00:57:58.131+0000] {dag.py:3047} INFO - Sync 1 DAGs
[2024-05-16T00:57:58.157+0000] {logging_mixin.py:188} INFO - [2024-05-16T00:57:58.157+0000] {dag.py:3834} INFO - Setting next_dagrun for example_short_circuit_decorator to 2024-05-15 00:00:00+00:00, run_after=2024-05-16 00:00:00+00:00
[2024-05-16T00:57:58.196+0000] {processor.py:183} INFO - Processing /home/airflow/.local/lib/python3.8/site-packages/airflow/example_dags/example_short_circuit_decorator.py took 0.109 seconds
[2024-05-16T00:58:29.754+0000] {processor.py:161} INFO - Started process (PID=135) to work on /home/airflow/.local/lib/python3.8/site-packages/airflow/example_dags/example_short_circuit_decorator.py
[2024-05-16T00:58:29.757+0000] {processor.py:830} INFO - Processing file /home/airflow/.local/lib/python3.8/site-packages/airflow/example_dags/example_short_circuit_decorator.py for tasks to queue
[2024-05-16T00:58:29.762+0000] {logging_mixin.py:188} INFO - [2024-05-16T00:58:29.761+0000] {dagbag.py:540} INFO - Filling up the DagBag from /home/airflow/.local/lib/python3.8/site-packages/airflow/example_dags/example_short_circuit_decorator.py
[2024-05-16T00:58:29.783+0000] {processor.py:840} INFO - DAG(s) 'example_short_circuit_decorator' retrieved from /home/airflow/.local/lib/python3.8/site-packages/airflow/example_dags/example_short_circuit_decorator.py
[2024-05-16T00:58:29.831+0000] {logging_mixin.py:188} INFO - [2024-05-16T00:58:29.831+0000] {dag.py:3047} INFO - Sync 1 DAGs
[2024-05-16T00:58:29.869+0000] {logging_mixin.py:188} INFO - [2024-05-16T00:58:29.868+0000] {dag.py:3834} INFO - Setting next_dagrun for example_short_circuit_decorator to 2024-05-15 00:00:00+00:00, run_after=2024-05-16 00:00:00+00:00
[2024-05-16T00:58:29.911+0000] {processor.py:183} INFO - Processing /home/airflow/.local/lib/python3.8/site-packages/airflow/example_dags/example_short_circuit_decorator.py took 0.163 seconds
[2024-05-16T00:59:00.772+0000] {processor.py:161} INFO - Started process (PID=194) to work on /home/airflow/.local/lib/python3.8/site-packages/airflow/example_dags/example_short_circuit_decorator.py
[2024-05-16T00:59:00.773+0000] {processor.py:830} INFO - Processing file /home/airflow/.local/lib/python3.8/site-packages/airflow/example_dags/example_short_circuit_decorator.py for tasks to queue
[2024-05-16T00:59:00.775+0000] {logging_mixin.py:188} INFO - [2024-05-16T00:59:00.775+0000] {dagbag.py:540} INFO - Filling up the DagBag from /home/airflow/.local/lib/python3.8/site-packages/airflow/example_dags/example_short_circuit_decorator.py
[2024-05-16T00:59:00.784+0000] {processor.py:840} INFO - DAG(s) 'example_short_circuit_decorator' retrieved from /home/airflow/.local/lib/python3.8/site-packages/airflow/example_dags/example_short_circuit_decorator.py
[2024-05-16T00:59:00.805+0000] {logging_mixin.py:188} INFO - [2024-05-16T00:59:00.804+0000] {dag.py:3047} INFO - Sync 1 DAGs
[2024-05-16T00:59:00.823+0000] {logging_mixin.py:188} INFO - [2024-05-16T00:59:00.823+0000] {dag.py:3834} INFO - Setting next_dagrun for example_short_circuit_decorator to 2024-05-15 00:00:00+00:00, run_after=2024-05-16 00:00:00+00:00
[2024-05-16T00:59:00.842+0000] {processor.py:183} INFO - Processing /home/airflow/.local/lib/python3.8/site-packages/airflow/example_dags/example_short_circuit_decorator.py took 0.073 seconds
[2024-05-16T00:59:31.350+0000] {processor.py:161} INFO - Started process (PID=253) to work on /home/airflow/.local/lib/python3.8/site-packages/airflow/example_dags/example_short_circuit_decorator.py
[2024-05-16T00:59:31.352+0000] {processor.py:830} INFO - Processing file /home/airflow/.local/lib/python3.8/site-packages/airflow/example_dags/example_short_circuit_decorator.py for tasks to queue
[2024-05-16T00:59:31.353+0000] {logging_mixin.py:188} INFO - [2024-05-16T00:59:31.353+0000] {dagbag.py:540} INFO - Filling up the DagBag from /home/airflow/.local/lib/python3.8/site-packages/airflow/example_dags/example_short_circuit_decorator.py
[2024-05-16T00:59:31.361+0000] {processor.py:840} INFO - DAG(s) 'example_short_circuit_decorator' retrieved from /home/airflow/.local/lib/python3.8/site-packages/airflow/example_dags/example_short_circuit_decorator.py
[2024-05-16T00:59:31.383+0000] {logging_mixin.py:188} INFO - [2024-05-16T00:59:31.383+0000] {dag.py:3047} INFO - Sync 1 DAGs
[2024-05-16T00:59:31.402+0000] {logging_mixin.py:188} INFO - [2024-05-16T00:59:31.402+0000] {dag.py:3834} INFO - Setting next_dagrun for example_short_circuit_decorator to 2024-05-15 00:00:00+00:00, run_after=2024-05-16 00:00:00+00:00
[2024-05-16T00:59:31.435+0000] {processor.py:183} INFO - Processing /home/airflow/.local/lib/python3.8/site-packages/airflow/example_dags/example_short_circuit_decorator.py took 0.088 seconds
[2024-05-16T01:00:01.948+0000] {processor.py:161} INFO - Started process (PID=312) to work on /home/airflow/.local/lib/python3.8/site-packages/airflow/example_dags/example_short_circuit_decorator.py
[2024-05-16T01:00:01.949+0000] {processor.py:830} INFO - Processing file /home/airflow/.local/lib/python3.8/site-packages/airflow/example_dags/example_short_circuit_decorator.py for tasks to queue
[2024-05-16T01:00:01.951+0000] {logging_mixin.py:188} INFO - [2024-05-16T01:00:01.951+0000] {dagbag.py:540} INFO - Filling up the DagBag from /home/airflow/.local/lib/python3.8/site-packages/airflow/example_dags/example_short_circuit_decorator.py
[2024-05-16T01:00:01.960+0000] {processor.py:840} INFO - DAG(s) 'example_short_circuit_decorator' retrieved from /home/airflow/.local/lib/python3.8/site-packages/airflow/example_dags/example_short_circuit_decorator.py
[2024-05-16T01:00:01.984+0000] {logging_mixin.py:188} INFO - [2024-05-16T01:00:01.983+0000] {dag.py:3047} INFO - Sync 1 DAGs
[2024-05-16T01:00:02.008+0000] {logging_mixin.py:188} INFO - [2024-05-16T01:00:02.007+0000] {dag.py:3834} INFO - Setting next_dagrun for example_short_circuit_decorator to 2024-05-15 00:00:00+00:00, run_after=2024-05-16 00:00:00+00:00
[2024-05-16T01:00:02.042+0000] {processor.py:183} INFO - Processing /home/airflow/.local/lib/python3.8/site-packages/airflow/example_dags/example_short_circuit_decorator.py took 0.097 seconds
[2024-05-16T01:00:32.710+0000] {processor.py:161} INFO - Started process (PID=371) to work on /home/airflow/.local/lib/python3.8/site-packages/airflow/example_dags/example_short_circuit_decorator.py
[2024-05-16T01:00:32.712+0000] {processor.py:830} INFO - Processing file /home/airflow/.local/lib/python3.8/site-packages/airflow/example_dags/example_short_circuit_decorator.py for tasks to queue
[2024-05-16T01:00:32.714+0000] {logging_mixin.py:188} INFO - [2024-05-16T01:00:32.714+0000] {dagbag.py:540} INFO - Filling up the DagBag from /home/airflow/.local/lib/python3.8/site-packages/airflow/example_dags/example_short_circuit_decorator.py
[2024-05-16T01:00:32.722+0000] {processor.py:840} INFO - DAG(s) 'example_short_circuit_decorator' retrieved from /home/airflow/.local/lib/python3.8/site-packages/airflow/example_dags/example_short_circuit_decorator.py
[2024-05-16T01:00:32.746+0000] {logging_mixin.py:188} INFO - [2024-05-16T01:00:32.746+0000] {dag.py:3047} INFO - Sync 1 DAGs
[2024-05-16T01:00:32.785+0000] {logging_mixin.py:188} INFO - [2024-05-16T01:00:32.785+0000] {dag.py:3834} INFO - Setting next_dagrun for example_short_circuit_decorator to 2024-05-15 00:00:00+00:00, run_after=2024-05-16 00:00:00+00:00
[2024-05-16T01:00:32.821+0000] {processor.py:183} INFO - Processing /home/airflow/.local/lib/python3.8/site-packages/airflow/example_dags/example_short_circuit_decorator.py took 0.114 seconds
[2024-05-16T01:01:03.765+0000] {processor.py:161} INFO - Started process (PID=430) to work on /home/airflow/.local/lib/python3.8/site-packages/airflow/example_dags/example_short_circuit_decorator.py
[2024-05-16T01:01:03.767+0000] {processor.py:830} INFO - Processing file /home/airflow/.local/lib/python3.8/site-packages/airflow/example_dags/example_short_circuit_decorator.py for tasks to queue
[2024-05-16T01:01:03.770+0000] {logging_mixin.py:188} INFO - [2024-05-16T01:01:03.769+0000] {dagbag.py:540} INFO - Filling up the DagBag from /home/airflow/.local/lib/python3.8/site-packages/airflow/example_dags/example_short_circuit_decorator.py
[2024-05-16T01:01:03.783+0000] {processor.py:840} INFO - DAG(s) 'example_short_circuit_decorator' retrieved from /home/airflow/.local/lib/python3.8/site-packages/airflow/example_dags/example_short_circuit_decorator.py
[2024-05-16T01:01:03.812+0000] {logging_mixin.py:188} INFO - [2024-05-16T01:01:03.811+0000] {dag.py:3047} INFO - Sync 1 DAGs
[2024-05-16T01:01:03.837+0000] {logging_mixin.py:188} INFO - [2024-05-16T01:01:03.836+0000] {dag.py:3834} INFO - Setting next_dagrun for example_short_circuit_decorator to 2024-05-15 00:00:00+00:00, run_after=2024-05-16 00:00:00+00:00
[2024-05-16T01:01:03.855+0000] {processor.py:183} INFO - Processing /home/airflow/.local/lib/python3.8/site-packages/airflow/example_dags/example_short_circuit_decorator.py took 0.093 seconds
[2024-05-16T01:01:34.325+0000] {processor.py:161} INFO - Started process (PID=489) to work on /home/airflow/.local/lib/python3.8/site-packages/airflow/example_dags/example_short_circuit_decorator.py
[2024-05-16T01:01:34.327+0000] {processor.py:830} INFO - Processing file /home/airflow/.local/lib/python3.8/site-packages/airflow/example_dags/example_short_circuit_decorator.py for tasks to queue
[2024-05-16T01:01:34.330+0000] {logging_mixin.py:188} INFO - [2024-05-16T01:01:34.329+0000] {dagbag.py:540} INFO - Filling up the DagBag from /home/airflow/.local/lib/python3.8/site-packages/airflow/example_dags/example_short_circuit_decorator.py
[2024-05-16T01:01:34.343+0000] {processor.py:840} INFO - DAG(s) 'example_short_circuit_decorator' retrieved from /home/airflow/.local/lib/python3.8/site-packages/airflow/example_dags/example_short_circuit_decorator.py
[2024-05-16T01:01:34.370+0000] {logging_mixin.py:188} INFO - [2024-05-16T01:01:34.370+0000] {dag.py:3047} INFO - Sync 1 DAGs
[2024-05-16T01:01:34.400+0000] {logging_mixin.py:188} INFO - [2024-05-16T01:01:34.400+0000] {dag.py:3834} INFO - Setting next_dagrun for example_short_circuit_decorator to 2024-05-15 00:00:00+00:00, run_after=2024-05-16 00:00:00+00:00
[2024-05-16T01:01:34.428+0000] {processor.py:183} INFO - Processing /home/airflow/.local/lib/python3.8/site-packages/airflow/example_dags/example_short_circuit_decorator.py took 0.108 seconds
[2024-05-16T01:02:04.824+0000] {processor.py:161} INFO - Started process (PID=547) to work on /home/airflow/.local/lib/python3.8/site-packages/airflow/example_dags/example_short_circuit_decorator.py
[2024-05-16T01:02:04.826+0000] {processor.py:830} INFO - Processing file /home/airflow/.local/lib/python3.8/site-packages/airflow/example_dags/example_short_circuit_decorator.py for tasks to queue
[2024-05-16T01:02:04.829+0000] {logging_mixin.py:188} INFO - [2024-05-16T01:02:04.829+0000] {dagbag.py:540} INFO - Filling up the DagBag from /home/airflow/.local/lib/python3.8/site-packages/airflow/example_dags/example_short_circuit_decorator.py
[2024-05-16T01:02:04.843+0000] {processor.py:840} INFO - DAG(s) 'example_short_circuit_decorator' retrieved from /home/airflow/.local/lib/python3.8/site-packages/airflow/example_dags/example_short_circuit_decorator.py
[2024-05-16T01:02:04.874+0000] {logging_mixin.py:188} INFO - [2024-05-16T01:02:04.874+0000] {dag.py:3047} INFO - Sync 1 DAGs
[2024-05-16T01:02:04.898+0000] {logging_mixin.py:188} INFO - [2024-05-16T01:02:04.898+0000] {dag.py:3834} INFO - Setting next_dagrun for example_short_circuit_decorator to 2024-05-15 00:00:00+00:00, run_after=2024-05-16 00:00:00+00:00
[2024-05-16T01:02:04.920+0000] {processor.py:183} INFO - Processing /home/airflow/.local/lib/python3.8/site-packages/airflow/example_dags/example_short_circuit_decorator.py took 0.100 seconds
[2024-05-16T01:02:35.683+0000] {processor.py:161} INFO - Started process (PID=606) to work on /home/airflow/.local/lib/python3.8/site-packages/airflow/example_dags/example_short_circuit_decorator.py
[2024-05-16T01:02:35.684+0000] {processor.py:830} INFO - Processing file /home/airflow/.local/lib/python3.8/site-packages/airflow/example_dags/example_short_circuit_decorator.py for tasks to queue
[2024-05-16T01:02:35.686+0000] {logging_mixin.py:188} INFO - [2024-05-16T01:02:35.686+0000] {dagbag.py:540} INFO - Filling up the DagBag from /home/airflow/.local/lib/python3.8/site-packages/airflow/example_dags/example_short_circuit_decorator.py
[2024-05-16T01:02:35.696+0000] {processor.py:840} INFO - DAG(s) 'example_short_circuit_decorator' retrieved from /home/airflow/.local/lib/python3.8/site-packages/airflow/example_dags/example_short_circuit_decorator.py
[2024-05-16T01:02:35.721+0000] {logging_mixin.py:188} INFO - [2024-05-16T01:02:35.721+0000] {dag.py:3047} INFO - Sync 1 DAGs
[2024-05-16T01:02:35.740+0000] {logging_mixin.py:188} INFO - [2024-05-16T01:02:35.740+0000] {dag.py:3834} INFO - Setting next_dagrun for example_short_circuit_decorator to 2024-05-15 00:00:00+00:00, run_after=2024-05-16 00:00:00+00:00
[2024-05-16T01:02:35.768+0000] {processor.py:183} INFO - Processing /home/airflow/.local/lib/python3.8/site-packages/airflow/example_dags/example_short_circuit_decorator.py took 0.088 seconds
[2024-05-16T01:03:06.074+0000] {processor.py:161} INFO - Started process (PID=664) to work on /home/airflow/.local/lib/python3.8/site-packages/airflow/example_dags/example_short_circuit_decorator.py
[2024-05-16T01:03:06.077+0000] {processor.py:830} INFO - Processing file /home/airflow/.local/lib/python3.8/site-packages/airflow/example_dags/example_short_circuit_decorator.py for tasks to queue
[2024-05-16T01:03:06.079+0000] {logging_mixin.py:188} INFO - [2024-05-16T01:03:06.079+0000] {dagbag.py:540} INFO - Filling up the DagBag from /home/airflow/.local/lib/python3.8/site-packages/airflow/example_dags/example_short_circuit_decorator.py
[2024-05-16T01:03:06.088+0000] {processor.py:840} INFO - DAG(s) 'example_short_circuit_decorator' retrieved from /home/airflow/.local/lib/python3.8/site-packages/airflow/example_dags/example_short_circuit_decorator.py
[2024-05-16T01:03:06.109+0000] {logging_mixin.py:188} INFO - [2024-05-16T01:03:06.109+0000] {dag.py:3047} INFO - Sync 1 DAGs
[2024-05-16T01:03:06.128+0000] {logging_mixin.py:188} INFO - [2024-05-16T01:03:06.128+0000] {dag.py:3834} INFO - Setting next_dagrun for example_short_circuit_decorator to 2024-05-15 00:00:00+00:00, run_after=2024-05-16 00:00:00+00:00
[2024-05-16T01:03:06.152+0000] {processor.py:183} INFO - Processing /home/airflow/.local/lib/python3.8/site-packages/airflow/example_dags/example_short_circuit_decorator.py took 0.082 seconds
[2024-05-16T01:03:36.788+0000] {processor.py:161} INFO - Started process (PID=723) to work on /home/airflow/.local/lib/python3.8/site-packages/airflow/example_dags/example_short_circuit_decorator.py
[2024-05-16T01:03:36.789+0000] {processor.py:830} INFO - Processing file /home/airflow/.local/lib/python3.8/site-packages/airflow/example_dags/example_short_circuit_decorator.py for tasks to queue
[2024-05-16T01:03:36.792+0000] {logging_mixin.py:188} INFO - [2024-05-16T01:03:36.791+0000] {dagbag.py:540} INFO - Filling up the DagBag from /home/airflow/.local/lib/python3.8/site-packages/airflow/example_dags/example_short_circuit_decorator.py
[2024-05-16T01:03:36.802+0000] {processor.py:840} INFO - DAG(s) 'example_short_circuit_decorator' retrieved from /home/airflow/.local/lib/python3.8/site-packages/airflow/example_dags/example_short_circuit_decorator.py
[2024-05-16T01:03:36.828+0000] {logging_mixin.py:188} INFO - [2024-05-16T01:03:36.828+0000] {dag.py:3047} INFO - Sync 1 DAGs
[2024-05-16T01:03:36.850+0000] {logging_mixin.py:188} INFO - [2024-05-16T01:03:36.850+0000] {dag.py:3834} INFO - Setting next_dagrun for example_short_circuit_decorator to 2024-05-15 00:00:00+00:00, run_after=2024-05-16 00:00:00+00:00
[2024-05-16T01:03:36.878+0000] {processor.py:183} INFO - Processing /home/airflow/.local/lib/python3.8/site-packages/airflow/example_dags/example_short_circuit_decorator.py took 0.093 seconds
[2024-05-16T01:04:07.903+0000] {processor.py:161} INFO - Started process (PID=782) to work on /home/airflow/.local/lib/python3.8/site-packages/airflow/example_dags/example_short_circuit_decorator.py
[2024-05-16T01:04:07.905+0000] {processor.py:830} INFO - Processing file /home/airflow/.local/lib/python3.8/site-packages/airflow/example_dags/example_short_circuit_decorator.py for tasks to queue
[2024-05-16T01:04:07.908+0000] {logging_mixin.py:188} INFO - [2024-05-16T01:04:07.907+0000] {dagbag.py:540} INFO - Filling up the DagBag from /home/airflow/.local/lib/python3.8/site-packages/airflow/example_dags/example_short_circuit_decorator.py
[2024-05-16T01:04:07.920+0000] {processor.py:840} INFO - DAG(s) 'example_short_circuit_decorator' retrieved from /home/airflow/.local/lib/python3.8/site-packages/airflow/example_dags/example_short_circuit_decorator.py
[2024-05-16T01:04:07.950+0000] {logging_mixin.py:188} INFO - [2024-05-16T01:04:07.949+0000] {dag.py:3047} INFO - Sync 1 DAGs
[2024-05-16T01:04:07.975+0000] {logging_mixin.py:188} INFO - [2024-05-16T01:04:07.975+0000] {dag.py:3834} INFO - Setting next_dagrun for example_short_circuit_decorator to 2024-05-15 00:00:00+00:00, run_after=2024-05-16 00:00:00+00:00
[2024-05-16T01:04:08.001+0000] {processor.py:183} INFO - Processing /home/airflow/.local/lib/python3.8/site-packages/airflow/example_dags/example_short_circuit_decorator.py took 0.102 seconds
[2024-05-16T01:04:39.380+0000] {processor.py:161} INFO - Started process (PID=841) to work on /home/airflow/.local/lib/python3.8/site-packages/airflow/example_dags/example_short_circuit_decorator.py
[2024-05-16T01:04:39.382+0000] {processor.py:830} INFO - Processing file /home/airflow/.local/lib/python3.8/site-packages/airflow/example_dags/example_short_circuit_decorator.py for tasks to queue
[2024-05-16T01:04:39.385+0000] {logging_mixin.py:188} INFO - [2024-05-16T01:04:39.384+0000] {dagbag.py:540} INFO - Filling up the DagBag from /home/airflow/.local/lib/python3.8/site-packages/airflow/example_dags/example_short_circuit_decorator.py
[2024-05-16T01:04:39.394+0000] {processor.py:840} INFO - DAG(s) 'example_short_circuit_decorator' retrieved from /home/airflow/.local/lib/python3.8/site-packages/airflow/example_dags/example_short_circuit_decorator.py
[2024-05-16T01:04:39.419+0000] {logging_mixin.py:188} INFO - [2024-05-16T01:04:39.419+0000] {dag.py:3047} INFO - Sync 1 DAGs
[2024-05-16T01:04:39.439+0000] {logging_mixin.py:188} INFO - [2024-05-16T01:04:39.439+0000] {dag.py:3834} INFO - Setting next_dagrun for example_short_circuit_decorator to 2024-05-15 00:00:00+00:00, run_after=2024-05-16 00:00:00+00:00
[2024-05-16T01:04:39.465+0000] {processor.py:183} INFO - Processing /home/airflow/.local/lib/python3.8/site-packages/airflow/example_dags/example_short_circuit_decorator.py took 0.088 seconds
[2024-05-16T01:05:09.825+0000] {processor.py:161} INFO - Started process (PID=901) to work on /home/airflow/.local/lib/python3.8/site-packages/airflow/example_dags/example_short_circuit_decorator.py
[2024-05-16T01:05:09.827+0000] {processor.py:830} INFO - Processing file /home/airflow/.local/lib/python3.8/site-packages/airflow/example_dags/example_short_circuit_decorator.py for tasks to queue
[2024-05-16T01:05:09.829+0000] {logging_mixin.py:188} INFO - [2024-05-16T01:05:09.829+0000] {dagbag.py:540} INFO - Filling up the DagBag from /home/airflow/.local/lib/python3.8/site-packages/airflow/example_dags/example_short_circuit_decorator.py
[2024-05-16T01:05:09.841+0000] {processor.py:840} INFO - DAG(s) 'example_short_circuit_decorator' retrieved from /home/airflow/.local/lib/python3.8/site-packages/airflow/example_dags/example_short_circuit_decorator.py
[2024-05-16T01:05:09.866+0000] {logging_mixin.py:188} INFO - [2024-05-16T01:05:09.866+0000] {dag.py:3047} INFO - Sync 1 DAGs
[2024-05-16T01:05:09.888+0000] {logging_mixin.py:188} INFO - [2024-05-16T01:05:09.887+0000] {dag.py:3834} INFO - Setting next_dagrun for example_short_circuit_decorator to 2024-05-15 00:00:00+00:00, run_after=2024-05-16 00:00:00+00:00
[2024-05-16T01:05:09.914+0000] {processor.py:183} INFO - Processing /home/airflow/.local/lib/python3.8/site-packages/airflow/example_dags/example_short_circuit_decorator.py took 0.092 seconds
[2024-05-16T01:05:40.498+0000] {processor.py:161} INFO - Started process (PID=960) to work on /home/airflow/.local/lib/python3.8/site-packages/airflow/example_dags/example_short_circuit_decorator.py
[2024-05-16T01:05:40.500+0000] {processor.py:830} INFO - Processing file /home/airflow/.local/lib/python3.8/site-packages/airflow/example_dags/example_short_circuit_decorator.py for tasks to queue
[2024-05-16T01:05:40.502+0000] {logging_mixin.py:188} INFO - [2024-05-16T01:05:40.501+0000] {dagbag.py:540} INFO - Filling up the DagBag from /home/airflow/.local/lib/python3.8/site-packages/airflow/example_dags/example_short_circuit_decorator.py
[2024-05-16T01:05:40.511+0000] {processor.py:840} INFO - DAG(s) 'example_short_circuit_decorator' retrieved from /home/airflow/.local/lib/python3.8/site-packages/airflow/example_dags/example_short_circuit_decorator.py
[2024-05-16T01:05:40.533+0000] {logging_mixin.py:188} INFO - [2024-05-16T01:05:40.533+0000] {dag.py:3047} INFO - Sync 1 DAGs
[2024-05-16T01:05:40.549+0000] {logging_mixin.py:188} INFO - [2024-05-16T01:05:40.549+0000] {dag.py:3834} INFO - Setting next_dagrun for example_short_circuit_decorator to 2024-05-15 00:00:00+00:00, run_after=2024-05-16 00:00:00+00:00
[2024-05-16T01:05:40.569+0000] {processor.py:183} INFO - Processing /home/airflow/.local/lib/python3.8/site-packages/airflow/example_dags/example_short_circuit_decorator.py took 0.074 seconds
[2024-05-16T01:06:11.237+0000] {processor.py:161} INFO - Started process (PID=1025) to work on /home/airflow/.local/lib/python3.8/site-packages/airflow/example_dags/example_short_circuit_decorator.py
[2024-05-16T01:06:11.238+0000] {processor.py:830} INFO - Processing file /home/airflow/.local/lib/python3.8/site-packages/airflow/example_dags/example_short_circuit_decorator.py for tasks to queue
[2024-05-16T01:06:11.241+0000] {logging_mixin.py:188} INFO - [2024-05-16T01:06:11.240+0000] {dagbag.py:540} INFO - Filling up the DagBag from /home/airflow/.local/lib/python3.8/site-packages/airflow/example_dags/example_short_circuit_decorator.py
[2024-05-16T01:06:11.248+0000] {processor.py:840} INFO - DAG(s) 'example_short_circuit_decorator' retrieved from /home/airflow/.local/lib/python3.8/site-packages/airflow/example_dags/example_short_circuit_decorator.py
[2024-05-16T01:06:11.267+0000] {logging_mixin.py:188} INFO - [2024-05-16T01:06:11.267+0000] {dag.py:3047} INFO - Sync 1 DAGs
[2024-05-16T01:06:11.285+0000] {logging_mixin.py:188} INFO - [2024-05-16T01:06:11.285+0000] {dag.py:3834} INFO - Setting next_dagrun for example_short_circuit_decorator to 2024-05-15 00:00:00+00:00, run_after=2024-05-16 00:00:00+00:00
[2024-05-16T01:06:11.309+0000] {processor.py:183} INFO - Processing /home/airflow/.local/lib/python3.8/site-packages/airflow/example_dags/example_short_circuit_decorator.py took 0.074 seconds
[2024-05-16T01:06:41.663+0000] {processor.py:161} INFO - Started process (PID=1084) to work on /home/airflow/.local/lib/python3.8/site-packages/airflow/example_dags/example_short_circuit_decorator.py
[2024-05-16T01:06:41.664+0000] {processor.py:830} INFO - Processing file /home/airflow/.local/lib/python3.8/site-packages/airflow/example_dags/example_short_circuit_decorator.py for tasks to queue
[2024-05-16T01:06:41.666+0000] {logging_mixin.py:188} INFO - [2024-05-16T01:06:41.666+0000] {dagbag.py:540} INFO - Filling up the DagBag from /home/airflow/.local/lib/python3.8/site-packages/airflow/example_dags/example_short_circuit_decorator.py
[2024-05-16T01:06:41.677+0000] {processor.py:840} INFO - DAG(s) 'example_short_circuit_decorator' retrieved from /home/airflow/.local/lib/python3.8/site-packages/airflow/example_dags/example_short_circuit_decorator.py
[2024-05-16T01:06:41.702+0000] {logging_mixin.py:188} INFO - [2024-05-16T01:06:41.702+0000] {dag.py:3047} INFO - Sync 1 DAGs
[2024-05-16T01:06:41.724+0000] {logging_mixin.py:188} INFO - [2024-05-16T01:06:41.723+0000] {dag.py:3834} INFO - Setting next_dagrun for example_short_circuit_decorator to 2024-05-15 00:00:00+00:00, run_after=2024-05-16 00:00:00+00:00
[2024-05-16T01:06:41.746+0000] {processor.py:183} INFO - Processing /home/airflow/.local/lib/python3.8/site-packages/airflow/example_dags/example_short_circuit_decorator.py took 0.086 seconds
[2024-05-16T01:07:12.680+0000] {processor.py:161} INFO - Started process (PID=1143) to work on /home/airflow/.local/lib/python3.8/site-packages/airflow/example_dags/example_short_circuit_decorator.py
[2024-05-16T01:07:12.683+0000] {processor.py:830} INFO - Processing file /home/airflow/.local/lib/python3.8/site-packages/airflow/example_dags/example_short_circuit_decorator.py for tasks to queue
[2024-05-16T01:07:12.686+0000] {logging_mixin.py:188} INFO - [2024-05-16T01:07:12.686+0000] {dagbag.py:540} INFO - Filling up the DagBag from /home/airflow/.local/lib/python3.8/site-packages/airflow/example_dags/example_short_circuit_decorator.py
[2024-05-16T01:07:12.698+0000] {processor.py:840} INFO - DAG(s) 'example_short_circuit_decorator' retrieved from /home/airflow/.local/lib/python3.8/site-packages/airflow/example_dags/example_short_circuit_decorator.py
[2024-05-16T01:07:12.733+0000] {logging_mixin.py:188} INFO - [2024-05-16T01:07:12.732+0000] {dag.py:3047} INFO - Sync 1 DAGs
[2024-05-16T01:07:12.755+0000] {logging_mixin.py:188} INFO - [2024-05-16T01:07:12.754+0000] {dag.py:3834} INFO - Setting next_dagrun for example_short_circuit_decorator to 2024-05-15 00:00:00+00:00, run_after=2024-05-16 00:00:00+00:00
[2024-05-16T01:07:12.778+0000] {processor.py:183} INFO - Processing /home/airflow/.local/lib/python3.8/site-packages/airflow/example_dags/example_short_circuit_decorator.py took 0.104 seconds
[2024-05-16T01:07:43.267+0000] {processor.py:161} INFO - Started process (PID=1200) to work on /home/airflow/.local/lib/python3.8/site-packages/airflow/example_dags/example_short_circuit_decorator.py
[2024-05-16T01:07:43.268+0000] {processor.py:830} INFO - Processing file /home/airflow/.local/lib/python3.8/site-packages/airflow/example_dags/example_short_circuit_decorator.py for tasks to queue
[2024-05-16T01:07:43.271+0000] {logging_mixin.py:188} INFO - [2024-05-16T01:07:43.270+0000] {dagbag.py:540} INFO - Filling up the DagBag from /home/airflow/.local/lib/python3.8/site-packages/airflow/example_dags/example_short_circuit_decorator.py
[2024-05-16T01:07:43.284+0000] {processor.py:840} INFO - DAG(s) 'example_short_circuit_decorator' retrieved from /home/airflow/.local/lib/python3.8/site-packages/airflow/example_dags/example_short_circuit_decorator.py
[2024-05-16T01:07:43.318+0000] {logging_mixin.py:188} INFO - [2024-05-16T01:07:43.318+0000] {dag.py:3047} INFO - Sync 1 DAGs
[2024-05-16T01:07:43.347+0000] {logging_mixin.py:188} INFO - [2024-05-16T01:07:43.347+0000] {dag.py:3834} INFO - Setting next_dagrun for example_short_circuit_decorator to 2024-05-15 00:00:00+00:00, run_after=2024-05-16 00:00:00+00:00
[2024-05-16T01:07:43.386+0000] {processor.py:183} INFO - Processing /home/airflow/.local/lib/python3.8/site-packages/airflow/example_dags/example_short_circuit_decorator.py took 0.123 seconds
[2024-05-16T01:08:13.868+0000] {processor.py:161} INFO - Started process (PID=1258) to work on /home/airflow/.local/lib/python3.8/site-packages/airflow/example_dags/example_short_circuit_decorator.py
[2024-05-16T01:08:13.869+0000] {processor.py:830} INFO - Processing file /home/airflow/.local/lib/python3.8/site-packages/airflow/example_dags/example_short_circuit_decorator.py for tasks to queue
[2024-05-16T01:08:13.871+0000] {logging_mixin.py:188} INFO - [2024-05-16T01:08:13.871+0000] {dagbag.py:540} INFO - Filling up the DagBag from /home/airflow/.local/lib/python3.8/site-packages/airflow/example_dags/example_short_circuit_decorator.py
[2024-05-16T01:08:13.879+0000] {processor.py:840} INFO - DAG(s) 'example_short_circuit_decorator' retrieved from /home/airflow/.local/lib/python3.8/site-packages/airflow/example_dags/example_short_circuit_decorator.py
[2024-05-16T01:08:13.903+0000] {logging_mixin.py:188} INFO - [2024-05-16T01:08:13.903+0000] {dag.py:3047} INFO - Sync 1 DAGs
[2024-05-16T01:08:13.923+0000] {logging_mixin.py:188} INFO - [2024-05-16T01:08:13.923+0000] {dag.py:3834} INFO - Setting next_dagrun for example_short_circuit_decorator to 2024-05-15 00:00:00+00:00, run_after=2024-05-16 00:00:00+00:00
[2024-05-16T01:08:13.951+0000] {processor.py:183} INFO - Processing /home/airflow/.local/lib/python3.8/site-packages/airflow/example_dags/example_short_circuit_decorator.py took 0.086 seconds
[2024-05-16T01:08:44.884+0000] {processor.py:161} INFO - Started process (PID=1318) to work on /home/airflow/.local/lib/python3.8/site-packages/airflow/example_dags/example_short_circuit_decorator.py
[2024-05-16T01:08:44.886+0000] {processor.py:830} INFO - Processing file /home/airflow/.local/lib/python3.8/site-packages/airflow/example_dags/example_short_circuit_decorator.py for tasks to queue
[2024-05-16T01:08:44.890+0000] {logging_mixin.py:188} INFO - [2024-05-16T01:08:44.889+0000] {dagbag.py:540} INFO - Filling up the DagBag from /home/airflow/.local/lib/python3.8/site-packages/airflow/example_dags/example_short_circuit_decorator.py
[2024-05-16T01:08:44.908+0000] {processor.py:840} INFO - DAG(s) 'example_short_circuit_decorator' retrieved from /home/airflow/.local/lib/python3.8/site-packages/airflow/example_dags/example_short_circuit_decorator.py
[2024-05-16T01:08:44.951+0000] {logging_mixin.py:188} INFO - [2024-05-16T01:08:44.950+0000] {dag.py:3047} INFO - Sync 1 DAGs
[2024-05-16T01:08:44.991+0000] {logging_mixin.py:188} INFO - [2024-05-16T01:08:44.990+0000] {dag.py:3834} INFO - Setting next_dagrun for example_short_circuit_decorator to 2024-05-15 00:00:00+00:00, run_after=2024-05-16 00:00:00+00:00
[2024-05-16T01:08:45.041+0000] {processor.py:183} INFO - Processing /home/airflow/.local/lib/python3.8/site-packages/airflow/example_dags/example_short_circuit_decorator.py took 0.162 seconds
[2024-05-16T01:09:15.283+0000] {processor.py:161} INFO - Started process (PID=1376) to work on /home/airflow/.local/lib/python3.8/site-packages/airflow/example_dags/example_short_circuit_decorator.py
[2024-05-16T01:09:15.285+0000] {processor.py:830} INFO - Processing file /home/airflow/.local/lib/python3.8/site-packages/airflow/example_dags/example_short_circuit_decorator.py for tasks to queue
[2024-05-16T01:09:15.289+0000] {logging_mixin.py:188} INFO - [2024-05-16T01:09:15.288+0000] {dagbag.py:540} INFO - Filling up the DagBag from /home/airflow/.local/lib/python3.8/site-packages/airflow/example_dags/example_short_circuit_decorator.py
[2024-05-16T01:09:15.305+0000] {processor.py:840} INFO - DAG(s) 'example_short_circuit_decorator' retrieved from /home/airflow/.local/lib/python3.8/site-packages/airflow/example_dags/example_short_circuit_decorator.py
[2024-05-16T01:09:15.340+0000] {logging_mixin.py:188} INFO - [2024-05-16T01:09:15.340+0000] {dag.py:3047} INFO - Sync 1 DAGs
[2024-05-16T01:09:15.369+0000] {logging_mixin.py:188} INFO - [2024-05-16T01:09:15.369+0000] {dag.py:3834} INFO - Setting next_dagrun for example_short_circuit_decorator to 2024-05-15 00:00:00+00:00, run_after=2024-05-16 00:00:00+00:00
[2024-05-16T01:09:15.404+0000] {processor.py:183} INFO - Processing /home/airflow/.local/lib/python3.8/site-packages/airflow/example_dags/example_short_circuit_decorator.py took 0.127 seconds
[2024-05-16T01:09:45.722+0000] {processor.py:161} INFO - Started process (PID=1435) to work on /home/airflow/.local/lib/python3.8/site-packages/airflow/example_dags/example_short_circuit_decorator.py
[2024-05-16T01:09:45.723+0000] {processor.py:830} INFO - Processing file /home/airflow/.local/lib/python3.8/site-packages/airflow/example_dags/example_short_circuit_decorator.py for tasks to queue
[2024-05-16T01:09:45.725+0000] {logging_mixin.py:188} INFO - [2024-05-16T01:09:45.725+0000] {dagbag.py:540} INFO - Filling up the DagBag from /home/airflow/.local/lib/python3.8/site-packages/airflow/example_dags/example_short_circuit_decorator.py
[2024-05-16T01:09:45.736+0000] {processor.py:840} INFO - DAG(s) 'example_short_circuit_decorator' retrieved from /home/airflow/.local/lib/python3.8/site-packages/airflow/example_dags/example_short_circuit_decorator.py
[2024-05-16T01:09:45.761+0000] {logging_mixin.py:188} INFO - [2024-05-16T01:09:45.761+0000] {dag.py:3047} INFO - Sync 1 DAGs
[2024-05-16T01:09:45.784+0000] {logging_mixin.py:188} INFO - [2024-05-16T01:09:45.784+0000] {dag.py:3834} INFO - Setting next_dagrun for example_short_circuit_decorator to 2024-05-15 00:00:00+00:00, run_after=2024-05-16 00:00:00+00:00
[2024-05-16T01:09:45.810+0000] {processor.py:183} INFO - Processing /home/airflow/.local/lib/python3.8/site-packages/airflow/example_dags/example_short_circuit_decorator.py took 0.092 seconds
[2024-05-16T01:10:15.904+0000] {processor.py:161} INFO - Started process (PID=1494) to work on /home/airflow/.local/lib/python3.8/site-packages/airflow/example_dags/example_short_circuit_decorator.py
[2024-05-16T01:10:15.905+0000] {processor.py:830} INFO - Processing file /home/airflow/.local/lib/python3.8/site-packages/airflow/example_dags/example_short_circuit_decorator.py for tasks to queue
[2024-05-16T01:10:15.907+0000] {logging_mixin.py:188} INFO - [2024-05-16T01:10:15.907+0000] {dagbag.py:540} INFO - Filling up the DagBag from /home/airflow/.local/lib/python3.8/site-packages/airflow/example_dags/example_short_circuit_decorator.py
[2024-05-16T01:10:15.916+0000] {processor.py:840} INFO - DAG(s) 'example_short_circuit_decorator' retrieved from /home/airflow/.local/lib/python3.8/site-packages/airflow/example_dags/example_short_circuit_decorator.py
[2024-05-16T01:10:15.939+0000] {logging_mixin.py:188} INFO - [2024-05-16T01:10:15.938+0000] {dag.py:3047} INFO - Sync 1 DAGs
[2024-05-16T01:10:15.965+0000] {logging_mixin.py:188} INFO - [2024-05-16T01:10:15.964+0000] {dag.py:3834} INFO - Setting next_dagrun for example_short_circuit_decorator to 2024-05-15 00:00:00+00:00, run_after=2024-05-16 00:00:00+00:00
[2024-05-16T01:10:15.991+0000] {processor.py:183} INFO - Processing /home/airflow/.local/lib/python3.8/site-packages/airflow/example_dags/example_short_circuit_decorator.py took 0.090 seconds
[2024-05-16T01:10:46.173+0000] {processor.py:161} INFO - Started process (PID=1553) to work on /home/airflow/.local/lib/python3.8/site-packages/airflow/example_dags/example_short_circuit_decorator.py
[2024-05-16T01:10:46.175+0000] {processor.py:830} INFO - Processing file /home/airflow/.local/lib/python3.8/site-packages/airflow/example_dags/example_short_circuit_decorator.py for tasks to queue
[2024-05-16T01:10:46.176+0000] {logging_mixin.py:188} INFO - [2024-05-16T01:10:46.176+0000] {dagbag.py:540} INFO - Filling up the DagBag from /home/airflow/.local/lib/python3.8/site-packages/airflow/example_dags/example_short_circuit_decorator.py
[2024-05-16T01:10:46.185+0000] {processor.py:840} INFO - DAG(s) 'example_short_circuit_decorator' retrieved from /home/airflow/.local/lib/python3.8/site-packages/airflow/example_dags/example_short_circuit_decorator.py
[2024-05-16T01:10:46.208+0000] {logging_mixin.py:188} INFO - [2024-05-16T01:10:46.208+0000] {dag.py:3047} INFO - Sync 1 DAGs
[2024-05-16T01:10:46.228+0000] {logging_mixin.py:188} INFO - [2024-05-16T01:10:46.228+0000] {dag.py:3834} INFO - Setting next_dagrun for example_short_circuit_decorator to 2024-05-15 00:00:00+00:00, run_after=2024-05-16 00:00:00+00:00
[2024-05-16T01:10:46.252+0000] {processor.py:183} INFO - Processing /home/airflow/.local/lib/python3.8/site-packages/airflow/example_dags/example_short_circuit_decorator.py took 0.081 seconds
[2024-05-16T01:11:17.184+0000] {processor.py:161} INFO - Started process (PID=1612) to work on /home/airflow/.local/lib/python3.8/site-packages/airflow/example_dags/example_short_circuit_decorator.py
[2024-05-16T01:11:17.186+0000] {processor.py:830} INFO - Processing file /home/airflow/.local/lib/python3.8/site-packages/airflow/example_dags/example_short_circuit_decorator.py for tasks to queue
[2024-05-16T01:11:17.188+0000] {logging_mixin.py:188} INFO - [2024-05-16T01:11:17.188+0000] {dagbag.py:540} INFO - Filling up the DagBag from /home/airflow/.local/lib/python3.8/site-packages/airflow/example_dags/example_short_circuit_decorator.py
[2024-05-16T01:11:17.199+0000] {processor.py:840} INFO - DAG(s) 'example_short_circuit_decorator' retrieved from /home/airflow/.local/lib/python3.8/site-packages/airflow/example_dags/example_short_circuit_decorator.py
[2024-05-16T01:11:17.225+0000] {logging_mixin.py:188} INFO - [2024-05-16T01:11:17.224+0000] {dag.py:3047} INFO - Sync 1 DAGs
[2024-05-16T01:11:17.247+0000] {logging_mixin.py:188} INFO - [2024-05-16T01:11:17.247+0000] {dag.py:3834} INFO - Setting next_dagrun for example_short_circuit_decorator to 2024-05-15 00:00:00+00:00, run_after=2024-05-16 00:00:00+00:00
[2024-05-16T01:11:17.278+0000] {processor.py:183} INFO - Processing /home/airflow/.local/lib/python3.8/site-packages/airflow/example_dags/example_short_circuit_decorator.py took 0.098 seconds
[2024-05-16T01:11:47.398+0000] {processor.py:161} INFO - Started process (PID=1671) to work on /home/airflow/.local/lib/python3.8/site-packages/airflow/example_dags/example_short_circuit_decorator.py
[2024-05-16T01:11:47.400+0000] {processor.py:830} INFO - Processing file /home/airflow/.local/lib/python3.8/site-packages/airflow/example_dags/example_short_circuit_decorator.py for tasks to queue
[2024-05-16T01:11:47.403+0000] {logging_mixin.py:188} INFO - [2024-05-16T01:11:47.402+0000] {dagbag.py:540} INFO - Filling up the DagBag from /home/airflow/.local/lib/python3.8/site-packages/airflow/example_dags/example_short_circuit_decorator.py
[2024-05-16T01:11:47.412+0000] {processor.py:840} INFO - DAG(s) 'example_short_circuit_decorator' retrieved from /home/airflow/.local/lib/python3.8/site-packages/airflow/example_dags/example_short_circuit_decorator.py
[2024-05-16T01:11:47.434+0000] {logging_mixin.py:188} INFO - [2024-05-16T01:11:47.434+0000] {dag.py:3047} INFO - Sync 1 DAGs
[2024-05-16T01:11:47.453+0000] {logging_mixin.py:188} INFO - [2024-05-16T01:11:47.453+0000] {dag.py:3834} INFO - Setting next_dagrun for example_short_circuit_decorator to 2024-05-15 00:00:00+00:00, run_after=2024-05-16 00:00:00+00:00
[2024-05-16T01:11:47.474+0000] {processor.py:183} INFO - Processing /home/airflow/.local/lib/python3.8/site-packages/airflow/example_dags/example_short_circuit_decorator.py took 0.080 seconds
[2024-05-16T01:12:17.796+0000] {processor.py:161} INFO - Started process (PID=1730) to work on /home/airflow/.local/lib/python3.8/site-packages/airflow/example_dags/example_short_circuit_decorator.py
[2024-05-16T01:12:17.797+0000] {processor.py:830} INFO - Processing file /home/airflow/.local/lib/python3.8/site-packages/airflow/example_dags/example_short_circuit_decorator.py for tasks to queue
[2024-05-16T01:12:17.799+0000] {logging_mixin.py:188} INFO - [2024-05-16T01:12:17.799+0000] {dagbag.py:540} INFO - Filling up the DagBag from /home/airflow/.local/lib/python3.8/site-packages/airflow/example_dags/example_short_circuit_decorator.py
[2024-05-16T01:12:17.808+0000] {processor.py:840} INFO - DAG(s) 'example_short_circuit_decorator' retrieved from /home/airflow/.local/lib/python3.8/site-packages/airflow/example_dags/example_short_circuit_decorator.py
[2024-05-16T01:12:17.830+0000] {logging_mixin.py:188} INFO - [2024-05-16T01:12:17.829+0000] {dag.py:3047} INFO - Sync 1 DAGs
[2024-05-16T01:12:17.850+0000] {logging_mixin.py:188} INFO - [2024-05-16T01:12:17.850+0000] {dag.py:3834} INFO - Setting next_dagrun for example_short_circuit_decorator to 2024-05-15 00:00:00+00:00, run_after=2024-05-16 00:00:00+00:00
[2024-05-16T01:12:17.874+0000] {processor.py:183} INFO - Processing /home/airflow/.local/lib/python3.8/site-packages/airflow/example_dags/example_short_circuit_decorator.py took 0.082 seconds
[2024-05-16T01:12:48.357+0000] {processor.py:161} INFO - Started process (PID=1789) to work on /home/airflow/.local/lib/python3.8/site-packages/airflow/example_dags/example_short_circuit_decorator.py
[2024-05-16T01:12:48.359+0000] {processor.py:830} INFO - Processing file /home/airflow/.local/lib/python3.8/site-packages/airflow/example_dags/example_short_circuit_decorator.py for tasks to queue
[2024-05-16T01:12:48.362+0000] {logging_mixin.py:188} INFO - [2024-05-16T01:12:48.361+0000] {dagbag.py:540} INFO - Filling up the DagBag from /home/airflow/.local/lib/python3.8/site-packages/airflow/example_dags/example_short_circuit_decorator.py
[2024-05-16T01:12:48.374+0000] {processor.py:840} INFO - DAG(s) 'example_short_circuit_decorator' retrieved from /home/airflow/.local/lib/python3.8/site-packages/airflow/example_dags/example_short_circuit_decorator.py
[2024-05-16T01:12:48.404+0000] {logging_mixin.py:188} INFO - [2024-05-16T01:12:48.403+0000] {dag.py:3047} INFO - Sync 1 DAGs
[2024-05-16T01:12:48.430+0000] {logging_mixin.py:188} INFO - [2024-05-16T01:12:48.430+0000] {dag.py:3834} INFO - Setting next_dagrun for example_short_circuit_decorator to 2024-05-15 00:00:00+00:00, run_after=2024-05-16 00:00:00+00:00
[2024-05-16T01:12:48.467+0000] {processor.py:183} INFO - Processing /home/airflow/.local/lib/python3.8/site-packages/airflow/example_dags/example_short_circuit_decorator.py took 0.114 seconds
[2024-05-16T01:13:19.314+0000] {processor.py:161} INFO - Started process (PID=1848) to work on /home/airflow/.local/lib/python3.8/site-packages/airflow/example_dags/example_short_circuit_decorator.py
[2024-05-16T01:13:19.316+0000] {processor.py:830} INFO - Processing file /home/airflow/.local/lib/python3.8/site-packages/airflow/example_dags/example_short_circuit_decorator.py for tasks to queue
[2024-05-16T01:13:19.319+0000] {logging_mixin.py:188} INFO - [2024-05-16T01:13:19.318+0000] {dagbag.py:540} INFO - Filling up the DagBag from /home/airflow/.local/lib/python3.8/site-packages/airflow/example_dags/example_short_circuit_decorator.py
[2024-05-16T01:13:19.329+0000] {processor.py:840} INFO - DAG(s) 'example_short_circuit_decorator' retrieved from /home/airflow/.local/lib/python3.8/site-packages/airflow/example_dags/example_short_circuit_decorator.py
[2024-05-16T01:13:19.357+0000] {logging_mixin.py:188} INFO - [2024-05-16T01:13:19.357+0000] {dag.py:3047} INFO - Sync 1 DAGs
[2024-05-16T01:13:19.381+0000] {logging_mixin.py:188} INFO - [2024-05-16T01:13:19.381+0000] {dag.py:3834} INFO - Setting next_dagrun for example_short_circuit_decorator to 2024-05-15 00:00:00+00:00, run_after=2024-05-16 00:00:00+00:00
[2024-05-16T01:13:19.405+0000] {processor.py:183} INFO - Processing /home/airflow/.local/lib/python3.8/site-packages/airflow/example_dags/example_short_circuit_decorator.py took 0.094 seconds
[2024-05-16T01:13:49.463+0000] {processor.py:161} INFO - Started process (PID=1907) to work on /home/airflow/.local/lib/python3.8/site-packages/airflow/example_dags/example_short_circuit_decorator.py
[2024-05-16T01:13:49.464+0000] {processor.py:830} INFO - Processing file /home/airflow/.local/lib/python3.8/site-packages/airflow/example_dags/example_short_circuit_decorator.py for tasks to queue
[2024-05-16T01:13:49.466+0000] {logging_mixin.py:188} INFO - [2024-05-16T01:13:49.466+0000] {dagbag.py:540} INFO - Filling up the DagBag from /home/airflow/.local/lib/python3.8/site-packages/airflow/example_dags/example_short_circuit_decorator.py
[2024-05-16T01:13:49.476+0000] {processor.py:840} INFO - DAG(s) 'example_short_circuit_decorator' retrieved from /home/airflow/.local/lib/python3.8/site-packages/airflow/example_dags/example_short_circuit_decorator.py
[2024-05-16T01:13:49.499+0000] {logging_mixin.py:188} INFO - [2024-05-16T01:13:49.499+0000] {dag.py:3047} INFO - Sync 1 DAGs
[2024-05-16T01:13:49.519+0000] {logging_mixin.py:188} INFO - [2024-05-16T01:13:49.519+0000] {dag.py:3834} INFO - Setting next_dagrun for example_short_circuit_decorator to 2024-05-15 00:00:00+00:00, run_after=2024-05-16 00:00:00+00:00
[2024-05-16T01:13:49.541+0000] {processor.py:183} INFO - Processing /home/airflow/.local/lib/python3.8/site-packages/airflow/example_dags/example_short_circuit_decorator.py took 0.081 seconds
[2024-05-16T01:14:20.107+0000] {processor.py:161} INFO - Started process (PID=1966) to work on /home/airflow/.local/lib/python3.8/site-packages/airflow/example_dags/example_short_circuit_decorator.py
[2024-05-16T01:14:20.109+0000] {processor.py:830} INFO - Processing file /home/airflow/.local/lib/python3.8/site-packages/airflow/example_dags/example_short_circuit_decorator.py for tasks to queue
[2024-05-16T01:14:20.111+0000] {logging_mixin.py:188} INFO - [2024-05-16T01:14:20.111+0000] {dagbag.py:540} INFO - Filling up the DagBag from /home/airflow/.local/lib/python3.8/site-packages/airflow/example_dags/example_short_circuit_decorator.py
[2024-05-16T01:14:20.121+0000] {processor.py:840} INFO - DAG(s) 'example_short_circuit_decorator' retrieved from /home/airflow/.local/lib/python3.8/site-packages/airflow/example_dags/example_short_circuit_decorator.py
[2024-05-16T01:14:20.148+0000] {logging_mixin.py:188} INFO - [2024-05-16T01:14:20.147+0000] {dag.py:3047} INFO - Sync 1 DAGs
[2024-05-16T01:14:20.170+0000] {logging_mixin.py:188} INFO - [2024-05-16T01:14:20.170+0000] {dag.py:3834} INFO - Setting next_dagrun for example_short_circuit_decorator to 2024-05-15 00:00:00+00:00, run_after=2024-05-16 00:00:00+00:00
[2024-05-16T01:14:20.205+0000] {processor.py:183} INFO - Processing /home/airflow/.local/lib/python3.8/site-packages/airflow/example_dags/example_short_circuit_decorator.py took 0.101 seconds
[2024-05-16T01:14:50.801+0000] {processor.py:161} INFO - Started process (PID=2025) to work on /home/airflow/.local/lib/python3.8/site-packages/airflow/example_dags/example_short_circuit_decorator.py
[2024-05-16T01:14:50.804+0000] {processor.py:830} INFO - Processing file /home/airflow/.local/lib/python3.8/site-packages/airflow/example_dags/example_short_circuit_decorator.py for tasks to queue
[2024-05-16T01:14:50.807+0000] {logging_mixin.py:188} INFO - [2024-05-16T01:14:50.806+0000] {dagbag.py:540} INFO - Filling up the DagBag from /home/airflow/.local/lib/python3.8/site-packages/airflow/example_dags/example_short_circuit_decorator.py
[2024-05-16T01:14:50.824+0000] {processor.py:840} INFO - DAG(s) 'example_short_circuit_decorator' retrieved from /home/airflow/.local/lib/python3.8/site-packages/airflow/example_dags/example_short_circuit_decorator.py
[2024-05-16T01:14:50.864+0000] {logging_mixin.py:188} INFO - [2024-05-16T01:14:50.863+0000] {dag.py:3047} INFO - Sync 1 DAGs
[2024-05-16T01:14:50.906+0000] {logging_mixin.py:188} INFO - [2024-05-16T01:14:50.906+0000] {dag.py:3834} INFO - Setting next_dagrun for example_short_circuit_decorator to 2024-05-15 00:00:00+00:00, run_after=2024-05-16 00:00:00+00:00
[2024-05-16T01:14:50.949+0000] {processor.py:183} INFO - Processing /home/airflow/.local/lib/python3.8/site-packages/airflow/example_dags/example_short_circuit_decorator.py took 0.154 seconds
[2024-05-16T01:15:21.773+0000] {processor.py:161} INFO - Started process (PID=2084) to work on /home/airflow/.local/lib/python3.8/site-packages/airflow/example_dags/example_short_circuit_decorator.py
[2024-05-16T01:15:21.775+0000] {processor.py:830} INFO - Processing file /home/airflow/.local/lib/python3.8/site-packages/airflow/example_dags/example_short_circuit_decorator.py for tasks to queue
[2024-05-16T01:15:21.779+0000] {logging_mixin.py:188} INFO - [2024-05-16T01:15:21.778+0000] {dagbag.py:540} INFO - Filling up the DagBag from /home/airflow/.local/lib/python3.8/site-packages/airflow/example_dags/example_short_circuit_decorator.py
[2024-05-16T01:15:21.793+0000] {processor.py:840} INFO - DAG(s) 'example_short_circuit_decorator' retrieved from /home/airflow/.local/lib/python3.8/site-packages/airflow/example_dags/example_short_circuit_decorator.py
[2024-05-16T01:15:21.828+0000] {logging_mixin.py:188} INFO - [2024-05-16T01:15:21.828+0000] {dag.py:3047} INFO - Sync 1 DAGs
[2024-05-16T01:15:21.858+0000] {logging_mixin.py:188} INFO - [2024-05-16T01:15:21.857+0000] {dag.py:3834} INFO - Setting next_dagrun for example_short_circuit_decorator to 2024-05-15 00:00:00+00:00, run_after=2024-05-16 00:00:00+00:00
[2024-05-16T01:15:21.892+0000] {processor.py:183} INFO - Processing /home/airflow/.local/lib/python3.8/site-packages/airflow/example_dags/example_short_circuit_decorator.py took 0.124 seconds
[2024-05-16T01:15:52.144+0000] {processor.py:161} INFO - Started process (PID=2143) to work on /home/airflow/.local/lib/python3.8/site-packages/airflow/example_dags/example_short_circuit_decorator.py
[2024-05-16T01:15:52.146+0000] {processor.py:830} INFO - Processing file /home/airflow/.local/lib/python3.8/site-packages/airflow/example_dags/example_short_circuit_decorator.py for tasks to queue
[2024-05-16T01:15:52.148+0000] {logging_mixin.py:188} INFO - [2024-05-16T01:15:52.148+0000] {dagbag.py:540} INFO - Filling up the DagBag from /home/airflow/.local/lib/python3.8/site-packages/airflow/example_dags/example_short_circuit_decorator.py
[2024-05-16T01:15:52.158+0000] {processor.py:840} INFO - DAG(s) 'example_short_circuit_decorator' retrieved from /home/airflow/.local/lib/python3.8/site-packages/airflow/example_dags/example_short_circuit_decorator.py
[2024-05-16T01:15:52.184+0000] {logging_mixin.py:188} INFO - [2024-05-16T01:15:52.184+0000] {dag.py:3047} INFO - Sync 1 DAGs
[2024-05-16T01:15:52.207+0000] {logging_mixin.py:188} INFO - [2024-05-16T01:15:52.207+0000] {dag.py:3834} INFO - Setting next_dagrun for example_short_circuit_decorator to 2024-05-15 00:00:00+00:00, run_after=2024-05-16 00:00:00+00:00
[2024-05-16T01:15:52.233+0000] {processor.py:183} INFO - Processing /home/airflow/.local/lib/python3.8/site-packages/airflow/example_dags/example_short_circuit_decorator.py took 0.094 seconds
[2024-05-16T01:16:22.625+0000] {processor.py:161} INFO - Started process (PID=2202) to work on /home/airflow/.local/lib/python3.8/site-packages/airflow/example_dags/example_short_circuit_decorator.py
[2024-05-16T01:16:22.627+0000] {processor.py:830} INFO - Processing file /home/airflow/.local/lib/python3.8/site-packages/airflow/example_dags/example_short_circuit_decorator.py for tasks to queue
[2024-05-16T01:16:22.631+0000] {logging_mixin.py:188} INFO - [2024-05-16T01:16:22.630+0000] {dagbag.py:540} INFO - Filling up the DagBag from /home/airflow/.local/lib/python3.8/site-packages/airflow/example_dags/example_short_circuit_decorator.py
[2024-05-16T01:16:22.645+0000] {processor.py:840} INFO - DAG(s) 'example_short_circuit_decorator' retrieved from /home/airflow/.local/lib/python3.8/site-packages/airflow/example_dags/example_short_circuit_decorator.py
[2024-05-16T01:16:22.680+0000] {logging_mixin.py:188} INFO - [2024-05-16T01:16:22.679+0000] {dag.py:3047} INFO - Sync 1 DAGs
[2024-05-16T01:16:22.712+0000] {logging_mixin.py:188} INFO - [2024-05-16T01:16:22.712+0000] {dag.py:3834} INFO - Setting next_dagrun for example_short_circuit_decorator to 2024-05-15 00:00:00+00:00, run_after=2024-05-16 00:00:00+00:00
[2024-05-16T01:16:22.743+0000] {processor.py:183} INFO - Processing /home/airflow/.local/lib/python3.8/site-packages/airflow/example_dags/example_short_circuit_decorator.py took 0.124 seconds
[2024-05-16T01:16:53.297+0000] {processor.py:161} INFO - Started process (PID=2261) to work on /home/airflow/.local/lib/python3.8/site-packages/airflow/example_dags/example_short_circuit_decorator.py
[2024-05-16T01:16:53.302+0000] {processor.py:830} INFO - Processing file /home/airflow/.local/lib/python3.8/site-packages/airflow/example_dags/example_short_circuit_decorator.py for tasks to queue
[2024-05-16T01:16:53.306+0000] {logging_mixin.py:188} INFO - [2024-05-16T01:16:53.306+0000] {dagbag.py:540} INFO - Filling up the DagBag from /home/airflow/.local/lib/python3.8/site-packages/airflow/example_dags/example_short_circuit_decorator.py
[2024-05-16T01:16:53.320+0000] {processor.py:840} INFO - DAG(s) 'example_short_circuit_decorator' retrieved from /home/airflow/.local/lib/python3.8/site-packages/airflow/example_dags/example_short_circuit_decorator.py
[2024-05-16T01:16:53.350+0000] {logging_mixin.py:188} INFO - [2024-05-16T01:16:53.350+0000] {dag.py:3047} INFO - Sync 1 DAGs
[2024-05-16T01:16:53.379+0000] {logging_mixin.py:188} INFO - [2024-05-16T01:16:53.379+0000] {dag.py:3834} INFO - Setting next_dagrun for example_short_circuit_decorator to 2024-05-15 00:00:00+00:00, run_after=2024-05-16 00:00:00+00:00
[2024-05-16T01:16:53.411+0000] {processor.py:183} INFO - Processing /home/airflow/.local/lib/python3.8/site-packages/airflow/example_dags/example_short_circuit_decorator.py took 0.119 seconds
[2024-05-16T01:17:24.244+0000] {processor.py:161} INFO - Started process (PID=2320) to work on /home/airflow/.local/lib/python3.8/site-packages/airflow/example_dags/example_short_circuit_decorator.py
[2024-05-16T01:17:24.246+0000] {processor.py:830} INFO - Processing file /home/airflow/.local/lib/python3.8/site-packages/airflow/example_dags/example_short_circuit_decorator.py for tasks to queue
[2024-05-16T01:17:24.248+0000] {logging_mixin.py:188} INFO - [2024-05-16T01:17:24.248+0000] {dagbag.py:540} INFO - Filling up the DagBag from /home/airflow/.local/lib/python3.8/site-packages/airflow/example_dags/example_short_circuit_decorator.py
[2024-05-16T01:17:24.258+0000] {processor.py:840} INFO - DAG(s) 'example_short_circuit_decorator' retrieved from /home/airflow/.local/lib/python3.8/site-packages/airflow/example_dags/example_short_circuit_decorator.py
[2024-05-16T01:17:24.286+0000] {logging_mixin.py:188} INFO - [2024-05-16T01:17:24.286+0000] {dag.py:3047} INFO - Sync 1 DAGs
[2024-05-16T01:17:24.308+0000] {logging_mixin.py:188} INFO - [2024-05-16T01:17:24.308+0000] {dag.py:3834} INFO - Setting next_dagrun for example_short_circuit_decorator to 2024-05-15 00:00:00+00:00, run_after=2024-05-16 00:00:00+00:00
[2024-05-16T01:17:24.337+0000] {processor.py:183} INFO - Processing /home/airflow/.local/lib/python3.8/site-packages/airflow/example_dags/example_short_circuit_decorator.py took 0.097 seconds
[2024-05-16T01:17:55.971+0000] {processor.py:161} INFO - Started process (PID=2379) to work on /home/airflow/.local/lib/python3.8/site-packages/airflow/example_dags/example_short_circuit_decorator.py
[2024-05-16T01:17:55.973+0000] {processor.py:830} INFO - Processing file /home/airflow/.local/lib/python3.8/site-packages/airflow/example_dags/example_short_circuit_decorator.py for tasks to queue
[2024-05-16T01:17:55.976+0000] {logging_mixin.py:188} INFO - [2024-05-16T01:17:55.976+0000] {dagbag.py:540} INFO - Filling up the DagBag from /home/airflow/.local/lib/python3.8/site-packages/airflow/example_dags/example_short_circuit_decorator.py
[2024-05-16T01:17:55.988+0000] {processor.py:840} INFO - DAG(s) 'example_short_circuit_decorator' retrieved from /home/airflow/.local/lib/python3.8/site-packages/airflow/example_dags/example_short_circuit_decorator.py
[2024-05-16T01:17:56.023+0000] {logging_mixin.py:188} INFO - [2024-05-16T01:17:56.022+0000] {dag.py:3047} INFO - Sync 1 DAGs
[2024-05-16T01:17:56.056+0000] {logging_mixin.py:188} INFO - [2024-05-16T01:17:56.056+0000] {dag.py:3834} INFO - Setting next_dagrun for example_short_circuit_decorator to 2024-05-15 00:00:00+00:00, run_after=2024-05-16 00:00:00+00:00
[2024-05-16T01:17:56.092+0000] {processor.py:183} INFO - Processing /home/airflow/.local/lib/python3.8/site-packages/airflow/example_dags/example_short_circuit_decorator.py took 0.126 seconds
[2024-05-16T01:18:26.797+0000] {processor.py:161} INFO - Started process (PID=2438) to work on /home/airflow/.local/lib/python3.8/site-packages/airflow/example_dags/example_short_circuit_decorator.py
[2024-05-16T01:18:26.799+0000] {processor.py:830} INFO - Processing file /home/airflow/.local/lib/python3.8/site-packages/airflow/example_dags/example_short_circuit_decorator.py for tasks to queue
[2024-05-16T01:18:26.803+0000] {logging_mixin.py:188} INFO - [2024-05-16T01:18:26.802+0000] {dagbag.py:540} INFO - Filling up the DagBag from /home/airflow/.local/lib/python3.8/site-packages/airflow/example_dags/example_short_circuit_decorator.py
[2024-05-16T01:18:26.817+0000] {processor.py:840} INFO - DAG(s) 'example_short_circuit_decorator' retrieved from /home/airflow/.local/lib/python3.8/site-packages/airflow/example_dags/example_short_circuit_decorator.py
[2024-05-16T01:18:26.854+0000] {logging_mixin.py:188} INFO - [2024-05-16T01:18:26.853+0000] {dag.py:3047} INFO - Sync 1 DAGs
[2024-05-16T01:18:26.885+0000] {logging_mixin.py:188} INFO - [2024-05-16T01:18:26.885+0000] {dag.py:3834} INFO - Setting next_dagrun for example_short_circuit_decorator to 2024-05-15 00:00:00+00:00, run_after=2024-05-16 00:00:00+00:00
[2024-05-16T01:18:26.951+0000] {processor.py:183} INFO - Processing /home/airflow/.local/lib/python3.8/site-packages/airflow/example_dags/example_short_circuit_decorator.py took 0.160 seconds
[2024-05-16T01:18:57.679+0000] {processor.py:161} INFO - Started process (PID=2497) to work on /home/airflow/.local/lib/python3.8/site-packages/airflow/example_dags/example_short_circuit_decorator.py
[2024-05-16T01:18:57.682+0000] {processor.py:830} INFO - Processing file /home/airflow/.local/lib/python3.8/site-packages/airflow/example_dags/example_short_circuit_decorator.py for tasks to queue
[2024-05-16T01:18:57.685+0000] {logging_mixin.py:188} INFO - [2024-05-16T01:18:57.685+0000] {dagbag.py:540} INFO - Filling up the DagBag from /home/airflow/.local/lib/python3.8/site-packages/airflow/example_dags/example_short_circuit_decorator.py
[2024-05-16T01:18:57.702+0000] {processor.py:840} INFO - DAG(s) 'example_short_circuit_decorator' retrieved from /home/airflow/.local/lib/python3.8/site-packages/airflow/example_dags/example_short_circuit_decorator.py
[2024-05-16T01:18:57.743+0000] {logging_mixin.py:188} INFO - [2024-05-16T01:18:57.742+0000] {dag.py:3047} INFO - Sync 1 DAGs
[2024-05-16T01:18:57.780+0000] {logging_mixin.py:188} INFO - [2024-05-16T01:18:57.780+0000] {dag.py:3834} INFO - Setting next_dagrun for example_short_circuit_decorator to 2024-05-15 00:00:00+00:00, run_after=2024-05-16 00:00:00+00:00
[2024-05-16T01:18:57.815+0000] {processor.py:183} INFO - Processing /home/airflow/.local/lib/python3.8/site-packages/airflow/example_dags/example_short_circuit_decorator.py took 0.143 seconds
[2024-05-16T01:19:28.107+0000] {processor.py:161} INFO - Started process (PID=2556) to work on /home/airflow/.local/lib/python3.8/site-packages/airflow/example_dags/example_short_circuit_decorator.py
[2024-05-16T01:19:28.110+0000] {processor.py:830} INFO - Processing file /home/airflow/.local/lib/python3.8/site-packages/airflow/example_dags/example_short_circuit_decorator.py for tasks to queue
[2024-05-16T01:19:28.113+0000] {logging_mixin.py:188} INFO - [2024-05-16T01:19:28.113+0000] {dagbag.py:540} INFO - Filling up the DagBag from /home/airflow/.local/lib/python3.8/site-packages/airflow/example_dags/example_short_circuit_decorator.py
[2024-05-16T01:19:28.129+0000] {processor.py:840} INFO - DAG(s) 'example_short_circuit_decorator' retrieved from /home/airflow/.local/lib/python3.8/site-packages/airflow/example_dags/example_short_circuit_decorator.py
[2024-05-16T01:19:28.168+0000] {logging_mixin.py:188} INFO - [2024-05-16T01:19:28.167+0000] {dag.py:3047} INFO - Sync 1 DAGs
[2024-05-16T01:19:28.203+0000] {logging_mixin.py:188} INFO - [2024-05-16T01:19:28.202+0000] {dag.py:3834} INFO - Setting next_dagrun for example_short_circuit_decorator to 2024-05-15 00:00:00+00:00, run_after=2024-05-16 00:00:00+00:00
[2024-05-16T01:19:28.240+0000] {processor.py:183} INFO - Processing /home/airflow/.local/lib/python3.8/site-packages/airflow/example_dags/example_short_circuit_decorator.py took 0.138 seconds
[2024-05-16T01:19:58.975+0000] {processor.py:161} INFO - Started process (PID=2615) to work on /home/airflow/.local/lib/python3.8/site-packages/airflow/example_dags/example_short_circuit_decorator.py
[2024-05-16T01:19:58.977+0000] {processor.py:830} INFO - Processing file /home/airflow/.local/lib/python3.8/site-packages/airflow/example_dags/example_short_circuit_decorator.py for tasks to queue
[2024-05-16T01:19:58.981+0000] {logging_mixin.py:188} INFO - [2024-05-16T01:19:58.980+0000] {dagbag.py:540} INFO - Filling up the DagBag from /home/airflow/.local/lib/python3.8/site-packages/airflow/example_dags/example_short_circuit_decorator.py
[2024-05-16T01:19:58.996+0000] {processor.py:840} INFO - DAG(s) 'example_short_circuit_decorator' retrieved from /home/airflow/.local/lib/python3.8/site-packages/airflow/example_dags/example_short_circuit_decorator.py
[2024-05-16T01:19:59.041+0000] {logging_mixin.py:188} INFO - [2024-05-16T01:19:59.041+0000] {dag.py:3047} INFO - Sync 1 DAGs
[2024-05-16T01:19:59.076+0000] {logging_mixin.py:188} INFO - [2024-05-16T01:19:59.076+0000] {dag.py:3834} INFO - Setting next_dagrun for example_short_circuit_decorator to 2024-05-15 00:00:00+00:00, run_after=2024-05-16 00:00:00+00:00
[2024-05-16T01:19:59.109+0000] {processor.py:183} INFO - Processing /home/airflow/.local/lib/python3.8/site-packages/airflow/example_dags/example_short_circuit_decorator.py took 0.139 seconds
[2024-05-16T01:20:29.537+0000] {processor.py:161} INFO - Started process (PID=2674) to work on /home/airflow/.local/lib/python3.8/site-packages/airflow/example_dags/example_short_circuit_decorator.py
[2024-05-16T01:20:29.538+0000] {processor.py:830} INFO - Processing file /home/airflow/.local/lib/python3.8/site-packages/airflow/example_dags/example_short_circuit_decorator.py for tasks to queue
[2024-05-16T01:20:29.541+0000] {logging_mixin.py:188} INFO - [2024-05-16T01:20:29.541+0000] {dagbag.py:540} INFO - Filling up the DagBag from /home/airflow/.local/lib/python3.8/site-packages/airflow/example_dags/example_short_circuit_decorator.py
[2024-05-16T01:20:29.554+0000] {processor.py:840} INFO - DAG(s) 'example_short_circuit_decorator' retrieved from /home/airflow/.local/lib/python3.8/site-packages/airflow/example_dags/example_short_circuit_decorator.py
[2024-05-16T01:20:29.586+0000] {logging_mixin.py:188} INFO - [2024-05-16T01:20:29.586+0000] {dag.py:3047} INFO - Sync 1 DAGs
[2024-05-16T01:20:29.615+0000] {logging_mixin.py:188} INFO - [2024-05-16T01:20:29.615+0000] {dag.py:3834} INFO - Setting next_dagrun for example_short_circuit_decorator to 2024-05-15 00:00:00+00:00, run_after=2024-05-16 00:00:00+00:00
[2024-05-16T01:20:29.649+0000] {processor.py:183} INFO - Processing /home/airflow/.local/lib/python3.8/site-packages/airflow/example_dags/example_short_circuit_decorator.py took 0.116 seconds
[2024-05-16T01:21:01.155+0000] {processor.py:161} INFO - Started process (PID=2733) to work on /home/airflow/.local/lib/python3.8/site-packages/airflow/example_dags/example_short_circuit_decorator.py
[2024-05-16T01:21:01.158+0000] {processor.py:830} INFO - Processing file /home/airflow/.local/lib/python3.8/site-packages/airflow/example_dags/example_short_circuit_decorator.py for tasks to queue
[2024-05-16T01:21:01.163+0000] {logging_mixin.py:188} INFO - [2024-05-16T01:21:01.162+0000] {dagbag.py:540} INFO - Filling up the DagBag from /home/airflow/.local/lib/python3.8/site-packages/airflow/example_dags/example_short_circuit_decorator.py
[2024-05-16T01:21:01.181+0000] {processor.py:840} INFO - DAG(s) 'example_short_circuit_decorator' retrieved from /home/airflow/.local/lib/python3.8/site-packages/airflow/example_dags/example_short_circuit_decorator.py
[2024-05-16T01:21:01.220+0000] {logging_mixin.py:188} INFO - [2024-05-16T01:21:01.220+0000] {dag.py:3047} INFO - Sync 1 DAGs
[2024-05-16T01:21:01.258+0000] {logging_mixin.py:188} INFO - [2024-05-16T01:21:01.257+0000] {dag.py:3834} INFO - Setting next_dagrun for example_short_circuit_decorator to 2024-05-15 00:00:00+00:00, run_after=2024-05-16 00:00:00+00:00
[2024-05-16T01:21:01.292+0000] {processor.py:183} INFO - Processing /home/airflow/.local/lib/python3.8/site-packages/airflow/example_dags/example_short_circuit_decorator.py took 0.142 seconds
[2024-05-16T01:21:31.677+0000] {processor.py:161} INFO - Started process (PID=2792) to work on /home/airflow/.local/lib/python3.8/site-packages/airflow/example_dags/example_short_circuit_decorator.py
[2024-05-16T01:21:31.680+0000] {processor.py:830} INFO - Processing file /home/airflow/.local/lib/python3.8/site-packages/airflow/example_dags/example_short_circuit_decorator.py for tasks to queue
[2024-05-16T01:21:31.684+0000] {logging_mixin.py:188} INFO - [2024-05-16T01:21:31.683+0000] {dagbag.py:540} INFO - Filling up the DagBag from /home/airflow/.local/lib/python3.8/site-packages/airflow/example_dags/example_short_circuit_decorator.py
[2024-05-16T01:21:31.700+0000] {processor.py:840} INFO - DAG(s) 'example_short_circuit_decorator' retrieved from /home/airflow/.local/lib/python3.8/site-packages/airflow/example_dags/example_short_circuit_decorator.py
[2024-05-16T01:21:31.738+0000] {logging_mixin.py:188} INFO - [2024-05-16T01:21:31.737+0000] {dag.py:3047} INFO - Sync 1 DAGs
[2024-05-16T01:21:31.772+0000] {logging_mixin.py:188} INFO - [2024-05-16T01:21:31.772+0000] {dag.py:3834} INFO - Setting next_dagrun for example_short_circuit_decorator to 2024-05-15 00:00:00+00:00, run_after=2024-05-16 00:00:00+00:00
[2024-05-16T01:21:31.807+0000] {processor.py:183} INFO - Processing /home/airflow/.local/lib/python3.8/site-packages/airflow/example_dags/example_short_circuit_decorator.py took 0.135 seconds
[2024-05-16T01:22:02.707+0000] {processor.py:161} INFO - Started process (PID=2851) to work on /home/airflow/.local/lib/python3.8/site-packages/airflow/example_dags/example_short_circuit_decorator.py
[2024-05-16T01:22:02.711+0000] {processor.py:830} INFO - Processing file /home/airflow/.local/lib/python3.8/site-packages/airflow/example_dags/example_short_circuit_decorator.py for tasks to queue
[2024-05-16T01:22:02.716+0000] {logging_mixin.py:188} INFO - [2024-05-16T01:22:02.716+0000] {dagbag.py:540} INFO - Filling up the DagBag from /home/airflow/.local/lib/python3.8/site-packages/airflow/example_dags/example_short_circuit_decorator.py
[2024-05-16T01:22:02.745+0000] {processor.py:840} INFO - DAG(s) 'example_short_circuit_decorator' retrieved from /home/airflow/.local/lib/python3.8/site-packages/airflow/example_dags/example_short_circuit_decorator.py
[2024-05-16T01:22:02.813+0000] {logging_mixin.py:188} INFO - [2024-05-16T01:22:02.812+0000] {dag.py:3047} INFO - Sync 1 DAGs
[2024-05-16T01:22:02.881+0000] {logging_mixin.py:188} INFO - [2024-05-16T01:22:02.881+0000] {dag.py:3834} INFO - Setting next_dagrun for example_short_circuit_decorator to 2024-05-15 00:00:00+00:00, run_after=2024-05-16 00:00:00+00:00
[2024-05-16T01:22:02.951+0000] {processor.py:183} INFO - Processing /home/airflow/.local/lib/python3.8/site-packages/airflow/example_dags/example_short_circuit_decorator.py took 0.251 seconds
[2024-05-16T01:22:33.305+0000] {processor.py:161} INFO - Started process (PID=2910) to work on /home/airflow/.local/lib/python3.8/site-packages/airflow/example_dags/example_short_circuit_decorator.py
[2024-05-16T01:22:33.308+0000] {processor.py:830} INFO - Processing file /home/airflow/.local/lib/python3.8/site-packages/airflow/example_dags/example_short_circuit_decorator.py for tasks to queue
[2024-05-16T01:22:33.312+0000] {logging_mixin.py:188} INFO - [2024-05-16T01:22:33.311+0000] {dagbag.py:540} INFO - Filling up the DagBag from /home/airflow/.local/lib/python3.8/site-packages/airflow/example_dags/example_short_circuit_decorator.py
[2024-05-16T01:22:33.327+0000] {processor.py:840} INFO - DAG(s) 'example_short_circuit_decorator' retrieved from /home/airflow/.local/lib/python3.8/site-packages/airflow/example_dags/example_short_circuit_decorator.py
[2024-05-16T01:22:33.368+0000] {logging_mixin.py:188} INFO - [2024-05-16T01:22:33.367+0000] {dag.py:3047} INFO - Sync 1 DAGs
[2024-05-16T01:22:33.405+0000] {logging_mixin.py:188} INFO - [2024-05-16T01:22:33.405+0000] {dag.py:3834} INFO - Setting next_dagrun for example_short_circuit_decorator to 2024-05-15 00:00:00+00:00, run_after=2024-05-16 00:00:00+00:00
[2024-05-16T01:22:33.439+0000] {processor.py:183} INFO - Processing /home/airflow/.local/lib/python3.8/site-packages/airflow/example_dags/example_short_circuit_decorator.py took 0.140 seconds
[2024-05-16T01:23:04.024+0000] {processor.py:161} INFO - Started process (PID=2969) to work on /home/airflow/.local/lib/python3.8/site-packages/airflow/example_dags/example_short_circuit_decorator.py
[2024-05-16T01:23:04.027+0000] {processor.py:830} INFO - Processing file /home/airflow/.local/lib/python3.8/site-packages/airflow/example_dags/example_short_circuit_decorator.py for tasks to queue
[2024-05-16T01:23:04.032+0000] {logging_mixin.py:188} INFO - [2024-05-16T01:23:04.031+0000] {dagbag.py:540} INFO - Filling up the DagBag from /home/airflow/.local/lib/python3.8/site-packages/airflow/example_dags/example_short_circuit_decorator.py
[2024-05-16T01:23:04.050+0000] {processor.py:840} INFO - DAG(s) 'example_short_circuit_decorator' retrieved from /home/airflow/.local/lib/python3.8/site-packages/airflow/example_dags/example_short_circuit_decorator.py
[2024-05-16T01:23:04.092+0000] {logging_mixin.py:188} INFO - [2024-05-16T01:23:04.092+0000] {dag.py:3047} INFO - Sync 1 DAGs
[2024-05-16T01:23:04.129+0000] {logging_mixin.py:188} INFO - [2024-05-16T01:23:04.129+0000] {dag.py:3834} INFO - Setting next_dagrun for example_short_circuit_decorator to 2024-05-15 00:00:00+00:00, run_after=2024-05-16 00:00:00+00:00
[2024-05-16T01:23:04.164+0000] {processor.py:183} INFO - Processing /home/airflow/.local/lib/python3.8/site-packages/airflow/example_dags/example_short_circuit_decorator.py took 0.146 seconds
