[2024-05-16T00:57:57.556+0000] {processor.py:161} INFO - Started process (PID=68) to work on /home/airflow/.local/lib/python3.8/site-packages/airflow/example_dags/example_sla_dag.py
[2024-05-16T00:57:57.558+0000] {processor.py:830} INFO - Processing file /home/airflow/.local/lib/python3.8/site-packages/airflow/example_dags/example_sla_dag.py for tasks to queue
[2024-05-16T00:57:57.560+0000] {logging_mixin.py:188} INFO - [2024-05-16T00:57:57.560+0000] {dagbag.py:540} INFO - Filling up the DagBag from /home/airflow/.local/lib/python3.8/site-packages/airflow/example_dags/example_sla_dag.py
[2024-05-16T00:57:57.570+0000] {processor.py:840} INFO - DAG(s) 'example_sla_dag' retrieved from /home/airflow/.local/lib/python3.8/site-packages/airflow/example_dags/example_sla_dag.py
[2024-05-16T00:57:57.598+0000] {logging_mixin.py:188} INFO - [2024-05-16T00:57:57.598+0000] {dag.py:3047} INFO - Sync 1 DAGs
[2024-05-16T00:57:57.630+0000] {logging_mixin.py:188} INFO - [2024-05-16T00:57:57.629+0000] {dag.py:3834} INFO - Setting next_dagrun for example_sla_dag to 2024-05-16 00:54:00+00:00, run_after=2024-05-16 00:56:00+00:00
[2024-05-16T00:57:57.655+0000] {processor.py:183} INFO - Processing /home/airflow/.local/lib/python3.8/site-packages/airflow/example_dags/example_sla_dag.py took 0.102 seconds
[2024-05-16T00:58:29.011+0000] {processor.py:161} INFO - Started process (PID=127) to work on /home/airflow/.local/lib/python3.8/site-packages/airflow/example_dags/example_sla_dag.py
[2024-05-16T00:58:29.013+0000] {processor.py:830} INFO - Processing file /home/airflow/.local/lib/python3.8/site-packages/airflow/example_dags/example_sla_dag.py for tasks to queue
[2024-05-16T00:58:29.017+0000] {logging_mixin.py:188} INFO - [2024-05-16T00:58:29.016+0000] {dagbag.py:540} INFO - Filling up the DagBag from /home/airflow/.local/lib/python3.8/site-packages/airflow/example_dags/example_sla_dag.py
[2024-05-16T00:58:29.029+0000] {processor.py:840} INFO - DAG(s) 'example_sla_dag' retrieved from /home/airflow/.local/lib/python3.8/site-packages/airflow/example_dags/example_sla_dag.py
[2024-05-16T00:58:29.068+0000] {logging_mixin.py:188} INFO - [2024-05-16T00:58:29.067+0000] {dag.py:3047} INFO - Sync 1 DAGs
[2024-05-16T00:58:29.104+0000] {logging_mixin.py:188} INFO - [2024-05-16T00:58:29.104+0000] {dag.py:3834} INFO - Setting next_dagrun for example_sla_dag to 2024-05-16 00:56:00+00:00, run_after=2024-05-16 00:58:00+00:00
[2024-05-16T00:58:29.142+0000] {processor.py:183} INFO - Processing /home/airflow/.local/lib/python3.8/site-packages/airflow/example_dags/example_sla_dag.py took 0.137 seconds
[2024-05-16T00:58:59.291+0000] {processor.py:161} INFO - Started process (PID=186) to work on /home/airflow/.local/lib/python3.8/site-packages/airflow/example_dags/example_sla_dag.py
[2024-05-16T00:58:59.293+0000] {processor.py:830} INFO - Processing file /home/airflow/.local/lib/python3.8/site-packages/airflow/example_dags/example_sla_dag.py for tasks to queue
[2024-05-16T00:58:59.296+0000] {logging_mixin.py:188} INFO - [2024-05-16T00:58:59.296+0000] {dagbag.py:540} INFO - Filling up the DagBag from /home/airflow/.local/lib/python3.8/site-packages/airflow/example_dags/example_sla_dag.py
[2024-05-16T00:58:59.306+0000] {processor.py:840} INFO - DAG(s) 'example_sla_dag' retrieved from /home/airflow/.local/lib/python3.8/site-packages/airflow/example_dags/example_sla_dag.py
[2024-05-16T00:58:59.324+0000] {logging_mixin.py:188} INFO - [2024-05-16T00:58:59.323+0000] {dag.py:3047} INFO - Sync 1 DAGs
[2024-05-16T00:58:59.345+0000] {logging_mixin.py:188} INFO - [2024-05-16T00:58:59.345+0000] {dag.py:3834} INFO - Setting next_dagrun for example_sla_dag to 2024-05-16 00:56:00+00:00, run_after=2024-05-16 00:58:00+00:00
[2024-05-16T00:58:59.367+0000] {processor.py:183} INFO - Processing /home/airflow/.local/lib/python3.8/site-packages/airflow/example_dags/example_sla_dag.py took 0.080 seconds
[2024-05-16T00:59:29.811+0000] {processor.py:161} INFO - Started process (PID=245) to work on /home/airflow/.local/lib/python3.8/site-packages/airflow/example_dags/example_sla_dag.py
[2024-05-16T00:59:29.812+0000] {processor.py:830} INFO - Processing file /home/airflow/.local/lib/python3.8/site-packages/airflow/example_dags/example_sla_dag.py for tasks to queue
[2024-05-16T00:59:29.814+0000] {logging_mixin.py:188} INFO - [2024-05-16T00:59:29.814+0000] {dagbag.py:540} INFO - Filling up the DagBag from /home/airflow/.local/lib/python3.8/site-packages/airflow/example_dags/example_sla_dag.py
[2024-05-16T00:59:29.820+0000] {processor.py:840} INFO - DAG(s) 'example_sla_dag' retrieved from /home/airflow/.local/lib/python3.8/site-packages/airflow/example_dags/example_sla_dag.py
[2024-05-16T00:59:29.837+0000] {logging_mixin.py:188} INFO - [2024-05-16T00:59:29.837+0000] {dag.py:3047} INFO - Sync 1 DAGs
[2024-05-16T00:59:29.859+0000] {logging_mixin.py:188} INFO - [2024-05-16T00:59:29.859+0000] {dag.py:3834} INFO - Setting next_dagrun for example_sla_dag to 2024-05-16 00:56:00+00:00, run_after=2024-05-16 00:58:00+00:00
[2024-05-16T00:59:29.880+0000] {processor.py:183} INFO - Processing /home/airflow/.local/lib/python3.8/site-packages/airflow/example_dags/example_sla_dag.py took 0.072 seconds
[2024-05-16T01:00:00.265+0000] {processor.py:161} INFO - Started process (PID=304) to work on /home/airflow/.local/lib/python3.8/site-packages/airflow/example_dags/example_sla_dag.py
[2024-05-16T01:00:00.267+0000] {processor.py:830} INFO - Processing file /home/airflow/.local/lib/python3.8/site-packages/airflow/example_dags/example_sla_dag.py for tasks to queue
[2024-05-16T01:00:00.271+0000] {logging_mixin.py:188} INFO - [2024-05-16T01:00:00.270+0000] {dagbag.py:540} INFO - Filling up the DagBag from /home/airflow/.local/lib/python3.8/site-packages/airflow/example_dags/example_sla_dag.py
[2024-05-16T01:00:00.282+0000] {processor.py:840} INFO - DAG(s) 'example_sla_dag' retrieved from /home/airflow/.local/lib/python3.8/site-packages/airflow/example_dags/example_sla_dag.py
[2024-05-16T01:00:00.307+0000] {logging_mixin.py:188} INFO - [2024-05-16T01:00:00.307+0000] {dag.py:3047} INFO - Sync 1 DAGs
[2024-05-16T01:00:00.335+0000] {logging_mixin.py:188} INFO - [2024-05-16T01:00:00.335+0000] {dag.py:3834} INFO - Setting next_dagrun for example_sla_dag to 2024-05-16 00:58:00+00:00, run_after=2024-05-16 01:00:00+00:00
[2024-05-16T01:00:00.366+0000] {processor.py:183} INFO - Processing /home/airflow/.local/lib/python3.8/site-packages/airflow/example_dags/example_sla_dag.py took 0.106 seconds
[2024-05-16T01:00:31.269+0000] {processor.py:161} INFO - Started process (PID=363) to work on /home/airflow/.local/lib/python3.8/site-packages/airflow/example_dags/example_sla_dag.py
[2024-05-16T01:00:31.270+0000] {processor.py:830} INFO - Processing file /home/airflow/.local/lib/python3.8/site-packages/airflow/example_dags/example_sla_dag.py for tasks to queue
[2024-05-16T01:00:31.272+0000] {logging_mixin.py:188} INFO - [2024-05-16T01:00:31.272+0000] {dagbag.py:540} INFO - Filling up the DagBag from /home/airflow/.local/lib/python3.8/site-packages/airflow/example_dags/example_sla_dag.py
[2024-05-16T01:00:31.279+0000] {processor.py:840} INFO - DAG(s) 'example_sla_dag' retrieved from /home/airflow/.local/lib/python3.8/site-packages/airflow/example_dags/example_sla_dag.py
[2024-05-16T01:00:31.297+0000] {logging_mixin.py:188} INFO - [2024-05-16T01:00:31.297+0000] {dag.py:3047} INFO - Sync 1 DAGs
[2024-05-16T01:00:31.318+0000] {logging_mixin.py:188} INFO - [2024-05-16T01:00:31.318+0000] {dag.py:3834} INFO - Setting next_dagrun for example_sla_dag to 2024-05-16 00:58:00+00:00, run_after=2024-05-16 01:00:00+00:00
[2024-05-16T01:00:31.342+0000] {processor.py:183} INFO - Processing /home/airflow/.local/lib/python3.8/site-packages/airflow/example_dags/example_sla_dag.py took 0.076 seconds
[2024-05-16T01:01:02.202+0000] {processor.py:161} INFO - Started process (PID=422) to work on /home/airflow/.local/lib/python3.8/site-packages/airflow/example_dags/example_sla_dag.py
[2024-05-16T01:01:02.203+0000] {processor.py:830} INFO - Processing file /home/airflow/.local/lib/python3.8/site-packages/airflow/example_dags/example_sla_dag.py for tasks to queue
[2024-05-16T01:01:02.206+0000] {logging_mixin.py:188} INFO - [2024-05-16T01:01:02.205+0000] {dagbag.py:540} INFO - Filling up the DagBag from /home/airflow/.local/lib/python3.8/site-packages/airflow/example_dags/example_sla_dag.py
[2024-05-16T01:01:02.215+0000] {processor.py:840} INFO - DAG(s) 'example_sla_dag' retrieved from /home/airflow/.local/lib/python3.8/site-packages/airflow/example_dags/example_sla_dag.py
[2024-05-16T01:01:02.238+0000] {logging_mixin.py:188} INFO - [2024-05-16T01:01:02.237+0000] {dag.py:3047} INFO - Sync 1 DAGs
[2024-05-16T01:01:02.260+0000] {logging_mixin.py:188} INFO - [2024-05-16T01:01:02.260+0000] {dag.py:3834} INFO - Setting next_dagrun for example_sla_dag to 2024-05-16 00:58:00+00:00, run_after=2024-05-16 01:00:00+00:00
[2024-05-16T01:01:02.292+0000] {processor.py:183} INFO - Processing /home/airflow/.local/lib/python3.8/site-packages/airflow/example_dags/example_sla_dag.py took 0.095 seconds
[2024-05-16T01:01:33.399+0000] {processor.py:161} INFO - Started process (PID=481) to work on /home/airflow/.local/lib/python3.8/site-packages/airflow/example_dags/example_sla_dag.py
[2024-05-16T01:01:33.402+0000] {processor.py:830} INFO - Processing file /home/airflow/.local/lib/python3.8/site-packages/airflow/example_dags/example_sla_dag.py for tasks to queue
[2024-05-16T01:01:33.405+0000] {logging_mixin.py:188} INFO - [2024-05-16T01:01:33.405+0000] {dagbag.py:540} INFO - Filling up the DagBag from /home/airflow/.local/lib/python3.8/site-packages/airflow/example_dags/example_sla_dag.py
[2024-05-16T01:01:33.418+0000] {processor.py:840} INFO - DAG(s) 'example_sla_dag' retrieved from /home/airflow/.local/lib/python3.8/site-packages/airflow/example_dags/example_sla_dag.py
[2024-05-16T01:01:33.457+0000] {logging_mixin.py:188} INFO - [2024-05-16T01:01:33.456+0000] {dag.py:3047} INFO - Sync 1 DAGs
[2024-05-16T01:01:33.494+0000] {logging_mixin.py:188} INFO - [2024-05-16T01:01:33.494+0000] {dag.py:3834} INFO - Setting next_dagrun for example_sla_dag to 2024-05-16 00:58:00+00:00, run_after=2024-05-16 01:00:00+00:00
[2024-05-16T01:01:33.531+0000] {processor.py:183} INFO - Processing /home/airflow/.local/lib/python3.8/site-packages/airflow/example_dags/example_sla_dag.py took 0.138 seconds
[2024-05-16T01:02:04.258+0000] {processor.py:161} INFO - Started process (PID=539) to work on /home/airflow/.local/lib/python3.8/site-packages/airflow/example_dags/example_sla_dag.py
[2024-05-16T01:02:04.260+0000] {processor.py:830} INFO - Processing file /home/airflow/.local/lib/python3.8/site-packages/airflow/example_dags/example_sla_dag.py for tasks to queue
[2024-05-16T01:02:04.262+0000] {logging_mixin.py:188} INFO - [2024-05-16T01:02:04.261+0000] {dagbag.py:540} INFO - Filling up the DagBag from /home/airflow/.local/lib/python3.8/site-packages/airflow/example_dags/example_sla_dag.py
[2024-05-16T01:02:04.269+0000] {processor.py:840} INFO - DAG(s) 'example_sla_dag' retrieved from /home/airflow/.local/lib/python3.8/site-packages/airflow/example_dags/example_sla_dag.py
[2024-05-16T01:02:04.288+0000] {logging_mixin.py:188} INFO - [2024-05-16T01:02:04.288+0000] {dag.py:3047} INFO - Sync 1 DAGs
[2024-05-16T01:02:04.321+0000] {logging_mixin.py:188} INFO - [2024-05-16T01:02:04.320+0000] {dag.py:3834} INFO - Setting next_dagrun for example_sla_dag to 2024-05-16 01:00:00+00:00, run_after=2024-05-16 01:02:00+00:00
[2024-05-16T01:02:04.349+0000] {processor.py:183} INFO - Processing /home/airflow/.local/lib/python3.8/site-packages/airflow/example_dags/example_sla_dag.py took 0.093 seconds
[2024-05-16T01:02:35.040+0000] {processor.py:161} INFO - Started process (PID=598) to work on /home/airflow/.local/lib/python3.8/site-packages/airflow/example_dags/example_sla_dag.py
[2024-05-16T01:02:35.042+0000] {processor.py:830} INFO - Processing file /home/airflow/.local/lib/python3.8/site-packages/airflow/example_dags/example_sla_dag.py for tasks to queue
[2024-05-16T01:02:35.044+0000] {logging_mixin.py:188} INFO - [2024-05-16T01:02:35.044+0000] {dagbag.py:540} INFO - Filling up the DagBag from /home/airflow/.local/lib/python3.8/site-packages/airflow/example_dags/example_sla_dag.py
[2024-05-16T01:02:35.054+0000] {processor.py:840} INFO - DAG(s) 'example_sla_dag' retrieved from /home/airflow/.local/lib/python3.8/site-packages/airflow/example_dags/example_sla_dag.py
[2024-05-16T01:02:35.079+0000] {logging_mixin.py:188} INFO - [2024-05-16T01:02:35.079+0000] {dag.py:3047} INFO - Sync 1 DAGs
[2024-05-16T01:02:35.107+0000] {logging_mixin.py:188} INFO - [2024-05-16T01:02:35.107+0000] {dag.py:3834} INFO - Setting next_dagrun for example_sla_dag to 2024-05-16 01:00:00+00:00, run_after=2024-05-16 01:02:00+00:00
[2024-05-16T01:02:35.131+0000] {processor.py:183} INFO - Processing /home/airflow/.local/lib/python3.8/site-packages/airflow/example_dags/example_sla_dag.py took 0.095 seconds
[2024-05-16T01:03:05.578+0000] {processor.py:161} INFO - Started process (PID=656) to work on /home/airflow/.local/lib/python3.8/site-packages/airflow/example_dags/example_sla_dag.py
[2024-05-16T01:03:05.580+0000] {processor.py:830} INFO - Processing file /home/airflow/.local/lib/python3.8/site-packages/airflow/example_dags/example_sla_dag.py for tasks to queue
[2024-05-16T01:03:05.582+0000] {logging_mixin.py:188} INFO - [2024-05-16T01:03:05.582+0000] {dagbag.py:540} INFO - Filling up the DagBag from /home/airflow/.local/lib/python3.8/site-packages/airflow/example_dags/example_sla_dag.py
[2024-05-16T01:03:05.590+0000] {processor.py:840} INFO - DAG(s) 'example_sla_dag' retrieved from /home/airflow/.local/lib/python3.8/site-packages/airflow/example_dags/example_sla_dag.py
[2024-05-16T01:03:05.608+0000] {logging_mixin.py:188} INFO - [2024-05-16T01:03:05.608+0000] {dag.py:3047} INFO - Sync 1 DAGs
[2024-05-16T01:03:05.630+0000] {logging_mixin.py:188} INFO - [2024-05-16T01:03:05.630+0000] {dag.py:3834} INFO - Setting next_dagrun for example_sla_dag to 2024-05-16 01:00:00+00:00, run_after=2024-05-16 01:02:00+00:00
[2024-05-16T01:03:05.651+0000] {processor.py:183} INFO - Processing /home/airflow/.local/lib/python3.8/site-packages/airflow/example_dags/example_sla_dag.py took 0.075 seconds
[2024-05-16T01:03:36.274+0000] {processor.py:161} INFO - Started process (PID=715) to work on /home/airflow/.local/lib/python3.8/site-packages/airflow/example_dags/example_sla_dag.py
[2024-05-16T01:03:36.276+0000] {processor.py:830} INFO - Processing file /home/airflow/.local/lib/python3.8/site-packages/airflow/example_dags/example_sla_dag.py for tasks to queue
[2024-05-16T01:03:36.278+0000] {logging_mixin.py:188} INFO - [2024-05-16T01:03:36.278+0000] {dagbag.py:540} INFO - Filling up the DagBag from /home/airflow/.local/lib/python3.8/site-packages/airflow/example_dags/example_sla_dag.py
[2024-05-16T01:03:36.285+0000] {processor.py:840} INFO - DAG(s) 'example_sla_dag' retrieved from /home/airflow/.local/lib/python3.8/site-packages/airflow/example_dags/example_sla_dag.py
[2024-05-16T01:03:36.307+0000] {logging_mixin.py:188} INFO - [2024-05-16T01:03:36.307+0000] {dag.py:3047} INFO - Sync 1 DAGs
[2024-05-16T01:03:36.331+0000] {logging_mixin.py:188} INFO - [2024-05-16T01:03:36.331+0000] {dag.py:3834} INFO - Setting next_dagrun for example_sla_dag to 2024-05-16 01:00:00+00:00, run_after=2024-05-16 01:02:00+00:00
[2024-05-16T01:03:36.358+0000] {processor.py:183} INFO - Processing /home/airflow/.local/lib/python3.8/site-packages/airflow/example_dags/example_sla_dag.py took 0.086 seconds
[2024-05-16T01:04:06.949+0000] {processor.py:161} INFO - Started process (PID=774) to work on /home/airflow/.local/lib/python3.8/site-packages/airflow/example_dags/example_sla_dag.py
[2024-05-16T01:04:06.951+0000] {processor.py:830} INFO - Processing file /home/airflow/.local/lib/python3.8/site-packages/airflow/example_dags/example_sla_dag.py for tasks to queue
[2024-05-16T01:04:06.954+0000] {logging_mixin.py:188} INFO - [2024-05-16T01:04:06.954+0000] {dagbag.py:540} INFO - Filling up the DagBag from /home/airflow/.local/lib/python3.8/site-packages/airflow/example_dags/example_sla_dag.py
[2024-05-16T01:04:06.968+0000] {processor.py:840} INFO - DAG(s) 'example_sla_dag' retrieved from /home/airflow/.local/lib/python3.8/site-packages/airflow/example_dags/example_sla_dag.py
[2024-05-16T01:04:07.002+0000] {logging_mixin.py:188} INFO - [2024-05-16T01:04:07.001+0000] {dag.py:3047} INFO - Sync 1 DAGs
[2024-05-16T01:04:07.040+0000] {logging_mixin.py:188} INFO - [2024-05-16T01:04:07.039+0000] {dag.py:3834} INFO - Setting next_dagrun for example_sla_dag to 2024-05-16 01:02:00+00:00, run_after=2024-05-16 01:04:00+00:00
[2024-05-16T01:04:07.070+0000] {processor.py:183} INFO - Processing /home/airflow/.local/lib/python3.8/site-packages/airflow/example_dags/example_sla_dag.py took 0.126 seconds
[2024-05-16T01:04:37.132+0000] {processor.py:161} INFO - Started process (PID=831) to work on /home/airflow/.local/lib/python3.8/site-packages/airflow/example_dags/example_sla_dag.py
[2024-05-16T01:04:37.136+0000] {processor.py:830} INFO - Processing file /home/airflow/.local/lib/python3.8/site-packages/airflow/example_dags/example_sla_dag.py for tasks to queue
[2024-05-16T01:04:37.140+0000] {logging_mixin.py:188} INFO - [2024-05-16T01:04:37.140+0000] {dagbag.py:540} INFO - Filling up the DagBag from /home/airflow/.local/lib/python3.8/site-packages/airflow/example_dags/example_sla_dag.py
[2024-05-16T01:04:37.151+0000] {processor.py:840} INFO - DAG(s) 'example_sla_dag' retrieved from /home/airflow/.local/lib/python3.8/site-packages/airflow/example_dags/example_sla_dag.py
[2024-05-16T01:04:37.174+0000] {logging_mixin.py:188} INFO - [2024-05-16T01:04:37.174+0000] {dag.py:3047} INFO - Sync 1 DAGs
[2024-05-16T01:04:37.197+0000] {logging_mixin.py:188} INFO - [2024-05-16T01:04:37.196+0000] {dag.py:3834} INFO - Setting next_dagrun for example_sla_dag to 2024-05-16 01:02:00+00:00, run_after=2024-05-16 01:04:00+00:00
[2024-05-16T01:04:37.219+0000] {processor.py:183} INFO - Processing /home/airflow/.local/lib/python3.8/site-packages/airflow/example_dags/example_sla_dag.py took 0.091 seconds
[2024-05-16T01:05:07.910+0000] {processor.py:161} INFO - Started process (PID=891) to work on /home/airflow/.local/lib/python3.8/site-packages/airflow/example_dags/example_sla_dag.py
[2024-05-16T01:05:07.917+0000] {processor.py:830} INFO - Processing file /home/airflow/.local/lib/python3.8/site-packages/airflow/example_dags/example_sla_dag.py for tasks to queue
[2024-05-16T01:05:07.919+0000] {logging_mixin.py:188} INFO - [2024-05-16T01:05:07.919+0000] {dagbag.py:540} INFO - Filling up the DagBag from /home/airflow/.local/lib/python3.8/site-packages/airflow/example_dags/example_sla_dag.py
[2024-05-16T01:05:07.927+0000] {processor.py:840} INFO - DAG(s) 'example_sla_dag' retrieved from /home/airflow/.local/lib/python3.8/site-packages/airflow/example_dags/example_sla_dag.py
[2024-05-16T01:05:07.946+0000] {logging_mixin.py:188} INFO - [2024-05-16T01:05:07.946+0000] {dag.py:3047} INFO - Sync 1 DAGs
[2024-05-16T01:05:07.965+0000] {logging_mixin.py:188} INFO - [2024-05-16T01:05:07.965+0000] {dag.py:3834} INFO - Setting next_dagrun for example_sla_dag to 2024-05-16 01:02:00+00:00, run_after=2024-05-16 01:04:00+00:00
[2024-05-16T01:05:07.983+0000] {processor.py:183} INFO - Processing /home/airflow/.local/lib/python3.8/site-packages/airflow/example_dags/example_sla_dag.py took 0.076 seconds
[2024-05-16T01:05:38.469+0000] {processor.py:161} INFO - Started process (PID=950) to work on /home/airflow/.local/lib/python3.8/site-packages/airflow/example_dags/example_sla_dag.py
[2024-05-16T01:05:38.471+0000] {processor.py:830} INFO - Processing file /home/airflow/.local/lib/python3.8/site-packages/airflow/example_dags/example_sla_dag.py for tasks to queue
[2024-05-16T01:05:38.473+0000] {logging_mixin.py:188} INFO - [2024-05-16T01:05:38.472+0000] {dagbag.py:540} INFO - Filling up the DagBag from /home/airflow/.local/lib/python3.8/site-packages/airflow/example_dags/example_sla_dag.py
[2024-05-16T01:05:38.480+0000] {processor.py:840} INFO - DAG(s) 'example_sla_dag' retrieved from /home/airflow/.local/lib/python3.8/site-packages/airflow/example_dags/example_sla_dag.py
[2024-05-16T01:05:38.501+0000] {logging_mixin.py:188} INFO - [2024-05-16T01:05:38.501+0000] {dag.py:3047} INFO - Sync 1 DAGs
[2024-05-16T01:05:38.527+0000] {logging_mixin.py:188} INFO - [2024-05-16T01:05:38.526+0000] {dag.py:3834} INFO - Setting next_dagrun for example_sla_dag to 2024-05-16 01:02:00+00:00, run_after=2024-05-16 01:04:00+00:00
[2024-05-16T01:05:38.555+0000] {processor.py:183} INFO - Processing /home/airflow/.local/lib/python3.8/site-packages/airflow/example_dags/example_sla_dag.py took 0.089 seconds
[2024-05-16T01:06:09.320+0000] {processor.py:161} INFO - Started process (PID=1009) to work on /home/airflow/.local/lib/python3.8/site-packages/airflow/example_dags/example_sla_dag.py
[2024-05-16T01:06:09.322+0000] {processor.py:830} INFO - Processing file /home/airflow/.local/lib/python3.8/site-packages/airflow/example_dags/example_sla_dag.py for tasks to queue
[2024-05-16T01:06:09.325+0000] {logging_mixin.py:188} INFO - [2024-05-16T01:06:09.324+0000] {dagbag.py:540} INFO - Filling up the DagBag from /home/airflow/.local/lib/python3.8/site-packages/airflow/example_dags/example_sla_dag.py
[2024-05-16T01:06:09.334+0000] {processor.py:840} INFO - DAG(s) 'example_sla_dag' retrieved from /home/airflow/.local/lib/python3.8/site-packages/airflow/example_dags/example_sla_dag.py
[2024-05-16T01:06:09.355+0000] {logging_mixin.py:188} INFO - [2024-05-16T01:06:09.355+0000] {dag.py:3047} INFO - Sync 1 DAGs
[2024-05-16T01:06:09.376+0000] {logging_mixin.py:188} INFO - [2024-05-16T01:06:09.376+0000] {dag.py:3834} INFO - Setting next_dagrun for example_sla_dag to 2024-05-16 01:04:00+00:00, run_after=2024-05-16 01:06:00+00:00
[2024-05-16T01:06:09.401+0000] {processor.py:183} INFO - Processing /home/airflow/.local/lib/python3.8/site-packages/airflow/example_dags/example_sla_dag.py took 0.084 seconds
[2024-05-16T01:06:39.700+0000] {processor.py:161} INFO - Started process (PID=1068) to work on /home/airflow/.local/lib/python3.8/site-packages/airflow/example_dags/example_sla_dag.py
[2024-05-16T01:06:39.701+0000] {processor.py:830} INFO - Processing file /home/airflow/.local/lib/python3.8/site-packages/airflow/example_dags/example_sla_dag.py for tasks to queue
[2024-05-16T01:06:39.704+0000] {logging_mixin.py:188} INFO - [2024-05-16T01:06:39.704+0000] {dagbag.py:540} INFO - Filling up the DagBag from /home/airflow/.local/lib/python3.8/site-packages/airflow/example_dags/example_sla_dag.py
[2024-05-16T01:06:39.711+0000] {processor.py:840} INFO - DAG(s) 'example_sla_dag' retrieved from /home/airflow/.local/lib/python3.8/site-packages/airflow/example_dags/example_sla_dag.py
[2024-05-16T01:06:39.729+0000] {logging_mixin.py:188} INFO - [2024-05-16T01:06:39.729+0000] {dag.py:3047} INFO - Sync 1 DAGs
[2024-05-16T01:06:39.750+0000] {logging_mixin.py:188} INFO - [2024-05-16T01:06:39.750+0000] {dag.py:3834} INFO - Setting next_dagrun for example_sla_dag to 2024-05-16 01:04:00+00:00, run_after=2024-05-16 01:06:00+00:00
[2024-05-16T01:06:39.777+0000] {processor.py:183} INFO - Processing /home/airflow/.local/lib/python3.8/site-packages/airflow/example_dags/example_sla_dag.py took 0.080 seconds
[2024-05-16T01:07:09.988+0000] {processor.py:161} INFO - Started process (PID=1127) to work on /home/airflow/.local/lib/python3.8/site-packages/airflow/example_dags/example_sla_dag.py
[2024-05-16T01:07:09.990+0000] {processor.py:830} INFO - Processing file /home/airflow/.local/lib/python3.8/site-packages/airflow/example_dags/example_sla_dag.py for tasks to queue
[2024-05-16T01:07:09.994+0000] {logging_mixin.py:188} INFO - [2024-05-16T01:07:09.994+0000] {dagbag.py:540} INFO - Filling up the DagBag from /home/airflow/.local/lib/python3.8/site-packages/airflow/example_dags/example_sla_dag.py
[2024-05-16T01:07:10.008+0000] {processor.py:840} INFO - DAG(s) 'example_sla_dag' retrieved from /home/airflow/.local/lib/python3.8/site-packages/airflow/example_dags/example_sla_dag.py
[2024-05-16T01:07:10.037+0000] {logging_mixin.py:188} INFO - [2024-05-16T01:07:10.037+0000] {dag.py:3047} INFO - Sync 1 DAGs
[2024-05-16T01:07:10.074+0000] {logging_mixin.py:188} INFO - [2024-05-16T01:07:10.074+0000] {dag.py:3834} INFO - Setting next_dagrun for example_sla_dag to 2024-05-16 01:04:00+00:00, run_after=2024-05-16 01:06:00+00:00
[2024-05-16T01:07:10.105+0000] {processor.py:183} INFO - Processing /home/airflow/.local/lib/python3.8/site-packages/airflow/example_dags/example_sla_dag.py took 0.122 seconds
[2024-05-16T01:07:40.379+0000] {processor.py:161} INFO - Started process (PID=1186) to work on /home/airflow/.local/lib/python3.8/site-packages/airflow/example_dags/example_sla_dag.py
[2024-05-16T01:07:40.381+0000] {processor.py:830} INFO - Processing file /home/airflow/.local/lib/python3.8/site-packages/airflow/example_dags/example_sla_dag.py for tasks to queue
[2024-05-16T01:07:40.384+0000] {logging_mixin.py:188} INFO - [2024-05-16T01:07:40.383+0000] {dagbag.py:540} INFO - Filling up the DagBag from /home/airflow/.local/lib/python3.8/site-packages/airflow/example_dags/example_sla_dag.py
[2024-05-16T01:07:40.395+0000] {processor.py:840} INFO - DAG(s) 'example_sla_dag' retrieved from /home/airflow/.local/lib/python3.8/site-packages/airflow/example_dags/example_sla_dag.py
[2024-05-16T01:07:40.418+0000] {logging_mixin.py:188} INFO - [2024-05-16T01:07:40.417+0000] {dag.py:3047} INFO - Sync 1 DAGs
[2024-05-16T01:07:40.443+0000] {logging_mixin.py:188} INFO - [2024-05-16T01:07:40.443+0000] {dag.py:3834} INFO - Setting next_dagrun for example_sla_dag to 2024-05-16 01:04:00+00:00, run_after=2024-05-16 01:06:00+00:00
[2024-05-16T01:07:40.464+0000] {processor.py:183} INFO - Processing /home/airflow/.local/lib/python3.8/site-packages/airflow/example_dags/example_sla_dag.py took 0.089 seconds
[2024-05-16T01:08:11.231+0000] {processor.py:161} INFO - Started process (PID=1250) to work on /home/airflow/.local/lib/python3.8/site-packages/airflow/example_dags/example_sla_dag.py
[2024-05-16T01:08:11.232+0000] {processor.py:830} INFO - Processing file /home/airflow/.local/lib/python3.8/site-packages/airflow/example_dags/example_sla_dag.py for tasks to queue
[2024-05-16T01:08:11.235+0000] {logging_mixin.py:188} INFO - [2024-05-16T01:08:11.234+0000] {dagbag.py:540} INFO - Filling up the DagBag from /home/airflow/.local/lib/python3.8/site-packages/airflow/example_dags/example_sla_dag.py
[2024-05-16T01:08:11.243+0000] {processor.py:840} INFO - DAG(s) 'example_sla_dag' retrieved from /home/airflow/.local/lib/python3.8/site-packages/airflow/example_dags/example_sla_dag.py
[2024-05-16T01:08:11.262+0000] {logging_mixin.py:188} INFO - [2024-05-16T01:08:11.262+0000] {dag.py:3047} INFO - Sync 1 DAGs
[2024-05-16T01:08:11.285+0000] {logging_mixin.py:188} INFO - [2024-05-16T01:08:11.284+0000] {dag.py:3834} INFO - Setting next_dagrun for example_sla_dag to 2024-05-16 01:06:00+00:00, run_after=2024-05-16 01:08:00+00:00
[2024-05-16T01:08:11.303+0000] {processor.py:183} INFO - Processing /home/airflow/.local/lib/python3.8/site-packages/airflow/example_dags/example_sla_dag.py took 0.075 seconds
[2024-05-16T01:08:41.950+0000] {processor.py:161} INFO - Started process (PID=1309) to work on /home/airflow/.local/lib/python3.8/site-packages/airflow/example_dags/example_sla_dag.py
[2024-05-16T01:08:41.952+0000] {processor.py:830} INFO - Processing file /home/airflow/.local/lib/python3.8/site-packages/airflow/example_dags/example_sla_dag.py for tasks to queue
[2024-05-16T01:08:41.956+0000] {logging_mixin.py:188} INFO - [2024-05-16T01:08:41.955+0000] {dagbag.py:540} INFO - Filling up the DagBag from /home/airflow/.local/lib/python3.8/site-packages/airflow/example_dags/example_sla_dag.py
[2024-05-16T01:08:41.970+0000] {processor.py:840} INFO - DAG(s) 'example_sla_dag' retrieved from /home/airflow/.local/lib/python3.8/site-packages/airflow/example_dags/example_sla_dag.py
[2024-05-16T01:08:42.002+0000] {logging_mixin.py:188} INFO - [2024-05-16T01:08:42.001+0000] {dag.py:3047} INFO - Sync 1 DAGs
[2024-05-16T01:08:42.039+0000] {logging_mixin.py:188} INFO - [2024-05-16T01:08:42.039+0000] {dag.py:3834} INFO - Setting next_dagrun for example_sla_dag to 2024-05-16 01:06:00+00:00, run_after=2024-05-16 01:08:00+00:00
[2024-05-16T01:08:42.075+0000] {processor.py:183} INFO - Processing /home/airflow/.local/lib/python3.8/site-packages/airflow/example_dags/example_sla_dag.py took 0.130 seconds
[2024-05-16T01:09:12.635+0000] {processor.py:161} INFO - Started process (PID=1368) to work on /home/airflow/.local/lib/python3.8/site-packages/airflow/example_dags/example_sla_dag.py
[2024-05-16T01:09:12.636+0000] {processor.py:830} INFO - Processing file /home/airflow/.local/lib/python3.8/site-packages/airflow/example_dags/example_sla_dag.py for tasks to queue
[2024-05-16T01:09:12.639+0000] {logging_mixin.py:188} INFO - [2024-05-16T01:09:12.639+0000] {dagbag.py:540} INFO - Filling up the DagBag from /home/airflow/.local/lib/python3.8/site-packages/airflow/example_dags/example_sla_dag.py
[2024-05-16T01:09:12.651+0000] {processor.py:840} INFO - DAG(s) 'example_sla_dag' retrieved from /home/airflow/.local/lib/python3.8/site-packages/airflow/example_dags/example_sla_dag.py
[2024-05-16T01:09:12.674+0000] {logging_mixin.py:188} INFO - [2024-05-16T01:09:12.674+0000] {dag.py:3047} INFO - Sync 1 DAGs
[2024-05-16T01:09:12.703+0000] {logging_mixin.py:188} INFO - [2024-05-16T01:09:12.703+0000] {dag.py:3834} INFO - Setting next_dagrun for example_sla_dag to 2024-05-16 01:06:00+00:00, run_after=2024-05-16 01:08:00+00:00
[2024-05-16T01:09:12.726+0000] {processor.py:183} INFO - Processing /home/airflow/.local/lib/python3.8/site-packages/airflow/example_dags/example_sla_dag.py took 0.096 seconds
[2024-05-16T01:09:42.944+0000] {processor.py:161} INFO - Started process (PID=1427) to work on /home/airflow/.local/lib/python3.8/site-packages/airflow/example_dags/example_sla_dag.py
[2024-05-16T01:09:42.946+0000] {processor.py:830} INFO - Processing file /home/airflow/.local/lib/python3.8/site-packages/airflow/example_dags/example_sla_dag.py for tasks to queue
[2024-05-16T01:09:42.949+0000] {logging_mixin.py:188} INFO - [2024-05-16T01:09:42.949+0000] {dagbag.py:540} INFO - Filling up the DagBag from /home/airflow/.local/lib/python3.8/site-packages/airflow/example_dags/example_sla_dag.py
[2024-05-16T01:09:42.961+0000] {processor.py:840} INFO - DAG(s) 'example_sla_dag' retrieved from /home/airflow/.local/lib/python3.8/site-packages/airflow/example_dags/example_sla_dag.py
[2024-05-16T01:09:42.991+0000] {logging_mixin.py:188} INFO - [2024-05-16T01:09:42.991+0000] {dag.py:3047} INFO - Sync 1 DAGs
[2024-05-16T01:09:43.024+0000] {logging_mixin.py:188} INFO - [2024-05-16T01:09:43.023+0000] {dag.py:3834} INFO - Setting next_dagrun for example_sla_dag to 2024-05-16 01:06:00+00:00, run_after=2024-05-16 01:08:00+00:00
[2024-05-16T01:09:43.062+0000] {processor.py:183} INFO - Processing /home/airflow/.local/lib/python3.8/site-packages/airflow/example_dags/example_sla_dag.py took 0.121 seconds
[2024-05-16T01:10:13.367+0000] {processor.py:161} INFO - Started process (PID=1486) to work on /home/airflow/.local/lib/python3.8/site-packages/airflow/example_dags/example_sla_dag.py
[2024-05-16T01:10:13.368+0000] {processor.py:830} INFO - Processing file /home/airflow/.local/lib/python3.8/site-packages/airflow/example_dags/example_sla_dag.py for tasks to queue
[2024-05-16T01:10:13.370+0000] {logging_mixin.py:188} INFO - [2024-05-16T01:10:13.370+0000] {dagbag.py:540} INFO - Filling up the DagBag from /home/airflow/.local/lib/python3.8/site-packages/airflow/example_dags/example_sla_dag.py
[2024-05-16T01:10:13.380+0000] {processor.py:840} INFO - DAG(s) 'example_sla_dag' retrieved from /home/airflow/.local/lib/python3.8/site-packages/airflow/example_dags/example_sla_dag.py
[2024-05-16T01:10:13.398+0000] {logging_mixin.py:188} INFO - [2024-05-16T01:10:13.398+0000] {dag.py:3047} INFO - Sync 1 DAGs
[2024-05-16T01:10:13.419+0000] {logging_mixin.py:188} INFO - [2024-05-16T01:10:13.418+0000] {dag.py:3834} INFO - Setting next_dagrun for example_sla_dag to 2024-05-16 01:08:00+00:00, run_after=2024-05-16 01:10:00+00:00
[2024-05-16T01:10:13.443+0000] {processor.py:183} INFO - Processing /home/airflow/.local/lib/python3.8/site-packages/airflow/example_dags/example_sla_dag.py took 0.080 seconds
[2024-05-16T01:10:43.596+0000] {processor.py:161} INFO - Started process (PID=1545) to work on /home/airflow/.local/lib/python3.8/site-packages/airflow/example_dags/example_sla_dag.py
[2024-05-16T01:10:43.597+0000] {processor.py:830} INFO - Processing file /home/airflow/.local/lib/python3.8/site-packages/airflow/example_dags/example_sla_dag.py for tasks to queue
[2024-05-16T01:10:43.599+0000] {logging_mixin.py:188} INFO - [2024-05-16T01:10:43.599+0000] {dagbag.py:540} INFO - Filling up the DagBag from /home/airflow/.local/lib/python3.8/site-packages/airflow/example_dags/example_sla_dag.py
[2024-05-16T01:10:43.608+0000] {processor.py:840} INFO - DAG(s) 'example_sla_dag' retrieved from /home/airflow/.local/lib/python3.8/site-packages/airflow/example_dags/example_sla_dag.py
[2024-05-16T01:10:43.626+0000] {logging_mixin.py:188} INFO - [2024-05-16T01:10:43.626+0000] {dag.py:3047} INFO - Sync 1 DAGs
[2024-05-16T01:10:43.648+0000] {logging_mixin.py:188} INFO - [2024-05-16T01:10:43.647+0000] {dag.py:3834} INFO - Setting next_dagrun for example_sla_dag to 2024-05-16 01:08:00+00:00, run_after=2024-05-16 01:10:00+00:00
[2024-05-16T01:10:43.669+0000] {processor.py:183} INFO - Processing /home/airflow/.local/lib/python3.8/site-packages/airflow/example_dags/example_sla_dag.py took 0.076 seconds
[2024-05-16T01:11:14.498+0000] {processor.py:161} INFO - Started process (PID=1604) to work on /home/airflow/.local/lib/python3.8/site-packages/airflow/example_dags/example_sla_dag.py
[2024-05-16T01:11:14.499+0000] {processor.py:830} INFO - Processing file /home/airflow/.local/lib/python3.8/site-packages/airflow/example_dags/example_sla_dag.py for tasks to queue
[2024-05-16T01:11:14.501+0000] {logging_mixin.py:188} INFO - [2024-05-16T01:11:14.501+0000] {dagbag.py:540} INFO - Filling up the DagBag from /home/airflow/.local/lib/python3.8/site-packages/airflow/example_dags/example_sla_dag.py
[2024-05-16T01:11:14.508+0000] {processor.py:840} INFO - DAG(s) 'example_sla_dag' retrieved from /home/airflow/.local/lib/python3.8/site-packages/airflow/example_dags/example_sla_dag.py
[2024-05-16T01:11:14.524+0000] {logging_mixin.py:188} INFO - [2024-05-16T01:11:14.524+0000] {dag.py:3047} INFO - Sync 1 DAGs
[2024-05-16T01:11:14.571+0000] {logging_mixin.py:188} INFO - [2024-05-16T01:11:14.571+0000] {dag.py:3834} INFO - Setting next_dagrun for example_sla_dag to 2024-05-16 01:08:00+00:00, run_after=2024-05-16 01:10:00+00:00
[2024-05-16T01:11:14.593+0000] {processor.py:183} INFO - Processing /home/airflow/.local/lib/python3.8/site-packages/airflow/example_dags/example_sla_dag.py took 0.097 seconds
[2024-05-16T01:11:44.625+0000] {processor.py:161} INFO - Started process (PID=1663) to work on /home/airflow/.local/lib/python3.8/site-packages/airflow/example_dags/example_sla_dag.py
[2024-05-16T01:11:44.627+0000] {processor.py:830} INFO - Processing file /home/airflow/.local/lib/python3.8/site-packages/airflow/example_dags/example_sla_dag.py for tasks to queue
[2024-05-16T01:11:44.629+0000] {logging_mixin.py:188} INFO - [2024-05-16T01:11:44.628+0000] {dagbag.py:540} INFO - Filling up the DagBag from /home/airflow/.local/lib/python3.8/site-packages/airflow/example_dags/example_sla_dag.py
[2024-05-16T01:11:44.636+0000] {processor.py:840} INFO - DAG(s) 'example_sla_dag' retrieved from /home/airflow/.local/lib/python3.8/site-packages/airflow/example_dags/example_sla_dag.py
[2024-05-16T01:11:44.683+0000] {logging_mixin.py:188} INFO - [2024-05-16T01:11:44.682+0000] {dag.py:3047} INFO - Sync 1 DAGs
[2024-05-16T01:11:44.708+0000] {logging_mixin.py:188} INFO - [2024-05-16T01:11:44.707+0000] {dag.py:3834} INFO - Setting next_dagrun for example_sla_dag to 2024-05-16 01:08:00+00:00, run_after=2024-05-16 01:10:00+00:00
[2024-05-16T01:11:44.730+0000] {processor.py:183} INFO - Processing /home/airflow/.local/lib/python3.8/site-packages/airflow/example_dags/example_sla_dag.py took 0.107 seconds
[2024-05-16T01:12:15.338+0000] {processor.py:161} INFO - Started process (PID=1722) to work on /home/airflow/.local/lib/python3.8/site-packages/airflow/example_dags/example_sla_dag.py
[2024-05-16T01:12:15.339+0000] {processor.py:830} INFO - Processing file /home/airflow/.local/lib/python3.8/site-packages/airflow/example_dags/example_sla_dag.py for tasks to queue
[2024-05-16T01:12:15.341+0000] {logging_mixin.py:188} INFO - [2024-05-16T01:12:15.341+0000] {dagbag.py:540} INFO - Filling up the DagBag from /home/airflow/.local/lib/python3.8/site-packages/airflow/example_dags/example_sla_dag.py
[2024-05-16T01:12:15.348+0000] {processor.py:840} INFO - DAG(s) 'example_sla_dag' retrieved from /home/airflow/.local/lib/python3.8/site-packages/airflow/example_dags/example_sla_dag.py
[2024-05-16T01:12:15.364+0000] {logging_mixin.py:188} INFO - [2024-05-16T01:12:15.364+0000] {dag.py:3047} INFO - Sync 1 DAGs
[2024-05-16T01:12:15.380+0000] {logging_mixin.py:188} INFO - [2024-05-16T01:12:15.380+0000] {dag.py:3834} INFO - Setting next_dagrun for example_sla_dag to 2024-05-16 01:10:00+00:00, run_after=2024-05-16 01:12:00+00:00
[2024-05-16T01:12:15.396+0000] {processor.py:183} INFO - Processing /home/airflow/.local/lib/python3.8/site-packages/airflow/example_dags/example_sla_dag.py took 0.061 seconds
[2024-05-16T01:12:45.888+0000] {processor.py:161} INFO - Started process (PID=1781) to work on /home/airflow/.local/lib/python3.8/site-packages/airflow/example_dags/example_sla_dag.py
[2024-05-16T01:12:45.890+0000] {processor.py:830} INFO - Processing file /home/airflow/.local/lib/python3.8/site-packages/airflow/example_dags/example_sla_dag.py for tasks to queue
[2024-05-16T01:12:45.892+0000] {logging_mixin.py:188} INFO - [2024-05-16T01:12:45.892+0000] {dagbag.py:540} INFO - Filling up the DagBag from /home/airflow/.local/lib/python3.8/site-packages/airflow/example_dags/example_sla_dag.py
[2024-05-16T01:12:45.900+0000] {processor.py:840} INFO - DAG(s) 'example_sla_dag' retrieved from /home/airflow/.local/lib/python3.8/site-packages/airflow/example_dags/example_sla_dag.py
[2024-05-16T01:12:45.920+0000] {logging_mixin.py:188} INFO - [2024-05-16T01:12:45.919+0000] {dag.py:3047} INFO - Sync 1 DAGs
[2024-05-16T01:12:45.943+0000] {logging_mixin.py:188} INFO - [2024-05-16T01:12:45.943+0000] {dag.py:3834} INFO - Setting next_dagrun for example_sla_dag to 2024-05-16 01:10:00+00:00, run_after=2024-05-16 01:12:00+00:00
[2024-05-16T01:12:45.963+0000] {processor.py:183} INFO - Processing /home/airflow/.local/lib/python3.8/site-packages/airflow/example_dags/example_sla_dag.py took 0.078 seconds
[2024-05-16T01:13:16.673+0000] {processor.py:161} INFO - Started process (PID=1840) to work on /home/airflow/.local/lib/python3.8/site-packages/airflow/example_dags/example_sla_dag.py
[2024-05-16T01:13:16.685+0000] {processor.py:830} INFO - Processing file /home/airflow/.local/lib/python3.8/site-packages/airflow/example_dags/example_sla_dag.py for tasks to queue
[2024-05-16T01:13:16.687+0000] {logging_mixin.py:188} INFO - [2024-05-16T01:13:16.686+0000] {dagbag.py:540} INFO - Filling up the DagBag from /home/airflow/.local/lib/python3.8/site-packages/airflow/example_dags/example_sla_dag.py
[2024-05-16T01:13:16.695+0000] {processor.py:840} INFO - DAG(s) 'example_sla_dag' retrieved from /home/airflow/.local/lib/python3.8/site-packages/airflow/example_dags/example_sla_dag.py
[2024-05-16T01:13:16.722+0000] {logging_mixin.py:188} INFO - [2024-05-16T01:13:16.722+0000] {dag.py:3047} INFO - Sync 1 DAGs
[2024-05-16T01:13:16.746+0000] {logging_mixin.py:188} INFO - [2024-05-16T01:13:16.746+0000] {dag.py:3834} INFO - Setting next_dagrun for example_sla_dag to 2024-05-16 01:10:00+00:00, run_after=2024-05-16 01:12:00+00:00
[2024-05-16T01:13:16.776+0000] {processor.py:183} INFO - Processing /home/airflow/.local/lib/python3.8/site-packages/airflow/example_dags/example_sla_dag.py took 0.106 seconds
[2024-05-16T01:13:47.621+0000] {processor.py:161} INFO - Started process (PID=1899) to work on /home/airflow/.local/lib/python3.8/site-packages/airflow/example_dags/example_sla_dag.py
[2024-05-16T01:13:47.623+0000] {processor.py:830} INFO - Processing file /home/airflow/.local/lib/python3.8/site-packages/airflow/example_dags/example_sla_dag.py for tasks to queue
[2024-05-16T01:13:47.625+0000] {logging_mixin.py:188} INFO - [2024-05-16T01:13:47.625+0000] {dagbag.py:540} INFO - Filling up the DagBag from /home/airflow/.local/lib/python3.8/site-packages/airflow/example_dags/example_sla_dag.py
[2024-05-16T01:13:47.636+0000] {processor.py:840} INFO - DAG(s) 'example_sla_dag' retrieved from /home/airflow/.local/lib/python3.8/site-packages/airflow/example_dags/example_sla_dag.py
[2024-05-16T01:13:47.662+0000] {logging_mixin.py:188} INFO - [2024-05-16T01:13:47.661+0000] {dag.py:3047} INFO - Sync 1 DAGs
[2024-05-16T01:13:47.693+0000] {logging_mixin.py:188} INFO - [2024-05-16T01:13:47.692+0000] {dag.py:3834} INFO - Setting next_dagrun for example_sla_dag to 2024-05-16 01:10:00+00:00, run_after=2024-05-16 01:12:00+00:00
[2024-05-16T01:13:47.791+0000] {processor.py:183} INFO - Processing /home/airflow/.local/lib/python3.8/site-packages/airflow/example_dags/example_sla_dag.py took 0.175 seconds
[2024-05-16T01:14:18.359+0000] {processor.py:161} INFO - Started process (PID=1958) to work on /home/airflow/.local/lib/python3.8/site-packages/airflow/example_dags/example_sla_dag.py
[2024-05-16T01:14:18.361+0000] {processor.py:830} INFO - Processing file /home/airflow/.local/lib/python3.8/site-packages/airflow/example_dags/example_sla_dag.py for tasks to queue
[2024-05-16T01:14:18.363+0000] {logging_mixin.py:188} INFO - [2024-05-16T01:14:18.363+0000] {dagbag.py:540} INFO - Filling up the DagBag from /home/airflow/.local/lib/python3.8/site-packages/airflow/example_dags/example_sla_dag.py
[2024-05-16T01:14:18.373+0000] {processor.py:840} INFO - DAG(s) 'example_sla_dag' retrieved from /home/airflow/.local/lib/python3.8/site-packages/airflow/example_dags/example_sla_dag.py
[2024-05-16T01:14:18.395+0000] {logging_mixin.py:188} INFO - [2024-05-16T01:14:18.395+0000] {dag.py:3047} INFO - Sync 1 DAGs
[2024-05-16T01:14:18.419+0000] {logging_mixin.py:188} INFO - [2024-05-16T01:14:18.419+0000] {dag.py:3834} INFO - Setting next_dagrun for example_sla_dag to 2024-05-16 01:12:00+00:00, run_after=2024-05-16 01:14:00+00:00
[2024-05-16T01:14:18.481+0000] {processor.py:183} INFO - Processing /home/airflow/.local/lib/python3.8/site-packages/airflow/example_dags/example_sla_dag.py took 0.126 seconds
[2024-05-16T01:14:48.815+0000] {processor.py:161} INFO - Started process (PID=2017) to work on /home/airflow/.local/lib/python3.8/site-packages/airflow/example_dags/example_sla_dag.py
[2024-05-16T01:14:48.817+0000] {processor.py:830} INFO - Processing file /home/airflow/.local/lib/python3.8/site-packages/airflow/example_dags/example_sla_dag.py for tasks to queue
[2024-05-16T01:14:48.819+0000] {logging_mixin.py:188} INFO - [2024-05-16T01:14:48.819+0000] {dagbag.py:540} INFO - Filling up the DagBag from /home/airflow/.local/lib/python3.8/site-packages/airflow/example_dags/example_sla_dag.py
[2024-05-16T01:14:48.834+0000] {processor.py:840} INFO - DAG(s) 'example_sla_dag' retrieved from /home/airflow/.local/lib/python3.8/site-packages/airflow/example_dags/example_sla_dag.py
[2024-05-16T01:14:48.862+0000] {logging_mixin.py:188} INFO - [2024-05-16T01:14:48.862+0000] {dag.py:3047} INFO - Sync 1 DAGs
[2024-05-16T01:14:48.892+0000] {logging_mixin.py:188} INFO - [2024-05-16T01:14:48.892+0000] {dag.py:3834} INFO - Setting next_dagrun for example_sla_dag to 2024-05-16 01:12:00+00:00, run_after=2024-05-16 01:14:00+00:00
[2024-05-16T01:14:48.919+0000] {processor.py:183} INFO - Processing /home/airflow/.local/lib/python3.8/site-packages/airflow/example_dags/example_sla_dag.py took 0.108 seconds
[2024-05-16T01:15:19.155+0000] {processor.py:161} INFO - Started process (PID=2076) to work on /home/airflow/.local/lib/python3.8/site-packages/airflow/example_dags/example_sla_dag.py
[2024-05-16T01:15:19.157+0000] {processor.py:830} INFO - Processing file /home/airflow/.local/lib/python3.8/site-packages/airflow/example_dags/example_sla_dag.py for tasks to queue
[2024-05-16T01:15:19.159+0000] {logging_mixin.py:188} INFO - [2024-05-16T01:15:19.159+0000] {dagbag.py:540} INFO - Filling up the DagBag from /home/airflow/.local/lib/python3.8/site-packages/airflow/example_dags/example_sla_dag.py
[2024-05-16T01:15:19.168+0000] {processor.py:840} INFO - DAG(s) 'example_sla_dag' retrieved from /home/airflow/.local/lib/python3.8/site-packages/airflow/example_dags/example_sla_dag.py
[2024-05-16T01:15:19.188+0000] {logging_mixin.py:188} INFO - [2024-05-16T01:15:19.188+0000] {dag.py:3047} INFO - Sync 1 DAGs
[2024-05-16T01:15:19.212+0000] {logging_mixin.py:188} INFO - [2024-05-16T01:15:19.212+0000] {dag.py:3834} INFO - Setting next_dagrun for example_sla_dag to 2024-05-16 01:12:00+00:00, run_after=2024-05-16 01:14:00+00:00
[2024-05-16T01:15:19.244+0000] {processor.py:183} INFO - Processing /home/airflow/.local/lib/python3.8/site-packages/airflow/example_dags/example_sla_dag.py took 0.092 seconds
[2024-05-16T01:15:50.463+0000] {processor.py:161} INFO - Started process (PID=2135) to work on /home/airflow/.local/lib/python3.8/site-packages/airflow/example_dags/example_sla_dag.py
[2024-05-16T01:15:50.465+0000] {processor.py:830} INFO - Processing file /home/airflow/.local/lib/python3.8/site-packages/airflow/example_dags/example_sla_dag.py for tasks to queue
[2024-05-16T01:15:50.467+0000] {logging_mixin.py:188} INFO - [2024-05-16T01:15:50.467+0000] {dagbag.py:540} INFO - Filling up the DagBag from /home/airflow/.local/lib/python3.8/site-packages/airflow/example_dags/example_sla_dag.py
[2024-05-16T01:15:50.477+0000] {processor.py:840} INFO - DAG(s) 'example_sla_dag' retrieved from /home/airflow/.local/lib/python3.8/site-packages/airflow/example_dags/example_sla_dag.py
[2024-05-16T01:15:50.499+0000] {logging_mixin.py:188} INFO - [2024-05-16T01:15:50.499+0000] {dag.py:3047} INFO - Sync 1 DAGs
[2024-05-16T01:15:50.523+0000] {logging_mixin.py:188} INFO - [2024-05-16T01:15:50.523+0000] {dag.py:3834} INFO - Setting next_dagrun for example_sla_dag to 2024-05-16 01:12:00+00:00, run_after=2024-05-16 01:14:00+00:00
[2024-05-16T01:15:50.548+0000] {processor.py:183} INFO - Processing /home/airflow/.local/lib/python3.8/site-packages/airflow/example_dags/example_sla_dag.py took 0.088 seconds
[2024-05-16T01:16:20.971+0000] {processor.py:161} INFO - Started process (PID=2194) to work on /home/airflow/.local/lib/python3.8/site-packages/airflow/example_dags/example_sla_dag.py
[2024-05-16T01:16:20.973+0000] {processor.py:830} INFO - Processing file /home/airflow/.local/lib/python3.8/site-packages/airflow/example_dags/example_sla_dag.py for tasks to queue
[2024-05-16T01:16:20.976+0000] {logging_mixin.py:188} INFO - [2024-05-16T01:16:20.975+0000] {dagbag.py:540} INFO - Filling up the DagBag from /home/airflow/.local/lib/python3.8/site-packages/airflow/example_dags/example_sla_dag.py
[2024-05-16T01:16:20.987+0000] {processor.py:840} INFO - DAG(s) 'example_sla_dag' retrieved from /home/airflow/.local/lib/python3.8/site-packages/airflow/example_dags/example_sla_dag.py
[2024-05-16T01:16:21.019+0000] {logging_mixin.py:188} INFO - [2024-05-16T01:16:21.019+0000] {dag.py:3047} INFO - Sync 1 DAGs
[2024-05-16T01:16:21.056+0000] {logging_mixin.py:188} INFO - [2024-05-16T01:16:21.055+0000] {dag.py:3834} INFO - Setting next_dagrun for example_sla_dag to 2024-05-16 01:14:00+00:00, run_after=2024-05-16 01:16:00+00:00
[2024-05-16T01:16:21.091+0000] {processor.py:183} INFO - Processing /home/airflow/.local/lib/python3.8/site-packages/airflow/example_dags/example_sla_dag.py took 0.123 seconds
[2024-05-16T01:16:52.690+0000] {processor.py:161} INFO - Started process (PID=2253) to work on /home/airflow/.local/lib/python3.8/site-packages/airflow/example_dags/example_sla_dag.py
[2024-05-16T01:16:52.692+0000] {processor.py:830} INFO - Processing file /home/airflow/.local/lib/python3.8/site-packages/airflow/example_dags/example_sla_dag.py for tasks to queue
[2024-05-16T01:16:52.695+0000] {logging_mixin.py:188} INFO - [2024-05-16T01:16:52.694+0000] {dagbag.py:540} INFO - Filling up the DagBag from /home/airflow/.local/lib/python3.8/site-packages/airflow/example_dags/example_sla_dag.py
[2024-05-16T01:16:52.705+0000] {processor.py:840} INFO - DAG(s) 'example_sla_dag' retrieved from /home/airflow/.local/lib/python3.8/site-packages/airflow/example_dags/example_sla_dag.py
[2024-05-16T01:16:52.729+0000] {logging_mixin.py:188} INFO - [2024-05-16T01:16:52.729+0000] {dag.py:3047} INFO - Sync 1 DAGs
[2024-05-16T01:16:52.758+0000] {logging_mixin.py:188} INFO - [2024-05-16T01:16:52.758+0000] {dag.py:3834} INFO - Setting next_dagrun for example_sla_dag to 2024-05-16 01:14:00+00:00, run_after=2024-05-16 01:16:00+00:00
[2024-05-16T01:16:52.788+0000] {processor.py:183} INFO - Processing /home/airflow/.local/lib/python3.8/site-packages/airflow/example_dags/example_sla_dag.py took 0.102 seconds
[2024-05-16T01:17:23.633+0000] {processor.py:161} INFO - Started process (PID=2312) to work on /home/airflow/.local/lib/python3.8/site-packages/airflow/example_dags/example_sla_dag.py
[2024-05-16T01:17:23.635+0000] {processor.py:830} INFO - Processing file /home/airflow/.local/lib/python3.8/site-packages/airflow/example_dags/example_sla_dag.py for tasks to queue
[2024-05-16T01:17:23.638+0000] {logging_mixin.py:188} INFO - [2024-05-16T01:17:23.637+0000] {dagbag.py:540} INFO - Filling up the DagBag from /home/airflow/.local/lib/python3.8/site-packages/airflow/example_dags/example_sla_dag.py
[2024-05-16T01:17:23.648+0000] {processor.py:840} INFO - DAG(s) 'example_sla_dag' retrieved from /home/airflow/.local/lib/python3.8/site-packages/airflow/example_dags/example_sla_dag.py
[2024-05-16T01:17:23.672+0000] {logging_mixin.py:188} INFO - [2024-05-16T01:17:23.672+0000] {dag.py:3047} INFO - Sync 1 DAGs
[2024-05-16T01:17:23.707+0000] {logging_mixin.py:188} INFO - [2024-05-16T01:17:23.707+0000] {dag.py:3834} INFO - Setting next_dagrun for example_sla_dag to 2024-05-16 01:14:00+00:00, run_after=2024-05-16 01:16:00+00:00
[2024-05-16T01:17:23.738+0000] {processor.py:183} INFO - Processing /home/airflow/.local/lib/python3.8/site-packages/airflow/example_dags/example_sla_dag.py took 0.109 seconds
[2024-05-16T01:17:54.613+0000] {processor.py:161} INFO - Started process (PID=2371) to work on /home/airflow/.local/lib/python3.8/site-packages/airflow/example_dags/example_sla_dag.py
[2024-05-16T01:17:54.615+0000] {processor.py:830} INFO - Processing file /home/airflow/.local/lib/python3.8/site-packages/airflow/example_dags/example_sla_dag.py for tasks to queue
[2024-05-16T01:17:54.618+0000] {logging_mixin.py:188} INFO - [2024-05-16T01:17:54.618+0000] {dagbag.py:540} INFO - Filling up the DagBag from /home/airflow/.local/lib/python3.8/site-packages/airflow/example_dags/example_sla_dag.py
[2024-05-16T01:17:54.630+0000] {processor.py:840} INFO - DAG(s) 'example_sla_dag' retrieved from /home/airflow/.local/lib/python3.8/site-packages/airflow/example_dags/example_sla_dag.py
[2024-05-16T01:17:54.658+0000] {logging_mixin.py:188} INFO - [2024-05-16T01:17:54.658+0000] {dag.py:3047} INFO - Sync 1 DAGs
[2024-05-16T01:17:54.687+0000] {logging_mixin.py:188} INFO - [2024-05-16T01:17:54.687+0000] {dag.py:3834} INFO - Setting next_dagrun for example_sla_dag to 2024-05-16 01:14:00+00:00, run_after=2024-05-16 01:16:00+00:00
[2024-05-16T01:17:54.714+0000] {processor.py:183} INFO - Processing /home/airflow/.local/lib/python3.8/site-packages/airflow/example_dags/example_sla_dag.py took 0.106 seconds
[2024-05-16T01:18:25.729+0000] {processor.py:161} INFO - Started process (PID=2430) to work on /home/airflow/.local/lib/python3.8/site-packages/airflow/example_dags/example_sla_dag.py
[2024-05-16T01:18:25.731+0000] {processor.py:830} INFO - Processing file /home/airflow/.local/lib/python3.8/site-packages/airflow/example_dags/example_sla_dag.py for tasks to queue
[2024-05-16T01:18:25.735+0000] {logging_mixin.py:188} INFO - [2024-05-16T01:18:25.734+0000] {dagbag.py:540} INFO - Filling up the DagBag from /home/airflow/.local/lib/python3.8/site-packages/airflow/example_dags/example_sla_dag.py
[2024-05-16T01:18:25.751+0000] {processor.py:840} INFO - DAG(s) 'example_sla_dag' retrieved from /home/airflow/.local/lib/python3.8/site-packages/airflow/example_dags/example_sla_dag.py
[2024-05-16T01:18:25.781+0000] {logging_mixin.py:188} INFO - [2024-05-16T01:18:25.781+0000] {dag.py:3047} INFO - Sync 1 DAGs
[2024-05-16T01:18:25.822+0000] {logging_mixin.py:188} INFO - [2024-05-16T01:18:25.821+0000] {dag.py:3834} INFO - Setting next_dagrun for example_sla_dag to 2024-05-16 01:16:00+00:00, run_after=2024-05-16 01:18:00+00:00
[2024-05-16T01:18:25.859+0000] {processor.py:183} INFO - Processing /home/airflow/.local/lib/python3.8/site-packages/airflow/example_dags/example_sla_dag.py took 0.135 seconds
[2024-05-16T01:18:56.965+0000] {processor.py:161} INFO - Started process (PID=2489) to work on /home/airflow/.local/lib/python3.8/site-packages/airflow/example_dags/example_sla_dag.py
[2024-05-16T01:18:56.968+0000] {processor.py:830} INFO - Processing file /home/airflow/.local/lib/python3.8/site-packages/airflow/example_dags/example_sla_dag.py for tasks to queue
[2024-05-16T01:18:56.972+0000] {logging_mixin.py:188} INFO - [2024-05-16T01:18:56.971+0000] {dagbag.py:540} INFO - Filling up the DagBag from /home/airflow/.local/lib/python3.8/site-packages/airflow/example_dags/example_sla_dag.py
[2024-05-16T01:18:56.985+0000] {processor.py:840} INFO - DAG(s) 'example_sla_dag' retrieved from /home/airflow/.local/lib/python3.8/site-packages/airflow/example_dags/example_sla_dag.py
[2024-05-16T01:18:57.019+0000] {logging_mixin.py:188} INFO - [2024-05-16T01:18:57.019+0000] {dag.py:3047} INFO - Sync 1 DAGs
[2024-05-16T01:18:57.058+0000] {logging_mixin.py:188} INFO - [2024-05-16T01:18:57.057+0000] {dag.py:3834} INFO - Setting next_dagrun for example_sla_dag to 2024-05-16 01:16:00+00:00, run_after=2024-05-16 01:18:00+00:00
[2024-05-16T01:18:57.091+0000] {processor.py:183} INFO - Processing /home/airflow/.local/lib/python3.8/site-packages/airflow/example_dags/example_sla_dag.py took 0.131 seconds
[2024-05-16T01:19:27.389+0000] {processor.py:161} INFO - Started process (PID=2548) to work on /home/airflow/.local/lib/python3.8/site-packages/airflow/example_dags/example_sla_dag.py
[2024-05-16T01:19:27.391+0000] {processor.py:830} INFO - Processing file /home/airflow/.local/lib/python3.8/site-packages/airflow/example_dags/example_sla_dag.py for tasks to queue
[2024-05-16T01:19:27.394+0000] {logging_mixin.py:188} INFO - [2024-05-16T01:19:27.393+0000] {dagbag.py:540} INFO - Filling up the DagBag from /home/airflow/.local/lib/python3.8/site-packages/airflow/example_dags/example_sla_dag.py
[2024-05-16T01:19:27.407+0000] {processor.py:840} INFO - DAG(s) 'example_sla_dag' retrieved from /home/airflow/.local/lib/python3.8/site-packages/airflow/example_dags/example_sla_dag.py
[2024-05-16T01:19:27.436+0000] {logging_mixin.py:188} INFO - [2024-05-16T01:19:27.436+0000] {dag.py:3047} INFO - Sync 1 DAGs
[2024-05-16T01:19:27.470+0000] {logging_mixin.py:188} INFO - [2024-05-16T01:19:27.470+0000] {dag.py:3834} INFO - Setting next_dagrun for example_sla_dag to 2024-05-16 01:16:00+00:00, run_after=2024-05-16 01:18:00+00:00
[2024-05-16T01:19:27.505+0000] {processor.py:183} INFO - Processing /home/airflow/.local/lib/python3.8/site-packages/airflow/example_dags/example_sla_dag.py took 0.121 seconds
[2024-05-16T01:19:58.287+0000] {processor.py:161} INFO - Started process (PID=2607) to work on /home/airflow/.local/lib/python3.8/site-packages/airflow/example_dags/example_sla_dag.py
[2024-05-16T01:19:58.289+0000] {processor.py:830} INFO - Processing file /home/airflow/.local/lib/python3.8/site-packages/airflow/example_dags/example_sla_dag.py for tasks to queue
[2024-05-16T01:19:58.292+0000] {logging_mixin.py:188} INFO - [2024-05-16T01:19:58.292+0000] {dagbag.py:540} INFO - Filling up the DagBag from /home/airflow/.local/lib/python3.8/site-packages/airflow/example_dags/example_sla_dag.py
[2024-05-16T01:19:58.305+0000] {processor.py:840} INFO - DAG(s) 'example_sla_dag' retrieved from /home/airflow/.local/lib/python3.8/site-packages/airflow/example_dags/example_sla_dag.py
[2024-05-16T01:19:58.334+0000] {logging_mixin.py:188} INFO - [2024-05-16T01:19:58.334+0000] {dag.py:3047} INFO - Sync 1 DAGs
[2024-05-16T01:19:58.374+0000] {logging_mixin.py:188} INFO - [2024-05-16T01:19:58.374+0000] {dag.py:3834} INFO - Setting next_dagrun for example_sla_dag to 2024-05-16 01:16:00+00:00, run_after=2024-05-16 01:18:00+00:00
[2024-05-16T01:19:58.408+0000] {processor.py:183} INFO - Processing /home/airflow/.local/lib/python3.8/site-packages/airflow/example_dags/example_sla_dag.py took 0.126 seconds
[2024-05-16T01:20:28.849+0000] {processor.py:161} INFO - Started process (PID=2666) to work on /home/airflow/.local/lib/python3.8/site-packages/airflow/example_dags/example_sla_dag.py
[2024-05-16T01:20:28.851+0000] {processor.py:830} INFO - Processing file /home/airflow/.local/lib/python3.8/site-packages/airflow/example_dags/example_sla_dag.py for tasks to queue
[2024-05-16T01:20:28.854+0000] {logging_mixin.py:188} INFO - [2024-05-16T01:20:28.853+0000] {dagbag.py:540} INFO - Filling up the DagBag from /home/airflow/.local/lib/python3.8/site-packages/airflow/example_dags/example_sla_dag.py
[2024-05-16T01:20:28.865+0000] {processor.py:840} INFO - DAG(s) 'example_sla_dag' retrieved from /home/airflow/.local/lib/python3.8/site-packages/airflow/example_dags/example_sla_dag.py
[2024-05-16T01:20:28.890+0000] {logging_mixin.py:188} INFO - [2024-05-16T01:20:28.890+0000] {dag.py:3047} INFO - Sync 1 DAGs
[2024-05-16T01:20:28.921+0000] {logging_mixin.py:188} INFO - [2024-05-16T01:20:28.921+0000] {dag.py:3834} INFO - Setting next_dagrun for example_sla_dag to 2024-05-16 01:18:00+00:00, run_after=2024-05-16 01:20:00+00:00
[2024-05-16T01:20:28.953+0000] {processor.py:183} INFO - Processing /home/airflow/.local/lib/python3.8/site-packages/airflow/example_dags/example_sla_dag.py took 0.109 seconds
[2024-05-16T01:21:00.115+0000] {processor.py:161} INFO - Started process (PID=2725) to work on /home/airflow/.local/lib/python3.8/site-packages/airflow/example_dags/example_sla_dag.py
[2024-05-16T01:21:00.117+0000] {processor.py:830} INFO - Processing file /home/airflow/.local/lib/python3.8/site-packages/airflow/example_dags/example_sla_dag.py for tasks to queue
[2024-05-16T01:21:00.121+0000] {logging_mixin.py:188} INFO - [2024-05-16T01:21:00.120+0000] {dagbag.py:540} INFO - Filling up the DagBag from /home/airflow/.local/lib/python3.8/site-packages/airflow/example_dags/example_sla_dag.py
[2024-05-16T01:21:00.135+0000] {processor.py:840} INFO - DAG(s) 'example_sla_dag' retrieved from /home/airflow/.local/lib/python3.8/site-packages/airflow/example_dags/example_sla_dag.py
[2024-05-16T01:21:00.169+0000] {logging_mixin.py:188} INFO - [2024-05-16T01:21:00.168+0000] {dag.py:3047} INFO - Sync 1 DAGs
[2024-05-16T01:21:00.216+0000] {logging_mixin.py:188} INFO - [2024-05-16T01:21:00.215+0000] {dag.py:3834} INFO - Setting next_dagrun for example_sla_dag to 2024-05-16 01:18:00+00:00, run_after=2024-05-16 01:20:00+00:00
[2024-05-16T01:21:00.253+0000] {processor.py:183} INFO - Processing /home/airflow/.local/lib/python3.8/site-packages/airflow/example_dags/example_sla_dag.py took 0.143 seconds
[2024-05-16T01:21:30.916+0000] {processor.py:161} INFO - Started process (PID=2784) to work on /home/airflow/.local/lib/python3.8/site-packages/airflow/example_dags/example_sla_dag.py
[2024-05-16T01:21:30.919+0000] {processor.py:830} INFO - Processing file /home/airflow/.local/lib/python3.8/site-packages/airflow/example_dags/example_sla_dag.py for tasks to queue
[2024-05-16T01:21:30.922+0000] {logging_mixin.py:188} INFO - [2024-05-16T01:21:30.921+0000] {dagbag.py:540} INFO - Filling up the DagBag from /home/airflow/.local/lib/python3.8/site-packages/airflow/example_dags/example_sla_dag.py
[2024-05-16T01:21:30.938+0000] {processor.py:840} INFO - DAG(s) 'example_sla_dag' retrieved from /home/airflow/.local/lib/python3.8/site-packages/airflow/example_dags/example_sla_dag.py
[2024-05-16T01:21:30.975+0000] {logging_mixin.py:188} INFO - [2024-05-16T01:21:30.975+0000] {dag.py:3047} INFO - Sync 1 DAGs
[2024-05-16T01:21:31.028+0000] {logging_mixin.py:188} INFO - [2024-05-16T01:21:31.028+0000] {dag.py:3834} INFO - Setting next_dagrun for example_sla_dag to 2024-05-16 01:18:00+00:00, run_after=2024-05-16 01:20:00+00:00
[2024-05-16T01:21:31.073+0000] {processor.py:183} INFO - Processing /home/airflow/.local/lib/python3.8/site-packages/airflow/example_dags/example_sla_dag.py took 0.161 seconds
[2024-05-16T01:22:01.643+0000] {processor.py:161} INFO - Started process (PID=2843) to work on /home/airflow/.local/lib/python3.8/site-packages/airflow/example_dags/example_sla_dag.py
[2024-05-16T01:22:01.647+0000] {processor.py:830} INFO - Processing file /home/airflow/.local/lib/python3.8/site-packages/airflow/example_dags/example_sla_dag.py for tasks to queue
[2024-05-16T01:22:01.653+0000] {logging_mixin.py:188} INFO - [2024-05-16T01:22:01.652+0000] {dagbag.py:540} INFO - Filling up the DagBag from /home/airflow/.local/lib/python3.8/site-packages/airflow/example_dags/example_sla_dag.py
[2024-05-16T01:22:01.678+0000] {processor.py:840} INFO - DAG(s) 'example_sla_dag' retrieved from /home/airflow/.local/lib/python3.8/site-packages/airflow/example_dags/example_sla_dag.py
[2024-05-16T01:22:01.718+0000] {logging_mixin.py:188} INFO - [2024-05-16T01:22:01.718+0000] {dag.py:3047} INFO - Sync 1 DAGs
[2024-05-16T01:22:01.775+0000] {logging_mixin.py:188} INFO - [2024-05-16T01:22:01.775+0000] {dag.py:3834} INFO - Setting next_dagrun for example_sla_dag to 2024-05-16 01:20:00+00:00, run_after=2024-05-16 01:22:00+00:00
[2024-05-16T01:22:01.825+0000] {processor.py:183} INFO - Processing /home/airflow/.local/lib/python3.8/site-packages/airflow/example_dags/example_sla_dag.py took 0.189 seconds
[2024-05-16T01:22:32.243+0000] {processor.py:161} INFO - Started process (PID=2902) to work on /home/airflow/.local/lib/python3.8/site-packages/airflow/example_dags/example_sla_dag.py
[2024-05-16T01:22:32.246+0000] {processor.py:830} INFO - Processing file /home/airflow/.local/lib/python3.8/site-packages/airflow/example_dags/example_sla_dag.py for tasks to queue
[2024-05-16T01:22:32.249+0000] {logging_mixin.py:188} INFO - [2024-05-16T01:22:32.249+0000] {dagbag.py:540} INFO - Filling up the DagBag from /home/airflow/.local/lib/python3.8/site-packages/airflow/example_dags/example_sla_dag.py
[2024-05-16T01:22:32.266+0000] {processor.py:840} INFO - DAG(s) 'example_sla_dag' retrieved from /home/airflow/.local/lib/python3.8/site-packages/airflow/example_dags/example_sla_dag.py
[2024-05-16T01:22:32.303+0000] {logging_mixin.py:188} INFO - [2024-05-16T01:22:32.302+0000] {dag.py:3047} INFO - Sync 1 DAGs
[2024-05-16T01:22:32.344+0000] {logging_mixin.py:188} INFO - [2024-05-16T01:22:32.343+0000] {dag.py:3834} INFO - Setting next_dagrun for example_sla_dag to 2024-05-16 01:20:00+00:00, run_after=2024-05-16 01:22:00+00:00
[2024-05-16T01:22:32.378+0000] {processor.py:183} INFO - Processing /home/airflow/.local/lib/python3.8/site-packages/airflow/example_dags/example_sla_dag.py took 0.141 seconds
[2024-05-16T01:23:02.928+0000] {processor.py:161} INFO - Started process (PID=2961) to work on /home/airflow/.local/lib/python3.8/site-packages/airflow/example_dags/example_sla_dag.py
[2024-05-16T01:23:02.931+0000] {processor.py:830} INFO - Processing file /home/airflow/.local/lib/python3.8/site-packages/airflow/example_dags/example_sla_dag.py for tasks to queue
[2024-05-16T01:23:02.934+0000] {logging_mixin.py:188} INFO - [2024-05-16T01:23:02.933+0000] {dagbag.py:540} INFO - Filling up the DagBag from /home/airflow/.local/lib/python3.8/site-packages/airflow/example_dags/example_sla_dag.py
[2024-05-16T01:23:02.954+0000] {processor.py:840} INFO - DAG(s) 'example_sla_dag' retrieved from /home/airflow/.local/lib/python3.8/site-packages/airflow/example_dags/example_sla_dag.py
[2024-05-16T01:23:02.983+0000] {logging_mixin.py:188} INFO - [2024-05-16T01:23:02.983+0000] {dag.py:3047} INFO - Sync 1 DAGs
[2024-05-16T01:23:03.021+0000] {logging_mixin.py:188} INFO - [2024-05-16T01:23:03.021+0000] {dag.py:3834} INFO - Setting next_dagrun for example_sla_dag to 2024-05-16 01:20:00+00:00, run_after=2024-05-16 01:22:00+00:00
[2024-05-16T01:23:03.056+0000] {processor.py:183} INFO - Processing /home/airflow/.local/lib/python3.8/site-packages/airflow/example_dags/example_sla_dag.py took 0.132 seconds
