[2024-05-16T00:57:59.723+0000] {processor.py:161} INFO - Started process (PID=93) to work on /home/airflow/.local/lib/python3.8/site-packages/airflow/example_dags/tutorial_dag.py
[2024-05-16T00:57:59.724+0000] {processor.py:830} INFO - Processing file /home/airflow/.local/lib/python3.8/site-packages/airflow/example_dags/tutorial_dag.py for tasks to queue
[2024-05-16T00:57:59.726+0000] {logging_mixin.py:188} INFO - [2024-05-16T00:57:59.726+0000] {dagbag.py:540} INFO - Filling up the DagBag from /home/airflow/.local/lib/python3.8/site-packages/airflow/example_dags/tutorial_dag.py
[2024-05-16T00:57:59.732+0000] {processor.py:840} INFO - DAG(s) 'tutorial_dag' retrieved from /home/airflow/.local/lib/python3.8/site-packages/airflow/example_dags/tutorial_dag.py
[2024-05-16T00:57:59.755+0000] {logging_mixin.py:188} INFO - [2024-05-16T00:57:59.754+0000] {dag.py:3047} INFO - Sync 1 DAGs
[2024-05-16T00:57:59.766+0000] {logging_mixin.py:188} INFO - [2024-05-16T00:57:59.766+0000] {dag.py:3834} INFO - Setting next_dagrun for tutorial_dag to None, run_after=None
[2024-05-16T00:57:59.790+0000] {processor.py:183} INFO - Processing /home/airflow/.local/lib/python3.8/site-packages/airflow/example_dags/tutorial_dag.py took 0.071 seconds
[2024-05-16T00:58:31.669+0000] {processor.py:161} INFO - Started process (PID=152) to work on /home/airflow/.local/lib/python3.8/site-packages/airflow/example_dags/tutorial_dag.py
[2024-05-16T00:58:31.671+0000] {processor.py:830} INFO - Processing file /home/airflow/.local/lib/python3.8/site-packages/airflow/example_dags/tutorial_dag.py for tasks to queue
[2024-05-16T00:58:31.675+0000] {logging_mixin.py:188} INFO - [2024-05-16T00:58:31.674+0000] {dagbag.py:540} INFO - Filling up the DagBag from /home/airflow/.local/lib/python3.8/site-packages/airflow/example_dags/tutorial_dag.py
[2024-05-16T00:58:31.685+0000] {processor.py:840} INFO - DAG(s) 'tutorial_dag' retrieved from /home/airflow/.local/lib/python3.8/site-packages/airflow/example_dags/tutorial_dag.py
[2024-05-16T00:58:31.723+0000] {logging_mixin.py:188} INFO - [2024-05-16T00:58:31.723+0000] {dag.py:3047} INFO - Sync 1 DAGs
[2024-05-16T00:58:31.747+0000] {logging_mixin.py:188} INFO - [2024-05-16T00:58:31.747+0000] {dag.py:3834} INFO - Setting next_dagrun for tutorial_dag to None, run_after=None
[2024-05-16T00:58:31.788+0000] {processor.py:183} INFO - Processing /home/airflow/.local/lib/python3.8/site-packages/airflow/example_dags/tutorial_dag.py took 0.124 seconds
[2024-05-16T00:59:02.291+0000] {processor.py:161} INFO - Started process (PID=211) to work on /home/airflow/.local/lib/python3.8/site-packages/airflow/example_dags/tutorial_dag.py
[2024-05-16T00:59:02.293+0000] {processor.py:830} INFO - Processing file /home/airflow/.local/lib/python3.8/site-packages/airflow/example_dags/tutorial_dag.py for tasks to queue
[2024-05-16T00:59:02.295+0000] {logging_mixin.py:188} INFO - [2024-05-16T00:59:02.295+0000] {dagbag.py:540} INFO - Filling up the DagBag from /home/airflow/.local/lib/python3.8/site-packages/airflow/example_dags/tutorial_dag.py
[2024-05-16T00:59:02.301+0000] {processor.py:840} INFO - DAG(s) 'tutorial_dag' retrieved from /home/airflow/.local/lib/python3.8/site-packages/airflow/example_dags/tutorial_dag.py
[2024-05-16T00:59:02.326+0000] {logging_mixin.py:188} INFO - [2024-05-16T00:59:02.326+0000] {dag.py:3047} INFO - Sync 1 DAGs
[2024-05-16T00:59:02.339+0000] {logging_mixin.py:188} INFO - [2024-05-16T00:59:02.339+0000] {dag.py:3834} INFO - Setting next_dagrun for tutorial_dag to None, run_after=None
[2024-05-16T00:59:02.365+0000] {processor.py:183} INFO - Processing /home/airflow/.local/lib/python3.8/site-packages/airflow/example_dags/tutorial_dag.py took 0.077 seconds
[2024-05-16T00:59:32.786+0000] {processor.py:161} INFO - Started process (PID=270) to work on /home/airflow/.local/lib/python3.8/site-packages/airflow/example_dags/tutorial_dag.py
[2024-05-16T00:59:32.787+0000] {processor.py:830} INFO - Processing file /home/airflow/.local/lib/python3.8/site-packages/airflow/example_dags/tutorial_dag.py for tasks to queue
[2024-05-16T00:59:32.789+0000] {logging_mixin.py:188} INFO - [2024-05-16T00:59:32.788+0000] {dagbag.py:540} INFO - Filling up the DagBag from /home/airflow/.local/lib/python3.8/site-packages/airflow/example_dags/tutorial_dag.py
[2024-05-16T00:59:32.794+0000] {processor.py:840} INFO - DAG(s) 'tutorial_dag' retrieved from /home/airflow/.local/lib/python3.8/site-packages/airflow/example_dags/tutorial_dag.py
[2024-05-16T00:59:32.811+0000] {logging_mixin.py:188} INFO - [2024-05-16T00:59:32.811+0000] {dag.py:3047} INFO - Sync 1 DAGs
[2024-05-16T00:59:32.822+0000] {logging_mixin.py:188} INFO - [2024-05-16T00:59:32.822+0000] {dag.py:3834} INFO - Setting next_dagrun for tutorial_dag to None, run_after=None
[2024-05-16T00:59:32.844+0000] {processor.py:183} INFO - Processing /home/airflow/.local/lib/python3.8/site-packages/airflow/example_dags/tutorial_dag.py took 0.061 seconds
[2024-05-16T01:00:03.192+0000] {processor.py:161} INFO - Started process (PID=329) to work on /home/airflow/.local/lib/python3.8/site-packages/airflow/example_dags/tutorial_dag.py
[2024-05-16T01:00:03.194+0000] {processor.py:830} INFO - Processing file /home/airflow/.local/lib/python3.8/site-packages/airflow/example_dags/tutorial_dag.py for tasks to queue
[2024-05-16T01:00:03.196+0000] {logging_mixin.py:188} INFO - [2024-05-16T01:00:03.196+0000] {dagbag.py:540} INFO - Filling up the DagBag from /home/airflow/.local/lib/python3.8/site-packages/airflow/example_dags/tutorial_dag.py
[2024-05-16T01:00:03.203+0000] {processor.py:840} INFO - DAG(s) 'tutorial_dag' retrieved from /home/airflow/.local/lib/python3.8/site-packages/airflow/example_dags/tutorial_dag.py
[2024-05-16T01:00:03.227+0000] {logging_mixin.py:188} INFO - [2024-05-16T01:00:03.227+0000] {dag.py:3047} INFO - Sync 1 DAGs
[2024-05-16T01:00:03.241+0000] {logging_mixin.py:188} INFO - [2024-05-16T01:00:03.241+0000] {dag.py:3834} INFO - Setting next_dagrun for tutorial_dag to None, run_after=None
[2024-05-16T01:00:03.264+0000] {processor.py:183} INFO - Processing /home/airflow/.local/lib/python3.8/site-packages/airflow/example_dags/tutorial_dag.py took 0.076 seconds
[2024-05-16T01:00:33.860+0000] {processor.py:161} INFO - Started process (PID=388) to work on /home/airflow/.local/lib/python3.8/site-packages/airflow/example_dags/tutorial_dag.py
[2024-05-16T01:00:33.862+0000] {processor.py:830} INFO - Processing file /home/airflow/.local/lib/python3.8/site-packages/airflow/example_dags/tutorial_dag.py for tasks to queue
[2024-05-16T01:00:33.864+0000] {logging_mixin.py:188} INFO - [2024-05-16T01:00:33.864+0000] {dagbag.py:540} INFO - Filling up the DagBag from /home/airflow/.local/lib/python3.8/site-packages/airflow/example_dags/tutorial_dag.py
[2024-05-16T01:00:33.870+0000] {processor.py:840} INFO - DAG(s) 'tutorial_dag' retrieved from /home/airflow/.local/lib/python3.8/site-packages/airflow/example_dags/tutorial_dag.py
[2024-05-16T01:00:33.896+0000] {logging_mixin.py:188} INFO - [2024-05-16T01:00:33.896+0000] {dag.py:3047} INFO - Sync 1 DAGs
[2024-05-16T01:00:33.911+0000] {logging_mixin.py:188} INFO - [2024-05-16T01:00:33.911+0000] {dag.py:3834} INFO - Setting next_dagrun for tutorial_dag to None, run_after=None
[2024-05-16T01:00:33.947+0000] {processor.py:183} INFO - Processing /home/airflow/.local/lib/python3.8/site-packages/airflow/example_dags/tutorial_dag.py took 0.090 seconds
[2024-05-16T01:01:05.040+0000] {processor.py:161} INFO - Started process (PID=447) to work on /home/airflow/.local/lib/python3.8/site-packages/airflow/example_dags/tutorial_dag.py
[2024-05-16T01:01:05.042+0000] {processor.py:830} INFO - Processing file /home/airflow/.local/lib/python3.8/site-packages/airflow/example_dags/tutorial_dag.py for tasks to queue
[2024-05-16T01:01:05.044+0000] {logging_mixin.py:188} INFO - [2024-05-16T01:01:05.044+0000] {dagbag.py:540} INFO - Filling up the DagBag from /home/airflow/.local/lib/python3.8/site-packages/airflow/example_dags/tutorial_dag.py
[2024-05-16T01:01:05.050+0000] {processor.py:840} INFO - DAG(s) 'tutorial_dag' retrieved from /home/airflow/.local/lib/python3.8/site-packages/airflow/example_dags/tutorial_dag.py
[2024-05-16T01:01:05.073+0000] {logging_mixin.py:188} INFO - [2024-05-16T01:01:05.073+0000] {dag.py:3047} INFO - Sync 1 DAGs
[2024-05-16T01:01:05.084+0000] {logging_mixin.py:188} INFO - [2024-05-16T01:01:05.083+0000] {dag.py:3834} INFO - Setting next_dagrun for tutorial_dag to None, run_after=None
[2024-05-16T01:01:05.106+0000] {processor.py:183} INFO - Processing /home/airflow/.local/lib/python3.8/site-packages/airflow/example_dags/tutorial_dag.py took 0.068 seconds
[2024-05-16T01:01:35.847+0000] {processor.py:161} INFO - Started process (PID=506) to work on /home/airflow/.local/lib/python3.8/site-packages/airflow/example_dags/tutorial_dag.py
[2024-05-16T01:01:35.849+0000] {processor.py:830} INFO - Processing file /home/airflow/.local/lib/python3.8/site-packages/airflow/example_dags/tutorial_dag.py for tasks to queue
[2024-05-16T01:01:35.850+0000] {logging_mixin.py:188} INFO - [2024-05-16T01:01:35.850+0000] {dagbag.py:540} INFO - Filling up the DagBag from /home/airflow/.local/lib/python3.8/site-packages/airflow/example_dags/tutorial_dag.py
[2024-05-16T01:01:35.856+0000] {processor.py:840} INFO - DAG(s) 'tutorial_dag' retrieved from /home/airflow/.local/lib/python3.8/site-packages/airflow/example_dags/tutorial_dag.py
[2024-05-16T01:01:35.874+0000] {logging_mixin.py:188} INFO - [2024-05-16T01:01:35.874+0000] {dag.py:3047} INFO - Sync 1 DAGs
[2024-05-16T01:01:35.886+0000] {logging_mixin.py:188} INFO - [2024-05-16T01:01:35.886+0000] {dag.py:3834} INFO - Setting next_dagrun for tutorial_dag to None, run_after=None
[2024-05-16T01:01:35.910+0000] {processor.py:183} INFO - Processing /home/airflow/.local/lib/python3.8/site-packages/airflow/example_dags/tutorial_dag.py took 0.066 seconds
[2024-05-16T01:02:06.158+0000] {processor.py:161} INFO - Started process (PID=564) to work on /home/airflow/.local/lib/python3.8/site-packages/airflow/example_dags/tutorial_dag.py
[2024-05-16T01:02:06.160+0000] {processor.py:830} INFO - Processing file /home/airflow/.local/lib/python3.8/site-packages/airflow/example_dags/tutorial_dag.py for tasks to queue
[2024-05-16T01:02:06.163+0000] {logging_mixin.py:188} INFO - [2024-05-16T01:02:06.162+0000] {dagbag.py:540} INFO - Filling up the DagBag from /home/airflow/.local/lib/python3.8/site-packages/airflow/example_dags/tutorial_dag.py
[2024-05-16T01:02:06.170+0000] {processor.py:840} INFO - DAG(s) 'tutorial_dag' retrieved from /home/airflow/.local/lib/python3.8/site-packages/airflow/example_dags/tutorial_dag.py
[2024-05-16T01:02:06.196+0000] {logging_mixin.py:188} INFO - [2024-05-16T01:02:06.195+0000] {dag.py:3047} INFO - Sync 1 DAGs
[2024-05-16T01:02:06.211+0000] {logging_mixin.py:188} INFO - [2024-05-16T01:02:06.211+0000] {dag.py:3834} INFO - Setting next_dagrun for tutorial_dag to None, run_after=None
[2024-05-16T01:02:06.240+0000] {processor.py:183} INFO - Processing /home/airflow/.local/lib/python3.8/site-packages/airflow/example_dags/tutorial_dag.py took 0.086 seconds
[2024-05-16T01:02:36.873+0000] {processor.py:161} INFO - Started process (PID=623) to work on /home/airflow/.local/lib/python3.8/site-packages/airflow/example_dags/tutorial_dag.py
[2024-05-16T01:02:36.875+0000] {processor.py:830} INFO - Processing file /home/airflow/.local/lib/python3.8/site-packages/airflow/example_dags/tutorial_dag.py for tasks to queue
[2024-05-16T01:02:36.877+0000] {logging_mixin.py:188} INFO - [2024-05-16T01:02:36.876+0000] {dagbag.py:540} INFO - Filling up the DagBag from /home/airflow/.local/lib/python3.8/site-packages/airflow/example_dags/tutorial_dag.py
[2024-05-16T01:02:36.882+0000] {processor.py:840} INFO - DAG(s) 'tutorial_dag' retrieved from /home/airflow/.local/lib/python3.8/site-packages/airflow/example_dags/tutorial_dag.py
[2024-05-16T01:02:36.905+0000] {logging_mixin.py:188} INFO - [2024-05-16T01:02:36.904+0000] {dag.py:3047} INFO - Sync 1 DAGs
[2024-05-16T01:02:36.922+0000] {logging_mixin.py:188} INFO - [2024-05-16T01:02:36.921+0000] {dag.py:3834} INFO - Setting next_dagrun for tutorial_dag to None, run_after=None
[2024-05-16T01:02:36.951+0000] {processor.py:183} INFO - Processing /home/airflow/.local/lib/python3.8/site-packages/airflow/example_dags/tutorial_dag.py took 0.080 seconds
[2024-05-16T01:03:07.179+0000] {processor.py:161} INFO - Started process (PID=681) to work on /home/airflow/.local/lib/python3.8/site-packages/airflow/example_dags/tutorial_dag.py
[2024-05-16T01:03:07.180+0000] {processor.py:830} INFO - Processing file /home/airflow/.local/lib/python3.8/site-packages/airflow/example_dags/tutorial_dag.py for tasks to queue
[2024-05-16T01:03:07.183+0000] {logging_mixin.py:188} INFO - [2024-05-16T01:03:07.183+0000] {dagbag.py:540} INFO - Filling up the DagBag from /home/airflow/.local/lib/python3.8/site-packages/airflow/example_dags/tutorial_dag.py
[2024-05-16T01:03:07.191+0000] {processor.py:840} INFO - DAG(s) 'tutorial_dag' retrieved from /home/airflow/.local/lib/python3.8/site-packages/airflow/example_dags/tutorial_dag.py
[2024-05-16T01:03:07.212+0000] {logging_mixin.py:188} INFO - [2024-05-16T01:03:07.212+0000] {dag.py:3047} INFO - Sync 1 DAGs
[2024-05-16T01:03:07.224+0000] {logging_mixin.py:188} INFO - [2024-05-16T01:03:07.224+0000] {dag.py:3834} INFO - Setting next_dagrun for tutorial_dag to None, run_after=None
[2024-05-16T01:03:07.249+0000] {processor.py:183} INFO - Processing /home/airflow/.local/lib/python3.8/site-packages/airflow/example_dags/tutorial_dag.py took 0.075 seconds
[2024-05-16T01:03:38.058+0000] {processor.py:161} INFO - Started process (PID=740) to work on /home/airflow/.local/lib/python3.8/site-packages/airflow/example_dags/tutorial_dag.py
[2024-05-16T01:03:38.060+0000] {processor.py:830} INFO - Processing file /home/airflow/.local/lib/python3.8/site-packages/airflow/example_dags/tutorial_dag.py for tasks to queue
[2024-05-16T01:03:38.062+0000] {logging_mixin.py:188} INFO - [2024-05-16T01:03:38.062+0000] {dagbag.py:540} INFO - Filling up the DagBag from /home/airflow/.local/lib/python3.8/site-packages/airflow/example_dags/tutorial_dag.py
[2024-05-16T01:03:38.067+0000] {processor.py:840} INFO - DAG(s) 'tutorial_dag' retrieved from /home/airflow/.local/lib/python3.8/site-packages/airflow/example_dags/tutorial_dag.py
[2024-05-16T01:03:38.087+0000] {logging_mixin.py:188} INFO - [2024-05-16T01:03:38.087+0000] {dag.py:3047} INFO - Sync 1 DAGs
[2024-05-16T01:03:38.098+0000] {logging_mixin.py:188} INFO - [2024-05-16T01:03:38.097+0000] {dag.py:3834} INFO - Setting next_dagrun for tutorial_dag to None, run_after=None
[2024-05-16T01:03:38.121+0000] {processor.py:183} INFO - Processing /home/airflow/.local/lib/python3.8/site-packages/airflow/example_dags/tutorial_dag.py took 0.066 seconds
[2024-05-16T01:04:09.244+0000] {processor.py:161} INFO - Started process (PID=799) to work on /home/airflow/.local/lib/python3.8/site-packages/airflow/example_dags/tutorial_dag.py
[2024-05-16T01:04:09.246+0000] {processor.py:830} INFO - Processing file /home/airflow/.local/lib/python3.8/site-packages/airflow/example_dags/tutorial_dag.py for tasks to queue
[2024-05-16T01:04:09.249+0000] {logging_mixin.py:188} INFO - [2024-05-16T01:04:09.249+0000] {dagbag.py:540} INFO - Filling up the DagBag from /home/airflow/.local/lib/python3.8/site-packages/airflow/example_dags/tutorial_dag.py
[2024-05-16T01:04:09.255+0000] {processor.py:840} INFO - DAG(s) 'tutorial_dag' retrieved from /home/airflow/.local/lib/python3.8/site-packages/airflow/example_dags/tutorial_dag.py
[2024-05-16T01:04:09.275+0000] {logging_mixin.py:188} INFO - [2024-05-16T01:04:09.275+0000] {dag.py:3047} INFO - Sync 1 DAGs
[2024-05-16T01:04:09.287+0000] {logging_mixin.py:188} INFO - [2024-05-16T01:04:09.287+0000] {dag.py:3834} INFO - Setting next_dagrun for tutorial_dag to None, run_after=None
[2024-05-16T01:04:09.306+0000] {processor.py:183} INFO - Processing /home/airflow/.local/lib/python3.8/site-packages/airflow/example_dags/tutorial_dag.py took 0.066 seconds
[2024-05-16T01:04:40.811+0000] {processor.py:161} INFO - Started process (PID=865) to work on /home/airflow/.local/lib/python3.8/site-packages/airflow/example_dags/tutorial_dag.py
[2024-05-16T01:04:40.814+0000] {processor.py:830} INFO - Processing file /home/airflow/.local/lib/python3.8/site-packages/airflow/example_dags/tutorial_dag.py for tasks to queue
[2024-05-16T01:04:40.817+0000] {logging_mixin.py:188} INFO - [2024-05-16T01:04:40.816+0000] {dagbag.py:540} INFO - Filling up the DagBag from /home/airflow/.local/lib/python3.8/site-packages/airflow/example_dags/tutorial_dag.py
[2024-05-16T01:04:40.825+0000] {processor.py:840} INFO - DAG(s) 'tutorial_dag' retrieved from /home/airflow/.local/lib/python3.8/site-packages/airflow/example_dags/tutorial_dag.py
[2024-05-16T01:04:40.854+0000] {logging_mixin.py:188} INFO - [2024-05-16T01:04:40.854+0000] {dag.py:3047} INFO - Sync 1 DAGs
[2024-05-16T01:04:40.875+0000] {logging_mixin.py:188} INFO - [2024-05-16T01:04:40.875+0000] {dag.py:3834} INFO - Setting next_dagrun for tutorial_dag to None, run_after=None
[2024-05-16T01:04:40.914+0000] {processor.py:183} INFO - Processing /home/airflow/.local/lib/python3.8/site-packages/airflow/example_dags/tutorial_dag.py took 0.107 seconds
[2024-05-16T01:05:11.143+0000] {processor.py:161} INFO - Started process (PID=924) to work on /home/airflow/.local/lib/python3.8/site-packages/airflow/example_dags/tutorial_dag.py
[2024-05-16T01:05:11.145+0000] {processor.py:830} INFO - Processing file /home/airflow/.local/lib/python3.8/site-packages/airflow/example_dags/tutorial_dag.py for tasks to queue
[2024-05-16T01:05:11.147+0000] {logging_mixin.py:188} INFO - [2024-05-16T01:05:11.146+0000] {dagbag.py:540} INFO - Filling up the DagBag from /home/airflow/.local/lib/python3.8/site-packages/airflow/example_dags/tutorial_dag.py
[2024-05-16T01:05:11.153+0000] {processor.py:840} INFO - DAG(s) 'tutorial_dag' retrieved from /home/airflow/.local/lib/python3.8/site-packages/airflow/example_dags/tutorial_dag.py
[2024-05-16T01:05:11.185+0000] {logging_mixin.py:188} INFO - [2024-05-16T01:05:11.184+0000] {dag.py:3047} INFO - Sync 1 DAGs
[2024-05-16T01:05:11.201+0000] {logging_mixin.py:188} INFO - [2024-05-16T01:05:11.200+0000] {dag.py:3834} INFO - Setting next_dagrun for tutorial_dag to None, run_after=None
[2024-05-16T01:05:11.231+0000] {processor.py:183} INFO - Processing /home/airflow/.local/lib/python3.8/site-packages/airflow/example_dags/tutorial_dag.py took 0.092 seconds
[2024-05-16T01:05:41.508+0000] {processor.py:161} INFO - Started process (PID=983) to work on /home/airflow/.local/lib/python3.8/site-packages/airflow/example_dags/tutorial_dag.py
[2024-05-16T01:05:41.510+0000] {processor.py:830} INFO - Processing file /home/airflow/.local/lib/python3.8/site-packages/airflow/example_dags/tutorial_dag.py for tasks to queue
[2024-05-16T01:05:41.512+0000] {logging_mixin.py:188} INFO - [2024-05-16T01:05:41.512+0000] {dagbag.py:540} INFO - Filling up the DagBag from /home/airflow/.local/lib/python3.8/site-packages/airflow/example_dags/tutorial_dag.py
[2024-05-16T01:05:41.518+0000] {processor.py:840} INFO - DAG(s) 'tutorial_dag' retrieved from /home/airflow/.local/lib/python3.8/site-packages/airflow/example_dags/tutorial_dag.py
[2024-05-16T01:05:41.542+0000] {logging_mixin.py:188} INFO - [2024-05-16T01:05:41.541+0000] {dag.py:3047} INFO - Sync 1 DAGs
[2024-05-16T01:05:41.553+0000] {logging_mixin.py:188} INFO - [2024-05-16T01:05:41.553+0000] {dag.py:3834} INFO - Setting next_dagrun for tutorial_dag to None, run_after=None
[2024-05-16T01:05:41.574+0000] {processor.py:183} INFO - Processing /home/airflow/.local/lib/python3.8/site-packages/airflow/example_dags/tutorial_dag.py took 0.069 seconds
[2024-05-16T01:06:12.689+0000] {processor.py:161} INFO - Started process (PID=1042) to work on /home/airflow/.local/lib/python3.8/site-packages/airflow/example_dags/tutorial_dag.py
[2024-05-16T01:06:12.693+0000] {processor.py:830} INFO - Processing file /home/airflow/.local/lib/python3.8/site-packages/airflow/example_dags/tutorial_dag.py for tasks to queue
[2024-05-16T01:06:12.696+0000] {logging_mixin.py:188} INFO - [2024-05-16T01:06:12.696+0000] {dagbag.py:540} INFO - Filling up the DagBag from /home/airflow/.local/lib/python3.8/site-packages/airflow/example_dags/tutorial_dag.py
[2024-05-16T01:06:12.704+0000] {processor.py:840} INFO - DAG(s) 'tutorial_dag' retrieved from /home/airflow/.local/lib/python3.8/site-packages/airflow/example_dags/tutorial_dag.py
[2024-05-16T01:06:12.730+0000] {logging_mixin.py:188} INFO - [2024-05-16T01:06:12.729+0000] {dag.py:3047} INFO - Sync 1 DAGs
[2024-05-16T01:06:12.743+0000] {logging_mixin.py:188} INFO - [2024-05-16T01:06:12.743+0000] {dag.py:3834} INFO - Setting next_dagrun for tutorial_dag to None, run_after=None
[2024-05-16T01:06:12.770+0000] {processor.py:183} INFO - Processing /home/airflow/.local/lib/python3.8/site-packages/airflow/example_dags/tutorial_dag.py took 0.088 seconds
[2024-05-16T01:06:43.374+0000] {processor.py:161} INFO - Started process (PID=1101) to work on /home/airflow/.local/lib/python3.8/site-packages/airflow/example_dags/tutorial_dag.py
[2024-05-16T01:06:43.376+0000] {processor.py:830} INFO - Processing file /home/airflow/.local/lib/python3.8/site-packages/airflow/example_dags/tutorial_dag.py for tasks to queue
[2024-05-16T01:06:43.378+0000] {logging_mixin.py:188} INFO - [2024-05-16T01:06:43.378+0000] {dagbag.py:540} INFO - Filling up the DagBag from /home/airflow/.local/lib/python3.8/site-packages/airflow/example_dags/tutorial_dag.py
[2024-05-16T01:06:43.384+0000] {processor.py:840} INFO - DAG(s) 'tutorial_dag' retrieved from /home/airflow/.local/lib/python3.8/site-packages/airflow/example_dags/tutorial_dag.py
[2024-05-16T01:06:43.409+0000] {logging_mixin.py:188} INFO - [2024-05-16T01:06:43.408+0000] {dag.py:3047} INFO - Sync 1 DAGs
[2024-05-16T01:06:43.421+0000] {logging_mixin.py:188} INFO - [2024-05-16T01:06:43.421+0000] {dag.py:3834} INFO - Setting next_dagrun for tutorial_dag to None, run_after=None
[2024-05-16T01:06:43.449+0000] {processor.py:183} INFO - Processing /home/airflow/.local/lib/python3.8/site-packages/airflow/example_dags/tutorial_dag.py took 0.079 seconds
[2024-05-16T01:07:14.043+0000] {processor.py:161} INFO - Started process (PID=1160) to work on /home/airflow/.local/lib/python3.8/site-packages/airflow/example_dags/tutorial_dag.py
[2024-05-16T01:07:14.045+0000] {processor.py:830} INFO - Processing file /home/airflow/.local/lib/python3.8/site-packages/airflow/example_dags/tutorial_dag.py for tasks to queue
[2024-05-16T01:07:14.048+0000] {logging_mixin.py:188} INFO - [2024-05-16T01:07:14.047+0000] {dagbag.py:540} INFO - Filling up the DagBag from /home/airflow/.local/lib/python3.8/site-packages/airflow/example_dags/tutorial_dag.py
[2024-05-16T01:07:14.057+0000] {processor.py:840} INFO - DAG(s) 'tutorial_dag' retrieved from /home/airflow/.local/lib/python3.8/site-packages/airflow/example_dags/tutorial_dag.py
[2024-05-16T01:07:14.086+0000] {logging_mixin.py:188} INFO - [2024-05-16T01:07:14.086+0000] {dag.py:3047} INFO - Sync 1 DAGs
[2024-05-16T01:07:14.105+0000] {logging_mixin.py:188} INFO - [2024-05-16T01:07:14.104+0000] {dag.py:3834} INFO - Setting next_dagrun for tutorial_dag to None, run_after=None
[2024-05-16T01:07:14.137+0000] {processor.py:183} INFO - Processing /home/airflow/.local/lib/python3.8/site-packages/airflow/example_dags/tutorial_dag.py took 0.099 seconds
[2024-05-16T01:07:45.288+0000] {processor.py:161} INFO - Started process (PID=1218) to work on /home/airflow/.local/lib/python3.8/site-packages/airflow/example_dags/tutorial_dag.py
[2024-05-16T01:07:45.291+0000] {processor.py:830} INFO - Processing file /home/airflow/.local/lib/python3.8/site-packages/airflow/example_dags/tutorial_dag.py for tasks to queue
[2024-05-16T01:07:45.293+0000] {logging_mixin.py:188} INFO - [2024-05-16T01:07:45.293+0000] {dagbag.py:540} INFO - Filling up the DagBag from /home/airflow/.local/lib/python3.8/site-packages/airflow/example_dags/tutorial_dag.py
[2024-05-16T01:07:45.302+0000] {processor.py:840} INFO - DAG(s) 'tutorial_dag' retrieved from /home/airflow/.local/lib/python3.8/site-packages/airflow/example_dags/tutorial_dag.py
[2024-05-16T01:07:45.334+0000] {logging_mixin.py:188} INFO - [2024-05-16T01:07:45.333+0000] {dag.py:3047} INFO - Sync 1 DAGs
[2024-05-16T01:07:45.348+0000] {logging_mixin.py:188} INFO - [2024-05-16T01:07:45.348+0000] {dag.py:3834} INFO - Setting next_dagrun for tutorial_dag to None, run_after=None
[2024-05-16T01:07:45.374+0000] {processor.py:183} INFO - Processing /home/airflow/.local/lib/python3.8/site-packages/airflow/example_dags/tutorial_dag.py took 0.090 seconds
[2024-05-16T01:08:15.468+0000] {processor.py:161} INFO - Started process (PID=1278) to work on /home/airflow/.local/lib/python3.8/site-packages/airflow/example_dags/tutorial_dag.py
[2024-05-16T01:08:15.470+0000] {processor.py:830} INFO - Processing file /home/airflow/.local/lib/python3.8/site-packages/airflow/example_dags/tutorial_dag.py for tasks to queue
[2024-05-16T01:08:15.473+0000] {logging_mixin.py:188} INFO - [2024-05-16T01:08:15.472+0000] {dagbag.py:540} INFO - Filling up the DagBag from /home/airflow/.local/lib/python3.8/site-packages/airflow/example_dags/tutorial_dag.py
[2024-05-16T01:08:15.479+0000] {processor.py:840} INFO - DAG(s) 'tutorial_dag' retrieved from /home/airflow/.local/lib/python3.8/site-packages/airflow/example_dags/tutorial_dag.py
[2024-05-16T01:08:15.503+0000] {logging_mixin.py:188} INFO - [2024-05-16T01:08:15.502+0000] {dag.py:3047} INFO - Sync 1 DAGs
[2024-05-16T01:08:15.517+0000] {logging_mixin.py:188} INFO - [2024-05-16T01:08:15.516+0000] {dag.py:3834} INFO - Setting next_dagrun for tutorial_dag to None, run_after=None
[2024-05-16T01:08:15.543+0000] {processor.py:183} INFO - Processing /home/airflow/.local/lib/python3.8/site-packages/airflow/example_dags/tutorial_dag.py took 0.079 seconds
[2024-05-16T01:08:47.111+0000] {processor.py:161} INFO - Started process (PID=1336) to work on /home/airflow/.local/lib/python3.8/site-packages/airflow/example_dags/tutorial_dag.py
[2024-05-16T01:08:47.113+0000] {processor.py:830} INFO - Processing file /home/airflow/.local/lib/python3.8/site-packages/airflow/example_dags/tutorial_dag.py for tasks to queue
[2024-05-16T01:08:47.117+0000] {logging_mixin.py:188} INFO - [2024-05-16T01:08:47.117+0000] {dagbag.py:540} INFO - Filling up the DagBag from /home/airflow/.local/lib/python3.8/site-packages/airflow/example_dags/tutorial_dag.py
[2024-05-16T01:08:47.127+0000] {processor.py:840} INFO - DAG(s) 'tutorial_dag' retrieved from /home/airflow/.local/lib/python3.8/site-packages/airflow/example_dags/tutorial_dag.py
[2024-05-16T01:08:47.166+0000] {logging_mixin.py:188} INFO - [2024-05-16T01:08:47.165+0000] {dag.py:3047} INFO - Sync 1 DAGs
[2024-05-16T01:08:47.184+0000] {logging_mixin.py:188} INFO - [2024-05-16T01:08:47.184+0000] {dag.py:3834} INFO - Setting next_dagrun for tutorial_dag to None, run_after=None
[2024-05-16T01:08:47.218+0000] {processor.py:183} INFO - Processing /home/airflow/.local/lib/python3.8/site-packages/airflow/example_dags/tutorial_dag.py took 0.112 seconds
[2024-05-16T01:09:17.629+0000] {processor.py:161} INFO - Started process (PID=1395) to work on /home/airflow/.local/lib/python3.8/site-packages/airflow/example_dags/tutorial_dag.py
[2024-05-16T01:09:17.630+0000] {processor.py:830} INFO - Processing file /home/airflow/.local/lib/python3.8/site-packages/airflow/example_dags/tutorial_dag.py for tasks to queue
[2024-05-16T01:09:17.633+0000] {logging_mixin.py:188} INFO - [2024-05-16T01:09:17.632+0000] {dagbag.py:540} INFO - Filling up the DagBag from /home/airflow/.local/lib/python3.8/site-packages/airflow/example_dags/tutorial_dag.py
[2024-05-16T01:09:17.638+0000] {processor.py:840} INFO - DAG(s) 'tutorial_dag' retrieved from /home/airflow/.local/lib/python3.8/site-packages/airflow/example_dags/tutorial_dag.py
[2024-05-16T01:09:17.661+0000] {logging_mixin.py:188} INFO - [2024-05-16T01:09:17.661+0000] {dag.py:3047} INFO - Sync 1 DAGs
[2024-05-16T01:09:17.673+0000] {logging_mixin.py:188} INFO - [2024-05-16T01:09:17.672+0000] {dag.py:3834} INFO - Setting next_dagrun for tutorial_dag to None, run_after=None
[2024-05-16T01:09:17.697+0000] {processor.py:183} INFO - Processing /home/airflow/.local/lib/python3.8/site-packages/airflow/example_dags/tutorial_dag.py took 0.072 seconds
[2024-05-16T01:09:47.995+0000] {processor.py:161} INFO - Started process (PID=1454) to work on /home/airflow/.local/lib/python3.8/site-packages/airflow/example_dags/tutorial_dag.py
[2024-05-16T01:09:47.996+0000] {processor.py:830} INFO - Processing file /home/airflow/.local/lib/python3.8/site-packages/airflow/example_dags/tutorial_dag.py for tasks to queue
[2024-05-16T01:09:47.998+0000] {logging_mixin.py:188} INFO - [2024-05-16T01:09:47.998+0000] {dagbag.py:540} INFO - Filling up the DagBag from /home/airflow/.local/lib/python3.8/site-packages/airflow/example_dags/tutorial_dag.py
[2024-05-16T01:09:48.004+0000] {processor.py:840} INFO - DAG(s) 'tutorial_dag' retrieved from /home/airflow/.local/lib/python3.8/site-packages/airflow/example_dags/tutorial_dag.py
[2024-05-16T01:09:48.025+0000] {logging_mixin.py:188} INFO - [2024-05-16T01:09:48.025+0000] {dag.py:3047} INFO - Sync 1 DAGs
[2024-05-16T01:09:48.038+0000] {logging_mixin.py:188} INFO - [2024-05-16T01:09:48.037+0000] {dag.py:3834} INFO - Setting next_dagrun for tutorial_dag to None, run_after=None
[2024-05-16T01:09:48.063+0000] {processor.py:183} INFO - Processing /home/airflow/.local/lib/python3.8/site-packages/airflow/example_dags/tutorial_dag.py took 0.071 seconds
[2024-05-16T01:10:18.641+0000] {processor.py:161} INFO - Started process (PID=1513) to work on /home/airflow/.local/lib/python3.8/site-packages/airflow/example_dags/tutorial_dag.py
[2024-05-16T01:10:18.643+0000] {processor.py:830} INFO - Processing file /home/airflow/.local/lib/python3.8/site-packages/airflow/example_dags/tutorial_dag.py for tasks to queue
[2024-05-16T01:10:18.645+0000] {logging_mixin.py:188} INFO - [2024-05-16T01:10:18.644+0000] {dagbag.py:540} INFO - Filling up the DagBag from /home/airflow/.local/lib/python3.8/site-packages/airflow/example_dags/tutorial_dag.py
[2024-05-16T01:10:18.650+0000] {processor.py:840} INFO - DAG(s) 'tutorial_dag' retrieved from /home/airflow/.local/lib/python3.8/site-packages/airflow/example_dags/tutorial_dag.py
[2024-05-16T01:10:18.667+0000] {logging_mixin.py:188} INFO - [2024-05-16T01:10:18.667+0000] {dag.py:3047} INFO - Sync 1 DAGs
[2024-05-16T01:10:18.680+0000] {logging_mixin.py:188} INFO - [2024-05-16T01:10:18.680+0000] {dag.py:3834} INFO - Setting next_dagrun for tutorial_dag to None, run_after=None
[2024-05-16T01:10:18.702+0000] {processor.py:183} INFO - Processing /home/airflow/.local/lib/python3.8/site-packages/airflow/example_dags/tutorial_dag.py took 0.065 seconds
[2024-05-16T01:10:49.356+0000] {processor.py:161} INFO - Started process (PID=1572) to work on /home/airflow/.local/lib/python3.8/site-packages/airflow/example_dags/tutorial_dag.py
[2024-05-16T01:10:49.358+0000] {processor.py:830} INFO - Processing file /home/airflow/.local/lib/python3.8/site-packages/airflow/example_dags/tutorial_dag.py for tasks to queue
[2024-05-16T01:10:49.361+0000] {logging_mixin.py:188} INFO - [2024-05-16T01:10:49.360+0000] {dagbag.py:540} INFO - Filling up the DagBag from /home/airflow/.local/lib/python3.8/site-packages/airflow/example_dags/tutorial_dag.py
[2024-05-16T01:10:49.367+0000] {processor.py:840} INFO - DAG(s) 'tutorial_dag' retrieved from /home/airflow/.local/lib/python3.8/site-packages/airflow/example_dags/tutorial_dag.py
[2024-05-16T01:10:49.388+0000] {logging_mixin.py:188} INFO - [2024-05-16T01:10:49.388+0000] {dag.py:3047} INFO - Sync 1 DAGs
[2024-05-16T01:10:49.401+0000] {logging_mixin.py:188} INFO - [2024-05-16T01:10:49.401+0000] {dag.py:3834} INFO - Setting next_dagrun for tutorial_dag to None, run_after=None
[2024-05-16T01:10:49.422+0000] {processor.py:183} INFO - Processing /home/airflow/.local/lib/python3.8/site-packages/airflow/example_dags/tutorial_dag.py took 0.070 seconds
[2024-05-16T01:11:19.755+0000] {processor.py:161} INFO - Started process (PID=1631) to work on /home/airflow/.local/lib/python3.8/site-packages/airflow/example_dags/tutorial_dag.py
[2024-05-16T01:11:19.756+0000] {processor.py:830} INFO - Processing file /home/airflow/.local/lib/python3.8/site-packages/airflow/example_dags/tutorial_dag.py for tasks to queue
[2024-05-16T01:11:19.759+0000] {logging_mixin.py:188} INFO - [2024-05-16T01:11:19.758+0000] {dagbag.py:540} INFO - Filling up the DagBag from /home/airflow/.local/lib/python3.8/site-packages/airflow/example_dags/tutorial_dag.py
[2024-05-16T01:11:19.764+0000] {processor.py:840} INFO - DAG(s) 'tutorial_dag' retrieved from /home/airflow/.local/lib/python3.8/site-packages/airflow/example_dags/tutorial_dag.py
[2024-05-16T01:11:19.794+0000] {logging_mixin.py:188} INFO - [2024-05-16T01:11:19.794+0000] {dag.py:3047} INFO - Sync 1 DAGs
[2024-05-16T01:11:19.825+0000] {logging_mixin.py:188} INFO - [2024-05-16T01:11:19.825+0000] {dag.py:3834} INFO - Setting next_dagrun for tutorial_dag to None, run_after=None
[2024-05-16T01:11:19.862+0000] {processor.py:183} INFO - Processing /home/airflow/.local/lib/python3.8/site-packages/airflow/example_dags/tutorial_dag.py took 0.109 seconds
[2024-05-16T01:11:50.601+0000] {processor.py:161} INFO - Started process (PID=1690) to work on /home/airflow/.local/lib/python3.8/site-packages/airflow/example_dags/tutorial_dag.py
[2024-05-16T01:11:50.602+0000] {processor.py:830} INFO - Processing file /home/airflow/.local/lib/python3.8/site-packages/airflow/example_dags/tutorial_dag.py for tasks to queue
[2024-05-16T01:11:50.604+0000] {logging_mixin.py:188} INFO - [2024-05-16T01:11:50.604+0000] {dagbag.py:540} INFO - Filling up the DagBag from /home/airflow/.local/lib/python3.8/site-packages/airflow/example_dags/tutorial_dag.py
[2024-05-16T01:11:50.609+0000] {processor.py:840} INFO - DAG(s) 'tutorial_dag' retrieved from /home/airflow/.local/lib/python3.8/site-packages/airflow/example_dags/tutorial_dag.py
[2024-05-16T01:11:50.629+0000] {logging_mixin.py:188} INFO - [2024-05-16T01:11:50.629+0000] {dag.py:3047} INFO - Sync 1 DAGs
[2024-05-16T01:11:50.641+0000] {logging_mixin.py:188} INFO - [2024-05-16T01:11:50.640+0000] {dag.py:3834} INFO - Setting next_dagrun for tutorial_dag to None, run_after=None
[2024-05-16T01:11:50.662+0000] {processor.py:183} INFO - Processing /home/airflow/.local/lib/python3.8/site-packages/airflow/example_dags/tutorial_dag.py took 0.065 seconds
[2024-05-16T01:12:20.995+0000] {processor.py:161} INFO - Started process (PID=1750) to work on /home/airflow/.local/lib/python3.8/site-packages/airflow/example_dags/tutorial_dag.py
[2024-05-16T01:12:20.996+0000] {processor.py:830} INFO - Processing file /home/airflow/.local/lib/python3.8/site-packages/airflow/example_dags/tutorial_dag.py for tasks to queue
[2024-05-16T01:12:20.998+0000] {logging_mixin.py:188} INFO - [2024-05-16T01:12:20.998+0000] {dagbag.py:540} INFO - Filling up the DagBag from /home/airflow/.local/lib/python3.8/site-packages/airflow/example_dags/tutorial_dag.py
[2024-05-16T01:12:21.003+0000] {processor.py:840} INFO - DAG(s) 'tutorial_dag' retrieved from /home/airflow/.local/lib/python3.8/site-packages/airflow/example_dags/tutorial_dag.py
[2024-05-16T01:12:21.021+0000] {logging_mixin.py:188} INFO - [2024-05-16T01:12:21.020+0000] {dag.py:3047} INFO - Sync 1 DAGs
[2024-05-16T01:12:21.031+0000] {logging_mixin.py:188} INFO - [2024-05-16T01:12:21.031+0000] {dag.py:3834} INFO - Setting next_dagrun for tutorial_dag to None, run_after=None
[2024-05-16T01:12:21.050+0000] {processor.py:183} INFO - Processing /home/airflow/.local/lib/python3.8/site-packages/airflow/example_dags/tutorial_dag.py took 0.057 seconds
[2024-05-16T01:12:51.775+0000] {processor.py:161} INFO - Started process (PID=1808) to work on /home/airflow/.local/lib/python3.8/site-packages/airflow/example_dags/tutorial_dag.py
[2024-05-16T01:12:51.777+0000] {processor.py:830} INFO - Processing file /home/airflow/.local/lib/python3.8/site-packages/airflow/example_dags/tutorial_dag.py for tasks to queue
[2024-05-16T01:12:51.779+0000] {logging_mixin.py:188} INFO - [2024-05-16T01:12:51.779+0000] {dagbag.py:540} INFO - Filling up the DagBag from /home/airflow/.local/lib/python3.8/site-packages/airflow/example_dags/tutorial_dag.py
[2024-05-16T01:12:51.785+0000] {processor.py:840} INFO - DAG(s) 'tutorial_dag' retrieved from /home/airflow/.local/lib/python3.8/site-packages/airflow/example_dags/tutorial_dag.py
[2024-05-16T01:12:51.805+0000] {logging_mixin.py:188} INFO - [2024-05-16T01:12:51.805+0000] {dag.py:3047} INFO - Sync 1 DAGs
[2024-05-16T01:12:51.816+0000] {logging_mixin.py:188} INFO - [2024-05-16T01:12:51.816+0000] {dag.py:3834} INFO - Setting next_dagrun for tutorial_dag to None, run_after=None
[2024-05-16T01:12:51.843+0000] {processor.py:183} INFO - Processing /home/airflow/.local/lib/python3.8/site-packages/airflow/example_dags/tutorial_dag.py took 0.071 seconds
[2024-05-16T01:13:22.997+0000] {processor.py:161} INFO - Started process (PID=1867) to work on /home/airflow/.local/lib/python3.8/site-packages/airflow/example_dags/tutorial_dag.py
[2024-05-16T01:13:22.999+0000] {processor.py:830} INFO - Processing file /home/airflow/.local/lib/python3.8/site-packages/airflow/example_dags/tutorial_dag.py for tasks to queue
[2024-05-16T01:13:23.002+0000] {logging_mixin.py:188} INFO - [2024-05-16T01:13:23.002+0000] {dagbag.py:540} INFO - Filling up the DagBag from /home/airflow/.local/lib/python3.8/site-packages/airflow/example_dags/tutorial_dag.py
[2024-05-16T01:13:23.012+0000] {processor.py:840} INFO - DAG(s) 'tutorial_dag' retrieved from /home/airflow/.local/lib/python3.8/site-packages/airflow/example_dags/tutorial_dag.py
[2024-05-16T01:13:23.040+0000] {logging_mixin.py:188} INFO - [2024-05-16T01:13:23.040+0000] {dag.py:3047} INFO - Sync 1 DAGs
[2024-05-16T01:13:23.055+0000] {logging_mixin.py:188} INFO - [2024-05-16T01:13:23.055+0000] {dag.py:3834} INFO - Setting next_dagrun for tutorial_dag to None, run_after=None
[2024-05-16T01:13:23.084+0000] {processor.py:183} INFO - Processing /home/airflow/.local/lib/python3.8/site-packages/airflow/example_dags/tutorial_dag.py took 0.091 seconds
[2024-05-16T01:13:54.174+0000] {processor.py:161} INFO - Started process (PID=1926) to work on /home/airflow/.local/lib/python3.8/site-packages/airflow/example_dags/tutorial_dag.py
[2024-05-16T01:13:54.176+0000] {processor.py:830} INFO - Processing file /home/airflow/.local/lib/python3.8/site-packages/airflow/example_dags/tutorial_dag.py for tasks to queue
[2024-05-16T01:13:54.179+0000] {logging_mixin.py:188} INFO - [2024-05-16T01:13:54.179+0000] {dagbag.py:540} INFO - Filling up the DagBag from /home/airflow/.local/lib/python3.8/site-packages/airflow/example_dags/tutorial_dag.py
[2024-05-16T01:13:54.185+0000] {processor.py:840} INFO - DAG(s) 'tutorial_dag' retrieved from /home/airflow/.local/lib/python3.8/site-packages/airflow/example_dags/tutorial_dag.py
[2024-05-16T01:13:54.207+0000] {logging_mixin.py:188} INFO - [2024-05-16T01:13:54.207+0000] {dag.py:3047} INFO - Sync 1 DAGs
[2024-05-16T01:13:54.218+0000] {logging_mixin.py:188} INFO - [2024-05-16T01:13:54.218+0000] {dag.py:3834} INFO - Setting next_dagrun for tutorial_dag to None, run_after=None
[2024-05-16T01:13:54.244+0000] {processor.py:183} INFO - Processing /home/airflow/.local/lib/python3.8/site-packages/airflow/example_dags/tutorial_dag.py took 0.074 seconds
[2024-05-16T01:14:24.792+0000] {processor.py:161} INFO - Started process (PID=1985) to work on /home/airflow/.local/lib/python3.8/site-packages/airflow/example_dags/tutorial_dag.py
[2024-05-16T01:14:24.793+0000] {processor.py:830} INFO - Processing file /home/airflow/.local/lib/python3.8/site-packages/airflow/example_dags/tutorial_dag.py for tasks to queue
[2024-05-16T01:14:24.796+0000] {logging_mixin.py:188} INFO - [2024-05-16T01:14:24.795+0000] {dagbag.py:540} INFO - Filling up the DagBag from /home/airflow/.local/lib/python3.8/site-packages/airflow/example_dags/tutorial_dag.py
[2024-05-16T01:14:24.802+0000] {processor.py:840} INFO - DAG(s) 'tutorial_dag' retrieved from /home/airflow/.local/lib/python3.8/site-packages/airflow/example_dags/tutorial_dag.py
[2024-05-16T01:14:24.823+0000] {logging_mixin.py:188} INFO - [2024-05-16T01:14:24.822+0000] {dag.py:3047} INFO - Sync 1 DAGs
[2024-05-16T01:14:24.836+0000] {logging_mixin.py:188} INFO - [2024-05-16T01:14:24.836+0000] {dag.py:3834} INFO - Setting next_dagrun for tutorial_dag to None, run_after=None
[2024-05-16T01:14:24.860+0000] {processor.py:183} INFO - Processing /home/airflow/.local/lib/python3.8/site-packages/airflow/example_dags/tutorial_dag.py took 0.072 seconds
[2024-05-16T01:14:55.656+0000] {processor.py:161} INFO - Started process (PID=2044) to work on /home/airflow/.local/lib/python3.8/site-packages/airflow/example_dags/tutorial_dag.py
[2024-05-16T01:14:55.657+0000] {processor.py:830} INFO - Processing file /home/airflow/.local/lib/python3.8/site-packages/airflow/example_dags/tutorial_dag.py for tasks to queue
[2024-05-16T01:14:55.660+0000] {logging_mixin.py:188} INFO - [2024-05-16T01:14:55.660+0000] {dagbag.py:540} INFO - Filling up the DagBag from /home/airflow/.local/lib/python3.8/site-packages/airflow/example_dags/tutorial_dag.py
[2024-05-16T01:14:55.667+0000] {processor.py:840} INFO - DAG(s) 'tutorial_dag' retrieved from /home/airflow/.local/lib/python3.8/site-packages/airflow/example_dags/tutorial_dag.py
[2024-05-16T01:14:55.689+0000] {logging_mixin.py:188} INFO - [2024-05-16T01:14:55.688+0000] {dag.py:3047} INFO - Sync 1 DAGs
[2024-05-16T01:14:55.704+0000] {logging_mixin.py:188} INFO - [2024-05-16T01:14:55.703+0000] {dag.py:3834} INFO - Setting next_dagrun for tutorial_dag to None, run_after=None
[2024-05-16T01:14:55.733+0000] {processor.py:183} INFO - Processing /home/airflow/.local/lib/python3.8/site-packages/airflow/example_dags/tutorial_dag.py took 0.081 seconds
[2024-05-16T01:15:26.465+0000] {processor.py:161} INFO - Started process (PID=2103) to work on /home/airflow/.local/lib/python3.8/site-packages/airflow/example_dags/tutorial_dag.py
[2024-05-16T01:15:26.467+0000] {processor.py:830} INFO - Processing file /home/airflow/.local/lib/python3.8/site-packages/airflow/example_dags/tutorial_dag.py for tasks to queue
[2024-05-16T01:15:26.471+0000] {logging_mixin.py:188} INFO - [2024-05-16T01:15:26.470+0000] {dagbag.py:540} INFO - Filling up the DagBag from /home/airflow/.local/lib/python3.8/site-packages/airflow/example_dags/tutorial_dag.py
[2024-05-16T01:15:26.478+0000] {processor.py:840} INFO - DAG(s) 'tutorial_dag' retrieved from /home/airflow/.local/lib/python3.8/site-packages/airflow/example_dags/tutorial_dag.py
[2024-05-16T01:15:26.500+0000] {logging_mixin.py:188} INFO - [2024-05-16T01:15:26.500+0000] {dag.py:3047} INFO - Sync 1 DAGs
[2024-05-16T01:15:26.513+0000] {logging_mixin.py:188} INFO - [2024-05-16T01:15:26.512+0000] {dag.py:3834} INFO - Setting next_dagrun for tutorial_dag to None, run_after=None
[2024-05-16T01:15:26.539+0000] {processor.py:183} INFO - Processing /home/airflow/.local/lib/python3.8/site-packages/airflow/example_dags/tutorial_dag.py took 0.078 seconds
[2024-05-16T01:15:57.801+0000] {processor.py:161} INFO - Started process (PID=2162) to work on /home/airflow/.local/lib/python3.8/site-packages/airflow/example_dags/tutorial_dag.py
[2024-05-16T01:15:57.803+0000] {processor.py:830} INFO - Processing file /home/airflow/.local/lib/python3.8/site-packages/airflow/example_dags/tutorial_dag.py for tasks to queue
[2024-05-16T01:15:57.807+0000] {logging_mixin.py:188} INFO - [2024-05-16T01:15:57.806+0000] {dagbag.py:540} INFO - Filling up the DagBag from /home/airflow/.local/lib/python3.8/site-packages/airflow/example_dags/tutorial_dag.py
[2024-05-16T01:15:57.816+0000] {processor.py:840} INFO - DAG(s) 'tutorial_dag' retrieved from /home/airflow/.local/lib/python3.8/site-packages/airflow/example_dags/tutorial_dag.py
[2024-05-16T01:15:57.848+0000] {logging_mixin.py:188} INFO - [2024-05-16T01:15:57.847+0000] {dag.py:3047} INFO - Sync 1 DAGs
[2024-05-16T01:15:57.866+0000] {logging_mixin.py:188} INFO - [2024-05-16T01:15:57.865+0000] {dag.py:3834} INFO - Setting next_dagrun for tutorial_dag to None, run_after=None
[2024-05-16T01:15:57.898+0000] {processor.py:183} INFO - Processing /home/airflow/.local/lib/python3.8/site-packages/airflow/example_dags/tutorial_dag.py took 0.101 seconds
[2024-05-16T01:16:28.431+0000] {processor.py:161} INFO - Started process (PID=2221) to work on /home/airflow/.local/lib/python3.8/site-packages/airflow/example_dags/tutorial_dag.py
[2024-05-16T01:16:28.432+0000] {processor.py:830} INFO - Processing file /home/airflow/.local/lib/python3.8/site-packages/airflow/example_dags/tutorial_dag.py for tasks to queue
[2024-05-16T01:16:28.435+0000] {logging_mixin.py:188} INFO - [2024-05-16T01:16:28.435+0000] {dagbag.py:540} INFO - Filling up the DagBag from /home/airflow/.local/lib/python3.8/site-packages/airflow/example_dags/tutorial_dag.py
[2024-05-16T01:16:28.443+0000] {processor.py:840} INFO - DAG(s) 'tutorial_dag' retrieved from /home/airflow/.local/lib/python3.8/site-packages/airflow/example_dags/tutorial_dag.py
[2024-05-16T01:16:28.468+0000] {logging_mixin.py:188} INFO - [2024-05-16T01:16:28.468+0000] {dag.py:3047} INFO - Sync 1 DAGs
[2024-05-16T01:16:28.485+0000] {logging_mixin.py:188} INFO - [2024-05-16T01:16:28.485+0000] {dag.py:3834} INFO - Setting next_dagrun for tutorial_dag to None, run_after=None
[2024-05-16T01:16:28.514+0000] {processor.py:183} INFO - Processing /home/airflow/.local/lib/python3.8/site-packages/airflow/example_dags/tutorial_dag.py took 0.088 seconds
[2024-05-16T01:16:58.998+0000] {processor.py:161} INFO - Started process (PID=2281) to work on /home/airflow/.local/lib/python3.8/site-packages/airflow/example_dags/tutorial_dag.py
[2024-05-16T01:16:59.000+0000] {processor.py:830} INFO - Processing file /home/airflow/.local/lib/python3.8/site-packages/airflow/example_dags/tutorial_dag.py for tasks to queue
[2024-05-16T01:16:59.002+0000] {logging_mixin.py:188} INFO - [2024-05-16T01:16:59.002+0000] {dagbag.py:540} INFO - Filling up the DagBag from /home/airflow/.local/lib/python3.8/site-packages/airflow/example_dags/tutorial_dag.py
[2024-05-16T01:16:59.009+0000] {processor.py:840} INFO - DAG(s) 'tutorial_dag' retrieved from /home/airflow/.local/lib/python3.8/site-packages/airflow/example_dags/tutorial_dag.py
[2024-05-16T01:16:59.034+0000] {logging_mixin.py:188} INFO - [2024-05-16T01:16:59.034+0000] {dag.py:3047} INFO - Sync 1 DAGs
[2024-05-16T01:16:59.049+0000] {logging_mixin.py:188} INFO - [2024-05-16T01:16:59.049+0000] {dag.py:3834} INFO - Setting next_dagrun for tutorial_dag to None, run_after=None
[2024-05-16T01:16:59.078+0000] {processor.py:183} INFO - Processing /home/airflow/.local/lib/python3.8/site-packages/airflow/example_dags/tutorial_dag.py took 0.084 seconds
[2024-05-16T01:17:29.177+0000] {processor.py:161} INFO - Started process (PID=2338) to work on /home/airflow/.local/lib/python3.8/site-packages/airflow/example_dags/tutorial_dag.py
[2024-05-16T01:17:29.179+0000] {processor.py:830} INFO - Processing file /home/airflow/.local/lib/python3.8/site-packages/airflow/example_dags/tutorial_dag.py for tasks to queue
[2024-05-16T01:17:29.183+0000] {logging_mixin.py:188} INFO - [2024-05-16T01:17:29.183+0000] {dagbag.py:540} INFO - Filling up the DagBag from /home/airflow/.local/lib/python3.8/site-packages/airflow/example_dags/tutorial_dag.py
[2024-05-16T01:17:29.191+0000] {processor.py:840} INFO - DAG(s) 'tutorial_dag' retrieved from /home/airflow/.local/lib/python3.8/site-packages/airflow/example_dags/tutorial_dag.py
[2024-05-16T01:17:29.222+0000] {logging_mixin.py:188} INFO - [2024-05-16T01:17:29.222+0000] {dag.py:3047} INFO - Sync 1 DAGs
[2024-05-16T01:17:29.240+0000] {logging_mixin.py:188} INFO - [2024-05-16T01:17:29.239+0000] {dag.py:3834} INFO - Setting next_dagrun for tutorial_dag to None, run_after=None
[2024-05-16T01:17:29.276+0000] {processor.py:183} INFO - Processing /home/airflow/.local/lib/python3.8/site-packages/airflow/example_dags/tutorial_dag.py took 0.104 seconds
[2024-05-16T01:17:59.696+0000] {processor.py:161} INFO - Started process (PID=2396) to work on /home/airflow/.local/lib/python3.8/site-packages/airflow/example_dags/tutorial_dag.py
[2024-05-16T01:17:59.698+0000] {processor.py:830} INFO - Processing file /home/airflow/.local/lib/python3.8/site-packages/airflow/example_dags/tutorial_dag.py for tasks to queue
[2024-05-16T01:17:59.701+0000] {logging_mixin.py:188} INFO - [2024-05-16T01:17:59.701+0000] {dagbag.py:540} INFO - Filling up the DagBag from /home/airflow/.local/lib/python3.8/site-packages/airflow/example_dags/tutorial_dag.py
[2024-05-16T01:17:59.708+0000] {processor.py:840} INFO - DAG(s) 'tutorial_dag' retrieved from /home/airflow/.local/lib/python3.8/site-packages/airflow/example_dags/tutorial_dag.py
[2024-05-16T01:17:59.736+0000] {logging_mixin.py:188} INFO - [2024-05-16T01:17:59.736+0000] {dag.py:3047} INFO - Sync 1 DAGs
[2024-05-16T01:17:59.753+0000] {logging_mixin.py:188} INFO - [2024-05-16T01:17:59.753+0000] {dag.py:3834} INFO - Setting next_dagrun for tutorial_dag to None, run_after=None
[2024-05-16T01:17:59.782+0000] {processor.py:183} INFO - Processing /home/airflow/.local/lib/python3.8/site-packages/airflow/example_dags/tutorial_dag.py took 0.090 seconds
[2024-05-16T01:18:30.246+0000] {processor.py:161} INFO - Started process (PID=2455) to work on /home/airflow/.local/lib/python3.8/site-packages/airflow/example_dags/tutorial_dag.py
[2024-05-16T01:18:30.248+0000] {processor.py:830} INFO - Processing file /home/airflow/.local/lib/python3.8/site-packages/airflow/example_dags/tutorial_dag.py for tasks to queue
[2024-05-16T01:18:30.251+0000] {logging_mixin.py:188} INFO - [2024-05-16T01:18:30.251+0000] {dagbag.py:540} INFO - Filling up the DagBag from /home/airflow/.local/lib/python3.8/site-packages/airflow/example_dags/tutorial_dag.py
[2024-05-16T01:18:30.261+0000] {processor.py:840} INFO - DAG(s) 'tutorial_dag' retrieved from /home/airflow/.local/lib/python3.8/site-packages/airflow/example_dags/tutorial_dag.py
[2024-05-16T01:18:30.297+0000] {logging_mixin.py:188} INFO - [2024-05-16T01:18:30.296+0000] {dag.py:3047} INFO - Sync 1 DAGs
[2024-05-16T01:18:30.321+0000] {logging_mixin.py:188} INFO - [2024-05-16T01:18:30.320+0000] {dag.py:3834} INFO - Setting next_dagrun for tutorial_dag to None, run_after=None
[2024-05-16T01:18:30.363+0000] {processor.py:183} INFO - Processing /home/airflow/.local/lib/python3.8/site-packages/airflow/example_dags/tutorial_dag.py took 0.123 seconds
[2024-05-16T01:19:00.601+0000] {processor.py:161} INFO - Started process (PID=2514) to work on /home/airflow/.local/lib/python3.8/site-packages/airflow/example_dags/tutorial_dag.py
[2024-05-16T01:19:00.603+0000] {processor.py:830} INFO - Processing file /home/airflow/.local/lib/python3.8/site-packages/airflow/example_dags/tutorial_dag.py for tasks to queue
[2024-05-16T01:19:00.606+0000] {logging_mixin.py:188} INFO - [2024-05-16T01:19:00.606+0000] {dagbag.py:540} INFO - Filling up the DagBag from /home/airflow/.local/lib/python3.8/site-packages/airflow/example_dags/tutorial_dag.py
[2024-05-16T01:19:00.614+0000] {processor.py:840} INFO - DAG(s) 'tutorial_dag' retrieved from /home/airflow/.local/lib/python3.8/site-packages/airflow/example_dags/tutorial_dag.py
[2024-05-16T01:19:00.644+0000] {logging_mixin.py:188} INFO - [2024-05-16T01:19:00.643+0000] {dag.py:3047} INFO - Sync 1 DAGs
[2024-05-16T01:19:00.662+0000] {logging_mixin.py:188} INFO - [2024-05-16T01:19:00.661+0000] {dag.py:3834} INFO - Setting next_dagrun for tutorial_dag to None, run_after=None
[2024-05-16T01:19:00.694+0000] {processor.py:183} INFO - Processing /home/airflow/.local/lib/python3.8/site-packages/airflow/example_dags/tutorial_dag.py took 0.098 seconds
[2024-05-16T01:19:31.778+0000] {processor.py:161} INFO - Started process (PID=2573) to work on /home/airflow/.local/lib/python3.8/site-packages/airflow/example_dags/tutorial_dag.py
[2024-05-16T01:19:31.780+0000] {processor.py:830} INFO - Processing file /home/airflow/.local/lib/python3.8/site-packages/airflow/example_dags/tutorial_dag.py for tasks to queue
[2024-05-16T01:19:31.783+0000] {logging_mixin.py:188} INFO - [2024-05-16T01:19:31.783+0000] {dagbag.py:540} INFO - Filling up the DagBag from /home/airflow/.local/lib/python3.8/site-packages/airflow/example_dags/tutorial_dag.py
[2024-05-16T01:19:31.793+0000] {processor.py:840} INFO - DAG(s) 'tutorial_dag' retrieved from /home/airflow/.local/lib/python3.8/site-packages/airflow/example_dags/tutorial_dag.py
[2024-05-16T01:19:31.830+0000] {logging_mixin.py:188} INFO - [2024-05-16T01:19:31.829+0000] {dag.py:3047} INFO - Sync 1 DAGs
[2024-05-16T01:19:31.850+0000] {logging_mixin.py:188} INFO - [2024-05-16T01:19:31.850+0000] {dag.py:3834} INFO - Setting next_dagrun for tutorial_dag to None, run_after=None
[2024-05-16T01:19:31.893+0000] {processor.py:183} INFO - Processing /home/airflow/.local/lib/python3.8/site-packages/airflow/example_dags/tutorial_dag.py took 0.121 seconds
[2024-05-16T01:20:02.751+0000] {processor.py:161} INFO - Started process (PID=2632) to work on /home/airflow/.local/lib/python3.8/site-packages/airflow/example_dags/tutorial_dag.py
[2024-05-16T01:20:02.753+0000] {processor.py:830} INFO - Processing file /home/airflow/.local/lib/python3.8/site-packages/airflow/example_dags/tutorial_dag.py for tasks to queue
[2024-05-16T01:20:02.757+0000] {logging_mixin.py:188} INFO - [2024-05-16T01:20:02.757+0000] {dagbag.py:540} INFO - Filling up the DagBag from /home/airflow/.local/lib/python3.8/site-packages/airflow/example_dags/tutorial_dag.py
[2024-05-16T01:20:02.766+0000] {processor.py:840} INFO - DAG(s) 'tutorial_dag' retrieved from /home/airflow/.local/lib/python3.8/site-packages/airflow/example_dags/tutorial_dag.py
[2024-05-16T01:20:02.795+0000] {logging_mixin.py:188} INFO - [2024-05-16T01:20:02.795+0000] {dag.py:3047} INFO - Sync 1 DAGs
[2024-05-16T01:20:02.811+0000] {logging_mixin.py:188} INFO - [2024-05-16T01:20:02.811+0000] {dag.py:3834} INFO - Setting next_dagrun for tutorial_dag to None, run_after=None
[2024-05-16T01:20:02.842+0000] {processor.py:183} INFO - Processing /home/airflow/.local/lib/python3.8/site-packages/airflow/example_dags/tutorial_dag.py took 0.097 seconds
[2024-05-16T01:20:33.288+0000] {processor.py:161} INFO - Started process (PID=2691) to work on /home/airflow/.local/lib/python3.8/site-packages/airflow/example_dags/tutorial_dag.py
[2024-05-16T01:20:33.293+0000] {processor.py:830} INFO - Processing file /home/airflow/.local/lib/python3.8/site-packages/airflow/example_dags/tutorial_dag.py for tasks to queue
[2024-05-16T01:20:33.297+0000] {logging_mixin.py:188} INFO - [2024-05-16T01:20:33.296+0000] {dagbag.py:540} INFO - Filling up the DagBag from /home/airflow/.local/lib/python3.8/site-packages/airflow/example_dags/tutorial_dag.py
[2024-05-16T01:20:33.304+0000] {processor.py:840} INFO - DAG(s) 'tutorial_dag' retrieved from /home/airflow/.local/lib/python3.8/site-packages/airflow/example_dags/tutorial_dag.py
[2024-05-16T01:20:33.333+0000] {logging_mixin.py:188} INFO - [2024-05-16T01:20:33.333+0000] {dag.py:3047} INFO - Sync 1 DAGs
[2024-05-16T01:20:33.352+0000] {logging_mixin.py:188} INFO - [2024-05-16T01:20:33.351+0000] {dag.py:3834} INFO - Setting next_dagrun for tutorial_dag to None, run_after=None
[2024-05-16T01:20:33.388+0000] {processor.py:183} INFO - Processing /home/airflow/.local/lib/python3.8/site-packages/airflow/example_dags/tutorial_dag.py took 0.105 seconds
[2024-05-16T01:21:04.041+0000] {processor.py:161} INFO - Started process (PID=2750) to work on /home/airflow/.local/lib/python3.8/site-packages/airflow/example_dags/tutorial_dag.py
[2024-05-16T01:21:04.043+0000] {processor.py:830} INFO - Processing file /home/airflow/.local/lib/python3.8/site-packages/airflow/example_dags/tutorial_dag.py for tasks to queue
[2024-05-16T01:21:04.046+0000] {logging_mixin.py:188} INFO - [2024-05-16T01:21:04.046+0000] {dagbag.py:540} INFO - Filling up the DagBag from /home/airflow/.local/lib/python3.8/site-packages/airflow/example_dags/tutorial_dag.py
[2024-05-16T01:21:04.054+0000] {processor.py:840} INFO - DAG(s) 'tutorial_dag' retrieved from /home/airflow/.local/lib/python3.8/site-packages/airflow/example_dags/tutorial_dag.py
[2024-05-16T01:21:04.087+0000] {logging_mixin.py:188} INFO - [2024-05-16T01:21:04.086+0000] {dag.py:3047} INFO - Sync 1 DAGs
[2024-05-16T01:21:04.104+0000] {logging_mixin.py:188} INFO - [2024-05-16T01:21:04.104+0000] {dag.py:3834} INFO - Setting next_dagrun for tutorial_dag to None, run_after=None
[2024-05-16T01:21:04.136+0000] {processor.py:183} INFO - Processing /home/airflow/.local/lib/python3.8/site-packages/airflow/example_dags/tutorial_dag.py took 0.099 seconds
[2024-05-16T01:21:34.560+0000] {processor.py:161} INFO - Started process (PID=2809) to work on /home/airflow/.local/lib/python3.8/site-packages/airflow/example_dags/tutorial_dag.py
[2024-05-16T01:21:34.563+0000] {processor.py:830} INFO - Processing file /home/airflow/.local/lib/python3.8/site-packages/airflow/example_dags/tutorial_dag.py for tasks to queue
[2024-05-16T01:21:34.566+0000] {logging_mixin.py:188} INFO - [2024-05-16T01:21:34.565+0000] {dagbag.py:540} INFO - Filling up the DagBag from /home/airflow/.local/lib/python3.8/site-packages/airflow/example_dags/tutorial_dag.py
[2024-05-16T01:21:34.574+0000] {processor.py:840} INFO - DAG(s) 'tutorial_dag' retrieved from /home/airflow/.local/lib/python3.8/site-packages/airflow/example_dags/tutorial_dag.py
[2024-05-16T01:21:34.607+0000] {logging_mixin.py:188} INFO - [2024-05-16T01:21:34.606+0000] {dag.py:3047} INFO - Sync 1 DAGs
[2024-05-16T01:21:34.628+0000] {logging_mixin.py:188} INFO - [2024-05-16T01:21:34.628+0000] {dag.py:3834} INFO - Setting next_dagrun for tutorial_dag to None, run_after=None
[2024-05-16T01:21:34.699+0000] {processor.py:183} INFO - Processing /home/airflow/.local/lib/python3.8/site-packages/airflow/example_dags/tutorial_dag.py took 0.144 seconds
[2024-05-16T01:22:05.376+0000] {processor.py:161} INFO - Started process (PID=2868) to work on /home/airflow/.local/lib/python3.8/site-packages/airflow/example_dags/tutorial_dag.py
[2024-05-16T01:22:05.379+0000] {processor.py:830} INFO - Processing file /home/airflow/.local/lib/python3.8/site-packages/airflow/example_dags/tutorial_dag.py for tasks to queue
[2024-05-16T01:22:05.384+0000] {logging_mixin.py:188} INFO - [2024-05-16T01:22:05.383+0000] {dagbag.py:540} INFO - Filling up the DagBag from /home/airflow/.local/lib/python3.8/site-packages/airflow/example_dags/tutorial_dag.py
[2024-05-16T01:22:05.397+0000] {processor.py:840} INFO - DAG(s) 'tutorial_dag' retrieved from /home/airflow/.local/lib/python3.8/site-packages/airflow/example_dags/tutorial_dag.py
[2024-05-16T01:22:05.443+0000] {logging_mixin.py:188} INFO - [2024-05-16T01:22:05.443+0000] {dag.py:3047} INFO - Sync 1 DAGs
[2024-05-16T01:22:05.470+0000] {logging_mixin.py:188} INFO - [2024-05-16T01:22:05.470+0000] {dag.py:3834} INFO - Setting next_dagrun for tutorial_dag to None, run_after=None
[2024-05-16T01:22:05.515+0000] {processor.py:183} INFO - Processing /home/airflow/.local/lib/python3.8/site-packages/airflow/example_dags/tutorial_dag.py took 0.147 seconds
[2024-05-16T01:22:35.961+0000] {processor.py:161} INFO - Started process (PID=2927) to work on /home/airflow/.local/lib/python3.8/site-packages/airflow/example_dags/tutorial_dag.py
[2024-05-16T01:22:35.963+0000] {processor.py:830} INFO - Processing file /home/airflow/.local/lib/python3.8/site-packages/airflow/example_dags/tutorial_dag.py for tasks to queue
[2024-05-16T01:22:35.968+0000] {logging_mixin.py:188} INFO - [2024-05-16T01:22:35.967+0000] {dagbag.py:540} INFO - Filling up the DagBag from /home/airflow/.local/lib/python3.8/site-packages/airflow/example_dags/tutorial_dag.py
[2024-05-16T01:22:35.975+0000] {processor.py:840} INFO - DAG(s) 'tutorial_dag' retrieved from /home/airflow/.local/lib/python3.8/site-packages/airflow/example_dags/tutorial_dag.py
[2024-05-16T01:22:36.003+0000] {logging_mixin.py:188} INFO - [2024-05-16T01:22:36.003+0000] {dag.py:3047} INFO - Sync 1 DAGs
[2024-05-16T01:22:36.021+0000] {logging_mixin.py:188} INFO - [2024-05-16T01:22:36.021+0000] {dag.py:3834} INFO - Setting next_dagrun for tutorial_dag to None, run_after=None
[2024-05-16T01:22:36.052+0000] {processor.py:183} INFO - Processing /home/airflow/.local/lib/python3.8/site-packages/airflow/example_dags/tutorial_dag.py took 0.095 seconds
[2024-05-16T01:23:06.872+0000] {processor.py:161} INFO - Started process (PID=2986) to work on /home/airflow/.local/lib/python3.8/site-packages/airflow/example_dags/tutorial_dag.py
[2024-05-16T01:23:06.875+0000] {processor.py:830} INFO - Processing file /home/airflow/.local/lib/python3.8/site-packages/airflow/example_dags/tutorial_dag.py for tasks to queue
[2024-05-16T01:23:06.879+0000] {logging_mixin.py:188} INFO - [2024-05-16T01:23:06.878+0000] {dagbag.py:540} INFO - Filling up the DagBag from /home/airflow/.local/lib/python3.8/site-packages/airflow/example_dags/tutorial_dag.py
[2024-05-16T01:23:06.886+0000] {processor.py:840} INFO - DAG(s) 'tutorial_dag' retrieved from /home/airflow/.local/lib/python3.8/site-packages/airflow/example_dags/tutorial_dag.py
[2024-05-16T01:23:06.917+0000] {logging_mixin.py:188} INFO - [2024-05-16T01:23:06.917+0000] {dag.py:3047} INFO - Sync 1 DAGs
[2024-05-16T01:23:06.935+0000] {logging_mixin.py:188} INFO - [2024-05-16T01:23:06.935+0000] {dag.py:3834} INFO - Setting next_dagrun for tutorial_dag to None, run_after=None
[2024-05-16T01:23:06.965+0000] {processor.py:183} INFO - Processing /home/airflow/.local/lib/python3.8/site-packages/airflow/example_dags/tutorial_dag.py took 0.097 seconds
