[2024-05-16T00:57:54.490+0000] {processor.py:161} INFO - Started process (PID=46) to work on /opt/airflow/dags/gtaV_reviews_pipeline.py
[2024-05-16T00:57:54.493+0000] {processor.py:830} INFO - Processing file /opt/airflow/dags/gtaV_reviews_pipeline.py for tasks to queue
[2024-05-16T00:57:54.498+0000] {logging_mixin.py:188} INFO - [2024-05-16T00:57:54.498+0000] {dagbag.py:540} INFO - Filling up the DagBag from /opt/airflow/dags/gtaV_reviews_pipeline.py
[2024-05-16T00:57:55.351+0000] {processor.py:840} INFO - DAG(s) 'gtaV_reviews_project' retrieved from /opt/airflow/dags/gtaV_reviews_pipeline.py
[2024-05-16T00:57:55.409+0000] {logging_mixin.py:188} INFO - [2024-05-16T00:57:55.408+0000] {dag.py:3047} INFO - Sync 1 DAGs
[2024-05-16T00:57:55.428+0000] {logging_mixin.py:188} INFO - [2024-05-16T00:57:55.428+0000] {dag.py:3834} INFO - Setting next_dagrun for gtaV_reviews_project to None, run_after=None
[2024-05-16T00:57:55.463+0000] {processor.py:183} INFO - Processing /opt/airflow/dags/gtaV_reviews_pipeline.py took 0.979 seconds
[2024-05-16T00:58:26.034+0000] {processor.py:161} INFO - Started process (PID=107) to work on /opt/airflow/dags/gtaV_reviews_pipeline.py
[2024-05-16T00:58:26.038+0000] {processor.py:830} INFO - Processing file /opt/airflow/dags/gtaV_reviews_pipeline.py for tasks to queue
[2024-05-16T00:58:26.043+0000] {logging_mixin.py:188} INFO - [2024-05-16T00:58:26.042+0000] {dagbag.py:540} INFO - Filling up the DagBag from /opt/airflow/dags/gtaV_reviews_pipeline.py
[2024-05-16T00:58:27.040+0000] {processor.py:840} INFO - DAG(s) 'gtaV_reviews_project' retrieved from /opt/airflow/dags/gtaV_reviews_pipeline.py
[2024-05-16T00:58:27.087+0000] {logging_mixin.py:188} INFO - [2024-05-16T00:58:27.086+0000] {dag.py:3047} INFO - Sync 1 DAGs
[2024-05-16T00:58:27.112+0000] {logging_mixin.py:188} INFO - [2024-05-16T00:58:27.112+0000] {dag.py:3834} INFO - Setting next_dagrun for gtaV_reviews_project to None, run_after=None
[2024-05-16T00:58:27.152+0000] {processor.py:183} INFO - Processing /opt/airflow/dags/gtaV_reviews_pipeline.py took 1.126 seconds
[2024-05-16T00:58:57.919+0000] {processor.py:161} INFO - Started process (PID=168) to work on /opt/airflow/dags/gtaV_reviews_pipeline.py
[2024-05-16T00:58:57.921+0000] {processor.py:830} INFO - Processing file /opt/airflow/dags/gtaV_reviews_pipeline.py for tasks to queue
[2024-05-16T00:58:57.927+0000] {logging_mixin.py:188} INFO - [2024-05-16T00:58:57.926+0000] {dagbag.py:540} INFO - Filling up the DagBag from /opt/airflow/dags/gtaV_reviews_pipeline.py
[2024-05-16T00:58:58.245+0000] {processor.py:840} INFO - DAG(s) 'gtaV_reviews_project' retrieved from /opt/airflow/dags/gtaV_reviews_pipeline.py
[2024-05-16T00:58:58.262+0000] {logging_mixin.py:188} INFO - [2024-05-16T00:58:58.262+0000] {dag.py:3047} INFO - Sync 1 DAGs
[2024-05-16T00:58:58.280+0000] {logging_mixin.py:188} INFO - [2024-05-16T00:58:58.279+0000] {dag.py:3834} INFO - Setting next_dagrun for gtaV_reviews_project to None, run_after=None
[2024-05-16T00:58:58.305+0000] {processor.py:183} INFO - Processing /opt/airflow/dags/gtaV_reviews_pipeline.py took 0.389 seconds
[2024-05-16T00:59:28.448+0000] {processor.py:161} INFO - Started process (PID=229) to work on /opt/airflow/dags/gtaV_reviews_pipeline.py
[2024-05-16T00:59:28.450+0000] {processor.py:830} INFO - Processing file /opt/airflow/dags/gtaV_reviews_pipeline.py for tasks to queue
[2024-05-16T00:59:28.452+0000] {logging_mixin.py:188} INFO - [2024-05-16T00:59:28.451+0000] {dagbag.py:540} INFO - Filling up the DagBag from /opt/airflow/dags/gtaV_reviews_pipeline.py
[2024-05-16T00:59:28.712+0000] {processor.py:840} INFO - DAG(s) 'gtaV_reviews_project' retrieved from /opt/airflow/dags/gtaV_reviews_pipeline.py
[2024-05-16T00:59:28.731+0000] {logging_mixin.py:188} INFO - [2024-05-16T00:59:28.731+0000] {dag.py:3047} INFO - Sync 1 DAGs
[2024-05-16T00:59:28.742+0000] {logging_mixin.py:188} INFO - [2024-05-16T00:59:28.742+0000] {dag.py:3834} INFO - Setting next_dagrun for gtaV_reviews_project to None, run_after=None
[2024-05-16T00:59:28.769+0000] {processor.py:183} INFO - Processing /opt/airflow/dags/gtaV_reviews_pipeline.py took 0.324 seconds
[2024-05-16T00:59:59.011+0000] {processor.py:161} INFO - Started process (PID=290) to work on /opt/airflow/dags/gtaV_reviews_pipeline.py
[2024-05-16T00:59:59.013+0000] {processor.py:830} INFO - Processing file /opt/airflow/dags/gtaV_reviews_pipeline.py for tasks to queue
[2024-05-16T00:59:59.015+0000] {logging_mixin.py:188} INFO - [2024-05-16T00:59:59.015+0000] {dagbag.py:540} INFO - Filling up the DagBag from /opt/airflow/dags/gtaV_reviews_pipeline.py
[2024-05-16T00:59:59.368+0000] {processor.py:840} INFO - DAG(s) 'gtaV_reviews_project' retrieved from /opt/airflow/dags/gtaV_reviews_pipeline.py
[2024-05-16T00:59:59.389+0000] {logging_mixin.py:188} INFO - [2024-05-16T00:59:59.389+0000] {dag.py:3047} INFO - Sync 1 DAGs
[2024-05-16T00:59:59.405+0000] {logging_mixin.py:188} INFO - [2024-05-16T00:59:59.405+0000] {dag.py:3834} INFO - Setting next_dagrun for gtaV_reviews_project to None, run_after=None
[2024-05-16T00:59:59.448+0000] {processor.py:183} INFO - Processing /opt/airflow/dags/gtaV_reviews_pipeline.py took 0.440 seconds
[2024-05-16T01:00:30.490+0000] {processor.py:161} INFO - Started process (PID=351) to work on /opt/airflow/dags/gtaV_reviews_pipeline.py
[2024-05-16T01:00:30.491+0000] {processor.py:830} INFO - Processing file /opt/airflow/dags/gtaV_reviews_pipeline.py for tasks to queue
[2024-05-16T01:00:30.493+0000] {logging_mixin.py:188} INFO - [2024-05-16T01:00:30.492+0000] {dagbag.py:540} INFO - Filling up the DagBag from /opt/airflow/dags/gtaV_reviews_pipeline.py
[2024-05-16T01:00:30.748+0000] {processor.py:840} INFO - DAG(s) 'gtaV_reviews_project' retrieved from /opt/airflow/dags/gtaV_reviews_pipeline.py
[2024-05-16T01:00:30.769+0000] {logging_mixin.py:188} INFO - [2024-05-16T01:00:30.769+0000] {dag.py:3047} INFO - Sync 1 DAGs
[2024-05-16T01:00:30.779+0000] {logging_mixin.py:188} INFO - [2024-05-16T01:00:30.779+0000] {dag.py:3834} INFO - Setting next_dagrun for gtaV_reviews_project to None, run_after=None
[2024-05-16T01:00:30.803+0000] {processor.py:183} INFO - Processing /opt/airflow/dags/gtaV_reviews_pipeline.py took 0.317 seconds
[2024-05-16T01:01:01.235+0000] {processor.py:161} INFO - Started process (PID=410) to work on /opt/airflow/dags/gtaV_reviews_pipeline.py
[2024-05-16T01:01:01.236+0000] {processor.py:830} INFO - Processing file /opt/airflow/dags/gtaV_reviews_pipeline.py for tasks to queue
[2024-05-16T01:01:01.238+0000] {logging_mixin.py:188} INFO - [2024-05-16T01:01:01.237+0000] {dagbag.py:540} INFO - Filling up the DagBag from /opt/airflow/dags/gtaV_reviews_pipeline.py
[2024-05-16T01:01:01.474+0000] {processor.py:840} INFO - DAG(s) 'gtaV_reviews_project' retrieved from /opt/airflow/dags/gtaV_reviews_pipeline.py
[2024-05-16T01:01:01.492+0000] {logging_mixin.py:188} INFO - [2024-05-16T01:01:01.492+0000] {dag.py:3047} INFO - Sync 1 DAGs
[2024-05-16T01:01:01.503+0000] {logging_mixin.py:188} INFO - [2024-05-16T01:01:01.503+0000] {dag.py:3834} INFO - Setting next_dagrun for gtaV_reviews_project to None, run_after=None
[2024-05-16T01:01:01.535+0000] {processor.py:183} INFO - Processing /opt/airflow/dags/gtaV_reviews_pipeline.py took 0.302 seconds
[2024-05-16T01:01:31.758+0000] {processor.py:161} INFO - Started process (PID=469) to work on /opt/airflow/dags/gtaV_reviews_pipeline.py
[2024-05-16T01:01:31.761+0000] {processor.py:830} INFO - Processing file /opt/airflow/dags/gtaV_reviews_pipeline.py for tasks to queue
[2024-05-16T01:01:31.765+0000] {logging_mixin.py:188} INFO - [2024-05-16T01:01:31.764+0000] {dagbag.py:540} INFO - Filling up the DagBag from /opt/airflow/dags/gtaV_reviews_pipeline.py
[2024-05-16T01:01:32.331+0000] {processor.py:840} INFO - DAG(s) 'gtaV_reviews_project' retrieved from /opt/airflow/dags/gtaV_reviews_pipeline.py
[2024-05-16T01:01:32.358+0000] {logging_mixin.py:188} INFO - [2024-05-16T01:01:32.357+0000] {dag.py:3047} INFO - Sync 1 DAGs
[2024-05-16T01:01:32.953+0000] {logging_mixin.py:188} INFO - [2024-05-16T01:01:32.953+0000] {dag.py:3834} INFO - Setting next_dagrun for gtaV_reviews_project to None, run_after=None
[2024-05-16T01:01:32.994+0000] {processor.py:183} INFO - Processing /opt/airflow/dags/gtaV_reviews_pipeline.py took 1.240 seconds
[2024-05-16T01:02:03.397+0000] {processor.py:161} INFO - Started process (PID=529) to work on /opt/airflow/dags/gtaV_reviews_pipeline.py
[2024-05-16T01:02:03.400+0000] {processor.py:830} INFO - Processing file /opt/airflow/dags/gtaV_reviews_pipeline.py for tasks to queue
[2024-05-16T01:02:03.402+0000] {logging_mixin.py:188} INFO - [2024-05-16T01:02:03.402+0000] {dagbag.py:540} INFO - Filling up the DagBag from /opt/airflow/dags/gtaV_reviews_pipeline.py
[2024-05-16T01:02:03.742+0000] {processor.py:840} INFO - DAG(s) 'gtaV_reviews_project' retrieved from /opt/airflow/dags/gtaV_reviews_pipeline.py
[2024-05-16T01:02:03.762+0000] {logging_mixin.py:188} INFO - [2024-05-16T01:02:03.762+0000] {dag.py:3047} INFO - Sync 1 DAGs
[2024-05-16T01:02:03.911+0000] {logging_mixin.py:188} INFO - [2024-05-16T01:02:03.911+0000] {dag.py:3834} INFO - Setting next_dagrun for gtaV_reviews_project to None, run_after=None
[2024-05-16T01:02:03.936+0000] {processor.py:183} INFO - Processing /opt/airflow/dags/gtaV_reviews_pipeline.py took 0.542 seconds
[2024-05-16T01:02:34.355+0000] {processor.py:161} INFO - Started process (PID=591) to work on /opt/airflow/dags/gtaV_reviews_pipeline.py
[2024-05-16T01:02:34.357+0000] {processor.py:830} INFO - Processing file /opt/airflow/dags/gtaV_reviews_pipeline.py for tasks to queue
[2024-05-16T01:02:34.360+0000] {logging_mixin.py:188} INFO - [2024-05-16T01:02:34.360+0000] {dagbag.py:540} INFO - Filling up the DagBag from /opt/airflow/dags/gtaV_reviews_pipeline.py
[2024-05-16T01:02:34.793+0000] {processor.py:840} INFO - DAG(s) 'gtaV_reviews_project' retrieved from /opt/airflow/dags/gtaV_reviews_pipeline.py
[2024-05-16T01:02:34.814+0000] {logging_mixin.py:188} INFO - [2024-05-16T01:02:34.813+0000] {dag.py:3047} INFO - Sync 1 DAGs
[2024-05-16T01:02:34.947+0000] {logging_mixin.py:188} INFO - [2024-05-16T01:02:34.946+0000] {dag.py:3834} INFO - Setting next_dagrun for gtaV_reviews_project to None, run_after=None
[2024-05-16T01:02:34.976+0000] {processor.py:183} INFO - Processing /opt/airflow/dags/gtaV_reviews_pipeline.py took 0.623 seconds
[2024-05-16T01:03:05.040+0000] {processor.py:161} INFO - Started process (PID=650) to work on /opt/airflow/dags/gtaV_reviews_pipeline.py
[2024-05-16T01:03:05.041+0000] {processor.py:830} INFO - Processing file /opt/airflow/dags/gtaV_reviews_pipeline.py for tasks to queue
[2024-05-16T01:03:05.044+0000] {logging_mixin.py:188} INFO - [2024-05-16T01:03:05.044+0000] {dagbag.py:540} INFO - Filling up the DagBag from /opt/airflow/dags/gtaV_reviews_pipeline.py
[2024-05-16T01:03:05.369+0000] {processor.py:840} INFO - DAG(s) 'gtaV_reviews_project' retrieved from /opt/airflow/dags/gtaV_reviews_pipeline.py
[2024-05-16T01:03:05.387+0000] {logging_mixin.py:188} INFO - [2024-05-16T01:03:05.386+0000] {dag.py:3047} INFO - Sync 1 DAGs
[2024-05-16T01:03:05.520+0000] {logging_mixin.py:188} INFO - [2024-05-16T01:03:05.520+0000] {dag.py:3834} INFO - Setting next_dagrun for gtaV_reviews_project to None, run_after=None
[2024-05-16T01:03:05.542+0000] {processor.py:183} INFO - Processing /opt/airflow/dags/gtaV_reviews_pipeline.py took 0.506 seconds
[2024-05-16T01:03:35.668+0000] {processor.py:161} INFO - Started process (PID=712) to work on /opt/airflow/dags/gtaV_reviews_pipeline.py
[2024-05-16T01:03:35.670+0000] {processor.py:830} INFO - Processing file /opt/airflow/dags/gtaV_reviews_pipeline.py for tasks to queue
[2024-05-16T01:03:35.671+0000] {logging_mixin.py:188} INFO - [2024-05-16T01:03:35.671+0000] {dagbag.py:540} INFO - Filling up the DagBag from /opt/airflow/dags/gtaV_reviews_pipeline.py
[2024-05-16T01:03:35.941+0000] {processor.py:840} INFO - DAG(s) 'gtaV_reviews_project' retrieved from /opt/airflow/dags/gtaV_reviews_pipeline.py
[2024-05-16T01:03:35.959+0000] {logging_mixin.py:188} INFO - [2024-05-16T01:03:35.958+0000] {dag.py:3047} INFO - Sync 1 DAGs
[2024-05-16T01:03:36.079+0000] {logging_mixin.py:188} INFO - [2024-05-16T01:03:36.079+0000] {dag.py:3834} INFO - Setting next_dagrun for gtaV_reviews_project to None, run_after=None
[2024-05-16T01:03:36.113+0000] {processor.py:183} INFO - Processing /opt/airflow/dags/gtaV_reviews_pipeline.py took 0.448 seconds
[2024-05-16T01:04:06.706+0000] {processor.py:161} INFO - Started process (PID=771) to work on /opt/airflow/dags/gtaV_reviews_pipeline.py
[2024-05-16T01:04:06.709+0000] {processor.py:830} INFO - Processing file /opt/airflow/dags/gtaV_reviews_pipeline.py for tasks to queue
[2024-05-16T01:04:06.713+0000] {logging_mixin.py:188} INFO - [2024-05-16T01:04:06.712+0000] {dagbag.py:540} INFO - Filling up the DagBag from /opt/airflow/dags/gtaV_reviews_pipeline.py
[2024-05-16T01:04:07.332+0000] {processor.py:840} INFO - DAG(s) 'gtaV_reviews_project' retrieved from /opt/airflow/dags/gtaV_reviews_pipeline.py
[2024-05-16T01:04:07.351+0000] {logging_mixin.py:188} INFO - [2024-05-16T01:04:07.351+0000] {dag.py:3047} INFO - Sync 1 DAGs
[2024-05-16T01:04:07.362+0000] {logging_mixin.py:188} INFO - [2024-05-16T01:04:07.361+0000] {dag.py:3834} INFO - Setting next_dagrun for gtaV_reviews_project to None, run_after=None
[2024-05-16T01:04:07.386+0000] {processor.py:183} INFO - Processing /opt/airflow/dags/gtaV_reviews_pipeline.py took 0.685 seconds
[2024-05-16T01:04:38.259+0000] {processor.py:161} INFO - Started process (PID=832) to work on /opt/airflow/dags/gtaV_reviews_pipeline.py
[2024-05-16T01:04:38.261+0000] {processor.py:830} INFO - Processing file /opt/airflow/dags/gtaV_reviews_pipeline.py for tasks to queue
[2024-05-16T01:04:38.264+0000] {logging_mixin.py:188} INFO - [2024-05-16T01:04:38.263+0000] {dagbag.py:540} INFO - Filling up the DagBag from /opt/airflow/dags/gtaV_reviews_pipeline.py
[2024-05-16T01:04:38.731+0000] {processor.py:840} INFO - DAG(s) 'gtaV_reviews_project' retrieved from /opt/airflow/dags/gtaV_reviews_pipeline.py
[2024-05-16T01:04:38.755+0000] {logging_mixin.py:188} INFO - [2024-05-16T01:04:38.754+0000] {dag.py:3047} INFO - Sync 1 DAGs
[2024-05-16T01:04:38.768+0000] {logging_mixin.py:188} INFO - [2024-05-16T01:04:38.768+0000] {dag.py:3834} INFO - Setting next_dagrun for gtaV_reviews_project to None, run_after=None
[2024-05-16T01:04:38.794+0000] {processor.py:183} INFO - Processing /opt/airflow/dags/gtaV_reviews_pipeline.py took 0.539 seconds
[2024-05-16T01:05:08.983+0000] {processor.py:161} INFO - Started process (PID=892) to work on /opt/airflow/dags/gtaV_reviews_pipeline.py
[2024-05-16T01:05:08.984+0000] {processor.py:830} INFO - Processing file /opt/airflow/dags/gtaV_reviews_pipeline.py for tasks to queue
[2024-05-16T01:05:08.986+0000] {logging_mixin.py:188} INFO - [2024-05-16T01:05:08.985+0000] {dagbag.py:540} INFO - Filling up the DagBag from /opt/airflow/dags/gtaV_reviews_pipeline.py
[2024-05-16T01:05:09.390+0000] {processor.py:840} INFO - DAG(s) 'gtaV_reviews_project' retrieved from /opt/airflow/dags/gtaV_reviews_pipeline.py
[2024-05-16T01:05:09.411+0000] {logging_mixin.py:188} INFO - [2024-05-16T01:05:09.411+0000] {dag.py:3047} INFO - Sync 1 DAGs
[2024-05-16T01:05:09.422+0000] {logging_mixin.py:188} INFO - [2024-05-16T01:05:09.422+0000] {dag.py:3834} INFO - Setting next_dagrun for gtaV_reviews_project to None, run_after=None
[2024-05-16T01:05:09.446+0000] {processor.py:183} INFO - Processing /opt/airflow/dags/gtaV_reviews_pipeline.py took 0.466 seconds
[2024-05-16T01:05:39.602+0000] {processor.py:161} INFO - Started process (PID=951) to work on /opt/airflow/dags/gtaV_reviews_pipeline.py
[2024-05-16T01:05:39.603+0000] {processor.py:830} INFO - Processing file /opt/airflow/dags/gtaV_reviews_pipeline.py for tasks to queue
[2024-05-16T01:05:39.605+0000] {logging_mixin.py:188} INFO - [2024-05-16T01:05:39.605+0000] {dagbag.py:540} INFO - Filling up the DagBag from /opt/airflow/dags/gtaV_reviews_pipeline.py
[2024-05-16T01:05:39.978+0000] {processor.py:840} INFO - DAG(s) 'gtaV_reviews_project' retrieved from /opt/airflow/dags/gtaV_reviews_pipeline.py
[2024-05-16T01:05:39.993+0000] {logging_mixin.py:188} INFO - [2024-05-16T01:05:39.993+0000] {dag.py:3047} INFO - Sync 1 DAGs
[2024-05-16T01:05:40.003+0000] {logging_mixin.py:188} INFO - [2024-05-16T01:05:40.003+0000] {dag.py:3834} INFO - Setting next_dagrun for gtaV_reviews_project to None, run_after=None
[2024-05-16T01:05:40.022+0000] {processor.py:183} INFO - Processing /opt/airflow/dags/gtaV_reviews_pipeline.py took 0.423 seconds
[2024-05-16T01:06:10.419+0000] {processor.py:161} INFO - Started process (PID=1010) to work on /opt/airflow/dags/gtaV_reviews_pipeline.py
[2024-05-16T01:06:10.420+0000] {processor.py:830} INFO - Processing file /opt/airflow/dags/gtaV_reviews_pipeline.py for tasks to queue
[2024-05-16T01:06:10.423+0000] {logging_mixin.py:188} INFO - [2024-05-16T01:06:10.423+0000] {dagbag.py:540} INFO - Filling up the DagBag from /opt/airflow/dags/gtaV_reviews_pipeline.py
[2024-05-16T01:06:10.872+0000] {processor.py:840} INFO - DAG(s) 'gtaV_reviews_project' retrieved from /opt/airflow/dags/gtaV_reviews_pipeline.py
[2024-05-16T01:06:10.890+0000] {logging_mixin.py:188} INFO - [2024-05-16T01:06:10.889+0000] {dag.py:3047} INFO - Sync 1 DAGs
[2024-05-16T01:06:10.902+0000] {logging_mixin.py:188} INFO - [2024-05-16T01:06:10.902+0000] {dag.py:3834} INFO - Setting next_dagrun for gtaV_reviews_project to None, run_after=None
[2024-05-16T01:06:10.928+0000] {processor.py:183} INFO - Processing /opt/airflow/dags/gtaV_reviews_pipeline.py took 0.512 seconds
[2024-05-16T01:06:41.128+0000] {processor.py:161} INFO - Started process (PID=1078) to work on /opt/airflow/dags/gtaV_reviews_pipeline.py
[2024-05-16T01:06:41.129+0000] {processor.py:830} INFO - Processing file /opt/airflow/dags/gtaV_reviews_pipeline.py for tasks to queue
[2024-05-16T01:06:41.131+0000] {logging_mixin.py:188} INFO - [2024-05-16T01:06:41.131+0000] {dagbag.py:540} INFO - Filling up the DagBag from /opt/airflow/dags/gtaV_reviews_pipeline.py
[2024-05-16T01:06:41.580+0000] {processor.py:840} INFO - DAG(s) 'gtaV_reviews_project' retrieved from /opt/airflow/dags/gtaV_reviews_pipeline.py
[2024-05-16T01:06:41.600+0000] {logging_mixin.py:188} INFO - [2024-05-16T01:06:41.600+0000] {dag.py:3047} INFO - Sync 1 DAGs
[2024-05-16T01:06:41.612+0000] {logging_mixin.py:188} INFO - [2024-05-16T01:06:41.612+0000] {dag.py:3834} INFO - Setting next_dagrun for gtaV_reviews_project to None, run_after=None
[2024-05-16T01:06:41.633+0000] {processor.py:183} INFO - Processing /opt/airflow/dags/gtaV_reviews_pipeline.py took 0.509 seconds
[2024-05-16T01:07:11.861+0000] {processor.py:161} INFO - Started process (PID=1141) to work on /opt/airflow/dags/gtaV_reviews_pipeline.py
[2024-05-16T01:07:11.863+0000] {processor.py:830} INFO - Processing file /opt/airflow/dags/gtaV_reviews_pipeline.py for tasks to queue
[2024-05-16T01:07:11.866+0000] {logging_mixin.py:188} INFO - [2024-05-16T01:07:11.866+0000] {dagbag.py:540} INFO - Filling up the DagBag from /opt/airflow/dags/gtaV_reviews_pipeline.py
[2024-05-16T01:07:12.531+0000] {processor.py:840} INFO - DAG(s) 'gtaV_reviews_project' retrieved from /opt/airflow/dags/gtaV_reviews_pipeline.py
[2024-05-16T01:07:12.559+0000] {logging_mixin.py:188} INFO - [2024-05-16T01:07:12.559+0000] {dag.py:3047} INFO - Sync 1 DAGs
[2024-05-16T01:07:12.579+0000] {logging_mixin.py:188} INFO - [2024-05-16T01:07:12.579+0000] {dag.py:3834} INFO - Setting next_dagrun for gtaV_reviews_project to None, run_after=None
[2024-05-16T01:07:12.616+0000] {processor.py:183} INFO - Processing /opt/airflow/dags/gtaV_reviews_pipeline.py took 0.759 seconds
[2024-05-16T01:07:43.252+0000] {processor.py:161} INFO - Started process (PID=1199) to work on /opt/airflow/dags/gtaV_reviews_pipeline.py
[2024-05-16T01:07:43.254+0000] {processor.py:830} INFO - Processing file /opt/airflow/dags/gtaV_reviews_pipeline.py for tasks to queue
[2024-05-16T01:07:43.258+0000] {logging_mixin.py:188} INFO - [2024-05-16T01:07:43.257+0000] {dagbag.py:540} INFO - Filling up the DagBag from /opt/airflow/dags/gtaV_reviews_pipeline.py
[2024-05-16T01:07:43.817+0000] {processor.py:840} INFO - DAG(s) 'gtaV_reviews_project' retrieved from /opt/airflow/dags/gtaV_reviews_pipeline.py
[2024-05-16T01:07:43.846+0000] {logging_mixin.py:188} INFO - [2024-05-16T01:07:43.845+0000] {dag.py:3047} INFO - Sync 1 DAGs
[2024-05-16T01:07:43.867+0000] {logging_mixin.py:188} INFO - [2024-05-16T01:07:43.866+0000] {dag.py:3834} INFO - Setting next_dagrun for gtaV_reviews_project to None, run_after=None
[2024-05-16T01:07:43.909+0000] {processor.py:183} INFO - Processing /opt/airflow/dags/gtaV_reviews_pipeline.py took 0.662 seconds
[2024-05-16T01:08:14.126+0000] {processor.py:161} INFO - Started process (PID=1261) to work on /opt/airflow/dags/gtaV_reviews_pipeline.py
[2024-05-16T01:08:14.128+0000] {processor.py:830} INFO - Processing file /opt/airflow/dags/gtaV_reviews_pipeline.py for tasks to queue
[2024-05-16T01:08:14.131+0000] {logging_mixin.py:188} INFO - [2024-05-16T01:08:14.130+0000] {dagbag.py:540} INFO - Filling up the DagBag from /opt/airflow/dags/gtaV_reviews_pipeline.py
[2024-05-16T01:08:14.525+0000] {processor.py:840} INFO - DAG(s) 'gtaV_reviews_project' retrieved from /opt/airflow/dags/gtaV_reviews_pipeline.py
[2024-05-16T01:08:14.541+0000] {logging_mixin.py:188} INFO - [2024-05-16T01:08:14.540+0000] {dag.py:3047} INFO - Sync 1 DAGs
[2024-05-16T01:08:14.551+0000] {logging_mixin.py:188} INFO - [2024-05-16T01:08:14.551+0000] {dag.py:3834} INFO - Setting next_dagrun for gtaV_reviews_project to None, run_after=None
[2024-05-16T01:08:14.573+0000] {processor.py:183} INFO - Processing /opt/airflow/dags/gtaV_reviews_pipeline.py took 0.451 seconds
[2024-05-16T01:08:44.868+0000] {processor.py:161} INFO - Started process (PID=1317) to work on /opt/airflow/dags/gtaV_reviews_pipeline.py
[2024-05-16T01:08:44.871+0000] {processor.py:830} INFO - Processing file /opt/airflow/dags/gtaV_reviews_pipeline.py for tasks to queue
[2024-05-16T01:08:44.874+0000] {logging_mixin.py:188} INFO - [2024-05-16T01:08:44.874+0000] {dagbag.py:540} INFO - Filling up the DagBag from /opt/airflow/dags/gtaV_reviews_pipeline.py
[2024-05-16T01:08:45.617+0000] {processor.py:840} INFO - DAG(s) 'gtaV_reviews_project' retrieved from /opt/airflow/dags/gtaV_reviews_pipeline.py
[2024-05-16T01:08:45.646+0000] {logging_mixin.py:188} INFO - [2024-05-16T01:08:45.645+0000] {dag.py:3047} INFO - Sync 1 DAGs
[2024-05-16T01:08:45.668+0000] {logging_mixin.py:188} INFO - [2024-05-16T01:08:45.667+0000] {dag.py:3834} INFO - Setting next_dagrun for gtaV_reviews_project to None, run_after=None
[2024-05-16T01:08:45.708+0000] {processor.py:183} INFO - Processing /opt/airflow/dags/gtaV_reviews_pipeline.py took 0.845 seconds
[2024-05-16T01:09:15.956+0000] {processor.py:161} INFO - Started process (PID=1379) to work on /opt/airflow/dags/gtaV_reviews_pipeline.py
[2024-05-16T01:09:15.957+0000] {processor.py:830} INFO - Processing file /opt/airflow/dags/gtaV_reviews_pipeline.py for tasks to queue
[2024-05-16T01:09:15.960+0000] {logging_mixin.py:188} INFO - [2024-05-16T01:09:15.959+0000] {dagbag.py:540} INFO - Filling up the DagBag from /opt/airflow/dags/gtaV_reviews_pipeline.py
[2024-05-16T01:09:16.479+0000] {processor.py:840} INFO - DAG(s) 'gtaV_reviews_project' retrieved from /opt/airflow/dags/gtaV_reviews_pipeline.py
[2024-05-16T01:09:16.499+0000] {logging_mixin.py:188} INFO - [2024-05-16T01:09:16.499+0000] {dag.py:3047} INFO - Sync 1 DAGs
[2024-05-16T01:09:16.513+0000] {logging_mixin.py:188} INFO - [2024-05-16T01:09:16.513+0000] {dag.py:3834} INFO - Setting next_dagrun for gtaV_reviews_project to None, run_after=None
[2024-05-16T01:09:16.545+0000] {processor.py:183} INFO - Processing /opt/airflow/dags/gtaV_reviews_pipeline.py took 0.593 seconds
[2024-05-16T01:09:46.744+0000] {processor.py:161} INFO - Started process (PID=1437) to work on /opt/airflow/dags/gtaV_reviews_pipeline.py
[2024-05-16T01:09:46.745+0000] {processor.py:830} INFO - Processing file /opt/airflow/dags/gtaV_reviews_pipeline.py for tasks to queue
[2024-05-16T01:09:46.747+0000] {logging_mixin.py:188} INFO - [2024-05-16T01:09:46.747+0000] {dagbag.py:540} INFO - Filling up the DagBag from /opt/airflow/dags/gtaV_reviews_pipeline.py
[2024-05-16T01:09:47.165+0000] {processor.py:840} INFO - DAG(s) 'gtaV_reviews_project' retrieved from /opt/airflow/dags/gtaV_reviews_pipeline.py
[2024-05-16T01:09:47.185+0000] {logging_mixin.py:188} INFO - [2024-05-16T01:09:47.184+0000] {dag.py:3047} INFO - Sync 1 DAGs
[2024-05-16T01:09:47.197+0000] {logging_mixin.py:188} INFO - [2024-05-16T01:09:47.196+0000] {dag.py:3834} INFO - Setting next_dagrun for gtaV_reviews_project to None, run_after=None
[2024-05-16T01:09:47.220+0000] {processor.py:183} INFO - Processing /opt/airflow/dags/gtaV_reviews_pipeline.py took 0.479 seconds
[2024-05-16T01:10:17.345+0000] {processor.py:161} INFO - Started process (PID=1499) to work on /opt/airflow/dags/gtaV_reviews_pipeline.py
[2024-05-16T01:10:17.346+0000] {processor.py:830} INFO - Processing file /opt/airflow/dags/gtaV_reviews_pipeline.py for tasks to queue
[2024-05-16T01:10:17.348+0000] {logging_mixin.py:188} INFO - [2024-05-16T01:10:17.348+0000] {dagbag.py:540} INFO - Filling up the DagBag from /opt/airflow/dags/gtaV_reviews_pipeline.py
[2024-05-16T01:10:17.817+0000] {processor.py:840} INFO - DAG(s) 'gtaV_reviews_project' retrieved from /opt/airflow/dags/gtaV_reviews_pipeline.py
[2024-05-16T01:10:17.836+0000] {logging_mixin.py:188} INFO - [2024-05-16T01:10:17.836+0000] {dag.py:3047} INFO - Sync 1 DAGs
[2024-05-16T01:10:17.848+0000] {logging_mixin.py:188} INFO - [2024-05-16T01:10:17.848+0000] {dag.py:3834} INFO - Setting next_dagrun for gtaV_reviews_project to None, run_after=None
[2024-05-16T01:10:17.872+0000] {processor.py:183} INFO - Processing /opt/airflow/dags/gtaV_reviews_pipeline.py took 0.530 seconds
[2024-05-16T01:10:48.385+0000] {processor.py:161} INFO - Started process (PID=1558) to work on /opt/airflow/dags/gtaV_reviews_pipeline.py
[2024-05-16T01:10:48.386+0000] {processor.py:830} INFO - Processing file /opt/airflow/dags/gtaV_reviews_pipeline.py for tasks to queue
[2024-05-16T01:10:48.387+0000] {logging_mixin.py:188} INFO - [2024-05-16T01:10:48.387+0000] {dagbag.py:540} INFO - Filling up the DagBag from /opt/airflow/dags/gtaV_reviews_pipeline.py
[2024-05-16T01:10:48.776+0000] {processor.py:840} INFO - DAG(s) 'gtaV_reviews_project' retrieved from /opt/airflow/dags/gtaV_reviews_pipeline.py
[2024-05-16T01:10:48.793+0000] {logging_mixin.py:188} INFO - [2024-05-16T01:10:48.792+0000] {dag.py:3047} INFO - Sync 1 DAGs
[2024-05-16T01:10:48.802+0000] {logging_mixin.py:188} INFO - [2024-05-16T01:10:48.802+0000] {dag.py:3834} INFO - Setting next_dagrun for gtaV_reviews_project to None, run_after=None
[2024-05-16T01:10:48.825+0000] {processor.py:183} INFO - Processing /opt/airflow/dags/gtaV_reviews_pipeline.py took 0.443 seconds
[2024-05-16T01:11:19.003+0000] {processor.py:161} INFO - Started process (PID=1620) to work on /opt/airflow/dags/gtaV_reviews_pipeline.py
[2024-05-16T01:11:19.004+0000] {processor.py:830} INFO - Processing file /opt/airflow/dags/gtaV_reviews_pipeline.py for tasks to queue
[2024-05-16T01:11:19.005+0000] {logging_mixin.py:188} INFO - [2024-05-16T01:11:19.005+0000] {dagbag.py:540} INFO - Filling up the DagBag from /opt/airflow/dags/gtaV_reviews_pipeline.py
[2024-05-16T01:11:19.353+0000] {processor.py:840} INFO - DAG(s) 'gtaV_reviews_project' retrieved from /opt/airflow/dags/gtaV_reviews_pipeline.py
[2024-05-16T01:11:19.371+0000] {logging_mixin.py:188} INFO - [2024-05-16T01:11:19.370+0000] {dag.py:3047} INFO - Sync 1 DAGs
[2024-05-16T01:11:19.381+0000] {logging_mixin.py:188} INFO - [2024-05-16T01:11:19.380+0000] {dag.py:3834} INFO - Setting next_dagrun for gtaV_reviews_project to None, run_after=None
[2024-05-16T01:11:19.405+0000] {processor.py:183} INFO - Processing /opt/airflow/dags/gtaV_reviews_pipeline.py took 0.405 seconds
[2024-05-16T01:11:49.808+0000] {processor.py:161} INFO - Started process (PID=1678) to work on /opt/airflow/dags/gtaV_reviews_pipeline.py
[2024-05-16T01:11:49.809+0000] {processor.py:830} INFO - Processing file /opt/airflow/dags/gtaV_reviews_pipeline.py for tasks to queue
[2024-05-16T01:11:49.811+0000] {logging_mixin.py:188} INFO - [2024-05-16T01:11:49.810+0000] {dagbag.py:540} INFO - Filling up the DagBag from /opt/airflow/dags/gtaV_reviews_pipeline.py
[2024-05-16T01:11:50.155+0000] {processor.py:840} INFO - DAG(s) 'gtaV_reviews_project' retrieved from /opt/airflow/dags/gtaV_reviews_pipeline.py
[2024-05-16T01:11:50.172+0000] {logging_mixin.py:188} INFO - [2024-05-16T01:11:50.172+0000] {dag.py:3047} INFO - Sync 1 DAGs
[2024-05-16T01:11:50.181+0000] {logging_mixin.py:188} INFO - [2024-05-16T01:11:50.181+0000] {dag.py:3834} INFO - Setting next_dagrun for gtaV_reviews_project to None, run_after=None
[2024-05-16T01:11:50.202+0000] {processor.py:183} INFO - Processing /opt/airflow/dags/gtaV_reviews_pipeline.py took 0.397 seconds
[2024-05-16T01:12:20.279+0000] {processor.py:161} INFO - Started process (PID=1740) to work on /opt/airflow/dags/gtaV_reviews_pipeline.py
[2024-05-16T01:12:20.282+0000] {processor.py:830} INFO - Processing file /opt/airflow/dags/gtaV_reviews_pipeline.py for tasks to queue
[2024-05-16T01:12:20.284+0000] {logging_mixin.py:188} INFO - [2024-05-16T01:12:20.283+0000] {dagbag.py:540} INFO - Filling up the DagBag from /opt/airflow/dags/gtaV_reviews_pipeline.py
[2024-05-16T01:12:20.658+0000] {processor.py:840} INFO - DAG(s) 'gtaV_reviews_project' retrieved from /opt/airflow/dags/gtaV_reviews_pipeline.py
[2024-05-16T01:12:20.674+0000] {logging_mixin.py:188} INFO - [2024-05-16T01:12:20.674+0000] {dag.py:3047} INFO - Sync 1 DAGs
[2024-05-16T01:12:20.685+0000] {logging_mixin.py:188} INFO - [2024-05-16T01:12:20.684+0000] {dag.py:3834} INFO - Setting next_dagrun for gtaV_reviews_project to None, run_after=None
[2024-05-16T01:12:20.707+0000] {processor.py:183} INFO - Processing /opt/airflow/dags/gtaV_reviews_pipeline.py took 0.430 seconds
[2024-05-16T01:12:50.840+0000] {processor.py:161} INFO - Started process (PID=1796) to work on /opt/airflow/dags/gtaV_reviews_pipeline.py
[2024-05-16T01:12:50.842+0000] {processor.py:830} INFO - Processing file /opt/airflow/dags/gtaV_reviews_pipeline.py for tasks to queue
[2024-05-16T01:12:50.846+0000] {logging_mixin.py:188} INFO - [2024-05-16T01:12:50.845+0000] {dagbag.py:540} INFO - Filling up the DagBag from /opt/airflow/dags/gtaV_reviews_pipeline.py
[2024-05-16T01:12:51.376+0000] {processor.py:840} INFO - DAG(s) 'gtaV_reviews_project' retrieved from /opt/airflow/dags/gtaV_reviews_pipeline.py
[2024-05-16T01:12:51.394+0000] {logging_mixin.py:188} INFO - [2024-05-16T01:12:51.394+0000] {dag.py:3047} INFO - Sync 1 DAGs
[2024-05-16T01:12:51.405+0000] {logging_mixin.py:188} INFO - [2024-05-16T01:12:51.405+0000] {dag.py:3834} INFO - Setting next_dagrun for gtaV_reviews_project to None, run_after=None
[2024-05-16T01:12:51.429+0000] {processor.py:183} INFO - Processing /opt/airflow/dags/gtaV_reviews_pipeline.py took 0.594 seconds
[2024-05-16T01:13:21.797+0000] {processor.py:161} INFO - Started process (PID=1855) to work on /opt/airflow/dags/gtaV_reviews_pipeline.py
[2024-05-16T01:13:21.805+0000] {processor.py:830} INFO - Processing file /opt/airflow/dags/gtaV_reviews_pipeline.py for tasks to queue
[2024-05-16T01:13:21.807+0000] {logging_mixin.py:188} INFO - [2024-05-16T01:13:21.807+0000] {dagbag.py:540} INFO - Filling up the DagBag from /opt/airflow/dags/gtaV_reviews_pipeline.py
[2024-05-16T01:13:22.324+0000] {processor.py:840} INFO - DAG(s) 'gtaV_reviews_project' retrieved from /opt/airflow/dags/gtaV_reviews_pipeline.py
[2024-05-16T01:13:22.346+0000] {logging_mixin.py:188} INFO - [2024-05-16T01:13:22.345+0000] {dag.py:3047} INFO - Sync 1 DAGs
[2024-05-16T01:13:22.361+0000] {logging_mixin.py:188} INFO - [2024-05-16T01:13:22.361+0000] {dag.py:3834} INFO - Setting next_dagrun for gtaV_reviews_project to None, run_after=None
[2024-05-16T01:13:22.393+0000] {processor.py:183} INFO - Processing /opt/airflow/dags/gtaV_reviews_pipeline.py took 0.598 seconds
[2024-05-16T01:13:53.119+0000] {processor.py:161} INFO - Started process (PID=1915) to work on /opt/airflow/dags/gtaV_reviews_pipeline.py
[2024-05-16T01:13:53.120+0000] {processor.py:830} INFO - Processing file /opt/airflow/dags/gtaV_reviews_pipeline.py for tasks to queue
[2024-05-16T01:13:53.122+0000] {logging_mixin.py:188} INFO - [2024-05-16T01:13:53.122+0000] {dagbag.py:540} INFO - Filling up the DagBag from /opt/airflow/dags/gtaV_reviews_pipeline.py
[2024-05-16T01:13:53.620+0000] {processor.py:840} INFO - DAG(s) 'gtaV_reviews_project' retrieved from /opt/airflow/dags/gtaV_reviews_pipeline.py
[2024-05-16T01:13:53.640+0000] {logging_mixin.py:188} INFO - [2024-05-16T01:13:53.639+0000] {dag.py:3047} INFO - Sync 1 DAGs
[2024-05-16T01:13:53.652+0000] {logging_mixin.py:188} INFO - [2024-05-16T01:13:53.651+0000] {dag.py:3834} INFO - Setting next_dagrun for gtaV_reviews_project to None, run_after=None
[2024-05-16T01:13:53.679+0000] {processor.py:183} INFO - Processing /opt/airflow/dags/gtaV_reviews_pipeline.py took 0.563 seconds
[2024-05-16T01:14:23.875+0000] {processor.py:161} INFO - Started process (PID=1974) to work on /opt/airflow/dags/gtaV_reviews_pipeline.py
[2024-05-16T01:14:23.876+0000] {processor.py:830} INFO - Processing file /opt/airflow/dags/gtaV_reviews_pipeline.py for tasks to queue
[2024-05-16T01:14:23.879+0000] {logging_mixin.py:188} INFO - [2024-05-16T01:14:23.879+0000] {dagbag.py:540} INFO - Filling up the DagBag from /opt/airflow/dags/gtaV_reviews_pipeline.py
[2024-05-16T01:14:24.335+0000] {processor.py:840} INFO - DAG(s) 'gtaV_reviews_project' retrieved from /opt/airflow/dags/gtaV_reviews_pipeline.py
[2024-05-16T01:14:24.356+0000] {logging_mixin.py:188} INFO - [2024-05-16T01:14:24.355+0000] {dag.py:3047} INFO - Sync 1 DAGs
[2024-05-16T01:14:24.367+0000] {logging_mixin.py:188} INFO - [2024-05-16T01:14:24.367+0000] {dag.py:3834} INFO - Setting next_dagrun for gtaV_reviews_project to None, run_after=None
[2024-05-16T01:14:24.402+0000] {processor.py:183} INFO - Processing /opt/airflow/dags/gtaV_reviews_pipeline.py took 0.532 seconds
[2024-05-16T01:14:54.621+0000] {processor.py:161} INFO - Started process (PID=2033) to work on /opt/airflow/dags/gtaV_reviews_pipeline.py
[2024-05-16T01:14:54.622+0000] {processor.py:830} INFO - Processing file /opt/airflow/dags/gtaV_reviews_pipeline.py for tasks to queue
[2024-05-16T01:14:54.625+0000] {logging_mixin.py:188} INFO - [2024-05-16T01:14:54.625+0000] {dagbag.py:540} INFO - Filling up the DagBag from /opt/airflow/dags/gtaV_reviews_pipeline.py
[2024-05-16T01:14:55.138+0000] {processor.py:840} INFO - DAG(s) 'gtaV_reviews_project' retrieved from /opt/airflow/dags/gtaV_reviews_pipeline.py
[2024-05-16T01:14:55.157+0000] {logging_mixin.py:188} INFO - [2024-05-16T01:14:55.157+0000] {dag.py:3047} INFO - Sync 1 DAGs
[2024-05-16T01:14:55.169+0000] {logging_mixin.py:188} INFO - [2024-05-16T01:14:55.169+0000] {dag.py:3834} INFO - Setting next_dagrun for gtaV_reviews_project to None, run_after=None
[2024-05-16T01:14:55.198+0000] {processor.py:183} INFO - Processing /opt/airflow/dags/gtaV_reviews_pipeline.py took 0.582 seconds
[2024-05-16T01:15:25.405+0000] {processor.py:161} INFO - Started process (PID=2092) to work on /opt/airflow/dags/gtaV_reviews_pipeline.py
[2024-05-16T01:15:25.407+0000] {processor.py:830} INFO - Processing file /opt/airflow/dags/gtaV_reviews_pipeline.py for tasks to queue
[2024-05-16T01:15:25.410+0000] {logging_mixin.py:188} INFO - [2024-05-16T01:15:25.409+0000] {dagbag.py:540} INFO - Filling up the DagBag from /opt/airflow/dags/gtaV_reviews_pipeline.py
[2024-05-16T01:15:25.898+0000] {processor.py:840} INFO - DAG(s) 'gtaV_reviews_project' retrieved from /opt/airflow/dags/gtaV_reviews_pipeline.py
[2024-05-16T01:15:25.920+0000] {logging_mixin.py:188} INFO - [2024-05-16T01:15:25.919+0000] {dag.py:3047} INFO - Sync 1 DAGs
[2024-05-16T01:15:25.933+0000] {logging_mixin.py:188} INFO - [2024-05-16T01:15:25.933+0000] {dag.py:3834} INFO - Setting next_dagrun for gtaV_reviews_project to None, run_after=None
[2024-05-16T01:15:25.967+0000] {processor.py:183} INFO - Processing /opt/airflow/dags/gtaV_reviews_pipeline.py took 0.566 seconds
[2024-05-16T01:15:56.921+0000] {processor.py:161} INFO - Started process (PID=2154) to work on /opt/airflow/dags/gtaV_reviews_pipeline.py
[2024-05-16T01:15:56.923+0000] {processor.py:830} INFO - Processing file /opt/airflow/dags/gtaV_reviews_pipeline.py for tasks to queue
[2024-05-16T01:15:56.926+0000] {logging_mixin.py:188} INFO - [2024-05-16T01:15:56.926+0000] {dagbag.py:540} INFO - Filling up the DagBag from /opt/airflow/dags/gtaV_reviews_pipeline.py
[2024-05-16T01:15:57.519+0000] {processor.py:840} INFO - DAG(s) 'gtaV_reviews_project' retrieved from /opt/airflow/dags/gtaV_reviews_pipeline.py
[2024-05-16T01:15:57.545+0000] {logging_mixin.py:188} INFO - [2024-05-16T01:15:57.545+0000] {dag.py:3047} INFO - Sync 1 DAGs
[2024-05-16T01:15:57.561+0000] {logging_mixin.py:188} INFO - [2024-05-16T01:15:57.560+0000] {dag.py:3834} INFO - Setting next_dagrun for gtaV_reviews_project to None, run_after=None
[2024-05-16T01:15:57.594+0000] {processor.py:183} INFO - Processing /opt/airflow/dags/gtaV_reviews_pipeline.py took 0.678 seconds
[2024-05-16T01:16:27.731+0000] {processor.py:161} INFO - Started process (PID=2215) to work on /opt/airflow/dags/gtaV_reviews_pipeline.py
[2024-05-16T01:16:27.732+0000] {processor.py:830} INFO - Processing file /opt/airflow/dags/gtaV_reviews_pipeline.py for tasks to queue
[2024-05-16T01:16:27.735+0000] {logging_mixin.py:188} INFO - [2024-05-16T01:16:27.735+0000] {dagbag.py:540} INFO - Filling up the DagBag from /opt/airflow/dags/gtaV_reviews_pipeline.py
[2024-05-16T01:16:28.308+0000] {processor.py:840} INFO - DAG(s) 'gtaV_reviews_project' retrieved from /opt/airflow/dags/gtaV_reviews_pipeline.py
[2024-05-16T01:16:28.329+0000] {logging_mixin.py:188} INFO - [2024-05-16T01:16:28.329+0000] {dag.py:3047} INFO - Sync 1 DAGs
[2024-05-16T01:16:28.345+0000] {logging_mixin.py:188} INFO - [2024-05-16T01:16:28.344+0000] {dag.py:3834} INFO - Setting next_dagrun for gtaV_reviews_project to None, run_after=None
[2024-05-16T01:16:28.375+0000] {processor.py:183} INFO - Processing /opt/airflow/dags/gtaV_reviews_pipeline.py took 0.648 seconds
[2024-05-16T01:16:58.559+0000] {processor.py:161} INFO - Started process (PID=2276) to work on /opt/airflow/dags/gtaV_reviews_pipeline.py
[2024-05-16T01:16:58.560+0000] {processor.py:830} INFO - Processing file /opt/airflow/dags/gtaV_reviews_pipeline.py for tasks to queue
[2024-05-16T01:16:58.563+0000] {logging_mixin.py:188} INFO - [2024-05-16T01:16:58.562+0000] {dagbag.py:540} INFO - Filling up the DagBag from /opt/airflow/dags/gtaV_reviews_pipeline.py
[2024-05-16T01:16:59.070+0000] {processor.py:840} INFO - DAG(s) 'gtaV_reviews_project' retrieved from /opt/airflow/dags/gtaV_reviews_pipeline.py
[2024-05-16T01:16:59.091+0000] {logging_mixin.py:188} INFO - [2024-05-16T01:16:59.091+0000] {dag.py:3047} INFO - Sync 1 DAGs
[2024-05-16T01:16:59.104+0000] {logging_mixin.py:188} INFO - [2024-05-16T01:16:59.104+0000] {dag.py:3834} INFO - Setting next_dagrun for gtaV_reviews_project to None, run_after=None
[2024-05-16T01:16:59.134+0000] {processor.py:183} INFO - Processing /opt/airflow/dags/gtaV_reviews_pipeline.py took 0.578 seconds
[2024-05-16T01:17:29.343+0000] {processor.py:161} INFO - Started process (PID=2339) to work on /opt/airflow/dags/gtaV_reviews_pipeline.py
[2024-05-16T01:17:29.345+0000] {processor.py:830} INFO - Processing file /opt/airflow/dags/gtaV_reviews_pipeline.py for tasks to queue
[2024-05-16T01:17:29.348+0000] {logging_mixin.py:188} INFO - [2024-05-16T01:17:29.348+0000] {dagbag.py:540} INFO - Filling up the DagBag from /opt/airflow/dags/gtaV_reviews_pipeline.py
[2024-05-16T01:17:29.811+0000] {processor.py:840} INFO - DAG(s) 'gtaV_reviews_project' retrieved from /opt/airflow/dags/gtaV_reviews_pipeline.py
[2024-05-16T01:17:29.835+0000] {logging_mixin.py:188} INFO - [2024-05-16T01:17:29.835+0000] {dag.py:3047} INFO - Sync 1 DAGs
[2024-05-16T01:17:29.850+0000] {logging_mixin.py:188} INFO - [2024-05-16T01:17:29.849+0000] {dag.py:3834} INFO - Setting next_dagrun for gtaV_reviews_project to None, run_after=None
[2024-05-16T01:17:29.896+0000] {processor.py:183} INFO - Processing /opt/airflow/dags/gtaV_reviews_pipeline.py took 0.557 seconds
[2024-05-16T01:18:00.203+0000] {processor.py:161} INFO - Started process (PID=2400) to work on /opt/airflow/dags/gtaV_reviews_pipeline.py
[2024-05-16T01:18:00.206+0000] {processor.py:830} INFO - Processing file /opt/airflow/dags/gtaV_reviews_pipeline.py for tasks to queue
[2024-05-16T01:18:00.209+0000] {logging_mixin.py:188} INFO - [2024-05-16T01:18:00.209+0000] {dagbag.py:540} INFO - Filling up the DagBag from /opt/airflow/dags/gtaV_reviews_pipeline.py
[2024-05-16T01:18:00.754+0000] {processor.py:840} INFO - DAG(s) 'gtaV_reviews_project' retrieved from /opt/airflow/dags/gtaV_reviews_pipeline.py
[2024-05-16T01:18:00.778+0000] {logging_mixin.py:188} INFO - [2024-05-16T01:18:00.778+0000] {dag.py:3047} INFO - Sync 1 DAGs
[2024-05-16T01:18:00.793+0000] {logging_mixin.py:188} INFO - [2024-05-16T01:18:00.793+0000] {dag.py:3834} INFO - Setting next_dagrun for gtaV_reviews_project to None, run_after=None
[2024-05-16T01:18:00.834+0000] {processor.py:183} INFO - Processing /opt/airflow/dags/gtaV_reviews_pipeline.py took 0.636 seconds
[2024-05-16T01:18:31.538+0000] {processor.py:161} INFO - Started process (PID=2459) to work on /opt/airflow/dags/gtaV_reviews_pipeline.py
[2024-05-16T01:18:31.540+0000] {processor.py:830} INFO - Processing file /opt/airflow/dags/gtaV_reviews_pipeline.py for tasks to queue
[2024-05-16T01:18:31.543+0000] {logging_mixin.py:188} INFO - [2024-05-16T01:18:31.543+0000] {dagbag.py:540} INFO - Filling up the DagBag from /opt/airflow/dags/gtaV_reviews_pipeline.py
[2024-05-16T01:18:32.122+0000] {processor.py:840} INFO - DAG(s) 'gtaV_reviews_project' retrieved from /opt/airflow/dags/gtaV_reviews_pipeline.py
[2024-05-16T01:18:32.155+0000] {logging_mixin.py:188} INFO - [2024-05-16T01:18:32.155+0000] {dag.py:3047} INFO - Sync 1 DAGs
[2024-05-16T01:18:32.175+0000] {logging_mixin.py:188} INFO - [2024-05-16T01:18:32.175+0000] {dag.py:3834} INFO - Setting next_dagrun for gtaV_reviews_project to None, run_after=None
[2024-05-16T01:18:32.226+0000] {processor.py:183} INFO - Processing /opt/airflow/dags/gtaV_reviews_pipeline.py took 0.691 seconds
[2024-05-16T01:19:03.002+0000] {processor.py:161} INFO - Started process (PID=2518) to work on /opt/airflow/dags/gtaV_reviews_pipeline.py
[2024-05-16T01:19:03.004+0000] {processor.py:830} INFO - Processing file /opt/airflow/dags/gtaV_reviews_pipeline.py for tasks to queue
[2024-05-16T01:19:03.007+0000] {logging_mixin.py:188} INFO - [2024-05-16T01:19:03.006+0000] {dagbag.py:540} INFO - Filling up the DagBag from /opt/airflow/dags/gtaV_reviews_pipeline.py
[2024-05-16T01:19:03.559+0000] {processor.py:840} INFO - DAG(s) 'gtaV_reviews_project' retrieved from /opt/airflow/dags/gtaV_reviews_pipeline.py
[2024-05-16T01:19:03.584+0000] {logging_mixin.py:188} INFO - [2024-05-16T01:19:03.583+0000] {dag.py:3047} INFO - Sync 1 DAGs
[2024-05-16T01:19:03.598+0000] {logging_mixin.py:188} INFO - [2024-05-16T01:19:03.598+0000] {dag.py:3834} INFO - Setting next_dagrun for gtaV_reviews_project to None, run_after=None
[2024-05-16T01:19:03.634+0000] {processor.py:183} INFO - Processing /opt/airflow/dags/gtaV_reviews_pipeline.py took 0.636 seconds
[2024-05-16T01:19:34.216+0000] {processor.py:161} INFO - Started process (PID=2577) to work on /opt/airflow/dags/gtaV_reviews_pipeline.py
[2024-05-16T01:19:34.218+0000] {processor.py:830} INFO - Processing file /opt/airflow/dags/gtaV_reviews_pipeline.py for tasks to queue
[2024-05-16T01:19:34.221+0000] {logging_mixin.py:188} INFO - [2024-05-16T01:19:34.221+0000] {dagbag.py:540} INFO - Filling up the DagBag from /opt/airflow/dags/gtaV_reviews_pipeline.py
[2024-05-16T01:19:34.857+0000] {processor.py:840} INFO - DAG(s) 'gtaV_reviews_project' retrieved from /opt/airflow/dags/gtaV_reviews_pipeline.py
[2024-05-16T01:19:34.885+0000] {logging_mixin.py:188} INFO - [2024-05-16T01:19:34.884+0000] {dag.py:3047} INFO - Sync 1 DAGs
[2024-05-16T01:19:34.902+0000] {logging_mixin.py:188} INFO - [2024-05-16T01:19:34.902+0000] {dag.py:3834} INFO - Setting next_dagrun for gtaV_reviews_project to None, run_after=None
[2024-05-16T01:19:34.946+0000] {processor.py:183} INFO - Processing /opt/airflow/dags/gtaV_reviews_pipeline.py took 0.735 seconds
[2024-05-16T01:20:05.153+0000] {processor.py:161} INFO - Started process (PID=2636) to work on /opt/airflow/dags/gtaV_reviews_pipeline.py
[2024-05-16T01:20:05.155+0000] {processor.py:830} INFO - Processing file /opt/airflow/dags/gtaV_reviews_pipeline.py for tasks to queue
[2024-05-16T01:20:05.158+0000] {logging_mixin.py:188} INFO - [2024-05-16T01:20:05.157+0000] {dagbag.py:540} INFO - Filling up the DagBag from /opt/airflow/dags/gtaV_reviews_pipeline.py
[2024-05-16T01:20:05.745+0000] {processor.py:840} INFO - DAG(s) 'gtaV_reviews_project' retrieved from /opt/airflow/dags/gtaV_reviews_pipeline.py
[2024-05-16T01:20:05.776+0000] {logging_mixin.py:188} INFO - [2024-05-16T01:20:05.776+0000] {dag.py:3047} INFO - Sync 1 DAGs
[2024-05-16T01:20:05.792+0000] {logging_mixin.py:188} INFO - [2024-05-16T01:20:05.792+0000] {dag.py:3834} INFO - Setting next_dagrun for gtaV_reviews_project to None, run_after=None
[2024-05-16T01:20:05.861+0000] {processor.py:183} INFO - Processing /opt/airflow/dags/gtaV_reviews_pipeline.py took 0.713 seconds
[2024-05-16T01:20:36.659+0000] {processor.py:161} INFO - Started process (PID=2695) to work on /opt/airflow/dags/gtaV_reviews_pipeline.py
[2024-05-16T01:20:36.661+0000] {processor.py:830} INFO - Processing file /opt/airflow/dags/gtaV_reviews_pipeline.py for tasks to queue
[2024-05-16T01:20:36.665+0000] {logging_mixin.py:188} INFO - [2024-05-16T01:20:36.664+0000] {dagbag.py:540} INFO - Filling up the DagBag from /opt/airflow/dags/gtaV_reviews_pipeline.py
[2024-05-16T01:20:37.306+0000] {processor.py:840} INFO - DAG(s) 'gtaV_reviews_project' retrieved from /opt/airflow/dags/gtaV_reviews_pipeline.py
[2024-05-16T01:20:37.333+0000] {logging_mixin.py:188} INFO - [2024-05-16T01:20:37.332+0000] {dag.py:3047} INFO - Sync 1 DAGs
[2024-05-16T01:20:37.349+0000] {logging_mixin.py:188} INFO - [2024-05-16T01:20:37.348+0000] {dag.py:3834} INFO - Setting next_dagrun for gtaV_reviews_project to None, run_after=None
[2024-05-16T01:20:37.387+0000] {processor.py:183} INFO - Processing /opt/airflow/dags/gtaV_reviews_pipeline.py took 0.733 seconds
[2024-05-16T01:21:08.459+0000] {processor.py:161} INFO - Started process (PID=2754) to work on /opt/airflow/dags/gtaV_reviews_pipeline.py
[2024-05-16T01:21:08.461+0000] {processor.py:830} INFO - Processing file /opt/airflow/dags/gtaV_reviews_pipeline.py for tasks to queue
[2024-05-16T01:21:08.464+0000] {logging_mixin.py:188} INFO - [2024-05-16T01:21:08.463+0000] {dagbag.py:540} INFO - Filling up the DagBag from /opt/airflow/dags/gtaV_reviews_pipeline.py
[2024-05-16T01:21:09.112+0000] {processor.py:840} INFO - DAG(s) 'gtaV_reviews_project' retrieved from /opt/airflow/dags/gtaV_reviews_pipeline.py
[2024-05-16T01:21:09.139+0000] {logging_mixin.py:188} INFO - [2024-05-16T01:21:09.139+0000] {dag.py:3047} INFO - Sync 1 DAGs
[2024-05-16T01:21:09.156+0000] {logging_mixin.py:188} INFO - [2024-05-16T01:21:09.155+0000] {dag.py:3834} INFO - Setting next_dagrun for gtaV_reviews_project to None, run_after=None
[2024-05-16T01:21:09.210+0000] {processor.py:183} INFO - Processing /opt/airflow/dags/gtaV_reviews_pipeline.py took 0.755 seconds
[2024-05-16T01:21:39.855+0000] {processor.py:161} INFO - Started process (PID=2813) to work on /opt/airflow/dags/gtaV_reviews_pipeline.py
[2024-05-16T01:21:39.857+0000] {processor.py:830} INFO - Processing file /opt/airflow/dags/gtaV_reviews_pipeline.py for tasks to queue
[2024-05-16T01:21:39.861+0000] {logging_mixin.py:188} INFO - [2024-05-16T01:21:39.860+0000] {dagbag.py:540} INFO - Filling up the DagBag from /opt/airflow/dags/gtaV_reviews_pipeline.py
[2024-05-16T01:21:40.461+0000] {processor.py:840} INFO - DAG(s) 'gtaV_reviews_project' retrieved from /opt/airflow/dags/gtaV_reviews_pipeline.py
[2024-05-16T01:21:40.488+0000] {logging_mixin.py:188} INFO - [2024-05-16T01:21:40.487+0000] {dag.py:3047} INFO - Sync 1 DAGs
[2024-05-16T01:21:40.506+0000] {logging_mixin.py:188} INFO - [2024-05-16T01:21:40.506+0000] {dag.py:3834} INFO - Setting next_dagrun for gtaV_reviews_project to None, run_after=None
[2024-05-16T01:21:40.565+0000] {processor.py:183} INFO - Processing /opt/airflow/dags/gtaV_reviews_pipeline.py took 0.715 seconds
[2024-05-16T01:22:10.917+0000] {processor.py:161} INFO - Started process (PID=2872) to work on /opt/airflow/dags/gtaV_reviews_pipeline.py
[2024-05-16T01:22:10.919+0000] {processor.py:830} INFO - Processing file /opt/airflow/dags/gtaV_reviews_pipeline.py for tasks to queue
[2024-05-16T01:22:10.923+0000] {logging_mixin.py:188} INFO - [2024-05-16T01:22:10.922+0000] {dagbag.py:540} INFO - Filling up the DagBag from /opt/airflow/dags/gtaV_reviews_pipeline.py
[2024-05-16T01:22:11.437+0000] {processor.py:840} INFO - DAG(s) 'gtaV_reviews_project' retrieved from /opt/airflow/dags/gtaV_reviews_pipeline.py
[2024-05-16T01:22:11.457+0000] {logging_mixin.py:188} INFO - [2024-05-16T01:22:11.456+0000] {dag.py:3047} INFO - Sync 1 DAGs
[2024-05-16T01:22:11.469+0000] {logging_mixin.py:188} INFO - [2024-05-16T01:22:11.469+0000] {dag.py:3834} INFO - Setting next_dagrun for gtaV_reviews_project to None, run_after=None
[2024-05-16T01:22:11.504+0000] {processor.py:183} INFO - Processing /opt/airflow/dags/gtaV_reviews_pipeline.py took 0.592 seconds
[2024-05-16T01:22:42.275+0000] {processor.py:161} INFO - Started process (PID=2937) to work on /opt/airflow/dags/gtaV_reviews_pipeline.py
[2024-05-16T01:22:42.278+0000] {processor.py:830} INFO - Processing file /opt/airflow/dags/gtaV_reviews_pipeline.py for tasks to queue
[2024-05-16T01:22:42.281+0000] {logging_mixin.py:188} INFO - [2024-05-16T01:22:42.281+0000] {dagbag.py:540} INFO - Filling up the DagBag from /opt/airflow/dags/gtaV_reviews_pipeline.py
[2024-05-16T01:22:43.003+0000] {processor.py:840} INFO - DAG(s) 'gtaV_reviews_project' retrieved from /opt/airflow/dags/gtaV_reviews_pipeline.py
[2024-05-16T01:22:43.042+0000] {logging_mixin.py:188} INFO - [2024-05-16T01:22:43.041+0000] {dag.py:3047} INFO - Sync 1 DAGs
[2024-05-16T01:22:43.070+0000] {logging_mixin.py:188} INFO - [2024-05-16T01:22:43.070+0000] {dag.py:3834} INFO - Setting next_dagrun for gtaV_reviews_project to None, run_after=None
[2024-05-16T01:22:43.120+0000] {processor.py:183} INFO - Processing /opt/airflow/dags/gtaV_reviews_pipeline.py took 0.850 seconds
[2024-05-16T01:23:13.304+0000] {processor.py:161} INFO - Started process (PID=2996) to work on /opt/airflow/dags/gtaV_reviews_pipeline.py
[2024-05-16T01:23:13.306+0000] {processor.py:830} INFO - Processing file /opt/airflow/dags/gtaV_reviews_pipeline.py for tasks to queue
[2024-05-16T01:23:13.309+0000] {logging_mixin.py:188} INFO - [2024-05-16T01:23:13.309+0000] {dagbag.py:540} INFO - Filling up the DagBag from /opt/airflow/dags/gtaV_reviews_pipeline.py
[2024-05-16T01:23:13.874+0000] {processor.py:840} INFO - DAG(s) 'gtaV_reviews_project' retrieved from /opt/airflow/dags/gtaV_reviews_pipeline.py
[2024-05-16T01:23:13.898+0000] {logging_mixin.py:188} INFO - [2024-05-16T01:23:13.897+0000] {dag.py:3047} INFO - Sync 1 DAGs
[2024-05-16T01:23:13.913+0000] {logging_mixin.py:188} INFO - [2024-05-16T01:23:13.913+0000] {dag.py:3834} INFO - Setting next_dagrun for gtaV_reviews_project to None, run_after=None
[2024-05-16T01:23:14.148+0000] {processor.py:183} INFO - Processing /opt/airflow/dags/gtaV_reviews_pipeline.py took 0.849 seconds
[2024-05-16T01:23:44.617+0000] {processor.py:161} INFO - Started process (PID=3055) to work on /opt/airflow/dags/gtaV_reviews_pipeline.py
[2024-05-16T01:23:44.620+0000] {processor.py:830} INFO - Processing file /opt/airflow/dags/gtaV_reviews_pipeline.py for tasks to queue
[2024-05-16T01:23:44.623+0000] {logging_mixin.py:188} INFO - [2024-05-16T01:23:44.623+0000] {dagbag.py:540} INFO - Filling up the DagBag from /opt/airflow/dags/gtaV_reviews_pipeline.py
[2024-05-16T01:23:45.226+0000] {processor.py:840} INFO - DAG(s) 'gtaV_reviews_project' retrieved from /opt/airflow/dags/gtaV_reviews_pipeline.py
[2024-05-16T01:23:45.248+0000] {logging_mixin.py:188} INFO - [2024-05-16T01:23:45.247+0000] {dag.py:3047} INFO - Sync 1 DAGs
[2024-05-16T01:23:45.260+0000] {logging_mixin.py:188} INFO - [2024-05-16T01:23:45.260+0000] {dag.py:3834} INFO - Setting next_dagrun for gtaV_reviews_project to None, run_after=None
[2024-05-16T01:23:45.299+0000] {processor.py:183} INFO - Processing /opt/airflow/dags/gtaV_reviews_pipeline.py took 0.684 seconds
[2024-05-16T01:24:15.887+0000] {processor.py:161} INFO - Started process (PID=3114) to work on /opt/airflow/dags/gtaV_reviews_pipeline.py
[2024-05-16T01:24:15.888+0000] {processor.py:830} INFO - Processing file /opt/airflow/dags/gtaV_reviews_pipeline.py for tasks to queue
[2024-05-16T01:24:15.891+0000] {logging_mixin.py:188} INFO - [2024-05-16T01:24:15.890+0000] {dagbag.py:540} INFO - Filling up the DagBag from /opt/airflow/dags/gtaV_reviews_pipeline.py
[2024-05-16T01:24:16.390+0000] {processor.py:840} INFO - DAG(s) 'gtaV_reviews_project' retrieved from /opt/airflow/dags/gtaV_reviews_pipeline.py
[2024-05-16T01:24:16.424+0000] {logging_mixin.py:188} INFO - [2024-05-16T01:24:16.424+0000] {dag.py:3047} INFO - Sync 1 DAGs
[2024-05-16T01:24:16.443+0000] {logging_mixin.py:188} INFO - [2024-05-16T01:24:16.442+0000] {dag.py:3834} INFO - Setting next_dagrun for gtaV_reviews_project to None, run_after=None
[2024-05-16T01:24:16.479+0000] {processor.py:183} INFO - Processing /opt/airflow/dags/gtaV_reviews_pipeline.py took 0.596 seconds
[2024-05-16T01:24:47.429+0000] {processor.py:161} INFO - Started process (PID=3173) to work on /opt/airflow/dags/gtaV_reviews_pipeline.py
[2024-05-16T01:24:47.431+0000] {processor.py:830} INFO - Processing file /opt/airflow/dags/gtaV_reviews_pipeline.py for tasks to queue
[2024-05-16T01:24:47.434+0000] {logging_mixin.py:188} INFO - [2024-05-16T01:24:47.434+0000] {dagbag.py:540} INFO - Filling up the DagBag from /opt/airflow/dags/gtaV_reviews_pipeline.py
[2024-05-16T01:24:48.270+0000] {processor.py:840} INFO - DAG(s) 'gtaV_reviews_project' retrieved from /opt/airflow/dags/gtaV_reviews_pipeline.py
[2024-05-16T01:24:48.308+0000] {logging_mixin.py:188} INFO - [2024-05-16T01:24:48.308+0000] {dag.py:3047} INFO - Sync 1 DAGs
[2024-05-16T01:24:48.331+0000] {logging_mixin.py:188} INFO - [2024-05-16T01:24:48.330+0000] {dag.py:3834} INFO - Setting next_dagrun for gtaV_reviews_project to None, run_after=None
[2024-05-16T01:24:48.384+0000] {processor.py:183} INFO - Processing /opt/airflow/dags/gtaV_reviews_pipeline.py took 0.960 seconds
[2024-05-16T01:25:18.994+0000] {processor.py:161} INFO - Started process (PID=3232) to work on /opt/airflow/dags/gtaV_reviews_pipeline.py
[2024-05-16T01:25:18.995+0000] {processor.py:830} INFO - Processing file /opt/airflow/dags/gtaV_reviews_pipeline.py for tasks to queue
[2024-05-16T01:25:18.998+0000] {logging_mixin.py:188} INFO - [2024-05-16T01:25:18.998+0000] {dagbag.py:540} INFO - Filling up the DagBag from /opt/airflow/dags/gtaV_reviews_pipeline.py
[2024-05-16T01:25:19.529+0000] {processor.py:840} INFO - DAG(s) 'gtaV_reviews_project' retrieved from /opt/airflow/dags/gtaV_reviews_pipeline.py
[2024-05-16T01:25:19.567+0000] {logging_mixin.py:188} INFO - [2024-05-16T01:25:19.566+0000] {dag.py:3047} INFO - Sync 1 DAGs
[2024-05-16T01:25:19.581+0000] {logging_mixin.py:188} INFO - [2024-05-16T01:25:19.581+0000] {dag.py:3834} INFO - Setting next_dagrun for gtaV_reviews_project to None, run_after=None
[2024-05-16T01:25:19.618+0000] {processor.py:183} INFO - Processing /opt/airflow/dags/gtaV_reviews_pipeline.py took 0.627 seconds
[2024-05-16T01:25:49.977+0000] {processor.py:161} INFO - Started process (PID=3291) to work on /opt/airflow/dags/gtaV_reviews_pipeline.py
[2024-05-16T01:25:49.984+0000] {processor.py:830} INFO - Processing file /opt/airflow/dags/gtaV_reviews_pipeline.py for tasks to queue
[2024-05-16T01:25:49.989+0000] {logging_mixin.py:188} INFO - [2024-05-16T01:25:49.988+0000] {dagbag.py:540} INFO - Filling up the DagBag from /opt/airflow/dags/gtaV_reviews_pipeline.py
[2024-05-16T01:25:50.688+0000] {processor.py:840} INFO - DAG(s) 'gtaV_reviews_project' retrieved from /opt/airflow/dags/gtaV_reviews_pipeline.py
[2024-05-16T01:25:50.717+0000] {logging_mixin.py:188} INFO - [2024-05-16T01:25:50.716+0000] {dag.py:3047} INFO - Sync 1 DAGs
[2024-05-16T01:25:50.739+0000] {logging_mixin.py:188} INFO - [2024-05-16T01:25:50.739+0000] {dag.py:3834} INFO - Setting next_dagrun for gtaV_reviews_project to None, run_after=None
[2024-05-16T01:25:50.784+0000] {processor.py:183} INFO - Processing /opt/airflow/dags/gtaV_reviews_pipeline.py took 0.811 seconds
[2024-05-16T01:26:21.137+0000] {processor.py:161} INFO - Started process (PID=3350) to work on /opt/airflow/dags/gtaV_reviews_pipeline.py
[2024-05-16T01:26:21.140+0000] {processor.py:830} INFO - Processing file /opt/airflow/dags/gtaV_reviews_pipeline.py for tasks to queue
[2024-05-16T01:26:21.144+0000] {logging_mixin.py:188} INFO - [2024-05-16T01:26:21.143+0000] {dagbag.py:540} INFO - Filling up the DagBag from /opt/airflow/dags/gtaV_reviews_pipeline.py
[2024-05-16T01:26:21.839+0000] {processor.py:840} INFO - DAG(s) 'gtaV_reviews_project' retrieved from /opt/airflow/dags/gtaV_reviews_pipeline.py
[2024-05-16T01:26:21.871+0000] {logging_mixin.py:188} INFO - [2024-05-16T01:26:21.870+0000] {dag.py:3047} INFO - Sync 1 DAGs
[2024-05-16T01:26:21.893+0000] {logging_mixin.py:188} INFO - [2024-05-16T01:26:21.893+0000] {dag.py:3834} INFO - Setting next_dagrun for gtaV_reviews_project to None, run_after=None
[2024-05-16T01:26:21.938+0000] {processor.py:183} INFO - Processing /opt/airflow/dags/gtaV_reviews_pipeline.py took 0.807 seconds
[2024-05-16T01:26:52.810+0000] {processor.py:161} INFO - Started process (PID=3409) to work on /opt/airflow/dags/gtaV_reviews_pipeline.py
[2024-05-16T01:26:52.812+0000] {processor.py:830} INFO - Processing file /opt/airflow/dags/gtaV_reviews_pipeline.py for tasks to queue
[2024-05-16T01:26:52.815+0000] {logging_mixin.py:188} INFO - [2024-05-16T01:26:52.815+0000] {dagbag.py:540} INFO - Filling up the DagBag from /opt/airflow/dags/gtaV_reviews_pipeline.py
[2024-05-16T01:26:53.595+0000] {processor.py:840} INFO - DAG(s) 'gtaV_reviews_project' retrieved from /opt/airflow/dags/gtaV_reviews_pipeline.py
[2024-05-16T01:26:53.626+0000] {logging_mixin.py:188} INFO - [2024-05-16T01:26:53.625+0000] {dag.py:3047} INFO - Sync 1 DAGs
[2024-05-16T01:26:53.650+0000] {logging_mixin.py:188} INFO - [2024-05-16T01:26:53.649+0000] {dag.py:3834} INFO - Setting next_dagrun for gtaV_reviews_project to None, run_after=None
[2024-05-16T01:26:53.690+0000] {processor.py:183} INFO - Processing /opt/airflow/dags/gtaV_reviews_pipeline.py took 0.885 seconds
[2024-05-16T01:27:24.450+0000] {processor.py:161} INFO - Started process (PID=3468) to work on /opt/airflow/dags/gtaV_reviews_pipeline.py
[2024-05-16T01:27:24.453+0000] {processor.py:830} INFO - Processing file /opt/airflow/dags/gtaV_reviews_pipeline.py for tasks to queue
[2024-05-16T01:27:24.457+0000] {logging_mixin.py:188} INFO - [2024-05-16T01:27:24.456+0000] {dagbag.py:540} INFO - Filling up the DagBag from /opt/airflow/dags/gtaV_reviews_pipeline.py
[2024-05-16T01:27:25.117+0000] {processor.py:840} INFO - DAG(s) 'gtaV_reviews_project' retrieved from /opt/airflow/dags/gtaV_reviews_pipeline.py
[2024-05-16T01:27:25.149+0000] {logging_mixin.py:188} INFO - [2024-05-16T01:27:25.148+0000] {dag.py:3047} INFO - Sync 1 DAGs
[2024-05-16T01:27:25.169+0000] {logging_mixin.py:188} INFO - [2024-05-16T01:27:25.169+0000] {dag.py:3834} INFO - Setting next_dagrun for gtaV_reviews_project to None, run_after=None
[2024-05-16T01:27:25.208+0000] {processor.py:183} INFO - Processing /opt/airflow/dags/gtaV_reviews_pipeline.py took 0.762 seconds
[2024-05-16T01:27:56.528+0000] {processor.py:161} INFO - Started process (PID=3527) to work on /opt/airflow/dags/gtaV_reviews_pipeline.py
[2024-05-16T01:27:56.531+0000] {processor.py:830} INFO - Processing file /opt/airflow/dags/gtaV_reviews_pipeline.py for tasks to queue
[2024-05-16T01:27:56.536+0000] {logging_mixin.py:188} INFO - [2024-05-16T01:27:56.535+0000] {dagbag.py:540} INFO - Filling up the DagBag from /opt/airflow/dags/gtaV_reviews_pipeline.py
[2024-05-16T01:27:57.180+0000] {processor.py:840} INFO - DAG(s) 'gtaV_reviews_project' retrieved from /opt/airflow/dags/gtaV_reviews_pipeline.py
[2024-05-16T01:27:57.215+0000] {logging_mixin.py:188} INFO - [2024-05-16T01:27:57.214+0000] {dag.py:3047} INFO - Sync 1 DAGs
[2024-05-16T01:27:57.234+0000] {logging_mixin.py:188} INFO - [2024-05-16T01:27:57.234+0000] {dag.py:3834} INFO - Setting next_dagrun for gtaV_reviews_project to None, run_after=None
[2024-05-16T01:27:57.276+0000] {processor.py:183} INFO - Processing /opt/airflow/dags/gtaV_reviews_pipeline.py took 0.753 seconds
[2024-05-16T01:28:27.518+0000] {processor.py:161} INFO - Started process (PID=3586) to work on /opt/airflow/dags/gtaV_reviews_pipeline.py
[2024-05-16T01:28:27.523+0000] {processor.py:830} INFO - Processing file /opt/airflow/dags/gtaV_reviews_pipeline.py for tasks to queue
[2024-05-16T01:28:27.527+0000] {logging_mixin.py:188} INFO - [2024-05-16T01:28:27.526+0000] {dagbag.py:540} INFO - Filling up the DagBag from /opt/airflow/dags/gtaV_reviews_pipeline.py
[2024-05-16T01:28:27.988+0000] {processor.py:840} INFO - DAG(s) 'gtaV_reviews_project' retrieved from /opt/airflow/dags/gtaV_reviews_pipeline.py
[2024-05-16T01:28:28.026+0000] {logging_mixin.py:188} INFO - [2024-05-16T01:28:28.026+0000] {dag.py:3047} INFO - Sync 1 DAGs
[2024-05-16T01:28:28.050+0000] {logging_mixin.py:188} INFO - [2024-05-16T01:28:28.050+0000] {dag.py:3834} INFO - Setting next_dagrun for gtaV_reviews_project to None, run_after=None
[2024-05-16T01:28:28.306+0000] {processor.py:183} INFO - Processing /opt/airflow/dags/gtaV_reviews_pipeline.py took 0.792 seconds
[2024-05-16T01:28:58.977+0000] {processor.py:161} INFO - Started process (PID=3647) to work on /opt/airflow/dags/gtaV_reviews_pipeline.py
[2024-05-16T01:28:58.979+0000] {processor.py:830} INFO - Processing file /opt/airflow/dags/gtaV_reviews_pipeline.py for tasks to queue
[2024-05-16T01:28:58.981+0000] {logging_mixin.py:188} INFO - [2024-05-16T01:28:58.981+0000] {dagbag.py:540} INFO - Filling up the DagBag from /opt/airflow/dags/gtaV_reviews_pipeline.py
[2024-05-16T01:28:59.463+0000] {processor.py:840} INFO - DAG(s) 'gtaV_reviews_project' retrieved from /opt/airflow/dags/gtaV_reviews_pipeline.py
[2024-05-16T01:28:59.494+0000] {logging_mixin.py:188} INFO - [2024-05-16T01:28:59.493+0000] {dag.py:3047} INFO - Sync 1 DAGs
[2024-05-16T01:28:59.511+0000] {logging_mixin.py:188} INFO - [2024-05-16T01:28:59.510+0000] {dag.py:3834} INFO - Setting next_dagrun for gtaV_reviews_project to None, run_after=None
[2024-05-16T01:28:59.545+0000] {processor.py:183} INFO - Processing /opt/airflow/dags/gtaV_reviews_pipeline.py took 0.571 seconds
[2024-05-16T01:29:30.081+0000] {processor.py:161} INFO - Started process (PID=3706) to work on /opt/airflow/dags/gtaV_reviews_pipeline.py
[2024-05-16T01:29:30.083+0000] {processor.py:830} INFO - Processing file /opt/airflow/dags/gtaV_reviews_pipeline.py for tasks to queue
[2024-05-16T01:29:30.086+0000] {logging_mixin.py:188} INFO - [2024-05-16T01:29:30.086+0000] {dagbag.py:540} INFO - Filling up the DagBag from /opt/airflow/dags/gtaV_reviews_pipeline.py
[2024-05-16T01:29:30.519+0000] {processor.py:840} INFO - DAG(s) 'gtaV_reviews_project' retrieved from /opt/airflow/dags/gtaV_reviews_pipeline.py
[2024-05-16T01:29:30.543+0000] {logging_mixin.py:188} INFO - [2024-05-16T01:29:30.543+0000] {dag.py:3047} INFO - Sync 1 DAGs
[2024-05-16T01:29:30.561+0000] {logging_mixin.py:188} INFO - [2024-05-16T01:29:30.560+0000] {dag.py:3834} INFO - Setting next_dagrun for gtaV_reviews_project to None, run_after=None
[2024-05-16T01:29:30.611+0000] {processor.py:183} INFO - Processing /opt/airflow/dags/gtaV_reviews_pipeline.py took 0.533 seconds
[2024-05-16T01:30:00.779+0000] {processor.py:161} INFO - Started process (PID=3765) to work on /opt/airflow/dags/gtaV_reviews_pipeline.py
[2024-05-16T01:30:00.781+0000] {processor.py:830} INFO - Processing file /opt/airflow/dags/gtaV_reviews_pipeline.py for tasks to queue
[2024-05-16T01:30:00.784+0000] {logging_mixin.py:188} INFO - [2024-05-16T01:30:00.784+0000] {dagbag.py:540} INFO - Filling up the DagBag from /opt/airflow/dags/gtaV_reviews_pipeline.py
[2024-05-16T01:30:01.211+0000] {processor.py:840} INFO - DAG(s) 'gtaV_reviews_project' retrieved from /opt/airflow/dags/gtaV_reviews_pipeline.py
[2024-05-16T01:30:01.236+0000] {logging_mixin.py:188} INFO - [2024-05-16T01:30:01.236+0000] {dag.py:3047} INFO - Sync 1 DAGs
[2024-05-16T01:30:01.250+0000] {logging_mixin.py:188} INFO - [2024-05-16T01:30:01.250+0000] {dag.py:3834} INFO - Setting next_dagrun for gtaV_reviews_project to None, run_after=None
[2024-05-16T01:30:01.295+0000] {processor.py:183} INFO - Processing /opt/airflow/dags/gtaV_reviews_pipeline.py took 0.520 seconds
[2024-05-16T01:30:32.141+0000] {processor.py:161} INFO - Started process (PID=3824) to work on /opt/airflow/dags/gtaV_reviews_pipeline.py
[2024-05-16T01:30:32.142+0000] {processor.py:830} INFO - Processing file /opt/airflow/dags/gtaV_reviews_pipeline.py for tasks to queue
[2024-05-16T01:30:32.148+0000] {logging_mixin.py:188} INFO - [2024-05-16T01:30:32.148+0000] {dagbag.py:540} INFO - Filling up the DagBag from /opt/airflow/dags/gtaV_reviews_pipeline.py
[2024-05-16T01:30:32.619+0000] {processor.py:840} INFO - DAG(s) 'gtaV_reviews_project' retrieved from /opt/airflow/dags/gtaV_reviews_pipeline.py
[2024-05-16T01:30:32.638+0000] {logging_mixin.py:188} INFO - [2024-05-16T01:30:32.638+0000] {dag.py:3047} INFO - Sync 1 DAGs
[2024-05-16T01:30:32.656+0000] {logging_mixin.py:188} INFO - [2024-05-16T01:30:32.655+0000] {dag.py:3834} INFO - Setting next_dagrun for gtaV_reviews_project to None, run_after=None
[2024-05-16T01:30:32.691+0000] {processor.py:183} INFO - Processing /opt/airflow/dags/gtaV_reviews_pipeline.py took 0.555 seconds
[2024-05-16T01:31:03.221+0000] {processor.py:161} INFO - Started process (PID=3883) to work on /opt/airflow/dags/gtaV_reviews_pipeline.py
[2024-05-16T01:31:03.227+0000] {processor.py:830} INFO - Processing file /opt/airflow/dags/gtaV_reviews_pipeline.py for tasks to queue
[2024-05-16T01:31:03.236+0000] {logging_mixin.py:188} INFO - [2024-05-16T01:31:03.236+0000] {dagbag.py:540} INFO - Filling up the DagBag from /opt/airflow/dags/gtaV_reviews_pipeline.py
[2024-05-16T01:31:03.762+0000] {processor.py:840} INFO - DAG(s) 'gtaV_reviews_project' retrieved from /opt/airflow/dags/gtaV_reviews_pipeline.py
[2024-05-16T01:31:03.793+0000] {logging_mixin.py:188} INFO - [2024-05-16T01:31:03.793+0000] {dag.py:3047} INFO - Sync 1 DAGs
[2024-05-16T01:31:03.810+0000] {logging_mixin.py:188} INFO - [2024-05-16T01:31:03.809+0000] {dag.py:3834} INFO - Setting next_dagrun for gtaV_reviews_project to None, run_after=None
[2024-05-16T01:31:03.842+0000] {processor.py:183} INFO - Processing /opt/airflow/dags/gtaV_reviews_pipeline.py took 0.625 seconds
[2024-05-16T01:31:34.239+0000] {processor.py:161} INFO - Started process (PID=3942) to work on /opt/airflow/dags/gtaV_reviews_pipeline.py
[2024-05-16T01:31:34.241+0000] {processor.py:830} INFO - Processing file /opt/airflow/dags/gtaV_reviews_pipeline.py for tasks to queue
[2024-05-16T01:31:34.245+0000] {logging_mixin.py:188} INFO - [2024-05-16T01:31:34.244+0000] {dagbag.py:540} INFO - Filling up the DagBag from /opt/airflow/dags/gtaV_reviews_pipeline.py
[2024-05-16T01:31:34.677+0000] {processor.py:840} INFO - DAG(s) 'gtaV_reviews_project' retrieved from /opt/airflow/dags/gtaV_reviews_pipeline.py
[2024-05-16T01:31:34.705+0000] {logging_mixin.py:188} INFO - [2024-05-16T01:31:34.704+0000] {dag.py:3047} INFO - Sync 1 DAGs
[2024-05-16T01:31:34.725+0000] {logging_mixin.py:188} INFO - [2024-05-16T01:31:34.724+0000] {dag.py:3834} INFO - Setting next_dagrun for gtaV_reviews_project to None, run_after=None
[2024-05-16T01:31:34.764+0000] {processor.py:183} INFO - Processing /opt/airflow/dags/gtaV_reviews_pipeline.py took 0.531 seconds
[2024-05-16T01:32:04.966+0000] {processor.py:161} INFO - Started process (PID=4001) to work on /opt/airflow/dags/gtaV_reviews_pipeline.py
[2024-05-16T01:32:04.968+0000] {processor.py:830} INFO - Processing file /opt/airflow/dags/gtaV_reviews_pipeline.py for tasks to queue
[2024-05-16T01:32:04.971+0000] {logging_mixin.py:188} INFO - [2024-05-16T01:32:04.971+0000] {dagbag.py:540} INFO - Filling up the DagBag from /opt/airflow/dags/gtaV_reviews_pipeline.py
[2024-05-16T01:32:05.436+0000] {processor.py:840} INFO - DAG(s) 'gtaV_reviews_project' retrieved from /opt/airflow/dags/gtaV_reviews_pipeline.py
[2024-05-16T01:32:05.467+0000] {logging_mixin.py:188} INFO - [2024-05-16T01:32:05.466+0000] {dag.py:3047} INFO - Sync 1 DAGs
[2024-05-16T01:32:05.487+0000] {logging_mixin.py:188} INFO - [2024-05-16T01:32:05.486+0000] {dag.py:3834} INFO - Setting next_dagrun for gtaV_reviews_project to None, run_after=None
[2024-05-16T01:32:05.524+0000] {processor.py:183} INFO - Processing /opt/airflow/dags/gtaV_reviews_pipeline.py took 0.562 seconds
[2024-05-16T01:32:35.864+0000] {processor.py:161} INFO - Started process (PID=4061) to work on /opt/airflow/dags/gtaV_reviews_pipeline.py
[2024-05-16T01:32:35.866+0000] {processor.py:830} INFO - Processing file /opt/airflow/dags/gtaV_reviews_pipeline.py for tasks to queue
[2024-05-16T01:32:35.869+0000] {logging_mixin.py:188} INFO - [2024-05-16T01:32:35.869+0000] {dagbag.py:540} INFO - Filling up the DagBag from /opt/airflow/dags/gtaV_reviews_pipeline.py
[2024-05-16T01:32:36.185+0000] {processor.py:840} INFO - DAG(s) 'gtaV_reviews_project' retrieved from /opt/airflow/dags/gtaV_reviews_pipeline.py
[2024-05-16T01:32:36.209+0000] {logging_mixin.py:188} INFO - [2024-05-16T01:32:36.209+0000] {dag.py:3047} INFO - Sync 1 DAGs
[2024-05-16T01:32:36.224+0000] {logging_mixin.py:188} INFO - [2024-05-16T01:32:36.224+0000] {dag.py:3834} INFO - Setting next_dagrun for gtaV_reviews_project to None, run_after=None
[2024-05-16T01:32:36.304+0000] {processor.py:183} INFO - Processing /opt/airflow/dags/gtaV_reviews_pipeline.py took 0.444 seconds
[2024-05-16T01:33:06.546+0000] {processor.py:161} INFO - Started process (PID=4120) to work on /opt/airflow/dags/gtaV_reviews_pipeline.py
[2024-05-16T01:33:06.559+0000] {processor.py:830} INFO - Processing file /opt/airflow/dags/gtaV_reviews_pipeline.py for tasks to queue
[2024-05-16T01:33:06.575+0000] {logging_mixin.py:188} INFO - [2024-05-16T01:33:06.574+0000] {dagbag.py:540} INFO - Filling up the DagBag from /opt/airflow/dags/gtaV_reviews_pipeline.py
[2024-05-16T01:33:07.086+0000] {processor.py:840} INFO - DAG(s) 'gtaV_reviews_project' retrieved from /opt/airflow/dags/gtaV_reviews_pipeline.py
[2024-05-16T01:33:07.119+0000] {logging_mixin.py:188} INFO - [2024-05-16T01:33:07.119+0000] {dag.py:3047} INFO - Sync 1 DAGs
[2024-05-16T01:33:07.136+0000] {logging_mixin.py:188} INFO - [2024-05-16T01:33:07.136+0000] {dag.py:3834} INFO - Setting next_dagrun for gtaV_reviews_project to None, run_after=None
[2024-05-16T01:33:07.334+0000] {processor.py:183} INFO - Processing /opt/airflow/dags/gtaV_reviews_pipeline.py took 0.791 seconds
[2024-05-16T01:33:37.876+0000] {processor.py:161} INFO - Started process (PID=4179) to work on /opt/airflow/dags/gtaV_reviews_pipeline.py
[2024-05-16T01:33:37.954+0000] {processor.py:830} INFO - Processing file /opt/airflow/dags/gtaV_reviews_pipeline.py for tasks to queue
[2024-05-16T01:33:37.957+0000] {logging_mixin.py:188} INFO - [2024-05-16T01:33:37.957+0000] {dagbag.py:540} INFO - Filling up the DagBag from /opt/airflow/dags/gtaV_reviews_pipeline.py
[2024-05-16T01:33:38.361+0000] {processor.py:840} INFO - DAG(s) 'gtaV_reviews_project' retrieved from /opt/airflow/dags/gtaV_reviews_pipeline.py
[2024-05-16T01:33:38.383+0000] {logging_mixin.py:188} INFO - [2024-05-16T01:33:38.383+0000] {dag.py:3047} INFO - Sync 1 DAGs
[2024-05-16T01:33:38.395+0000] {logging_mixin.py:188} INFO - [2024-05-16T01:33:38.395+0000] {dag.py:3834} INFO - Setting next_dagrun for gtaV_reviews_project to None, run_after=None
[2024-05-16T01:33:38.421+0000] {processor.py:183} INFO - Processing /opt/airflow/dags/gtaV_reviews_pipeline.py took 0.548 seconds
[2024-05-16T01:34:08.842+0000] {processor.py:161} INFO - Started process (PID=4238) to work on /opt/airflow/dags/gtaV_reviews_pipeline.py
[2024-05-16T01:34:08.844+0000] {processor.py:830} INFO - Processing file /opt/airflow/dags/gtaV_reviews_pipeline.py for tasks to queue
[2024-05-16T01:34:08.847+0000] {logging_mixin.py:188} INFO - [2024-05-16T01:34:08.847+0000] {dagbag.py:540} INFO - Filling up the DagBag from /opt/airflow/dags/gtaV_reviews_pipeline.py
[2024-05-16T01:34:09.218+0000] {processor.py:840} INFO - DAG(s) 'gtaV_reviews_project' retrieved from /opt/airflow/dags/gtaV_reviews_pipeline.py
[2024-05-16T01:34:09.246+0000] {logging_mixin.py:188} INFO - [2024-05-16T01:34:09.246+0000] {dag.py:3047} INFO - Sync 1 DAGs
[2024-05-16T01:34:09.264+0000] {logging_mixin.py:188} INFO - [2024-05-16T01:34:09.264+0000] {dag.py:3834} INFO - Setting next_dagrun for gtaV_reviews_project to None, run_after=None
[2024-05-16T01:34:09.311+0000] {processor.py:183} INFO - Processing /opt/airflow/dags/gtaV_reviews_pipeline.py took 0.475 seconds
[2024-05-16T01:34:39.611+0000] {processor.py:161} INFO - Started process (PID=4297) to work on /opt/airflow/dags/gtaV_reviews_pipeline.py
[2024-05-16T01:34:39.612+0000] {processor.py:830} INFO - Processing file /opt/airflow/dags/gtaV_reviews_pipeline.py for tasks to queue
[2024-05-16T01:34:39.615+0000] {logging_mixin.py:188} INFO - [2024-05-16T01:34:39.615+0000] {dagbag.py:540} INFO - Filling up the DagBag from /opt/airflow/dags/gtaV_reviews_pipeline.py
[2024-05-16T01:34:40.174+0000] {processor.py:840} INFO - DAG(s) 'gtaV_reviews_project' retrieved from /opt/airflow/dags/gtaV_reviews_pipeline.py
[2024-05-16T01:34:40.204+0000] {logging_mixin.py:188} INFO - [2024-05-16T01:34:40.203+0000] {dag.py:3047} INFO - Sync 1 DAGs
[2024-05-16T01:34:40.219+0000] {logging_mixin.py:188} INFO - [2024-05-16T01:34:40.219+0000] {dag.py:3834} INFO - Setting next_dagrun for gtaV_reviews_project to None, run_after=None
[2024-05-16T01:34:40.274+0000] {processor.py:183} INFO - Processing /opt/airflow/dags/gtaV_reviews_pipeline.py took 0.667 seconds
[2024-05-16T01:35:10.613+0000] {processor.py:161} INFO - Started process (PID=4356) to work on /opt/airflow/dags/gtaV_reviews_pipeline.py
[2024-05-16T01:35:10.615+0000] {processor.py:830} INFO - Processing file /opt/airflow/dags/gtaV_reviews_pipeline.py for tasks to queue
[2024-05-16T01:35:10.619+0000] {logging_mixin.py:188} INFO - [2024-05-16T01:35:10.618+0000] {dagbag.py:540} INFO - Filling up the DagBag from /opt/airflow/dags/gtaV_reviews_pipeline.py
[2024-05-16T01:35:11.065+0000] {processor.py:840} INFO - DAG(s) 'gtaV_reviews_project' retrieved from /opt/airflow/dags/gtaV_reviews_pipeline.py
[2024-05-16T01:35:11.092+0000] {logging_mixin.py:188} INFO - [2024-05-16T01:35:11.091+0000] {dag.py:3047} INFO - Sync 1 DAGs
[2024-05-16T01:35:11.107+0000] {logging_mixin.py:188} INFO - [2024-05-16T01:35:11.107+0000] {dag.py:3834} INFO - Setting next_dagrun for gtaV_reviews_project to None, run_after=None
[2024-05-16T01:35:11.149+0000] {processor.py:183} INFO - Processing /opt/airflow/dags/gtaV_reviews_pipeline.py took 0.540 seconds
[2024-05-16T01:35:41.431+0000] {processor.py:161} INFO - Started process (PID=4415) to work on /opt/airflow/dags/gtaV_reviews_pipeline.py
[2024-05-16T01:35:41.433+0000] {processor.py:830} INFO - Processing file /opt/airflow/dags/gtaV_reviews_pipeline.py for tasks to queue
[2024-05-16T01:35:41.436+0000] {logging_mixin.py:188} INFO - [2024-05-16T01:35:41.436+0000] {dagbag.py:540} INFO - Filling up the DagBag from /opt/airflow/dags/gtaV_reviews_pipeline.py
[2024-05-16T01:35:41.837+0000] {processor.py:840} INFO - DAG(s) 'gtaV_reviews_project' retrieved from /opt/airflow/dags/gtaV_reviews_pipeline.py
[2024-05-16T01:35:41.864+0000] {logging_mixin.py:188} INFO - [2024-05-16T01:35:41.863+0000] {dag.py:3047} INFO - Sync 1 DAGs
[2024-05-16T01:35:41.880+0000] {logging_mixin.py:188} INFO - [2024-05-16T01:35:41.880+0000] {dag.py:3834} INFO - Setting next_dagrun for gtaV_reviews_project to None, run_after=None
[2024-05-16T01:35:41.912+0000] {processor.py:183} INFO - Processing /opt/airflow/dags/gtaV_reviews_pipeline.py took 0.485 seconds
[2024-05-16T01:36:12.759+0000] {processor.py:161} INFO - Started process (PID=4474) to work on /opt/airflow/dags/gtaV_reviews_pipeline.py
[2024-05-16T01:36:12.761+0000] {processor.py:830} INFO - Processing file /opt/airflow/dags/gtaV_reviews_pipeline.py for tasks to queue
[2024-05-16T01:36:12.763+0000] {logging_mixin.py:188} INFO - [2024-05-16T01:36:12.763+0000] {dagbag.py:540} INFO - Filling up the DagBag from /opt/airflow/dags/gtaV_reviews_pipeline.py
[2024-05-16T01:36:13.188+0000] {processor.py:840} INFO - DAG(s) 'gtaV_reviews_project' retrieved from /opt/airflow/dags/gtaV_reviews_pipeline.py
[2024-05-16T01:36:13.217+0000] {logging_mixin.py:188} INFO - [2024-05-16T01:36:13.216+0000] {dag.py:3047} INFO - Sync 1 DAGs
[2024-05-16T01:36:13.232+0000] {logging_mixin.py:188} INFO - [2024-05-16T01:36:13.231+0000] {dag.py:3834} INFO - Setting next_dagrun for gtaV_reviews_project to None, run_after=None
[2024-05-16T01:36:13.271+0000] {processor.py:183} INFO - Processing /opt/airflow/dags/gtaV_reviews_pipeline.py took 0.515 seconds
[2024-05-16T01:36:44.122+0000] {processor.py:161} INFO - Started process (PID=4539) to work on /opt/airflow/dags/gtaV_reviews_pipeline.py
[2024-05-16T01:36:44.125+0000] {processor.py:830} INFO - Processing file /opt/airflow/dags/gtaV_reviews_pipeline.py for tasks to queue
[2024-05-16T01:36:44.128+0000] {logging_mixin.py:188} INFO - [2024-05-16T01:36:44.127+0000] {dagbag.py:540} INFO - Filling up the DagBag from /opt/airflow/dags/gtaV_reviews_pipeline.py
[2024-05-16T01:36:44.538+0000] {processor.py:840} INFO - DAG(s) 'gtaV_reviews_project' retrieved from /opt/airflow/dags/gtaV_reviews_pipeline.py
[2024-05-16T01:36:44.568+0000] {logging_mixin.py:188} INFO - [2024-05-16T01:36:44.567+0000] {dag.py:3047} INFO - Sync 1 DAGs
[2024-05-16T01:36:44.588+0000] {logging_mixin.py:188} INFO - [2024-05-16T01:36:44.587+0000] {dag.py:3834} INFO - Setting next_dagrun for gtaV_reviews_project to None, run_after=None
[2024-05-16T01:36:44.631+0000] {processor.py:183} INFO - Processing /opt/airflow/dags/gtaV_reviews_pipeline.py took 0.515 seconds
[2024-05-16T01:37:14.978+0000] {processor.py:161} INFO - Started process (PID=4598) to work on /opt/airflow/dags/gtaV_reviews_pipeline.py
[2024-05-16T01:37:14.980+0000] {processor.py:830} INFO - Processing file /opt/airflow/dags/gtaV_reviews_pipeline.py for tasks to queue
[2024-05-16T01:37:14.984+0000] {logging_mixin.py:188} INFO - [2024-05-16T01:37:14.984+0000] {dagbag.py:540} INFO - Filling up the DagBag from /opt/airflow/dags/gtaV_reviews_pipeline.py
[2024-05-16T01:37:15.434+0000] {processor.py:840} INFO - DAG(s) 'gtaV_reviews_project' retrieved from /opt/airflow/dags/gtaV_reviews_pipeline.py
[2024-05-16T01:37:15.458+0000] {logging_mixin.py:188} INFO - [2024-05-16T01:37:15.458+0000] {dag.py:3047} INFO - Sync 1 DAGs
[2024-05-16T01:37:15.474+0000] {logging_mixin.py:188} INFO - [2024-05-16T01:37:15.474+0000] {dag.py:3834} INFO - Setting next_dagrun for gtaV_reviews_project to None, run_after=None
[2024-05-16T01:37:15.518+0000] {processor.py:183} INFO - Processing /opt/airflow/dags/gtaV_reviews_pipeline.py took 0.544 seconds
[2024-05-16T01:37:45.960+0000] {processor.py:161} INFO - Started process (PID=4657) to work on /opt/airflow/dags/gtaV_reviews_pipeline.py
[2024-05-16T01:37:45.962+0000] {processor.py:830} INFO - Processing file /opt/airflow/dags/gtaV_reviews_pipeline.py for tasks to queue
[2024-05-16T01:37:45.964+0000] {logging_mixin.py:188} INFO - [2024-05-16T01:37:45.964+0000] {dagbag.py:540} INFO - Filling up the DagBag from /opt/airflow/dags/gtaV_reviews_pipeline.py
[2024-05-16T01:37:46.539+0000] {processor.py:840} INFO - DAG(s) 'gtaV_reviews_project' retrieved from /opt/airflow/dags/gtaV_reviews_pipeline.py
[2024-05-16T01:37:46.573+0000] {logging_mixin.py:188} INFO - [2024-05-16T01:37:46.573+0000] {dag.py:3047} INFO - Sync 1 DAGs
[2024-05-16T01:37:46.592+0000] {logging_mixin.py:188} INFO - [2024-05-16T01:37:46.592+0000] {dag.py:3834} INFO - Setting next_dagrun for gtaV_reviews_project to None, run_after=None
[2024-05-16T01:37:46.637+0000] {processor.py:183} INFO - Processing /opt/airflow/dags/gtaV_reviews_pipeline.py took 0.681 seconds
[2024-05-16T01:38:17.027+0000] {processor.py:161} INFO - Started process (PID=4716) to work on /opt/airflow/dags/gtaV_reviews_pipeline.py
[2024-05-16T01:38:17.029+0000] {processor.py:830} INFO - Processing file /opt/airflow/dags/gtaV_reviews_pipeline.py for tasks to queue
[2024-05-16T01:38:17.031+0000] {logging_mixin.py:188} INFO - [2024-05-16T01:38:17.031+0000] {dagbag.py:540} INFO - Filling up the DagBag from /opt/airflow/dags/gtaV_reviews_pipeline.py
[2024-05-16T01:38:17.468+0000] {processor.py:840} INFO - DAG(s) 'gtaV_reviews_project' retrieved from /opt/airflow/dags/gtaV_reviews_pipeline.py
[2024-05-16T01:38:17.494+0000] {logging_mixin.py:188} INFO - [2024-05-16T01:38:17.493+0000] {dag.py:3047} INFO - Sync 1 DAGs
[2024-05-16T01:38:17.511+0000] {logging_mixin.py:188} INFO - [2024-05-16T01:38:17.511+0000] {dag.py:3834} INFO - Setting next_dagrun for gtaV_reviews_project to None, run_after=None
[2024-05-16T01:38:17.562+0000] {processor.py:183} INFO - Processing /opt/airflow/dags/gtaV_reviews_pipeline.py took 0.538 seconds
[2024-05-16T01:38:47.967+0000] {processor.py:161} INFO - Started process (PID=4775) to work on /opt/airflow/dags/gtaV_reviews_pipeline.py
[2024-05-16T01:38:47.974+0000] {processor.py:830} INFO - Processing file /opt/airflow/dags/gtaV_reviews_pipeline.py for tasks to queue
[2024-05-16T01:38:47.977+0000] {logging_mixin.py:188} INFO - [2024-05-16T01:38:47.977+0000] {dagbag.py:540} INFO - Filling up the DagBag from /opt/airflow/dags/gtaV_reviews_pipeline.py
[2024-05-16T01:38:48.448+0000] {processor.py:840} INFO - DAG(s) 'gtaV_reviews_project' retrieved from /opt/airflow/dags/gtaV_reviews_pipeline.py
[2024-05-16T01:38:48.471+0000] {logging_mixin.py:188} INFO - [2024-05-16T01:38:48.470+0000] {dag.py:3047} INFO - Sync 1 DAGs
[2024-05-16T01:38:48.483+0000] {logging_mixin.py:188} INFO - [2024-05-16T01:38:48.483+0000] {dag.py:3834} INFO - Setting next_dagrun for gtaV_reviews_project to None, run_after=None
[2024-05-16T01:38:48.536+0000] {processor.py:183} INFO - Processing /opt/airflow/dags/gtaV_reviews_pipeline.py took 0.571 seconds
[2024-05-16T01:39:19.190+0000] {processor.py:161} INFO - Started process (PID=4834) to work on /opt/airflow/dags/gtaV_reviews_pipeline.py
[2024-05-16T01:39:19.192+0000] {processor.py:830} INFO - Processing file /opt/airflow/dags/gtaV_reviews_pipeline.py for tasks to queue
[2024-05-16T01:39:19.195+0000] {logging_mixin.py:188} INFO - [2024-05-16T01:39:19.195+0000] {dagbag.py:540} INFO - Filling up the DagBag from /opt/airflow/dags/gtaV_reviews_pipeline.py
[2024-05-16T01:39:19.572+0000] {processor.py:840} INFO - DAG(s) 'gtaV_reviews_project' retrieved from /opt/airflow/dags/gtaV_reviews_pipeline.py
[2024-05-16T01:39:19.598+0000] {logging_mixin.py:188} INFO - [2024-05-16T01:39:19.597+0000] {dag.py:3047} INFO - Sync 1 DAGs
[2024-05-16T01:39:19.617+0000] {logging_mixin.py:188} INFO - [2024-05-16T01:39:19.617+0000] {dag.py:3834} INFO - Setting next_dagrun for gtaV_reviews_project to None, run_after=None
[2024-05-16T01:39:19.664+0000] {processor.py:183} INFO - Processing /opt/airflow/dags/gtaV_reviews_pipeline.py took 0.478 seconds
[2024-05-16T01:39:50.023+0000] {processor.py:161} INFO - Started process (PID=4893) to work on /opt/airflow/dags/gtaV_reviews_pipeline.py
[2024-05-16T01:39:50.034+0000] {processor.py:830} INFO - Processing file /opt/airflow/dags/gtaV_reviews_pipeline.py for tasks to queue
[2024-05-16T01:39:50.050+0000] {logging_mixin.py:188} INFO - [2024-05-16T01:39:50.050+0000] {dagbag.py:540} INFO - Filling up the DagBag from /opt/airflow/dags/gtaV_reviews_pipeline.py
[2024-05-16T01:39:50.459+0000] {processor.py:840} INFO - DAG(s) 'gtaV_reviews_project' retrieved from /opt/airflow/dags/gtaV_reviews_pipeline.py
[2024-05-16T01:39:50.479+0000] {logging_mixin.py:188} INFO - [2024-05-16T01:39:50.478+0000] {dag.py:3047} INFO - Sync 1 DAGs
[2024-05-16T01:39:50.504+0000] {logging_mixin.py:188} INFO - [2024-05-16T01:39:50.504+0000] {dag.py:3834} INFO - Setting next_dagrun for gtaV_reviews_project to None, run_after=None
[2024-05-16T01:39:50.560+0000] {processor.py:183} INFO - Processing /opt/airflow/dags/gtaV_reviews_pipeline.py took 0.540 seconds
[2024-05-16T01:40:20.792+0000] {processor.py:161} INFO - Started process (PID=4952) to work on /opt/airflow/dags/gtaV_reviews_pipeline.py
[2024-05-16T01:40:20.794+0000] {processor.py:830} INFO - Processing file /opt/airflow/dags/gtaV_reviews_pipeline.py for tasks to queue
[2024-05-16T01:40:20.797+0000] {logging_mixin.py:188} INFO - [2024-05-16T01:40:20.797+0000] {dagbag.py:540} INFO - Filling up the DagBag from /opt/airflow/dags/gtaV_reviews_pipeline.py
[2024-05-16T01:40:21.264+0000] {processor.py:840} INFO - DAG(s) 'gtaV_reviews_project' retrieved from /opt/airflow/dags/gtaV_reviews_pipeline.py
[2024-05-16T01:40:21.296+0000] {logging_mixin.py:188} INFO - [2024-05-16T01:40:21.295+0000] {dag.py:3047} INFO - Sync 1 DAGs
[2024-05-16T01:40:21.315+0000] {logging_mixin.py:188} INFO - [2024-05-16T01:40:21.314+0000] {dag.py:3834} INFO - Setting next_dagrun for gtaV_reviews_project to None, run_after=None
[2024-05-16T01:40:21.587+0000] {processor.py:183} INFO - Processing /opt/airflow/dags/gtaV_reviews_pipeline.py took 0.799 seconds
[2024-05-16T01:40:52.054+0000] {processor.py:161} INFO - Started process (PID=5011) to work on /opt/airflow/dags/gtaV_reviews_pipeline.py
[2024-05-16T01:40:52.056+0000] {processor.py:830} INFO - Processing file /opt/airflow/dags/gtaV_reviews_pipeline.py for tasks to queue
[2024-05-16T01:40:52.059+0000] {logging_mixin.py:188} INFO - [2024-05-16T01:40:52.059+0000] {dagbag.py:540} INFO - Filling up the DagBag from /opt/airflow/dags/gtaV_reviews_pipeline.py
[2024-05-16T01:40:52.495+0000] {processor.py:840} INFO - DAG(s) 'gtaV_reviews_project' retrieved from /opt/airflow/dags/gtaV_reviews_pipeline.py
[2024-05-16T01:40:52.523+0000] {logging_mixin.py:188} INFO - [2024-05-16T01:40:52.522+0000] {dag.py:3047} INFO - Sync 1 DAGs
[2024-05-16T01:40:52.539+0000] {logging_mixin.py:188} INFO - [2024-05-16T01:40:52.538+0000] {dag.py:3834} INFO - Setting next_dagrun for gtaV_reviews_project to None, run_after=None
[2024-05-16T01:40:52.627+0000] {processor.py:183} INFO - Processing /opt/airflow/dags/gtaV_reviews_pipeline.py took 0.578 seconds
[2024-05-16T01:41:23.429+0000] {processor.py:161} INFO - Started process (PID=5070) to work on /opt/airflow/dags/gtaV_reviews_pipeline.py
[2024-05-16T01:41:23.430+0000] {processor.py:830} INFO - Processing file /opt/airflow/dags/gtaV_reviews_pipeline.py for tasks to queue
[2024-05-16T01:41:23.432+0000] {logging_mixin.py:188} INFO - [2024-05-16T01:41:23.432+0000] {dagbag.py:540} INFO - Filling up the DagBag from /opt/airflow/dags/gtaV_reviews_pipeline.py
[2024-05-16T01:41:23.718+0000] {processor.py:840} INFO - DAG(s) 'gtaV_reviews_project' retrieved from /opt/airflow/dags/gtaV_reviews_pipeline.py
[2024-05-16T01:41:23.738+0000] {logging_mixin.py:188} INFO - [2024-05-16T01:41:23.738+0000] {dag.py:3047} INFO - Sync 1 DAGs
[2024-05-16T01:41:23.751+0000] {logging_mixin.py:188} INFO - [2024-05-16T01:41:23.750+0000] {dag.py:3834} INFO - Setting next_dagrun for gtaV_reviews_project to None, run_after=None
[2024-05-16T01:41:23.776+0000] {processor.py:183} INFO - Processing /opt/airflow/dags/gtaV_reviews_pipeline.py took 0.351 seconds
