[2024-05-16T00:57:54.496+0000] {processor.py:161} INFO - Started process (PID=47) to work on /opt/airflow/dags/python_flow.py
[2024-05-16T00:57:54.498+0000] {processor.py:830} INFO - Processing file /opt/airflow/dags/python_flow.py for tasks to queue
[2024-05-16T00:57:54.501+0000] {logging_mixin.py:188} INFO - [2024-05-16T00:57:54.500+0000] {dagbag.py:540} INFO - Filling up the DagBag from /opt/airflow/dags/python_flow.py
[2024-05-16T00:57:54.547+0000] {processor.py:840} INFO - DAG(s) 'big_data_python_demo' retrieved from /opt/airflow/dags/python_flow.py
[2024-05-16T00:57:54.808+0000] {logging_mixin.py:188} INFO - [2024-05-16T00:57:54.807+0000] {dag.py:3047} INFO - Sync 1 DAGs
[2024-05-16T00:57:54.832+0000] {logging_mixin.py:188} INFO - [2024-05-16T00:57:54.831+0000] {dag.py:3834} INFO - Setting next_dagrun for big_data_python_demo to None, run_after=None
[2024-05-16T00:57:54.878+0000] {processor.py:183} INFO - Processing /opt/airflow/dags/python_flow.py took 0.390 seconds
[2024-05-16T00:58:25.488+0000] {processor.py:161} INFO - Started process (PID=105) to work on /opt/airflow/dags/python_flow.py
[2024-05-16T00:58:25.490+0000] {processor.py:830} INFO - Processing file /opt/airflow/dags/python_flow.py for tasks to queue
[2024-05-16T00:58:25.495+0000] {logging_mixin.py:188} INFO - [2024-05-16T00:58:25.494+0000] {dagbag.py:540} INFO - Filling up the DagBag from /opt/airflow/dags/python_flow.py
[2024-05-16T00:58:25.540+0000] {processor.py:840} INFO - DAG(s) 'big_data_python_demo' retrieved from /opt/airflow/dags/python_flow.py
[2024-05-16T00:58:25.578+0000] {logging_mixin.py:188} INFO - [2024-05-16T00:58:25.578+0000] {dag.py:3047} INFO - Sync 1 DAGs
[2024-05-16T00:58:25.619+0000] {logging_mixin.py:188} INFO - [2024-05-16T00:58:25.618+0000] {dag.py:3834} INFO - Setting next_dagrun for big_data_python_demo to None, run_after=None
[2024-05-16T00:58:25.687+0000] {processor.py:183} INFO - Processing /opt/airflow/dags/python_flow.py took 0.208 seconds
[2024-05-16T00:58:56.377+0000] {processor.py:161} INFO - Started process (PID=164) to work on /opt/airflow/dags/python_flow.py
[2024-05-16T00:58:56.392+0000] {processor.py:830} INFO - Processing file /opt/airflow/dags/python_flow.py for tasks to queue
[2024-05-16T00:58:56.396+0000] {logging_mixin.py:188} INFO - [2024-05-16T00:58:56.396+0000] {dagbag.py:540} INFO - Filling up the DagBag from /opt/airflow/dags/python_flow.py
[2024-05-16T00:58:56.437+0000] {processor.py:840} INFO - DAG(s) 'big_data_python_demo' retrieved from /opt/airflow/dags/python_flow.py
[2024-05-16T00:58:56.461+0000] {logging_mixin.py:188} INFO - [2024-05-16T00:58:56.460+0000] {dag.py:3047} INFO - Sync 1 DAGs
[2024-05-16T00:58:56.472+0000] {logging_mixin.py:188} INFO - [2024-05-16T00:58:56.472+0000] {dag.py:3834} INFO - Setting next_dagrun for big_data_python_demo to None, run_after=None
[2024-05-16T00:58:56.519+0000] {processor.py:183} INFO - Processing /opt/airflow/dags/python_flow.py took 0.147 seconds
[2024-05-16T00:59:26.759+0000] {processor.py:161} INFO - Started process (PID=223) to work on /opt/airflow/dags/python_flow.py
[2024-05-16T00:59:26.760+0000] {processor.py:830} INFO - Processing file /opt/airflow/dags/python_flow.py for tasks to queue
[2024-05-16T00:59:26.763+0000] {logging_mixin.py:188} INFO - [2024-05-16T00:59:26.762+0000] {dagbag.py:540} INFO - Filling up the DagBag from /opt/airflow/dags/python_flow.py
[2024-05-16T00:59:26.784+0000] {processor.py:840} INFO - DAG(s) 'big_data_python_demo' retrieved from /opt/airflow/dags/python_flow.py
[2024-05-16T00:59:26.804+0000] {logging_mixin.py:188} INFO - [2024-05-16T00:59:26.804+0000] {dag.py:3047} INFO - Sync 1 DAGs
[2024-05-16T00:59:26.832+0000] {logging_mixin.py:188} INFO - [2024-05-16T00:59:26.831+0000] {dag.py:3834} INFO - Setting next_dagrun for big_data_python_demo to None, run_after=None
[2024-05-16T00:59:26.860+0000] {processor.py:183} INFO - Processing /opt/airflow/dags/python_flow.py took 0.104 seconds
[2024-05-16T00:59:57.336+0000] {processor.py:161} INFO - Started process (PID=282) to work on /opt/airflow/dags/python_flow.py
[2024-05-16T00:59:57.337+0000] {processor.py:830} INFO - Processing file /opt/airflow/dags/python_flow.py for tasks to queue
[2024-05-16T00:59:57.339+0000] {logging_mixin.py:188} INFO - [2024-05-16T00:59:57.339+0000] {dagbag.py:540} INFO - Filling up the DagBag from /opt/airflow/dags/python_flow.py
[2024-05-16T00:59:57.369+0000] {processor.py:840} INFO - DAG(s) 'big_data_python_demo' retrieved from /opt/airflow/dags/python_flow.py
[2024-05-16T00:59:57.398+0000] {logging_mixin.py:188} INFO - [2024-05-16T00:59:57.398+0000] {dag.py:3047} INFO - Sync 1 DAGs
[2024-05-16T00:59:57.414+0000] {logging_mixin.py:188} INFO - [2024-05-16T00:59:57.414+0000] {dag.py:3834} INFO - Setting next_dagrun for big_data_python_demo to None, run_after=None
[2024-05-16T00:59:57.442+0000] {processor.py:183} INFO - Processing /opt/airflow/dags/python_flow.py took 0.110 seconds
[2024-05-16T01:00:27.725+0000] {processor.py:161} INFO - Started process (PID=341) to work on /opt/airflow/dags/python_flow.py
[2024-05-16T01:00:27.727+0000] {processor.py:830} INFO - Processing file /opt/airflow/dags/python_flow.py for tasks to queue
[2024-05-16T01:00:27.729+0000] {logging_mixin.py:188} INFO - [2024-05-16T01:00:27.728+0000] {dagbag.py:540} INFO - Filling up the DagBag from /opt/airflow/dags/python_flow.py
[2024-05-16T01:00:27.762+0000] {processor.py:840} INFO - DAG(s) 'big_data_python_demo' retrieved from /opt/airflow/dags/python_flow.py
[2024-05-16T01:00:27.786+0000] {logging_mixin.py:188} INFO - [2024-05-16T01:00:27.786+0000] {dag.py:3047} INFO - Sync 1 DAGs
[2024-05-16T01:00:27.800+0000] {logging_mixin.py:188} INFO - [2024-05-16T01:00:27.800+0000] {dag.py:3834} INFO - Setting next_dagrun for big_data_python_demo to None, run_after=None
[2024-05-16T01:00:27.833+0000] {processor.py:183} INFO - Processing /opt/airflow/dags/python_flow.py took 0.111 seconds
[2024-05-16T01:00:58.472+0000] {processor.py:161} INFO - Started process (PID=400) to work on /opt/airflow/dags/python_flow.py
[2024-05-16T01:00:58.473+0000] {processor.py:830} INFO - Processing file /opt/airflow/dags/python_flow.py for tasks to queue
[2024-05-16T01:00:58.475+0000] {logging_mixin.py:188} INFO - [2024-05-16T01:00:58.474+0000] {dagbag.py:540} INFO - Filling up the DagBag from /opt/airflow/dags/python_flow.py
[2024-05-16T01:00:58.497+0000] {processor.py:840} INFO - DAG(s) 'big_data_python_demo' retrieved from /opt/airflow/dags/python_flow.py
[2024-05-16T01:00:58.517+0000] {logging_mixin.py:188} INFO - [2024-05-16T01:00:58.516+0000] {dag.py:3047} INFO - Sync 1 DAGs
[2024-05-16T01:00:58.528+0000] {logging_mixin.py:188} INFO - [2024-05-16T01:00:58.528+0000] {dag.py:3834} INFO - Setting next_dagrun for big_data_python_demo to None, run_after=None
[2024-05-16T01:00:58.556+0000] {processor.py:183} INFO - Processing /opt/airflow/dags/python_flow.py took 0.087 seconds
[2024-05-16T01:01:28.915+0000] {processor.py:161} INFO - Started process (PID=459) to work on /opt/airflow/dags/python_flow.py
[2024-05-16T01:01:28.918+0000] {processor.py:830} INFO - Processing file /opt/airflow/dags/python_flow.py for tasks to queue
[2024-05-16T01:01:28.920+0000] {logging_mixin.py:188} INFO - [2024-05-16T01:01:28.920+0000] {dagbag.py:540} INFO - Filling up the DagBag from /opt/airflow/dags/python_flow.py
[2024-05-16T01:01:28.945+0000] {processor.py:840} INFO - DAG(s) 'big_data_python_demo' retrieved from /opt/airflow/dags/python_flow.py
[2024-05-16T01:01:28.966+0000] {logging_mixin.py:188} INFO - [2024-05-16T01:01:28.966+0000] {dag.py:3047} INFO - Sync 1 DAGs
[2024-05-16T01:01:28.978+0000] {logging_mixin.py:188} INFO - [2024-05-16T01:01:28.978+0000] {dag.py:3834} INFO - Setting next_dagrun for big_data_python_demo to None, run_after=None
[2024-05-16T01:01:29.009+0000] {processor.py:183} INFO - Processing /opt/airflow/dags/python_flow.py took 0.098 seconds
[2024-05-16T01:01:59.369+0000] {processor.py:161} INFO - Started process (PID=517) to work on /opt/airflow/dags/python_flow.py
[2024-05-16T01:01:59.371+0000] {processor.py:830} INFO - Processing file /opt/airflow/dags/python_flow.py for tasks to queue
[2024-05-16T01:01:59.373+0000] {logging_mixin.py:188} INFO - [2024-05-16T01:01:59.373+0000] {dagbag.py:540} INFO - Filling up the DagBag from /opt/airflow/dags/python_flow.py
[2024-05-16T01:01:59.402+0000] {processor.py:840} INFO - DAG(s) 'big_data_python_demo' retrieved from /opt/airflow/dags/python_flow.py
[2024-05-16T01:01:59.425+0000] {logging_mixin.py:188} INFO - [2024-05-16T01:01:59.424+0000] {dag.py:3047} INFO - Sync 1 DAGs
[2024-05-16T01:01:59.438+0000] {logging_mixin.py:188} INFO - [2024-05-16T01:01:59.438+0000] {dag.py:3834} INFO - Setting next_dagrun for big_data_python_demo to None, run_after=None
[2024-05-16T01:01:59.476+0000] {processor.py:183} INFO - Processing /opt/airflow/dags/python_flow.py took 0.111 seconds
[2024-05-16T01:02:29.998+0000] {processor.py:161} INFO - Started process (PID=576) to work on /opt/airflow/dags/python_flow.py
[2024-05-16T01:02:30.001+0000] {processor.py:830} INFO - Processing file /opt/airflow/dags/python_flow.py for tasks to queue
[2024-05-16T01:02:30.006+0000] {logging_mixin.py:188} INFO - [2024-05-16T01:02:30.005+0000] {dagbag.py:540} INFO - Filling up the DagBag from /opt/airflow/dags/python_flow.py
[2024-05-16T01:02:30.072+0000] {processor.py:840} INFO - DAG(s) 'big_data_python_demo' retrieved from /opt/airflow/dags/python_flow.py
[2024-05-16T01:02:30.116+0000] {logging_mixin.py:188} INFO - [2024-05-16T01:02:30.116+0000] {dag.py:3047} INFO - Sync 1 DAGs
[2024-05-16T01:02:30.143+0000] {logging_mixin.py:188} INFO - [2024-05-16T01:02:30.143+0000] {dag.py:3834} INFO - Setting next_dagrun for big_data_python_demo to None, run_after=None
[2024-05-16T01:02:30.186+0000] {processor.py:183} INFO - Processing /opt/airflow/dags/python_flow.py took 0.194 seconds
[2024-05-16T01:03:00.582+0000] {processor.py:161} INFO - Started process (PID=634) to work on /opt/airflow/dags/python_flow.py
[2024-05-16T01:03:00.584+0000] {processor.py:830} INFO - Processing file /opt/airflow/dags/python_flow.py for tasks to queue
[2024-05-16T01:03:00.587+0000] {logging_mixin.py:188} INFO - [2024-05-16T01:03:00.587+0000] {dagbag.py:540} INFO - Filling up the DagBag from /opt/airflow/dags/python_flow.py
[2024-05-16T01:03:00.636+0000] {processor.py:840} INFO - DAG(s) 'big_data_python_demo' retrieved from /opt/airflow/dags/python_flow.py
[2024-05-16T01:03:00.667+0000] {logging_mixin.py:188} INFO - [2024-05-16T01:03:00.667+0000] {dag.py:3047} INFO - Sync 1 DAGs
[2024-05-16T01:03:00.685+0000] {logging_mixin.py:188} INFO - [2024-05-16T01:03:00.685+0000] {dag.py:3834} INFO - Setting next_dagrun for big_data_python_demo to None, run_after=None
[2024-05-16T01:03:00.719+0000] {processor.py:183} INFO - Processing /opt/airflow/dags/python_flow.py took 0.142 seconds
[2024-05-16T01:03:31.238+0000] {processor.py:161} INFO - Started process (PID=693) to work on /opt/airflow/dags/python_flow.py
[2024-05-16T01:03:31.240+0000] {processor.py:830} INFO - Processing file /opt/airflow/dags/python_flow.py for tasks to queue
[2024-05-16T01:03:31.243+0000] {logging_mixin.py:188} INFO - [2024-05-16T01:03:31.243+0000] {dagbag.py:540} INFO - Filling up the DagBag from /opt/airflow/dags/python_flow.py
[2024-05-16T01:03:31.288+0000] {processor.py:840} INFO - DAG(s) 'big_data_python_demo' retrieved from /opt/airflow/dags/python_flow.py
[2024-05-16T01:03:31.313+0000] {logging_mixin.py:188} INFO - [2024-05-16T01:03:31.313+0000] {dag.py:3047} INFO - Sync 1 DAGs
[2024-05-16T01:03:31.327+0000] {logging_mixin.py:188} INFO - [2024-05-16T01:03:31.327+0000] {dag.py:3834} INFO - Setting next_dagrun for big_data_python_demo to None, run_after=None
[2024-05-16T01:03:31.355+0000] {processor.py:183} INFO - Processing /opt/airflow/dags/python_flow.py took 0.122 seconds
[2024-05-16T01:04:02.123+0000] {processor.py:161} INFO - Started process (PID=752) to work on /opt/airflow/dags/python_flow.py
[2024-05-16T01:04:02.125+0000] {processor.py:830} INFO - Processing file /opt/airflow/dags/python_flow.py for tasks to queue
[2024-05-16T01:04:02.129+0000] {logging_mixin.py:188} INFO - [2024-05-16T01:04:02.128+0000] {dagbag.py:540} INFO - Filling up the DagBag from /opt/airflow/dags/python_flow.py
[2024-05-16T01:04:02.184+0000] {processor.py:840} INFO - DAG(s) 'big_data_python_demo' retrieved from /opt/airflow/dags/python_flow.py
[2024-05-16T01:04:02.216+0000] {logging_mixin.py:188} INFO - [2024-05-16T01:04:02.216+0000] {dag.py:3047} INFO - Sync 1 DAGs
[2024-05-16T01:04:02.234+0000] {logging_mixin.py:188} INFO - [2024-05-16T01:04:02.233+0000] {dag.py:3834} INFO - Setting next_dagrun for big_data_python_demo to None, run_after=None
[2024-05-16T01:04:02.266+0000] {processor.py:183} INFO - Processing /opt/airflow/dags/python_flow.py took 0.149 seconds
[2024-05-16T01:04:32.803+0000] {processor.py:161} INFO - Started process (PID=811) to work on /opt/airflow/dags/python_flow.py
[2024-05-16T01:04:32.805+0000] {processor.py:830} INFO - Processing file /opt/airflow/dags/python_flow.py for tasks to queue
[2024-05-16T01:04:32.808+0000] {logging_mixin.py:188} INFO - [2024-05-16T01:04:32.807+0000] {dagbag.py:540} INFO - Filling up the DagBag from /opt/airflow/dags/python_flow.py
[2024-05-16T01:04:32.843+0000] {processor.py:840} INFO - DAG(s) 'big_data_python_demo' retrieved from /opt/airflow/dags/python_flow.py
[2024-05-16T01:04:32.865+0000] {logging_mixin.py:188} INFO - [2024-05-16T01:04:32.865+0000] {dag.py:3047} INFO - Sync 1 DAGs
[2024-05-16T01:04:32.878+0000] {logging_mixin.py:188} INFO - [2024-05-16T01:04:32.877+0000] {dag.py:3834} INFO - Setting next_dagrun for big_data_python_demo to None, run_after=None
[2024-05-16T01:04:32.903+0000] {processor.py:183} INFO - Processing /opt/airflow/dags/python_flow.py took 0.104 seconds
[2024-05-16T01:05:03.382+0000] {processor.py:161} INFO - Started process (PID=871) to work on /opt/airflow/dags/python_flow.py
[2024-05-16T01:05:03.384+0000] {processor.py:830} INFO - Processing file /opt/airflow/dags/python_flow.py for tasks to queue
[2024-05-16T01:05:03.388+0000] {logging_mixin.py:188} INFO - [2024-05-16T01:05:03.387+0000] {dagbag.py:540} INFO - Filling up the DagBag from /opt/airflow/dags/python_flow.py
[2024-05-16T01:05:03.414+0000] {processor.py:840} INFO - DAG(s) 'big_data_python_demo' retrieved from /opt/airflow/dags/python_flow.py
[2024-05-16T01:05:03.442+0000] {logging_mixin.py:188} INFO - [2024-05-16T01:05:03.442+0000] {dag.py:3047} INFO - Sync 1 DAGs
[2024-05-16T01:05:03.455+0000] {logging_mixin.py:188} INFO - [2024-05-16T01:05:03.455+0000] {dag.py:3834} INFO - Setting next_dagrun for big_data_python_demo to None, run_after=None
[2024-05-16T01:05:03.484+0000] {processor.py:183} INFO - Processing /opt/airflow/dags/python_flow.py took 0.106 seconds
[2024-05-16T01:05:34.351+0000] {processor.py:161} INFO - Started process (PID=930) to work on /opt/airflow/dags/python_flow.py
[2024-05-16T01:05:34.352+0000] {processor.py:830} INFO - Processing file /opt/airflow/dags/python_flow.py for tasks to queue
[2024-05-16T01:05:34.354+0000] {logging_mixin.py:188} INFO - [2024-05-16T01:05:34.354+0000] {dagbag.py:540} INFO - Filling up the DagBag from /opt/airflow/dags/python_flow.py
[2024-05-16T01:05:34.372+0000] {processor.py:840} INFO - DAG(s) 'big_data_python_demo' retrieved from /opt/airflow/dags/python_flow.py
[2024-05-16T01:05:34.389+0000] {logging_mixin.py:188} INFO - [2024-05-16T01:05:34.388+0000] {dag.py:3047} INFO - Sync 1 DAGs
[2024-05-16T01:05:34.398+0000] {logging_mixin.py:188} INFO - [2024-05-16T01:05:34.398+0000] {dag.py:3834} INFO - Setting next_dagrun for big_data_python_demo to None, run_after=None
[2024-05-16T01:05:34.433+0000] {processor.py:183} INFO - Processing /opt/airflow/dags/python_flow.py took 0.086 seconds
[2024-05-16T01:06:04.991+0000] {processor.py:161} INFO - Started process (PID=989) to work on /opt/airflow/dags/python_flow.py
[2024-05-16T01:06:04.993+0000] {processor.py:830} INFO - Processing file /opt/airflow/dags/python_flow.py for tasks to queue
[2024-05-16T01:06:04.995+0000] {logging_mixin.py:188} INFO - [2024-05-16T01:06:04.995+0000] {dagbag.py:540} INFO - Filling up the DagBag from /opt/airflow/dags/python_flow.py
[2024-05-16T01:06:05.023+0000] {processor.py:840} INFO - DAG(s) 'big_data_python_demo' retrieved from /opt/airflow/dags/python_flow.py
[2024-05-16T01:06:05.046+0000] {logging_mixin.py:188} INFO - [2024-05-16T01:06:05.046+0000] {dag.py:3047} INFO - Sync 1 DAGs
[2024-05-16T01:06:05.059+0000] {logging_mixin.py:188} INFO - [2024-05-16T01:06:05.059+0000] {dag.py:3834} INFO - Setting next_dagrun for big_data_python_demo to None, run_after=None
[2024-05-16T01:06:05.089+0000] {processor.py:183} INFO - Processing /opt/airflow/dags/python_flow.py took 0.102 seconds
[2024-05-16T01:06:35.231+0000] {processor.py:161} INFO - Started process (PID=1048) to work on /opt/airflow/dags/python_flow.py
[2024-05-16T01:06:35.233+0000] {processor.py:830} INFO - Processing file /opt/airflow/dags/python_flow.py for tasks to queue
[2024-05-16T01:06:35.234+0000] {logging_mixin.py:188} INFO - [2024-05-16T01:06:35.234+0000] {dagbag.py:540} INFO - Filling up the DagBag from /opt/airflow/dags/python_flow.py
[2024-05-16T01:06:35.256+0000] {processor.py:840} INFO - DAG(s) 'big_data_python_demo' retrieved from /opt/airflow/dags/python_flow.py
[2024-05-16T01:06:35.272+0000] {logging_mixin.py:188} INFO - [2024-05-16T01:06:35.272+0000] {dag.py:3047} INFO - Sync 1 DAGs
[2024-05-16T01:06:35.281+0000] {logging_mixin.py:188} INFO - [2024-05-16T01:06:35.280+0000] {dag.py:3834} INFO - Setting next_dagrun for big_data_python_demo to None, run_after=None
[2024-05-16T01:06:35.302+0000] {processor.py:183} INFO - Processing /opt/airflow/dags/python_flow.py took 0.075 seconds
[2024-05-16T01:07:05.379+0000] {processor.py:161} INFO - Started process (PID=1107) to work on /opt/airflow/dags/python_flow.py
[2024-05-16T01:07:05.380+0000] {processor.py:830} INFO - Processing file /opt/airflow/dags/python_flow.py for tasks to queue
[2024-05-16T01:07:05.382+0000] {logging_mixin.py:188} INFO - [2024-05-16T01:07:05.382+0000] {dagbag.py:540} INFO - Filling up the DagBag from /opt/airflow/dags/python_flow.py
[2024-05-16T01:07:05.431+0000] {processor.py:840} INFO - DAG(s) 'big_data_python_demo' retrieved from /opt/airflow/dags/python_flow.py
[2024-05-16T01:07:05.456+0000] {logging_mixin.py:188} INFO - [2024-05-16T01:07:05.456+0000] {dag.py:3047} INFO - Sync 1 DAGs
[2024-05-16T01:07:05.471+0000] {logging_mixin.py:188} INFO - [2024-05-16T01:07:05.471+0000] {dag.py:3834} INFO - Setting next_dagrun for big_data_python_demo to None, run_after=None
[2024-05-16T01:07:05.501+0000] {processor.py:183} INFO - Processing /opt/airflow/dags/python_flow.py took 0.126 seconds
[2024-05-16T01:07:36.055+0000] {processor.py:161} INFO - Started process (PID=1166) to work on /opt/airflow/dags/python_flow.py
[2024-05-16T01:07:36.057+0000] {processor.py:830} INFO - Processing file /opt/airflow/dags/python_flow.py for tasks to queue
[2024-05-16T01:07:36.060+0000] {logging_mixin.py:188} INFO - [2024-05-16T01:07:36.059+0000] {dagbag.py:540} INFO - Filling up the DagBag from /opt/airflow/dags/python_flow.py
[2024-05-16T01:07:36.107+0000] {processor.py:840} INFO - DAG(s) 'big_data_python_demo' retrieved from /opt/airflow/dags/python_flow.py
[2024-05-16T01:07:36.143+0000] {logging_mixin.py:188} INFO - [2024-05-16T01:07:36.143+0000] {dag.py:3047} INFO - Sync 1 DAGs
[2024-05-16T01:07:36.161+0000] {logging_mixin.py:188} INFO - [2024-05-16T01:07:36.161+0000] {dag.py:3834} INFO - Setting next_dagrun for big_data_python_demo to None, run_after=None
[2024-05-16T01:07:36.213+0000] {processor.py:183} INFO - Processing /opt/airflow/dags/python_flow.py took 0.162 seconds
[2024-05-16T01:08:06.935+0000] {processor.py:161} INFO - Started process (PID=1224) to work on /opt/airflow/dags/python_flow.py
[2024-05-16T01:08:06.936+0000] {processor.py:830} INFO - Processing file /opt/airflow/dags/python_flow.py for tasks to queue
[2024-05-16T01:08:06.937+0000] {logging_mixin.py:188} INFO - [2024-05-16T01:08:06.937+0000] {dagbag.py:540} INFO - Filling up the DagBag from /opt/airflow/dags/python_flow.py
[2024-05-16T01:08:06.955+0000] {processor.py:840} INFO - DAG(s) 'big_data_python_demo' retrieved from /opt/airflow/dags/python_flow.py
[2024-05-16T01:08:06.972+0000] {logging_mixin.py:188} INFO - [2024-05-16T01:08:06.972+0000] {dag.py:3047} INFO - Sync 1 DAGs
[2024-05-16T01:08:06.984+0000] {logging_mixin.py:188} INFO - [2024-05-16T01:08:06.984+0000] {dag.py:3834} INFO - Setting next_dagrun for big_data_python_demo to None, run_after=None
[2024-05-16T01:08:07.016+0000] {processor.py:183} INFO - Processing /opt/airflow/dags/python_flow.py took 0.084 seconds
[2024-05-16T01:08:37.219+0000] {processor.py:161} INFO - Started process (PID=1283) to work on /opt/airflow/dags/python_flow.py
[2024-05-16T01:08:37.220+0000] {processor.py:830} INFO - Processing file /opt/airflow/dags/python_flow.py for tasks to queue
[2024-05-16T01:08:37.223+0000] {logging_mixin.py:188} INFO - [2024-05-16T01:08:37.222+0000] {dagbag.py:540} INFO - Filling up the DagBag from /opt/airflow/dags/python_flow.py
[2024-05-16T01:08:37.245+0000] {processor.py:840} INFO - DAG(s) 'big_data_python_demo' retrieved from /opt/airflow/dags/python_flow.py
[2024-05-16T01:08:37.266+0000] {logging_mixin.py:188} INFO - [2024-05-16T01:08:37.265+0000] {dag.py:3047} INFO - Sync 1 DAGs
[2024-05-16T01:08:37.281+0000] {logging_mixin.py:188} INFO - [2024-05-16T01:08:37.281+0000] {dag.py:3834} INFO - Setting next_dagrun for big_data_python_demo to None, run_after=None
[2024-05-16T01:08:37.309+0000] {processor.py:183} INFO - Processing /opt/airflow/dags/python_flow.py took 0.094 seconds
[2024-05-16T01:09:07.722+0000] {processor.py:161} INFO - Started process (PID=1342) to work on /opt/airflow/dags/python_flow.py
[2024-05-16T01:09:07.723+0000] {processor.py:830} INFO - Processing file /opt/airflow/dags/python_flow.py for tasks to queue
[2024-05-16T01:09:07.727+0000] {logging_mixin.py:188} INFO - [2024-05-16T01:09:07.727+0000] {dagbag.py:540} INFO - Filling up the DagBag from /opt/airflow/dags/python_flow.py
[2024-05-16T01:09:07.769+0000] {processor.py:840} INFO - DAG(s) 'big_data_python_demo' retrieved from /opt/airflow/dags/python_flow.py
[2024-05-16T01:09:07.805+0000] {logging_mixin.py:188} INFO - [2024-05-16T01:09:07.805+0000] {dag.py:3047} INFO - Sync 1 DAGs
[2024-05-16T01:09:07.827+0000] {logging_mixin.py:188} INFO - [2024-05-16T01:09:07.826+0000] {dag.py:3834} INFO - Setting next_dagrun for big_data_python_demo to None, run_after=None
[2024-05-16T01:09:07.864+0000] {processor.py:183} INFO - Processing /opt/airflow/dags/python_flow.py took 0.146 seconds
[2024-05-16T01:09:38.158+0000] {processor.py:161} INFO - Started process (PID=1401) to work on /opt/airflow/dags/python_flow.py
[2024-05-16T01:09:38.159+0000] {processor.py:830} INFO - Processing file /opt/airflow/dags/python_flow.py for tasks to queue
[2024-05-16T01:09:38.162+0000] {logging_mixin.py:188} INFO - [2024-05-16T01:09:38.161+0000] {dagbag.py:540} INFO - Filling up the DagBag from /opt/airflow/dags/python_flow.py
[2024-05-16T01:09:38.202+0000] {processor.py:840} INFO - DAG(s) 'big_data_python_demo' retrieved from /opt/airflow/dags/python_flow.py
[2024-05-16T01:09:38.233+0000] {logging_mixin.py:188} INFO - [2024-05-16T01:09:38.233+0000] {dag.py:3047} INFO - Sync 1 DAGs
[2024-05-16T01:09:38.250+0000] {logging_mixin.py:188} INFO - [2024-05-16T01:09:38.249+0000] {dag.py:3834} INFO - Setting next_dagrun for big_data_python_demo to None, run_after=None
[2024-05-16T01:09:38.290+0000] {processor.py:183} INFO - Processing /opt/airflow/dags/python_flow.py took 0.136 seconds
[2024-05-16T01:10:08.445+0000] {processor.py:161} INFO - Started process (PID=1460) to work on /opt/airflow/dags/python_flow.py
[2024-05-16T01:10:08.447+0000] {processor.py:830} INFO - Processing file /opt/airflow/dags/python_flow.py for tasks to queue
[2024-05-16T01:10:08.451+0000] {logging_mixin.py:188} INFO - [2024-05-16T01:10:08.450+0000] {dagbag.py:540} INFO - Filling up the DagBag from /opt/airflow/dags/python_flow.py
[2024-05-16T01:10:08.495+0000] {processor.py:840} INFO - DAG(s) 'big_data_python_demo' retrieved from /opt/airflow/dags/python_flow.py
[2024-05-16T01:10:08.530+0000] {logging_mixin.py:188} INFO - [2024-05-16T01:10:08.530+0000] {dag.py:3047} INFO - Sync 1 DAGs
[2024-05-16T01:10:08.551+0000] {logging_mixin.py:188} INFO - [2024-05-16T01:10:08.550+0000] {dag.py:3834} INFO - Setting next_dagrun for big_data_python_demo to None, run_after=None
[2024-05-16T01:10:08.591+0000] {processor.py:183} INFO - Processing /opt/airflow/dags/python_flow.py took 0.151 seconds
[2024-05-16T01:10:39.046+0000] {processor.py:161} INFO - Started process (PID=1519) to work on /opt/airflow/dags/python_flow.py
[2024-05-16T01:10:39.047+0000] {processor.py:830} INFO - Processing file /opt/airflow/dags/python_flow.py for tasks to queue
[2024-05-16T01:10:39.049+0000] {logging_mixin.py:188} INFO - [2024-05-16T01:10:39.049+0000] {dagbag.py:540} INFO - Filling up the DagBag from /opt/airflow/dags/python_flow.py
[2024-05-16T01:10:39.070+0000] {processor.py:840} INFO - DAG(s) 'big_data_python_demo' retrieved from /opt/airflow/dags/python_flow.py
[2024-05-16T01:10:39.088+0000] {logging_mixin.py:188} INFO - [2024-05-16T01:10:39.088+0000] {dag.py:3047} INFO - Sync 1 DAGs
[2024-05-16T01:10:39.099+0000] {logging_mixin.py:188} INFO - [2024-05-16T01:10:39.099+0000] {dag.py:3834} INFO - Setting next_dagrun for big_data_python_demo to None, run_after=None
[2024-05-16T01:10:39.121+0000] {processor.py:183} INFO - Processing /opt/airflow/dags/python_flow.py took 0.079 seconds
[2024-05-16T01:11:09.818+0000] {processor.py:161} INFO - Started process (PID=1578) to work on /opt/airflow/dags/python_flow.py
[2024-05-16T01:11:09.820+0000] {processor.py:830} INFO - Processing file /opt/airflow/dags/python_flow.py for tasks to queue
[2024-05-16T01:11:09.822+0000] {logging_mixin.py:188} INFO - [2024-05-16T01:11:09.822+0000] {dagbag.py:540} INFO - Filling up the DagBag from /opt/airflow/dags/python_flow.py
[2024-05-16T01:11:09.848+0000] {processor.py:840} INFO - DAG(s) 'big_data_python_demo' retrieved from /opt/airflow/dags/python_flow.py
[2024-05-16T01:11:09.868+0000] {logging_mixin.py:188} INFO - [2024-05-16T01:11:09.868+0000] {dag.py:3047} INFO - Sync 1 DAGs
[2024-05-16T01:11:09.882+0000] {logging_mixin.py:188} INFO - [2024-05-16T01:11:09.881+0000] {dag.py:3834} INFO - Setting next_dagrun for big_data_python_demo to None, run_after=None
[2024-05-16T01:11:09.906+0000] {processor.py:183} INFO - Processing /opt/airflow/dags/python_flow.py took 0.091 seconds
[2024-05-16T01:11:40.223+0000] {processor.py:161} INFO - Started process (PID=1637) to work on /opt/airflow/dags/python_flow.py
[2024-05-16T01:11:40.225+0000] {processor.py:830} INFO - Processing file /opt/airflow/dags/python_flow.py for tasks to queue
[2024-05-16T01:11:40.227+0000] {logging_mixin.py:188} INFO - [2024-05-16T01:11:40.226+0000] {dagbag.py:540} INFO - Filling up the DagBag from /opt/airflow/dags/python_flow.py
[2024-05-16T01:11:40.252+0000] {processor.py:840} INFO - DAG(s) 'big_data_python_demo' retrieved from /opt/airflow/dags/python_flow.py
[2024-05-16T01:11:40.286+0000] {logging_mixin.py:188} INFO - [2024-05-16T01:11:40.285+0000] {dag.py:3047} INFO - Sync 1 DAGs
[2024-05-16T01:11:40.308+0000] {logging_mixin.py:188} INFO - [2024-05-16T01:11:40.307+0000] {dag.py:3834} INFO - Setting next_dagrun for big_data_python_demo to None, run_after=None
[2024-05-16T01:11:40.341+0000] {processor.py:183} INFO - Processing /opt/airflow/dags/python_flow.py took 0.121 seconds
[2024-05-16T01:12:10.965+0000] {processor.py:161} INFO - Started process (PID=1697) to work on /opt/airflow/dags/python_flow.py
[2024-05-16T01:12:10.967+0000] {processor.py:830} INFO - Processing file /opt/airflow/dags/python_flow.py for tasks to queue
[2024-05-16T01:12:10.969+0000] {logging_mixin.py:188} INFO - [2024-05-16T01:12:10.969+0000] {dagbag.py:540} INFO - Filling up the DagBag from /opt/airflow/dags/python_flow.py
[2024-05-16T01:12:10.986+0000] {processor.py:840} INFO - DAG(s) 'big_data_python_demo' retrieved from /opt/airflow/dags/python_flow.py
[2024-05-16T01:12:11.005+0000] {logging_mixin.py:188} INFO - [2024-05-16T01:12:11.004+0000] {dag.py:3047} INFO - Sync 1 DAGs
[2024-05-16T01:12:11.015+0000] {logging_mixin.py:188} INFO - [2024-05-16T01:12:11.015+0000] {dag.py:3834} INFO - Setting next_dagrun for big_data_python_demo to None, run_after=None
[2024-05-16T01:12:11.047+0000] {processor.py:183} INFO - Processing /opt/airflow/dags/python_flow.py took 0.085 seconds
[2024-05-16T01:12:41.473+0000] {processor.py:161} INFO - Started process (PID=1761) to work on /opt/airflow/dags/python_flow.py
[2024-05-16T01:12:41.474+0000] {processor.py:830} INFO - Processing file /opt/airflow/dags/python_flow.py for tasks to queue
[2024-05-16T01:12:41.476+0000] {logging_mixin.py:188} INFO - [2024-05-16T01:12:41.475+0000] {dagbag.py:540} INFO - Filling up the DagBag from /opt/airflow/dags/python_flow.py
[2024-05-16T01:12:41.494+0000] {processor.py:840} INFO - DAG(s) 'big_data_python_demo' retrieved from /opt/airflow/dags/python_flow.py
[2024-05-16T01:12:41.512+0000] {logging_mixin.py:188} INFO - [2024-05-16T01:12:41.511+0000] {dag.py:3047} INFO - Sync 1 DAGs
[2024-05-16T01:12:41.552+0000] {logging_mixin.py:188} INFO - [2024-05-16T01:12:41.552+0000] {dag.py:3834} INFO - Setting next_dagrun for big_data_python_demo to None, run_after=None
[2024-05-16T01:12:41.579+0000] {processor.py:183} INFO - Processing /opt/airflow/dags/python_flow.py took 0.109 seconds
[2024-05-16T01:13:11.678+0000] {processor.py:161} INFO - Started process (PID=1820) to work on /opt/airflow/dags/python_flow.py
[2024-05-16T01:13:11.680+0000] {processor.py:830} INFO - Processing file /opt/airflow/dags/python_flow.py for tasks to queue
[2024-05-16T01:13:11.683+0000] {logging_mixin.py:188} INFO - [2024-05-16T01:13:11.682+0000] {dagbag.py:540} INFO - Filling up the DagBag from /opt/airflow/dags/python_flow.py
[2024-05-16T01:13:11.721+0000] {processor.py:840} INFO - DAG(s) 'big_data_python_demo' retrieved from /opt/airflow/dags/python_flow.py
[2024-05-16T01:13:11.744+0000] {logging_mixin.py:188} INFO - [2024-05-16T01:13:11.743+0000] {dag.py:3047} INFO - Sync 1 DAGs
[2024-05-16T01:13:11.756+0000] {logging_mixin.py:188} INFO - [2024-05-16T01:13:11.756+0000] {dag.py:3834} INFO - Setting next_dagrun for big_data_python_demo to None, run_after=None
[2024-05-16T01:13:11.811+0000] {processor.py:183} INFO - Processing /opt/airflow/dags/python_flow.py took 0.136 seconds
[2024-05-16T01:13:41.897+0000] {processor.py:161} INFO - Started process (PID=1879) to work on /opt/airflow/dags/python_flow.py
[2024-05-16T01:13:41.898+0000] {processor.py:830} INFO - Processing file /opt/airflow/dags/python_flow.py for tasks to queue
[2024-05-16T01:13:41.901+0000] {logging_mixin.py:188} INFO - [2024-05-16T01:13:41.900+0000] {dagbag.py:540} INFO - Filling up the DagBag from /opt/airflow/dags/python_flow.py
[2024-05-16T01:13:41.926+0000] {processor.py:840} INFO - DAG(s) 'big_data_python_demo' retrieved from /opt/airflow/dags/python_flow.py
[2024-05-16T01:13:41.947+0000] {logging_mixin.py:188} INFO - [2024-05-16T01:13:41.947+0000] {dag.py:3047} INFO - Sync 1 DAGs
[2024-05-16T01:13:41.960+0000] {logging_mixin.py:188} INFO - [2024-05-16T01:13:41.960+0000] {dag.py:3834} INFO - Setting next_dagrun for big_data_python_demo to None, run_after=None
[2024-05-16T01:13:41.986+0000] {processor.py:183} INFO - Processing /opt/airflow/dags/python_flow.py took 0.093 seconds
[2024-05-16T01:14:12.153+0000] {processor.py:161} INFO - Started process (PID=1938) to work on /opt/airflow/dags/python_flow.py
[2024-05-16T01:14:12.154+0000] {processor.py:830} INFO - Processing file /opt/airflow/dags/python_flow.py for tasks to queue
[2024-05-16T01:14:12.156+0000] {logging_mixin.py:188} INFO - [2024-05-16T01:14:12.156+0000] {dagbag.py:540} INFO - Filling up the DagBag from /opt/airflow/dags/python_flow.py
[2024-05-16T01:14:12.208+0000] {processor.py:840} INFO - DAG(s) 'big_data_python_demo' retrieved from /opt/airflow/dags/python_flow.py
[2024-05-16T01:14:12.234+0000] {logging_mixin.py:188} INFO - [2024-05-16T01:14:12.233+0000] {dag.py:3047} INFO - Sync 1 DAGs
[2024-05-16T01:14:12.246+0000] {logging_mixin.py:188} INFO - [2024-05-16T01:14:12.246+0000] {dag.py:3834} INFO - Setting next_dagrun for big_data_python_demo to None, run_after=None
[2024-05-16T01:14:12.274+0000] {processor.py:183} INFO - Processing /opt/airflow/dags/python_flow.py took 0.124 seconds
[2024-05-16T01:14:42.681+0000] {processor.py:161} INFO - Started process (PID=1997) to work on /opt/airflow/dags/python_flow.py
[2024-05-16T01:14:42.683+0000] {processor.py:830} INFO - Processing file /opt/airflow/dags/python_flow.py for tasks to queue
[2024-05-16T01:14:42.686+0000] {logging_mixin.py:188} INFO - [2024-05-16T01:14:42.685+0000] {dagbag.py:540} INFO - Filling up the DagBag from /opt/airflow/dags/python_flow.py
[2024-05-16T01:14:42.791+0000] {processor.py:840} INFO - DAG(s) 'big_data_python_demo' retrieved from /opt/airflow/dags/python_flow.py
[2024-05-16T01:14:42.809+0000] {logging_mixin.py:188} INFO - [2024-05-16T01:14:42.809+0000] {dag.py:3047} INFO - Sync 1 DAGs
[2024-05-16T01:14:42.821+0000] {logging_mixin.py:188} INFO - [2024-05-16T01:14:42.821+0000] {dag.py:3834} INFO - Setting next_dagrun for big_data_python_demo to None, run_after=None
[2024-05-16T01:14:42.888+0000] {processor.py:183} INFO - Processing /opt/airflow/dags/python_flow.py took 0.209 seconds
[2024-05-16T01:15:13.115+0000] {processor.py:161} INFO - Started process (PID=2056) to work on /opt/airflow/dags/python_flow.py
[2024-05-16T01:15:13.117+0000] {processor.py:830} INFO - Processing file /opt/airflow/dags/python_flow.py for tasks to queue
[2024-05-16T01:15:13.119+0000] {logging_mixin.py:188} INFO - [2024-05-16T01:15:13.119+0000] {dagbag.py:540} INFO - Filling up the DagBag from /opt/airflow/dags/python_flow.py
[2024-05-16T01:15:13.159+0000] {processor.py:840} INFO - DAG(s) 'big_data_python_demo' retrieved from /opt/airflow/dags/python_flow.py
[2024-05-16T01:15:13.190+0000] {logging_mixin.py:188} INFO - [2024-05-16T01:15:13.190+0000] {dag.py:3047} INFO - Sync 1 DAGs
[2024-05-16T01:15:13.202+0000] {logging_mixin.py:188} INFO - [2024-05-16T01:15:13.202+0000] {dag.py:3834} INFO - Setting next_dagrun for big_data_python_demo to None, run_after=None
[2024-05-16T01:15:13.262+0000] {processor.py:183} INFO - Processing /opt/airflow/dags/python_flow.py took 0.151 seconds
[2024-05-16T01:15:43.968+0000] {processor.py:161} INFO - Started process (PID=2115) to work on /opt/airflow/dags/python_flow.py
[2024-05-16T01:15:43.969+0000] {processor.py:830} INFO - Processing file /opt/airflow/dags/python_flow.py for tasks to queue
[2024-05-16T01:15:43.972+0000] {logging_mixin.py:188} INFO - [2024-05-16T01:15:43.971+0000] {dagbag.py:540} INFO - Filling up the DagBag from /opt/airflow/dags/python_flow.py
[2024-05-16T01:15:44.063+0000] {processor.py:840} INFO - DAG(s) 'big_data_python_demo' retrieved from /opt/airflow/dags/python_flow.py
[2024-05-16T01:15:44.090+0000] {logging_mixin.py:188} INFO - [2024-05-16T01:15:44.090+0000] {dag.py:3047} INFO - Sync 1 DAGs
[2024-05-16T01:15:44.104+0000] {logging_mixin.py:188} INFO - [2024-05-16T01:15:44.104+0000] {dag.py:3834} INFO - Setting next_dagrun for big_data_python_demo to None, run_after=None
[2024-05-16T01:15:44.168+0000] {processor.py:183} INFO - Processing /opt/airflow/dags/python_flow.py took 0.205 seconds
[2024-05-16T01:16:14.664+0000] {processor.py:161} INFO - Started process (PID=2174) to work on /opt/airflow/dags/python_flow.py
[2024-05-16T01:16:14.666+0000] {processor.py:830} INFO - Processing file /opt/airflow/dags/python_flow.py for tasks to queue
[2024-05-16T01:16:14.669+0000] {logging_mixin.py:188} INFO - [2024-05-16T01:16:14.669+0000] {dagbag.py:540} INFO - Filling up the DagBag from /opt/airflow/dags/python_flow.py
[2024-05-16T01:16:14.748+0000] {processor.py:840} INFO - DAG(s) 'big_data_python_demo' retrieved from /opt/airflow/dags/python_flow.py
[2024-05-16T01:16:14.772+0000] {logging_mixin.py:188} INFO - [2024-05-16T01:16:14.771+0000] {dag.py:3047} INFO - Sync 1 DAGs
[2024-05-16T01:16:14.785+0000] {logging_mixin.py:188} INFO - [2024-05-16T01:16:14.785+0000] {dag.py:3834} INFO - Setting next_dagrun for big_data_python_demo to None, run_after=None
[2024-05-16T01:16:14.872+0000] {processor.py:183} INFO - Processing /opt/airflow/dags/python_flow.py took 0.211 seconds
[2024-05-16T01:16:45.119+0000] {processor.py:161} INFO - Started process (PID=2233) to work on /opt/airflow/dags/python_flow.py
[2024-05-16T01:16:45.121+0000] {processor.py:830} INFO - Processing file /opt/airflow/dags/python_flow.py for tasks to queue
[2024-05-16T01:16:45.125+0000] {logging_mixin.py:188} INFO - [2024-05-16T01:16:45.124+0000] {dagbag.py:540} INFO - Filling up the DagBag from /opt/airflow/dags/python_flow.py
[2024-05-16T01:16:45.174+0000] {processor.py:840} INFO - DAG(s) 'big_data_python_demo' retrieved from /opt/airflow/dags/python_flow.py
[2024-05-16T01:16:45.205+0000] {logging_mixin.py:188} INFO - [2024-05-16T01:16:45.205+0000] {dag.py:3047} INFO - Sync 1 DAGs
[2024-05-16T01:16:45.222+0000] {logging_mixin.py:188} INFO - [2024-05-16T01:16:45.222+0000] {dag.py:3834} INFO - Setting next_dagrun for big_data_python_demo to None, run_after=None
[2024-05-16T01:16:45.260+0000] {processor.py:183} INFO - Processing /opt/airflow/dags/python_flow.py took 0.147 seconds
[2024-05-16T01:17:15.656+0000] {processor.py:161} INFO - Started process (PID=2292) to work on /opt/airflow/dags/python_flow.py
[2024-05-16T01:17:15.658+0000] {processor.py:830} INFO - Processing file /opt/airflow/dags/python_flow.py for tasks to queue
[2024-05-16T01:17:15.661+0000] {logging_mixin.py:188} INFO - [2024-05-16T01:17:15.660+0000] {dagbag.py:540} INFO - Filling up the DagBag from /opt/airflow/dags/python_flow.py
[2024-05-16T01:17:15.742+0000] {processor.py:840} INFO - DAG(s) 'big_data_python_demo' retrieved from /opt/airflow/dags/python_flow.py
[2024-05-16T01:17:15.768+0000] {logging_mixin.py:188} INFO - [2024-05-16T01:17:15.767+0000] {dag.py:3047} INFO - Sync 1 DAGs
[2024-05-16T01:17:15.786+0000] {logging_mixin.py:188} INFO - [2024-05-16T01:17:15.786+0000] {dag.py:3834} INFO - Setting next_dagrun for big_data_python_demo to None, run_after=None
[2024-05-16T01:17:15.838+0000] {processor.py:183} INFO - Processing /opt/airflow/dags/python_flow.py took 0.185 seconds
[2024-05-16T01:17:45.996+0000] {processor.py:161} INFO - Started process (PID=2351) to work on /opt/airflow/dags/python_flow.py
[2024-05-16T01:17:45.998+0000] {processor.py:830} INFO - Processing file /opt/airflow/dags/python_flow.py for tasks to queue
[2024-05-16T01:17:46.001+0000] {logging_mixin.py:188} INFO - [2024-05-16T01:17:46.001+0000] {dagbag.py:540} INFO - Filling up the DagBag from /opt/airflow/dags/python_flow.py
[2024-05-16T01:17:46.060+0000] {processor.py:840} INFO - DAG(s) 'big_data_python_demo' retrieved from /opt/airflow/dags/python_flow.py
[2024-05-16T01:17:46.092+0000] {logging_mixin.py:188} INFO - [2024-05-16T01:17:46.092+0000] {dag.py:3047} INFO - Sync 1 DAGs
[2024-05-16T01:17:46.111+0000] {logging_mixin.py:188} INFO - [2024-05-16T01:17:46.111+0000] {dag.py:3834} INFO - Setting next_dagrun for big_data_python_demo to None, run_after=None
[2024-05-16T01:17:46.155+0000] {processor.py:183} INFO - Processing /opt/airflow/dags/python_flow.py took 0.163 seconds
[2024-05-16T01:18:16.794+0000] {processor.py:161} INFO - Started process (PID=2410) to work on /opt/airflow/dags/python_flow.py
[2024-05-16T01:18:16.796+0000] {processor.py:830} INFO - Processing file /opt/airflow/dags/python_flow.py for tasks to queue
[2024-05-16T01:18:16.799+0000] {logging_mixin.py:188} INFO - [2024-05-16T01:18:16.798+0000] {dagbag.py:540} INFO - Filling up the DagBag from /opt/airflow/dags/python_flow.py
[2024-05-16T01:18:16.903+0000] {processor.py:840} INFO - DAG(s) 'big_data_python_demo' retrieved from /opt/airflow/dags/python_flow.py
[2024-05-16T01:18:16.932+0000] {logging_mixin.py:188} INFO - [2024-05-16T01:18:16.932+0000] {dag.py:3047} INFO - Sync 1 DAGs
[2024-05-16T01:18:16.948+0000] {logging_mixin.py:188} INFO - [2024-05-16T01:18:16.947+0000] {dag.py:3834} INFO - Setting next_dagrun for big_data_python_demo to None, run_after=None
[2024-05-16T01:18:17.005+0000] {processor.py:183} INFO - Processing /opt/airflow/dags/python_flow.py took 0.216 seconds
[2024-05-16T01:18:47.255+0000] {processor.py:161} INFO - Started process (PID=2469) to work on /opt/airflow/dags/python_flow.py
[2024-05-16T01:18:47.257+0000] {processor.py:830} INFO - Processing file /opt/airflow/dags/python_flow.py for tasks to queue
[2024-05-16T01:18:47.259+0000] {logging_mixin.py:188} INFO - [2024-05-16T01:18:47.259+0000] {dagbag.py:540} INFO - Filling up the DagBag from /opt/airflow/dags/python_flow.py
[2024-05-16T01:18:47.426+0000] {processor.py:840} INFO - DAG(s) 'big_data_python_demo' retrieved from /opt/airflow/dags/python_flow.py
[2024-05-16T01:18:47.458+0000] {logging_mixin.py:188} INFO - [2024-05-16T01:18:47.458+0000] {dag.py:3047} INFO - Sync 1 DAGs
[2024-05-16T01:18:47.474+0000] {logging_mixin.py:188} INFO - [2024-05-16T01:18:47.473+0000] {dag.py:3834} INFO - Setting next_dagrun for big_data_python_demo to None, run_after=None
[2024-05-16T01:18:47.512+0000] {processor.py:183} INFO - Processing /opt/airflow/dags/python_flow.py took 0.262 seconds
[2024-05-16T01:19:18.093+0000] {processor.py:161} INFO - Started process (PID=2528) to work on /opt/airflow/dags/python_flow.py
[2024-05-16T01:19:18.096+0000] {processor.py:830} INFO - Processing file /opt/airflow/dags/python_flow.py for tasks to queue
[2024-05-16T01:19:18.100+0000] {logging_mixin.py:188} INFO - [2024-05-16T01:19:18.100+0000] {dagbag.py:540} INFO - Filling up the DagBag from /opt/airflow/dags/python_flow.py
[2024-05-16T01:19:18.168+0000] {processor.py:840} INFO - DAG(s) 'big_data_python_demo' retrieved from /opt/airflow/dags/python_flow.py
[2024-05-16T01:19:18.195+0000] {logging_mixin.py:188} INFO - [2024-05-16T01:19:18.195+0000] {dag.py:3047} INFO - Sync 1 DAGs
[2024-05-16T01:19:18.217+0000] {logging_mixin.py:188} INFO - [2024-05-16T01:19:18.216+0000] {dag.py:3834} INFO - Setting next_dagrun for big_data_python_demo to None, run_after=None
[2024-05-16T01:19:18.252+0000] {processor.py:183} INFO - Processing /opt/airflow/dags/python_flow.py took 0.162 seconds
[2024-05-16T01:19:48.596+0000] {processor.py:161} INFO - Started process (PID=2587) to work on /opt/airflow/dags/python_flow.py
[2024-05-16T01:19:48.598+0000] {processor.py:830} INFO - Processing file /opt/airflow/dags/python_flow.py for tasks to queue
[2024-05-16T01:19:48.601+0000] {logging_mixin.py:188} INFO - [2024-05-16T01:19:48.601+0000] {dagbag.py:540} INFO - Filling up the DagBag from /opt/airflow/dags/python_flow.py
[2024-05-16T01:19:48.699+0000] {processor.py:840} INFO - DAG(s) 'big_data_python_demo' retrieved from /opt/airflow/dags/python_flow.py
[2024-05-16T01:19:48.732+0000] {logging_mixin.py:188} INFO - [2024-05-16T01:19:48.731+0000] {dag.py:3047} INFO - Sync 1 DAGs
[2024-05-16T01:19:48.752+0000] {logging_mixin.py:188} INFO - [2024-05-16T01:19:48.752+0000] {dag.py:3834} INFO - Setting next_dagrun for big_data_python_demo to None, run_after=None
[2024-05-16T01:19:48.794+0000] {processor.py:183} INFO - Processing /opt/airflow/dags/python_flow.py took 0.202 seconds
[2024-05-16T01:20:19.562+0000] {processor.py:161} INFO - Started process (PID=2646) to work on /opt/airflow/dags/python_flow.py
[2024-05-16T01:20:19.565+0000] {processor.py:830} INFO - Processing file /opt/airflow/dags/python_flow.py for tasks to queue
[2024-05-16T01:20:19.568+0000] {logging_mixin.py:188} INFO - [2024-05-16T01:20:19.567+0000] {dagbag.py:540} INFO - Filling up the DagBag from /opt/airflow/dags/python_flow.py
[2024-05-16T01:20:19.615+0000] {processor.py:840} INFO - DAG(s) 'big_data_python_demo' retrieved from /opt/airflow/dags/python_flow.py
[2024-05-16T01:20:19.646+0000] {logging_mixin.py:188} INFO - [2024-05-16T01:20:19.645+0000] {dag.py:3047} INFO - Sync 1 DAGs
[2024-05-16T01:20:19.664+0000] {logging_mixin.py:188} INFO - [2024-05-16T01:20:19.664+0000] {dag.py:3834} INFO - Setting next_dagrun for big_data_python_demo to None, run_after=None
[2024-05-16T01:20:19.701+0000] {processor.py:183} INFO - Processing /opt/airflow/dags/python_flow.py took 0.147 seconds
[2024-05-16T01:20:49.804+0000] {processor.py:161} INFO - Started process (PID=2705) to work on /opt/airflow/dags/python_flow.py
[2024-05-16T01:20:49.806+0000] {processor.py:830} INFO - Processing file /opt/airflow/dags/python_flow.py for tasks to queue
[2024-05-16T01:20:49.810+0000] {logging_mixin.py:188} INFO - [2024-05-16T01:20:49.809+0000] {dagbag.py:540} INFO - Filling up the DagBag from /opt/airflow/dags/python_flow.py
[2024-05-16T01:20:49.892+0000] {processor.py:840} INFO - DAG(s) 'big_data_python_demo' retrieved from /opt/airflow/dags/python_flow.py
[2024-05-16T01:20:49.928+0000] {logging_mixin.py:188} INFO - [2024-05-16T01:20:49.928+0000] {dag.py:3047} INFO - Sync 1 DAGs
[2024-05-16T01:20:49.948+0000] {logging_mixin.py:188} INFO - [2024-05-16T01:20:49.948+0000] {dag.py:3834} INFO - Setting next_dagrun for big_data_python_demo to None, run_after=None
[2024-05-16T01:20:49.989+0000] {processor.py:183} INFO - Processing /opt/airflow/dags/python_flow.py took 0.189 seconds
[2024-05-16T01:21:20.391+0000] {processor.py:161} INFO - Started process (PID=2764) to work on /opt/airflow/dags/python_flow.py
[2024-05-16T01:21:20.393+0000] {processor.py:830} INFO - Processing file /opt/airflow/dags/python_flow.py for tasks to queue
[2024-05-16T01:21:20.398+0000] {logging_mixin.py:188} INFO - [2024-05-16T01:21:20.397+0000] {dagbag.py:540} INFO - Filling up the DagBag from /opt/airflow/dags/python_flow.py
[2024-05-16T01:21:20.450+0000] {processor.py:840} INFO - DAG(s) 'big_data_python_demo' retrieved from /opt/airflow/dags/python_flow.py
[2024-05-16T01:21:20.479+0000] {logging_mixin.py:188} INFO - [2024-05-16T01:21:20.479+0000] {dag.py:3047} INFO - Sync 1 DAGs
[2024-05-16T01:21:20.494+0000] {logging_mixin.py:188} INFO - [2024-05-16T01:21:20.494+0000] {dag.py:3834} INFO - Setting next_dagrun for big_data_python_demo to None, run_after=None
[2024-05-16T01:21:20.531+0000] {processor.py:183} INFO - Processing /opt/airflow/dags/python_flow.py took 0.146 seconds
[2024-05-16T01:21:51.343+0000] {processor.py:161} INFO - Started process (PID=2823) to work on /opt/airflow/dags/python_flow.py
[2024-05-16T01:21:51.345+0000] {processor.py:830} INFO - Processing file /opt/airflow/dags/python_flow.py for tasks to queue
[2024-05-16T01:21:51.349+0000] {logging_mixin.py:188} INFO - [2024-05-16T01:21:51.349+0000] {dagbag.py:540} INFO - Filling up the DagBag from /opt/airflow/dags/python_flow.py
[2024-05-16T01:21:51.551+0000] {processor.py:840} INFO - DAG(s) 'big_data_python_demo' retrieved from /opt/airflow/dags/python_flow.py
[2024-05-16T01:21:51.576+0000] {logging_mixin.py:188} INFO - [2024-05-16T01:21:51.575+0000] {dag.py:3047} INFO - Sync 1 DAGs
[2024-05-16T01:21:51.592+0000] {logging_mixin.py:188} INFO - [2024-05-16T01:21:51.592+0000] {dag.py:3834} INFO - Setting next_dagrun for big_data_python_demo to None, run_after=None
[2024-05-16T01:21:51.634+0000] {processor.py:183} INFO - Processing /opt/airflow/dags/python_flow.py took 0.296 seconds
[2024-05-16T01:22:22.321+0000] {processor.py:161} INFO - Started process (PID=2882) to work on /opt/airflow/dags/python_flow.py
[2024-05-16T01:22:22.325+0000] {processor.py:830} INFO - Processing file /opt/airflow/dags/python_flow.py for tasks to queue
[2024-05-16T01:22:22.329+0000] {logging_mixin.py:188} INFO - [2024-05-16T01:22:22.328+0000] {dagbag.py:540} INFO - Filling up the DagBag from /opt/airflow/dags/python_flow.py
[2024-05-16T01:22:22.388+0000] {processor.py:840} INFO - DAG(s) 'big_data_python_demo' retrieved from /opt/airflow/dags/python_flow.py
[2024-05-16T01:22:22.428+0000] {logging_mixin.py:188} INFO - [2024-05-16T01:22:22.428+0000] {dag.py:3047} INFO - Sync 1 DAGs
[2024-05-16T01:22:22.442+0000] {logging_mixin.py:188} INFO - [2024-05-16T01:22:22.442+0000] {dag.py:3834} INFO - Setting next_dagrun for big_data_python_demo to None, run_after=None
[2024-05-16T01:22:22.508+0000] {processor.py:183} INFO - Processing /opt/airflow/dags/python_flow.py took 0.193 seconds
[2024-05-16T01:22:53.177+0000] {processor.py:161} INFO - Started process (PID=2941) to work on /opt/airflow/dags/python_flow.py
[2024-05-16T01:22:53.179+0000] {processor.py:830} INFO - Processing file /opt/airflow/dags/python_flow.py for tasks to queue
[2024-05-16T01:22:53.183+0000] {logging_mixin.py:188} INFO - [2024-05-16T01:22:53.183+0000] {dagbag.py:540} INFO - Filling up the DagBag from /opt/airflow/dags/python_flow.py
[2024-05-16T01:22:53.235+0000] {processor.py:840} INFO - DAG(s) 'big_data_python_demo' retrieved from /opt/airflow/dags/python_flow.py
[2024-05-16T01:22:53.268+0000] {logging_mixin.py:188} INFO - [2024-05-16T01:22:53.268+0000] {dag.py:3047} INFO - Sync 1 DAGs
[2024-05-16T01:22:53.287+0000] {logging_mixin.py:188} INFO - [2024-05-16T01:22:53.286+0000] {dag.py:3834} INFO - Setting next_dagrun for big_data_python_demo to None, run_after=None
[2024-05-16T01:22:53.456+0000] {processor.py:183} INFO - Processing /opt/airflow/dags/python_flow.py took 0.284 seconds
[2024-05-16T01:23:23.561+0000] {processor.py:161} INFO - Started process (PID=3000) to work on /opt/airflow/dags/python_flow.py
[2024-05-16T01:23:23.565+0000] {processor.py:830} INFO - Processing file /opt/airflow/dags/python_flow.py for tasks to queue
[2024-05-16T01:23:23.571+0000] {logging_mixin.py:188} INFO - [2024-05-16T01:23:23.570+0000] {dagbag.py:540} INFO - Filling up the DagBag from /opt/airflow/dags/python_flow.py
[2024-05-16T01:23:23.636+0000] {processor.py:840} INFO - DAG(s) 'big_data_python_demo' retrieved from /opt/airflow/dags/python_flow.py
[2024-05-16T01:23:23.681+0000] {logging_mixin.py:188} INFO - [2024-05-16T01:23:23.681+0000] {dag.py:3047} INFO - Sync 1 DAGs
[2024-05-16T01:23:23.711+0000] {logging_mixin.py:188} INFO - [2024-05-16T01:23:23.710+0000] {dag.py:3834} INFO - Setting next_dagrun for big_data_python_demo to None, run_after=None
[2024-05-16T01:23:23.762+0000] {processor.py:183} INFO - Processing /opt/airflow/dags/python_flow.py took 0.208 seconds
[2024-05-16T01:23:54.303+0000] {processor.py:161} INFO - Started process (PID=3059) to work on /opt/airflow/dags/python_flow.py
[2024-05-16T01:23:54.305+0000] {processor.py:830} INFO - Processing file /opt/airflow/dags/python_flow.py for tasks to queue
[2024-05-16T01:23:54.308+0000] {logging_mixin.py:188} INFO - [2024-05-16T01:23:54.307+0000] {dagbag.py:540} INFO - Filling up the DagBag from /opt/airflow/dags/python_flow.py
[2024-05-16T01:23:54.358+0000] {processor.py:840} INFO - DAG(s) 'big_data_python_demo' retrieved from /opt/airflow/dags/python_flow.py
[2024-05-16T01:23:54.384+0000] {logging_mixin.py:188} INFO - [2024-05-16T01:23:54.384+0000] {dag.py:3047} INFO - Sync 1 DAGs
[2024-05-16T01:23:54.403+0000] {logging_mixin.py:188} INFO - [2024-05-16T01:23:54.403+0000] {dag.py:3834} INFO - Setting next_dagrun for big_data_python_demo to None, run_after=None
[2024-05-16T01:23:54.439+0000] {processor.py:183} INFO - Processing /opt/airflow/dags/python_flow.py took 0.141 seconds
[2024-05-16T01:24:24.712+0000] {processor.py:161} INFO - Started process (PID=3118) to work on /opt/airflow/dags/python_flow.py
[2024-05-16T01:24:24.714+0000] {processor.py:830} INFO - Processing file /opt/airflow/dags/python_flow.py for tasks to queue
[2024-05-16T01:24:24.717+0000] {logging_mixin.py:188} INFO - [2024-05-16T01:24:24.716+0000] {dagbag.py:540} INFO - Filling up the DagBag from /opt/airflow/dags/python_flow.py
[2024-05-16T01:24:24.761+0000] {processor.py:840} INFO - DAG(s) 'big_data_python_demo' retrieved from /opt/airflow/dags/python_flow.py
[2024-05-16T01:24:24.796+0000] {logging_mixin.py:188} INFO - [2024-05-16T01:24:24.795+0000] {dag.py:3047} INFO - Sync 1 DAGs
[2024-05-16T01:24:24.815+0000] {logging_mixin.py:188} INFO - [2024-05-16T01:24:24.815+0000] {dag.py:3834} INFO - Setting next_dagrun for big_data_python_demo to None, run_after=None
[2024-05-16T01:24:24.847+0000] {processor.py:183} INFO - Processing /opt/airflow/dags/python_flow.py took 0.140 seconds
[2024-05-16T01:24:55.383+0000] {processor.py:161} INFO - Started process (PID=3177) to work on /opt/airflow/dags/python_flow.py
[2024-05-16T01:24:55.385+0000] {processor.py:830} INFO - Processing file /opt/airflow/dags/python_flow.py for tasks to queue
[2024-05-16T01:24:55.387+0000] {logging_mixin.py:188} INFO - [2024-05-16T01:24:55.387+0000] {dagbag.py:540} INFO - Filling up the DagBag from /opt/airflow/dags/python_flow.py
[2024-05-16T01:24:55.442+0000] {processor.py:840} INFO - DAG(s) 'big_data_python_demo' retrieved from /opt/airflow/dags/python_flow.py
[2024-05-16T01:24:55.476+0000] {logging_mixin.py:188} INFO - [2024-05-16T01:24:55.475+0000] {dag.py:3047} INFO - Sync 1 DAGs
[2024-05-16T01:24:55.494+0000] {logging_mixin.py:188} INFO - [2024-05-16T01:24:55.493+0000] {dag.py:3834} INFO - Setting next_dagrun for big_data_python_demo to None, run_after=None
[2024-05-16T01:24:55.540+0000] {processor.py:183} INFO - Processing /opt/airflow/dags/python_flow.py took 0.160 seconds
[2024-05-16T01:25:26.170+0000] {processor.py:161} INFO - Started process (PID=3236) to work on /opt/airflow/dags/python_flow.py
[2024-05-16T01:25:26.172+0000] {processor.py:830} INFO - Processing file /opt/airflow/dags/python_flow.py for tasks to queue
[2024-05-16T01:25:26.175+0000] {logging_mixin.py:188} INFO - [2024-05-16T01:25:26.175+0000] {dagbag.py:540} INFO - Filling up the DagBag from /opt/airflow/dags/python_flow.py
[2024-05-16T01:25:26.224+0000] {processor.py:840} INFO - DAG(s) 'big_data_python_demo' retrieved from /opt/airflow/dags/python_flow.py
[2024-05-16T01:25:26.257+0000] {logging_mixin.py:188} INFO - [2024-05-16T01:25:26.256+0000] {dag.py:3047} INFO - Sync 1 DAGs
[2024-05-16T01:25:26.281+0000] {logging_mixin.py:188} INFO - [2024-05-16T01:25:26.280+0000] {dag.py:3834} INFO - Setting next_dagrun for big_data_python_demo to None, run_after=None
[2024-05-16T01:25:26.319+0000] {processor.py:183} INFO - Processing /opt/airflow/dags/python_flow.py took 0.155 seconds
[2024-05-16T01:25:56.792+0000] {processor.py:161} INFO - Started process (PID=3295) to work on /opt/airflow/dags/python_flow.py
[2024-05-16T01:25:56.802+0000] {processor.py:830} INFO - Processing file /opt/airflow/dags/python_flow.py for tasks to queue
[2024-05-16T01:25:56.813+0000] {logging_mixin.py:188} INFO - [2024-05-16T01:25:56.812+0000] {dagbag.py:540} INFO - Filling up the DagBag from /opt/airflow/dags/python_flow.py
[2024-05-16T01:25:56.886+0000] {processor.py:840} INFO - DAG(s) 'big_data_python_demo' retrieved from /opt/airflow/dags/python_flow.py
[2024-05-16T01:25:56.927+0000] {logging_mixin.py:188} INFO - [2024-05-16T01:25:56.926+0000] {dag.py:3047} INFO - Sync 1 DAGs
[2024-05-16T01:25:56.951+0000] {logging_mixin.py:188} INFO - [2024-05-16T01:25:56.951+0000] {dag.py:3834} INFO - Setting next_dagrun for big_data_python_demo to None, run_after=None
[2024-05-16T01:25:57.006+0000] {processor.py:183} INFO - Processing /opt/airflow/dags/python_flow.py took 0.217 seconds
[2024-05-16T01:26:27.396+0000] {processor.py:161} INFO - Started process (PID=3354) to work on /opt/airflow/dags/python_flow.py
[2024-05-16T01:26:27.399+0000] {processor.py:830} INFO - Processing file /opt/airflow/dags/python_flow.py for tasks to queue
[2024-05-16T01:26:27.402+0000] {logging_mixin.py:188} INFO - [2024-05-16T01:26:27.401+0000] {dagbag.py:540} INFO - Filling up the DagBag from /opt/airflow/dags/python_flow.py
[2024-05-16T01:26:27.453+0000] {processor.py:840} INFO - DAG(s) 'big_data_python_demo' retrieved from /opt/airflow/dags/python_flow.py
[2024-05-16T01:26:27.484+0000] {logging_mixin.py:188} INFO - [2024-05-16T01:26:27.484+0000] {dag.py:3047} INFO - Sync 1 DAGs
[2024-05-16T01:26:27.512+0000] {logging_mixin.py:188} INFO - [2024-05-16T01:26:27.512+0000] {dag.py:3834} INFO - Setting next_dagrun for big_data_python_demo to None, run_after=None
[2024-05-16T01:26:27.544+0000] {processor.py:183} INFO - Processing /opt/airflow/dags/python_flow.py took 0.152 seconds
[2024-05-16T01:26:57.809+0000] {processor.py:161} INFO - Started process (PID=3413) to work on /opt/airflow/dags/python_flow.py
[2024-05-16T01:26:57.812+0000] {processor.py:830} INFO - Processing file /opt/airflow/dags/python_flow.py for tasks to queue
[2024-05-16T01:26:57.817+0000] {logging_mixin.py:188} INFO - [2024-05-16T01:26:57.816+0000] {dagbag.py:540} INFO - Filling up the DagBag from /opt/airflow/dags/python_flow.py
[2024-05-16T01:26:57.882+0000] {processor.py:840} INFO - DAG(s) 'big_data_python_demo' retrieved from /opt/airflow/dags/python_flow.py
[2024-05-16T01:26:57.925+0000] {logging_mixin.py:188} INFO - [2024-05-16T01:26:57.925+0000] {dag.py:3047} INFO - Sync 1 DAGs
[2024-05-16T01:26:57.949+0000] {logging_mixin.py:188} INFO - [2024-05-16T01:26:57.948+0000] {dag.py:3834} INFO - Setting next_dagrun for big_data_python_demo to None, run_after=None
[2024-05-16T01:26:57.999+0000] {processor.py:183} INFO - Processing /opt/airflow/dags/python_flow.py took 0.196 seconds
[2024-05-16T01:27:28.295+0000] {processor.py:161} INFO - Started process (PID=3472) to work on /opt/airflow/dags/python_flow.py
[2024-05-16T01:27:28.298+0000] {processor.py:830} INFO - Processing file /opt/airflow/dags/python_flow.py for tasks to queue
[2024-05-16T01:27:28.304+0000] {logging_mixin.py:188} INFO - [2024-05-16T01:27:28.303+0000] {dagbag.py:540} INFO - Filling up the DagBag from /opt/airflow/dags/python_flow.py
[2024-05-16T01:27:28.368+0000] {processor.py:840} INFO - DAG(s) 'big_data_python_demo' retrieved from /opt/airflow/dags/python_flow.py
[2024-05-16T01:27:28.555+0000] {logging_mixin.py:188} INFO - [2024-05-16T01:27:28.555+0000] {dag.py:3047} INFO - Sync 1 DAGs
[2024-05-16T01:27:28.573+0000] {logging_mixin.py:188} INFO - [2024-05-16T01:27:28.573+0000] {dag.py:3834} INFO - Setting next_dagrun for big_data_python_demo to None, run_after=None
[2024-05-16T01:27:28.612+0000] {processor.py:183} INFO - Processing /opt/airflow/dags/python_flow.py took 0.322 seconds
[2024-05-16T01:27:59.372+0000] {processor.py:161} INFO - Started process (PID=3531) to work on /opt/airflow/dags/python_flow.py
[2024-05-16T01:27:59.374+0000] {processor.py:830} INFO - Processing file /opt/airflow/dags/python_flow.py for tasks to queue
[2024-05-16T01:27:59.379+0000] {logging_mixin.py:188} INFO - [2024-05-16T01:27:59.378+0000] {dagbag.py:540} INFO - Filling up the DagBag from /opt/airflow/dags/python_flow.py
[2024-05-16T01:27:59.437+0000] {processor.py:840} INFO - DAG(s) 'big_data_python_demo' retrieved from /opt/airflow/dags/python_flow.py
[2024-05-16T01:27:59.632+0000] {logging_mixin.py:188} INFO - [2024-05-16T01:27:59.631+0000] {dag.py:3047} INFO - Sync 1 DAGs
[2024-05-16T01:27:59.650+0000] {logging_mixin.py:188} INFO - [2024-05-16T01:27:59.649+0000] {dag.py:3834} INFO - Setting next_dagrun for big_data_python_demo to None, run_after=None
[2024-05-16T01:27:59.693+0000] {processor.py:183} INFO - Processing /opt/airflow/dags/python_flow.py took 0.325 seconds
[2024-05-16T01:28:30.249+0000] {processor.py:161} INFO - Started process (PID=3590) to work on /opt/airflow/dags/python_flow.py
[2024-05-16T01:28:30.250+0000] {processor.py:830} INFO - Processing file /opt/airflow/dags/python_flow.py for tasks to queue
[2024-05-16T01:28:30.253+0000] {logging_mixin.py:188} INFO - [2024-05-16T01:28:30.253+0000] {dagbag.py:540} INFO - Filling up the DagBag from /opt/airflow/dags/python_flow.py
[2024-05-16T01:28:30.363+0000] {processor.py:840} INFO - DAG(s) 'big_data_python_demo' retrieved from /opt/airflow/dags/python_flow.py
[2024-05-16T01:28:30.395+0000] {logging_mixin.py:188} INFO - [2024-05-16T01:28:30.395+0000] {dag.py:3047} INFO - Sync 1 DAGs
[2024-05-16T01:28:30.412+0000] {logging_mixin.py:188} INFO - [2024-05-16T01:28:30.411+0000] {dag.py:3834} INFO - Setting next_dagrun for big_data_python_demo to None, run_after=None
[2024-05-16T01:28:30.454+0000] {processor.py:183} INFO - Processing /opt/airflow/dags/python_flow.py took 0.208 seconds
[2024-05-16T01:29:00.861+0000] {processor.py:161} INFO - Started process (PID=3649) to work on /opt/airflow/dags/python_flow.py
[2024-05-16T01:29:00.877+0000] {processor.py:830} INFO - Processing file /opt/airflow/dags/python_flow.py for tasks to queue
[2024-05-16T01:29:00.886+0000] {logging_mixin.py:188} INFO - [2024-05-16T01:29:00.886+0000] {dagbag.py:540} INFO - Filling up the DagBag from /opt/airflow/dags/python_flow.py
[2024-05-16T01:29:00.951+0000] {processor.py:840} INFO - DAG(s) 'big_data_python_demo' retrieved from /opt/airflow/dags/python_flow.py
[2024-05-16T01:29:00.992+0000] {logging_mixin.py:188} INFO - [2024-05-16T01:29:00.992+0000] {dag.py:3047} INFO - Sync 1 DAGs
[2024-05-16T01:29:01.006+0000] {logging_mixin.py:188} INFO - [2024-05-16T01:29:01.006+0000] {dag.py:3834} INFO - Setting next_dagrun for big_data_python_demo to None, run_after=None
[2024-05-16T01:29:01.055+0000] {processor.py:183} INFO - Processing /opt/airflow/dags/python_flow.py took 0.198 seconds
[2024-05-16T01:29:31.537+0000] {processor.py:161} INFO - Started process (PID=3708) to work on /opt/airflow/dags/python_flow.py
[2024-05-16T01:29:31.540+0000] {processor.py:830} INFO - Processing file /opt/airflow/dags/python_flow.py for tasks to queue
[2024-05-16T01:29:31.542+0000] {logging_mixin.py:188} INFO - [2024-05-16T01:29:31.541+0000] {dagbag.py:540} INFO - Filling up the DagBag from /opt/airflow/dags/python_flow.py
[2024-05-16T01:29:31.625+0000] {processor.py:840} INFO - DAG(s) 'big_data_python_demo' retrieved from /opt/airflow/dags/python_flow.py
[2024-05-16T01:29:31.657+0000] {logging_mixin.py:188} INFO - [2024-05-16T01:29:31.656+0000] {dag.py:3047} INFO - Sync 1 DAGs
[2024-05-16T01:29:31.675+0000] {logging_mixin.py:188} INFO - [2024-05-16T01:29:31.674+0000] {dag.py:3834} INFO - Setting next_dagrun for big_data_python_demo to None, run_after=None
[2024-05-16T01:29:31.717+0000] {processor.py:183} INFO - Processing /opt/airflow/dags/python_flow.py took 0.184 seconds
[2024-05-16T01:30:02.246+0000] {processor.py:161} INFO - Started process (PID=3767) to work on /opt/airflow/dags/python_flow.py
[2024-05-16T01:30:02.249+0000] {processor.py:830} INFO - Processing file /opt/airflow/dags/python_flow.py for tasks to queue
[2024-05-16T01:30:02.252+0000] {logging_mixin.py:188} INFO - [2024-05-16T01:30:02.251+0000] {dagbag.py:540} INFO - Filling up the DagBag from /opt/airflow/dags/python_flow.py
[2024-05-16T01:30:02.318+0000] {processor.py:840} INFO - DAG(s) 'big_data_python_demo' retrieved from /opt/airflow/dags/python_flow.py
[2024-05-16T01:30:02.353+0000] {logging_mixin.py:188} INFO - [2024-05-16T01:30:02.353+0000] {dag.py:3047} INFO - Sync 1 DAGs
[2024-05-16T01:30:02.371+0000] {logging_mixin.py:188} INFO - [2024-05-16T01:30:02.371+0000] {dag.py:3834} INFO - Setting next_dagrun for big_data_python_demo to None, run_after=None
[2024-05-16T01:30:02.410+0000] {processor.py:183} INFO - Processing /opt/airflow/dags/python_flow.py took 0.168 seconds
[2024-05-16T01:30:32.887+0000] {processor.py:161} INFO - Started process (PID=3826) to work on /opt/airflow/dags/python_flow.py
[2024-05-16T01:30:32.888+0000] {processor.py:830} INFO - Processing file /opt/airflow/dags/python_flow.py for tasks to queue
[2024-05-16T01:30:32.891+0000] {logging_mixin.py:188} INFO - [2024-05-16T01:30:32.890+0000] {dagbag.py:540} INFO - Filling up the DagBag from /opt/airflow/dags/python_flow.py
[2024-05-16T01:30:32.996+0000] {processor.py:840} INFO - DAG(s) 'big_data_python_demo' retrieved from /opt/airflow/dags/python_flow.py
[2024-05-16T01:30:33.025+0000] {logging_mixin.py:188} INFO - [2024-05-16T01:30:33.025+0000] {dag.py:3047} INFO - Sync 1 DAGs
[2024-05-16T01:30:33.042+0000] {logging_mixin.py:188} INFO - [2024-05-16T01:30:33.042+0000] {dag.py:3834} INFO - Setting next_dagrun for big_data_python_demo to None, run_after=None
[2024-05-16T01:30:33.088+0000] {processor.py:183} INFO - Processing /opt/airflow/dags/python_flow.py took 0.205 seconds
[2024-05-16T01:31:03.662+0000] {processor.py:161} INFO - Started process (PID=3885) to work on /opt/airflow/dags/python_flow.py
[2024-05-16T01:31:03.664+0000] {processor.py:830} INFO - Processing file /opt/airflow/dags/python_flow.py for tasks to queue
[2024-05-16T01:31:03.667+0000] {logging_mixin.py:188} INFO - [2024-05-16T01:31:03.666+0000] {dagbag.py:540} INFO - Filling up the DagBag from /opt/airflow/dags/python_flow.py
[2024-05-16T01:31:03.789+0000] {processor.py:840} INFO - DAG(s) 'big_data_python_demo' retrieved from /opt/airflow/dags/python_flow.py
[2024-05-16T01:31:03.818+0000] {logging_mixin.py:188} INFO - [2024-05-16T01:31:03.818+0000] {dag.py:3047} INFO - Sync 1 DAGs
[2024-05-16T01:31:03.832+0000] {logging_mixin.py:188} INFO - [2024-05-16T01:31:03.832+0000] {dag.py:3834} INFO - Setting next_dagrun for big_data_python_demo to None, run_after=None
[2024-05-16T01:31:03.870+0000] {processor.py:183} INFO - Processing /opt/airflow/dags/python_flow.py took 0.211 seconds
[2024-05-16T01:31:34.249+0000] {processor.py:161} INFO - Started process (PID=3943) to work on /opt/airflow/dags/python_flow.py
[2024-05-16T01:31:34.251+0000] {processor.py:830} INFO - Processing file /opt/airflow/dags/python_flow.py for tasks to queue
[2024-05-16T01:31:34.254+0000] {logging_mixin.py:188} INFO - [2024-05-16T01:31:34.254+0000] {dagbag.py:540} INFO - Filling up the DagBag from /opt/airflow/dags/python_flow.py
[2024-05-16T01:31:34.299+0000] {processor.py:840} INFO - DAG(s) 'big_data_python_demo' retrieved from /opt/airflow/dags/python_flow.py
[2024-05-16T01:31:34.331+0000] {logging_mixin.py:188} INFO - [2024-05-16T01:31:34.330+0000] {dag.py:3047} INFO - Sync 1 DAGs
[2024-05-16T01:31:34.347+0000] {logging_mixin.py:188} INFO - [2024-05-16T01:31:34.347+0000] {dag.py:3834} INFO - Setting next_dagrun for big_data_python_demo to None, run_after=None
[2024-05-16T01:31:34.385+0000] {processor.py:183} INFO - Processing /opt/airflow/dags/python_flow.py took 0.141 seconds
[2024-05-16T01:32:04.978+0000] {processor.py:161} INFO - Started process (PID=4002) to work on /opt/airflow/dags/python_flow.py
[2024-05-16T01:32:04.980+0000] {processor.py:830} INFO - Processing file /opt/airflow/dags/python_flow.py for tasks to queue
[2024-05-16T01:32:04.982+0000] {logging_mixin.py:188} INFO - [2024-05-16T01:32:04.982+0000] {dagbag.py:540} INFO - Filling up the DagBag from /opt/airflow/dags/python_flow.py
[2024-05-16T01:32:05.025+0000] {processor.py:840} INFO - DAG(s) 'big_data_python_demo' retrieved from /opt/airflow/dags/python_flow.py
[2024-05-16T01:32:05.061+0000] {logging_mixin.py:188} INFO - [2024-05-16T01:32:05.060+0000] {dag.py:3047} INFO - Sync 1 DAGs
[2024-05-16T01:32:05.085+0000] {logging_mixin.py:188} INFO - [2024-05-16T01:32:05.085+0000] {dag.py:3834} INFO - Setting next_dagrun for big_data_python_demo to None, run_after=None
[2024-05-16T01:32:05.142+0000] {processor.py:183} INFO - Processing /opt/airflow/dags/python_flow.py took 0.168 seconds
[2024-05-16T01:32:35.575+0000] {processor.py:161} INFO - Started process (PID=4060) to work on /opt/airflow/dags/python_flow.py
[2024-05-16T01:32:35.577+0000] {processor.py:830} INFO - Processing file /opt/airflow/dags/python_flow.py for tasks to queue
[2024-05-16T01:32:35.578+0000] {logging_mixin.py:188} INFO - [2024-05-16T01:32:35.578+0000] {dagbag.py:540} INFO - Filling up the DagBag from /opt/airflow/dags/python_flow.py
[2024-05-16T01:32:35.652+0000] {processor.py:840} INFO - DAG(s) 'big_data_python_demo' retrieved from /opt/airflow/dags/python_flow.py
[2024-05-16T01:32:35.672+0000] {logging_mixin.py:188} INFO - [2024-05-16T01:32:35.672+0000] {dag.py:3047} INFO - Sync 1 DAGs
[2024-05-16T01:32:35.684+0000] {logging_mixin.py:188} INFO - [2024-05-16T01:32:35.684+0000] {dag.py:3834} INFO - Setting next_dagrun for big_data_python_demo to None, run_after=None
[2024-05-16T01:32:35.762+0000] {processor.py:183} INFO - Processing /opt/airflow/dags/python_flow.py took 0.190 seconds
[2024-05-16T01:33:06.243+0000] {processor.py:161} INFO - Started process (PID=4119) to work on /opt/airflow/dags/python_flow.py
[2024-05-16T01:33:06.245+0000] {processor.py:830} INFO - Processing file /opt/airflow/dags/python_flow.py for tasks to queue
[2024-05-16T01:33:06.247+0000] {logging_mixin.py:188} INFO - [2024-05-16T01:33:06.247+0000] {dagbag.py:540} INFO - Filling up the DagBag from /opt/airflow/dags/python_flow.py
[2024-05-16T01:33:06.291+0000] {processor.py:840} INFO - DAG(s) 'big_data_python_demo' retrieved from /opt/airflow/dags/python_flow.py
[2024-05-16T01:33:06.312+0000] {logging_mixin.py:188} INFO - [2024-05-16T01:33:06.312+0000] {dag.py:3047} INFO - Sync 1 DAGs
[2024-05-16T01:33:06.322+0000] {logging_mixin.py:188} INFO - [2024-05-16T01:33:06.322+0000] {dag.py:3834} INFO - Setting next_dagrun for big_data_python_demo to None, run_after=None
[2024-05-16T01:33:06.375+0000] {processor.py:183} INFO - Processing /opt/airflow/dags/python_flow.py took 0.134 seconds
[2024-05-16T01:33:36.795+0000] {processor.py:161} INFO - Started process (PID=4178) to work on /opt/airflow/dags/python_flow.py
[2024-05-16T01:33:36.798+0000] {processor.py:830} INFO - Processing file /opt/airflow/dags/python_flow.py for tasks to queue
[2024-05-16T01:33:36.801+0000] {logging_mixin.py:188} INFO - [2024-05-16T01:33:36.800+0000] {dagbag.py:540} INFO - Filling up the DagBag from /opt/airflow/dags/python_flow.py
[2024-05-16T01:33:36.848+0000] {processor.py:840} INFO - DAG(s) 'big_data_python_demo' retrieved from /opt/airflow/dags/python_flow.py
[2024-05-16T01:33:36.877+0000] {logging_mixin.py:188} INFO - [2024-05-16T01:33:36.876+0000] {dag.py:3047} INFO - Sync 1 DAGs
[2024-05-16T01:33:36.891+0000] {logging_mixin.py:188} INFO - [2024-05-16T01:33:36.890+0000] {dag.py:3834} INFO - Setting next_dagrun for big_data_python_demo to None, run_after=None
[2024-05-16T01:33:36.925+0000] {processor.py:183} INFO - Processing /opt/airflow/dags/python_flow.py took 0.135 seconds
[2024-05-16T01:34:07.759+0000] {processor.py:161} INFO - Started process (PID=4237) to work on /opt/airflow/dags/python_flow.py
[2024-05-16T01:34:07.761+0000] {processor.py:830} INFO - Processing file /opt/airflow/dags/python_flow.py for tasks to queue
[2024-05-16T01:34:07.764+0000] {logging_mixin.py:188} INFO - [2024-05-16T01:34:07.763+0000] {dagbag.py:540} INFO - Filling up the DagBag from /opt/airflow/dags/python_flow.py
[2024-05-16T01:34:07.846+0000] {processor.py:840} INFO - DAG(s) 'big_data_python_demo' retrieved from /opt/airflow/dags/python_flow.py
[2024-05-16T01:34:07.879+0000] {logging_mixin.py:188} INFO - [2024-05-16T01:34:07.878+0000] {dag.py:3047} INFO - Sync 1 DAGs
[2024-05-16T01:34:07.910+0000] {logging_mixin.py:188} INFO - [2024-05-16T01:34:07.909+0000] {dag.py:3834} INFO - Setting next_dagrun for big_data_python_demo to None, run_after=None
[2024-05-16T01:34:07.950+0000] {processor.py:183} INFO - Processing /opt/airflow/dags/python_flow.py took 0.194 seconds
[2024-05-16T01:34:38.512+0000] {processor.py:161} INFO - Started process (PID=4296) to work on /opt/airflow/dags/python_flow.py
[2024-05-16T01:34:38.515+0000] {processor.py:830} INFO - Processing file /opt/airflow/dags/python_flow.py for tasks to queue
[2024-05-16T01:34:38.518+0000] {logging_mixin.py:188} INFO - [2024-05-16T01:34:38.518+0000] {dagbag.py:540} INFO - Filling up the DagBag from /opt/airflow/dags/python_flow.py
[2024-05-16T01:34:38.583+0000] {processor.py:840} INFO - DAG(s) 'big_data_python_demo' retrieved from /opt/airflow/dags/python_flow.py
[2024-05-16T01:34:38.615+0000] {logging_mixin.py:188} INFO - [2024-05-16T01:34:38.615+0000] {dag.py:3047} INFO - Sync 1 DAGs
[2024-05-16T01:34:38.631+0000] {logging_mixin.py:188} INFO - [2024-05-16T01:34:38.631+0000] {dag.py:3834} INFO - Setting next_dagrun for big_data_python_demo to None, run_after=None
[2024-05-16T01:34:38.666+0000] {processor.py:183} INFO - Processing /opt/airflow/dags/python_flow.py took 0.161 seconds
[2024-05-16T01:35:09.328+0000] {processor.py:161} INFO - Started process (PID=4355) to work on /opt/airflow/dags/python_flow.py
[2024-05-16T01:35:09.336+0000] {processor.py:830} INFO - Processing file /opt/airflow/dags/python_flow.py for tasks to queue
[2024-05-16T01:35:09.339+0000] {logging_mixin.py:188} INFO - [2024-05-16T01:35:09.339+0000] {dagbag.py:540} INFO - Filling up the DagBag from /opt/airflow/dags/python_flow.py
[2024-05-16T01:35:09.420+0000] {processor.py:840} INFO - DAG(s) 'big_data_python_demo' retrieved from /opt/airflow/dags/python_flow.py
[2024-05-16T01:35:09.449+0000] {logging_mixin.py:188} INFO - [2024-05-16T01:35:09.449+0000] {dag.py:3047} INFO - Sync 1 DAGs
[2024-05-16T01:35:09.468+0000] {logging_mixin.py:188} INFO - [2024-05-16T01:35:09.468+0000] {dag.py:3834} INFO - Setting next_dagrun for big_data_python_demo to None, run_after=None
[2024-05-16T01:35:09.513+0000] {processor.py:183} INFO - Processing /opt/airflow/dags/python_flow.py took 0.190 seconds
[2024-05-16T01:35:39.953+0000] {processor.py:161} INFO - Started process (PID=4414) to work on /opt/airflow/dags/python_flow.py
[2024-05-16T01:35:39.955+0000] {processor.py:830} INFO - Processing file /opt/airflow/dags/python_flow.py for tasks to queue
[2024-05-16T01:35:39.958+0000] {logging_mixin.py:188} INFO - [2024-05-16T01:35:39.958+0000] {dagbag.py:540} INFO - Filling up the DagBag from /opt/airflow/dags/python_flow.py
[2024-05-16T01:35:40.090+0000] {processor.py:840} INFO - DAG(s) 'big_data_python_demo' retrieved from /opt/airflow/dags/python_flow.py
[2024-05-16T01:35:40.116+0000] {logging_mixin.py:188} INFO - [2024-05-16T01:35:40.116+0000] {dag.py:3047} INFO - Sync 1 DAGs
[2024-05-16T01:35:40.145+0000] {logging_mixin.py:188} INFO - [2024-05-16T01:35:40.145+0000] {dag.py:3834} INFO - Setting next_dagrun for big_data_python_demo to None, run_after=None
[2024-05-16T01:35:40.191+0000] {processor.py:183} INFO - Processing /opt/airflow/dags/python_flow.py took 0.241 seconds
[2024-05-16T01:36:10.343+0000] {processor.py:161} INFO - Started process (PID=4472) to work on /opt/airflow/dags/python_flow.py
[2024-05-16T01:36:10.345+0000] {processor.py:830} INFO - Processing file /opt/airflow/dags/python_flow.py for tasks to queue
[2024-05-16T01:36:10.348+0000] {logging_mixin.py:188} INFO - [2024-05-16T01:36:10.347+0000] {dagbag.py:540} INFO - Filling up the DagBag from /opt/airflow/dags/python_flow.py
[2024-05-16T01:36:10.463+0000] {processor.py:840} INFO - DAG(s) 'big_data_python_demo' retrieved from /opt/airflow/dags/python_flow.py
[2024-05-16T01:36:10.492+0000] {logging_mixin.py:188} INFO - [2024-05-16T01:36:10.491+0000] {dag.py:3047} INFO - Sync 1 DAGs
[2024-05-16T01:36:10.505+0000] {logging_mixin.py:188} INFO - [2024-05-16T01:36:10.505+0000] {dag.py:3834} INFO - Setting next_dagrun for big_data_python_demo to None, run_after=None
[2024-05-16T01:36:10.541+0000] {processor.py:183} INFO - Processing /opt/airflow/dags/python_flow.py took 0.203 seconds
[2024-05-16T01:36:41.650+0000] {processor.py:161} INFO - Started process (PID=4530) to work on /opt/airflow/dags/python_flow.py
[2024-05-16T01:36:41.652+0000] {processor.py:830} INFO - Processing file /opt/airflow/dags/python_flow.py for tasks to queue
[2024-05-16T01:36:41.656+0000] {logging_mixin.py:188} INFO - [2024-05-16T01:36:41.655+0000] {dagbag.py:540} INFO - Filling up the DagBag from /opt/airflow/dags/python_flow.py
[2024-05-16T01:36:41.787+0000] {processor.py:840} INFO - DAG(s) 'big_data_python_demo' retrieved from /opt/airflow/dags/python_flow.py
[2024-05-16T01:36:41.812+0000] {logging_mixin.py:188} INFO - [2024-05-16T01:36:41.812+0000] {dag.py:3047} INFO - Sync 1 DAGs
[2024-05-16T01:36:41.828+0000] {logging_mixin.py:188} INFO - [2024-05-16T01:36:41.827+0000] {dag.py:3834} INFO - Setting next_dagrun for big_data_python_demo to None, run_after=None
[2024-05-16T01:36:41.874+0000] {processor.py:183} INFO - Processing /opt/airflow/dags/python_flow.py took 0.228 seconds
[2024-05-16T01:37:12.356+0000] {processor.py:161} INFO - Started process (PID=4589) to work on /opt/airflow/dags/python_flow.py
[2024-05-16T01:37:12.358+0000] {processor.py:830} INFO - Processing file /opt/airflow/dags/python_flow.py for tasks to queue
[2024-05-16T01:37:12.362+0000] {logging_mixin.py:188} INFO - [2024-05-16T01:37:12.362+0000] {dagbag.py:540} INFO - Filling up the DagBag from /opt/airflow/dags/python_flow.py
[2024-05-16T01:37:12.412+0000] {processor.py:840} INFO - DAG(s) 'big_data_python_demo' retrieved from /opt/airflow/dags/python_flow.py
[2024-05-16T01:37:12.448+0000] {logging_mixin.py:188} INFO - [2024-05-16T01:37:12.448+0000] {dag.py:3047} INFO - Sync 1 DAGs
[2024-05-16T01:37:12.468+0000] {logging_mixin.py:188} INFO - [2024-05-16T01:37:12.468+0000] {dag.py:3834} INFO - Setting next_dagrun for big_data_python_demo to None, run_after=None
[2024-05-16T01:37:12.509+0000] {processor.py:183} INFO - Processing /opt/airflow/dags/python_flow.py took 0.158 seconds
[2024-05-16T01:37:43.349+0000] {processor.py:161} INFO - Started process (PID=4654) to work on /opt/airflow/dags/python_flow.py
[2024-05-16T01:37:43.351+0000] {processor.py:830} INFO - Processing file /opt/airflow/dags/python_flow.py for tasks to queue
[2024-05-16T01:37:43.354+0000] {logging_mixin.py:188} INFO - [2024-05-16T01:37:43.354+0000] {dagbag.py:540} INFO - Filling up the DagBag from /opt/airflow/dags/python_flow.py
[2024-05-16T01:37:43.559+0000] {processor.py:840} INFO - DAG(s) 'big_data_python_demo' retrieved from /opt/airflow/dags/python_flow.py
[2024-05-16T01:37:43.594+0000] {logging_mixin.py:188} INFO - [2024-05-16T01:37:43.594+0000] {dag.py:3047} INFO - Sync 1 DAGs
[2024-05-16T01:37:43.609+0000] {logging_mixin.py:188} INFO - [2024-05-16T01:37:43.609+0000] {dag.py:3834} INFO - Setting next_dagrun for big_data_python_demo to None, run_after=None
[2024-05-16T01:37:43.653+0000] {processor.py:183} INFO - Processing /opt/airflow/dags/python_flow.py took 0.309 seconds
[2024-05-16T01:38:14.600+0000] {processor.py:161} INFO - Started process (PID=4713) to work on /opt/airflow/dags/python_flow.py
[2024-05-16T01:38:14.602+0000] {processor.py:830} INFO - Processing file /opt/airflow/dags/python_flow.py for tasks to queue
[2024-05-16T01:38:14.606+0000] {logging_mixin.py:188} INFO - [2024-05-16T01:38:14.605+0000] {dagbag.py:540} INFO - Filling up the DagBag from /opt/airflow/dags/python_flow.py
[2024-05-16T01:38:14.705+0000] {processor.py:840} INFO - DAG(s) 'big_data_python_demo' retrieved from /opt/airflow/dags/python_flow.py
[2024-05-16T01:38:14.731+0000] {logging_mixin.py:188} INFO - [2024-05-16T01:38:14.730+0000] {dag.py:3047} INFO - Sync 1 DAGs
[2024-05-16T01:38:14.744+0000] {logging_mixin.py:188} INFO - [2024-05-16T01:38:14.744+0000] {dag.py:3834} INFO - Setting next_dagrun for big_data_python_demo to None, run_after=None
[2024-05-16T01:38:14.818+0000] {processor.py:183} INFO - Processing /opt/airflow/dags/python_flow.py took 0.223 seconds
[2024-05-16T01:38:45.271+0000] {processor.py:161} INFO - Started process (PID=4772) to work on /opt/airflow/dags/python_flow.py
[2024-05-16T01:38:45.273+0000] {processor.py:830} INFO - Processing file /opt/airflow/dags/python_flow.py for tasks to queue
[2024-05-16T01:38:45.276+0000] {logging_mixin.py:188} INFO - [2024-05-16T01:38:45.276+0000] {dagbag.py:540} INFO - Filling up the DagBag from /opt/airflow/dags/python_flow.py
[2024-05-16T01:38:45.379+0000] {processor.py:840} INFO - DAG(s) 'big_data_python_demo' retrieved from /opt/airflow/dags/python_flow.py
[2024-05-16T01:38:45.406+0000] {logging_mixin.py:188} INFO - [2024-05-16T01:38:45.406+0000] {dag.py:3047} INFO - Sync 1 DAGs
[2024-05-16T01:38:45.423+0000] {logging_mixin.py:188} INFO - [2024-05-16T01:38:45.423+0000] {dag.py:3834} INFO - Setting next_dagrun for big_data_python_demo to None, run_after=None
[2024-05-16T01:38:45.465+0000] {processor.py:183} INFO - Processing /opt/airflow/dags/python_flow.py took 0.197 seconds
[2024-05-16T01:39:15.888+0000] {processor.py:161} INFO - Started process (PID=4831) to work on /opt/airflow/dags/python_flow.py
[2024-05-16T01:39:15.890+0000] {processor.py:830} INFO - Processing file /opt/airflow/dags/python_flow.py for tasks to queue
[2024-05-16T01:39:15.893+0000] {logging_mixin.py:188} INFO - [2024-05-16T01:39:15.892+0000] {dagbag.py:540} INFO - Filling up the DagBag from /opt/airflow/dags/python_flow.py
[2024-05-16T01:39:15.935+0000] {processor.py:840} INFO - DAG(s) 'big_data_python_demo' retrieved from /opt/airflow/dags/python_flow.py
[2024-05-16T01:39:15.968+0000] {logging_mixin.py:188} INFO - [2024-05-16T01:39:15.968+0000] {dag.py:3047} INFO - Sync 1 DAGs
[2024-05-16T01:39:15.986+0000] {logging_mixin.py:188} INFO - [2024-05-16T01:39:15.985+0000] {dag.py:3834} INFO - Setting next_dagrun for big_data_python_demo to None, run_after=None
[2024-05-16T01:39:16.027+0000] {processor.py:183} INFO - Processing /opt/airflow/dags/python_flow.py took 0.141 seconds
[2024-05-16T01:39:46.629+0000] {processor.py:161} INFO - Started process (PID=4890) to work on /opt/airflow/dags/python_flow.py
[2024-05-16T01:39:46.631+0000] {processor.py:830} INFO - Processing file /opt/airflow/dags/python_flow.py for tasks to queue
[2024-05-16T01:39:46.635+0000] {logging_mixin.py:188} INFO - [2024-05-16T01:39:46.635+0000] {dagbag.py:540} INFO - Filling up the DagBag from /opt/airflow/dags/python_flow.py
[2024-05-16T01:39:46.677+0000] {processor.py:840} INFO - DAG(s) 'big_data_python_demo' retrieved from /opt/airflow/dags/python_flow.py
[2024-05-16T01:39:46.709+0000] {logging_mixin.py:188} INFO - [2024-05-16T01:39:46.708+0000] {dag.py:3047} INFO - Sync 1 DAGs
[2024-05-16T01:39:46.729+0000] {logging_mixin.py:188} INFO - [2024-05-16T01:39:46.728+0000] {dag.py:3834} INFO - Setting next_dagrun for big_data_python_demo to None, run_after=None
[2024-05-16T01:39:46.771+0000] {processor.py:183} INFO - Processing /opt/airflow/dags/python_flow.py took 0.148 seconds
[2024-05-16T01:40:17.189+0000] {processor.py:161} INFO - Started process (PID=4949) to work on /opt/airflow/dags/python_flow.py
[2024-05-16T01:40:17.191+0000] {processor.py:830} INFO - Processing file /opt/airflow/dags/python_flow.py for tasks to queue
[2024-05-16T01:40:17.194+0000] {logging_mixin.py:188} INFO - [2024-05-16T01:40:17.194+0000] {dagbag.py:540} INFO - Filling up the DagBag from /opt/airflow/dags/python_flow.py
[2024-05-16T01:40:17.256+0000] {processor.py:840} INFO - DAG(s) 'big_data_python_demo' retrieved from /opt/airflow/dags/python_flow.py
[2024-05-16T01:40:17.291+0000] {logging_mixin.py:188} INFO - [2024-05-16T01:40:17.291+0000] {dag.py:3047} INFO - Sync 1 DAGs
[2024-05-16T01:40:17.311+0000] {logging_mixin.py:188} INFO - [2024-05-16T01:40:17.310+0000] {dag.py:3834} INFO - Setting next_dagrun for big_data_python_demo to None, run_after=None
[2024-05-16T01:40:17.348+0000] {processor.py:183} INFO - Processing /opt/airflow/dags/python_flow.py took 0.165 seconds
[2024-05-16T01:40:47.726+0000] {processor.py:161} INFO - Started process (PID=5008) to work on /opt/airflow/dags/python_flow.py
[2024-05-16T01:40:47.728+0000] {processor.py:830} INFO - Processing file /opt/airflow/dags/python_flow.py for tasks to queue
[2024-05-16T01:40:47.731+0000] {logging_mixin.py:188} INFO - [2024-05-16T01:40:47.730+0000] {dagbag.py:540} INFO - Filling up the DagBag from /opt/airflow/dags/python_flow.py
[2024-05-16T01:40:47.778+0000] {processor.py:840} INFO - DAG(s) 'big_data_python_demo' retrieved from /opt/airflow/dags/python_flow.py
[2024-05-16T01:40:47.812+0000] {logging_mixin.py:188} INFO - [2024-05-16T01:40:47.811+0000] {dag.py:3047} INFO - Sync 1 DAGs
[2024-05-16T01:40:47.841+0000] {logging_mixin.py:188} INFO - [2024-05-16T01:40:47.841+0000] {dag.py:3834} INFO - Setting next_dagrun for big_data_python_demo to None, run_after=None
[2024-05-16T01:40:47.880+0000] {processor.py:183} INFO - Processing /opt/airflow/dags/python_flow.py took 0.159 seconds
[2024-05-16T01:41:18.142+0000] {processor.py:161} INFO - Started process (PID=5067) to work on /opt/airflow/dags/python_flow.py
[2024-05-16T01:41:18.145+0000] {processor.py:830} INFO - Processing file /opt/airflow/dags/python_flow.py for tasks to queue
[2024-05-16T01:41:18.148+0000] {logging_mixin.py:188} INFO - [2024-05-16T01:41:18.147+0000] {dagbag.py:540} INFO - Filling up the DagBag from /opt/airflow/dags/python_flow.py
[2024-05-16T01:41:18.212+0000] {processor.py:840} INFO - DAG(s) 'big_data_python_demo' retrieved from /opt/airflow/dags/python_flow.py
[2024-05-16T01:41:18.235+0000] {logging_mixin.py:188} INFO - [2024-05-16T01:41:18.234+0000] {dag.py:3047} INFO - Sync 1 DAGs
[2024-05-16T01:41:18.247+0000] {logging_mixin.py:188} INFO - [2024-05-16T01:41:18.247+0000] {dag.py:3834} INFO - Setting next_dagrun for big_data_python_demo to None, run_after=None
[2024-05-16T01:41:18.282+0000] {processor.py:183} INFO - Processing /opt/airflow/dags/python_flow.py took 0.145 seconds
